No '-XX:...' jvm parameters are set. Adding safer GC settings '-XX:ParallelGCThreads=8 -XX:+UseConcMarkSweepGC -XX:CMSInitiatingOccupancyFraction=70 -XX:+CMSParallelRemarkEnabled' to the OZONE_OPTS
OpenJDK 64-Bit Server VM warning: Option UseConcMarkSweepGC was deprecated in version 9.0 and will likely be removed in a future release.
2022-10-24 19:16:46 INFO  StorageContainerManagerStarter:112 - STARTUP_MSG: 
/************************************************************
STARTUP_MSG: Starting StorageContainerManager
STARTUP_MSG:   host = scm-0/10.42.0.35
STARTUP_MSG:   args = []
STARTUP_MSG:   version = 1.3.0-SNAPSHOT
STARTUP_MSG:   classpath = /etc/hadoop:/opt/hadoop/share/ozone/lib/kerb-simplekdc-1.0.1.jar:/opt/hadoop/share/ozone/lib/slf4j-reload4j-1.7.36.jar:/opt/hadoop/share/ozone/lib/protobuf-java-2.5.0.jar:/opt/hadoop/share/ozone/lib/jaxb-core-2.3.0.1.jar:/opt/hadoop/share/ozone/lib/istack-commons-runtime-3.0.5.jar:/opt/hadoop/share/ozone/lib/netty-handler-4.1.79.Final.jar:/opt/hadoop/share/ozone/lib/commons-validator-1.6.jar:/opt/hadoop/share/ozone/lib/bcpkix-jdk15on-1.67.jar:/opt/hadoop/share/ozone/lib/hdds-interface-admin-1.3.0-SNAPSHOT.jar:/opt/hadoop/share/ozone/lib/jetty-security-9.4.43.v20210629.jar:/opt/hadoop/share/ozone/lib/kerb-core-1.0.1.jar:/opt/hadoop/share/ozone/lib/hadoop-shaded-protobuf_3_7-1.1.1.jar:/opt/hadoop/share/ozone/lib/netty-common-4.1.79.Final.jar:/opt/hadoop/share/ozone/lib/ratis-thirdparty-misc-1.0.2.jar:/opt/hadoop/share/ozone/lib/hdds-container-service-1.3.0-SNAPSHOT.jar:/opt/hadoop/share/ozone/lib/jsr305-3.0.0.jar:/opt/hadoop/share/ozone/lib/j2objc-annotations-1.3.jar:/opt/hadoop/share/ozone/lib/picocli-4.6.1.jar:/opt/hadoop/share/ozone/lib/javassist-3.21.0-GA.jar:/opt/hadoop/share/ozone/lib/jaxb-api-2.3.0.jar:/opt/hadoop/share/ozone/lib/kerb-util-1.0.1.jar:/opt/hadoop/share/ozone/lib/ratis-common-2.4.0.jar:/opt/hadoop/share/ozone/lib/hadoop-shaded-guava-1.1.1.jar:/opt/hadoop/share/ozone/lib/kotlin-stdlib-1.6.21.jar:/opt/hadoop/share/ozone/lib/log4j-core-2.17.1.jar:/opt/hadoop/share/ozone/lib/commons-logging-1.2.jar:/opt/hadoop/share/ozone/lib/accessors-smart-2.4.7.jar:/opt/hadoop/share/ozone/lib/kerby-xdr-1.0.1.jar:/opt/hadoop/share/ozone/lib/ratis-metrics-2.4.0.jar:/opt/hadoop/share/ozone/lib/txw2-2.3.0.1.jar:/opt/hadoop/share/ozone/lib/ratis-grpc-2.4.0.jar:/opt/hadoop/share/ozone/lib/httpcore-4.4.13.jar:/opt/hadoop/share/ozone/lib/guava-31.1-jre.jar:/opt/hadoop/share/ozone/lib/opentracing-tracerresolver-0.1.8.jar:/opt/hadoop/share/ozone/lib/commons-net-3.6.jar:/opt/hadoop/share/ozone/lib/netty-transport-4.1.79.Final.jar:/opt/hadoop/share/ozone/lib/hadoop-auth-3.3.4.jar:/opt/hadoop/share/ozone/lib/libthrift-0.14.1.jar:/opt/hadoop/share/ozone/lib/stax-ex-1.7.8.jar:/opt/hadoop/share/ozone/lib/error_prone_annotations-2.2.0.jar:/opt/hadoop/share/ozone/lib/kotlin-stdlib-common-1.4.10.jar:/opt/hadoop/share/ozone/lib/httpclient-4.5.13.jar:/opt/hadoop/share/ozone/lib/jetty-servlet-9.4.43.v20210629.jar:/opt/hadoop/share/ozone/lib/jaeger-client-1.6.0.jar:/opt/hadoop/share/ozone/lib/kerby-config-1.0.1.jar:/opt/hadoop/share/ozone/lib/jackson-annotations-2.13.4.jar:/opt/hadoop/share/ozone/lib/commons-io-2.11.0.jar:/opt/hadoop/share/ozone/lib/metrics-core-3.2.4.jar:/opt/hadoop/share/ozone/lib/hadoop-annotations-3.3.4.jar:/opt/hadoop/share/ozone/lib/kerby-pkix-1.0.1.jar:/opt/hadoop/share/ozone/lib/ratis-proto-2.4.0.jar:/opt/hadoop/share/ozone/lib/json-smart-2.4.7.jar:/opt/hadoop/share/ozone/lib/snakeyaml-1.32.jar:/opt/hadoop/share/ozone/lib/hdds-interface-client-1.3.0-SNAPSHOT.jar:/opt/hadoop/share/ozone/lib/jsr311-api-1.1.1.jar:/opt/hadoop/share/ozone/lib/hdds-annotation-processing-1.3.0-SNAPSHOT.jar:/opt/hadoop/share/ozone/lib/commons-beanutils-1.9.4.jar:/opt/hadoop/share/ozone/lib/jetty-webapp-9.4.43.v20210629.jar:/opt/hadoop/share/ozone/lib/hdds-server-framework-1.3.0-SNAPSHOT.jar:/opt/hadoop/share/ozone/lib/javax.servlet-api-3.1.0.jar:/opt/hadoop/share/ozone/lib/kerb-server-1.0.1.jar:/opt/hadoop/share/ozone/lib/hdds-common-1.3.0-SNAPSHOT.jar:/opt/hadoop/share/ozone/lib/rocksdbjni-7.4.5.jar:/opt/hadoop/share/ozone/lib/kerb-client-1.0.1.jar:/opt/hadoop/share/ozone/lib/hadoop-common-3.3.4.jar:/opt/hadoop/share/ozone/lib/disruptor-3.4.2.jar:/opt/hadoop/share/ozone/lib/reflections-0.9.11.jar:/opt/hadoop/share/ozone/lib/gson-2.9.0.jar:/opt/hadoop/share/ozone/lib/hdds-erasurecode-1.3.0-SNAPSHOT.jar:/opt/hadoop/share/ozone/lib/jetty-io-9.4.43.v20210629.jar:/opt/hadoop/share/ozone/lib/hdds-interface-server-1.3.0-SNAPSHOT.jar:/opt/hadoop/share/ozone/lib/annotations-13.0.jar:/opt/hadoop/share/ozone/lib/jetty-server-9.4.43.v20210629.jar:/opt/hadoop/share/ozone/lib/simpleclient_common-0.7.0.jar:/opt/hadoop/share/ozone/lib/jaeger-thrift-1.6.0.jar:/opt/hadoop/share/ozone/lib/dnsjava-2.1.7.jar:/opt/hadoop/share/ozone/lib/bcprov-jdk15on-1.67.jar:/opt/hadoop/share/ozone/lib/commons-configuration2-2.1.1.jar:/opt/hadoop/share/ozone/lib/token-provider-1.0.1.jar:/opt/hadoop/share/ozone/lib/commons-daemon-1.0.13.jar:/opt/hadoop/share/ozone/lib/listenablefuture-9999.0-empty-to-avoid-conflict-with-guava.jar:/opt/hadoop/share/ozone/lib/netty-buffer-4.1.79.Final.jar:/opt/hadoop/share/ozone/lib/jaeger-tracerresolver-1.6.0.jar:/opt/hadoop/share/ozone/lib/jetty-xml-9.4.43.v20210629.jar:/opt/hadoop/share/ozone/lib/slf4j-api-1.7.36.jar:/opt/hadoop/share/ozone/lib/commons-lang3-3.7.jar:/opt/hadoop/share/ozone/lib/re2j-1.1.jar:/opt/hadoop/share/ozone/lib/jackson-datatype-jsr310-2.13.4.jar:/opt/hadoop/share/ozone/lib/simpleclient_dropwizard-0.7.0.jar:/opt/hadoop/share/ozone/lib/simpleclient-0.7.0.jar:/opt/hadoop/share/ozone/lib/asm-5.0.4.jar:/opt/hadoop/share/ozone/lib/kerby-util-1.0.1.jar:/opt/hadoop/share/ozone/lib/netty-codec-4.1.79.Final.jar:/opt/hadoop/share/ozone/lib/failureaccess-1.0.1.jar:/opt/hadoop/share/ozone/lib/ratis-server-2.4.0.jar:/opt/hadoop/share/ozone/lib/jackson-databind-2.13.4.2.jar:/opt/hadoop/share/ozone/lib/ratis-server-api-2.4.0.jar:/opt/hadoop/share/ozone/lib/okio-2.8.0.jar:/opt/hadoop/share/ozone/lib/hdds-config-1.3.0-SNAPSHOT.jar:/opt/hadoop/share/ozone/lib/jsp-api-2.1.jar:/opt/hadoop/share/ozone/lib/jsch-0.1.54.jar:/opt/hadoop/share/ozone/lib/jetty-http-9.4.43.v20210629.jar:/opt/hadoop/share/ozone/lib/jakarta.activation-api-1.2.1.jar:/opt/hadoop/share/ozone/lib/reload4j-1.2.22.jar:/opt/hadoop/share/ozone/lib/nimbus-jose-jwt-7.9.jar:/opt/hadoop/share/ozone/lib/commons-codec-1.11.jar:/opt/hadoop/share/ozone/lib/commons-pool2-2.6.0.jar:/opt/hadoop/share/ozone/lib/netty-resolver-4.1.79.Final.jar:/opt/hadoop/share/ozone/lib/jetty-util-9.4.43.v20210629.jar:/opt/hadoop/share/ozone/lib/opentracing-api-0.33.0.jar:/opt/hadoop/share/ozone/lib/jetty-util-ajax-9.4.43.v20210629.jar:/opt/hadoop/share/ozone/lib/jcip-annotations-1.0-1.jar:/opt/hadoop/share/ozone/lib/kerb-admin-1.0.1.jar:/opt/hadoop/share/ozone/lib/opentracing-noop-0.33.0.jar:/opt/hadoop/share/ozone/lib/netty-transport-native-unix-common-4.1.79.Final.jar:/opt/hadoop/share/ozone/lib/hadoop-hdfs-client-3.3.4.jar:/opt/hadoop/share/ozone/lib/jersey-core-1.19.jar:/opt/hadoop/share/ozone/lib/commons-compress-1.21.jar:/opt/hadoop/share/ozone/lib/jaxb-runtime-2.3.0.1.jar:/opt/hadoop/share/ozone/lib/hadoop-hdfs-3.3.4.jar:/opt/hadoop/share/ozone/lib/jackson-core-2.13.4.jar:/opt/hadoop/share/ozone/lib/opentracing-util-0.33.0.jar:/opt/hadoop/share/ozone/lib/ratis-client-2.4.0.jar:/opt/hadoop/share/ozone/lib/hdds-client-1.3.0-SNAPSHOT.jar:/opt/hadoop/share/ozone/lib/hdds-hadoop-dependency-client-1.3.0-SNAPSHOT.jar:/opt/hadoop/share/ozone/lib/snappy-java-1.1.8.2.jar:/opt/hadoop/share/ozone/lib/commons-cli-1.2.jar:/opt/hadoop/share/ozone/lib/log4j-api-2.17.1.jar:/opt/hadoop/share/ozone/lib/woodstox-core-5.0.3.jar:/opt/hadoop/share/ozone/lib/javax.annotation-api-1.2.jar:/opt/hadoop/share/ozone/lib/kerby-asn1-1.0.1.jar:/opt/hadoop/share/ozone/lib/okhttp-4.9.3.jar:/opt/hadoop/share/ozone/lib/checker-qual-3.12.0.jar:/opt/hadoop/share/ozone/lib/stax2-api-3.1.4.jar:/opt/hadoop/share/ozone/lib/commons-digester-1.8.1.jar:/opt/hadoop/share/ozone/lib/commons-collections-3.2.2.jar:/opt/hadoop/share/ozone/lib/jaeger-core-1.6.0.jar:/opt/hadoop/share/ozone/lib/commons-text-1.4.jar:/opt/hadoop/share/ozone/lib/jersey-servlet-1.19.jar:/opt/hadoop/share/ozone/lib/kerb-identity-1.0.1.jar:/opt/hadoop/share/ozone/lib/ratis-netty-2.4.0.jar:/opt/hadoop/share/ozone/lib/FastInfoset-1.2.13.jar:/opt/hadoop/share/ozone/lib/kerb-common-1.0.1.jar:/opt/hadoop/share/ozone/lib/jersey-server-1.19.jar:/opt/hadoop/share/ozone/lib/hdds-hadoop-dependency-server-1.3.0-SNAPSHOT.jar:/opt/hadoop/share/ozone/lib/kerb-crypto-1.0.1.jar:/opt/hadoop/share/ozone/web:/opt/hadoop/share/ozone/lib/hdds-server-scm-1.3.0-SNAPSHOT.jar
STARTUP_MSG:   build = https://github.com/apache/ozone/df0d1e81e3d5298ea30c8b37a939c2a9b0f8ae2d ; compiled by 'runner' on 2022-10-24T18:40Z
STARTUP_MSG:   java = 11.0.14.1
************************************************************/
2022-10-24 19:16:46 INFO  StorageContainerManagerStarter:90 - registered UNIX signal handlers for [TERM, HUP, INT]
2022-10-24 19:16:46 WARN  ServerUtils:148 - ozone.scm.db.dirs is not configured. We recommend adding this setting. Falling back to ozone.metadata.dirs instead.
2022-10-24 19:16:46 INFO  SCMHANodeDetails:209 - ServiceID for StorageContainerManager is null
2022-10-24 19:16:47 INFO  SCMHANodeDetails:214 - ozone.scm.default.service.id is not defined, falling back to ozone.scm.service.ids to find serviceID for StorageContainerManager if it is HA enabled cluster
2022-10-24 19:16:49 WARN  HAUtils:342 - ozone.scm.db.dirs is not configured. We recommend adding this setting. Falling back to ozone.metadata.dirs instead.
2022-10-24 19:16:49 WARN  DBStoreBuilder:144 - ozone.scm.db.dirs is not configured. We recommend adding this setting. Falling back to ozone.metadata.dirs instead.
2022-10-24 19:16:51 INFO  NodeSchemaLoader:129 - Loading schema from [file:/etc/hadoop/network-topology-default.xml, jar:file:/opt/hadoop/share/ozone/lib/hdds-common-1.3.0-SNAPSHOT.jar!/network-topology-default.xml]
2022-10-24 19:16:51 INFO  NodeSchemaLoader:176 - Loading network topology layer schema file
2022-10-24 19:16:51 INFO  MetricRegistries:64 - Loaded MetricRegistries class org.apache.ratis.metrics.impl.MetricRegistriesImpl
2022-10-24 19:16:51 INFO  SCMRatisServerImpl:87 - starting Raft server for scm:c3cdcf77-ce50-45db-b8c2-f1e612838a3d
2022-10-24 19:16:51 INFO  RaftServer:46 - raft.rpc.type = GRPC (default)
2022-10-24 19:16:51 INFO  GrpcConfigKeys:53 - raft.grpc.admin.host = null (fallback to raft.grpc.server.host)
2022-10-24 19:16:51 INFO  GrpcConfigKeys:53 - raft.grpc.admin.port = 9894 (fallback to raft.grpc.server.port)
2022-10-24 19:16:51 INFO  GrpcConfigKeys:53 - raft.grpc.client.host = null (fallback to raft.grpc.server.host)
2022-10-24 19:16:51 INFO  GrpcConfigKeys:53 - raft.grpc.client.port = 9894 (fallback to raft.grpc.server.port)
2022-10-24 19:16:51 INFO  GrpcConfigKeys:46 - raft.grpc.server.host = null (default)
2022-10-24 19:16:51 INFO  GrpcConfigKeys:46 - raft.grpc.server.port = 9894 (custom)
2022-10-24 19:16:51 INFO  GrpcService:46 - raft.grpc.message.size.max = 32m (=33554432) (custom)
2022-10-24 19:16:51 INFO  RaftServerConfigKeys:46 - raft.server.log.appender.buffer.byte-limit = 33554432 (custom)
2022-10-24 19:16:51 INFO  GrpcService:46 - raft.grpc.flow.control.window = 1MB (=1048576) (default)
2022-10-24 19:16:51 INFO  RaftServerConfigKeys:46 - raft.server.rpc.request.timeout = 30000ms (custom)
2022-10-24 19:16:51 INFO  GrpcConfigKeys:46 - raft.grpc.server.heartbeat.channel = true (default)
2022-10-24 19:16:51 INFO  GrpcConfigKeys:46 - raft.grpc.server.async.request.thread.pool.cached = true (default)
2022-10-24 19:16:51 INFO  GrpcConfigKeys:46 - raft.grpc.server.async.request.thread.pool.size = 32 (default)
2022-10-24 19:16:52 INFO  DataStreamServerImpl:46 - raft.datastream.type = DISABLED (default)
2022-10-24 19:16:52 INFO  RaftServerConfigKeys:46 - raft.server.threadpool.proxy.cached = true (default)
2022-10-24 19:16:52 INFO  RaftServerConfigKeys:46 - raft.server.threadpool.proxy.size = 0 (default)
2022-10-24 19:16:52 INFO  RaftServerConfigKeys:46 - raft.server.rpc.slowness.timeout = 120000ms (custom)
2022-10-24 19:16:52 INFO  RaftServerConfigKeys:46 - raft.server.leaderelection.leader.step-down.wait-time = 10s (default)
2022-10-24 19:16:52 INFO  RaftServerConfigKeys:46 - raft.server.storage.dir = [/data/metadata/scm-ha] (custom)
2022-10-24 19:16:52 INFO  RaftServer:251 - c3cdcf77-ce50-45db-b8c2-f1e612838a3d: found a subdirectory /data/metadata/scm-ha/7767a61b-f839-41c6-9e14-b59ad38763d6
2022-10-24 19:16:52 INFO  RaftServer:96 - c3cdcf77-ce50-45db-b8c2-f1e612838a3d: addNew group-B59AD38763D6:[] returns group-B59AD38763D6:java.util.concurrent.CompletableFuture@77bd7fe7[Not completed]
2022-10-24 19:16:52 INFO  RaftServer$Division:195 - c3cdcf77-ce50-45db-b8c2-f1e612838a3d: new RaftServerImpl for group-B59AD38763D6:[] with SCMStateMachine:uninitialized
2022-10-24 19:16:52 INFO  RaftServerConfigKeys:46 - raft.server.rpc.timeout.min = 5000ms (custom)
2022-10-24 19:16:52 INFO  RaftServerConfigKeys:46 - raft.server.rpc.timeout.max = 5200ms (custom)
2022-10-24 19:16:52 INFO  RaftServerConfigKeys:46 - raft.server.rpc.sleep.time = 25ms (default)
2022-10-24 19:16:52 INFO  RaftServerConfigKeys:46 - raft.server.rpc.slowness.timeout = 120000ms (custom)
2022-10-24 19:16:52 INFO  RaftServerConfigKeys:46 - raft.server.leaderelection.leader.step-down.wait-time = 10s (default)
2022-10-24 19:16:52 INFO  RaftServerConfigKeys:46 - raft.server.sleep.deviation.threshold = 300ms (default)
2022-10-24 19:16:52 INFO  RaftServer$Division:118 - c3cdcf77-ce50-45db-b8c2-f1e612838a3d@group-B59AD38763D6: ConfigurationManager, init=-1: peers:[]|listeners:[], old=null, confs=<EMPTY_MAP>
2022-10-24 19:16:52 INFO  RaftServerConfigKeys:46 - raft.server.storage.dir = [/data/metadata/scm-ha] (custom)
2022-10-24 19:16:52 INFO  RaftServerConfigKeys:46 - raft.server.log.corruption.policy = EXCEPTION (default)
2022-10-24 19:16:52 INFO  RaftServerConfigKeys:46 - raft.server.storage.free-space.min = 0MB (=0) (default)
2022-10-24 19:16:52 INFO  RaftServerConfigKeys:46 - raft.server.notification.no-leader.timeout = 60s (default)
2022-10-24 19:16:52 INFO  RaftServerConfigKeys:46 - raft.server.retrycache.expirytime = 60000ms (default)
2022-10-24 19:16:52 INFO  RaftServerConfigKeys:46 - raft.server.retrycache.statistics.expirytime = 100?s (default)
2022-10-24 19:16:53 INFO  RaftServerConfigKeys:46 - raft.server.log.appender.install.snapshot.enabled = false (custom)
2022-10-24 19:16:53 INFO  RaftServerConfigKeys:46 - raft.server.threadpool.server.cached = true (default)
2022-10-24 19:16:53 INFO  RaftServerConfigKeys:46 - raft.server.threadpool.server.size = 0 (default)
2022-10-24 19:16:53 INFO  RaftServerConfigKeys:46 - raft.server.threadpool.client.cached = true (default)
2022-10-24 19:16:53 INFO  RaftServerConfigKeys:46 - raft.server.threadpool.client.size = 0 (default)
2022-10-24 19:16:53 INFO  SCMSnapshotProvider:66 - Initializing SCM Snapshot Provider
2022-10-24 19:16:53 WARN  ServerUtils:237 - Storage directory for Ratis is not configured. It is a good idea to map this to an SSD disk. Falling back to ozone.metadata.dirs
2022-10-24 19:16:53 WARN  SCMHAUtils:153 - SCM snapshot dir is not configured. Falling back to ozone.metadata.dirs config
2022-10-24 19:16:53 INFO  AbstractLayoutVersionManager:83 - Initializing Layout version manager with metadata layout = DATANODE_SCHEMA_V3 (version = 4), software layout = DATANODE_SCHEMA_V3 (version = 4)
2022-10-24 19:16:53 INFO  Reflections:232 - Reflections took 337 ms to scan 3 urls, producing 112 keys and 254 values 
2022-10-24 19:16:53 INFO  SequenceIdGenerator:349 - upgrade localId to 109611004723200000
2022-10-24 19:16:53 INFO  SequenceIdGenerator:359 - upgrade delTxnId to 0
2022-10-24 19:16:53 INFO  SequenceIdGenerator:376 - upgrade containerId to 0
2022-10-24 19:16:53 INFO  SequenceIdGenerator:220 - Init the HA SequenceIdGenerator.
2022-10-24 19:16:53 INFO  SCMNodeManager:149 - Entering startup safe mode.
2022-10-24 19:16:53 INFO  ContainerPlacementPolicyFactory:86 - Create container placement policy of type org.apache.hadoop.hdds.scm.container.placement.algorithms.SCMContainerPlacementRandom
2022-10-24 19:16:53 INFO  ContainerPlacementPolicyFactory:86 - Create container placement policy of type org.apache.hadoop.hdds.scm.container.placement.algorithms.SCMContainerPlacementRackScatter
2022-10-24 19:16:53 INFO  PipelineStateManagerImpl:78 - No pipeline exists in current db
2022-10-24 19:16:54 INFO  LeaderChoosePolicyFactory:57 - Create leader choose policy of type org.apache.hadoop.hdds.scm.pipeline.leader.choose.algorithms.MinLeaderCountChoosePolicy
2022-10-24 19:16:54 INFO  ContainerPlacementPolicyFactory:86 - Create container placement policy of type org.apache.hadoop.hdds.scm.container.placement.algorithms.SCMContainerPlacementRackScatter
2022-10-24 19:16:54 INFO  SCMServiceManager:42 - Registering service BackgroundPipelineCreator.
2022-10-24 19:16:54 INFO  BackgroundPipelineCreator:124 - Starting RatisPipelineUtilsThread.
2022-10-24 19:16:54 INFO  BackgroundPipelineScrubber:68 - Starting BackgroundPipelineScrubber Service.
2022-10-24 19:16:54 INFO  SCMServiceManager:42 - Registering service BackgroundPipelineScrubber.
2022-10-24 19:16:54 INFO  ExpiredContainerReplicaOpScrubber:68 - Starting ExpiredContainerReplicaOpScrubber Service.
2022-10-24 19:16:54 INFO  SCMServiceManager:42 - Registering service ExpiredContainerReplicaOpScrubber.
2022-10-24 19:16:54 INFO  PipelineChoosePolicyFactory:73 - Create pipeline choose policy of type org.apache.hadoop.hdds.scm.pipeline.choose.algorithms.RandomPipelineChoosePolicy
2022-10-24 19:16:54 INFO  SCMServiceManager:42 - Registering service SCMBlockDeletingService.
2022-10-24 19:16:54 INFO  ReplicationManager:234 - Starting Replication Monitor Thread.
2022-10-24 19:16:54 INFO  SCMServiceManager:42 - Registering service ReplicationManager.
2022-10-24 19:16:54 INFO  ReplicationManager:302 - Replication Manager is not ready to run until 300000ms after safemode exit
2022-10-24 19:16:54 INFO  ContainerSafeModeRule:89 - containers with one replica threshold count 0
2022-10-24 19:16:54 INFO  HealthyPipelineSafeModeRule:169 - Total pipeline count is 0, healthy pipeline threshold count is 1
2022-10-24 19:16:54 INFO  OneReplicaPipelineSafeModeRule:180 - Total pipeline count is 0, pipeline's with at least one datanode reported threshold count is 0
2022-10-24 19:16:54 WARN  NativeCodeLoader:60 - Unable to load native-hadoop library for your platform... using builtin-java classes where applicable
2022-10-24 19:16:55 INFO  AuditLogger:126 - Refresh DebugCmdSet for SCMAudit to [].
2022-10-24 19:16:55 INFO  CallQueueManager:90 - Using callQueue: class java.util.concurrent.LinkedBlockingQueue, queueCapacity: 10000, scheduler: class org.apache.hadoop.ipc.DefaultRpcScheduler, ipcBackoff: false.
2022-10-24 19:16:55 INFO  Server:1273 - Starting Socket Reader #1 for port 9861
2022-10-24 19:16:55 INFO  AuditLogger:126 - Refresh DebugCmdSet for SCMAudit to [].
2022-10-24 19:16:55 INFO  CallQueueManager:90 - Using callQueue: class java.util.concurrent.LinkedBlockingQueue, queueCapacity: 10000, scheduler: class org.apache.hadoop.ipc.DefaultRpcScheduler, ipcBackoff: false.
2022-10-24 19:16:55 INFO  Server:1273 - Starting Socket Reader #1 for port 9863
2022-10-24 19:16:55 INFO  AuditLogger:126 - Refresh DebugCmdSet for SCMAudit to [].
2022-10-24 19:16:55 INFO  CallQueueManager:90 - Using callQueue: class java.util.concurrent.LinkedBlockingQueue, queueCapacity: 10000, scheduler: class org.apache.hadoop.ipc.DefaultRpcScheduler, ipcBackoff: false.
2022-10-24 19:16:55 INFO  Server:1273 - Starting Socket Reader #1 for port 9860
2022-10-24 19:16:55 INFO  SCMServiceManager:42 - Registering service ContainerBalancer.
2022-10-24 19:16:55 INFO  StorageContainerManager:410 - 
Container Balancer status:
Key                            Value
Running                        true
Container Balancer Configuration values:
Key                                                Value
Threshold                                          10
Max Datanodes to Involve per Iteration(percent)    20
Max Size to Move per Iteration                     500GB
Max Size Entering Target per Iteration             26GB
Max Size Leaving Source per Iteration              26GB

2022-10-24 19:16:55 WARN  EventQueue:216 - No event handler registered for event TypedEvent{payloadType=SafeModeStatus, name='Safe mode status'}
2022-10-24 19:16:55 INFO  SCMContext:228 - Update SafeModeStatus from SafeModeStatus{safeModeStatus=true, preCheckPassed=false} to SafeModeStatus{safeModeStatus=true, preCheckPassed=false}.
2022-10-24 19:16:55 INFO  StorageContainerManager:1439 - StorageContainerLocationProtocol RPC server is listening at /0.0.0.0:9860
2022-10-24 19:16:55 INFO  SCMRatisServerImpl:178 - starting ratis server 0.0.0.0:9894
2022-10-24 19:16:55 INFO  RaftStorageDirectory:231 - Lock on /data/metadata/scm-ha/7767a61b-f839-41c6-9e14-b59ad38763d6/in_use.lock acquired by nodename 6@scm-0
2022-10-24 19:16:55 INFO  RaftStorage:117 - Read RaftStorageMetadata{term=1, votedFor=c3cdcf77-ce50-45db-b8c2-f1e612838a3d} from /data/metadata/scm-ha/7767a61b-f839-41c6-9e14-b59ad38763d6/current/raft-meta
2022-10-24 19:16:56 INFO  RaftServer$Division:430 - c3cdcf77-ce50-45db-b8c2-f1e612838a3d@group-B59AD38763D6: set configuration 0: peers:[c3cdcf77-ce50-45db-b8c2-f1e612838a3d|rpc:scm-0:9894|admin:|client:|dataStream:|priority:0|startupRole:FOLLOWER]|listeners:[], old=null
2022-10-24 19:16:56 INFO  RaftServerConfigKeys:46 - raft.server.log.use.memory = false (default)
2022-10-24 19:16:56 INFO  RaftServerConfigKeys:46 - raft.server.log.purge.gap = 1000000 (custom)
2022-10-24 19:16:56 INFO  RaftServerConfigKeys:46 - raft.server.log.appender.buffer.byte-limit = 33554432 (custom)
2022-10-24 19:16:56 INFO  RaftServerConfigKeys:46 - raft.server.log.statemachine.data.read.timeout = 1000ms (default)
2022-10-24 19:16:56 INFO  RaftServerConfigKeys:46 - raft.server.log.purge.preservation.log.num = 0 (default)
2022-10-24 19:16:56 INFO  RaftServerConfigKeys:46 - raft.server.log.segment.size.max = 4194304 (custom)
2022-10-24 19:16:56 INFO  RaftServerConfigKeys:46 - raft.server.log.segment.cache.num.max = 2 (custom)
2022-10-24 19:16:56 INFO  RaftServerConfigKeys:46 - raft.server.log.segment.cache.size.max = 200MB (=209715200) (default)
2022-10-24 19:16:56 INFO  SegmentedRaftLogWorker:191 - new c3cdcf77-ce50-45db-b8c2-f1e612838a3d@group-B59AD38763D6-SegmentedRaftLogWorker for RaftStorageImpl:Storage Directory /data/metadata/scm-ha/7767a61b-f839-41c6-9e14-b59ad38763d6
2022-10-24 19:16:56 INFO  RaftServerConfigKeys:46 - raft.server.log.queue.byte-limit = 64MB (=67108864) (default)
2022-10-24 19:16:56 INFO  RaftServerConfigKeys:46 - raft.server.log.queue.element-limit = 4096 (default)
2022-10-24 19:16:56 INFO  RaftServerConfigKeys:46 - raft.server.log.segment.size.max = 4194304 (custom)
2022-10-24 19:16:56 INFO  RaftServerConfigKeys:46 - raft.server.log.preallocated.size = 4194304 (custom)
2022-10-24 19:16:56 INFO  RaftServerConfigKeys:46 - raft.server.log.force.sync.num = 128 (default)
2022-10-24 19:16:56 INFO  RaftServerConfigKeys:46 - raft.server.log.statemachine.data.sync = true (default)
2022-10-24 19:16:56 INFO  RaftServerConfigKeys:46 - raft.server.log.statemachine.data.sync.timeout = 10s (default)
2022-10-24 19:16:56 INFO  RaftServerConfigKeys:46 - raft.server.log.statemachine.data.sync.timeout.retry = -1 (default)
2022-10-24 19:16:56 INFO  RaftServerConfigKeys:46 - raft.server.log.write.buffer.size = 64KB (=65536) (default)
2022-10-24 19:16:56 INFO  RaftServerConfigKeys:46 - raft.server.log.unsafe-flush.enabled = false (default)
2022-10-24 19:16:56 INFO  RaftServerConfigKeys:46 - raft.server.log.async-flush.enabled = false (default)
2022-10-24 19:16:56 INFO  RaftServerConfigKeys:46 - raft.server.log.statemachine.data.caching.enabled = false (default)
2022-10-24 19:16:56 INFO  RaftServer$Division:430 - c3cdcf77-ce50-45db-b8c2-f1e612838a3d@group-B59AD38763D6: set configuration 0: peers:[c3cdcf77-ce50-45db-b8c2-f1e612838a3d|rpc:scm-0:9894|admin:|client:|dataStream:|priority:0|startupRole:FOLLOWER]|listeners:[], old=null
2022-10-24 19:16:56 INFO  LogSegment:173 - Successfully read 1 entries from segment file /data/metadata/scm-ha/7767a61b-f839-41c6-9e14-b59ad38763d6/current/log_inprogress_0
2022-10-24 19:16:56 INFO  SegmentedRaftLogWorker:136 - c3cdcf77-ce50-45db-b8c2-f1e612838a3d@group-B59AD38763D6-SegmentedRaftLogWorker: flushIndex: setUnconditionally 0 -> 0
2022-10-24 19:16:56 INFO  SegmentedRaftLogWorker:136 - c3cdcf77-ce50-45db-b8c2-f1e612838a3d@group-B59AD38763D6-SegmentedRaftLogWorker: safeCacheEvictIndex: setUnconditionally 0 -> -1
2022-10-24 19:16:56 INFO  RaftServer$Division:334 - c3cdcf77-ce50-45db-b8c2-f1e612838a3d@group-B59AD38763D6: start as a follower, conf=0: peers:[c3cdcf77-ce50-45db-b8c2-f1e612838a3d|rpc:scm-0:9894|admin:|client:|dataStream:|priority:0|startupRole:FOLLOWER]|listeners:[], old=null
2022-10-24 19:16:56 INFO  RaftServer$Division:321 - c3cdcf77-ce50-45db-b8c2-f1e612838a3d@group-B59AD38763D6: changes role from      null to FOLLOWER at term 1 for startAsFollower
2022-10-24 19:16:56 INFO  RoleInfo:139 - c3cdcf77-ce50-45db-b8c2-f1e612838a3d: start c3cdcf77-ce50-45db-b8c2-f1e612838a3d@group-B59AD38763D6-FollowerState
2022-10-24 19:16:56 INFO  JmxRegister:44 - Successfully registered JMX Bean with object name Ratis:service=RaftServer,group=group-B59AD38763D6,id=c3cdcf77-ce50-45db-b8c2-f1e612838a3d
2022-10-24 19:16:56 INFO  RaftServerConfigKeys:46 - raft.server.snapshot.auto.trigger.enabled = true (custom)
2022-10-24 19:16:56 INFO  RaftServerConfigKeys:46 - raft.server.snapshot.auto.trigger.threshold = 1000 (custom)
2022-10-24 19:16:56 INFO  RaftServerConfigKeys:46 - raft.server.snapshot.retention.file.num = -1 (default)
2022-10-24 19:16:56 INFO  RaftServerConfigKeys:46 - raft.server.log.purge.upto.snapshot.index = false (default)
2022-10-24 19:16:56 INFO  RaftServerConfigKeys:53 - raft.server.rpc.first-election.timeout.min = 5000ms (fallback to raft.server.rpc.timeout.min)
2022-10-24 19:16:56 INFO  RaftServerConfigKeys:53 - raft.server.rpc.first-election.timeout.max = 5200ms (fallback to raft.server.rpc.timeout.max)
2022-10-24 19:16:56 INFO  RaftServer:393 - c3cdcf77-ce50-45db-b8c2-f1e612838a3d: start RPC server
2022-10-24 19:16:56 INFO  GrpcService:270 - c3cdcf77-ce50-45db-b8c2-f1e612838a3d: GrpcService started, listening on 9894
2022-10-24 19:16:56 INFO  JvmPauseMonitor:105 - JvmPauseMonitor-c3cdcf77-ce50-45db-b8c2-f1e612838a3d: Started
2022-10-24 19:16:56 INFO  SCMHAManagerImpl:121 -  scm role is FOLLOWER peers [c3cdcf77-ce50-45db-b8c2-f1e612838a3d|rpc:scm-0:9894|admin:|client:|dataStream:|priority:0|startupRole:FOLLOWER]
2022-10-24 19:16:56 INFO  InterSCMGrpcService:94 - Starting SCM Grpc Service at port 9895
2022-10-24 19:16:56 INFO  MetricsConfig:120 - Loaded properties from hadoop-metrics2.properties
2022-10-24 19:16:56 INFO  MetricsSystemImpl:378 - Scheduled Metric snapshot period at 10 second(s).
2022-10-24 19:16:56 INFO  MetricsSystemImpl:191 - StorageContainerManager metrics system started
2022-10-24 19:16:56 INFO  SCMClientProtocolServer:170 - RPC server for Client  is listening at /0.0.0.0:9860
2022-10-24 19:16:56 INFO  Server:1512 - IPC Server Responder: starting
2022-10-24 19:16:56 INFO  Server:1352 - IPC Server listener on 9860: starting
2022-10-24 19:16:57 INFO  StorageContainerManager:1454 - ScmBlockLocationProtocol RPC server is listening at /0.0.0.0:9863
2022-10-24 19:16:57 INFO  SCMBlockProtocolServer:152 - RPC server for Block Protocol is listening at /0.0.0.0:9863
2022-10-24 19:16:57 INFO  Server:1512 - IPC Server Responder: starting
2022-10-24 19:16:57 INFO  Server:1352 - IPC Server listener on 9863: starting
2022-10-24 19:16:57 INFO  JvmPauseMonitor:188 - Starting JVM pause monitor
2022-10-24 19:16:57 INFO  BaseHttpServer:213 - Starting Web-server for scm at: http://0.0.0.0:9876
2022-10-24 19:16:57 INFO  BaseHttpServer:108 - Hadoop Security Enabled: false Ozone Security Enabled: false Ozone HTTP Security Enabled: false 
2022-10-24 19:16:57 INFO  log:170 - Logging initialized @15561ms to org.eclipse.jetty.util.log.Slf4jLog
2022-10-24 19:16:57 WARN  AuthenticationFilter:240 - Unable to initialize FileSignerSecretProvider, falling back to use random secrets. Reason: Could not read signature secret file: /opt/hadoop/hadoop-http-auth-signature-secret
2022-10-24 19:16:57 INFO  HttpRequestLog:86 - Http request log for http.requests.scm is not defined
2022-10-24 19:16:57 INFO  HttpServer2:1031 - Added global filter 'safety' (class=org.apache.hadoop.hdds.server.http.HttpServer2$QuotingInputFilter)
2022-10-24 19:16:57 INFO  HttpServer2:1007 - Added filter static_user_filter (class=org.apache.hadoop.http.lib.StaticUserWebFilter$StaticUserFilter) to context scm
2022-10-24 19:16:57 INFO  HttpServer2:1015 - Added filter static_user_filter (class=org.apache.hadoop.http.lib.StaticUserWebFilter$StaticUserFilter) to context static
2022-10-24 19:16:57 INFO  HttpServer2:1015 - Added filter static_user_filter (class=org.apache.hadoop.http.lib.StaticUserWebFilter$StaticUserFilter) to context logs
2022-10-24 19:16:57 INFO  HttpServer2:1250 - Jetty bound to port 9876
2022-10-24 19:16:57 INFO  Server:375 - jetty-9.4.43.v20210629; built: 2021-06-30T11:07:22.254Z; git: 526006ecfa3af7f1a27ef3a288e2bef7ea9dd7e8; jvm 11.0.14.1+1-LTS
2022-10-24 19:16:57 INFO  session:334 - DefaultSessionIdManager workerName=node0
2022-10-24 19:16:57 INFO  session:339 - No SessionScavenger set, using defaults
2022-10-24 19:16:57 INFO  session:132 - node0 Scavenging every 600000ms
2022-10-24 19:16:57 INFO  ContextHandler:915 - Started o.e.j.s.ServletContextHandler@6c8f4bc7{logs,/logs,file:///var/log/hadoop/,AVAILABLE}
2022-10-24 19:16:57 INFO  ContextHandler:915 - Started o.e.j.s.ServletContextHandler@1132baa3{static,/static,jar:file:/opt/hadoop/share/ozone/lib/hdds-server-scm-1.3.0-SNAPSHOT.jar!/webapps/static,AVAILABLE}
2022-10-24 19:16:57 INFO  ContextHandler:915 - Started o.e.j.w.WebAppContext@3d512652{scm,/,file:///tmp/jetty-0_0_0_0-9876-hdds-server-scm-1_3_0-SNAPSHOT_jar-_-any-13158663597614260002/webapp/,AVAILABLE}{jar:file:/opt/hadoop/share/ozone/lib/hdds-server-scm-1.3.0-SNAPSHOT.jar!/webapps/scm}
2022-10-24 19:16:57 INFO  AbstractConnector:331 - Started ServerConnector@19eea77c{HTTP/1.1, (http/1.1)}{0.0.0.0:9876}
2022-10-24 19:16:57 INFO  Server:415 - Started @15886ms
2022-10-24 19:16:57 INFO  MetricsSinkAdapter:204 - Sink prometheus started
2022-10-24 19:16:57 INFO  MetricsSystemImpl:305 - Registered sink prometheus
2022-10-24 19:16:57 INFO  BaseHttpServer:333 - HTTP server of scm listening at http://0.0.0.0:9876
2022-10-24 19:17:01 INFO  FollowerState:143 - c3cdcf77-ce50-45db-b8c2-f1e612838a3d@group-B59AD38763D6-FollowerState: change to CANDIDATE, lastRpcElapsedTime:5069400742ns, electionTimeout:5048ms
2022-10-24 19:17:01 INFO  RoleInfo:110 - c3cdcf77-ce50-45db-b8c2-f1e612838a3d: shutdown c3cdcf77-ce50-45db-b8c2-f1e612838a3d@group-B59AD38763D6-FollowerState
2022-10-24 19:17:01 INFO  RaftServer$Division:321 - c3cdcf77-ce50-45db-b8c2-f1e612838a3d@group-B59AD38763D6: changes role from  FOLLOWER to CANDIDATE at term 1 for changeToCandidate
2022-10-24 19:17:01 INFO  RaftServerConfigKeys:46 - raft.server.leaderelection.pre-vote = false (custom)
2022-10-24 19:17:01 INFO  RoleInfo:139 - c3cdcf77-ce50-45db-b8c2-f1e612838a3d: start c3cdcf77-ce50-45db-b8c2-f1e612838a3d@group-B59AD38763D6-LeaderElection1
2022-10-24 19:17:01 INFO  LeaderElection:312 - c3cdcf77-ce50-45db-b8c2-f1e612838a3d@group-B59AD38763D6-LeaderElection1 ELECTION round 0: submit vote requests at term 2 for 0: peers:[c3cdcf77-ce50-45db-b8c2-f1e612838a3d|rpc:scm-0:9894|admin:|client:|dataStream:|priority:0|startupRole:FOLLOWER]|listeners:[], old=null
2022-10-24 19:17:01 INFO  LeaderElection:314 - c3cdcf77-ce50-45db-b8c2-f1e612838a3d@group-B59AD38763D6-LeaderElection1 ELECTION round 0: result PASSED (term=2)
2022-10-24 19:17:01 INFO  RoleInfo:130 - c3cdcf77-ce50-45db-b8c2-f1e612838a3d: shutdown c3cdcf77-ce50-45db-b8c2-f1e612838a3d@group-B59AD38763D6-LeaderElection1
2022-10-24 19:17:01 INFO  RaftServer$Division:321 - c3cdcf77-ce50-45db-b8c2-f1e612838a3d@group-B59AD38763D6: changes role from CANDIDATE to LEADER at term 2 for changeToLeader
2022-10-24 19:17:01 INFO  SCMStateMachine:259 - current SCM becomes leader of term 2.
2022-10-24 19:17:01 INFO  SCMContext:99 - update <isLeader,term> from <false,0> to <true,2>
2022-10-24 19:17:01 INFO  RaftServer$Division:313 - c3cdcf77-ce50-45db-b8c2-f1e612838a3d@group-B59AD38763D6: change Leader from null to c3cdcf77-ce50-45db-b8c2-f1e612838a3d at term 2 for becomeLeader, leader elected after 8604ms
2022-10-24 19:17:01 INFO  RaftServerConfigKeys:46 - raft.server.staging.catchup.gap = 1000 (default)
2022-10-24 19:17:01 INFO  RaftServerConfigKeys:46 - raft.server.write.element-limit = 4096 (default)
2022-10-24 19:17:01 INFO  RaftServerConfigKeys:46 - raft.server.write.byte-limit = 64MB (=67108864) (default)
2022-10-24 19:17:01 INFO  RaftServerConfigKeys:46 - raft.server.watch.timeout = 10s (default)
2022-10-24 19:17:01 INFO  RaftServerConfigKeys:46 - raft.server.watch.timeout.denomination = 1s (default)
2022-10-24 19:17:01 INFO  RaftServerConfigKeys:46 - raft.server.watch.element-limit = 65536 (default)
2022-10-24 19:17:01 INFO  RaftServerConfigKeys:46 - raft.server.write.element-limit = 4096 (default)
2022-10-24 19:17:01 INFO  RaftServerConfigKeys:46 - raft.server.write.follower.gap.ratio.max = -1.0 (default)
2022-10-24 19:17:01 INFO  RoleInfo:139 - c3cdcf77-ce50-45db-b8c2-f1e612838a3d: start c3cdcf77-ce50-45db-b8c2-f1e612838a3d@group-B59AD38763D6-LeaderStateImpl
2022-10-24 19:17:01 INFO  SegmentedRaftLogWorker:457 - c3cdcf77-ce50-45db-b8c2-f1e612838a3d@group-B59AD38763D6-SegmentedRaftLogWorker: Rolling segment log-0_0 to index:0
2022-10-24 19:17:01 INFO  SegmentedRaftLogWorker:613 - c3cdcf77-ce50-45db-b8c2-f1e612838a3d@group-B59AD38763D6-SegmentedRaftLogWorker: Rolled log segment from /data/metadata/scm-ha/7767a61b-f839-41c6-9e14-b59ad38763d6/current/log_inprogress_0 to /data/metadata/scm-ha/7767a61b-f839-41c6-9e14-b59ad38763d6/current/log_0-0
2022-10-24 19:17:01 INFO  RaftServer$Division:430 - c3cdcf77-ce50-45db-b8c2-f1e612838a3d@group-B59AD38763D6: set configuration 1: peers:[c3cdcf77-ce50-45db-b8c2-f1e612838a3d|rpc:scm-0:9894|admin:|client:|dataStream:|priority:0|startupRole:FOLLOWER]|listeners:[], old=null
2022-10-24 19:17:01 INFO  SegmentedRaftLogWorker:656 - c3cdcf77-ce50-45db-b8c2-f1e612838a3d@group-B59AD38763D6-SegmentedRaftLogWorker: created new log segment /data/metadata/scm-ha/7767a61b-f839-41c6-9e14-b59ad38763d6/current/log_inprogress_1
2022-10-24 19:17:01 INFO  SCMContext:126 - update <isLeaderReady> from <false> to <true>
2022-10-24 19:17:01 INFO  BackgroundPipelineCreator:254 - Service BackgroundPipelineCreator transitions to RUNNING.
2022-10-24 19:17:01 INFO  HealthyPipelineSafeModeRule:165 - Refreshed total pipeline count is 0, healthy pipeline threshold count is 1
2022-10-24 19:17:01 INFO  ContainerSafeModeRule:177 - Refreshed one replica container threshold 0, currentThreshold 0
2022-10-24 19:17:01 INFO  OneReplicaPipelineSafeModeRule:176 - Refreshed Total pipeline count is 0, pipeline's with at least one datanode reported threshold count is 0
2022-10-24 19:17:01 INFO  SCMDatanodeProtocolServer:186 - ScmDatanodeProtocol RPC server for DataNodes is listening at /0.0.0.0:9861
2022-10-24 19:17:01 INFO  Server:1352 - IPC Server listener on 9861: starting
2022-10-24 19:17:01 INFO  Server:1512 - IPC Server Responder: starting
2022-10-24 19:17:02 WARN  Server:1722 - IPC Server handler 2 on default port 9861, call Call#0 Retry#0 org.apache.hadoop.ozone.protocol.StorageContainerDatanodeProtocol.submitRequest from 10.42.0.40:60016: output error
2022-10-24 19:17:02 INFO  Server:2989 - IPC Server handler 2 on default port 9861 caught an exception
java.nio.channels.ClosedChannelException
	at java.base/sun.nio.ch.SocketChannelImpl.ensureOpenAndConnected(SocketChannelImpl.java:180)
	at java.base/sun.nio.ch.SocketChannelImpl.write(SocketChannelImpl.java:452)
	at org.apache.hadoop.ipc.Server.channelWrite(Server.java:3619)
	at org.apache.hadoop.ipc.Server.access$1700(Server.java:144)
	at org.apache.hadoop.ipc.Server$Responder.processResponse(Server.java:1672)
	at org.apache.hadoop.ipc.Server$Responder.doRespond(Server.java:1742)
	at org.apache.hadoop.ipc.Server$Connection.sendResponse(Server.java:2847)
	at org.apache.hadoop.ipc.Server$Connection.access$300(Server.java:1814)
	at org.apache.hadoop.ipc.Server$RpcCall.doResponse(Server.java:1125)
	at org.apache.hadoop.ipc.Server$Call.doResponse(Server.java:917)
	at org.apache.hadoop.ipc.Server$Call.sendResponse(Server.java:903)
	at org.apache.hadoop.ipc.Server$RpcCall.run(Server.java:1060)
	at org.apache.hadoop.ipc.Server$RpcCall.run(Server.java:971)
	at java.base/java.security.AccessController.doPrivileged(Native Method)
	at java.base/javax.security.auth.Subject.doAs(Subject.java:423)
	at org.apache.hadoop.security.UserGroupInformation.doAs(UserGroupInformation.java:1878)
	at org.apache.hadoop.ipc.Server$Handler.run(Server.java:2976)
2022-10-24 19:17:02 WARN  Server:1722 - IPC Server handler 0 on default port 9861, call Call#0 Retry#0 org.apache.hadoop.ozone.protocol.StorageContainerDatanodeProtocol.submitRequest from 10.42.0.38:45906: output error
2022-10-24 19:17:02 INFO  Server:2989 - IPC Server handler 0 on default port 9861 caught an exception
java.nio.channels.ClosedChannelException
	at java.base/sun.nio.ch.SocketChannelImpl.ensureOpenAndConnected(SocketChannelImpl.java:180)
	at java.base/sun.nio.ch.SocketChannelImpl.write(SocketChannelImpl.java:452)
	at org.apache.hadoop.ipc.Server.channelWrite(Server.java:3619)
	at org.apache.hadoop.ipc.Server.access$1700(Server.java:144)
	at org.apache.hadoop.ipc.Server$Responder.processResponse(Server.java:1672)
	at org.apache.hadoop.ipc.Server$Responder.doRespond(Server.java:1742)
	at org.apache.hadoop.ipc.Server$Connection.sendResponse(Server.java:2847)
	at org.apache.hadoop.ipc.Server$Connection.access$300(Server.java:1814)
	at org.apache.hadoop.ipc.Server$RpcCall.doResponse(Server.java:1125)
	at org.apache.hadoop.ipc.Server$Call.doResponse(Server.java:917)
	at org.apache.hadoop.ipc.Server$Call.sendResponse(Server.java:903)
	at org.apache.hadoop.ipc.Server$RpcCall.run(Server.java:1060)
	at org.apache.hadoop.ipc.Server$RpcCall.run(Server.java:971)
	at java.base/java.security.AccessController.doPrivileged(Native Method)
	at java.base/javax.security.auth.Subject.doAs(Subject.java:423)
	at org.apache.hadoop.security.UserGroupInformation.doAs(UserGroupInformation.java:1878)
	at org.apache.hadoop.ipc.Server$Handler.run(Server.java:2976)
2022-10-24 19:17:02 WARN  Server:1722 - IPC Server handler 3 on default port 9861, call Call#0 Retry#0 org.apache.hadoop.ozone.protocol.StorageContainerDatanodeProtocol.submitRequest from 10.42.0.36:57770: output error
2022-10-24 19:17:02 INFO  Server:2989 - IPC Server handler 3 on default port 9861 caught an exception
java.nio.channels.ClosedChannelException
	at java.base/sun.nio.ch.SocketChannelImpl.ensureOpenAndConnected(SocketChannelImpl.java:180)
	at java.base/sun.nio.ch.SocketChannelImpl.write(SocketChannelImpl.java:452)
	at org.apache.hadoop.ipc.Server.channelWrite(Server.java:3619)
	at org.apache.hadoop.ipc.Server.access$1700(Server.java:144)
	at org.apache.hadoop.ipc.Server$Responder.processResponse(Server.java:1672)
	at org.apache.hadoop.ipc.Server$Responder.doRespond(Server.java:1742)
	at org.apache.hadoop.ipc.Server$Connection.sendResponse(Server.java:2847)
	at org.apache.hadoop.ipc.Server$Connection.access$300(Server.java:1814)
	at org.apache.hadoop.ipc.Server$RpcCall.doResponse(Server.java:1125)
	at org.apache.hadoop.ipc.Server$Call.doResponse(Server.java:917)
	at org.apache.hadoop.ipc.Server$Call.sendResponse(Server.java:903)
	at org.apache.hadoop.ipc.Server$RpcCall.run(Server.java:1060)
	at org.apache.hadoop.ipc.Server$RpcCall.run(Server.java:971)
	at java.base/java.security.AccessController.doPrivileged(Native Method)
	at java.base/javax.security.auth.Subject.doAs(Subject.java:423)
	at org.apache.hadoop.security.UserGroupInformation.doAs(UserGroupInformation.java:1878)
	at org.apache.hadoop.ipc.Server$Handler.run(Server.java:2976)
2022-10-24 19:17:04 INFO  NetworkTopologyImpl:112 - Added a new node: /default-rack/123567ab-1d0b-4f54-8b2d-dbaab6484ec4
2022-10-24 19:17:04 INFO  SCMNodeManager:397 - Registered Data node : 123567ab-1d0b-4f54-8b2d-dbaab6484ec4{ip: 10.42.0.36, host: datanode-0.datanode.default.svc.cluster.local, ports: [REPLICATION=9886, RATIS=9858, RATIS_ADMIN=9857, RATIS_SERVER=9856, STANDALONE=9859], networkLocation: /default-rack, certSerialId: null, persistedOpState: null, persistedOpStateExpiryEpochSec: 0}
2022-10-24 19:17:04 INFO  BackgroundPipelineCreator:276 - trigger a one-shot run on RatisPipelineUtilsThread.
2022-10-24 19:17:04 INFO  SCMSafeModeManager:71 - SCM in safe mode. 1 DataNodes registered, 3 required.
2022-10-24 19:17:04 INFO  RatisPipelineProvider:195 - Sending CreatePipelineCommand for pipeline:PipelineID=3fd3298b-742b-4834-a13d-49cc53017cd4 to datanode:123567ab-1d0b-4f54-8b2d-dbaab6484ec4
2022-10-24 19:17:04 INFO  SCMSafeModeManager:204 - ContainerSafeModeRule rule is successfully validated
2022-10-24 19:17:04 INFO  SCMSafeModeManager:204 - AtleastOneDatanodeReportedRule rule is successfully validated
2022-10-24 19:17:04 INFO  NetworkTopologyImpl:112 - Added a new node: /default-rack/7485e6d0-f54c-4bfc-b082-de46cd14c673
2022-10-24 19:17:04 INFO  SCMNodeManager:397 - Registered Data node : 7485e6d0-f54c-4bfc-b082-de46cd14c673{ip: 10.42.0.38, host: datanode-1.datanode.default.svc.cluster.local, ports: [REPLICATION=9886, RATIS=9858, RATIS_ADMIN=9857, RATIS_SERVER=9856, STANDALONE=9859], networkLocation: /default-rack, certSerialId: null, persistedOpState: null, persistedOpStateExpiryEpochSec: 0}
2022-10-24 19:17:04 INFO  BackgroundPipelineCreator:276 - trigger a one-shot run on RatisPipelineUtilsThread.
2022-10-24 19:17:04 INFO  SCMSafeModeManager:71 - SCM in safe mode. 2 DataNodes registered, 3 required.
2022-10-24 19:17:04 INFO  PipelineStateManagerImpl:103 - Created pipeline Pipeline[ Id: 3fd3298b-742b-4834-a13d-49cc53017cd4, Nodes: 123567ab-1d0b-4f54-8b2d-dbaab6484ec4{ip: 10.42.0.36, host: datanode-0.datanode.default.svc.cluster.local, ports: [REPLICATION=9886, RATIS=9858, RATIS_ADMIN=9857, RATIS_SERVER=9856, STANDALONE=9859], networkLocation: /default-rack, certSerialId: null, persistedOpState: IN_SERVICE, persistedOpStateExpiryEpochSec: 0}, ReplicationConfig: RATIS/ONE, State:ALLOCATED, leaderId:, CreationTimestamp2022-10-24T19:17:04.217Z[UTC]].
2022-10-24 19:17:04 INFO  HealthyPipelineSafeModeRule:165 - Refreshed total pipeline count is 0, healthy pipeline threshold count is 1
2022-10-24 19:17:04 INFO  RatisPipelineProvider:195 - Sending CreatePipelineCommand for pipeline:PipelineID=759e3e38-8237-45db-89e6-663c316361c9 to datanode:7485e6d0-f54c-4bfc-b082-de46cd14c673
2022-10-24 19:17:04 INFO  NetworkTopologyImpl:112 - Added a new node: /default-rack/4eb78c01-6b42-4f46-a17c-ca8dc04dcfd4
2022-10-24 19:17:04 INFO  SCMNodeManager:397 - Registered Data node : 4eb78c01-6b42-4f46-a17c-ca8dc04dcfd4{ip: 10.42.0.40, host: datanode-2.datanode.default.svc.cluster.local, ports: [REPLICATION=9886, RATIS=9858, RATIS_ADMIN=9857, RATIS_SERVER=9856, STANDALONE=9859], networkLocation: /default-rack, certSerialId: null, persistedOpState: null, persistedOpStateExpiryEpochSec: 0}
2022-10-24 19:17:04 INFO  BackgroundPipelineCreator:276 - trigger a one-shot run on RatisPipelineUtilsThread.
2022-10-24 19:17:04 INFO  SCMSafeModeManager:71 - SCM in safe mode. 3 DataNodes registered, 3 required.
2022-10-24 19:17:04 INFO  SCMSafeModeManager:204 - DataNodeSafeModeRule rule is successfully validated
2022-10-24 19:17:04 INFO  SCMSafeModeManager:233 - All SCM safe mode pre check rules have passed
2022-10-24 19:17:04 WARN  EventQueue:216 - No event handler registered for event TypedEvent{payloadType=SafeModeStatus, name='Safe mode status'}
2022-10-24 19:17:04 INFO  SCMContext:228 - Update SafeModeStatus from SafeModeStatus{safeModeStatus=true, preCheckPassed=false} to SafeModeStatus{safeModeStatus=true, preCheckPassed=true}.
2022-10-24 19:17:04 INFO  BackgroundPipelineCreator:276 - trigger a one-shot run on RatisPipelineUtilsThread.
2022-10-24 19:17:04 INFO  PipelineStateManagerImpl:103 - Created pipeline Pipeline[ Id: 759e3e38-8237-45db-89e6-663c316361c9, Nodes: 7485e6d0-f54c-4bfc-b082-de46cd14c673{ip: 10.42.0.38, host: datanode-1.datanode.default.svc.cluster.local, ports: [REPLICATION=9886, RATIS=9858, RATIS_ADMIN=9857, RATIS_SERVER=9856, STANDALONE=9859], networkLocation: /default-rack, certSerialId: null, persistedOpState: IN_SERVICE, persistedOpStateExpiryEpochSec: 0}, ReplicationConfig: RATIS/ONE, State:ALLOCATED, leaderId:, CreationTimestamp2022-10-24T19:17:04.832Z[UTC]].
2022-10-24 19:17:04 INFO  HealthyPipelineSafeModeRule:165 - Refreshed total pipeline count is 0, healthy pipeline threshold count is 1
2022-10-24 19:17:04 INFO  RatisPipelineProvider:195 - Sending CreatePipelineCommand for pipeline:PipelineID=8df6304d-b07e-47df-9a1f-e9954f8f1c50 to datanode:4eb78c01-6b42-4f46-a17c-ca8dc04dcfd4
2022-10-24 19:17:04 INFO  PipelineStateManagerImpl:103 - Created pipeline Pipeline[ Id: 8df6304d-b07e-47df-9a1f-e9954f8f1c50, Nodes: 4eb78c01-6b42-4f46-a17c-ca8dc04dcfd4{ip: 10.42.0.40, host: datanode-2.datanode.default.svc.cluster.local, ports: [REPLICATION=9886, RATIS=9858, RATIS_ADMIN=9857, RATIS_SERVER=9856, STANDALONE=9859], networkLocation: /default-rack, certSerialId: null, persistedOpState: IN_SERVICE, persistedOpStateExpiryEpochSec: 0}, ReplicationConfig: RATIS/ONE, State:ALLOCATED, leaderId:, CreationTimestamp2022-10-24T19:17:04.879Z[UTC]].
2022-10-24 19:17:04 INFO  HealthyPipelineSafeModeRule:165 - Refreshed total pipeline count is 0, healthy pipeline threshold count is 1
2022-10-24 19:17:04 INFO  RatisPipelineProvider:195 - Sending CreatePipelineCommand for pipeline:PipelineID=fb8d2a89-c473-4eed-8cd1-8ba57639bc41 to datanode:123567ab-1d0b-4f54-8b2d-dbaab6484ec4
2022-10-24 19:17:04 INFO  RatisPipelineProvider:195 - Sending CreatePipelineCommand for pipeline:PipelineID=fb8d2a89-c473-4eed-8cd1-8ba57639bc41 to datanode:4eb78c01-6b42-4f46-a17c-ca8dc04dcfd4
2022-10-24 19:17:04 INFO  RatisPipelineProvider:195 - Sending CreatePipelineCommand for pipeline:PipelineID=fb8d2a89-c473-4eed-8cd1-8ba57639bc41 to datanode:7485e6d0-f54c-4bfc-b082-de46cd14c673
2022-10-24 19:17:04 INFO  PipelineStateManagerImpl:103 - Created pipeline Pipeline[ Id: fb8d2a89-c473-4eed-8cd1-8ba57639bc41, Nodes: 123567ab-1d0b-4f54-8b2d-dbaab6484ec4{ip: 10.42.0.36, host: datanode-0.datanode.default.svc.cluster.local, ports: [REPLICATION=9886, RATIS=9858, RATIS_ADMIN=9857, RATIS_SERVER=9856, STANDALONE=9859], networkLocation: /default-rack, certSerialId: null, persistedOpState: IN_SERVICE, persistedOpStateExpiryEpochSec: 0}4eb78c01-6b42-4f46-a17c-ca8dc04dcfd4{ip: 10.42.0.40, host: datanode-2.datanode.default.svc.cluster.local, ports: [REPLICATION=9886, RATIS=9858, RATIS_ADMIN=9857, RATIS_SERVER=9856, STANDALONE=9859], networkLocation: /default-rack, certSerialId: null, persistedOpState: IN_SERVICE, persistedOpStateExpiryEpochSec: 0}7485e6d0-f54c-4bfc-b082-de46cd14c673{ip: 10.42.0.38, host: datanode-1.datanode.default.svc.cluster.local, ports: [REPLICATION=9886, RATIS=9858, RATIS_ADMIN=9857, RATIS_SERVER=9856, STANDALONE=9859], networkLocation: /default-rack, certSerialId: null, persistedOpState: IN_SERVICE, persistedOpStateExpiryEpochSec: 0}, ReplicationConfig: RATIS/THREE, State:ALLOCATED, leaderId:, CreationTimestamp2022-10-24T19:17:04.900Z[UTC]].
2022-10-24 19:17:04 INFO  HealthyPipelineSafeModeRule:165 - Refreshed total pipeline count is 0, healthy pipeline threshold count is 1
2022-10-24 19:17:07 INFO  PipelineManagerImpl:367 - Pipeline Pipeline[ Id: 3fd3298b-742b-4834-a13d-49cc53017cd4, Nodes: 123567ab-1d0b-4f54-8b2d-dbaab6484ec4{ip: 10.42.0.36, host: datanode-0.datanode.default.svc.cluster.local, ports: [REPLICATION=9886, RATIS=9858, RATIS_ADMIN=9857, RATIS_SERVER=9856, STANDALONE=9859], networkLocation: /default-rack, certSerialId: null, persistedOpState: IN_SERVICE, persistedOpStateExpiryEpochSec: 0}, ReplicationConfig: RATIS/ONE, State:ALLOCATED, leaderId:123567ab-1d0b-4f54-8b2d-dbaab6484ec4, CreationTimestamp2022-10-24T19:17:04.217Z[UTC]] moved to OPEN state
2022-10-24 19:17:07 INFO  HealthyPipelineSafeModeRule:165 - Refreshed total pipeline count is 0, healthy pipeline threshold count is 1
2022-10-24 19:17:07 INFO  SCMSafeModeManager:137 - SCM in safe mode. Healthy pipelines reported count is 0, required healthy pipeline reported count is 1
2022-10-24 19:17:07 INFO  PipelineManagerImpl:367 - Pipeline Pipeline[ Id: 759e3e38-8237-45db-89e6-663c316361c9, Nodes: 7485e6d0-f54c-4bfc-b082-de46cd14c673{ip: 10.42.0.38, host: datanode-1.datanode.default.svc.cluster.local, ports: [REPLICATION=9886, RATIS=9858, RATIS_ADMIN=9857, RATIS_SERVER=9856, STANDALONE=9859], networkLocation: /default-rack, certSerialId: null, persistedOpState: IN_SERVICE, persistedOpStateExpiryEpochSec: 0}, ReplicationConfig: RATIS/ONE, State:ALLOCATED, leaderId:7485e6d0-f54c-4bfc-b082-de46cd14c673, CreationTimestamp2022-10-24T19:17:04.832Z[UTC]] moved to OPEN state
2022-10-24 19:17:07 INFO  HealthyPipelineSafeModeRule:165 - Refreshed total pipeline count is 0, healthy pipeline threshold count is 1
2022-10-24 19:17:08 INFO  SCMSafeModeManager:137 - SCM in safe mode. Healthy pipelines reported count is 0, required healthy pipeline reported count is 1
2022-10-24 19:17:08 INFO  SCMSafeModeManager:137 - SCM in safe mode. Healthy pipelines reported count is 0, required healthy pipeline reported count is 1
2022-10-24 19:17:08 INFO  SCMSafeModeManager:137 - SCM in safe mode. Healthy pipelines reported count is 0, required healthy pipeline reported count is 1
2022-10-24 19:17:08 INFO  PipelineManagerImpl:367 - Pipeline Pipeline[ Id: 8df6304d-b07e-47df-9a1f-e9954f8f1c50, Nodes: 4eb78c01-6b42-4f46-a17c-ca8dc04dcfd4{ip: 10.42.0.40, host: datanode-2.datanode.default.svc.cluster.local, ports: [REPLICATION=9886, RATIS=9858, RATIS_ADMIN=9857, RATIS_SERVER=9856, STANDALONE=9859], networkLocation: /default-rack, certSerialId: null, persistedOpState: IN_SERVICE, persistedOpStateExpiryEpochSec: 0}, ReplicationConfig: RATIS/ONE, State:ALLOCATED, leaderId:4eb78c01-6b42-4f46-a17c-ca8dc04dcfd4, CreationTimestamp2022-10-24T19:17:04.879Z[UTC]] moved to OPEN state
2022-10-24 19:17:08 INFO  HealthyPipelineSafeModeRule:165 - Refreshed total pipeline count is 0, healthy pipeline threshold count is 1
2022-10-24 19:17:08 INFO  SCMSafeModeManager:137 - SCM in safe mode. Healthy pipelines reported count is 0, required healthy pipeline reported count is 1
2022-10-24 19:17:08 INFO  SCMSafeModeManager:137 - SCM in safe mode. Healthy pipelines reported count is 0, required healthy pipeline reported count is 1
2022-10-24 19:17:13 INFO  SCMSafeModeManager:137 - SCM in safe mode. Healthy pipelines reported count is 0, required healthy pipeline reported count is 1
2022-10-24 19:17:13 INFO  SCMSafeModeManager:137 - SCM in safe mode. Healthy pipelines reported count is 0, required healthy pipeline reported count is 1
2022-10-24 19:17:13 INFO  SCMSafeModeManager:137 - SCM in safe mode. Healthy pipelines reported count is 0, required healthy pipeline reported count is 1
2022-10-24 19:17:14 INFO  PipelineManagerImpl:367 - Pipeline Pipeline[ Id: fb8d2a89-c473-4eed-8cd1-8ba57639bc41, Nodes: 123567ab-1d0b-4f54-8b2d-dbaab6484ec4{ip: 10.42.0.36, host: datanode-0.datanode.default.svc.cluster.local, ports: [REPLICATION=9886, RATIS=9858, RATIS_ADMIN=9857, RATIS_SERVER=9856, STANDALONE=9859], networkLocation: /default-rack, certSerialId: null, persistedOpState: IN_SERVICE, persistedOpStateExpiryEpochSec: 0}4eb78c01-6b42-4f46-a17c-ca8dc04dcfd4{ip: 10.42.0.40, host: datanode-2.datanode.default.svc.cluster.local, ports: [REPLICATION=9886, RATIS=9858, RATIS_ADMIN=9857, RATIS_SERVER=9856, STANDALONE=9859], networkLocation: /default-rack, certSerialId: null, persistedOpState: IN_SERVICE, persistedOpStateExpiryEpochSec: 0}7485e6d0-f54c-4bfc-b082-de46cd14c673{ip: 10.42.0.38, host: datanode-1.datanode.default.svc.cluster.local, ports: [REPLICATION=9886, RATIS=9858, RATIS_ADMIN=9857, RATIS_SERVER=9856, STANDALONE=9859], networkLocation: /default-rack, certSerialId: null, persistedOpState: IN_SERVICE, persistedOpStateExpiryEpochSec: 0}, ReplicationConfig: RATIS/THREE, State:ALLOCATED, leaderId:7485e6d0-f54c-4bfc-b082-de46cd14c673, CreationTimestamp2022-10-24T19:17:04.900Z[UTC]] moved to OPEN state
2022-10-24 19:17:14 INFO  HealthyPipelineSafeModeRule:165 - Refreshed total pipeline count is 1, healthy pipeline threshold count is 1
2022-10-24 19:17:14 INFO  SCMSafeModeManager:137 - SCM in safe mode. Healthy pipelines reported count is 1, required healthy pipeline reported count is 1
2022-10-24 19:17:14 INFO  SCMSafeModeManager:204 - HealthyPipelineSafeModeRule rule is successfully validated
2022-10-24 19:17:14 INFO  SCMSafeModeManager:219 - ScmSafeModeManager, all rules are successfully validated
2022-10-24 19:17:14 INFO  SCMSafeModeManager:248 - SCM exiting safe mode.
2022-10-24 19:17:14 WARN  EventQueue:216 - No event handler registered for event TypedEvent{payloadType=SafeModeStatus, name='Safe mode status'}
2022-10-24 19:17:14 INFO  SCMContext:228 - Update SafeModeStatus from SafeModeStatus{safeModeStatus=true, preCheckPassed=true} to SafeModeStatus{safeModeStatus=false, preCheckPassed=true}.
2022-10-24 19:17:14 INFO  BackgroundPipelineScrubber:82 - Service BackgroundPipelineScrubber transitions to RUNNING.
2022-10-24 19:17:14 INFO  ExpiredContainerReplicaOpScrubber:82 - Service ExpiredContainerReplicaOpScrubber transitions to RUNNING.
2022-10-24 19:17:14 INFO  ReplicationManager:776 - Service ReplicationManager transitions to RUNNING.
2022-10-24 19:17:14 WARN  ContainerBalancer:131 - Could not find persisted configuration for ContainerBalancer when checking if ContainerBalancer should run. ContainerBalancer should not run now.
2022-10-24 19:17:21 INFO  SequenceIdGenerator:128 - Allocate a batch for containerId, change lastId from 0 to 1000.
2022-10-24 19:17:21 WARN  SequenceIdGenerator:237 - Failed to allocate a batch for localId, expected lastId is 0, actual lastId is 109611004723200000.
2022-10-24 19:17:21 INFO  SequenceIdGenerator:128 - Allocate a batch for localId, change lastId from 109611004723200000 to 109611004723201000.
2022-10-24 19:18:22 INFO  SCMNodeManager:416 - Updating data node 123567ab-1d0b-4f54-8b2d-dbaab6484ec4 from 123567ab-1d0b-4f54-8b2d-dbaab6484ec4{ip: 10.42.0.36, host: datanode-0.datanode.default.svc.cluster.local, ports: [REPLICATION=9886, RATIS=9858, RATIS_ADMIN=9857, RATIS_SERVER=9856, STANDALONE=9859], networkLocation: /default-rack, certSerialId: null, persistedOpState: IN_SERVICE, persistedOpStateExpiryEpochSec: 0} to 123567ab-1d0b-4f54-8b2d-dbaab6484ec4{ip: 10.42.0.41, host: datanode-0.datanode.default.svc.cluster.local, ports: [REPLICATION=9886, RATIS=9858, RATIS_ADMIN=9857, RATIS_SERVER=9856, STANDALONE=9859], networkLocation: /default-rack, certSerialId: null, persistedOpState: IN_SERVICE, persistedOpStateExpiryEpochSec: 0}
2022-10-24 19:18:22 INFO  NetworkTopologyImpl:165 - Updated to the new node: /default-rack/123567ab-1d0b-4f54-8b2d-dbaab6484ec4
2022-10-24 19:18:22 INFO  NodeStateManager:418 - updating node 123567ab-1d0b-4f54-8b2d-dbaab6484ec4 from 123567ab-1d0b-4f54-8b2d-dbaab6484ec4{ip: 10.42.0.36, host: datanode-0.datanode.default.svc.cluster.local, ports: [REPLICATION=9886, RATIS=9858, RATIS_ADMIN=9857, RATIS_SERVER=9856, STANDALONE=9859], networkLocation: /default-rack, certSerialId: null, persistedOpState: IN_SERVICE, persistedOpStateExpiryEpochSec: 0} to 123567ab-1d0b-4f54-8b2d-dbaab6484ec4{ip: 10.42.0.41, host: datanode-0.datanode.default.svc.cluster.local, ports: [REPLICATION=9886, RATIS=9858, RATIS_ADMIN=9857, RATIS_SERVER=9856, STANDALONE=9859], networkLocation: /default-rack, certSerialId: null, persistedOpState: IN_SERVICE, persistedOpStateExpiryEpochSec: 0} with status OperationalState: IN_SERVICE Health: HEALTHY OperationStateExpiry: 0
2022-10-24 19:18:22 INFO  SCMNodeManager:436 - Updated Datanode to: 123567ab-1d0b-4f54-8b2d-dbaab6484ec4{ip: 10.42.0.41, host: datanode-0.datanode.default.svc.cluster.local, ports: [REPLICATION=9886, RATIS=9858, RATIS_ADMIN=9857, RATIS_SERVER=9856, STANDALONE=9859], networkLocation: /default-rack, certSerialId: null, persistedOpState: IN_SERVICE, persistedOpStateExpiryEpochSec: 0}
2022-10-24 19:18:22 INFO  NodeAddressUpdateHandler:54 - Closing stale pipelines for datanode: 123567ab-1d0b-4f54-8b2d-dbaab6484ec4{ip: 10.42.0.41, host: datanode-0.datanode.default.svc.cluster.local, ports: [REPLICATION=9886, RATIS=9858, RATIS_ADMIN=9857, RATIS_SERVER=9856, STANDALONE=9859], networkLocation: /default-rack, certSerialId: null, persistedOpState: IN_SERVICE, persistedOpStateExpiryEpochSec: 0}
2022-10-24 19:18:22 INFO  PipelineManagerImpl:467 - Found 2 stale pipelines
2022-10-24 19:18:22 INFO  PipelineManagerImpl:471 - Closing the stale pipeline: PipelineID=3fd3298b-742b-4834-a13d-49cc53017cd4
2022-10-24 19:18:22 INFO  PipelineManagerImpl:442 - Pipeline Pipeline[ Id: 3fd3298b-742b-4834-a13d-49cc53017cd4, Nodes: 123567ab-1d0b-4f54-8b2d-dbaab6484ec4{ip: 10.42.0.36, host: datanode-0.datanode.default.svc.cluster.local, ports: [REPLICATION=9886, RATIS=9858, RATIS_ADMIN=9857, RATIS_SERVER=9856, STANDALONE=9859], networkLocation: /default-rack, certSerialId: null, persistedOpState: IN_SERVICE, persistedOpStateExpiryEpochSec: 0}, ReplicationConfig: RATIS/ONE, State:OPEN, leaderId:123567ab-1d0b-4f54-8b2d-dbaab6484ec4, CreationTimestamp2022-10-24T19:17:04.217Z[UTC]] moved to CLOSED state
2022-10-24 19:18:22 INFO  RatisPipelineProvider:244 - Send pipeline:PipelineID=3fd3298b-742b-4834-a13d-49cc53017cd4 close command to datanode 123567ab-1d0b-4f54-8b2d-dbaab6484ec4
2022-10-24 19:18:22 INFO  PipelineStateManagerImpl:245 - Pipeline Pipeline[ Id: 3fd3298b-742b-4834-a13d-49cc53017cd4, Nodes: 123567ab-1d0b-4f54-8b2d-dbaab6484ec4{ip: 10.42.0.36, host: datanode-0.datanode.default.svc.cluster.local, ports: [REPLICATION=9886, RATIS=9858, RATIS_ADMIN=9857, RATIS_SERVER=9856, STANDALONE=9859], networkLocation: /default-rack, certSerialId: null, persistedOpState: IN_SERVICE, persistedOpStateExpiryEpochSec: 0}, ReplicationConfig: RATIS/ONE, State:CLOSED, leaderId:123567ab-1d0b-4f54-8b2d-dbaab6484ec4, CreationTimestamp2022-10-24T19:17:04.217Z[UTC]] removed.
2022-10-24 19:18:22 INFO  PipelineManagerImpl:473 - Closed the stale pipeline: PipelineID=3fd3298b-742b-4834-a13d-49cc53017cd4
2022-10-24 19:18:22 INFO  PipelineManagerImpl:471 - Closing the stale pipeline: PipelineID=fb8d2a89-c473-4eed-8cd1-8ba57639bc41
2022-10-24 19:18:22 INFO  PipelineManagerImpl:421 - Container #1 closed for pipeline=PipelineID=fb8d2a89-c473-4eed-8cd1-8ba57639bc41
2022-10-24 19:18:22 INFO  CloseContainerEventHandler:71 - Close container Event triggered for container : #1
2022-10-24 19:18:22 INFO  PipelineManagerImpl:421 - Container #2 closed for pipeline=PipelineID=fb8d2a89-c473-4eed-8cd1-8ba57639bc41
2022-10-24 19:18:22 INFO  CloseContainerEventHandler:71 - Close container Event triggered for container : #2
2022-10-24 19:18:22 INFO  PipelineManagerImpl:442 - Pipeline Pipeline[ Id: fb8d2a89-c473-4eed-8cd1-8ba57639bc41, Nodes: 123567ab-1d0b-4f54-8b2d-dbaab6484ec4{ip: 10.42.0.36, host: datanode-0.datanode.default.svc.cluster.local, ports: [REPLICATION=9886, RATIS=9858, RATIS_ADMIN=9857, RATIS_SERVER=9856, STANDALONE=9859], networkLocation: /default-rack, certSerialId: null, persistedOpState: IN_SERVICE, persistedOpStateExpiryEpochSec: 0}4eb78c01-6b42-4f46-a17c-ca8dc04dcfd4{ip: 10.42.0.40, host: datanode-2.datanode.default.svc.cluster.local, ports: [REPLICATION=9886, RATIS=9858, RATIS_ADMIN=9857, RATIS_SERVER=9856, STANDALONE=9859], networkLocation: /default-rack, certSerialId: null, persistedOpState: IN_SERVICE, persistedOpStateExpiryEpochSec: 0}7485e6d0-f54c-4bfc-b082-de46cd14c673{ip: 10.42.0.38, host: datanode-1.datanode.default.svc.cluster.local, ports: [REPLICATION=9886, RATIS=9858, RATIS_ADMIN=9857, RATIS_SERVER=9856, STANDALONE=9859], networkLocation: /default-rack, certSerialId: null, persistedOpState: IN_SERVICE, persistedOpStateExpiryEpochSec: 0}, ReplicationConfig: RATIS/THREE, State:OPEN, leaderId:7485e6d0-f54c-4bfc-b082-de46cd14c673, CreationTimestamp2022-10-24T19:17:04.900Z[UTC]] moved to CLOSED state
2022-10-24 19:18:22 INFO  RatisPipelineProvider:244 - Send pipeline:PipelineID=fb8d2a89-c473-4eed-8cd1-8ba57639bc41 close command to datanode 123567ab-1d0b-4f54-8b2d-dbaab6484ec4
2022-10-24 19:18:22 INFO  RatisPipelineProvider:244 - Send pipeline:PipelineID=fb8d2a89-c473-4eed-8cd1-8ba57639bc41 close command to datanode 4eb78c01-6b42-4f46-a17c-ca8dc04dcfd4
2022-10-24 19:18:22 INFO  RatisPipelineProvider:244 - Send pipeline:PipelineID=fb8d2a89-c473-4eed-8cd1-8ba57639bc41 close command to datanode 7485e6d0-f54c-4bfc-b082-de46cd14c673
2022-10-24 19:18:22 INFO  PipelineStateManagerImpl:245 - Pipeline Pipeline[ Id: fb8d2a89-c473-4eed-8cd1-8ba57639bc41, Nodes: 123567ab-1d0b-4f54-8b2d-dbaab6484ec4{ip: 10.42.0.36, host: datanode-0.datanode.default.svc.cluster.local, ports: [REPLICATION=9886, RATIS=9858, RATIS_ADMIN=9857, RATIS_SERVER=9856, STANDALONE=9859], networkLocation: /default-rack, certSerialId: null, persistedOpState: IN_SERVICE, persistedOpStateExpiryEpochSec: 0}4eb78c01-6b42-4f46-a17c-ca8dc04dcfd4{ip: 10.42.0.40, host: datanode-2.datanode.default.svc.cluster.local, ports: [REPLICATION=9886, RATIS=9858, RATIS_ADMIN=9857, RATIS_SERVER=9856, STANDALONE=9859], networkLocation: /default-rack, certSerialId: null, persistedOpState: IN_SERVICE, persistedOpStateExpiryEpochSec: 0}7485e6d0-f54c-4bfc-b082-de46cd14c673{ip: 10.42.0.38, host: datanode-1.datanode.default.svc.cluster.local, ports: [REPLICATION=9886, RATIS=9858, RATIS_ADMIN=9857, RATIS_SERVER=9856, STANDALONE=9859], networkLocation: /default-rack, certSerialId: null, persistedOpState: IN_SERVICE, persistedOpStateExpiryEpochSec: 0}, ReplicationConfig: RATIS/THREE, State:CLOSED, leaderId:7485e6d0-f54c-4bfc-b082-de46cd14c673, CreationTimestamp2022-10-24T19:17:04.900Z[UTC]] removed.
2022-10-24 19:18:22 INFO  PipelineManagerImpl:473 - Closed the stale pipeline: PipelineID=fb8d2a89-c473-4eed-8cd1-8ba57639bc41
2022-10-24 19:18:22 INFO  BackgroundPipelineCreator:276 - trigger a one-shot run on RatisPipelineUtilsThread.
2022-10-24 19:18:22 INFO  RatisPipelineProvider:195 - Sending CreatePipelineCommand for pipeline:PipelineID=09eb1639-c1e4-4e14-ac37-da5475a456f9 to datanode:123567ab-1d0b-4f54-8b2d-dbaab6484ec4
2022-10-24 19:18:22 INFO  PipelineStateManagerImpl:103 - Created pipeline Pipeline[ Id: 09eb1639-c1e4-4e14-ac37-da5475a456f9, Nodes: 123567ab-1d0b-4f54-8b2d-dbaab6484ec4{ip: 10.42.0.41, host: datanode-0.datanode.default.svc.cluster.local, ports: [REPLICATION=9886, RATIS=9858, RATIS_ADMIN=9857, RATIS_SERVER=9856, STANDALONE=9859], networkLocation: /default-rack, certSerialId: null, persistedOpState: IN_SERVICE, persistedOpStateExpiryEpochSec: 0}, ReplicationConfig: RATIS/ONE, State:ALLOCATED, leaderId:, CreationTimestamp2022-10-24T19:18:22.530Z[UTC]].
2022-10-24 19:18:22 INFO  RatisPipelineProvider:195 - Sending CreatePipelineCommand for pipeline:PipelineID=2d4858d6-465d-4cf6-8b19-de9e8838a6b9 to datanode:123567ab-1d0b-4f54-8b2d-dbaab6484ec4
2022-10-24 19:18:22 INFO  RatisPipelineProvider:195 - Sending CreatePipelineCommand for pipeline:PipelineID=2d4858d6-465d-4cf6-8b19-de9e8838a6b9 to datanode:7485e6d0-f54c-4bfc-b082-de46cd14c673
2022-10-24 19:18:22 INFO  RatisPipelineProvider:195 - Sending CreatePipelineCommand for pipeline:PipelineID=2d4858d6-465d-4cf6-8b19-de9e8838a6b9 to datanode:4eb78c01-6b42-4f46-a17c-ca8dc04dcfd4
2022-10-24 19:18:22 INFO  PipelineStateManagerImpl:103 - Created pipeline Pipeline[ Id: 2d4858d6-465d-4cf6-8b19-de9e8838a6b9, Nodes: 123567ab-1d0b-4f54-8b2d-dbaab6484ec4{ip: 10.42.0.41, host: datanode-0.datanode.default.svc.cluster.local, ports: [REPLICATION=9886, RATIS=9858, RATIS_ADMIN=9857, RATIS_SERVER=9856, STANDALONE=9859], networkLocation: /default-rack, certSerialId: null, persistedOpState: IN_SERVICE, persistedOpStateExpiryEpochSec: 0}7485e6d0-f54c-4bfc-b082-de46cd14c673{ip: 10.42.0.38, host: datanode-1.datanode.default.svc.cluster.local, ports: [REPLICATION=9886, RATIS=9858, RATIS_ADMIN=9857, RATIS_SERVER=9856, STANDALONE=9859], networkLocation: /default-rack, certSerialId: null, persistedOpState: IN_SERVICE, persistedOpStateExpiryEpochSec: 0}4eb78c01-6b42-4f46-a17c-ca8dc04dcfd4{ip: 10.42.0.40, host: datanode-2.datanode.default.svc.cluster.local, ports: [REPLICATION=9886, RATIS=9858, RATIS_ADMIN=9857, RATIS_SERVER=9856, STANDALONE=9859], networkLocation: /default-rack, certSerialId: null, persistedOpState: IN_SERVICE, persistedOpStateExpiryEpochSec: 0}, ReplicationConfig: RATIS/THREE, State:ALLOCATED, leaderId:, CreationTimestamp2022-10-24T19:18:22.551Z[UTC]].
2022-10-24 19:18:24 INFO  PipelineReportHandler:115 - Reported pipeline PipelineID=3fd3298b-742b-4834-a13d-49cc53017cd4 is not found
2022-10-24 19:18:24 INFO  PipelineReportHandler:115 - Reported pipeline PipelineID=fb8d2a89-c473-4eed-8cd1-8ba57639bc41 is not found
2022-10-24 19:18:26 INFO  IncrementalContainerReportHandler:285 - Moving container #1 to QUASI_CLOSED state, datanode 123567ab-1d0b-4f54-8b2d-dbaab6484ec4{ip: 10.42.0.41, host: datanode-0.datanode.default.svc.cluster.local, ports: [REPLICATION=9886, RATIS=9858, RATIS_ADMIN=9857, RATIS_SERVER=9856, STANDALONE=9859], networkLocation: /default-rack, certSerialId: null, persistedOpState: IN_SERVICE, persistedOpStateExpiryEpochSec: 0} reported QUASI_CLOSED replica.
2022-10-24 19:18:26 INFO  PipelineManagerImpl:367 - Pipeline Pipeline[ Id: 09eb1639-c1e4-4e14-ac37-da5475a456f9, Nodes: 123567ab-1d0b-4f54-8b2d-dbaab6484ec4{ip: 10.42.0.41, host: datanode-0.datanode.default.svc.cluster.local, ports: [REPLICATION=9886, RATIS=9858, RATIS_ADMIN=9857, RATIS_SERVER=9856, STANDALONE=9859], networkLocation: /default-rack, certSerialId: null, persistedOpState: IN_SERVICE, persistedOpStateExpiryEpochSec: 0}, ReplicationConfig: RATIS/ONE, State:ALLOCATED, leaderId:123567ab-1d0b-4f54-8b2d-dbaab6484ec4, CreationTimestamp2022-10-24T19:18:22.530Z[UTC]] moved to OPEN state
2022-10-24 19:18:26 INFO  SCMNodeManager:416 - Updating data node 7485e6d0-f54c-4bfc-b082-de46cd14c673 from 7485e6d0-f54c-4bfc-b082-de46cd14c673{ip: 10.42.0.38, host: datanode-1.datanode.default.svc.cluster.local, ports: [REPLICATION=9886, RATIS=9858, RATIS_ADMIN=9857, RATIS_SERVER=9856, STANDALONE=9859], networkLocation: /default-rack, certSerialId: null, persistedOpState: IN_SERVICE, persistedOpStateExpiryEpochSec: 0} to 7485e6d0-f54c-4bfc-b082-de46cd14c673{ip: 10.42.0.42, host: datanode-1.datanode.default.svc.cluster.local, ports: [REPLICATION=9886, RATIS=9858, RATIS_ADMIN=9857, RATIS_SERVER=9856, STANDALONE=9859], networkLocation: /default-rack, certSerialId: null, persistedOpState: IN_SERVICE, persistedOpStateExpiryEpochSec: 0}
2022-10-24 19:18:26 INFO  NetworkTopologyImpl:165 - Updated to the new node: /default-rack/7485e6d0-f54c-4bfc-b082-de46cd14c673
2022-10-24 19:18:26 INFO  NodeStateManager:418 - updating node 7485e6d0-f54c-4bfc-b082-de46cd14c673 from 7485e6d0-f54c-4bfc-b082-de46cd14c673{ip: 10.42.0.38, host: datanode-1.datanode.default.svc.cluster.local, ports: [REPLICATION=9886, RATIS=9858, RATIS_ADMIN=9857, RATIS_SERVER=9856, STANDALONE=9859], networkLocation: /default-rack, certSerialId: null, persistedOpState: IN_SERVICE, persistedOpStateExpiryEpochSec: 0} to 7485e6d0-f54c-4bfc-b082-de46cd14c673{ip: 10.42.0.42, host: datanode-1.datanode.default.svc.cluster.local, ports: [REPLICATION=9886, RATIS=9858, RATIS_ADMIN=9857, RATIS_SERVER=9856, STANDALONE=9859], networkLocation: /default-rack, certSerialId: null, persistedOpState: IN_SERVICE, persistedOpStateExpiryEpochSec: 0} with status OperationalState: IN_SERVICE Health: HEALTHY OperationStateExpiry: 0
2022-10-24 19:18:26 INFO  SCMNodeManager:436 - Updated Datanode to: 7485e6d0-f54c-4bfc-b082-de46cd14c673{ip: 10.42.0.42, host: datanode-1.datanode.default.svc.cluster.local, ports: [REPLICATION=9886, RATIS=9858, RATIS_ADMIN=9857, RATIS_SERVER=9856, STANDALONE=9859], networkLocation: /default-rack, certSerialId: null, persistedOpState: IN_SERVICE, persistedOpStateExpiryEpochSec: 0}
2022-10-24 19:18:26 INFO  PipelineReportHandler:115 - Reported pipeline PipelineID=fb8d2a89-c473-4eed-8cd1-8ba57639bc41 is not found
2022-10-24 19:18:26 INFO  NodeAddressUpdateHandler:54 - Closing stale pipelines for datanode: 7485e6d0-f54c-4bfc-b082-de46cd14c673{ip: 10.42.0.42, host: datanode-1.datanode.default.svc.cluster.local, ports: [REPLICATION=9886, RATIS=9858, RATIS_ADMIN=9857, RATIS_SERVER=9856, STANDALONE=9859], networkLocation: /default-rack, certSerialId: null, persistedOpState: IN_SERVICE, persistedOpStateExpiryEpochSec: 0}
2022-10-24 19:18:26 INFO  PipelineManagerImpl:467 - Found 2 stale pipelines
2022-10-24 19:18:26 INFO  PipelineManagerImpl:471 - Closing the stale pipeline: PipelineID=2d4858d6-465d-4cf6-8b19-de9e8838a6b9
2022-10-24 19:18:26 INFO  PipelineManagerImpl:442 - Pipeline Pipeline[ Id: 2d4858d6-465d-4cf6-8b19-de9e8838a6b9, Nodes: 123567ab-1d0b-4f54-8b2d-dbaab6484ec4{ip: 10.42.0.41, host: datanode-0.datanode.default.svc.cluster.local, ports: [REPLICATION=9886, RATIS=9858, RATIS_ADMIN=9857, RATIS_SERVER=9856, STANDALONE=9859], networkLocation: /default-rack, certSerialId: null, persistedOpState: IN_SERVICE, persistedOpStateExpiryEpochSec: 0}7485e6d0-f54c-4bfc-b082-de46cd14c673{ip: 10.42.0.38, host: datanode-1.datanode.default.svc.cluster.local, ports: [REPLICATION=9886, RATIS=9858, RATIS_ADMIN=9857, RATIS_SERVER=9856, STANDALONE=9859], networkLocation: /default-rack, certSerialId: null, persistedOpState: IN_SERVICE, persistedOpStateExpiryEpochSec: 0}4eb78c01-6b42-4f46-a17c-ca8dc04dcfd4{ip: 10.42.0.40, host: datanode-2.datanode.default.svc.cluster.local, ports: [REPLICATION=9886, RATIS=9858, RATIS_ADMIN=9857, RATIS_SERVER=9856, STANDALONE=9859], networkLocation: /default-rack, certSerialId: null, persistedOpState: IN_SERVICE, persistedOpStateExpiryEpochSec: 0}, ReplicationConfig: RATIS/THREE, State:ALLOCATED, leaderId:, CreationTimestamp2022-10-24T19:18:22.551Z[UTC]] moved to CLOSED state
2022-10-24 19:18:26 INFO  RatisPipelineProvider:244 - Send pipeline:PipelineID=2d4858d6-465d-4cf6-8b19-de9e8838a6b9 close command to datanode 123567ab-1d0b-4f54-8b2d-dbaab6484ec4
2022-10-24 19:18:26 INFO  RatisPipelineProvider:244 - Send pipeline:PipelineID=2d4858d6-465d-4cf6-8b19-de9e8838a6b9 close command to datanode 7485e6d0-f54c-4bfc-b082-de46cd14c673
2022-10-24 19:18:26 INFO  RatisPipelineProvider:244 - Send pipeline:PipelineID=2d4858d6-465d-4cf6-8b19-de9e8838a6b9 close command to datanode 4eb78c01-6b42-4f46-a17c-ca8dc04dcfd4
2022-10-24 19:18:26 INFO  PipelineStateManagerImpl:245 - Pipeline Pipeline[ Id: 2d4858d6-465d-4cf6-8b19-de9e8838a6b9, Nodes: 123567ab-1d0b-4f54-8b2d-dbaab6484ec4{ip: 10.42.0.41, host: datanode-0.datanode.default.svc.cluster.local, ports: [REPLICATION=9886, RATIS=9858, RATIS_ADMIN=9857, RATIS_SERVER=9856, STANDALONE=9859], networkLocation: /default-rack, certSerialId: null, persistedOpState: IN_SERVICE, persistedOpStateExpiryEpochSec: 0}7485e6d0-f54c-4bfc-b082-de46cd14c673{ip: 10.42.0.38, host: datanode-1.datanode.default.svc.cluster.local, ports: [REPLICATION=9886, RATIS=9858, RATIS_ADMIN=9857, RATIS_SERVER=9856, STANDALONE=9859], networkLocation: /default-rack, certSerialId: null, persistedOpState: IN_SERVICE, persistedOpStateExpiryEpochSec: 0}4eb78c01-6b42-4f46-a17c-ca8dc04dcfd4{ip: 10.42.0.40, host: datanode-2.datanode.default.svc.cluster.local, ports: [REPLICATION=9886, RATIS=9858, RATIS_ADMIN=9857, RATIS_SERVER=9856, STANDALONE=9859], networkLocation: /default-rack, certSerialId: null, persistedOpState: IN_SERVICE, persistedOpStateExpiryEpochSec: 0}, ReplicationConfig: RATIS/THREE, State:CLOSED, leaderId:, CreationTimestamp2022-10-24T19:18:22.551Z[UTC]] removed.
2022-10-24 19:18:26 INFO  PipelineManagerImpl:473 - Closed the stale pipeline: PipelineID=2d4858d6-465d-4cf6-8b19-de9e8838a6b9
2022-10-24 19:18:26 INFO  PipelineManagerImpl:471 - Closing the stale pipeline: PipelineID=759e3e38-8237-45db-89e6-663c316361c9
2022-10-24 19:18:26 INFO  PipelineManagerImpl:442 - Pipeline Pipeline[ Id: 759e3e38-8237-45db-89e6-663c316361c9, Nodes: 7485e6d0-f54c-4bfc-b082-de46cd14c673{ip: 10.42.0.38, host: datanode-1.datanode.default.svc.cluster.local, ports: [REPLICATION=9886, RATIS=9858, RATIS_ADMIN=9857, RATIS_SERVER=9856, STANDALONE=9859], networkLocation: /default-rack, certSerialId: null, persistedOpState: IN_SERVICE, persistedOpStateExpiryEpochSec: 0}, ReplicationConfig: RATIS/ONE, State:OPEN, leaderId:7485e6d0-f54c-4bfc-b082-de46cd14c673, CreationTimestamp2022-10-24T19:17:04.832Z[UTC]] moved to CLOSED state
2022-10-24 19:18:26 INFO  RatisPipelineProvider:244 - Send pipeline:PipelineID=759e3e38-8237-45db-89e6-663c316361c9 close command to datanode 7485e6d0-f54c-4bfc-b082-de46cd14c673
2022-10-24 19:18:26 INFO  PipelineStateManagerImpl:245 - Pipeline Pipeline[ Id: 759e3e38-8237-45db-89e6-663c316361c9, Nodes: 7485e6d0-f54c-4bfc-b082-de46cd14c673{ip: 10.42.0.38, host: datanode-1.datanode.default.svc.cluster.local, ports: [REPLICATION=9886, RATIS=9858, RATIS_ADMIN=9857, RATIS_SERVER=9856, STANDALONE=9859], networkLocation: /default-rack, certSerialId: null, persistedOpState: IN_SERVICE, persistedOpStateExpiryEpochSec: 0}, ReplicationConfig: RATIS/ONE, State:CLOSED, leaderId:7485e6d0-f54c-4bfc-b082-de46cd14c673, CreationTimestamp2022-10-24T19:17:04.832Z[UTC]] removed.
2022-10-24 19:18:27 INFO  PipelineManagerImpl:473 - Closed the stale pipeline: PipelineID=759e3e38-8237-45db-89e6-663c316361c9
2022-10-24 19:18:27 INFO  BackgroundPipelineCreator:276 - trigger a one-shot run on RatisPipelineUtilsThread.
2022-10-24 19:18:27 INFO  RatisPipelineProvider:195 - Sending CreatePipelineCommand for pipeline:PipelineID=6ffd8ecd-e051-4cc1-9cc6-a07ef28751c9 to datanode:7485e6d0-f54c-4bfc-b082-de46cd14c673
2022-10-24 19:18:27 INFO  PipelineStateManagerImpl:103 - Created pipeline Pipeline[ Id: 6ffd8ecd-e051-4cc1-9cc6-a07ef28751c9, Nodes: 7485e6d0-f54c-4bfc-b082-de46cd14c673{ip: 10.42.0.42, host: datanode-1.datanode.default.svc.cluster.local, ports: [REPLICATION=9886, RATIS=9858, RATIS_ADMIN=9857, RATIS_SERVER=9856, STANDALONE=9859], networkLocation: /default-rack, certSerialId: null, persistedOpState: IN_SERVICE, persistedOpStateExpiryEpochSec: 0}, ReplicationConfig: RATIS/ONE, State:ALLOCATED, leaderId:, CreationTimestamp2022-10-24T19:18:27.021Z[UTC]].
2022-10-24 19:18:27 INFO  RatisPipelineProvider:195 - Sending CreatePipelineCommand for pipeline:PipelineID=d4a95de4-4d79-4c2f-abd1-d098074a8193 to datanode:123567ab-1d0b-4f54-8b2d-dbaab6484ec4
2022-10-24 19:18:27 INFO  RatisPipelineProvider:195 - Sending CreatePipelineCommand for pipeline:PipelineID=d4a95de4-4d79-4c2f-abd1-d098074a8193 to datanode:7485e6d0-f54c-4bfc-b082-de46cd14c673
2022-10-24 19:18:27 INFO  RatisPipelineProvider:195 - Sending CreatePipelineCommand for pipeline:PipelineID=d4a95de4-4d79-4c2f-abd1-d098074a8193 to datanode:4eb78c01-6b42-4f46-a17c-ca8dc04dcfd4
2022-10-24 19:18:27 INFO  PipelineStateManagerImpl:103 - Created pipeline Pipeline[ Id: d4a95de4-4d79-4c2f-abd1-d098074a8193, Nodes: 123567ab-1d0b-4f54-8b2d-dbaab6484ec4{ip: 10.42.0.41, host: datanode-0.datanode.default.svc.cluster.local, ports: [REPLICATION=9886, RATIS=9858, RATIS_ADMIN=9857, RATIS_SERVER=9856, STANDALONE=9859], networkLocation: /default-rack, certSerialId: null, persistedOpState: IN_SERVICE, persistedOpStateExpiryEpochSec: 0}7485e6d0-f54c-4bfc-b082-de46cd14c673{ip: 10.42.0.42, host: datanode-1.datanode.default.svc.cluster.local, ports: [REPLICATION=9886, RATIS=9858, RATIS_ADMIN=9857, RATIS_SERVER=9856, STANDALONE=9859], networkLocation: /default-rack, certSerialId: null, persistedOpState: IN_SERVICE, persistedOpStateExpiryEpochSec: 0}4eb78c01-6b42-4f46-a17c-ca8dc04dcfd4{ip: 10.42.0.40, host: datanode-2.datanode.default.svc.cluster.local, ports: [REPLICATION=9886, RATIS=9858, RATIS_ADMIN=9857, RATIS_SERVER=9856, STANDALONE=9859], networkLocation: /default-rack, certSerialId: null, persistedOpState: IN_SERVICE, persistedOpStateExpiryEpochSec: 0}, ReplicationConfig: RATIS/THREE, State:ALLOCATED, leaderId:, CreationTimestamp2022-10-24T19:18:27.032Z[UTC]].
2022-10-24 19:18:27 INFO  PipelineReportHandler:115 - Reported pipeline PipelineID=2d4858d6-465d-4cf6-8b19-de9e8838a6b9 is not found
2022-10-24 19:18:27 INFO  PipelineReportHandler:115 - Reported pipeline PipelineID=fb8d2a89-c473-4eed-8cd1-8ba57639bc41 is not found
2022-10-24 19:18:27 INFO  PipelineReportHandler:115 - Reported pipeline PipelineID=759e3e38-8237-45db-89e6-663c316361c9 is not found
2022-10-24 19:18:28 INFO  PipelineManagerImpl:367 - Pipeline Pipeline[ Id: 6ffd8ecd-e051-4cc1-9cc6-a07ef28751c9, Nodes: 7485e6d0-f54c-4bfc-b082-de46cd14c673{ip: 10.42.0.42, host: datanode-1.datanode.default.svc.cluster.local, ports: [REPLICATION=9886, RATIS=9858, RATIS_ADMIN=9857, RATIS_SERVER=9856, STANDALONE=9859], networkLocation: /default-rack, certSerialId: null, persistedOpState: IN_SERVICE, persistedOpStateExpiryEpochSec: 0}, ReplicationConfig: RATIS/ONE, State:ALLOCATED, leaderId:7485e6d0-f54c-4bfc-b082-de46cd14c673, CreationTimestamp2022-10-24T19:18:27.021Z[UTC]] moved to OPEN state
2022-10-24 19:18:29 INFO  PipelineReportHandler:115 - Reported pipeline PipelineID=2d4858d6-465d-4cf6-8b19-de9e8838a6b9 is not found
2022-10-24 19:18:29 INFO  SCMNodeManager:416 - Updating data node 4eb78c01-6b42-4f46-a17c-ca8dc04dcfd4 from 4eb78c01-6b42-4f46-a17c-ca8dc04dcfd4{ip: 10.42.0.40, host: datanode-2.datanode.default.svc.cluster.local, ports: [REPLICATION=9886, RATIS=9858, RATIS_ADMIN=9857, RATIS_SERVER=9856, STANDALONE=9859], networkLocation: /default-rack, certSerialId: null, persistedOpState: IN_SERVICE, persistedOpStateExpiryEpochSec: 0} to 4eb78c01-6b42-4f46-a17c-ca8dc04dcfd4{ip: 10.42.0.43, host: datanode-2.datanode.default.svc.cluster.local, ports: [REPLICATION=9886, RATIS=9858, RATIS_ADMIN=9857, RATIS_SERVER=9856, STANDALONE=9859], networkLocation: /default-rack, certSerialId: null, persistedOpState: IN_SERVICE, persistedOpStateExpiryEpochSec: 0}
2022-10-24 19:18:29 INFO  NetworkTopologyImpl:165 - Updated to the new node: /default-rack/4eb78c01-6b42-4f46-a17c-ca8dc04dcfd4
2022-10-24 19:18:29 INFO  NodeStateManager:418 - updating node 4eb78c01-6b42-4f46-a17c-ca8dc04dcfd4 from 4eb78c01-6b42-4f46-a17c-ca8dc04dcfd4{ip: 10.42.0.40, host: datanode-2.datanode.default.svc.cluster.local, ports: [REPLICATION=9886, RATIS=9858, RATIS_ADMIN=9857, RATIS_SERVER=9856, STANDALONE=9859], networkLocation: /default-rack, certSerialId: null, persistedOpState: IN_SERVICE, persistedOpStateExpiryEpochSec: 0} to 4eb78c01-6b42-4f46-a17c-ca8dc04dcfd4{ip: 10.42.0.43, host: datanode-2.datanode.default.svc.cluster.local, ports: [REPLICATION=9886, RATIS=9858, RATIS_ADMIN=9857, RATIS_SERVER=9856, STANDALONE=9859], networkLocation: /default-rack, certSerialId: null, persistedOpState: IN_SERVICE, persistedOpStateExpiryEpochSec: 0} with status OperationalState: IN_SERVICE Health: HEALTHY OperationStateExpiry: 0
2022-10-24 19:18:29 INFO  SCMNodeManager:436 - Updated Datanode to: 4eb78c01-6b42-4f46-a17c-ca8dc04dcfd4{ip: 10.42.0.43, host: datanode-2.datanode.default.svc.cluster.local, ports: [REPLICATION=9886, RATIS=9858, RATIS_ADMIN=9857, RATIS_SERVER=9856, STANDALONE=9859], networkLocation: /default-rack, certSerialId: null, persistedOpState: IN_SERVICE, persistedOpStateExpiryEpochSec: 0}
2022-10-24 19:18:29 INFO  NodeAddressUpdateHandler:54 - Closing stale pipelines for datanode: 4eb78c01-6b42-4f46-a17c-ca8dc04dcfd4{ip: 10.42.0.43, host: datanode-2.datanode.default.svc.cluster.local, ports: [REPLICATION=9886, RATIS=9858, RATIS_ADMIN=9857, RATIS_SERVER=9856, STANDALONE=9859], networkLocation: /default-rack, certSerialId: null, persistedOpState: IN_SERVICE, persistedOpStateExpiryEpochSec: 0}
2022-10-24 19:18:29 INFO  PipelineReportHandler:115 - Reported pipeline PipelineID=fb8d2a89-c473-4eed-8cd1-8ba57639bc41 is not found
2022-10-24 19:18:29 INFO  PipelineManagerImpl:467 - Found 2 stale pipelines
2022-10-24 19:18:29 INFO  PipelineManagerImpl:471 - Closing the stale pipeline: PipelineID=d4a95de4-4d79-4c2f-abd1-d098074a8193
2022-10-24 19:18:29 INFO  PipelineManagerImpl:442 - Pipeline Pipeline[ Id: d4a95de4-4d79-4c2f-abd1-d098074a8193, Nodes: 123567ab-1d0b-4f54-8b2d-dbaab6484ec4{ip: 10.42.0.41, host: datanode-0.datanode.default.svc.cluster.local, ports: [REPLICATION=9886, RATIS=9858, RATIS_ADMIN=9857, RATIS_SERVER=9856, STANDALONE=9859], networkLocation: /default-rack, certSerialId: null, persistedOpState: IN_SERVICE, persistedOpStateExpiryEpochSec: 0}7485e6d0-f54c-4bfc-b082-de46cd14c673{ip: 10.42.0.42, host: datanode-1.datanode.default.svc.cluster.local, ports: [REPLICATION=9886, RATIS=9858, RATIS_ADMIN=9857, RATIS_SERVER=9856, STANDALONE=9859], networkLocation: /default-rack, certSerialId: null, persistedOpState: IN_SERVICE, persistedOpStateExpiryEpochSec: 0}4eb78c01-6b42-4f46-a17c-ca8dc04dcfd4{ip: 10.42.0.40, host: datanode-2.datanode.default.svc.cluster.local, ports: [REPLICATION=9886, RATIS=9858, RATIS_ADMIN=9857, RATIS_SERVER=9856, STANDALONE=9859], networkLocation: /default-rack, certSerialId: null, persistedOpState: IN_SERVICE, persistedOpStateExpiryEpochSec: 0}, ReplicationConfig: RATIS/THREE, State:ALLOCATED, leaderId:, CreationTimestamp2022-10-24T19:18:27.032Z[UTC]] moved to CLOSED state
2022-10-24 19:18:29 INFO  RatisPipelineProvider:244 - Send pipeline:PipelineID=d4a95de4-4d79-4c2f-abd1-d098074a8193 close command to datanode 123567ab-1d0b-4f54-8b2d-dbaab6484ec4
2022-10-24 19:18:29 INFO  RatisPipelineProvider:244 - Send pipeline:PipelineID=d4a95de4-4d79-4c2f-abd1-d098074a8193 close command to datanode 7485e6d0-f54c-4bfc-b082-de46cd14c673
2022-10-24 19:18:29 INFO  RatisPipelineProvider:244 - Send pipeline:PipelineID=d4a95de4-4d79-4c2f-abd1-d098074a8193 close command to datanode 4eb78c01-6b42-4f46-a17c-ca8dc04dcfd4
2022-10-24 19:18:29 INFO  PipelineStateManagerImpl:245 - Pipeline Pipeline[ Id: d4a95de4-4d79-4c2f-abd1-d098074a8193, Nodes: 123567ab-1d0b-4f54-8b2d-dbaab6484ec4{ip: 10.42.0.41, host: datanode-0.datanode.default.svc.cluster.local, ports: [REPLICATION=9886, RATIS=9858, RATIS_ADMIN=9857, RATIS_SERVER=9856, STANDALONE=9859], networkLocation: /default-rack, certSerialId: null, persistedOpState: IN_SERVICE, persistedOpStateExpiryEpochSec: 0}7485e6d0-f54c-4bfc-b082-de46cd14c673{ip: 10.42.0.42, host: datanode-1.datanode.default.svc.cluster.local, ports: [REPLICATION=9886, RATIS=9858, RATIS_ADMIN=9857, RATIS_SERVER=9856, STANDALONE=9859], networkLocation: /default-rack, certSerialId: null, persistedOpState: IN_SERVICE, persistedOpStateExpiryEpochSec: 0}4eb78c01-6b42-4f46-a17c-ca8dc04dcfd4{ip: 10.42.0.40, host: datanode-2.datanode.default.svc.cluster.local, ports: [REPLICATION=9886, RATIS=9858, RATIS_ADMIN=9857, RATIS_SERVER=9856, STANDALONE=9859], networkLocation: /default-rack, certSerialId: null, persistedOpState: IN_SERVICE, persistedOpStateExpiryEpochSec: 0}, ReplicationConfig: RATIS/THREE, State:CLOSED, leaderId:, CreationTimestamp2022-10-24T19:18:27.032Z[UTC]] removed.
2022-10-24 19:18:29 INFO  PipelineManagerImpl:473 - Closed the stale pipeline: PipelineID=d4a95de4-4d79-4c2f-abd1-d098074a8193
2022-10-24 19:18:29 INFO  PipelineManagerImpl:471 - Closing the stale pipeline: PipelineID=8df6304d-b07e-47df-9a1f-e9954f8f1c50
2022-10-24 19:18:29 INFO  PipelineManagerImpl:442 - Pipeline Pipeline[ Id: 8df6304d-b07e-47df-9a1f-e9954f8f1c50, Nodes: 4eb78c01-6b42-4f46-a17c-ca8dc04dcfd4{ip: 10.42.0.40, host: datanode-2.datanode.default.svc.cluster.local, ports: [REPLICATION=9886, RATIS=9858, RATIS_ADMIN=9857, RATIS_SERVER=9856, STANDALONE=9859], networkLocation: /default-rack, certSerialId: null, persistedOpState: IN_SERVICE, persistedOpStateExpiryEpochSec: 0}, ReplicationConfig: RATIS/ONE, State:OPEN, leaderId:4eb78c01-6b42-4f46-a17c-ca8dc04dcfd4, CreationTimestamp2022-10-24T19:17:04.879Z[UTC]] moved to CLOSED state
2022-10-24 19:18:29 INFO  RatisPipelineProvider:244 - Send pipeline:PipelineID=8df6304d-b07e-47df-9a1f-e9954f8f1c50 close command to datanode 4eb78c01-6b42-4f46-a17c-ca8dc04dcfd4
2022-10-24 19:18:29 INFO  PipelineStateManagerImpl:245 - Pipeline Pipeline[ Id: 8df6304d-b07e-47df-9a1f-e9954f8f1c50, Nodes: 4eb78c01-6b42-4f46-a17c-ca8dc04dcfd4{ip: 10.42.0.40, host: datanode-2.datanode.default.svc.cluster.local, ports: [REPLICATION=9886, RATIS=9858, RATIS_ADMIN=9857, RATIS_SERVER=9856, STANDALONE=9859], networkLocation: /default-rack, certSerialId: null, persistedOpState: IN_SERVICE, persistedOpStateExpiryEpochSec: 0}, ReplicationConfig: RATIS/ONE, State:CLOSED, leaderId:4eb78c01-6b42-4f46-a17c-ca8dc04dcfd4, CreationTimestamp2022-10-24T19:17:04.879Z[UTC]] removed.
2022-10-24 19:18:29 INFO  PipelineManagerImpl:473 - Closed the stale pipeline: PipelineID=8df6304d-b07e-47df-9a1f-e9954f8f1c50
2022-10-24 19:18:29 INFO  BackgroundPipelineCreator:276 - trigger a one-shot run on RatisPipelineUtilsThread.
2022-10-24 19:18:29 INFO  RatisPipelineProvider:195 - Sending CreatePipelineCommand for pipeline:PipelineID=2beca7c6-c979-43f8-a5d7-8da3b8cafc05 to datanode:4eb78c01-6b42-4f46-a17c-ca8dc04dcfd4
2022-10-24 19:18:29 INFO  PipelineStateManagerImpl:103 - Created pipeline Pipeline[ Id: 2beca7c6-c979-43f8-a5d7-8da3b8cafc05, Nodes: 4eb78c01-6b42-4f46-a17c-ca8dc04dcfd4{ip: 10.42.0.43, host: datanode-2.datanode.default.svc.cluster.local, ports: [REPLICATION=9886, RATIS=9858, RATIS_ADMIN=9857, RATIS_SERVER=9856, STANDALONE=9859], networkLocation: /default-rack, certSerialId: null, persistedOpState: IN_SERVICE, persistedOpStateExpiryEpochSec: 0}, ReplicationConfig: RATIS/ONE, State:ALLOCATED, leaderId:, CreationTimestamp2022-10-24T19:18:29.688Z[UTC]].
2022-10-24 19:18:29 INFO  RatisPipelineProvider:195 - Sending CreatePipelineCommand for pipeline:PipelineID=5092afa5-3b66-490d-9ad0-fa2c5b07d2ef to datanode:4eb78c01-6b42-4f46-a17c-ca8dc04dcfd4
2022-10-24 19:18:29 INFO  RatisPipelineProvider:195 - Sending CreatePipelineCommand for pipeline:PipelineID=5092afa5-3b66-490d-9ad0-fa2c5b07d2ef to datanode:123567ab-1d0b-4f54-8b2d-dbaab6484ec4
2022-10-24 19:18:29 INFO  RatisPipelineProvider:195 - Sending CreatePipelineCommand for pipeline:PipelineID=5092afa5-3b66-490d-9ad0-fa2c5b07d2ef to datanode:7485e6d0-f54c-4bfc-b082-de46cd14c673
2022-10-24 19:18:29 INFO  PipelineStateManagerImpl:103 - Created pipeline Pipeline[ Id: 5092afa5-3b66-490d-9ad0-fa2c5b07d2ef, Nodes: 4eb78c01-6b42-4f46-a17c-ca8dc04dcfd4{ip: 10.42.0.43, host: datanode-2.datanode.default.svc.cluster.local, ports: [REPLICATION=9886, RATIS=9858, RATIS_ADMIN=9857, RATIS_SERVER=9856, STANDALONE=9859], networkLocation: /default-rack, certSerialId: null, persistedOpState: IN_SERVICE, persistedOpStateExpiryEpochSec: 0}123567ab-1d0b-4f54-8b2d-dbaab6484ec4{ip: 10.42.0.41, host: datanode-0.datanode.default.svc.cluster.local, ports: [REPLICATION=9886, RATIS=9858, RATIS_ADMIN=9857, RATIS_SERVER=9856, STANDALONE=9859], networkLocation: /default-rack, certSerialId: null, persistedOpState: IN_SERVICE, persistedOpStateExpiryEpochSec: 0}7485e6d0-f54c-4bfc-b082-de46cd14c673{ip: 10.42.0.42, host: datanode-1.datanode.default.svc.cluster.local, ports: [REPLICATION=9886, RATIS=9858, RATIS_ADMIN=9857, RATIS_SERVER=9856, STANDALONE=9859], networkLocation: /default-rack, certSerialId: null, persistedOpState: IN_SERVICE, persistedOpStateExpiryEpochSec: 0}, ReplicationConfig: RATIS/THREE, State:ALLOCATED, leaderId:, CreationTimestamp2022-10-24T19:18:29.698Z[UTC]].
2022-10-24 19:18:31 INFO  PipelineReportHandler:115 - Reported pipeline PipelineID=2d4858d6-465d-4cf6-8b19-de9e8838a6b9 is not found
2022-10-24 19:18:31 INFO  PipelineReportHandler:115 - Reported pipeline PipelineID=d4a95de4-4d79-4c2f-abd1-d098074a8193 is not found
2022-10-24 19:18:31 INFO  PipelineReportHandler:115 - Reported pipeline PipelineID=fb8d2a89-c473-4eed-8cd1-8ba57639bc41 is not found
2022-10-24 19:18:31 INFO  PipelineReportHandler:115 - Reported pipeline PipelineID=d4a95de4-4d79-4c2f-abd1-d098074a8193 is not found
2022-10-24 19:18:31 INFO  PipelineReportHandler:115 - Reported pipeline PipelineID=8df6304d-b07e-47df-9a1f-e9954f8f1c50 is not found
2022-10-24 19:18:32 INFO  PipelineReportHandler:115 - Reported pipeline PipelineID=2d4858d6-465d-4cf6-8b19-de9e8838a6b9 is not found
2022-10-24 19:18:32 INFO  PipelineReportHandler:115 - Reported pipeline PipelineID=d4a95de4-4d79-4c2f-abd1-d098074a8193 is not found
2022-10-24 19:18:32 INFO  PipelineReportHandler:115 - Reported pipeline PipelineID=8df6304d-b07e-47df-9a1f-e9954f8f1c50 is not found
2022-10-24 19:18:33 INFO  PipelineReportHandler:115 - Reported pipeline PipelineID=d4a95de4-4d79-4c2f-abd1-d098074a8193 is not found
2022-10-24 19:18:33 INFO  PipelineReportHandler:115 - Reported pipeline PipelineID=d4a95de4-4d79-4c2f-abd1-d098074a8193 is not found
2022-10-24 19:18:34 INFO  PipelineReportHandler:115 - Reported pipeline PipelineID=2d4858d6-465d-4cf6-8b19-de9e8838a6b9 is not found
2022-10-24 19:18:34 INFO  PipelineReportHandler:115 - Reported pipeline PipelineID=d4a95de4-4d79-4c2f-abd1-d098074a8193 is not found
2022-10-24 19:18:34 INFO  PipelineReportHandler:115 - Reported pipeline PipelineID=8df6304d-b07e-47df-9a1f-e9954f8f1c50 is not found
2022-10-24 19:18:34 INFO  PipelineReportHandler:115 - Reported pipeline PipelineID=2d4858d6-465d-4cf6-8b19-de9e8838a6b9 is not found
2022-10-24 19:18:34 INFO  PipelineReportHandler:115 - Reported pipeline PipelineID=d4a95de4-4d79-4c2f-abd1-d098074a8193 is not found
2022-10-24 19:18:34 INFO  PipelineReportHandler:115 - Reported pipeline PipelineID=8df6304d-b07e-47df-9a1f-e9954f8f1c50 is not found
2022-10-24 19:18:35 INFO  PipelineReportHandler:115 - Reported pipeline PipelineID=d4a95de4-4d79-4c2f-abd1-d098074a8193 is not found
2022-10-24 19:18:50 INFO  PipelineManagerImpl:367 - Pipeline Pipeline[ Id: 5092afa5-3b66-490d-9ad0-fa2c5b07d2ef, Nodes: 4eb78c01-6b42-4f46-a17c-ca8dc04dcfd4{ip: 10.42.0.43, host: datanode-2.datanode.default.svc.cluster.local, ports: [REPLICATION=9886, RATIS=9858, RATIS_ADMIN=9857, RATIS_SERVER=9856, STANDALONE=9859], networkLocation: /default-rack, certSerialId: null, persistedOpState: IN_SERVICE, persistedOpStateExpiryEpochSec: 0}123567ab-1d0b-4f54-8b2d-dbaab6484ec4{ip: 10.42.0.41, host: datanode-0.datanode.default.svc.cluster.local, ports: [REPLICATION=9886, RATIS=9858, RATIS_ADMIN=9857, RATIS_SERVER=9856, STANDALONE=9859], networkLocation: /default-rack, certSerialId: null, persistedOpState: IN_SERVICE, persistedOpStateExpiryEpochSec: 0}7485e6d0-f54c-4bfc-b082-de46cd14c673{ip: 10.42.0.42, host: datanode-1.datanode.default.svc.cluster.local, ports: [REPLICATION=9886, RATIS=9858, RATIS_ADMIN=9857, RATIS_SERVER=9856, STANDALONE=9859], networkLocation: /default-rack, certSerialId: null, persistedOpState: IN_SERVICE, persistedOpStateExpiryEpochSec: 0}, ReplicationConfig: RATIS/THREE, State:ALLOCATED, leaderId:7485e6d0-f54c-4bfc-b082-de46cd14c673, CreationTimestamp2022-10-24T19:18:29.698Z[UTC]] moved to OPEN state
2022-10-24 19:18:50 INFO  PipelineReportHandler:115 - Reported pipeline PipelineID=d4a95de4-4d79-4c2f-abd1-d098074a8193 is not found
2022-10-24 19:19:38 INFO  PipelineManagerImpl:367 - Pipeline Pipeline[ Id: 2beca7c6-c979-43f8-a5d7-8da3b8cafc05, Nodes: 4eb78c01-6b42-4f46-a17c-ca8dc04dcfd4{ip: 10.42.0.43, host: datanode-2.datanode.default.svc.cluster.local, ports: [REPLICATION=9886, RATIS=9858, RATIS_ADMIN=9857, RATIS_SERVER=9856, STANDALONE=9859], networkLocation: /default-rack, certSerialId: null, persistedOpState: IN_SERVICE, persistedOpStateExpiryEpochSec: 0}, ReplicationConfig: RATIS/ONE, State:ALLOCATED, leaderId:4eb78c01-6b42-4f46-a17c-ca8dc04dcfd4, CreationTimestamp2022-10-24T19:18:29.688Z[UTC]] moved to OPEN state
