Waiting for the service scm-0.scm:9876
WARNING: HADOOP_CONF_DIR has been deprecated by OZONE_CONF_DIR.
WARNING: HADOOP_LOG_DIR has been deprecated by OZONE_LOG_DIR.
No '-XX:...' jvm parameters are set. Adding safer GC settings '-XX:ParallelGCThreads=8 -XX:+UseConcMarkSweepGC -XX:CMSInitiatingOccupancyFraction=70 -XX:+CMSParallelRemarkEnabled' to the OZONE_OPTS
OpenJDK 64-Bit Server VM warning: Option UseConcMarkSweepGC was deprecated in version 9.0 and will likely be removed in a future release.
2021-07-23 12:58:22 INFO  OzoneManagerStarter:112 - STARTUP_MSG: 
/************************************************************
STARTUP_MSG: Starting OzoneManager
STARTUP_MSG:   host = om-0/10.42.0.10
STARTUP_MSG:   args = [--init]
STARTUP_MSG:   version = 1.2.0-SNAPSHOT
STARTUP_MSG:   classpath = /etc/hadoop:/opt/hadoop/share/ozone/lib/hdds-interface-admin-1.2.0-SNAPSHOT.jar:/opt/hadoop/share/ozone/lib/kerb-simplekdc-1.0.1.jar:/opt/hadoop/share/ozone/lib/jackson-annotations-2.12.1.jar:/opt/hadoop/share/ozone/lib/protobuf-java-2.5.0.jar:/opt/hadoop/share/ozone/lib/slf4j-log4j12-1.7.30.jar:/opt/hadoop/share/ozone/lib/log4j-api-2.13.3.jar:/opt/hadoop/share/ozone/lib/commons-validator-1.6.jar:/opt/hadoop/share/ozone/lib/hdds-server-framework-1.2.0-SNAPSHOT.jar:/opt/hadoop/share/ozone/lib/jetty-security-9.4.35.v20201120.jar:/opt/hadoop/share/ozone/lib/bcpkix-jdk15on-1.67.jar:/opt/hadoop/share/ozone/lib/rocksdbjni-6.20.3.jar:/opt/hadoop/share/ozone/lib/kerb-core-1.0.1.jar:/opt/hadoop/share/ozone/lib/hdds-interface-server-1.2.0-SNAPSHOT.jar:/opt/hadoop/share/ozone/lib/picocli-4.4.0.jar:/opt/hadoop/share/ozone/lib/hadoop-shaded-protobuf_3_7-1.1.1.jar:/opt/hadoop/share/ozone/lib/ratis-server-2.1.0.jar:/opt/hadoop/share/ozone/lib/okhttp-4.9.0.jar:/opt/hadoop/share/ozone/lib/jsr305-3.0.0.jar:/opt/hadoop/share/ozone/lib/j2objc-annotations-1.3.jar:/opt/hadoop/share/ozone/lib/hdds-hadoop-dependency-server-1.2.0-SNAPSHOT.jar:/opt/hadoop/share/ozone/lib/htrace-core4-4.1.0-incubating.jar:/opt/hadoop/share/ozone/lib/javassist-3.21.0-GA.jar:/opt/hadoop/share/ozone/lib/commons-io-2.8.0.jar:/opt/hadoop/share/ozone/lib/kerb-util-1.0.1.jar:/opt/hadoop/share/ozone/lib/kotlin-stdlib-common-1.4.31.jar:/opt/hadoop/share/ozone/lib/checker-qual-3.8.0.jar:/opt/hadoop/share/ozone/lib/hadoop-shaded-guava-1.1.1.jar:/opt/hadoop/share/ozone/lib/commons-logging-1.2.jar:/opt/hadoop/share/ozone/lib/kerby-xdr-1.0.1.jar:/opt/hadoop/share/ozone/lib/jackson-datatype-jsr310-2.12.1.jar:/opt/hadoop/share/ozone/lib/httpcore-4.4.13.jar:/opt/hadoop/share/ozone/lib/opentracing-tracerresolver-0.1.8.jar:/opt/hadoop/share/ozone/lib/aspectjweaver-1.8.9.jar:/opt/hadoop/share/ozone/lib/commons-net-3.6.jar:/opt/hadoop/share/ozone/lib/hdds-client-1.2.0-SNAPSHOT.jar:/opt/hadoop/share/ozone/lib/libthrift-0.14.1.jar:/opt/hadoop/share/ozone/lib/snakeyaml-1.26.jar:/opt/hadoop/share/ozone/lib/error_prone_annotations-2.2.0.jar:/opt/hadoop/share/ozone/lib/httpclient-4.5.13.jar:/opt/hadoop/share/ozone/lib/kerby-config-1.0.1.jar:/opt/hadoop/share/ozone/lib/jaeger-client-1.6.0.jar:/opt/hadoop/share/ozone/lib/metrics-core-3.2.4.jar:/opt/hadoop/share/ozone/lib/kerby-pkix-1.0.1.jar:/opt/hadoop/share/ozone/lib/jetty-webapp-9.4.35.v20201120.jar:/opt/hadoop/share/ozone/lib/jsr311-api-1.1.1.jar:/opt/hadoop/share/ozone/lib/commons-beanutils-1.9.4.jar:/opt/hadoop/share/ozone/lib/ozone-interface-client-1.2.0-SNAPSHOT.jar:/opt/hadoop/share/ozone/lib/javax.servlet-api-3.1.0.jar:/opt/hadoop/share/ozone/lib/kerb-server-1.0.1.jar:/opt/hadoop/share/ozone/lib/guava-30.1.1-jre.jar:/opt/hadoop/share/ozone/lib/jetty-server-9.4.35.v20201120.jar:/opt/hadoop/share/ozone/lib/jetty-util-9.4.35.v20201120.jar:/opt/hadoop/share/ozone/lib/jackson-core-2.12.1.jar:/opt/hadoop/share/ozone/lib/kerb-client-1.0.1.jar:/opt/hadoop/share/ozone/lib/disruptor-3.4.2.jar:/opt/hadoop/share/ozone/lib/reflections-0.9.11.jar:/opt/hadoop/share/ozone/lib/log4j-core-2.13.3.jar:/opt/hadoop/share/ozone/lib/hadoop-hdfs-3.3.1.jar:/opt/hadoop/share/ozone/lib/annotations-13.0.jar:/opt/hadoop/share/ozone/lib/simpleclient_common-0.7.0.jar:/opt/hadoop/share/ozone/lib/jackson-databind-2.12.1.jar:/opt/hadoop/share/ozone/lib/hadoop-common-3.3.1.jar:/opt/hadoop/share/ozone/lib/dnsjava-2.1.7.jar:/opt/hadoop/share/ozone/lib/jaeger-thrift-1.6.0.jar:/opt/hadoop/share/ozone/lib/bcprov-jdk15on-1.67.jar:/opt/hadoop/share/ozone/lib/commons-configuration2-2.1.1.jar:/opt/hadoop/share/ozone/lib/json-smart-2.3.jar:/opt/hadoop/share/ozone/lib/token-provider-1.0.1.jar:/opt/hadoop/share/ozone/lib/log4j-1.2.17.jar:/opt/hadoop/share/ozone/lib/commons-daemon-1.0.13.jar:/opt/hadoop/share/ozone/lib/listenablefuture-9999.0-empty-to-avoid-conflict-with-guava.jar:/opt/hadoop/share/ozone/lib/aspectjrt-1.8.9.jar:/opt/hadoop/share/ozone/lib/jaeger-tracerresolver-1.6.0.jar:/opt/hadoop/share/ozone/lib/ozone-common-1.2.0-SNAPSHOT.jar:/opt/hadoop/share/ozone/lib/commons-lang3-3.7.jar:/opt/hadoop/share/ozone/lib/hdds-common-1.2.0-SNAPSHOT.jar:/opt/hadoop/share/ozone/lib/jetty-util-ajax-9.4.35.v20201120.jar:/opt/hadoop/share/ozone/lib/accessors-smart-1.2.jar:/opt/hadoop/share/ozone/lib/ratis-grpc-2.1.0.jar:/opt/hadoop/share/ozone/lib/jetty-io-9.4.35.v20201120.jar:/opt/hadoop/share/ozone/lib/jetty-xml-9.4.35.v20201120.jar:/opt/hadoop/share/ozone/lib/ratis-common-2.1.0.jar:/opt/hadoop/share/ozone/lib/re2j-1.1.jar:/opt/hadoop/share/ozone/lib/commons-math3-3.1.1.jar:/opt/hadoop/share/ozone/lib/ratis-thirdparty-misc-0.7.0.jar:/opt/hadoop/share/ozone/lib/simpleclient_dropwizard-0.7.0.jar:/opt/hadoop/share/ozone/lib/simpleclient-0.7.0.jar:/opt/hadoop/share/ozone/lib/ozone-client-1.2.0-SNAPSHOT.jar:/opt/hadoop/share/ozone/lib/asm-5.0.4.jar:/opt/hadoop/share/ozone/lib/kerby-util-1.0.1.jar:/opt/hadoop/share/ozone/lib/ratis-client-2.1.0.jar:/opt/hadoop/share/ozone/lib/hdds-hadoop-dependency-client-1.2.0-SNAPSHOT.jar:/opt/hadoop/share/ozone/lib/failureaccess-1.0.1.jar:/opt/hadoop/share/ozone/lib/okio-2.8.0.jar:/opt/hadoop/share/ozone/lib/ratis-proto-2.1.0.jar:/opt/hadoop/share/ozone/lib/ratis-netty-2.1.0.jar:/opt/hadoop/share/ozone/lib/hdds-config-1.2.0-SNAPSHOT.jar:/opt/hadoop/share/ozone/lib/jsp-api-2.1.jar:/opt/hadoop/share/ozone/lib/jsch-0.1.54.jar:/opt/hadoop/share/ozone/lib/jakarta.activation-api-1.2.1.jar:/opt/hadoop/share/ozone/lib/slf4j-api-1.7.30.jar:/opt/hadoop/share/ozone/lib/hadoop-hdfs-client-3.3.1.jar:/opt/hadoop/share/ozone/lib/nimbus-jose-jwt-7.9.jar:/opt/hadoop/share/ozone/lib/commons-codec-1.11.jar:/opt/hadoop/share/ozone/lib/commons-pool2-2.6.0.jar:/opt/hadoop/share/ozone/lib/gson-2.2.4.jar:/opt/hadoop/share/ozone/lib/opentracing-api-0.33.0.jar:/opt/hadoop/share/ozone/lib/hdds-interface-client-1.2.0-SNAPSHOT.jar:/opt/hadoop/share/ozone/lib/jcip-annotations-1.0-1.jar:/opt/hadoop/share/ozone/lib/kerb-admin-1.0.1.jar:/opt/hadoop/share/ozone/lib/kotlin-stdlib-1.4.31.jar:/opt/hadoop/share/ozone/lib/opentracing-noop-0.33.0.jar:/opt/hadoop/share/ozone/lib/jersey-core-1.19.jar:/opt/hadoop/share/ozone/lib/opentracing-util-0.33.0.jar:/opt/hadoop/share/ozone/lib/ozone-interface-storage-1.2.0-SNAPSHOT.jar:/opt/hadoop/share/ozone/lib/snappy-java-1.1.8.2.jar:/opt/hadoop/share/ozone/lib/commons-cli-1.2.jar:/opt/hadoop/share/ozone/lib/woodstox-core-5.0.3.jar:/opt/hadoop/share/ozone/lib/javax.annotation-api-1.2.jar:/opt/hadoop/share/ozone/lib/jetty-servlet-9.4.35.v20201120.jar:/opt/hadoop/share/ozone/lib/kerby-asn1-1.0.1.jar:/opt/hadoop/share/ozone/lib/ratis-metrics-2.1.0.jar:/opt/hadoop/share/ozone/lib/hadoop-annotations-3.3.1.jar:/opt/hadoop/share/ozone/lib/stax2-api-3.1.4.jar:/opt/hadoop/share/ozone/lib/commons-collections-3.2.2.jar:/opt/hadoop/share/ozone/lib/commons-digester-1.8.1.jar:/opt/hadoop/share/ozone/lib/jaeger-core-1.6.0.jar:/opt/hadoop/share/ozone/lib/commons-text-1.4.jar:/opt/hadoop/share/ozone/lib/jersey-servlet-1.19.jar:/opt/hadoop/share/ozone/lib/hadoop-auth-3.3.1.jar:/opt/hadoop/share/ozone/lib/kerb-identity-1.0.1.jar:/opt/hadoop/share/ozone/lib/ratis-server-api-2.1.0.jar:/opt/hadoop/share/ozone/lib/kerb-common-1.0.1.jar:/opt/hadoop/share/ozone/lib/jersey-server-1.19.jar:/opt/hadoop/share/ozone/lib/commons-compress-1.20.jar:/opt/hadoop/share/ozone/lib/jetty-http-9.4.35.v20201120.jar:/opt/hadoop/share/ozone/lib/kerb-crypto-1.0.1.jar:/opt/hadoop/share/ozone/web:/opt/hadoop/share/ozone/lib/ozone-manager-1.2.0-SNAPSHOT.jar
STARTUP_MSG:   build = https://github.com/apache/ozone/2759a9f4594a6ea3d967ab4232fb3dcac15d12c5 ; compiled by 'runner' on 2021-07-23T12:44Z
STARTUP_MSG:   java = 11.0.6
************************************************************/
2021-07-23 12:58:22 INFO  OzoneManagerStarter:90 - registered UNIX signal handlers for [TERM, HUP, INT]
2021-07-23 12:58:24 INFO  OMHANodeDetails:105 - ozone.om.internal.service.id is not defined, falling back to ozone.om.service.ids to find serviceID for OzoneManager if it is HA enabled cluster
2021-07-23 12:58:24 INFO  OMHANodeDetails:212 - Configuration does not have ozone.om.address set. Falling back to the default OM address om-0.om/10.42.0.10:9862
2021-07-23 12:58:24 INFO  OMHANodeDetails:240 - OM Service ID is not set. Setting it to the default ID: omServiceIdDefault
2021-07-23 12:58:24 INFO  OMHANodeDetails:247 - OM Node ID is not set. Setting it to the default ID: om1
2021-07-23 12:58:24 WARN  ServerUtils:225 - ozone.om.db.dirs is not configured. We recommend adding this setting. Falling back to ozone.metadata.dirs instead.
2021-07-23 12:58:24 WARN  NativeCodeLoader:60 - Unable to load native-hadoop library for your platform... using builtin-java classes where applicable
OM initialization succeeded.Current cluster id for sd=/data/metadata/om;cid=CID-9898f805-bdb7-4c6e-aba1-910a3ee2e6ed;layoutVersion=0
2021-07-23 12:58:24 INFO  OzoneManagerStarter:124 - SHUTDOWN_MSG: 
/************************************************************
SHUTDOWN_MSG: Shutting down OzoneManager at om-0/10.42.0.10
************************************************************/
WARNING: HADOOP_CONF_DIR has been deprecated by OZONE_CONF_DIR.
WARNING: HADOOP_LOG_DIR has been deprecated by OZONE_LOG_DIR.
No '-XX:...' jvm parameters are set. Adding safer GC settings '-XX:ParallelGCThreads=8 -XX:+UseConcMarkSweepGC -XX:CMSInitiatingOccupancyFraction=70 -XX:+CMSParallelRemarkEnabled' to the OZONE_OPTS
OpenJDK 64-Bit Server VM warning: Option UseConcMarkSweepGC was deprecated in version 9.0 and will likely be removed in a future release.
2021-07-23 12:58:26 INFO  OzoneManagerStarter:112 - STARTUP_MSG: 
/************************************************************
STARTUP_MSG: Starting OzoneManager
STARTUP_MSG:   host = om-0/10.42.0.10
STARTUP_MSG:   args = []
STARTUP_MSG:   version = 1.2.0-SNAPSHOT
STARTUP_MSG:   classpath = /etc/hadoop:/opt/hadoop/share/ozone/lib/hdds-interface-admin-1.2.0-SNAPSHOT.jar:/opt/hadoop/share/ozone/lib/kerb-simplekdc-1.0.1.jar:/opt/hadoop/share/ozone/lib/jackson-annotations-2.12.1.jar:/opt/hadoop/share/ozone/lib/protobuf-java-2.5.0.jar:/opt/hadoop/share/ozone/lib/slf4j-log4j12-1.7.30.jar:/opt/hadoop/share/ozone/lib/log4j-api-2.13.3.jar:/opt/hadoop/share/ozone/lib/commons-validator-1.6.jar:/opt/hadoop/share/ozone/lib/hdds-server-framework-1.2.0-SNAPSHOT.jar:/opt/hadoop/share/ozone/lib/jetty-security-9.4.35.v20201120.jar:/opt/hadoop/share/ozone/lib/bcpkix-jdk15on-1.67.jar:/opt/hadoop/share/ozone/lib/rocksdbjni-6.20.3.jar:/opt/hadoop/share/ozone/lib/kerb-core-1.0.1.jar:/opt/hadoop/share/ozone/lib/hdds-interface-server-1.2.0-SNAPSHOT.jar:/opt/hadoop/share/ozone/lib/picocli-4.4.0.jar:/opt/hadoop/share/ozone/lib/hadoop-shaded-protobuf_3_7-1.1.1.jar:/opt/hadoop/share/ozone/lib/ratis-server-2.1.0.jar:/opt/hadoop/share/ozone/lib/okhttp-4.9.0.jar:/opt/hadoop/share/ozone/lib/jsr305-3.0.0.jar:/opt/hadoop/share/ozone/lib/j2objc-annotations-1.3.jar:/opt/hadoop/share/ozone/lib/hdds-hadoop-dependency-server-1.2.0-SNAPSHOT.jar:/opt/hadoop/share/ozone/lib/htrace-core4-4.1.0-incubating.jar:/opt/hadoop/share/ozone/lib/javassist-3.21.0-GA.jar:/opt/hadoop/share/ozone/lib/commons-io-2.8.0.jar:/opt/hadoop/share/ozone/lib/kerb-util-1.0.1.jar:/opt/hadoop/share/ozone/lib/kotlin-stdlib-common-1.4.31.jar:/opt/hadoop/share/ozone/lib/checker-qual-3.8.0.jar:/opt/hadoop/share/ozone/lib/hadoop-shaded-guava-1.1.1.jar:/opt/hadoop/share/ozone/lib/commons-logging-1.2.jar:/opt/hadoop/share/ozone/lib/kerby-xdr-1.0.1.jar:/opt/hadoop/share/ozone/lib/jackson-datatype-jsr310-2.12.1.jar:/opt/hadoop/share/ozone/lib/httpcore-4.4.13.jar:/opt/hadoop/share/ozone/lib/opentracing-tracerresolver-0.1.8.jar:/opt/hadoop/share/ozone/lib/aspectjweaver-1.8.9.jar:/opt/hadoop/share/ozone/lib/commons-net-3.6.jar:/opt/hadoop/share/ozone/lib/hdds-client-1.2.0-SNAPSHOT.jar:/opt/hadoop/share/ozone/lib/libthrift-0.14.1.jar:/opt/hadoop/share/ozone/lib/snakeyaml-1.26.jar:/opt/hadoop/share/ozone/lib/error_prone_annotations-2.2.0.jar:/opt/hadoop/share/ozone/lib/httpclient-4.5.13.jar:/opt/hadoop/share/ozone/lib/kerby-config-1.0.1.jar:/opt/hadoop/share/ozone/lib/jaeger-client-1.6.0.jar:/opt/hadoop/share/ozone/lib/metrics-core-3.2.4.jar:/opt/hadoop/share/ozone/lib/kerby-pkix-1.0.1.jar:/opt/hadoop/share/ozone/lib/jetty-webapp-9.4.35.v20201120.jar:/opt/hadoop/share/ozone/lib/jsr311-api-1.1.1.jar:/opt/hadoop/share/ozone/lib/commons-beanutils-1.9.4.jar:/opt/hadoop/share/ozone/lib/ozone-interface-client-1.2.0-SNAPSHOT.jar:/opt/hadoop/share/ozone/lib/javax.servlet-api-3.1.0.jar:/opt/hadoop/share/ozone/lib/kerb-server-1.0.1.jar:/opt/hadoop/share/ozone/lib/guava-30.1.1-jre.jar:/opt/hadoop/share/ozone/lib/jetty-server-9.4.35.v20201120.jar:/opt/hadoop/share/ozone/lib/jetty-util-9.4.35.v20201120.jar:/opt/hadoop/share/ozone/lib/jackson-core-2.12.1.jar:/opt/hadoop/share/ozone/lib/kerb-client-1.0.1.jar:/opt/hadoop/share/ozone/lib/disruptor-3.4.2.jar:/opt/hadoop/share/ozone/lib/reflections-0.9.11.jar:/opt/hadoop/share/ozone/lib/log4j-core-2.13.3.jar:/opt/hadoop/share/ozone/lib/hadoop-hdfs-3.3.1.jar:/opt/hadoop/share/ozone/lib/annotations-13.0.jar:/opt/hadoop/share/ozone/lib/simpleclient_common-0.7.0.jar:/opt/hadoop/share/ozone/lib/jackson-databind-2.12.1.jar:/opt/hadoop/share/ozone/lib/hadoop-common-3.3.1.jar:/opt/hadoop/share/ozone/lib/dnsjava-2.1.7.jar:/opt/hadoop/share/ozone/lib/jaeger-thrift-1.6.0.jar:/opt/hadoop/share/ozone/lib/bcprov-jdk15on-1.67.jar:/opt/hadoop/share/ozone/lib/commons-configuration2-2.1.1.jar:/opt/hadoop/share/ozone/lib/json-smart-2.3.jar:/opt/hadoop/share/ozone/lib/token-provider-1.0.1.jar:/opt/hadoop/share/ozone/lib/log4j-1.2.17.jar:/opt/hadoop/share/ozone/lib/commons-daemon-1.0.13.jar:/opt/hadoop/share/ozone/lib/listenablefuture-9999.0-empty-to-avoid-conflict-with-guava.jar:/opt/hadoop/share/ozone/lib/aspectjrt-1.8.9.jar:/opt/hadoop/share/ozone/lib/jaeger-tracerresolver-1.6.0.jar:/opt/hadoop/share/ozone/lib/ozone-common-1.2.0-SNAPSHOT.jar:/opt/hadoop/share/ozone/lib/commons-lang3-3.7.jar:/opt/hadoop/share/ozone/lib/hdds-common-1.2.0-SNAPSHOT.jar:/opt/hadoop/share/ozone/lib/jetty-util-ajax-9.4.35.v20201120.jar:/opt/hadoop/share/ozone/lib/accessors-smart-1.2.jar:/opt/hadoop/share/ozone/lib/ratis-grpc-2.1.0.jar:/opt/hadoop/share/ozone/lib/jetty-io-9.4.35.v20201120.jar:/opt/hadoop/share/ozone/lib/jetty-xml-9.4.35.v20201120.jar:/opt/hadoop/share/ozone/lib/ratis-common-2.1.0.jar:/opt/hadoop/share/ozone/lib/re2j-1.1.jar:/opt/hadoop/share/ozone/lib/commons-math3-3.1.1.jar:/opt/hadoop/share/ozone/lib/ratis-thirdparty-misc-0.7.0.jar:/opt/hadoop/share/ozone/lib/simpleclient_dropwizard-0.7.0.jar:/opt/hadoop/share/ozone/lib/simpleclient-0.7.0.jar:/opt/hadoop/share/ozone/lib/ozone-client-1.2.0-SNAPSHOT.jar:/opt/hadoop/share/ozone/lib/asm-5.0.4.jar:/opt/hadoop/share/ozone/lib/kerby-util-1.0.1.jar:/opt/hadoop/share/ozone/lib/ratis-client-2.1.0.jar:/opt/hadoop/share/ozone/lib/hdds-hadoop-dependency-client-1.2.0-SNAPSHOT.jar:/opt/hadoop/share/ozone/lib/failureaccess-1.0.1.jar:/opt/hadoop/share/ozone/lib/okio-2.8.0.jar:/opt/hadoop/share/ozone/lib/ratis-proto-2.1.0.jar:/opt/hadoop/share/ozone/lib/ratis-netty-2.1.0.jar:/opt/hadoop/share/ozone/lib/hdds-config-1.2.0-SNAPSHOT.jar:/opt/hadoop/share/ozone/lib/jsp-api-2.1.jar:/opt/hadoop/share/ozone/lib/jsch-0.1.54.jar:/opt/hadoop/share/ozone/lib/jakarta.activation-api-1.2.1.jar:/opt/hadoop/share/ozone/lib/slf4j-api-1.7.30.jar:/opt/hadoop/share/ozone/lib/hadoop-hdfs-client-3.3.1.jar:/opt/hadoop/share/ozone/lib/nimbus-jose-jwt-7.9.jar:/opt/hadoop/share/ozone/lib/commons-codec-1.11.jar:/opt/hadoop/share/ozone/lib/commons-pool2-2.6.0.jar:/opt/hadoop/share/ozone/lib/gson-2.2.4.jar:/opt/hadoop/share/ozone/lib/opentracing-api-0.33.0.jar:/opt/hadoop/share/ozone/lib/hdds-interface-client-1.2.0-SNAPSHOT.jar:/opt/hadoop/share/ozone/lib/jcip-annotations-1.0-1.jar:/opt/hadoop/share/ozone/lib/kerb-admin-1.0.1.jar:/opt/hadoop/share/ozone/lib/kotlin-stdlib-1.4.31.jar:/opt/hadoop/share/ozone/lib/opentracing-noop-0.33.0.jar:/opt/hadoop/share/ozone/lib/jersey-core-1.19.jar:/opt/hadoop/share/ozone/lib/opentracing-util-0.33.0.jar:/opt/hadoop/share/ozone/lib/ozone-interface-storage-1.2.0-SNAPSHOT.jar:/opt/hadoop/share/ozone/lib/snappy-java-1.1.8.2.jar:/opt/hadoop/share/ozone/lib/commons-cli-1.2.jar:/opt/hadoop/share/ozone/lib/woodstox-core-5.0.3.jar:/opt/hadoop/share/ozone/lib/javax.annotation-api-1.2.jar:/opt/hadoop/share/ozone/lib/jetty-servlet-9.4.35.v20201120.jar:/opt/hadoop/share/ozone/lib/kerby-asn1-1.0.1.jar:/opt/hadoop/share/ozone/lib/ratis-metrics-2.1.0.jar:/opt/hadoop/share/ozone/lib/hadoop-annotations-3.3.1.jar:/opt/hadoop/share/ozone/lib/stax2-api-3.1.4.jar:/opt/hadoop/share/ozone/lib/commons-collections-3.2.2.jar:/opt/hadoop/share/ozone/lib/commons-digester-1.8.1.jar:/opt/hadoop/share/ozone/lib/jaeger-core-1.6.0.jar:/opt/hadoop/share/ozone/lib/commons-text-1.4.jar:/opt/hadoop/share/ozone/lib/jersey-servlet-1.19.jar:/opt/hadoop/share/ozone/lib/hadoop-auth-3.3.1.jar:/opt/hadoop/share/ozone/lib/kerb-identity-1.0.1.jar:/opt/hadoop/share/ozone/lib/ratis-server-api-2.1.0.jar:/opt/hadoop/share/ozone/lib/kerb-common-1.0.1.jar:/opt/hadoop/share/ozone/lib/jersey-server-1.19.jar:/opt/hadoop/share/ozone/lib/commons-compress-1.20.jar:/opt/hadoop/share/ozone/lib/jetty-http-9.4.35.v20201120.jar:/opt/hadoop/share/ozone/lib/kerb-crypto-1.0.1.jar:/opt/hadoop/share/ozone/web:/opt/hadoop/share/ozone/lib/ozone-manager-1.2.0-SNAPSHOT.jar
STARTUP_MSG:   build = https://github.com/apache/ozone/2759a9f4594a6ea3d967ab4232fb3dcac15d12c5 ; compiled by 'runner' on 2021-07-23T12:44Z
STARTUP_MSG:   java = 11.0.6
************************************************************/
2021-07-23 12:58:26 INFO  OzoneManagerStarter:90 - registered UNIX signal handlers for [TERM, HUP, INT]
2021-07-23 12:58:28 INFO  OMHANodeDetails:105 - ozone.om.internal.service.id is not defined, falling back to ozone.om.service.ids to find serviceID for OzoneManager if it is HA enabled cluster
2021-07-23 12:58:28 INFO  OMHANodeDetails:212 - Configuration does not have ozone.om.address set. Falling back to the default OM address om-0.om/10.42.0.10:9862
2021-07-23 12:58:28 INFO  OMHANodeDetails:240 - OM Service ID is not set. Setting it to the default ID: omServiceIdDefault
2021-07-23 12:58:28 INFO  OMHANodeDetails:247 - OM Node ID is not set. Setting it to the default ID: om1
2021-07-23 12:58:28 WARN  ServerUtils:225 - ozone.om.db.dirs is not configured. We recommend adding this setting. Falling back to ozone.metadata.dirs instead.
2021-07-23 12:58:28 INFO  AbstractLayoutVersionManager:70 - Initializing Layout version manager with metadata layout = INITIAL_VERSION (version = 0), software layout = INITIAL_VERSION (version = 0)
2021-07-23 12:58:28 INFO  Reflections:232 - Reflections took 581 ms to scan 1 urls, producing 94 keys and 256 values [using 1 cores]
2021-07-23 12:58:29 WARN  ServerUtils:225 - ozone.om.db.dirs is not configured. We recommend adding this setting. Falling back to ozone.metadata.dirs instead.
2021-07-23 12:58:29 WARN  NativeCodeLoader:60 - Unable to load native-hadoop library for your platform... using builtin-java classes where applicable
2021-07-23 12:58:30 WARN  ServerUtils:225 - ozone.om.db.dirs is not configured. We recommend adding this setting. Falling back to ozone.metadata.dirs instead.
2021-07-23 12:58:30 INFO  OmKeyInfoCodec:51 - OmKeyInfoCodec ignorePipeline = true
2021-07-23 12:58:30 INFO  RepeatedOmKeyInfoCodec:42 - RepeatedOmKeyInfoCodec ignorePipeline = true
2021-07-23 12:58:31 INFO  OzoneManager:3901 - Created Volume s3v With Owner hadoop required for S3Gateway operations.
2021-07-23 12:58:31 WARN  ServerUtils:237 - Storage directory for Ratis is not configured. It is a good idea to map this to an SSD disk. Falling back to ozone.metadata.dirs
2021-07-23 12:58:31 WARN  OzoneManagerRatisServer:654 - ozone.om.ratis.snapshot.dir is not configured. Falling back to ozone.metadata.dirs config
2021-07-23 12:58:31 INFO  MetricRegistries:64 - Loaded MetricRegistries class org.apache.ratis.metrics.impl.MetricRegistriesImpl
2021-07-23 12:58:31 WARN  ServerUtils:237 - Storage directory for Ratis is not configured. It is a good idea to map this to an SSD disk. Falling back to ozone.metadata.dirs
2021-07-23 12:58:31 INFO  OzoneManagerRatisServer:308 - Instantiating OM Ratis server with GroupID: omServiceIdDefault and Raft Peers: om-0.om:9872
2021-07-23 12:58:31 INFO  OzoneManagerStateMachine:575 - LastAppliedIndex is set from TransactionInfo from OM DB as (t:0, i:~)
2021-07-23 12:58:31 INFO  RaftServer:44 - raft.rpc.type = GRPC (default)
2021-07-23 12:58:31 INFO  GrpcConfigKeys:44 - raft.grpc.admin.port = -1 (default)
2021-07-23 12:58:31 INFO  GrpcConfigKeys:44 - raft.grpc.server.port = 9872 (custom)
2021-07-23 12:58:31 INFO  GrpcConfigKeys:44 - raft.grpc.client.port = -1 (default)
2021-07-23 12:58:31 INFO  GrpcConfigKeys:44 - raft.grpc.server.port = 9872 (custom)
2021-07-23 12:58:31 INFO  GrpcConfigKeys:44 - raft.grpc.server.port = 9872 (custom)
2021-07-23 12:58:31 INFO  GrpcService:44 - raft.grpc.message.size.max = 33554432 (custom)
2021-07-23 12:58:31 INFO  RaftServerConfigKeys:44 - raft.server.log.appender.buffer.byte-limit = 33554432 (custom)
2021-07-23 12:58:31 INFO  GrpcService:44 - raft.grpc.flow.control.window = 1MB (=1048576) (default)
2021-07-23 12:58:31 INFO  RaftServerConfigKeys:44 - raft.server.rpc.request.timeout = 3000ms (default)
2021-07-23 12:58:31 INFO  DataStreamServerImpl:44 - raft.datastream.type = DISABLED (default)
2021-07-23 12:58:31 INFO  RaftServerConfigKeys:44 - raft.server.rpc.slowness.timeout = 120s (custom)
2021-07-23 12:58:31 INFO  RaftServerConfigKeys:44 - raft.server.leaderelection.leader.step-down.wait-time = 10s (default)
2021-07-23 12:58:31 INFO  RaftServerConfigKeys:44 - raft.server.storage.dir = [/data/metadata/ratis] (custom)
2021-07-23 12:58:31 INFO  RaftServer:95 - om1: addNew group-C5BA1605619E:[om1|rpc:om-0.om:9872|priority:0] returns group-C5BA1605619E:java.util.concurrent.CompletableFuture@2da99821[Not completed]
2021-07-23 12:58:31 INFO  OzoneManager:1366 - OzoneManager Ratis server initialized at port 9872
2021-07-23 12:58:31 INFO  RaftServer$Division:181 - om1: new RaftServerImpl for group-C5BA1605619E:[om1|rpc:om-0.om:9872|priority:0] with OzoneManagerStateMachine:uninitialized
2021-07-23 12:58:31 INFO  RaftServerConfigKeys:44 - raft.server.rpc.timeout.min = 5s (custom)
2021-07-23 12:58:31 INFO  RaftServerConfigKeys:44 - raft.server.rpc.timeout.max = 5200ms (custom)
2021-07-23 12:58:31 INFO  RaftServerConfigKeys:44 - raft.server.rpc.sleep.time = 25ms (default)
2021-07-23 12:58:31 INFO  RaftServerConfigKeys:44 - raft.server.rpc.slowness.timeout = 120s (custom)
2021-07-23 12:58:31 INFO  RaftServerConfigKeys:44 - raft.server.leaderelection.leader.step-down.wait-time = 10s (default)
2021-07-23 12:58:31 INFO  RaftServerConfigKeys:44 - raft.server.sleep.deviation.threshold = 300ms (default)
2021-07-23 12:58:31 INFO  RaftServerConfigKeys:44 - raft.server.log.appender.install.snapshot.enabled = false (custom)
2021-07-23 12:58:31 INFO  CallQueueManager:90 - Using callQueue: class java.util.concurrent.LinkedBlockingQueue, queueCapacity: 10000, scheduler: class org.apache.hadoop.ipc.DefaultRpcScheduler, ipcBackoff: false.
2021-07-23 12:58:31 INFO  RaftServer$Division:105 - om1@group-C5BA1605619E: ConfigurationManager, init=-1: [om1|rpc:om-0.om:9872|priority:0], old=null, confs=<EMPTY_MAP>
2021-07-23 12:58:31 INFO  RaftServerConfigKeys:44 - raft.server.storage.dir = [/data/metadata/ratis] (custom)
2021-07-23 12:58:31 INFO  RaftServerConfigKeys:44 - raft.server.log.corruption.policy = EXCEPTION (default)
2021-07-23 12:58:31 INFO  RaftServerConfigKeys:44 - raft.server.storage.free-space.min = 0MB (=0) (default)
2021-07-23 12:58:31 INFO  RaftStorageDirectory:135 - The storage directory /data/metadata/ratis/bf265839-605b-3f16-9796-c5ba1605619e does not exist. Creating ...
2021-07-23 12:58:31 INFO  RaftStorageDirectory:230 - Lock on /data/metadata/ratis/bf265839-605b-3f16-9796-c5ba1605619e/in_use.lock acquired by nodename 8@om-0
2021-07-23 12:58:31 INFO  Server:1265 - Starting Socket Reader #1 for port 9862
2021-07-23 12:58:31 INFO  RaftStorage:89 - Storage directory /data/metadata/ratis/bf265839-605b-3f16-9796-c5ba1605619e has been successfully formatted.
2021-07-23 12:58:31 INFO  RaftServerConfigKeys:44 - raft.server.notification.no-leader.timeout = 120s (custom)
2021-07-23 12:58:31 INFO  RaftServerConfigKeys:44 - raft.server.log.use.memory = false (default)
2021-07-23 12:58:31 INFO  RaftServerConfigKeys:44 - raft.server.log.purge.gap = 1000000 (custom)
2021-07-23 12:58:31 INFO  RaftServerConfigKeys:44 - raft.server.log.appender.buffer.byte-limit = 33554432 (custom)
2021-07-23 12:58:31 INFO  RaftServerConfigKeys:44 - raft.server.log.segment.size.max = 4194304 (custom)
2021-07-23 12:58:31 INFO  RaftServerConfigKeys:44 - raft.server.log.segment.cache.num.max = 2 (custom)
2021-07-23 12:58:31 INFO  RaftServerConfigKeys:44 - raft.server.log.segment.cache.size.max = 200MB (=209715200) (default)
2021-07-23 12:58:31 INFO  SegmentedRaftLogWorker:182 - new om1@group-C5BA1605619E-SegmentedRaftLogWorker for RaftStorageImpl:Storage Directory /data/metadata/ratis/bf265839-605b-3f16-9796-c5ba1605619e
2021-07-23 12:58:31 INFO  RaftServerConfigKeys:44 - raft.server.log.queue.byte-limit = 64MB (=67108864) (default)
2021-07-23 12:58:31 INFO  RaftServerConfigKeys:44 - raft.server.log.queue.element-limit = 4096 (default)
2021-07-23 12:58:31 INFO  RaftServerConfigKeys:44 - raft.server.log.segment.size.max = 4194304 (custom)
2021-07-23 12:58:31 INFO  RaftServerConfigKeys:44 - raft.server.log.preallocated.size = 4194304 (custom)
2021-07-23 12:58:31 INFO  RaftServerConfigKeys:44 - raft.server.log.force.sync.num = 128 (default)
2021-07-23 12:58:31 INFO  RaftServerConfigKeys:44 - raft.server.log.statemachine.data.sync = true (default)
2021-07-23 12:58:31 INFO  RaftServerConfigKeys:44 - raft.server.log.statemachine.data.sync.timeout = 10s (default)
2021-07-23 12:58:31 INFO  RaftServerConfigKeys:44 - raft.server.log.statemachine.data.sync.timeout.retry = -1 (default)
2021-07-23 12:58:31 INFO  RaftServerConfigKeys:44 - raft.server.log.write.buffer.size = 64KB (=65536) (default)
2021-07-23 12:58:31 INFO  RaftServerConfigKeys:44 - raft.server.log.statemachine.data.caching.enabled = false (default)
2021-07-23 12:58:31 INFO  OzoneManager:4107 - Configured ozone.om.metadata.layout=SIMPLE and disabled optimized OM FS operations
2021-07-23 12:58:31 INFO  SegmentedRaftLogWorker:133 - om1@group-C5BA1605619E-SegmentedRaftLogWorker: flushIndex: setUnconditionally 0 -> -1
2021-07-23 12:58:31 INFO  SegmentedRaftLogWorker:133 - om1@group-C5BA1605619E-SegmentedRaftLogWorker: safeCacheEvictIndex: setUnconditionally 0 -> -1
2021-07-23 12:58:31 INFO  RaftServerConfigKeys:44 - raft.server.snapshot.auto.trigger.enabled = true (custom)
2021-07-23 12:58:31 INFO  RaftServerConfigKeys:44 - raft.server.snapshot.auto.trigger.threshold = 400000 (default)
2021-07-23 12:58:31 INFO  RaftServerConfigKeys:44 - raft.server.snapshot.retention.file.num = -1 (default)
2021-07-23 12:58:31 INFO  RaftServerConfigKeys:44 - raft.server.log.purge.upto.snapshot.index = true (custom)
2021-07-23 12:58:31 INFO  RaftServerConfigKeys:44 - raft.server.retrycache.expirytime = 300s (custom)
2021-07-23 12:58:31 INFO  RaftServerConfigKeys:44 - raft.server.retrycache.statistics.expirytime = 100?s (default)
2021-07-23 12:58:31 INFO  MetricsConfig:120 - Loaded properties from hadoop-metrics2.properties
2021-07-23 12:58:31 INFO  MetricsSystemImpl:378 - Scheduled Metric snapshot period at 10 second(s).
2021-07-23 12:58:31 INFO  MetricsSystemImpl:191 - OzoneManager metrics system started
2021-07-23 12:58:31 INFO  OzoneManager:1157 - OzoneManager RPC server is listening at om-0.om/10.42.0.10:9862
2021-07-23 12:58:31 INFO  OzoneManagerRatisServer:408 - Starting OzoneManagerRatisServer om1 at port 9872
2021-07-23 12:58:31 INFO  RaftServer$Division:296 - om1@group-C5BA1605619E: start as a follower, conf=-1: [om1|rpc:om-0.om:9872|priority:0], old=null
2021-07-23 12:58:31 INFO  RaftServer$Division:285 - om1@group-C5BA1605619E: changes role from      null to FOLLOWER at term 0 for startAsFollower
2021-07-23 12:58:31 INFO  RoleInfo:130 - om1: start om1@group-C5BA1605619E-FollowerState
2021-07-23 12:58:31 INFO  JmxRegister:44 - Successfully registered JMX Bean with object name Ratis:service=RaftServer,group=group-C5BA1605619E,id=om1
2021-07-23 12:58:31 INFO  RaftServer:374 - om1: start RPC server
2021-07-23 12:58:32 INFO  GrpcService:253 - om1: GrpcService started, listening on 9872
2021-07-23 12:58:32 INFO  OzoneManager:1175 - Version File has different layout version (0) than OM DB (null). That is expected if this OM has never been finalized to a newer layout version.
2021-07-23 12:58:32 INFO  JvmPauseMonitor:103 - JvmPauseMonitor-om1: Started
2021-07-23 12:58:32 INFO  BaseHttpServer:209 - Starting Web-server for ozoneManager at: http://0.0.0.0:9874
2021-07-23 12:58:32 INFO  BaseHttpServer:107 - Hadoop Security Enabled: false Ozone Security Enabled: false Ozone HTTP Security Enabled: false 
2021-07-23 12:58:32 INFO  log:169 - Logging initialized @7200ms to org.eclipse.jetty.util.log.Slf4jLog
2021-07-23 12:58:32 INFO  AuthenticationFilter:240 - Unable to initialize FileSignerSecretProvider, falling back to use random secrets.
2021-07-23 12:58:32 INFO  HttpRequestLog:86 - Http request log for http.requests.ozoneManager is not defined
2021-07-23 12:58:32 INFO  HttpServer2:1020 - Added global filter 'safety' (class=org.apache.hadoop.hdds.server.http.HttpServer2$QuotingInputFilter)
2021-07-23 12:58:32 INFO  HttpServer2:996 - Added filter static_user_filter (class=org.apache.hadoop.http.lib.StaticUserWebFilter$StaticUserFilter) to context ozoneManager
2021-07-23 12:58:32 INFO  HttpServer2:1004 - Added filter static_user_filter (class=org.apache.hadoop.http.lib.StaticUserWebFilter$StaticUserFilter) to context static
2021-07-23 12:58:32 INFO  HttpServer2:1004 - Added filter static_user_filter (class=org.apache.hadoop.http.lib.StaticUserWebFilter$StaticUserFilter) to context logs
2021-07-23 12:58:32 INFO  HttpServer2:1239 - Jetty bound to port 9874
2021-07-23 12:58:32 INFO  Server:375 - jetty-9.4.35.v20201120; built: 2020-11-20T21:17:03.964Z; git: bdc54f03a5e0a7e280fab27f55c3c75ee8da89fb; jvm 11.0.6+10-LTS
2021-07-23 12:58:32 INFO  session:334 - DefaultSessionIdManager workerName=node0
2021-07-23 12:58:32 INFO  session:339 - No SessionScavenger set, using defaults
2021-07-23 12:58:32 INFO  session:132 - node0 Scavenging every 600000ms
2021-07-23 12:58:32 INFO  ContextHandler:916 - Started o.e.j.s.ServletContextHandler@4be490da{logs,/logs,file:///var/log/hadoop/,AVAILABLE}
2021-07-23 12:58:32 INFO  ContextHandler:916 - Started o.e.j.s.ServletContextHandler@3af10d0b{static,/static,jar:file:/opt/hadoop/share/ozone/lib/ozone-manager-1.2.0-SNAPSHOT.jar!/webapps/static,AVAILABLE}
2021-07-23 12:58:32 INFO  ContextHandler:916 - Started o.e.j.w.WebAppContext@78c74647{ozoneManager,/,file:///tmp/jetty-0_0_0_0-9874-ozone-manager-1_2_0-SNAPSHOT_jar-_-any-10979075867496194805/webapp/,AVAILABLE}{jar:file:/opt/hadoop/share/ozone/lib/ozone-manager-1.2.0-SNAPSHOT.jar!/webapps/ozoneManager}
2021-07-23 12:58:32 INFO  AbstractConnector:331 - Started ServerConnector@5c3d4f05{HTTP/1.1, (http/1.1)}{0.0.0.0:9874}
2021-07-23 12:58:32 INFO  Server:415 - Started @7738ms
2021-07-23 12:58:32 INFO  MetricsSinkAdapter:204 - Sink prometheus started
2021-07-23 12:58:32 INFO  MetricsSystemImpl:305 - Registered sink prometheus
2021-07-23 12:58:32 INFO  BaseHttpServer:329 - HTTP server of ozoneManager listening at http://0.0.0.0:9874
2021-07-23 12:58:32 INFO  Server:1507 - IPC Server Responder: starting
2021-07-23 12:58:32 INFO  Server:1344 - IPC Server listener on 9862: starting
2021-07-23 12:58:32 INFO  OzoneManager:1306 - Trash Interval set to 0. Files deleted will not move to trash
2021-07-23 12:58:32 INFO  JvmPauseMonitor:188 - Starting JVM pause monitor
2021-07-23 12:58:37 INFO  FollowerState:134 - om1@group-C5BA1605619E-FollowerState: change to CANDIDATE, lastRpcElapsedTime:5031910370ns, electionTimeout:5023ms
2021-07-23 12:58:37 INFO  RoleInfo:108 - om1: shutdown om1@group-C5BA1605619E-FollowerState
2021-07-23 12:58:37 INFO  RaftServer$Division:285 - om1@group-C5BA1605619E: changes role from  FOLLOWER to CANDIDATE at term 0 for changeToCandidate
2021-07-23 12:58:37 INFO  RaftServerConfigKeys:44 - raft.server.leaderelection.pre-vote = false (custom)
2021-07-23 12:58:37 INFO  RoleInfo:130 - om1: start om1@group-C5BA1605619E-LeaderElection1
2021-07-23 12:58:37 INFO  LeaderElection:306 - om1@group-C5BA1605619E-LeaderElection1 ELECTION round 0: submit vote requests at term 1 for -1: [om1|rpc:om-0.om:9872|priority:0], old=null
2021-07-23 12:58:37 INFO  LeaderElection:308 - om1@group-C5BA1605619E-LeaderElection1 ELECTION round 0: result PASSED (term=1)
2021-07-23 12:58:37 INFO  RoleInfo:121 - om1: shutdown om1@group-C5BA1605619E-LeaderElection1
2021-07-23 12:58:37 INFO  RaftServer$Division:285 - om1@group-C5BA1605619E: changes role from CANDIDATE to LEADER at term 1 for changeToLeader
2021-07-23 12:58:37 INFO  RaftServer$Division:285 - om1@group-C5BA1605619E: change Leader from null to om1 at term 1 for becomeLeader, leader elected after 5437ms
2021-07-23 12:58:37 INFO  RaftServerConfigKeys:44 - raft.server.staging.catchup.gap = 1000 (default)
2021-07-23 12:58:37 INFO  RaftServerConfigKeys:44 - raft.server.write.element-limit = 4096 (default)
2021-07-23 12:58:37 INFO  RaftServerConfigKeys:44 - raft.server.write.byte-limit = 64MB (=67108864) (default)
2021-07-23 12:58:37 INFO  RaftServerConfigKeys:44 - raft.server.watch.timeout = 10s (default)
2021-07-23 12:58:37 INFO  RaftServerConfigKeys:44 - raft.server.watch.timeout.denomination = 1s (default)
2021-07-23 12:58:37 INFO  RaftServerConfigKeys:44 - raft.server.watch.element-limit = 65536 (default)
2021-07-23 12:58:37 INFO  RoleInfo:130 - om1: start om1@group-C5BA1605619E-LeaderStateImpl
2021-07-23 12:58:37 INFO  SegmentedRaftLogWorker:394 - om1@group-C5BA1605619E-SegmentedRaftLogWorker: Starting segment from index:0
2021-07-23 12:58:37 INFO  RaftServer$Division:387 - om1@group-C5BA1605619E: set configuration 0: [om1|rpc:om-0.om:9872|admin:|client:|dataStream:|priority:0], old=null
2021-07-23 12:58:37 INFO  SegmentedRaftLogWorker:601 - om1@group-C5BA1605619E-SegmentedRaftLogWorker: created new log segment /data/metadata/ratis/bf265839-605b-3f16-9796-c5ba1605619e/current/log_inprogress_0
2021-07-23 12:58:38 INFO  OMVolumeCreateRequest:195 - created volume:vol-0-53874 for user:hadoop
2021-07-23 12:58:38 INFO  OMVolumeCreateRequest:195 - created volume:vol-1-10567 for user:hadoop
2021-07-23 12:58:38 INFO  OMVolumeCreateRequest:195 - created volume:vol-2-41741 for user:hadoop
2021-07-23 12:58:38 INFO  OMVolumeCreateRequest:195 - created volume:vol-3-01934 for user:hadoop
2021-07-23 12:58:38 INFO  OMVolumeCreateRequest:195 - created volume:vol-4-40138 for user:hadoop
