No '-XX:...' jvm parameters are set. Adding safer GC settings '-XX:ParallelGCThreads=8 -XX:+UseConcMarkSweepGC -XX:CMSInitiatingOccupancyFraction=70 -XX:+CMSParallelRemarkEnabled' to the HADOOP_OPTS
OpenJDK 64-Bit Server VM warning: Option UseConcMarkSweepGC was deprecated in version 9.0 and will likely be removed in a future release.
2020-08-27 09:23:33 INFO  StorageContainerManagerStarter:112 - STARTUP_MSG: 
/************************************************************
STARTUP_MSG: Starting StorageContainerManager
STARTUP_MSG:   host = scm-0/10.42.0.15
STARTUP_MSG:   args = []
STARTUP_MSG:   version = 0.6.0-SNAPSHOT
STARTUP_MSG:   classpath = /etc/hadoop:/opt/hadoop/share/hadoop/common/*:/opt/hadoop/share/ozone/lib/kerb-simplekdc-1.0.1.jar:/opt/hadoop/share/ozone/lib/okhttp-4.2.2.jar:/opt/hadoop/share/ozone/lib/jackson-databind-2.10.3.jar:/opt/hadoop/share/ozone/lib/protobuf-java-2.5.0.jar:/opt/hadoop/share/ozone/lib/bcpkix-jdk15on-1.60.jar:/opt/hadoop/share/ozone/lib/log4j-api-2.13.3.jar:/opt/hadoop/share/ozone/lib/commons-validator-1.6.jar:/opt/hadoop/share/ozone/lib/hadoop-hdds-client-0.6.0-SNAPSHOT.jar:/opt/hadoop/share/ozone/lib/netty-3.10.5.Final.jar:/opt/hadoop/share/ozone/lib/kotlin-stdlib-common-1.3.50.jar:/opt/hadoop/share/ozone/lib/kerb-core-1.0.1.jar:/opt/hadoop/share/ozone/lib/picocli-4.4.0.jar:/opt/hadoop/share/ozone/lib/jsr305-3.0.0.jar:/opt/hadoop/share/ozone/lib/ratis-proto-1.0.0.jar:/opt/hadoop/share/ozone/lib/j2objc-annotations-1.3.jar:/opt/hadoop/share/ozone/lib/leveldbjni-all-1.8.jar:/opt/hadoop/share/ozone/lib/jetty-io-9.4.26.v20200117.jar:/opt/hadoop/share/ozone/lib/jaeger-tracerresolver-1.2.0.jar:/opt/hadoop/share/ozone/lib/hadoop-auth-3.2.1.jar:/opt/hadoop/share/ozone/lib/ratis-client-1.0.0.jar:/opt/hadoop/share/ozone/lib/htrace-core4-4.1.0-incubating.jar:/opt/hadoop/share/ozone/lib/jetty-http-9.4.26.v20200117.jar:/opt/hadoop/share/ozone/lib/kerb-util-1.0.1.jar:/opt/hadoop/share/ozone/lib/ratis-netty-1.0.0.jar:/opt/hadoop/share/ozone/lib/jetty-xml-9.4.26.v20200117.jar:/opt/hadoop/share/ozone/lib/jaeger-thrift-1.2.0.jar:/opt/hadoop/share/ozone/lib/commons-logging-1.2.jar:/opt/hadoop/share/ozone/lib/kerby-xdr-1.0.1.jar:/opt/hadoop/share/ozone/lib/jetty-server-9.4.26.v20200117.jar:/opt/hadoop/share/ozone/lib/opentracing-tracerresolver-0.1.8.jar:/opt/hadoop/share/ozone/lib/commons-net-3.6.jar:/opt/hadoop/share/ozone/lib/jaeger-core-1.2.0.jar:/opt/hadoop/share/ozone/lib/error_prone_annotations-2.2.0.jar:/opt/hadoop/share/ozone/lib/slf4j-log4j12-1.7.25.jar:/opt/hadoop/share/ozone/lib/okio-2.2.2.jar:/opt/hadoop/share/ozone/lib/kerby-config-1.0.1.jar:/opt/hadoop/share/ozone/lib/jetty-util-ajax-9.4.26.v20200117.jar:/opt/hadoop/share/ozone/lib/metrics-core-3.2.4.jar:/opt/hadoop/share/ozone/lib/guava-28.2-jre.jar:/opt/hadoop/share/ozone/lib/kerby-pkix-1.0.1.jar:/opt/hadoop/share/ozone/lib/xz-1.0.jar:/opt/hadoop/share/ozone/lib/jetty-servlet-9.4.26.v20200117.jar:/opt/hadoop/share/ozone/lib/jsr311-api-1.1.1.jar:/opt/hadoop/share/ozone/lib/commons-beanutils-1.9.4.jar:/opt/hadoop/share/ozone/lib/ratis-thirdparty-misc-0.5.0.jar:/opt/hadoop/share/ozone/lib/hadoop-hdds-container-service-0.6.0-SNAPSHOT.jar:/opt/hadoop/share/ozone/lib/jetty-security-9.4.26.v20200117.jar:/opt/hadoop/share/ozone/lib/javax.servlet-api-3.1.0.jar:/opt/hadoop/share/ozone/lib/kerb-server-1.0.1.jar:/opt/hadoop/share/ozone/lib/ratis-metrics-1.0.0.jar:/opt/hadoop/share/ozone/lib/kerb-client-1.0.1.jar:/opt/hadoop/share/ozone/lib/disruptor-3.4.2.jar:/opt/hadoop/share/ozone/lib/libthrift-0.13.0.jar:/opt/hadoop/share/ozone/lib/log4j-core-2.13.3.jar:/opt/hadoop/share/ozone/lib/ratis-server-1.0.0.jar:/opt/hadoop/share/ozone/lib/annotations-13.0.jar:/opt/hadoop/share/ozone/lib/simpleclient_common-0.7.0.jar:/opt/hadoop/share/ozone/lib/dnsjava-2.1.7.jar:/opt/hadoop/share/ozone/lib/hadoop-hdds-interface-admin-0.6.0-SNAPSHOT.jar:/opt/hadoop/share/ozone/lib/jackson-annotations-2.10.3.jar:/opt/hadoop/share/ozone/lib/commons-configuration2-2.1.1.jar:/opt/hadoop/share/ozone/lib/json-smart-2.3.jar:/opt/hadoop/share/ozone/lib/token-provider-1.0.1.jar:/opt/hadoop/share/ozone/lib/log4j-1.2.17.jar:/opt/hadoop/share/ozone/lib/commons-daemon-1.0.13.jar:/opt/hadoop/share/ozone/lib/listenablefuture-9999.0-empty-to-avoid-conflict-with-guava.jar:/opt/hadoop/share/ozone/lib/bcprov-jdk15on-1.60.jar:/opt/hadoop/share/ozone/lib/jetty-webapp-9.4.26.v20200117.jar:/opt/hadoop/share/ozone/lib/hadoop-hdfs-client-3.2.1.jar:/opt/hadoop/share/ozone/lib/commons-lang3-3.7.jar:/opt/hadoop/share/ozone/lib/commons-compress-1.4.1.jar:/opt/hadoop/share/ozone/lib/accessors-smart-1.2.jar:/opt/hadoop/share/ozone/lib/re2j-1.1.jar:/opt/hadoop/share/ozone/lib/hadoop-hdfs-3.2.1.jar:/opt/hadoop/share/ozone/lib/commons-math3-3.1.1.jar:/opt/hadoop/share/ozone/lib/simpleclient_dropwizard-0.7.0.jar:/opt/hadoop/share/ozone/lib/hadoop-common-3.2.1.jar:/opt/hadoop/share/ozone/lib/simpleclient-0.7.0.jar:/opt/hadoop/share/ozone/lib/httpclient-4.5.2.jar:/opt/hadoop/share/ozone/lib/rocksdbjni-6.8.1.jar:/opt/hadoop/share/ozone/lib/asm-5.0.4.jar:/opt/hadoop/share/ozone/lib/kerby-util-1.0.1.jar:/opt/hadoop/share/ozone/lib/failureaccess-1.0.1.jar:/opt/hadoop/share/ozone/lib/jsp-api-2.1.jar:/opt/hadoop/share/ozone/lib/jsch-0.1.54.jar:/opt/hadoop/share/ozone/lib/nimbus-jose-jwt-7.9.jar:/opt/hadoop/share/ozone/lib/kotlin-stdlib-1.3.50.jar:/opt/hadoop/share/ozone/lib/commons-codec-1.11.jar:/opt/hadoop/share/ozone/lib/commons-pool2-2.6.0.jar:/opt/hadoop/share/ozone/lib/jackson-datatype-jsr310-2.10.3.jar:/opt/hadoop/share/ozone/lib/gson-2.2.4.jar:/opt/hadoop/share/ozone/lib/opentracing-api-0.33.0.jar:/opt/hadoop/share/ozone/lib/jcip-annotations-1.0-1.jar:/opt/hadoop/share/ozone/lib/kerb-admin-1.0.1.jar:/opt/hadoop/share/ozone/lib/commons-io-2.5.jar:/opt/hadoop/share/ozone/lib/snakeyaml-1.16.jar:/opt/hadoop/share/ozone/lib/opentracing-noop-0.33.0.jar:/opt/hadoop/share/ozone/lib/jetty-util-9.4.26.v20200117.jar:/opt/hadoop/share/ozone/lib/hadoop-hdds-hadoop-dependency-client-0.6.0-SNAPSHOT.jar:/opt/hadoop/share/ozone/lib/jersey-core-1.19.jar:/opt/hadoop/share/ozone/lib/checker-qual-2.10.0.jar:/opt/hadoop/share/ozone/lib/hadoop-hdds-server-framework-0.6.0-SNAPSHOT.jar:/opt/hadoop/share/ozone/lib/opentracing-util-0.33.0.jar:/opt/hadoop/share/ozone/lib/hadoop-hdds-interface-server-0.6.0-SNAPSHOT.jar:/opt/hadoop/share/ozone/lib/hadoop-hdds-common-0.6.0-SNAPSHOT.jar:/opt/hadoop/share/ozone/lib/commons-cli-1.2.jar:/opt/hadoop/share/ozone/lib/woodstox-core-5.0.3.jar:/opt/hadoop/share/ozone/lib/javax.annotation-api-1.2.jar:/opt/hadoop/share/ozone/lib/netty-all-4.1.48.Final.jar:/opt/hadoop/share/ozone/lib/kerby-asn1-1.0.1.jar:/opt/hadoop/share/ozone/lib/hadoop-hdds-config-0.6.0-SNAPSHOT.jar:/opt/hadoop/share/ozone/lib/stax2-api-3.1.4.jar:/opt/hadoop/share/ozone/lib/commons-digester-1.8.1.jar:/opt/hadoop/share/ozone/lib/commons-collections-3.2.2.jar:/opt/hadoop/share/ozone/lib/ratis-common-1.0.0.jar:/opt/hadoop/share/ozone/lib/commons-text-1.4.jar:/opt/hadoop/share/ozone/lib/jackson-core-2.10.3.jar:/opt/hadoop/share/ozone/lib/jersey-servlet-1.19.jar:/opt/hadoop/share/ozone/lib/slf4j-api-1.7.25.jar:/opt/hadoop/share/ozone/lib/kerb-identity-1.0.1.jar:/opt/hadoop/share/ozone/lib/hadoop-hdds-hadoop-dependency-server-0.6.0-SNAPSHOT.jar:/opt/hadoop/share/ozone/lib/jaeger-client-1.2.0.jar:/opt/hadoop/share/ozone/lib/kerb-common-1.0.1.jar:/opt/hadoop/share/ozone/lib/hadoop-hdds-interface-client-0.6.0-SNAPSHOT.jar:/opt/hadoop/share/ozone/lib/jersey-server-1.19.jar:/opt/hadoop/share/ozone/lib/hadoop-hdds-common-0.6.0-SNAPSHOT-tests.jar:/opt/hadoop/share/ozone/lib/ratis-grpc-1.0.0.jar:/opt/hadoop/share/ozone/lib/kerb-crypto-1.0.1.jar:/opt/hadoop/share/ozone/lib/hadoop-annotations-3.2.1.jar:/opt/hadoop/share/ozone/lib/httpcore-4.4.4.jar:/opt/hadoop/share/ozone/web:/opt/hadoop/share/ozone/lib/hadoop-hdds-server-scm-0.6.0-SNAPSHOT.jar
STARTUP_MSG:   build = https://github.com/apache/hadoop-ozone.git/dcb1c6e4bffd9d682e800a99033d4a5430b51cab ; compiled by 'runner' on 2020-08-27T09:11Z
STARTUP_MSG:   java = 11.0.6
************************************************************/
2020-08-27 09:23:33 INFO  StorageContainerManagerStarter:90 - registered UNIX signal handlers for [TERM, HUP, INT]
2020-08-27 09:23:33 WARN  ServerUtils:148 - ozone.scm.db.dirs is not configured. We recommend adding this setting. Falling back to ozone.metadata.dirs instead.
2020-08-27 09:23:34 WARN  DBStoreBuilder:277 - ozone.scm.db.dirs is not configured. We recommend adding this setting. Falling back to ozone.metadata.dirs instead.
2020-08-27 09:23:34 INFO  NodeSchemaLoader:126 - Loading file from java.lang.CompoundEnumeration@769a1df5
2020-08-27 09:23:34 INFO  NodeSchemaLoader:172 - Loading network topology layer schema file
2020-08-27 09:23:35 INFO  SCMNodeManager:117 - Entering startup safe mode.
2020-08-27 09:23:35 INFO  ContainerPlacementPolicyFactory:60 - Create container placement policy of type org.apache.hadoop.hdds.scm.container.placement.algorithms.SCMContainerPlacementRandom
2020-08-27 09:23:35 INFO  SCMPipelineManager:161 - No pipeline exists in current db
2020-08-27 09:23:35 INFO  PipelineChoosePolicyFactory:75 - Create pipeline choose policy of type org.apache.hadoop.hdds.scm.pipeline.choose.algorithms.RandomPipelineChoosePolicy
2020-08-27 09:23:35 INFO  HealthyPipelineSafeModeRule:89 - Total pipeline count is 0, healthy pipeline threshold count is 1
2020-08-27 09:23:35 INFO  OneReplicaPipelineSafeModeRule:79 - Total pipeline count is 0, pipeline's with at least one datanode reported threshold count is 0
2020-08-27 09:23:36 WARN  NativeCodeLoader:60 - Unable to load native-hadoop library for your platform... using builtin-java classes where applicable
2020-08-27 09:23:38 INFO  CallQueueManager:84 - Using callQueue: class java.util.concurrent.LinkedBlockingQueue, queueCapacity: 10000, scheduler: class org.apache.hadoop.ipc.DefaultRpcScheduler, ipcBackoff: false.
2020-08-27 09:23:38 INFO  Server:1219 - Starting Socket Reader #1 for port 9861
2020-08-27 09:23:38 INFO  CallQueueManager:84 - Using callQueue: class java.util.concurrent.LinkedBlockingQueue, queueCapacity: 10000, scheduler: class org.apache.hadoop.ipc.DefaultRpcScheduler, ipcBackoff: false.
2020-08-27 09:23:38 INFO  Server:1219 - Starting Socket Reader #1 for port 9863
2020-08-27 09:23:38 INFO  CallQueueManager:84 - Using callQueue: class java.util.concurrent.LinkedBlockingQueue, queueCapacity: 10000, scheduler: class org.apache.hadoop.ipc.DefaultRpcScheduler, ipcBackoff: false.
2020-08-27 09:23:38 INFO  Server:1219 - Starting Socket Reader #1 for port 9860
2020-08-27 09:23:38 INFO  BaseHttpServer:207 - Starting Web-server for scm at: http://0.0.0.0:9876
2020-08-27 09:23:38 INFO  BaseHttpServer:106 - Hadoop Security Enabled: false Ozone Security Enabled: false Ozone HTTP Security Enabled: false 
2020-08-27 09:23:38 INFO  log:169 - Logging initialized @9631ms to org.eclipse.jetty.util.log.Slf4jLog
2020-08-27 09:23:39 INFO  AuthenticationFilter:240 - Unable to initialize FileSignerSecretProvider, falling back to use random secrets.
2020-08-27 09:23:39 INFO  HttpRequestLog:86 - Http request log for http.requests.scm is not defined
2020-08-27 09:23:39 INFO  HttpServer2:1019 - Added global filter 'safety' (class=org.apache.hadoop.hdds.server.http.HttpServer2$QuotingInputFilter)
2020-08-27 09:23:39 INFO  HttpServer2:995 - Added filter static_user_filter (class=org.apache.hadoop.http.lib.StaticUserWebFilter$StaticUserFilter) to context scm
2020-08-27 09:23:39 INFO  HttpServer2:1003 - Added filter static_user_filter (class=org.apache.hadoop.http.lib.StaticUserWebFilter$StaticUserFilter) to context static
2020-08-27 09:23:39 INFO  HttpServer2:1003 - Added filter static_user_filter (class=org.apache.hadoop.http.lib.StaticUserWebFilter$StaticUserFilter) to context logs
2020-08-27 09:23:39 INFO  StorageContainerManager:789 - StorageContainerLocationProtocol RPC server is listening at /0.0.0.0:9860
2020-08-27 09:23:39 INFO  MetricsConfig:118 - Loaded properties from hadoop-metrics2.properties
2020-08-27 09:23:40 INFO  MetricsSystemImpl:374 - Scheduled Metric snapshot period at 10 second(s).
2020-08-27 09:23:40 INFO  MetricsSystemImpl:191 - StorageContainerManager metrics system started
2020-08-27 09:23:41 INFO  SCMClientProtocolServer:156 - RPC server for Client  is listening at /0.0.0.0:9860
2020-08-27 09:23:41 INFO  Server:1460 - IPC Server Responder: starting
2020-08-27 09:23:41 INFO  Server:1298 - IPC Server listener on 9860: starting
2020-08-27 09:23:42 INFO  StorageContainerManager:801 - ScmBlockLocationProtocol RPC server is listening at /0.0.0.0:9863
2020-08-27 09:23:42 INFO  SCMBlockProtocolServer:149 - RPC server for Block Protocol is listening at /0.0.0.0:9863
2020-08-27 09:23:42 INFO  Server:1460 - IPC Server Responder: starting
2020-08-27 09:23:42 INFO  Server:1298 - IPC Server listener on 9863: starting
2020-08-27 09:23:42 INFO  StorageContainerManager:807 - ScmDatanodeProtocl RPC server is listening at /0.0.0.0:9861
2020-08-27 09:23:42 INFO  SCMDatanodeProtocolServer:172 - RPC server for DataNodes is listening at /0.0.0.0:9861
2020-08-27 09:23:42 INFO  Server:1460 - IPC Server Responder: starting
2020-08-27 09:23:42 INFO  Server:1298 - IPC Server listener on 9861: starting
2020-08-27 09:23:42 INFO  HttpServer2:1237 - Jetty bound to port 9876
2020-08-27 09:23:42 INFO  Server:359 - jetty-9.4.26.v20200117; built: 2020-01-17T12:35:33.676Z; git: 7b38981d25d14afb4a12ff1f2596756144edf695; jvm 11.0.6+10-LTS
2020-08-27 09:23:42 INFO  session:333 - DefaultSessionIdManager workerName=node0
2020-08-27 09:23:42 INFO  session:338 - No SessionScavenger set, using defaults
2020-08-27 09:23:42 INFO  session:140 - node0 Scavenging every 660000ms
2020-08-27 09:23:42 INFO  ContextHandler:825 - Started o.e.j.s.ServletContextHandler@655523dd{logs,/logs,file:///var/log/hadoop/,AVAILABLE}
2020-08-27 09:23:42 INFO  ContextHandler:825 - Started o.e.j.s.ServletContextHandler@21a66d45{static,/static,jar:file:/opt/hadoop/share/ozone/lib/hadoop-hdds-server-scm-0.6.0-SNAPSHOT.jar!/webapps/static,AVAILABLE}
2020-08-27 09:23:42 INFO  ContextHandler:825 - Started o.e.j.w.WebAppContext@3d4e405e{scm,/,file:///tmp/jetty-0_0_0_0-9876-hadoop-hdds-server-scm-0_6_0-SNAPSHOT_jar-_-any-3513705319999129508.dir/webapp/,AVAILABLE}{jar:file:/opt/hadoop/share/ozone/lib/hadoop-hdds-server-scm-0.6.0-SNAPSHOT.jar!/webapps/scm}
2020-08-27 09:23:43 INFO  AbstractConnector:330 - Started ServerConnector@889d9e8{HTTP/1.1,[http/1.1]}{0.0.0.0:9876}
2020-08-27 09:23:43 INFO  Server:399 - Started @13837ms
2020-08-27 09:23:43 INFO  MetricsSinkAdapter:204 - Sink prometheus started
2020-08-27 09:23:43 INFO  MetricsSystemImpl:301 - Registered sink prometheus
2020-08-27 09:23:43 INFO  BaseHttpServer:327 - HTTP server of scm listening at http://0.0.0.0:9876
2020-08-27 09:23:43 INFO  JvmPauseMonitor:188 - Starting JVM pause monitor
2020-08-27 09:23:45 INFO  NetworkTopology:111 - Added a new node: /default-rack/abe5c8d8-b200-4bcc-a68a-fb54ff558c49
2020-08-27 09:23:45 INFO  SCMNodeManager:274 - Registered Data node : abe5c8d8-b200-4bcc-a68a-fb54ff558c49{ip: 10.42.0.16, host: datanode-0.datanode.default.svc.cluster.local, networkLocation: /default-rack, certSerialId: null}
2020-08-27 09:23:45 INFO  RatisPipelineProvider:138 - Sending CreatePipelineCommand for pipeline:PipelineID=bc39007d-c008-4213-8910-ef7adb8fb2fc to datanode:abe5c8d8-b200-4bcc-a68a-fb54ff558c49
2020-08-27 09:23:45 INFO  SCMSafeModeManager:214 - ContainerSafeModeRule rule is successfully validated
2020-08-27 09:23:45 INFO  SCMSafeModeManager:71 - SCM in safe mode. 1 DataNodes registered, 3 required.
2020-08-27 09:23:45 INFO  PipelineStateManager:54 - Created pipeline Pipeline[ Id: bc39007d-c008-4213-8910-ef7adb8fb2fc, Nodes: abe5c8d8-b200-4bcc-a68a-fb54ff558c49{ip: 10.42.0.16, host: datanode-0.datanode.default.svc.cluster.local, networkLocation: /default-rack, certSerialId: null}, Type:RATIS, Factor:ONE, State:ALLOCATED, leaderId:, CreationTimestamp2020-08-27T09:23:45.192535Z]
2020-08-27 09:23:47 INFO  NetworkTopology:111 - Added a new node: /default-rack/6b309d4a-7835-4b8b-a035-82b1414f4eb2
2020-08-27 09:23:47 INFO  SCMNodeManager:274 - Registered Data node : 6b309d4a-7835-4b8b-a035-82b1414f4eb2{ip: 10.42.0.19, host: 10-42-0-19.datanode-public.default.svc.cluster.local, networkLocation: /default-rack, certSerialId: null}
2020-08-27 09:23:47 INFO  RatisPipelineProvider:138 - Sending CreatePipelineCommand for pipeline:PipelineID=eb9a3dbf-53c4-45bf-aec6-27ad86a9b3f3 to datanode:6b309d4a-7835-4b8b-a035-82b1414f4eb2
2020-08-27 09:23:47 INFO  PipelineStateManager:54 - Created pipeline Pipeline[ Id: eb9a3dbf-53c4-45bf-aec6-27ad86a9b3f3, Nodes: 6b309d4a-7835-4b8b-a035-82b1414f4eb2{ip: 10.42.0.19, host: 10-42-0-19.datanode-public.default.svc.cluster.local, networkLocation: /default-rack, certSerialId: null}, Type:RATIS, Factor:ONE, State:ALLOCATED, leaderId:, CreationTimestamp2020-08-27T09:23:47.087625Z]
2020-08-27 09:23:47 INFO  SCMSafeModeManager:214 - ContainerSafeModeRule rule is successfully validated
2020-08-27 09:23:47 INFO  SCMSafeModeManager:71 - SCM in safe mode. 2 DataNodes registered, 3 required.
2020-08-27 09:23:48 INFO  PipelineStateManager:131 - Pipeline Pipeline[ Id: bc39007d-c008-4213-8910-ef7adb8fb2fc, Nodes: abe5c8d8-b200-4bcc-a68a-fb54ff558c49{ip: 10.42.0.16, host: datanode-0.datanode.default.svc.cluster.local, networkLocation: /default-rack, certSerialId: null}, Type:RATIS, Factor:ONE, State:ALLOCATED, leaderId:abe5c8d8-b200-4bcc-a68a-fb54ff558c49, CreationTimestamp2020-08-27T09:23:45.192535Z] moved to OPEN state
2020-08-27 09:23:48 INFO  SCMSafeModeManager:214 - AtleastOneDatanodeReportedRule rule is successfully validated
2020-08-27 09:23:48 INFO  SCMSafeModeManager:129 - SCM in safe mode. Healthy pipelines reported count is 0, required healthy pipeline reported count is 1
2020-08-27 09:23:48 INFO  NetworkTopology:111 - Added a new node: /default-rack/4d610d48-9e02-4e5b-8ea4-c046cc021a9a
2020-08-27 09:23:48 INFO  RatisPipelineProvider:138 - Sending CreatePipelineCommand for pipeline:PipelineID=1e343bcb-8289-4d32-a94b-679aa03f5c4c to datanode:4d610d48-9e02-4e5b-8ea4-c046cc021a9a
2020-08-27 09:23:48 INFO  PipelineStateManager:54 - Created pipeline Pipeline[ Id: 1e343bcb-8289-4d32-a94b-679aa03f5c4c, Nodes: 4d610d48-9e02-4e5b-8ea4-c046cc021a9a{ip: 10.42.0.20, host: datanode-2.datanode.default.svc.cluster.local, networkLocation: /default-rack, certSerialId: null}, Type:RATIS, Factor:ONE, State:ALLOCATED, leaderId:, CreationTimestamp2020-08-27T09:23:48.961826Z]
2020-08-27 09:23:48 INFO  SCMNodeManager:274 - Registered Data node : 4d610d48-9e02-4e5b-8ea4-c046cc021a9a{ip: 10.42.0.20, host: datanode-2.datanode.default.svc.cluster.local, networkLocation: /default-rack, certSerialId: null}
2020-08-27 09:23:48 INFO  SCMSafeModeManager:71 - SCM in safe mode. 3 DataNodes registered, 3 required.
2020-08-27 09:23:48 INFO  SCMSafeModeManager:214 - ContainerSafeModeRule rule is successfully validated
2020-08-27 09:23:48 INFO  SCMSafeModeManager:214 - DataNodeSafeModeRule rule is successfully validated
2020-08-27 09:23:48 INFO  SCMSafeModeManager:242 - All SCM safe mode pre check rules have passed
2020-08-27 09:23:50 INFO  PipelineStateManager:131 - Pipeline Pipeline[ Id: eb9a3dbf-53c4-45bf-aec6-27ad86a9b3f3, Nodes: 6b309d4a-7835-4b8b-a035-82b1414f4eb2{ip: 10.42.0.19, host: 10-42-0-19.datanode-public.default.svc.cluster.local, networkLocation: /default-rack, certSerialId: null}, Type:RATIS, Factor:ONE, State:ALLOCATED, leaderId:6b309d4a-7835-4b8b-a035-82b1414f4eb2, CreationTimestamp2020-08-27T09:23:47.087625Z] moved to OPEN state
2020-08-27 09:23:50 INFO  SCMSafeModeManager:214 - AtleastOneDatanodeReportedRule rule is successfully validated
2020-08-27 09:23:50 INFO  SCMSafeModeManager:129 - SCM in safe mode. Healthy pipelines reported count is 0, required healthy pipeline reported count is 1
2020-08-27 09:23:52 INFO  PipelineStateManager:131 - Pipeline Pipeline[ Id: 1e343bcb-8289-4d32-a94b-679aa03f5c4c, Nodes: 4d610d48-9e02-4e5b-8ea4-c046cc021a9a{ip: 10.42.0.20, host: datanode-2.datanode.default.svc.cluster.local, networkLocation: /default-rack, certSerialId: null}, Type:RATIS, Factor:ONE, State:ALLOCATED, leaderId:4d610d48-9e02-4e5b-8ea4-c046cc021a9a, CreationTimestamp2020-08-27T09:23:48.961826Z] moved to OPEN state
2020-08-27 09:23:52 INFO  SCMSafeModeManager:214 - AtleastOneDatanodeReportedRule rule is successfully validated
2020-08-27 09:23:52 INFO  SCMSafeModeManager:129 - SCM in safe mode. Healthy pipelines reported count is 0, required healthy pipeline reported count is 1
