No '-XX:...' jvm parameters are set. Adding safer GC settings '-XX:ParallelGCThreads=8 -XX:+UseConcMarkSweepGC -XX:CMSInitiatingOccupancyFraction=70 -XX:+CMSParallelRemarkEnabled' to the OZONE_OPTS
OpenJDK 64-Bit Server VM warning: Option UseConcMarkSweepGC was deprecated in version 9.0 and will likely be removed in a future release.
2022-08-03 13:35:52 INFO  StorageContainerManagerStarter:112 - STARTUP_MSG: 
/************************************************************
STARTUP_MSG: Starting StorageContainerManager
STARTUP_MSG:   host = scm-0/10.42.0.36
STARTUP_MSG:   args = []
STARTUP_MSG:   version = 1.3.0-SNAPSHOT
STARTUP_MSG:   classpath = /etc/hadoop:/opt/hadoop/share/ozone/lib/kerb-simplekdc-1.0.1.jar:/opt/hadoop/share/ozone/lib/slf4j-log4j12-1.7.30.jar:/opt/hadoop/share/ozone/lib/protobuf-java-2.5.0.jar:/opt/hadoop/share/ozone/lib/jaxb-core-2.3.0.1.jar:/opt/hadoop/share/ozone/lib/istack-commons-runtime-3.0.5.jar:/opt/hadoop/share/ozone/lib/netty-handler-4.1.79.Final.jar:/opt/hadoop/share/ozone/lib/commons-validator-1.6.jar:/opt/hadoop/share/ozone/lib/bcpkix-jdk15on-1.67.jar:/opt/hadoop/share/ozone/lib/hdds-interface-admin-1.3.0-SNAPSHOT.jar:/opt/hadoop/share/ozone/lib/jackson-annotations-2.13.2.jar:/opt/hadoop/share/ozone/lib/jetty-security-9.4.43.v20210629.jar:/opt/hadoop/share/ozone/lib/kerb-core-1.0.1.jar:/opt/hadoop/share/ozone/lib/hadoop-shaded-protobuf_3_7-1.1.1.jar:/opt/hadoop/share/ozone/lib/netty-common-4.1.79.Final.jar:/opt/hadoop/share/ozone/lib/ozone-annotation-processing-1.3.0-SNAPSHOT.jar:/opt/hadoop/share/ozone/lib/hdds-container-service-1.3.0-SNAPSHOT.jar:/opt/hadoop/share/ozone/lib/okhttp-4.9.0.jar:/opt/hadoop/share/ozone/lib/jsr305-3.0.0.jar:/opt/hadoop/share/ozone/lib/j2objc-annotations-1.3.jar:/opt/hadoop/share/ozone/lib/picocli-4.6.1.jar:/opt/hadoop/share/ozone/lib/jackson-datatype-jsr310-2.13.2.jar:/opt/hadoop/share/ozone/lib/javassist-3.21.0-GA.jar:/opt/hadoop/share/ozone/lib/jaxb-api-2.3.0.jar:/opt/hadoop/share/ozone/lib/htrace-core4-4.1.0-incubating.jar:/opt/hadoop/share/ozone/lib/kerb-util-1.0.1.jar:/opt/hadoop/share/ozone/lib/hadoop-shaded-guava-1.1.1.jar:/opt/hadoop/share/ozone/lib/ratis-metrics-2.3.0.jar:/opt/hadoop/share/ozone/lib/kotlin-stdlib-1.6.21.jar:/opt/hadoop/share/ozone/lib/log4j-core-2.17.1.jar:/opt/hadoop/share/ozone/lib/commons-logging-1.2.jar:/opt/hadoop/share/ozone/lib/accessors-smart-2.4.7.jar:/opt/hadoop/share/ozone/lib/kerby-xdr-1.0.1.jar:/opt/hadoop/share/ozone/lib/txw2-2.3.0.1.jar:/opt/hadoop/share/ozone/lib/httpcore-4.4.13.jar:/opt/hadoop/share/ozone/lib/guava-31.1-jre.jar:/opt/hadoop/share/ozone/lib/opentracing-tracerresolver-0.1.8.jar:/opt/hadoop/share/ozone/lib/commons-net-3.6.jar:/opt/hadoop/share/ozone/lib/netty-transport-4.1.79.Final.jar:/opt/hadoop/share/ozone/lib/rocksdbjni-6.29.5.jar:/opt/hadoop/share/ozone/lib/libthrift-0.14.1.jar:/opt/hadoop/share/ozone/lib/snakeyaml-1.26.jar:/opt/hadoop/share/ozone/lib/stax-ex-1.7.8.jar:/opt/hadoop/share/ozone/lib/error_prone_annotations-2.2.0.jar:/opt/hadoop/share/ozone/lib/httpclient-4.5.13.jar:/opt/hadoop/share/ozone/lib/jetty-servlet-9.4.43.v20210629.jar:/opt/hadoop/share/ozone/lib/ratis-common-2.3.0.jar:/opt/hadoop/share/ozone/lib/jaeger-client-1.6.0.jar:/opt/hadoop/share/ozone/lib/kerby-config-1.0.1.jar:/opt/hadoop/share/ozone/lib/commons-io-2.11.0.jar:/opt/hadoop/share/ozone/lib/metrics-core-3.2.4.jar:/opt/hadoop/share/ozone/lib/kerby-pkix-1.0.1.jar:/opt/hadoop/share/ozone/lib/json-smart-2.4.7.jar:/opt/hadoop/share/ozone/lib/hdds-interface-client-1.3.0-SNAPSHOT.jar:/opt/hadoop/share/ozone/lib/ratis-grpc-2.3.0.jar:/opt/hadoop/share/ozone/lib/jsr311-api-1.1.1.jar:/opt/hadoop/share/ozone/lib/commons-beanutils-1.9.4.jar:/opt/hadoop/share/ozone/lib/jetty-webapp-9.4.43.v20210629.jar:/opt/hadoop/share/ozone/lib/jackson-core-2.13.2.jar:/opt/hadoop/share/ozone/lib/hdds-server-framework-1.3.0-SNAPSHOT.jar:/opt/hadoop/share/ozone/lib/javax.servlet-api-3.1.0.jar:/opt/hadoop/share/ozone/lib/kerb-server-1.0.1.jar:/opt/hadoop/share/ozone/lib/hdds-common-1.3.0-SNAPSHOT.jar:/opt/hadoop/share/ozone/lib/kerb-client-1.0.1.jar:/opt/hadoop/share/ozone/lib/disruptor-3.4.2.jar:/opt/hadoop/share/ozone/lib/reflections-0.9.11.jar:/opt/hadoop/share/ozone/lib/gson-2.9.0.jar:/opt/hadoop/share/ozone/lib/hdds-erasurecode-1.3.0-SNAPSHOT.jar:/opt/hadoop/share/ozone/lib/jetty-io-9.4.43.v20210629.jar:/opt/hadoop/share/ozone/lib/hdds-interface-server-1.3.0-SNAPSHOT.jar:/opt/hadoop/share/ozone/lib/hadoop-hdfs-3.3.1.jar:/opt/hadoop/share/ozone/lib/ratis-proto-2.3.0.jar:/opt/hadoop/share/ozone/lib/annotations-13.0.jar:/opt/hadoop/share/ozone/lib/jetty-server-9.4.43.v20210629.jar:/opt/hadoop/share/ozone/lib/simpleclient_common-0.7.0.jar:/opt/hadoop/share/ozone/lib/jaeger-thrift-1.6.0.jar:/opt/hadoop/share/ozone/lib/hadoop-common-3.3.1.jar:/opt/hadoop/share/ozone/lib/dnsjava-2.1.7.jar:/opt/hadoop/share/ozone/lib/bcprov-jdk15on-1.67.jar:/opt/hadoop/share/ozone/lib/commons-configuration2-2.1.1.jar:/opt/hadoop/share/ozone/lib/token-provider-1.0.1.jar:/opt/hadoop/share/ozone/lib/log4j-1.2.17.jar:/opt/hadoop/share/ozone/lib/commons-daemon-1.0.13.jar:/opt/hadoop/share/ozone/lib/listenablefuture-9999.0-empty-to-avoid-conflict-with-guava.jar:/opt/hadoop/share/ozone/lib/netty-buffer-4.1.79.Final.jar:/opt/hadoop/share/ozone/lib/jaeger-tracerresolver-1.6.0.jar:/opt/hadoop/share/ozone/lib/jetty-xml-9.4.43.v20210629.jar:/opt/hadoop/share/ozone/lib/commons-lang3-3.7.jar:/opt/hadoop/share/ozone/lib/ratis-netty-2.3.0.jar:/opt/hadoop/share/ozone/lib/re2j-1.1.jar:/opt/hadoop/share/ozone/lib/commons-math3-3.1.1.jar:/opt/hadoop/share/ozone/lib/simpleclient_dropwizard-0.7.0.jar:/opt/hadoop/share/ozone/lib/jackson-databind-2.13.2.2.jar:/opt/hadoop/share/ozone/lib/simpleclient-0.7.0.jar:/opt/hadoop/share/ozone/lib/asm-5.0.4.jar:/opt/hadoop/share/ozone/lib/kerby-util-1.0.1.jar:/opt/hadoop/share/ozone/lib/netty-codec-4.1.79.Final.jar:/opt/hadoop/share/ozone/lib/failureaccess-1.0.1.jar:/opt/hadoop/share/ozone/lib/okio-2.8.0.jar:/opt/hadoop/share/ozone/lib/hdds-config-1.3.0-SNAPSHOT.jar:/opt/hadoop/share/ozone/lib/jsp-api-2.1.jar:/opt/hadoop/share/ozone/lib/jsch-0.1.54.jar:/opt/hadoop/share/ozone/lib/jetty-http-9.4.43.v20210629.jar:/opt/hadoop/share/ozone/lib/jakarta.activation-api-1.2.1.jar:/opt/hadoop/share/ozone/lib/slf4j-api-1.7.30.jar:/opt/hadoop/share/ozone/lib/hadoop-hdfs-client-3.3.1.jar:/opt/hadoop/share/ozone/lib/nimbus-jose-jwt-7.9.jar:/opt/hadoop/share/ozone/lib/commons-codec-1.11.jar:/opt/hadoop/share/ozone/lib/commons-pool2-2.6.0.jar:/opt/hadoop/share/ozone/lib/netty-resolver-4.1.79.Final.jar:/opt/hadoop/share/ozone/lib/jetty-util-9.4.43.v20210629.jar:/opt/hadoop/share/ozone/lib/opentracing-api-0.33.0.jar:/opt/hadoop/share/ozone/lib/jetty-util-ajax-9.4.43.v20210629.jar:/opt/hadoop/share/ozone/lib/jcip-annotations-1.0-1.jar:/opt/hadoop/share/ozone/lib/kerb-admin-1.0.1.jar:/opt/hadoop/share/ozone/lib/ratis-thirdparty-misc-1.0.0.jar:/opt/hadoop/share/ozone/lib/kotlin-stdlib-common-1.6.21.jar:/opt/hadoop/share/ozone/lib/opentracing-noop-0.33.0.jar:/opt/hadoop/share/ozone/lib/netty-transport-native-unix-common-4.1.79.Final.jar:/opt/hadoop/share/ozone/lib/jersey-core-1.19.jar:/opt/hadoop/share/ozone/lib/commons-compress-1.21.jar:/opt/hadoop/share/ozone/lib/jaxb-runtime-2.3.0.1.jar:/opt/hadoop/share/ozone/lib/ratis-server-api-2.3.0.jar:/opt/hadoop/share/ozone/lib/opentracing-util-0.33.0.jar:/opt/hadoop/share/ozone/lib/hdds-client-1.3.0-SNAPSHOT.jar:/opt/hadoop/share/ozone/lib/hdds-hadoop-dependency-client-1.3.0-SNAPSHOT.jar:/opt/hadoop/share/ozone/lib/snappy-java-1.1.8.2.jar:/opt/hadoop/share/ozone/lib/commons-cli-1.2.jar:/opt/hadoop/share/ozone/lib/ratis-server-2.3.0.jar:/opt/hadoop/share/ozone/lib/log4j-api-2.17.1.jar:/opt/hadoop/share/ozone/lib/woodstox-core-5.0.3.jar:/opt/hadoop/share/ozone/lib/javax.annotation-api-1.2.jar:/opt/hadoop/share/ozone/lib/kerby-asn1-1.0.1.jar:/opt/hadoop/share/ozone/lib/hadoop-annotations-3.3.1.jar:/opt/hadoop/share/ozone/lib/checker-qual-3.12.0.jar:/opt/hadoop/share/ozone/lib/stax2-api-3.1.4.jar:/opt/hadoop/share/ozone/lib/commons-digester-1.8.1.jar:/opt/hadoop/share/ozone/lib/commons-collections-3.2.2.jar:/opt/hadoop/share/ozone/lib/jaeger-core-1.6.0.jar:/opt/hadoop/share/ozone/lib/commons-text-1.4.jar:/opt/hadoop/share/ozone/lib/jersey-servlet-1.19.jar:/opt/hadoop/share/ozone/lib/hadoop-auth-3.3.1.jar:/opt/hadoop/share/ozone/lib/kerb-identity-1.0.1.jar:/opt/hadoop/share/ozone/lib/FastInfoset-1.2.13.jar:/opt/hadoop/share/ozone/lib/ratis-client-2.3.0.jar:/opt/hadoop/share/ozone/lib/kerb-common-1.0.1.jar:/opt/hadoop/share/ozone/lib/jersey-server-1.19.jar:/opt/hadoop/share/ozone/lib/hdds-hadoop-dependency-server-1.3.0-SNAPSHOT.jar:/opt/hadoop/share/ozone/lib/kerb-crypto-1.0.1.jar:/opt/hadoop/share/ozone/web:/opt/hadoop/share/ozone/lib/hdds-server-scm-1.3.0-SNAPSHOT.jar
STARTUP_MSG:   build = https://github.com/apache/ozone/2396611e3ce732b033dff162ebae9be2d5f42009 ; compiled by 'runner' on 2022-08-03T13:01Z
STARTUP_MSG:   java = 11.0.14.1
************************************************************/
2022-08-03 13:35:52 INFO  StorageContainerManagerStarter:90 - registered UNIX signal handlers for [TERM, HUP, INT]
2022-08-03 13:35:52 WARN  ServerUtils:148 - ozone.scm.db.dirs is not configured. We recommend adding this setting. Falling back to ozone.metadata.dirs instead.
2022-08-03 13:35:52 INFO  SCMHANodeDetails:209 - ServiceID for StorageContainerManager is null
2022-08-03 13:35:52 INFO  SCMHANodeDetails:214 - ozone.scm.default.service.id is not defined, falling back to ozone.scm.service.ids to find serviceID for StorageContainerManager if it is HA enabled cluster
2022-08-03 13:35:53 WARN  HAUtils:342 - ozone.scm.db.dirs is not configured. We recommend adding this setting. Falling back to ozone.metadata.dirs instead.
2022-08-03 13:35:54 WARN  DBStoreBuilder:145 - ozone.scm.db.dirs is not configured. We recommend adding this setting. Falling back to ozone.metadata.dirs instead.
2022-08-03 13:35:54 INFO  NodeSchemaLoader:129 - Loading schema from [file:/etc/hadoop/network-topology-default.xml, jar:file:/opt/hadoop/share/ozone/lib/hdds-common-1.3.0-SNAPSHOT.jar!/network-topology-default.xml]
2022-08-03 13:35:54 INFO  NodeSchemaLoader:176 - Loading network topology layer schema file
2022-08-03 13:35:54 INFO  MetricRegistries:64 - Loaded MetricRegistries class org.apache.ratis.metrics.impl.MetricRegistriesImpl
2022-08-03 13:35:54 INFO  SCMRatisServerImpl:87 - starting Raft server for scm:e439292d-9665-49a5-83ed-bcde12ae5786
2022-08-03 13:35:54 INFO  RaftServer:46 - raft.rpc.type = GRPC (default)
2022-08-03 13:35:54 INFO  GrpcConfigKeys:46 - raft.grpc.admin.port = -1 (default)
2022-08-03 13:35:54 INFO  GrpcConfigKeys:46 - raft.grpc.server.port = 9894 (custom)
2022-08-03 13:35:54 INFO  GrpcConfigKeys:46 - raft.grpc.client.port = -1 (default)
2022-08-03 13:35:54 INFO  GrpcConfigKeys:46 - raft.grpc.server.port = 9894 (custom)
2022-08-03 13:35:54 INFO  GrpcConfigKeys:46 - raft.grpc.server.port = 9894 (custom)
2022-08-03 13:35:54 INFO  GrpcService:46 - raft.grpc.message.size.max = 32m (=33554432) (custom)
2022-08-03 13:35:54 INFO  RaftServerConfigKeys:46 - raft.server.log.appender.buffer.byte-limit = 33554432 (custom)
2022-08-03 13:35:54 INFO  GrpcService:46 - raft.grpc.flow.control.window = 1MB (=1048576) (default)
2022-08-03 13:35:54 INFO  RaftServerConfigKeys:46 - raft.server.rpc.request.timeout = 30000ms (custom)
2022-08-03 13:35:54 INFO  GrpcConfigKeys:46 - raft.grpc.server.async.request.thread.pool.cached = true (default)
2022-08-03 13:35:54 INFO  GrpcConfigKeys:46 - raft.grpc.server.async.request.thread.pool.size = 32 (default)
2022-08-03 13:35:54 INFO  DataStreamServerImpl:46 - raft.datastream.type = DISABLED (default)
2022-08-03 13:35:54 INFO  RaftServerConfigKeys:46 - raft.server.threadpool.proxy.cached = true (default)
2022-08-03 13:35:54 INFO  RaftServerConfigKeys:46 - raft.server.threadpool.proxy.size = 0 (default)
2022-08-03 13:35:54 INFO  RaftServerConfigKeys:46 - raft.server.rpc.slowness.timeout = 120000ms (custom)
2022-08-03 13:35:54 INFO  RaftServerConfigKeys:46 - raft.server.leaderelection.leader.step-down.wait-time = 10s (default)
2022-08-03 13:35:54 INFO  RaftServerConfigKeys:46 - raft.server.storage.dir = [/data/metadata/scm-ha] (custom)
2022-08-03 13:35:54 INFO  RaftServer:247 - e439292d-9665-49a5-83ed-bcde12ae5786: found a subdirectory /data/metadata/scm-ha/bd29577f-4d24-4fbe-9377-fadd7b175b85
2022-08-03 13:35:54 INFO  RaftServer:96 - e439292d-9665-49a5-83ed-bcde12ae5786: addNew group-FADD7B175B85:[] returns group-FADD7B175B85:java.util.concurrent.CompletableFuture@765df79d[Not completed]
2022-08-03 13:35:54 INFO  RaftServer$Division:190 - e439292d-9665-49a5-83ed-bcde12ae5786: new RaftServerImpl for group-FADD7B175B85:[] with SCMStateMachine:uninitialized
2022-08-03 13:35:54 INFO  RaftServerConfigKeys:46 - raft.server.rpc.timeout.min = 5000ms (custom)
2022-08-03 13:35:54 INFO  RaftServerConfigKeys:46 - raft.server.rpc.timeout.max = 5200ms (custom)
2022-08-03 13:35:54 INFO  RaftServerConfigKeys:46 - raft.server.rpc.sleep.time = 25ms (default)
2022-08-03 13:35:54 INFO  RaftServerConfigKeys:46 - raft.server.rpc.slowness.timeout = 120000ms (custom)
2022-08-03 13:35:54 INFO  RaftServerConfigKeys:46 - raft.server.leaderelection.leader.step-down.wait-time = 10s (default)
2022-08-03 13:35:54 INFO  RaftServerConfigKeys:46 - raft.server.sleep.deviation.threshold = 300ms (default)
2022-08-03 13:35:55 INFO  RaftServer$Division:107 - e439292d-9665-49a5-83ed-bcde12ae5786@group-FADD7B175B85: ConfigurationManager, init=-1: [], old=null, confs=<EMPTY_MAP>
2022-08-03 13:35:55 INFO  RaftServerConfigKeys:46 - raft.server.storage.dir = [/data/metadata/scm-ha] (custom)
2022-08-03 13:35:55 INFO  RaftServerConfigKeys:46 - raft.server.log.corruption.policy = EXCEPTION (default)
2022-08-03 13:35:55 INFO  RaftServerConfigKeys:46 - raft.server.storage.free-space.min = 0MB (=0) (default)
2022-08-03 13:35:55 INFO  RaftStorageDirectory:230 - Lock on /data/metadata/scm-ha/bd29577f-4d24-4fbe-9377-fadd7b175b85/in_use.lock acquired by nodename 7@scm-0
2022-08-03 13:35:55 INFO  RaftStorage:110 - Read RaftStorageMetadata{term=1, votedFor=e439292d-9665-49a5-83ed-bcde12ae5786} from /data/metadata/scm-ha/bd29577f-4d24-4fbe-9377-fadd7b175b85/current/raft-meta
2022-08-03 13:35:55 INFO  RaftServer$Division:393 - e439292d-9665-49a5-83ed-bcde12ae5786@group-FADD7B175B85: set configuration 0: [e439292d-9665-49a5-83ed-bcde12ae5786|rpc:scm-0:9894|admin:|client:|dataStream:|priority:0], old=null
2022-08-03 13:35:55 INFO  RaftServerConfigKeys:46 - raft.server.notification.no-leader.timeout = 60s (default)
2022-08-03 13:35:55 INFO  RaftServerConfigKeys:46 - raft.server.log.use.memory = false (default)
2022-08-03 13:35:55 INFO  RaftServerConfigKeys:46 - raft.server.log.purge.gap = 1000000 (custom)
2022-08-03 13:35:55 INFO  RaftServerConfigKeys:46 - raft.server.log.appender.buffer.byte-limit = 33554432 (custom)
2022-08-03 13:35:55 INFO  RaftServerConfigKeys:46 - raft.server.log.statemachine.data.read.timeout = 1000ms (default)
2022-08-03 13:35:55 INFO  RaftServerConfigKeys:46 - raft.server.log.segment.size.max = 4194304 (custom)
2022-08-03 13:35:55 INFO  RaftServerConfigKeys:46 - raft.server.log.segment.cache.num.max = 2 (custom)
2022-08-03 13:35:55 INFO  RaftServerConfigKeys:46 - raft.server.log.segment.cache.size.max = 200MB (=209715200) (default)
2022-08-03 13:35:55 INFO  SegmentedRaftLogWorker:187 - new e439292d-9665-49a5-83ed-bcde12ae5786@group-FADD7B175B85-SegmentedRaftLogWorker for RaftStorageImpl:Storage Directory /data/metadata/scm-ha/bd29577f-4d24-4fbe-9377-fadd7b175b85
2022-08-03 13:35:55 INFO  RaftServerConfigKeys:46 - raft.server.log.queue.byte-limit = 64MB (=67108864) (default)
2022-08-03 13:35:55 INFO  RaftServerConfigKeys:46 - raft.server.log.queue.element-limit = 4096 (default)
2022-08-03 13:35:55 INFO  RaftServerConfigKeys:46 - raft.server.log.segment.size.max = 4194304 (custom)
2022-08-03 13:35:55 INFO  RaftServerConfigKeys:46 - raft.server.log.preallocated.size = 4194304 (custom)
2022-08-03 13:35:55 INFO  RaftServerConfigKeys:46 - raft.server.log.force.sync.num = 128 (default)
2022-08-03 13:35:55 INFO  RaftServerConfigKeys:46 - raft.server.log.statemachine.data.sync = true (default)
2022-08-03 13:35:55 INFO  RaftServerConfigKeys:46 - raft.server.log.statemachine.data.sync.timeout = 10s (default)
2022-08-03 13:35:55 INFO  RaftServerConfigKeys:46 - raft.server.log.statemachine.data.sync.timeout.retry = -1 (default)
2022-08-03 13:35:55 INFO  RaftServerConfigKeys:46 - raft.server.log.write.buffer.size = 64KB (=65536) (default)
2022-08-03 13:35:55 INFO  RaftServerConfigKeys:46 - raft.server.log.unsafe-flush.enabled = false (default)
2022-08-03 13:35:55 INFO  RaftServerConfigKeys:46 - raft.server.log.statemachine.data.caching.enabled = false (default)
2022-08-03 13:35:55 INFO  RaftServer$Division:393 - e439292d-9665-49a5-83ed-bcde12ae5786@group-FADD7B175B85: set configuration 0: [e439292d-9665-49a5-83ed-bcde12ae5786|rpc:scm-0:9894|admin:|client:|dataStream:|priority:0], old=null
2022-08-03 13:35:55 INFO  LogSegment:173 - Successfully read 1 entries from segment file /data/metadata/scm-ha/bd29577f-4d24-4fbe-9377-fadd7b175b85/current/log_inprogress_0
2022-08-03 13:35:55 INFO  SegmentedRaftLogWorker:135 - e439292d-9665-49a5-83ed-bcde12ae5786@group-FADD7B175B85-SegmentedRaftLogWorker: flushIndex: setUnconditionally 0 -> 0
2022-08-03 13:35:55 INFO  SegmentedRaftLogWorker:135 - e439292d-9665-49a5-83ed-bcde12ae5786@group-FADD7B175B85-SegmentedRaftLogWorker: safeCacheEvictIndex: setUnconditionally 0 -> -1
2022-08-03 13:35:55 INFO  RaftServerConfigKeys:46 - raft.server.snapshot.auto.trigger.enabled = true (custom)
2022-08-03 13:35:55 INFO  RaftServerConfigKeys:46 - raft.server.snapshot.auto.trigger.threshold = 1000 (custom)
2022-08-03 13:35:55 INFO  RaftServerConfigKeys:46 - raft.server.snapshot.retention.file.num = -1 (default)
2022-08-03 13:35:55 INFO  RaftServerConfigKeys:46 - raft.server.log.purge.upto.snapshot.index = false (default)
2022-08-03 13:35:55 INFO  RaftServerConfigKeys:46 - raft.server.retrycache.expirytime = 60000ms (default)
2022-08-03 13:35:55 INFO  RaftServerConfigKeys:46 - raft.server.retrycache.statistics.expirytime = 100?s (default)
2022-08-03 13:35:55 INFO  RaftServerConfigKeys:46 - raft.server.log.appender.install.snapshot.enabled = false (custom)
2022-08-03 13:35:55 INFO  RaftServerConfigKeys:46 - raft.server.threadpool.server.cached = true (default)
2022-08-03 13:35:55 INFO  RaftServerConfigKeys:46 - raft.server.threadpool.server.size = 0 (default)
2022-08-03 13:35:55 INFO  RaftServerConfigKeys:46 - raft.server.threadpool.client.cached = true (default)
2022-08-03 13:35:55 INFO  RaftServerConfigKeys:46 - raft.server.threadpool.client.size = 0 (default)
2022-08-03 13:35:55 INFO  SCMSnapshotProvider:66 - Initializing SCM Snapshot Provider
2022-08-03 13:35:55 WARN  ServerUtils:237 - Storage directory for Ratis is not configured. It is a good idea to map this to an SSD disk. Falling back to ozone.metadata.dirs
2022-08-03 13:35:55 WARN  SCMHAUtils:153 - SCM snapshot dir is not configured. Falling back to ozone.metadata.dirs config
2022-08-03 13:35:55 INFO  AbstractLayoutVersionManager:83 - Initializing Layout version manager with metadata layout = DATANODE_SCHEMA_V3 (version = 4), software layout = DATANODE_SCHEMA_V3 (version = 4)
2022-08-03 13:35:55 INFO  Reflections:232 - Reflections took 206 ms to scan 3 urls, producing 109 keys and 246 values 
2022-08-03 13:35:55 INFO  SequenceIdGenerator:349 - upgrade localId to 109611004723200000
2022-08-03 13:35:55 INFO  SequenceIdGenerator:359 - upgrade delTxnId to 0
2022-08-03 13:35:55 INFO  SequenceIdGenerator:376 - upgrade containerId to 0
2022-08-03 13:35:55 INFO  SequenceIdGenerator:220 - Init the HA SequenceIdGenerator.
2022-08-03 13:35:55 INFO  SCMNodeManager:149 - Entering startup safe mode.
2022-08-03 13:35:55 INFO  ContainerPlacementPolicyFactory:86 - Create container placement policy of type org.apache.hadoop.hdds.scm.container.placement.algorithms.SCMContainerPlacementRandom
2022-08-03 13:35:55 INFO  ContainerPlacementPolicyFactory:86 - Create container placement policy of type org.apache.hadoop.hdds.scm.container.placement.algorithms.SCMContainerPlacementRackScatter
2022-08-03 13:35:55 INFO  PipelineStateManagerImpl:78 - No pipeline exists in current db
2022-08-03 13:35:55 INFO  LeaderChoosePolicyFactory:57 - Create leader choose policy of type org.apache.hadoop.hdds.scm.pipeline.leader.choose.algorithms.MinLeaderCountChoosePolicy
2022-08-03 13:35:55 INFO  ContainerPlacementPolicyFactory:86 - Create container placement policy of type org.apache.hadoop.hdds.scm.container.placement.algorithms.SCMContainerPlacementRackScatter
2022-08-03 13:35:55 INFO  SCMServiceManager:42 - Registering service BackgroundPipelineCreator.
2022-08-03 13:35:55 INFO  BackgroundPipelineCreator:124 - Starting RatisPipelineUtilsThread.
2022-08-03 13:35:55 INFO  BackgroundPipelineScrubber:68 - Starting BackgroundPipelineScrubber Service.
2022-08-03 13:35:55 INFO  SCMServiceManager:42 - Registering service BackgroundPipelineScrubber.
2022-08-03 13:35:55 INFO  ExpiredContainerReplicaOpScrubber:68 - Starting ExpiredContainerReplicaOpScrubber Service.
2022-08-03 13:35:55 INFO  SCMServiceManager:42 - Registering service ExpiredContainerReplicaOpScrubber.
2022-08-03 13:35:55 INFO  PipelineChoosePolicyFactory:73 - Create pipeline choose policy of type org.apache.hadoop.hdds.scm.pipeline.choose.algorithms.RandomPipelineChoosePolicy
2022-08-03 13:35:55 INFO  SCMServiceManager:42 - Registering service SCMBlockDeletingService.
2022-08-03 13:35:56 INFO  ReplicationManager:200 - Starting Replication Monitor Thread.
2022-08-03 13:35:56 INFO  UnderReplicatedQueueThread:68 - Starting UnderReplicatedQueueThread Service.
2022-08-03 13:35:56 INFO  ReplicationManager:249 - Replication Manager is not ready to run until 300000ms after safemode exit
2022-08-03 13:35:56 INFO  SCMServiceManager:42 - Registering service UnderReplicatedQueueThread.
2022-08-03 13:35:56 INFO  OverReplicatedQueueThread:68 - Starting OverReplicatedQueueThread Service.
2022-08-03 13:35:56 INFO  SCMServiceManager:42 - Registering service OverReplicatedQueueThread.
2022-08-03 13:35:56 INFO  SCMServiceManager:42 - Registering service ReplicationManager.
2022-08-03 13:35:56 INFO  ContainerSafeModeRule:89 - containers with one replica threshold count 0
2022-08-03 13:35:56 INFO  HealthyPipelineSafeModeRule:169 - Total pipeline count is 0, healthy pipeline threshold count is 1
2022-08-03 13:35:56 INFO  OneReplicaPipelineSafeModeRule:180 - Total pipeline count is 0, pipeline's with at least one datanode reported threshold count is 0
2022-08-03 13:35:56 WARN  NativeCodeLoader:60 - Unable to load native-hadoop library for your platform... using builtin-java classes where applicable
2022-08-03 13:35:56 INFO  AuditLogger:126 - Refresh DebugCmdSet for SCMAudit to [].
2022-08-03 13:35:56 INFO  CallQueueManager:90 - Using callQueue: class java.util.concurrent.LinkedBlockingQueue, queueCapacity: 10000, scheduler: class org.apache.hadoop.ipc.DefaultRpcScheduler, ipcBackoff: false.
2022-08-03 13:35:56 INFO  Server:1265 - Starting Socket Reader #1 for port 9861
2022-08-03 13:35:56 INFO  AuditLogger:126 - Refresh DebugCmdSet for SCMAudit to [].
2022-08-03 13:35:56 INFO  CallQueueManager:90 - Using callQueue: class java.util.concurrent.LinkedBlockingQueue, queueCapacity: 10000, scheduler: class org.apache.hadoop.ipc.DefaultRpcScheduler, ipcBackoff: false.
2022-08-03 13:35:56 INFO  Server:1265 - Starting Socket Reader #1 for port 9863
2022-08-03 13:35:57 INFO  AuditLogger:126 - Refresh DebugCmdSet for SCMAudit to [].
2022-08-03 13:35:57 INFO  CallQueueManager:90 - Using callQueue: class java.util.concurrent.LinkedBlockingQueue, queueCapacity: 10000, scheduler: class org.apache.hadoop.ipc.DefaultRpcScheduler, ipcBackoff: false.
2022-08-03 13:35:57 INFO  Server:1265 - Starting Socket Reader #1 for port 9860
2022-08-03 13:35:57 INFO  SCMServiceManager:42 - Registering service ContainerBalancer.
2022-08-03 13:35:57 INFO  StorageContainerManager:406 - 
Container Balancer status:
Key                            Value
Running                        false
Container Balancer Configuration values:
Key                                                Value
Threshold                                          10
Max Datanodes to Involve per Iteration(percent)    20
Max Size to Move per Iteration                     500GB
Max Size Entering Target per Iteration             26GB
Max Size Leaving Source per Iteration              26GB

2022-08-03 13:35:57 WARN  EventQueue:216 - No event handler registered for event TypedEvent{payloadType=SafeModeStatus, name='Safe mode status'}
2022-08-03 13:35:57 INFO  SCMContext:228 - Update SafeModeStatus from SafeModeStatus{safeModeStatus=true, preCheckPassed=false} to SafeModeStatus{safeModeStatus=true, preCheckPassed=false}.
2022-08-03 13:35:57 INFO  StorageContainerManager:1460 - StorageContainerLocationProtocol RPC server is listening at /0.0.0.0:9860
2022-08-03 13:35:57 INFO  SCMRatisServerImpl:178 - starting ratis server 0.0.0.0:9894
2022-08-03 13:35:57 INFO  RaftServer$Division:310 - e439292d-9665-49a5-83ed-bcde12ae5786@group-FADD7B175B85: start as a follower, conf=0: [e439292d-9665-49a5-83ed-bcde12ae5786|rpc:scm-0:9894|admin:|client:|dataStream:|priority:0], old=null
2022-08-03 13:35:57 INFO  RaftServer$Division:299 - e439292d-9665-49a5-83ed-bcde12ae5786@group-FADD7B175B85: changes role from      null to FOLLOWER at term 1 for startAsFollower
2022-08-03 13:35:57 INFO  RoleInfo:139 - e439292d-9665-49a5-83ed-bcde12ae5786: start e439292d-9665-49a5-83ed-bcde12ae5786@group-FADD7B175B85-FollowerState
2022-08-03 13:35:57 INFO  JmxRegister:44 - Successfully registered JMX Bean with object name Ratis:service=RaftServer,group=group-FADD7B175B85,id=e439292d-9665-49a5-83ed-bcde12ae5786
2022-08-03 13:35:57 INFO  RaftServer:382 - e439292d-9665-49a5-83ed-bcde12ae5786: start RPC server
2022-08-03 13:35:57 INFO  GrpcService:260 - e439292d-9665-49a5-83ed-bcde12ae5786: GrpcService started, listening on 9894
2022-08-03 13:35:57 INFO  SCMHAManagerImpl:121 -  scm role is FOLLOWER peers [e439292d-9665-49a5-83ed-bcde12ae5786|rpc:scm-0:9894|admin:|client:|dataStream:|priority:0]
2022-08-03 13:35:57 INFO  InterSCMGrpcService:94 - Starting SCM Grpc Service at port 9895
2022-08-03 13:35:57 INFO  JvmPauseMonitor:103 - JvmPauseMonitor-e439292d-9665-49a5-83ed-bcde12ae5786: Started
2022-08-03 13:35:57 INFO  MetricsConfig:120 - Loaded properties from hadoop-metrics2.properties
2022-08-03 13:35:57 INFO  MetricsSystemImpl:378 - Scheduled Metric snapshot period at 10 second(s).
2022-08-03 13:35:57 INFO  MetricsSystemImpl:191 - StorageContainerManager metrics system started
2022-08-03 13:35:57 INFO  SCMClientProtocolServer:170 - RPC server for Client  is listening at /0.0.0.0:9860
2022-08-03 13:35:57 INFO  Server:1507 - IPC Server Responder: starting
2022-08-03 13:35:57 INFO  Server:1344 - IPC Server listener on 9860: starting
2022-08-03 13:35:57 INFO  StorageContainerManager:1475 - ScmBlockLocationProtocol RPC server is listening at /0.0.0.0:9863
2022-08-03 13:35:57 INFO  SCMBlockProtocolServer:152 - RPC server for Block Protocol is listening at /0.0.0.0:9863
2022-08-03 13:35:57 INFO  Server:1507 - IPC Server Responder: starting
2022-08-03 13:35:57 INFO  Server:1344 - IPC Server listener on 9863: starting
2022-08-03 13:35:58 INFO  JvmPauseMonitor:188 - Starting JVM pause monitor
2022-08-03 13:35:58 INFO  BaseHttpServer:209 - Starting Web-server for scm at: http://0.0.0.0:9876
2022-08-03 13:35:58 INFO  BaseHttpServer:107 - Hadoop Security Enabled: false Ozone Security Enabled: false Ozone HTTP Security Enabled: false 
2022-08-03 13:35:58 INFO  log:170 - Logging initialized @9674ms to org.eclipse.jetty.util.log.Slf4jLog
2022-08-03 13:35:58 INFO  AuthenticationFilter:240 - Unable to initialize FileSignerSecretProvider, falling back to use random secrets.
2022-08-03 13:35:58 INFO  HttpRequestLog:86 - Http request log for http.requests.scm is not defined
2022-08-03 13:35:58 INFO  HttpServer2:1029 - Added global filter 'safety' (class=org.apache.hadoop.hdds.server.http.HttpServer2$QuotingInputFilter)
2022-08-03 13:35:58 INFO  HttpServer2:1005 - Added filter static_user_filter (class=org.apache.hadoop.http.lib.StaticUserWebFilter$StaticUserFilter) to context scm
2022-08-03 13:35:58 INFO  HttpServer2:1013 - Added filter static_user_filter (class=org.apache.hadoop.http.lib.StaticUserWebFilter$StaticUserFilter) to context static
2022-08-03 13:35:58 INFO  HttpServer2:1013 - Added filter static_user_filter (class=org.apache.hadoop.http.lib.StaticUserWebFilter$StaticUserFilter) to context logs
2022-08-03 13:35:58 INFO  HttpServer2:1248 - Jetty bound to port 9876
2022-08-03 13:35:58 INFO  Server:375 - jetty-9.4.43.v20210629; built: 2021-06-30T11:07:22.254Z; git: 526006ecfa3af7f1a27ef3a288e2bef7ea9dd7e8; jvm 11.0.14.1+1-LTS
2022-08-03 13:35:58 INFO  session:334 - DefaultSessionIdManager workerName=node0
2022-08-03 13:35:58 INFO  session:339 - No SessionScavenger set, using defaults
2022-08-03 13:35:58 INFO  session:132 - node0 Scavenging every 600000ms
2022-08-03 13:35:58 INFO  ContextHandler:915 - Started o.e.j.s.ServletContextHandler@359ceb13{logs,/logs,file:///var/log/hadoop/,AVAILABLE}
2022-08-03 13:35:58 INFO  ContextHandler:915 - Started o.e.j.s.ServletContextHandler@6e685e6c{static,/static,jar:file:/opt/hadoop/share/ozone/lib/hdds-server-scm-1.3.0-SNAPSHOT.jar!/webapps/static,AVAILABLE}
2022-08-03 13:35:58 INFO  ContextHandler:915 - Started o.e.j.w.WebAppContext@5fd8dd66{scm,/,file:///tmp/jetty-0_0_0_0-9876-hdds-server-scm-1_3_0-SNAPSHOT_jar-_-any-1131944246022289567/webapp/,AVAILABLE}{jar:file:/opt/hadoop/share/ozone/lib/hdds-server-scm-1.3.0-SNAPSHOT.jar!/webapps/scm}
2022-08-03 13:35:58 INFO  AbstractConnector:331 - Started ServerConnector@401e02b4{HTTP/1.1, (http/1.1)}{0.0.0.0:9876}
2022-08-03 13:35:58 INFO  Server:415 - Started @10160ms
2022-08-03 13:35:58 INFO  MetricsSinkAdapter:204 - Sink prometheus started
2022-08-03 13:35:58 INFO  MetricsSystemImpl:305 - Registered sink prometheus
2022-08-03 13:35:58 INFO  BaseHttpServer:329 - HTTP server of scm listening at http://0.0.0.0:9876
2022-08-03 13:36:02 INFO  FollowerState:143 - e439292d-9665-49a5-83ed-bcde12ae5786@group-FADD7B175B85-FollowerState: change to CANDIDATE, lastRpcElapsedTime:5005615838ns, electionTimeout:5000ms
2022-08-03 13:36:02 INFO  RoleInfo:110 - e439292d-9665-49a5-83ed-bcde12ae5786: shutdown e439292d-9665-49a5-83ed-bcde12ae5786@group-FADD7B175B85-FollowerState
2022-08-03 13:36:02 INFO  RaftServer$Division:299 - e439292d-9665-49a5-83ed-bcde12ae5786@group-FADD7B175B85: changes role from  FOLLOWER to CANDIDATE at term 1 for changeToCandidate
2022-08-03 13:36:02 INFO  RaftServerConfigKeys:46 - raft.server.leaderelection.pre-vote = false (custom)
2022-08-03 13:36:02 INFO  RoleInfo:139 - e439292d-9665-49a5-83ed-bcde12ae5786: start e439292d-9665-49a5-83ed-bcde12ae5786@group-FADD7B175B85-LeaderElection1
2022-08-03 13:36:02 INFO  LeaderElection:310 - e439292d-9665-49a5-83ed-bcde12ae5786@group-FADD7B175B85-LeaderElection1 ELECTION round 0: submit vote requests at term 2 for 0: [e439292d-9665-49a5-83ed-bcde12ae5786|rpc:scm-0:9894|admin:|client:|dataStream:|priority:0], old=null
2022-08-03 13:36:02 INFO  LeaderElection:312 - e439292d-9665-49a5-83ed-bcde12ae5786@group-FADD7B175B85-LeaderElection1 ELECTION round 0: result PASSED (term=2)
2022-08-03 13:36:02 INFO  RoleInfo:130 - e439292d-9665-49a5-83ed-bcde12ae5786: shutdown e439292d-9665-49a5-83ed-bcde12ae5786@group-FADD7B175B85-LeaderElection1
2022-08-03 13:36:02 INFO  RaftServer$Division:299 - e439292d-9665-49a5-83ed-bcde12ae5786@group-FADD7B175B85: changes role from CANDIDATE to LEADER at term 2 for changeToLeader
2022-08-03 13:36:02 INFO  SCMStateMachine:259 - current SCM becomes leader of term 2.
2022-08-03 13:36:02 INFO  SCMContext:99 - update <isLeader,term> from <false,0> to <true,2>
2022-08-03 13:36:02 INFO  RaftServer$Division:287 - e439292d-9665-49a5-83ed-bcde12ae5786@group-FADD7B175B85: change Leader from null to e439292d-9665-49a5-83ed-bcde12ae5786 at term 2 for becomeLeader, leader elected after 7168ms
2022-08-03 13:36:02 INFO  RaftServerConfigKeys:46 - raft.server.staging.catchup.gap = 1000 (default)
2022-08-03 13:36:02 INFO  RaftServerConfigKeys:46 - raft.server.write.element-limit = 4096 (default)
2022-08-03 13:36:02 INFO  RaftServerConfigKeys:46 - raft.server.write.byte-limit = 64MB (=67108864) (default)
2022-08-03 13:36:02 INFO  RaftServerConfigKeys:46 - raft.server.watch.timeout = 10s (default)
2022-08-03 13:36:02 INFO  RaftServerConfigKeys:46 - raft.server.watch.timeout.denomination = 1s (default)
2022-08-03 13:36:02 INFO  RaftServerConfigKeys:46 - raft.server.watch.element-limit = 65536 (default)
2022-08-03 13:36:02 INFO  RaftServerConfigKeys:46 - raft.server.write.element-limit = 4096 (default)
2022-08-03 13:36:02 INFO  RaftServerConfigKeys:46 - raft.server.write.follower.gap.ratio.max = -1.0 (default)
2022-08-03 13:36:02 INFO  RoleInfo:139 - e439292d-9665-49a5-83ed-bcde12ae5786: start e439292d-9665-49a5-83ed-bcde12ae5786@group-FADD7B175B85-LeaderStateImpl
2022-08-03 13:36:02 INFO  SegmentedRaftLogWorker:430 - e439292d-9665-49a5-83ed-bcde12ae5786@group-FADD7B175B85-SegmentedRaftLogWorker: Rolling segment log-0_0 to index:0
2022-08-03 13:36:02 INFO  SegmentedRaftLogWorker:586 - e439292d-9665-49a5-83ed-bcde12ae5786@group-FADD7B175B85-SegmentedRaftLogWorker: Rolled log segment from /data/metadata/scm-ha/bd29577f-4d24-4fbe-9377-fadd7b175b85/current/log_inprogress_0 to /data/metadata/scm-ha/bd29577f-4d24-4fbe-9377-fadd7b175b85/current/log_0-0
2022-08-03 13:36:02 INFO  RaftServer$Division:393 - e439292d-9665-49a5-83ed-bcde12ae5786@group-FADD7B175B85: set configuration 1: [e439292d-9665-49a5-83ed-bcde12ae5786|rpc:scm-0:9894|admin:|client:|dataStream:|priority:0], old=null
2022-08-03 13:36:02 INFO  SegmentedRaftLogWorker:629 - e439292d-9665-49a5-83ed-bcde12ae5786@group-FADD7B175B85-SegmentedRaftLogWorker: created new log segment /data/metadata/scm-ha/bd29577f-4d24-4fbe-9377-fadd7b175b85/current/log_inprogress_1
2022-08-03 13:36:02 INFO  SCMContext:126 - update <isLeaderReady> from <false> to <true>
2022-08-03 13:36:02 INFO  BackgroundPipelineCreator:254 - Service BackgroundPipelineCreator transitions to RUNNING.
2022-08-03 13:36:02 INFO  HealthyPipelineSafeModeRule:165 - Refreshed total pipeline count is 0, healthy pipeline threshold count is 1
2022-08-03 13:36:02 INFO  ContainerSafeModeRule:177 - Refreshed one replica container threshold 0, currentThreshold 0
2022-08-03 13:36:02 INFO  OneReplicaPipelineSafeModeRule:176 - Refreshed Total pipeline count is 0, pipeline's with at least one datanode reported threshold count is 0
2022-08-03 13:36:02 INFO  SCMDatanodeProtocolServer:186 - ScmDatanodeProtocol RPC server for DataNodes is listening at /0.0.0.0:9861
2022-08-03 13:36:02 INFO  Server:1507 - IPC Server Responder: starting
2022-08-03 13:36:02 INFO  Server:1344 - IPC Server listener on 9861: starting
2022-08-03 13:36:02 WARN  Server:1717 - IPC Server handler 0 on default port 9861, call Call#0 Retry#0 org.apache.hadoop.ozone.protocol.StorageContainerDatanodeProtocol.submitRequest from 10.42.0.38:51242: output error
2022-08-03 13:36:02 INFO  Server:2979 - IPC Server handler 0 on default port 9861 caught an exception
java.nio.channels.ClosedChannelException
	at java.base/sun.nio.ch.SocketChannelImpl.ensureOpenAndConnected(SocketChannelImpl.java:180)
	at java.base/sun.nio.ch.SocketChannelImpl.write(SocketChannelImpl.java:452)
	at org.apache.hadoop.ipc.Server.channelWrite(Server.java:3605)
	at org.apache.hadoop.ipc.Server.access$1700(Server.java:141)
	at org.apache.hadoop.ipc.Server$Responder.processResponse(Server.java:1667)
	at org.apache.hadoop.ipc.Server$Responder.doRespond(Server.java:1737)
	at org.apache.hadoop.ipc.Server$Connection.sendResponse(Server.java:2837)
	at org.apache.hadoop.ipc.Server$Connection.access$300(Server.java:1809)
	at org.apache.hadoop.ipc.Server$RpcCall.doResponse(Server.java:1117)
	at org.apache.hadoop.ipc.Server$Call.doResponse(Server.java:909)
	at org.apache.hadoop.ipc.Server$Call.sendResponse(Server.java:895)
	at org.apache.hadoop.ipc.Server$RpcCall.run(Server.java:1052)
	at org.apache.hadoop.ipc.Server$RpcCall.run(Server.java:963)
	at java.base/java.security.AccessController.doPrivileged(Native Method)
	at java.base/javax.security.auth.Subject.doAs(Subject.java:423)
	at org.apache.hadoop.security.UserGroupInformation.doAs(UserGroupInformation.java:1878)
	at org.apache.hadoop.ipc.Server$Handler.run(Server.java:2966)
2022-08-03 13:36:03 INFO  NetworkTopologyImpl:112 - Added a new node: /default-rack/efde218b-0180-4683-867b-ad1a08b9ed69
2022-08-03 13:36:03 INFO  SCMNodeManager:397 - Registered Data node : efde218b-0180-4683-867b-ad1a08b9ed69{ip: 10.42.0.40, host: datanode-2.datanode.default.svc.cluster.local, ports: [REPLICATION=9886, RATIS=9858, RATIS_ADMIN=9857, RATIS_SERVER=9856, STANDALONE=9859], networkLocation: /default-rack, certSerialId: null, persistedOpState: null, persistedOpStateExpiryEpochSec: 0}
2022-08-03 13:36:03 INFO  BackgroundPipelineCreator:276 - trigger a one-shot run on RatisPipelineUtilsThread.
2022-08-03 13:36:03 INFO  SCMSafeModeManager:71 - SCM in safe mode. 1 DataNodes registered, 3 required.
2022-08-03 13:36:03 INFO  SCMSafeModeManager:204 - ContainerSafeModeRule rule is successfully validated
2022-08-03 13:36:03 INFO  SCMSafeModeManager:204 - AtleastOneDatanodeReportedRule rule is successfully validated
2022-08-03 13:36:03 INFO  RatisPipelineProvider:195 - Sending CreatePipelineCommand for pipeline:PipelineID=daa44ff5-940e-472b-9473-33b09db29591 to datanode:efde218b-0180-4683-867b-ad1a08b9ed69
2022-08-03 13:36:03 INFO  PipelineStateManagerImpl:103 - Created pipeline Pipeline[ Id: daa44ff5-940e-472b-9473-33b09db29591, Nodes: efde218b-0180-4683-867b-ad1a08b9ed69{ip: 10.42.0.40, host: datanode-2.datanode.default.svc.cluster.local, ports: [REPLICATION=9886, RATIS=9858, RATIS_ADMIN=9857, RATIS_SERVER=9856, STANDALONE=9859], networkLocation: /default-rack, certSerialId: null, persistedOpState: IN_SERVICE, persistedOpStateExpiryEpochSec: 0}, ReplicationConfig: RATIS/ONE, State:ALLOCATED, leaderId:, CreationTimestamp2022-08-03T13:36:03.624Z[UTC]].
2022-08-03 13:36:03 INFO  HealthyPipelineSafeModeRule:165 - Refreshed total pipeline count is 0, healthy pipeline threshold count is 1
2022-08-03 13:36:04 INFO  NetworkTopologyImpl:112 - Added a new node: /default-rack/bb21bdd7-a71c-4aa8-aee9-c0b8ca471465
2022-08-03 13:36:04 INFO  SCMNodeManager:397 - Registered Data node : bb21bdd7-a71c-4aa8-aee9-c0b8ca471465{ip: 10.42.0.34, host: datanode-0.datanode.default.svc.cluster.local, ports: [REPLICATION=9886, RATIS=9858, RATIS_ADMIN=9857, RATIS_SERVER=9856, STANDALONE=9859], networkLocation: /default-rack, certSerialId: null, persistedOpState: null, persistedOpStateExpiryEpochSec: 0}
2022-08-03 13:36:04 INFO  BackgroundPipelineCreator:276 - trigger a one-shot run on RatisPipelineUtilsThread.
2022-08-03 13:36:04 INFO  RatisPipelineProvider:195 - Sending CreatePipelineCommand for pipeline:PipelineID=e594ab04-32e6-41b0-a8a2-36938cd51541 to datanode:bb21bdd7-a71c-4aa8-aee9-c0b8ca471465
2022-08-03 13:36:04 INFO  SCMSafeModeManager:71 - SCM in safe mode. 2 DataNodes registered, 3 required.
2022-08-03 13:36:04 INFO  PipelineStateManagerImpl:103 - Created pipeline Pipeline[ Id: e594ab04-32e6-41b0-a8a2-36938cd51541, Nodes: bb21bdd7-a71c-4aa8-aee9-c0b8ca471465{ip: 10.42.0.34, host: datanode-0.datanode.default.svc.cluster.local, ports: [REPLICATION=9886, RATIS=9858, RATIS_ADMIN=9857, RATIS_SERVER=9856, STANDALONE=9859], networkLocation: /default-rack, certSerialId: null, persistedOpState: IN_SERVICE, persistedOpStateExpiryEpochSec: 0}, ReplicationConfig: RATIS/ONE, State:ALLOCATED, leaderId:, CreationTimestamp2022-08-03T13:36:04.042Z[UTC]].
2022-08-03 13:36:04 INFO  HealthyPipelineSafeModeRule:165 - Refreshed total pipeline count is 0, healthy pipeline threshold count is 1
2022-08-03 13:36:04 INFO  NetworkTopologyImpl:112 - Added a new node: /default-rack/8d9f1d63-5bb7-4520-8c00-4169092e16b9
2022-08-03 13:36:04 INFO  SCMNodeManager:397 - Registered Data node : 8d9f1d63-5bb7-4520-8c00-4169092e16b9{ip: 10.42.0.38, host: datanode-1.datanode.default.svc.cluster.local, ports: [REPLICATION=9886, RATIS=9858, RATIS_ADMIN=9857, RATIS_SERVER=9856, STANDALONE=9859], networkLocation: /default-rack, certSerialId: null, persistedOpState: null, persistedOpStateExpiryEpochSec: 0}
2022-08-03 13:36:04 INFO  BackgroundPipelineCreator:276 - trigger a one-shot run on RatisPipelineUtilsThread.
2022-08-03 13:36:04 INFO  RatisPipelineProvider:195 - Sending CreatePipelineCommand for pipeline:PipelineID=ca90838b-bdd6-448a-8a53-172ba96c5087 to datanode:8d9f1d63-5bb7-4520-8c00-4169092e16b9
2022-08-03 13:36:04 INFO  SCMSafeModeManager:71 - SCM in safe mode. 3 DataNodes registered, 3 required.
2022-08-03 13:36:04 INFO  SCMSafeModeManager:204 - DataNodeSafeModeRule rule is successfully validated
2022-08-03 13:36:04 INFO  SCMSafeModeManager:233 - All SCM safe mode pre check rules have passed
2022-08-03 13:36:04 WARN  EventQueue:216 - No event handler registered for event TypedEvent{payloadType=SafeModeStatus, name='Safe mode status'}
2022-08-03 13:36:04 INFO  SCMContext:228 - Update SafeModeStatus from SafeModeStatus{safeModeStatus=true, preCheckPassed=false} to SafeModeStatus{safeModeStatus=true, preCheckPassed=true}.
2022-08-03 13:36:04 INFO  BackgroundPipelineCreator:276 - trigger a one-shot run on RatisPipelineUtilsThread.
2022-08-03 13:36:04 INFO  PipelineStateManagerImpl:103 - Created pipeline Pipeline[ Id: ca90838b-bdd6-448a-8a53-172ba96c5087, Nodes: 8d9f1d63-5bb7-4520-8c00-4169092e16b9{ip: 10.42.0.38, host: datanode-1.datanode.default.svc.cluster.local, ports: [REPLICATION=9886, RATIS=9858, RATIS_ADMIN=9857, RATIS_SERVER=9856, STANDALONE=9859], networkLocation: /default-rack, certSerialId: null, persistedOpState: IN_SERVICE, persistedOpStateExpiryEpochSec: 0}, ReplicationConfig: RATIS/ONE, State:ALLOCATED, leaderId:, CreationTimestamp2022-08-03T13:36:04.921Z[UTC]].
2022-08-03 13:36:04 INFO  HealthyPipelineSafeModeRule:165 - Refreshed total pipeline count is 0, healthy pipeline threshold count is 1
2022-08-03 13:36:04 INFO  RatisPipelineProvider:195 - Sending CreatePipelineCommand for pipeline:PipelineID=fbe8ab6d-f65d-4489-b1b0-c4a8f050d0da to datanode:bb21bdd7-a71c-4aa8-aee9-c0b8ca471465
2022-08-03 13:36:04 INFO  RatisPipelineProvider:195 - Sending CreatePipelineCommand for pipeline:PipelineID=fbe8ab6d-f65d-4489-b1b0-c4a8f050d0da to datanode:8d9f1d63-5bb7-4520-8c00-4169092e16b9
2022-08-03 13:36:04 INFO  RatisPipelineProvider:195 - Sending CreatePipelineCommand for pipeline:PipelineID=fbe8ab6d-f65d-4489-b1b0-c4a8f050d0da to datanode:efde218b-0180-4683-867b-ad1a08b9ed69
2022-08-03 13:36:04 INFO  PipelineStateManagerImpl:103 - Created pipeline Pipeline[ Id: fbe8ab6d-f65d-4489-b1b0-c4a8f050d0da, Nodes: bb21bdd7-a71c-4aa8-aee9-c0b8ca471465{ip: 10.42.0.34, host: datanode-0.datanode.default.svc.cluster.local, ports: [REPLICATION=9886, RATIS=9858, RATIS_ADMIN=9857, RATIS_SERVER=9856, STANDALONE=9859], networkLocation: /default-rack, certSerialId: null, persistedOpState: IN_SERVICE, persistedOpStateExpiryEpochSec: 0}8d9f1d63-5bb7-4520-8c00-4169092e16b9{ip: 10.42.0.38, host: datanode-1.datanode.default.svc.cluster.local, ports: [REPLICATION=9886, RATIS=9858, RATIS_ADMIN=9857, RATIS_SERVER=9856, STANDALONE=9859], networkLocation: /default-rack, certSerialId: null, persistedOpState: IN_SERVICE, persistedOpStateExpiryEpochSec: 0}efde218b-0180-4683-867b-ad1a08b9ed69{ip: 10.42.0.40, host: datanode-2.datanode.default.svc.cluster.local, ports: [REPLICATION=9886, RATIS=9858, RATIS_ADMIN=9857, RATIS_SERVER=9856, STANDALONE=9859], networkLocation: /default-rack, certSerialId: null, persistedOpState: IN_SERVICE, persistedOpStateExpiryEpochSec: 0}, ReplicationConfig: RATIS/THREE, State:ALLOCATED, leaderId:, CreationTimestamp2022-08-03T13:36:04.967Z[UTC]].
2022-08-03 13:36:04 INFO  HealthyPipelineSafeModeRule:165 - Refreshed total pipeline count is 0, healthy pipeline threshold count is 1
2022-08-03 13:36:06 INFO  PipelineManagerImpl:367 - Pipeline Pipeline[ Id: daa44ff5-940e-472b-9473-33b09db29591, Nodes: efde218b-0180-4683-867b-ad1a08b9ed69{ip: 10.42.0.40, host: datanode-2.datanode.default.svc.cluster.local, ports: [REPLICATION=9886, RATIS=9858, RATIS_ADMIN=9857, RATIS_SERVER=9856, STANDALONE=9859], networkLocation: /default-rack, certSerialId: null, persistedOpState: IN_SERVICE, persistedOpStateExpiryEpochSec: 0}, ReplicationConfig: RATIS/ONE, State:ALLOCATED, leaderId:efde218b-0180-4683-867b-ad1a08b9ed69, CreationTimestamp2022-08-03T13:36:03.624Z[UTC]] moved to OPEN state
2022-08-03 13:36:06 INFO  HealthyPipelineSafeModeRule:165 - Refreshed total pipeline count is 0, healthy pipeline threshold count is 1
2022-08-03 13:36:06 INFO  SCMSafeModeManager:137 - SCM in safe mode. Healthy pipelines reported count is 0, required healthy pipeline reported count is 1
2022-08-03 13:36:07 INFO  SCMSafeModeManager:137 - SCM in safe mode. Healthy pipelines reported count is 0, required healthy pipeline reported count is 1
2022-08-03 13:36:07 INFO  PipelineManagerImpl:367 - Pipeline Pipeline[ Id: e594ab04-32e6-41b0-a8a2-36938cd51541, Nodes: bb21bdd7-a71c-4aa8-aee9-c0b8ca471465{ip: 10.42.0.34, host: datanode-0.datanode.default.svc.cluster.local, ports: [REPLICATION=9886, RATIS=9858, RATIS_ADMIN=9857, RATIS_SERVER=9856, STANDALONE=9859], networkLocation: /default-rack, certSerialId: null, persistedOpState: IN_SERVICE, persistedOpStateExpiryEpochSec: 0}, ReplicationConfig: RATIS/ONE, State:ALLOCATED, leaderId:bb21bdd7-a71c-4aa8-aee9-c0b8ca471465, CreationTimestamp2022-08-03T13:36:04.042Z[UTC]] moved to OPEN state
2022-08-03 13:36:07 INFO  HealthyPipelineSafeModeRule:165 - Refreshed total pipeline count is 0, healthy pipeline threshold count is 1
2022-08-03 13:36:07 INFO  SCMSafeModeManager:137 - SCM in safe mode. Healthy pipelines reported count is 0, required healthy pipeline reported count is 1
2022-08-03 13:36:08 INFO  SCMSafeModeManager:137 - SCM in safe mode. Healthy pipelines reported count is 0, required healthy pipeline reported count is 1
2022-08-03 13:36:08 INFO  PipelineManagerImpl:367 - Pipeline Pipeline[ Id: ca90838b-bdd6-448a-8a53-172ba96c5087, Nodes: 8d9f1d63-5bb7-4520-8c00-4169092e16b9{ip: 10.42.0.38, host: datanode-1.datanode.default.svc.cluster.local, ports: [REPLICATION=9886, RATIS=9858, RATIS_ADMIN=9857, RATIS_SERVER=9856, STANDALONE=9859], networkLocation: /default-rack, certSerialId: null, persistedOpState: IN_SERVICE, persistedOpStateExpiryEpochSec: 0}, ReplicationConfig: RATIS/ONE, State:ALLOCATED, leaderId:8d9f1d63-5bb7-4520-8c00-4169092e16b9, CreationTimestamp2022-08-03T13:36:04.921Z[UTC]] moved to OPEN state
2022-08-03 13:36:08 INFO  HealthyPipelineSafeModeRule:165 - Refreshed total pipeline count is 0, healthy pipeline threshold count is 1
2022-08-03 13:36:08 INFO  SCMSafeModeManager:137 - SCM in safe mode. Healthy pipelines reported count is 0, required healthy pipeline reported count is 1
2022-08-03 13:36:09 INFO  SCMSafeModeManager:137 - SCM in safe mode. Healthy pipelines reported count is 0, required healthy pipeline reported count is 1
2022-08-03 13:36:12 INFO  SCMSafeModeManager:137 - SCM in safe mode. Healthy pipelines reported count is 0, required healthy pipeline reported count is 1
2022-08-03 13:36:13 INFO  SCMSafeModeManager:137 - SCM in safe mode. Healthy pipelines reported count is 0, required healthy pipeline reported count is 1
2022-08-03 13:36:14 INFO  SCMSafeModeManager:137 - SCM in safe mode. Healthy pipelines reported count is 0, required healthy pipeline reported count is 1
2022-08-03 13:36:17 INFO  PipelineManagerImpl:367 - Pipeline Pipeline[ Id: fbe8ab6d-f65d-4489-b1b0-c4a8f050d0da, Nodes: bb21bdd7-a71c-4aa8-aee9-c0b8ca471465{ip: 10.42.0.34, host: datanode-0.datanode.default.svc.cluster.local, ports: [REPLICATION=9886, RATIS=9858, RATIS_ADMIN=9857, RATIS_SERVER=9856, STANDALONE=9859], networkLocation: /default-rack, certSerialId: null, persistedOpState: IN_SERVICE, persistedOpStateExpiryEpochSec: 0}8d9f1d63-5bb7-4520-8c00-4169092e16b9{ip: 10.42.0.38, host: datanode-1.datanode.default.svc.cluster.local, ports: [REPLICATION=9886, RATIS=9858, RATIS_ADMIN=9857, RATIS_SERVER=9856, STANDALONE=9859], networkLocation: /default-rack, certSerialId: null, persistedOpState: IN_SERVICE, persistedOpStateExpiryEpochSec: 0}efde218b-0180-4683-867b-ad1a08b9ed69{ip: 10.42.0.40, host: datanode-2.datanode.default.svc.cluster.local, ports: [REPLICATION=9886, RATIS=9858, RATIS_ADMIN=9857, RATIS_SERVER=9856, STANDALONE=9859], networkLocation: /default-rack, certSerialId: null, persistedOpState: IN_SERVICE, persistedOpStateExpiryEpochSec: 0}, ReplicationConfig: RATIS/THREE, State:ALLOCATED, leaderId:bb21bdd7-a71c-4aa8-aee9-c0b8ca471465, CreationTimestamp2022-08-03T13:36:04.967Z[UTC]] moved to OPEN state
2022-08-03 13:36:17 INFO  SCMSafeModeManager:137 - SCM in safe mode. Healthy pipelines reported count is 0, required healthy pipeline reported count is 1
2022-08-03 13:36:17 INFO  HealthyPipelineSafeModeRule:165 - Refreshed total pipeline count is 1, healthy pipeline threshold count is 1
2022-08-03 13:36:17 INFO  SCMSafeModeManager:137 - SCM in safe mode. Healthy pipelines reported count is 1, required healthy pipeline reported count is 1
2022-08-03 13:36:17 INFO  SCMSafeModeManager:204 - HealthyPipelineSafeModeRule rule is successfully validated
2022-08-03 13:36:17 INFO  SCMSafeModeManager:219 - ScmSafeModeManager, all rules are successfully validated
2022-08-03 13:36:17 INFO  SCMSafeModeManager:248 - SCM exiting safe mode.
2022-08-03 13:36:17 WARN  EventQueue:216 - No event handler registered for event TypedEvent{payloadType=SafeModeStatus, name='Safe mode status'}
2022-08-03 13:36:17 INFO  SCMContext:228 - Update SafeModeStatus from SafeModeStatus{safeModeStatus=true, preCheckPassed=true} to SafeModeStatus{safeModeStatus=false, preCheckPassed=true}.
2022-08-03 13:36:17 INFO  BackgroundPipelineScrubber:82 - Service BackgroundPipelineScrubber transitions to RUNNING.
2022-08-03 13:36:17 INFO  ExpiredContainerReplicaOpScrubber:82 - Service ExpiredContainerReplicaOpScrubber transitions to RUNNING.
2022-08-03 13:36:17 INFO  UnderReplicatedQueueThread:82 - Service UnderReplicatedQueueThread transitions to RUNNING.
2022-08-03 13:36:17 INFO  OverReplicatedQueueThread:82 - Service OverReplicatedQueueThread transitions to RUNNING.
2022-08-03 13:36:17 INFO  ReplicationManager:642 - Service ReplicationManager transitions to RUNNING.
2022-08-03 13:36:17 WARN  ContainerBalancer:904 - Could not find persisted configuration for ContainerBalancer when checking if ContainerBalancer should run. ContainerBalancer should not run now.
2022-08-03 13:36:28 INFO  SequenceIdGenerator:128 - Allocate a batch for containerId, change lastId from 0 to 1000.
2022-08-03 13:36:28 WARN  SequenceIdGenerator:237 - Failed to allocate a batch for localId, expected lastId is 0, actual lastId is 109611004723200000.
2022-08-03 13:36:28 INFO  SequenceIdGenerator:128 - Allocate a batch for localId, change lastId from 109611004723200000 to 109611004723201000.
2022-08-03 13:37:32 INFO  SCMNodeManager:416 - Updating data node bb21bdd7-a71c-4aa8-aee9-c0b8ca471465 from bb21bdd7-a71c-4aa8-aee9-c0b8ca471465{ip: 10.42.0.34, host: datanode-0.datanode.default.svc.cluster.local, ports: [REPLICATION=9886, RATIS=9858, RATIS_ADMIN=9857, RATIS_SERVER=9856, STANDALONE=9859], networkLocation: /default-rack, certSerialId: null, persistedOpState: IN_SERVICE, persistedOpStateExpiryEpochSec: 0} to bb21bdd7-a71c-4aa8-aee9-c0b8ca471465{ip: 10.42.0.41, host: datanode-0.datanode.default.svc.cluster.local, ports: [REPLICATION=9886, RATIS=9858, RATIS_ADMIN=9857, RATIS_SERVER=9856, STANDALONE=9859], networkLocation: /default-rack, certSerialId: null, persistedOpState: IN_SERVICE, persistedOpStateExpiryEpochSec: 0}
2022-08-03 13:37:32 INFO  NetworkTopologyImpl:165 - Updated to the new node: /default-rack/bb21bdd7-a71c-4aa8-aee9-c0b8ca471465
2022-08-03 13:37:32 INFO  NodeStateManager:418 - updating node bb21bdd7-a71c-4aa8-aee9-c0b8ca471465 from bb21bdd7-a71c-4aa8-aee9-c0b8ca471465{ip: 10.42.0.34, host: datanode-0.datanode.default.svc.cluster.local, ports: [REPLICATION=9886, RATIS=9858, RATIS_ADMIN=9857, RATIS_SERVER=9856, STANDALONE=9859], networkLocation: /default-rack, certSerialId: null, persistedOpState: IN_SERVICE, persistedOpStateExpiryEpochSec: 0} to bb21bdd7-a71c-4aa8-aee9-c0b8ca471465{ip: 10.42.0.41, host: datanode-0.datanode.default.svc.cluster.local, ports: [REPLICATION=9886, RATIS=9858, RATIS_ADMIN=9857, RATIS_SERVER=9856, STANDALONE=9859], networkLocation: /default-rack, certSerialId: null, persistedOpState: IN_SERVICE, persistedOpStateExpiryEpochSec: 0} with status OperationalState: IN_SERVICE Health: HEALTHY OperationStateExpiry: 0
2022-08-03 13:37:32 INFO  SCMNodeManager:436 - Updated Datanode to: bb21bdd7-a71c-4aa8-aee9-c0b8ca471465{ip: 10.42.0.41, host: datanode-0.datanode.default.svc.cluster.local, ports: [REPLICATION=9886, RATIS=9858, RATIS_ADMIN=9857, RATIS_SERVER=9856, STANDALONE=9859], networkLocation: /default-rack, certSerialId: null, persistedOpState: IN_SERVICE, persistedOpStateExpiryEpochSec: 0}
2022-08-03 13:37:32 INFO  NodeAddressUpdateHandler:54 - Closing stale pipelines for datanode: bb21bdd7-a71c-4aa8-aee9-c0b8ca471465{ip: 10.42.0.41, host: datanode-0.datanode.default.svc.cluster.local, ports: [REPLICATION=9886, RATIS=9858, RATIS_ADMIN=9857, RATIS_SERVER=9856, STANDALONE=9859], networkLocation: /default-rack, certSerialId: null, persistedOpState: IN_SERVICE, persistedOpStateExpiryEpochSec: 0}
2022-08-03 13:37:32 INFO  PipelineManagerImpl:467 - Found 2 stale pipelines
2022-08-03 13:37:32 INFO  PipelineManagerImpl:471 - Closing the stale pipeline: PipelineID=e594ab04-32e6-41b0-a8a2-36938cd51541
2022-08-03 13:37:32 INFO  PipelineManagerImpl:442 - Pipeline Pipeline[ Id: e594ab04-32e6-41b0-a8a2-36938cd51541, Nodes: bb21bdd7-a71c-4aa8-aee9-c0b8ca471465{ip: 10.42.0.34, host: datanode-0.datanode.default.svc.cluster.local, ports: [REPLICATION=9886, RATIS=9858, RATIS_ADMIN=9857, RATIS_SERVER=9856, STANDALONE=9859], networkLocation: /default-rack, certSerialId: null, persistedOpState: IN_SERVICE, persistedOpStateExpiryEpochSec: 0}, ReplicationConfig: RATIS/ONE, State:OPEN, leaderId:bb21bdd7-a71c-4aa8-aee9-c0b8ca471465, CreationTimestamp2022-08-03T13:36:04.042Z[UTC]] moved to CLOSED state
2022-08-03 13:37:32 INFO  RatisPipelineProvider:244 - Send pipeline:PipelineID=e594ab04-32e6-41b0-a8a2-36938cd51541 close command to datanode bb21bdd7-a71c-4aa8-aee9-c0b8ca471465
2022-08-03 13:37:32 INFO  PipelineStateManagerImpl:245 - Pipeline Pipeline[ Id: e594ab04-32e6-41b0-a8a2-36938cd51541, Nodes: bb21bdd7-a71c-4aa8-aee9-c0b8ca471465{ip: 10.42.0.34, host: datanode-0.datanode.default.svc.cluster.local, ports: [REPLICATION=9886, RATIS=9858, RATIS_ADMIN=9857, RATIS_SERVER=9856, STANDALONE=9859], networkLocation: /default-rack, certSerialId: null, persistedOpState: IN_SERVICE, persistedOpStateExpiryEpochSec: 0}, ReplicationConfig: RATIS/ONE, State:CLOSED, leaderId:bb21bdd7-a71c-4aa8-aee9-c0b8ca471465, CreationTimestamp2022-08-03T13:36:04.042Z[UTC]] removed.
2022-08-03 13:37:32 INFO  PipelineManagerImpl:473 - Closed the stale pipeline: PipelineID=e594ab04-32e6-41b0-a8a2-36938cd51541
2022-08-03 13:37:32 INFO  PipelineManagerImpl:471 - Closing the stale pipeline: PipelineID=fbe8ab6d-f65d-4489-b1b0-c4a8f050d0da
2022-08-03 13:37:32 INFO  PipelineManagerImpl:421 - Container #1 closed for pipeline=PipelineID=fbe8ab6d-f65d-4489-b1b0-c4a8f050d0da
2022-08-03 13:37:32 INFO  CloseContainerEventHandler:71 - Close container Event triggered for container : #1
2022-08-03 13:37:32 INFO  PipelineManagerImpl:421 - Container #2 closed for pipeline=PipelineID=fbe8ab6d-f65d-4489-b1b0-c4a8f050d0da
2022-08-03 13:37:32 INFO  CloseContainerEventHandler:71 - Close container Event triggered for container : #2
2022-08-03 13:37:32 INFO  PipelineManagerImpl:442 - Pipeline Pipeline[ Id: fbe8ab6d-f65d-4489-b1b0-c4a8f050d0da, Nodes: bb21bdd7-a71c-4aa8-aee9-c0b8ca471465{ip: 10.42.0.34, host: datanode-0.datanode.default.svc.cluster.local, ports: [REPLICATION=9886, RATIS=9858, RATIS_ADMIN=9857, RATIS_SERVER=9856, STANDALONE=9859], networkLocation: /default-rack, certSerialId: null, persistedOpState: IN_SERVICE, persistedOpStateExpiryEpochSec: 0}8d9f1d63-5bb7-4520-8c00-4169092e16b9{ip: 10.42.0.38, host: datanode-1.datanode.default.svc.cluster.local, ports: [REPLICATION=9886, RATIS=9858, RATIS_ADMIN=9857, RATIS_SERVER=9856, STANDALONE=9859], networkLocation: /default-rack, certSerialId: null, persistedOpState: IN_SERVICE, persistedOpStateExpiryEpochSec: 0}efde218b-0180-4683-867b-ad1a08b9ed69{ip: 10.42.0.40, host: datanode-2.datanode.default.svc.cluster.local, ports: [REPLICATION=9886, RATIS=9858, RATIS_ADMIN=9857, RATIS_SERVER=9856, STANDALONE=9859], networkLocation: /default-rack, certSerialId: null, persistedOpState: IN_SERVICE, persistedOpStateExpiryEpochSec: 0}, ReplicationConfig: RATIS/THREE, State:OPEN, leaderId:bb21bdd7-a71c-4aa8-aee9-c0b8ca471465, CreationTimestamp2022-08-03T13:36:04.967Z[UTC]] moved to CLOSED state
2022-08-03 13:37:32 INFO  RatisPipelineProvider:244 - Send pipeline:PipelineID=fbe8ab6d-f65d-4489-b1b0-c4a8f050d0da close command to datanode bb21bdd7-a71c-4aa8-aee9-c0b8ca471465
2022-08-03 13:37:32 INFO  RatisPipelineProvider:244 - Send pipeline:PipelineID=fbe8ab6d-f65d-4489-b1b0-c4a8f050d0da close command to datanode 8d9f1d63-5bb7-4520-8c00-4169092e16b9
2022-08-03 13:37:32 INFO  RatisPipelineProvider:244 - Send pipeline:PipelineID=fbe8ab6d-f65d-4489-b1b0-c4a8f050d0da close command to datanode efde218b-0180-4683-867b-ad1a08b9ed69
2022-08-03 13:37:32 INFO  PipelineStateManagerImpl:245 - Pipeline Pipeline[ Id: fbe8ab6d-f65d-4489-b1b0-c4a8f050d0da, Nodes: bb21bdd7-a71c-4aa8-aee9-c0b8ca471465{ip: 10.42.0.34, host: datanode-0.datanode.default.svc.cluster.local, ports: [REPLICATION=9886, RATIS=9858, RATIS_ADMIN=9857, RATIS_SERVER=9856, STANDALONE=9859], networkLocation: /default-rack, certSerialId: null, persistedOpState: IN_SERVICE, persistedOpStateExpiryEpochSec: 0}8d9f1d63-5bb7-4520-8c00-4169092e16b9{ip: 10.42.0.38, host: datanode-1.datanode.default.svc.cluster.local, ports: [REPLICATION=9886, RATIS=9858, RATIS_ADMIN=9857, RATIS_SERVER=9856, STANDALONE=9859], networkLocation: /default-rack, certSerialId: null, persistedOpState: IN_SERVICE, persistedOpStateExpiryEpochSec: 0}efde218b-0180-4683-867b-ad1a08b9ed69{ip: 10.42.0.40, host: datanode-2.datanode.default.svc.cluster.local, ports: [REPLICATION=9886, RATIS=9858, RATIS_ADMIN=9857, RATIS_SERVER=9856, STANDALONE=9859], networkLocation: /default-rack, certSerialId: null, persistedOpState: IN_SERVICE, persistedOpStateExpiryEpochSec: 0}, ReplicationConfig: RATIS/THREE, State:CLOSED, leaderId:bb21bdd7-a71c-4aa8-aee9-c0b8ca471465, CreationTimestamp2022-08-03T13:36:04.967Z[UTC]] removed.
2022-08-03 13:37:32 INFO  PipelineManagerImpl:473 - Closed the stale pipeline: PipelineID=fbe8ab6d-f65d-4489-b1b0-c4a8f050d0da
2022-08-03 13:37:32 INFO  BackgroundPipelineCreator:276 - trigger a one-shot run on RatisPipelineUtilsThread.
2022-08-03 13:37:32 INFO  RatisPipelineProvider:195 - Sending CreatePipelineCommand for pipeline:PipelineID=fef977f5-ae85-4b75-8628-8c07a7ced8c5 to datanode:bb21bdd7-a71c-4aa8-aee9-c0b8ca471465
2022-08-03 13:37:32 INFO  PipelineStateManagerImpl:103 - Created pipeline Pipeline[ Id: fef977f5-ae85-4b75-8628-8c07a7ced8c5, Nodes: bb21bdd7-a71c-4aa8-aee9-c0b8ca471465{ip: 10.42.0.41, host: datanode-0.datanode.default.svc.cluster.local, ports: [REPLICATION=9886, RATIS=9858, RATIS_ADMIN=9857, RATIS_SERVER=9856, STANDALONE=9859], networkLocation: /default-rack, certSerialId: null, persistedOpState: IN_SERVICE, persistedOpStateExpiryEpochSec: 0}, ReplicationConfig: RATIS/ONE, State:ALLOCATED, leaderId:, CreationTimestamp2022-08-03T13:37:32.453Z[UTC]].
2022-08-03 13:37:32 INFO  RatisPipelineProvider:195 - Sending CreatePipelineCommand for pipeline:PipelineID=cffcaeb0-1ac2-4547-a397-a612ed9069fe to datanode:efde218b-0180-4683-867b-ad1a08b9ed69
2022-08-03 13:37:32 INFO  RatisPipelineProvider:195 - Sending CreatePipelineCommand for pipeline:PipelineID=cffcaeb0-1ac2-4547-a397-a612ed9069fe to datanode:8d9f1d63-5bb7-4520-8c00-4169092e16b9
2022-08-03 13:37:32 INFO  RatisPipelineProvider:195 - Sending CreatePipelineCommand for pipeline:PipelineID=cffcaeb0-1ac2-4547-a397-a612ed9069fe to datanode:bb21bdd7-a71c-4aa8-aee9-c0b8ca471465
2022-08-03 13:37:32 INFO  PipelineStateManagerImpl:103 - Created pipeline Pipeline[ Id: cffcaeb0-1ac2-4547-a397-a612ed9069fe, Nodes: efde218b-0180-4683-867b-ad1a08b9ed69{ip: 10.42.0.40, host: datanode-2.datanode.default.svc.cluster.local, ports: [REPLICATION=9886, RATIS=9858, RATIS_ADMIN=9857, RATIS_SERVER=9856, STANDALONE=9859], networkLocation: /default-rack, certSerialId: null, persistedOpState: IN_SERVICE, persistedOpStateExpiryEpochSec: 0}8d9f1d63-5bb7-4520-8c00-4169092e16b9{ip: 10.42.0.38, host: datanode-1.datanode.default.svc.cluster.local, ports: [REPLICATION=9886, RATIS=9858, RATIS_ADMIN=9857, RATIS_SERVER=9856, STANDALONE=9859], networkLocation: /default-rack, certSerialId: null, persistedOpState: IN_SERVICE, persistedOpStateExpiryEpochSec: 0}bb21bdd7-a71c-4aa8-aee9-c0b8ca471465{ip: 10.42.0.41, host: datanode-0.datanode.default.svc.cluster.local, ports: [REPLICATION=9886, RATIS=9858, RATIS_ADMIN=9857, RATIS_SERVER=9856, STANDALONE=9859], networkLocation: /default-rack, certSerialId: null, persistedOpState: IN_SERVICE, persistedOpStateExpiryEpochSec: 0}, ReplicationConfig: RATIS/THREE, State:ALLOCATED, leaderId:, CreationTimestamp2022-08-03T13:37:32.483Z[UTC]].
2022-08-03 13:37:35 INFO  IncrementalContainerReportHandler:285 - Moving container #1 to QUASI_CLOSED state, datanode bb21bdd7-a71c-4aa8-aee9-c0b8ca471465{ip: 10.42.0.41, host: datanode-0.datanode.default.svc.cluster.local, ports: [REPLICATION=9886, RATIS=9858, RATIS_ADMIN=9857, RATIS_SERVER=9856, STANDALONE=9859], networkLocation: /default-rack, certSerialId: null, persistedOpState: IN_SERVICE, persistedOpStateExpiryEpochSec: 0} reported QUASI_CLOSED replica.
2022-08-03 13:37:35 INFO  PipelineManagerImpl:367 - Pipeline Pipeline[ Id: fef977f5-ae85-4b75-8628-8c07a7ced8c5, Nodes: bb21bdd7-a71c-4aa8-aee9-c0b8ca471465{ip: 10.42.0.41, host: datanode-0.datanode.default.svc.cluster.local, ports: [REPLICATION=9886, RATIS=9858, RATIS_ADMIN=9857, RATIS_SERVER=9856, STANDALONE=9859], networkLocation: /default-rack, certSerialId: null, persistedOpState: IN_SERVICE, persistedOpStateExpiryEpochSec: 0}, ReplicationConfig: RATIS/ONE, State:ALLOCATED, leaderId:bb21bdd7-a71c-4aa8-aee9-c0b8ca471465, CreationTimestamp2022-08-03T13:37:32.453Z[UTC]] moved to OPEN state
2022-08-03 13:37:38 INFO  SCMNodeManager:416 - Updating data node 8d9f1d63-5bb7-4520-8c00-4169092e16b9 from 8d9f1d63-5bb7-4520-8c00-4169092e16b9{ip: 10.42.0.38, host: datanode-1.datanode.default.svc.cluster.local, ports: [REPLICATION=9886, RATIS=9858, RATIS_ADMIN=9857, RATIS_SERVER=9856, STANDALONE=9859], networkLocation: /default-rack, certSerialId: null, persistedOpState: IN_SERVICE, persistedOpStateExpiryEpochSec: 0} to 8d9f1d63-5bb7-4520-8c00-4169092e16b9{ip: 10.42.0.42, host: datanode-1.datanode.default.svc.cluster.local, ports: [REPLICATION=9886, RATIS=9858, RATIS_ADMIN=9857, RATIS_SERVER=9856, STANDALONE=9859], networkLocation: /default-rack, certSerialId: null, persistedOpState: IN_SERVICE, persistedOpStateExpiryEpochSec: 0}
2022-08-03 13:37:38 INFO  NetworkTopologyImpl:165 - Updated to the new node: /default-rack/8d9f1d63-5bb7-4520-8c00-4169092e16b9
2022-08-03 13:37:38 INFO  NodeStateManager:418 - updating node 8d9f1d63-5bb7-4520-8c00-4169092e16b9 from 8d9f1d63-5bb7-4520-8c00-4169092e16b9{ip: 10.42.0.38, host: datanode-1.datanode.default.svc.cluster.local, ports: [REPLICATION=9886, RATIS=9858, RATIS_ADMIN=9857, RATIS_SERVER=9856, STANDALONE=9859], networkLocation: /default-rack, certSerialId: null, persistedOpState: IN_SERVICE, persistedOpStateExpiryEpochSec: 0} to 8d9f1d63-5bb7-4520-8c00-4169092e16b9{ip: 10.42.0.42, host: datanode-1.datanode.default.svc.cluster.local, ports: [REPLICATION=9886, RATIS=9858, RATIS_ADMIN=9857, RATIS_SERVER=9856, STANDALONE=9859], networkLocation: /default-rack, certSerialId: null, persistedOpState: IN_SERVICE, persistedOpStateExpiryEpochSec: 0} with status OperationalState: IN_SERVICE Health: HEALTHY OperationStateExpiry: 0
2022-08-03 13:37:38 INFO  SCMNodeManager:436 - Updated Datanode to: 8d9f1d63-5bb7-4520-8c00-4169092e16b9{ip: 10.42.0.42, host: datanode-1.datanode.default.svc.cluster.local, ports: [REPLICATION=9886, RATIS=9858, RATIS_ADMIN=9857, RATIS_SERVER=9856, STANDALONE=9859], networkLocation: /default-rack, certSerialId: null, persistedOpState: IN_SERVICE, persistedOpStateExpiryEpochSec: 0}
2022-08-03 13:37:38 INFO  NodeAddressUpdateHandler:54 - Closing stale pipelines for datanode: 8d9f1d63-5bb7-4520-8c00-4169092e16b9{ip: 10.42.0.42, host: datanode-1.datanode.default.svc.cluster.local, ports: [REPLICATION=9886, RATIS=9858, RATIS_ADMIN=9857, RATIS_SERVER=9856, STANDALONE=9859], networkLocation: /default-rack, certSerialId: null, persistedOpState: IN_SERVICE, persistedOpStateExpiryEpochSec: 0}
2022-08-03 13:37:38 INFO  PipelineManagerImpl:467 - Found 2 stale pipelines
2022-08-03 13:37:38 INFO  PipelineManagerImpl:471 - Closing the stale pipeline: PipelineID=cffcaeb0-1ac2-4547-a397-a612ed9069fe
2022-08-03 13:37:38 INFO  PipelineReportHandler:115 - Reported pipeline PipelineID=fbe8ab6d-f65d-4489-b1b0-c4a8f050d0da is not found
2022-08-03 13:37:38 INFO  PipelineManagerImpl:442 - Pipeline Pipeline[ Id: cffcaeb0-1ac2-4547-a397-a612ed9069fe, Nodes: efde218b-0180-4683-867b-ad1a08b9ed69{ip: 10.42.0.40, host: datanode-2.datanode.default.svc.cluster.local, ports: [REPLICATION=9886, RATIS=9858, RATIS_ADMIN=9857, RATIS_SERVER=9856, STANDALONE=9859], networkLocation: /default-rack, certSerialId: null, persistedOpState: IN_SERVICE, persistedOpStateExpiryEpochSec: 0}8d9f1d63-5bb7-4520-8c00-4169092e16b9{ip: 10.42.0.38, host: datanode-1.datanode.default.svc.cluster.local, ports: [REPLICATION=9886, RATIS=9858, RATIS_ADMIN=9857, RATIS_SERVER=9856, STANDALONE=9859], networkLocation: /default-rack, certSerialId: null, persistedOpState: IN_SERVICE, persistedOpStateExpiryEpochSec: 0}bb21bdd7-a71c-4aa8-aee9-c0b8ca471465{ip: 10.42.0.41, host: datanode-0.datanode.default.svc.cluster.local, ports: [REPLICATION=9886, RATIS=9858, RATIS_ADMIN=9857, RATIS_SERVER=9856, STANDALONE=9859], networkLocation: /default-rack, certSerialId: null, persistedOpState: IN_SERVICE, persistedOpStateExpiryEpochSec: 0}, ReplicationConfig: RATIS/THREE, State:ALLOCATED, leaderId:, CreationTimestamp2022-08-03T13:37:32.483Z[UTC]] moved to CLOSED state
2022-08-03 13:37:38 INFO  RatisPipelineProvider:244 - Send pipeline:PipelineID=cffcaeb0-1ac2-4547-a397-a612ed9069fe close command to datanode efde218b-0180-4683-867b-ad1a08b9ed69
2022-08-03 13:37:38 INFO  RatisPipelineProvider:244 - Send pipeline:PipelineID=cffcaeb0-1ac2-4547-a397-a612ed9069fe close command to datanode 8d9f1d63-5bb7-4520-8c00-4169092e16b9
2022-08-03 13:37:38 INFO  RatisPipelineProvider:244 - Send pipeline:PipelineID=cffcaeb0-1ac2-4547-a397-a612ed9069fe close command to datanode bb21bdd7-a71c-4aa8-aee9-c0b8ca471465
2022-08-03 13:37:38 INFO  PipelineStateManagerImpl:245 - Pipeline Pipeline[ Id: cffcaeb0-1ac2-4547-a397-a612ed9069fe, Nodes: efde218b-0180-4683-867b-ad1a08b9ed69{ip: 10.42.0.40, host: datanode-2.datanode.default.svc.cluster.local, ports: [REPLICATION=9886, RATIS=9858, RATIS_ADMIN=9857, RATIS_SERVER=9856, STANDALONE=9859], networkLocation: /default-rack, certSerialId: null, persistedOpState: IN_SERVICE, persistedOpStateExpiryEpochSec: 0}8d9f1d63-5bb7-4520-8c00-4169092e16b9{ip: 10.42.0.38, host: datanode-1.datanode.default.svc.cluster.local, ports: [REPLICATION=9886, RATIS=9858, RATIS_ADMIN=9857, RATIS_SERVER=9856, STANDALONE=9859], networkLocation: /default-rack, certSerialId: null, persistedOpState: IN_SERVICE, persistedOpStateExpiryEpochSec: 0}bb21bdd7-a71c-4aa8-aee9-c0b8ca471465{ip: 10.42.0.41, host: datanode-0.datanode.default.svc.cluster.local, ports: [REPLICATION=9886, RATIS=9858, RATIS_ADMIN=9857, RATIS_SERVER=9856, STANDALONE=9859], networkLocation: /default-rack, certSerialId: null, persistedOpState: IN_SERVICE, persistedOpStateExpiryEpochSec: 0}, ReplicationConfig: RATIS/THREE, State:CLOSED, leaderId:, CreationTimestamp2022-08-03T13:37:32.483Z[UTC]] removed.
2022-08-03 13:37:38 INFO  PipelineManagerImpl:473 - Closed the stale pipeline: PipelineID=cffcaeb0-1ac2-4547-a397-a612ed9069fe
2022-08-03 13:37:38 INFO  PipelineManagerImpl:471 - Closing the stale pipeline: PipelineID=ca90838b-bdd6-448a-8a53-172ba96c5087
2022-08-03 13:37:38 INFO  PipelineManagerImpl:442 - Pipeline Pipeline[ Id: ca90838b-bdd6-448a-8a53-172ba96c5087, Nodes: 8d9f1d63-5bb7-4520-8c00-4169092e16b9{ip: 10.42.0.38, host: datanode-1.datanode.default.svc.cluster.local, ports: [REPLICATION=9886, RATIS=9858, RATIS_ADMIN=9857, RATIS_SERVER=9856, STANDALONE=9859], networkLocation: /default-rack, certSerialId: null, persistedOpState: IN_SERVICE, persistedOpStateExpiryEpochSec: 0}, ReplicationConfig: RATIS/ONE, State:OPEN, leaderId:8d9f1d63-5bb7-4520-8c00-4169092e16b9, CreationTimestamp2022-08-03T13:36:04.921Z[UTC]] moved to CLOSED state
2022-08-03 13:37:38 INFO  RatisPipelineProvider:244 - Send pipeline:PipelineID=ca90838b-bdd6-448a-8a53-172ba96c5087 close command to datanode 8d9f1d63-5bb7-4520-8c00-4169092e16b9
2022-08-03 13:37:38 INFO  PipelineStateManagerImpl:245 - Pipeline Pipeline[ Id: ca90838b-bdd6-448a-8a53-172ba96c5087, Nodes: 8d9f1d63-5bb7-4520-8c00-4169092e16b9{ip: 10.42.0.38, host: datanode-1.datanode.default.svc.cluster.local, ports: [REPLICATION=9886, RATIS=9858, RATIS_ADMIN=9857, RATIS_SERVER=9856, STANDALONE=9859], networkLocation: /default-rack, certSerialId: null, persistedOpState: IN_SERVICE, persistedOpStateExpiryEpochSec: 0}, ReplicationConfig: RATIS/ONE, State:CLOSED, leaderId:8d9f1d63-5bb7-4520-8c00-4169092e16b9, CreationTimestamp2022-08-03T13:36:04.921Z[UTC]] removed.
2022-08-03 13:37:38 INFO  PipelineManagerImpl:473 - Closed the stale pipeline: PipelineID=ca90838b-bdd6-448a-8a53-172ba96c5087
2022-08-03 13:37:38 INFO  BackgroundPipelineCreator:276 - trigger a one-shot run on RatisPipelineUtilsThread.
2022-08-03 13:37:38 INFO  RatisPipelineProvider:195 - Sending CreatePipelineCommand for pipeline:PipelineID=4d2b53ad-f4fe-47c2-b822-5b33a72a8cc5 to datanode:8d9f1d63-5bb7-4520-8c00-4169092e16b9
2022-08-03 13:37:38 INFO  PipelineStateManagerImpl:103 - Created pipeline Pipeline[ Id: 4d2b53ad-f4fe-47c2-b822-5b33a72a8cc5, Nodes: 8d9f1d63-5bb7-4520-8c00-4169092e16b9{ip: 10.42.0.42, host: datanode-1.datanode.default.svc.cluster.local, ports: [REPLICATION=9886, RATIS=9858, RATIS_ADMIN=9857, RATIS_SERVER=9856, STANDALONE=9859], networkLocation: /default-rack, certSerialId: null, persistedOpState: IN_SERVICE, persistedOpStateExpiryEpochSec: 0}, ReplicationConfig: RATIS/ONE, State:ALLOCATED, leaderId:, CreationTimestamp2022-08-03T13:37:38.885Z[UTC]].
2022-08-03 13:37:38 INFO  RatisPipelineProvider:195 - Sending CreatePipelineCommand for pipeline:PipelineID=464a73b2-d810-404c-a5e9-98754ad470f5 to datanode:bb21bdd7-a71c-4aa8-aee9-c0b8ca471465
2022-08-03 13:37:38 INFO  RatisPipelineProvider:195 - Sending CreatePipelineCommand for pipeline:PipelineID=464a73b2-d810-404c-a5e9-98754ad470f5 to datanode:8d9f1d63-5bb7-4520-8c00-4169092e16b9
2022-08-03 13:37:38 INFO  RatisPipelineProvider:195 - Sending CreatePipelineCommand for pipeline:PipelineID=464a73b2-d810-404c-a5e9-98754ad470f5 to datanode:efde218b-0180-4683-867b-ad1a08b9ed69
2022-08-03 13:37:38 INFO  PipelineStateManagerImpl:103 - Created pipeline Pipeline[ Id: 464a73b2-d810-404c-a5e9-98754ad470f5, Nodes: bb21bdd7-a71c-4aa8-aee9-c0b8ca471465{ip: 10.42.0.41, host: datanode-0.datanode.default.svc.cluster.local, ports: [REPLICATION=9886, RATIS=9858, RATIS_ADMIN=9857, RATIS_SERVER=9856, STANDALONE=9859], networkLocation: /default-rack, certSerialId: null, persistedOpState: IN_SERVICE, persistedOpStateExpiryEpochSec: 0}8d9f1d63-5bb7-4520-8c00-4169092e16b9{ip: 10.42.0.42, host: datanode-1.datanode.default.svc.cluster.local, ports: [REPLICATION=9886, RATIS=9858, RATIS_ADMIN=9857, RATIS_SERVER=9856, STANDALONE=9859], networkLocation: /default-rack, certSerialId: null, persistedOpState: IN_SERVICE, persistedOpStateExpiryEpochSec: 0}efde218b-0180-4683-867b-ad1a08b9ed69{ip: 10.42.0.40, host: datanode-2.datanode.default.svc.cluster.local, ports: [REPLICATION=9886, RATIS=9858, RATIS_ADMIN=9857, RATIS_SERVER=9856, STANDALONE=9859], networkLocation: /default-rack, certSerialId: null, persistedOpState: IN_SERVICE, persistedOpStateExpiryEpochSec: 0}, ReplicationConfig: RATIS/THREE, State:ALLOCATED, leaderId:, CreationTimestamp2022-08-03T13:37:38.894Z[UTC]].
2022-08-03 13:37:41 INFO  PipelineReportHandler:115 - Reported pipeline PipelineID=cffcaeb0-1ac2-4547-a397-a612ed9069fe is not found
2022-08-03 13:37:41 INFO  SCMNodeManager:416 - Updating data node efde218b-0180-4683-867b-ad1a08b9ed69 from efde218b-0180-4683-867b-ad1a08b9ed69{ip: 10.42.0.40, host: datanode-2.datanode.default.svc.cluster.local, ports: [REPLICATION=9886, RATIS=9858, RATIS_ADMIN=9857, RATIS_SERVER=9856, STANDALONE=9859], networkLocation: /default-rack, certSerialId: null, persistedOpState: IN_SERVICE, persistedOpStateExpiryEpochSec: 0} to efde218b-0180-4683-867b-ad1a08b9ed69{ip: 10.42.0.43, host: datanode-2.datanode.default.svc.cluster.local, ports: [REPLICATION=9886, RATIS=9858, RATIS_ADMIN=9857, RATIS_SERVER=9856, STANDALONE=9859], networkLocation: /default-rack, certSerialId: null, persistedOpState: IN_SERVICE, persistedOpStateExpiryEpochSec: 0}
2022-08-03 13:37:41 INFO  NetworkTopologyImpl:165 - Updated to the new node: /default-rack/efde218b-0180-4683-867b-ad1a08b9ed69
2022-08-03 13:37:41 INFO  NodeStateManager:418 - updating node efde218b-0180-4683-867b-ad1a08b9ed69 from efde218b-0180-4683-867b-ad1a08b9ed69{ip: 10.42.0.40, host: datanode-2.datanode.default.svc.cluster.local, ports: [REPLICATION=9886, RATIS=9858, RATIS_ADMIN=9857, RATIS_SERVER=9856, STANDALONE=9859], networkLocation: /default-rack, certSerialId: null, persistedOpState: IN_SERVICE, persistedOpStateExpiryEpochSec: 0} to efde218b-0180-4683-867b-ad1a08b9ed69{ip: 10.42.0.43, host: datanode-2.datanode.default.svc.cluster.local, ports: [REPLICATION=9886, RATIS=9858, RATIS_ADMIN=9857, RATIS_SERVER=9856, STANDALONE=9859], networkLocation: /default-rack, certSerialId: null, persistedOpState: IN_SERVICE, persistedOpStateExpiryEpochSec: 0} with status OperationalState: IN_SERVICE Health: HEALTHY OperationStateExpiry: 0
2022-08-03 13:37:41 INFO  SCMNodeManager:436 - Updated Datanode to: efde218b-0180-4683-867b-ad1a08b9ed69{ip: 10.42.0.43, host: datanode-2.datanode.default.svc.cluster.local, ports: [REPLICATION=9886, RATIS=9858, RATIS_ADMIN=9857, RATIS_SERVER=9856, STANDALONE=9859], networkLocation: /default-rack, certSerialId: null, persistedOpState: IN_SERVICE, persistedOpStateExpiryEpochSec: 0}
2022-08-03 13:37:41 INFO  NodeAddressUpdateHandler:54 - Closing stale pipelines for datanode: efde218b-0180-4683-867b-ad1a08b9ed69{ip: 10.42.0.43, host: datanode-2.datanode.default.svc.cluster.local, ports: [REPLICATION=9886, RATIS=9858, RATIS_ADMIN=9857, RATIS_SERVER=9856, STANDALONE=9859], networkLocation: /default-rack, certSerialId: null, persistedOpState: IN_SERVICE, persistedOpStateExpiryEpochSec: 0}
2022-08-03 13:37:41 INFO  PipelineReportHandler:115 - Reported pipeline PipelineID=fbe8ab6d-f65d-4489-b1b0-c4a8f050d0da is not found
2022-08-03 13:37:41 INFO  PipelineManagerImpl:467 - Found 2 stale pipelines
2022-08-03 13:37:41 INFO  PipelineManagerImpl:471 - Closing the stale pipeline: PipelineID=daa44ff5-940e-472b-9473-33b09db29591
2022-08-03 13:37:41 INFO  PipelineManagerImpl:442 - Pipeline Pipeline[ Id: daa44ff5-940e-472b-9473-33b09db29591, Nodes: efde218b-0180-4683-867b-ad1a08b9ed69{ip: 10.42.0.40, host: datanode-2.datanode.default.svc.cluster.local, ports: [REPLICATION=9886, RATIS=9858, RATIS_ADMIN=9857, RATIS_SERVER=9856, STANDALONE=9859], networkLocation: /default-rack, certSerialId: null, persistedOpState: IN_SERVICE, persistedOpStateExpiryEpochSec: 0}, ReplicationConfig: RATIS/ONE, State:OPEN, leaderId:efde218b-0180-4683-867b-ad1a08b9ed69, CreationTimestamp2022-08-03T13:36:03.624Z[UTC]] moved to CLOSED state
2022-08-03 13:37:41 INFO  RatisPipelineProvider:244 - Send pipeline:PipelineID=daa44ff5-940e-472b-9473-33b09db29591 close command to datanode efde218b-0180-4683-867b-ad1a08b9ed69
2022-08-03 13:37:41 INFO  PipelineStateManagerImpl:245 - Pipeline Pipeline[ Id: daa44ff5-940e-472b-9473-33b09db29591, Nodes: efde218b-0180-4683-867b-ad1a08b9ed69{ip: 10.42.0.40, host: datanode-2.datanode.default.svc.cluster.local, ports: [REPLICATION=9886, RATIS=9858, RATIS_ADMIN=9857, RATIS_SERVER=9856, STANDALONE=9859], networkLocation: /default-rack, certSerialId: null, persistedOpState: IN_SERVICE, persistedOpStateExpiryEpochSec: 0}, ReplicationConfig: RATIS/ONE, State:CLOSED, leaderId:efde218b-0180-4683-867b-ad1a08b9ed69, CreationTimestamp2022-08-03T13:36:03.624Z[UTC]] removed.
2022-08-03 13:37:41 INFO  PipelineManagerImpl:473 - Closed the stale pipeline: PipelineID=daa44ff5-940e-472b-9473-33b09db29591
2022-08-03 13:37:41 INFO  PipelineManagerImpl:471 - Closing the stale pipeline: PipelineID=464a73b2-d810-404c-a5e9-98754ad470f5
2022-08-03 13:37:41 INFO  PipelineManagerImpl:442 - Pipeline Pipeline[ Id: 464a73b2-d810-404c-a5e9-98754ad470f5, Nodes: bb21bdd7-a71c-4aa8-aee9-c0b8ca471465{ip: 10.42.0.41, host: datanode-0.datanode.default.svc.cluster.local, ports: [REPLICATION=9886, RATIS=9858, RATIS_ADMIN=9857, RATIS_SERVER=9856, STANDALONE=9859], networkLocation: /default-rack, certSerialId: null, persistedOpState: IN_SERVICE, persistedOpStateExpiryEpochSec: 0}8d9f1d63-5bb7-4520-8c00-4169092e16b9{ip: 10.42.0.42, host: datanode-1.datanode.default.svc.cluster.local, ports: [REPLICATION=9886, RATIS=9858, RATIS_ADMIN=9857, RATIS_SERVER=9856, STANDALONE=9859], networkLocation: /default-rack, certSerialId: null, persistedOpState: IN_SERVICE, persistedOpStateExpiryEpochSec: 0}efde218b-0180-4683-867b-ad1a08b9ed69{ip: 10.42.0.40, host: datanode-2.datanode.default.svc.cluster.local, ports: [REPLICATION=9886, RATIS=9858, RATIS_ADMIN=9857, RATIS_SERVER=9856, STANDALONE=9859], networkLocation: /default-rack, certSerialId: null, persistedOpState: IN_SERVICE, persistedOpStateExpiryEpochSec: 0}, ReplicationConfig: RATIS/THREE, State:ALLOCATED, leaderId:, CreationTimestamp2022-08-03T13:37:38.894Z[UTC]] moved to CLOSED state
2022-08-03 13:37:41 INFO  RatisPipelineProvider:244 - Send pipeline:PipelineID=464a73b2-d810-404c-a5e9-98754ad470f5 close command to datanode bb21bdd7-a71c-4aa8-aee9-c0b8ca471465
2022-08-03 13:37:41 INFO  RatisPipelineProvider:244 - Send pipeline:PipelineID=464a73b2-d810-404c-a5e9-98754ad470f5 close command to datanode 8d9f1d63-5bb7-4520-8c00-4169092e16b9
2022-08-03 13:37:41 INFO  RatisPipelineProvider:244 - Send pipeline:PipelineID=464a73b2-d810-404c-a5e9-98754ad470f5 close command to datanode efde218b-0180-4683-867b-ad1a08b9ed69
2022-08-03 13:37:41 INFO  PipelineStateManagerImpl:245 - Pipeline Pipeline[ Id: 464a73b2-d810-404c-a5e9-98754ad470f5, Nodes: bb21bdd7-a71c-4aa8-aee9-c0b8ca471465{ip: 10.42.0.41, host: datanode-0.datanode.default.svc.cluster.local, ports: [REPLICATION=9886, RATIS=9858, RATIS_ADMIN=9857, RATIS_SERVER=9856, STANDALONE=9859], networkLocation: /default-rack, certSerialId: null, persistedOpState: IN_SERVICE, persistedOpStateExpiryEpochSec: 0}8d9f1d63-5bb7-4520-8c00-4169092e16b9{ip: 10.42.0.42, host: datanode-1.datanode.default.svc.cluster.local, ports: [REPLICATION=9886, RATIS=9858, RATIS_ADMIN=9857, RATIS_SERVER=9856, STANDALONE=9859], networkLocation: /default-rack, certSerialId: null, persistedOpState: IN_SERVICE, persistedOpStateExpiryEpochSec: 0}efde218b-0180-4683-867b-ad1a08b9ed69{ip: 10.42.0.40, host: datanode-2.datanode.default.svc.cluster.local, ports: [REPLICATION=9886, RATIS=9858, RATIS_ADMIN=9857, RATIS_SERVER=9856, STANDALONE=9859], networkLocation: /default-rack, certSerialId: null, persistedOpState: IN_SERVICE, persistedOpStateExpiryEpochSec: 0}, ReplicationConfig: RATIS/THREE, State:CLOSED, leaderId:, CreationTimestamp2022-08-03T13:37:38.894Z[UTC]] removed.
2022-08-03 13:37:41 INFO  PipelineManagerImpl:473 - Closed the stale pipeline: PipelineID=464a73b2-d810-404c-a5e9-98754ad470f5
2022-08-03 13:37:41 INFO  BackgroundPipelineCreator:276 - trigger a one-shot run on RatisPipelineUtilsThread.
2022-08-03 13:37:41 INFO  RatisPipelineProvider:195 - Sending CreatePipelineCommand for pipeline:PipelineID=11e5cffb-fd00-482b-b644-baed958e14a6 to datanode:efde218b-0180-4683-867b-ad1a08b9ed69
2022-08-03 13:37:41 INFO  PipelineStateManagerImpl:103 - Created pipeline Pipeline[ Id: 11e5cffb-fd00-482b-b644-baed958e14a6, Nodes: efde218b-0180-4683-867b-ad1a08b9ed69{ip: 10.42.0.43, host: datanode-2.datanode.default.svc.cluster.local, ports: [REPLICATION=9886, RATIS=9858, RATIS_ADMIN=9857, RATIS_SERVER=9856, STANDALONE=9859], networkLocation: /default-rack, certSerialId: null, persistedOpState: IN_SERVICE, persistedOpStateExpiryEpochSec: 0}, ReplicationConfig: RATIS/ONE, State:ALLOCATED, leaderId:, CreationTimestamp2022-08-03T13:37:41.871Z[UTC]].
2022-08-03 13:37:41 INFO  RatisPipelineProvider:195 - Sending CreatePipelineCommand for pipeline:PipelineID=72c110e7-3b40-4041-acaf-ea2f87d51e86 to datanode:efde218b-0180-4683-867b-ad1a08b9ed69
2022-08-03 13:37:41 INFO  RatisPipelineProvider:195 - Sending CreatePipelineCommand for pipeline:PipelineID=72c110e7-3b40-4041-acaf-ea2f87d51e86 to datanode:8d9f1d63-5bb7-4520-8c00-4169092e16b9
2022-08-03 13:37:41 INFO  RatisPipelineProvider:195 - Sending CreatePipelineCommand for pipeline:PipelineID=72c110e7-3b40-4041-acaf-ea2f87d51e86 to datanode:bb21bdd7-a71c-4aa8-aee9-c0b8ca471465
2022-08-03 13:37:41 INFO  PipelineStateManagerImpl:103 - Created pipeline Pipeline[ Id: 72c110e7-3b40-4041-acaf-ea2f87d51e86, Nodes: efde218b-0180-4683-867b-ad1a08b9ed69{ip: 10.42.0.43, host: datanode-2.datanode.default.svc.cluster.local, ports: [REPLICATION=9886, RATIS=9858, RATIS_ADMIN=9857, RATIS_SERVER=9856, STANDALONE=9859], networkLocation: /default-rack, certSerialId: null, persistedOpState: IN_SERVICE, persistedOpStateExpiryEpochSec: 0}8d9f1d63-5bb7-4520-8c00-4169092e16b9{ip: 10.42.0.42, host: datanode-1.datanode.default.svc.cluster.local, ports: [REPLICATION=9886, RATIS=9858, RATIS_ADMIN=9857, RATIS_SERVER=9856, STANDALONE=9859], networkLocation: /default-rack, certSerialId: null, persistedOpState: IN_SERVICE, persistedOpStateExpiryEpochSec: 0}bb21bdd7-a71c-4aa8-aee9-c0b8ca471465{ip: 10.42.0.41, host: datanode-0.datanode.default.svc.cluster.local, ports: [REPLICATION=9886, RATIS=9858, RATIS_ADMIN=9857, RATIS_SERVER=9856, STANDALONE=9859], networkLocation: /default-rack, certSerialId: null, persistedOpState: IN_SERVICE, persistedOpStateExpiryEpochSec: 0}, ReplicationConfig: RATIS/THREE, State:ALLOCATED, leaderId:, CreationTimestamp2022-08-03T13:37:41.876Z[UTC]].
2022-08-03 13:37:42 INFO  PipelineReportHandler:115 - Reported pipeline PipelineID=cffcaeb0-1ac2-4547-a397-a612ed9069fe is not found
2022-08-03 13:37:42 INFO  PipelineReportHandler:115 - Reported pipeline PipelineID=ca90838b-bdd6-448a-8a53-172ba96c5087 is not found
2022-08-03 13:37:42 INFO  PipelineReportHandler:115 - Reported pipeline PipelineID=cffcaeb0-1ac2-4547-a397-a612ed9069fe is not found
2022-08-03 13:37:42 INFO  PipelineReportHandler:115 - Reported pipeline PipelineID=ca90838b-bdd6-448a-8a53-172ba96c5087 is not found
2022-08-03 13:37:42 INFO  PipelineReportHandler:115 - Reported pipeline PipelineID=cffcaeb0-1ac2-4547-a397-a612ed9069fe is not found
2022-08-03 13:37:42 INFO  PipelineReportHandler:115 - Reported pipeline PipelineID=fbe8ab6d-f65d-4489-b1b0-c4a8f050d0da is not found
2022-08-03 13:37:42 INFO  PipelineReportHandler:115 - Reported pipeline PipelineID=daa44ff5-940e-472b-9473-33b09db29591 is not found
2022-08-03 13:37:42 INFO  PipelineReportHandler:115 - Reported pipeline PipelineID=464a73b2-d810-404c-a5e9-98754ad470f5 is not found
2022-08-03 13:37:43 INFO  PipelineReportHandler:115 - Reported pipeline PipelineID=daa44ff5-940e-472b-9473-33b09db29591 is not found
2022-08-03 13:37:43 INFO  PipelineReportHandler:115 - Reported pipeline PipelineID=464a73b2-d810-404c-a5e9-98754ad470f5 is not found
2022-08-03 13:37:43 INFO  PipelineReportHandler:115 - Reported pipeline PipelineID=464a73b2-d810-404c-a5e9-98754ad470f5 is not found
2022-08-03 13:37:43 INFO  PipelineManagerImpl:367 - Pipeline Pipeline[ Id: 4d2b53ad-f4fe-47c2-b822-5b33a72a8cc5, Nodes: 8d9f1d63-5bb7-4520-8c00-4169092e16b9{ip: 10.42.0.42, host: datanode-1.datanode.default.svc.cluster.local, ports: [REPLICATION=9886, RATIS=9858, RATIS_ADMIN=9857, RATIS_SERVER=9856, STANDALONE=9859], networkLocation: /default-rack, certSerialId: null, persistedOpState: IN_SERVICE, persistedOpStateExpiryEpochSec: 0}, ReplicationConfig: RATIS/ONE, State:ALLOCATED, leaderId:8d9f1d63-5bb7-4520-8c00-4169092e16b9, CreationTimestamp2022-08-03T13:37:38.885Z[UTC]] moved to OPEN state
2022-08-03 13:37:43 INFO  PipelineReportHandler:115 - Reported pipeline PipelineID=464a73b2-d810-404c-a5e9-98754ad470f5 is not found
2022-08-03 13:37:43 INFO  PipelineReportHandler:115 - Reported pipeline PipelineID=daa44ff5-940e-472b-9473-33b09db29591 is not found
2022-08-03 13:37:43 INFO  PipelineReportHandler:115 - Reported pipeline PipelineID=464a73b2-d810-404c-a5e9-98754ad470f5 is not found
2022-08-03 13:37:45 INFO  PipelineReportHandler:115 - Reported pipeline PipelineID=daa44ff5-940e-472b-9473-33b09db29591 is not found
2022-08-03 13:37:45 INFO  PipelineReportHandler:115 - Reported pipeline PipelineID=464a73b2-d810-404c-a5e9-98754ad470f5 is not found
2022-08-03 13:37:53 INFO  PipelineManagerImpl:367 - Pipeline Pipeline[ Id: 72c110e7-3b40-4041-acaf-ea2f87d51e86, Nodes: efde218b-0180-4683-867b-ad1a08b9ed69{ip: 10.42.0.43, host: datanode-2.datanode.default.svc.cluster.local, ports: [REPLICATION=9886, RATIS=9858, RATIS_ADMIN=9857, RATIS_SERVER=9856, STANDALONE=9859], networkLocation: /default-rack, certSerialId: null, persistedOpState: IN_SERVICE, persistedOpStateExpiryEpochSec: 0}8d9f1d63-5bb7-4520-8c00-4169092e16b9{ip: 10.42.0.42, host: datanode-1.datanode.default.svc.cluster.local, ports: [REPLICATION=9886, RATIS=9858, RATIS_ADMIN=9857, RATIS_SERVER=9856, STANDALONE=9859], networkLocation: /default-rack, certSerialId: null, persistedOpState: IN_SERVICE, persistedOpStateExpiryEpochSec: 0}bb21bdd7-a71c-4aa8-aee9-c0b8ca471465{ip: 10.42.0.41, host: datanode-0.datanode.default.svc.cluster.local, ports: [REPLICATION=9886, RATIS=9858, RATIS_ADMIN=9857, RATIS_SERVER=9856, STANDALONE=9859], networkLocation: /default-rack, certSerialId: null, persistedOpState: IN_SERVICE, persistedOpStateExpiryEpochSec: 0}, ReplicationConfig: RATIS/THREE, State:ALLOCATED, leaderId:bb21bdd7-a71c-4aa8-aee9-c0b8ca471465, CreationTimestamp2022-08-03T13:37:41.876Z[UTC]] moved to OPEN state
