rm: cannot remove '/home/runner/work/ozone/ozone/hadoop-ozone/dist/target/ozone-1.3.0-SNAPSHOT/compose/result/*': No such file or directory
Executing test in ozonesecure
--no-ansi option is deprecated and will be removed in future versions. Use `--ansi never` instead.
Removing network ozonesecure_default
Network ozonesecure_default not found.
--no-ansi option is deprecated and will be removed in future versions. Use `--ansi never` instead.
Creating network "ozonesecure_default" with the default driver
Pulling kdc (apache/ozone-testkrb5:20210419-1)...
20210419-1: Pulling from apache/ozone-testkrb5
Digest: sha256:ba7a04b9f7605b9ac64f34400f426f1e9938ad2b5be93365685097ba962ed19a
Status: Downloaded newer image for apache/ozone-testkrb5:20210419-1
Pulling kms (apache/hadoop:3)...
3: Pulling from apache/hadoop
Digest: sha256:793348d0839a55d27fb9466d4a5f7e058744866f5ab2cb7aa32f541b4810b215
Status: Downloaded newer image for apache/hadoop:3
Pulling datanode (apache/ozone-runner:20220212-1)...
20220212-1: Pulling from apache/ozone-runner
Digest: sha256:c566759a217b86cb9de5ae881b493d561cd6bd55e03c18b78b8a6b31925d7f97
Status: Downloaded newer image for apache/ozone-runner:20220212-1
Creating ozonesecure_recon_1 ... 
Creating ozonesecure_kms_1   ... 
Creating ozonesecure_om_1    ... 
Creating ozonesecure_scm_1   ... 
Creating ozonesecure_s3g_1   ... 
Creating ozonesecure_datanode_1 ... 
Creating ozonesecure_datanode_2 ... 
Creating ozonesecure_datanode_3 ... 
Creating ozonesecure_kdc_1      ... 
Creating ozonesecure_recon_1    ... done
Creating ozonesecure_om_1       ... done
Creating ozonesecure_datanode_1 ... done
Creating ozonesecure_scm_1      ... done
Creating ozonesecure_datanode_2 ... done
Creating ozonesecure_datanode_3 ... done
Creating ozonesecure_kms_1      ... done
Creating ozonesecure_s3g_1      ... done
Creating ozonesecure_kdc_1      ... done
SECONDS: 47
com.google.protobuf.ServiceException: java.net.ConnectException: Call From scm/172.18.0.5 to scm:9860 failed on connection exception: java.net.ConnectException: Connection refused; For more details see: http://wiki.apache.org/hadoop/ConnectionRefused, while invoking $Proxy20.submitRequest over nodeId=scmNodeId,nodeAddress=scm/172.18.0.5:9860 after 1 failover attempts. Trying to failover after sleeping for 2000ms. com.google.protobuf.ServiceException: java.net.ConnectException: Call From scm/172.18.0.5 to scm:9860 failed on connection exception: java.net.ConnectException: Connection refused; For more details see: http://wiki.apache.org/hadoop/ConnectionRefused, while invoking $Proxy20.submitRequest over nodeId=scmNodeId,nodeAddress=scm/172.18.0.5:9860 after 2 failover attempts. Trying to failover after sleeping for 2000ms. SCM is in safe mode. validated:false, DataNodeSafeModeRule, registered datanodes (=0) >= required datanodes (=3) validated:false, HealthyPipelineSafeModeRule, healthy Ratis/THREE pipelines (=0) >= healthyPipelineThresholdCount (=1) validated:true, ContainerSafeModeRule, % of containers with at least one reported replica (=1.00) >= safeModeCutoff (=0.99) validated:true, AtleastOneDatanodeReportedRule, reported Ratis/THREE pipelines with at least one datanode (=0) >= threshold (=0)
SECONDS: 74
SCM is in safe mode. validated:true, DataNodeSafeModeRule, registered datanodes (=3) >= required datanodes (=3) validated:false, HealthyPipelineSafeModeRule, healthy Ratis/THREE pipelines (=0) >= healthyPipelineThresholdCount (=1) validated:true, ContainerSafeModeRule, % of containers with at least one reported replica (=1.00) >= safeModeCutoff (=0.99) validated:true, AtleastOneDatanodeReportedRule, reported Ratis/THREE pipelines with at least one datanode (=0) >= threshold (=0)
SECONDS: 85
SCM is out of safe mode.
Safe mode is off
No OM HA service, no need to wait
key1 has been successfully created with options Options{cipher='AES/CTR/NoPadding', bitLength=128, description='null', attributes=null}.
org.apache.hadoop.crypto.key.kms.LoadBalancingKMSClientProvider@61386958 has been updated.
==============================================================================
Kinit :: Kinit test user                                                      
==============================================================================
Kinit                                                                 | PASS |
------------------------------------------------------------------------------
Kinit :: Kinit test user                                              | PASS |
1 test, 1 passed, 0 failed
==============================================================================
Output:  /tmp/smoketest/ozonesecure/result/robot-ozonesecure-ozonesecure-kinit-scm.xml
==============================================================================
Basic                                                                         
==============================================================================
Basic.Basic :: Smoketest ozone cluster startup                                
==============================================================================
Check webui static resources                                          | PASS |
------------------------------------------------------------------------------
Start freon testing                                                   | FAIL |
Test timeout 5 minutes exceeded.
------------------------------------------------------------------------------
Basic.Basic :: Smoketest ozone cluster startup                        | FAIL |
2 tests, 1 passed, 1 failed
==============================================================================
Basic.Getconf :: Test 'ozone getconf' command                                 
==============================================================================
Get OM                                                                | PASS |
------------------------------------------------------------------------------
Get SCM                                                               | PASS |
------------------------------------------------------------------------------
Get existing config key                                               | PASS |
------------------------------------------------------------------------------
Get undefined config key                                              | PASS |
------------------------------------------------------------------------------
Basic.Getconf :: Test 'ozone getconf' command                         | PASS |
4 tests, 4 passed, 0 failed
==============================================================================
Basic.Links :: Test bucket links via Ozone CLI                                
==============================================================================
Link to non-existent bucket                                           | PASS |
------------------------------------------------------------------------------
Key create passthrough                                                | FAIL |
Test timeout 2 minutes exceeded.
------------------------------------------------------------------------------
Key read passthrough                                                  | FAIL |
Test timeout 2 minutes exceeded.
------------------------------------------------------------------------------
Key list passthrough                                                  | FAIL |
'key1' does not contain 'key2'
------------------------------------------------------------------------------
Key delete passthrough                                                | FAIL |
255 != 0
------------------------------------------------------------------------------
Bucket list contains links                                            | PASS |
------------------------------------------------------------------------------
Bucket info shows source                                              | PASS |
------------------------------------------------------------------------------
Source and target have separate ACLs                                  | PASS |
------------------------------------------------------------------------------
Buckets and links share namespace                                     | PASS |
------------------------------------------------------------------------------
Can follow link with read access                                      | PASS |
------------------------------------------------------------------------------
Cannot follow link without read access                                | PASS |
------------------------------------------------------------------------------
ACL verified on source bucket                                         | PASS |
------------------------------------------------------------------------------
Loop in link chain is detected                                        | PASS |
------------------------------------------------------------------------------
Multiple links to same bucket are allowed                             | FAIL |
Test timeout 2 minutes exceeded.
------------------------------------------------------------------------------
Source bucket not affected by deleting link                           | PASS |
------------------------------------------------------------------------------
Basic.Links :: Test bucket links via Ozone CLI                        | FAIL |
15 tests, 10 passed, 5 failed
==============================================================================
Basic.Ozone-Shell-Single :: Test ozone shell CLI usage                        
==============================================================================
Test ozone shell                                                      | FAIL |
Test timeout 5 minutes exceeded.
------------------------------------------------------------------------------
Basic.Ozone-Shell-Single :: Test ozone shell CLI usage                | FAIL |
1 test, 0 passed, 1 failed
==============================================================================
Basic.Ozone-Shell :: Test ozone shell CLI usage                               
==============================================================================
RpcClient with port                                                   | FAIL |
Test timeout 5 minutes exceeded.
------------------------------------------------------------------------------
RpcClient volume acls                                                 | PASS |
------------------------------------------------------------------------------
RpcClient bucket acls                                                 | PASS |
------------------------------------------------------------------------------
RpcClient key acls                                                    | PASS |
------------------------------------------------------------------------------
RpcClient prefix acls                                                 | PASS |
------------------------------------------------------------------------------
RpcClient without host                                                | FAIL |
Test timeout 5 minutes exceeded.
------------------------------------------------------------------------------
Basic.Ozone-Shell :: Test ozone shell CLI usage                       | FAIL |
6 tests, 4 passed, 2 failed
==============================================================================
Basic                                                                 | FAIL |
28 tests, 19 passed, 9 failed
==============================================================================
Output:  /tmp/smoketest/ozonesecure/result/robot-ozonesecure-ozonesecure-kinit-scm-1.xml
--no-ansi option is deprecated and will be removed in future versions. Use `--ansi never` instead.
--no-ansi option is deprecated and will be removed in future versions. Use `--ansi never` instead.
Stopping ozonesecure_kdc_1      ... 
Stopping ozonesecure_datanode_1 ... 
Stopping ozonesecure_datanode_3 ... 
Stopping ozonesecure_s3g_1      ... 
Stopping ozonesecure_datanode_2 ... 
Stopping ozonesecure_scm_1      ... 
Stopping ozonesecure_kms_1      ... 
Stopping ozonesecure_om_1       ... 
Stopping ozonesecure_recon_1    ... 
Stopping ozonesecure_kdc_1      ... done
Stopping ozonesecure_kms_1      ... done
Stopping ozonesecure_s3g_1      ... done
Stopping ozonesecure_om_1       ... done
Stopping ozonesecure_recon_1    ... done
Stopping ozonesecure_scm_1      ... done
Stopping ozonesecure_datanode_3 ... done
Stopping ozonesecure_datanode_1 ... done
Stopping ozonesecure_datanode_2 ... done
Removing ozonesecure_kdc_1      ... 
Removing ozonesecure_datanode_1 ... 
Removing ozonesecure_datanode_3 ... 
Removing ozonesecure_s3g_1      ... 
Removing ozonesecure_datanode_2 ... 
Removing ozonesecure_scm_1      ... 
Removing ozonesecure_kms_1      ... 
Removing ozonesecure_om_1       ... 
Removing ozonesecure_recon_1    ... 
Removing ozonesecure_kdc_1      ... done
Removing ozonesecure_om_1       ... done
Removing ozonesecure_s3g_1      ... done
Removing ozonesecure_scm_1      ... done
Removing ozonesecure_recon_1    ... done
Removing ozonesecure_datanode_2 ... done
Removing ozonesecure_kms_1      ... done
Removing ozonesecure_datanode_1 ... done
Removing ozonesecure_datanode_3 ... done
Removing network ozonesecure_default
ERROR: Test execution of ozonesecure is FAILED!!!!
Output:  /home/runner/work/ozone/ozone/hadoop-ozone/dist/target/ozone-1.3.0-SNAPSHOT/compose/result/ozonesecure.xml
removed 'ozonesecure/result/robot-ozonesecure-ozonesecure-kinit-scm-1.xml'
removed 'ozonesecure/result/robot-ozonesecure-ozonesecure-kinit-scm.xml'
renamed 'ozonesecure/result/dn-audit-1fbd42258c3f.log' -> '/home/runner/work/ozone/ozone/hadoop-ozone/dist/target/ozone-1.3.0-SNAPSHOT/compose/result/ozonesecure/dn-audit-1fbd42258c3f.log'
renamed 'ozonesecure/result/dn-audit-34d69cd791cd.log' -> '/home/runner/work/ozone/ozone/hadoop-ozone/dist/target/ozone-1.3.0-SNAPSHOT/compose/result/ozonesecure/dn-audit-34d69cd791cd.log'
renamed 'ozonesecure/result/dn-audit-5f9125fb388f.log' -> '/home/runner/work/ozone/ozone/hadoop-ozone/dist/target/ozone-1.3.0-SNAPSHOT/compose/result/ozonesecure/dn-audit-5f9125fb388f.log'
renamed 'ozonesecure/result/docker-ozonesecure-ozonesecure-kinit-scm.log' -> '/home/runner/work/ozone/ozone/hadoop-ozone/dist/target/ozone-1.3.0-SNAPSHOT/compose/result/ozonesecure/docker-ozonesecure-ozonesecure-kinit-scm.log'
renamed 'ozonesecure/result/kms-audit.log' -> '/home/runner/work/ozone/ozone/hadoop-ozone/dist/target/ozone-1.3.0-SNAPSHOT/compose/result/ozonesecure/kms-audit.log'
renamed 'ozonesecure/result/om-audit-om.log' -> '/home/runner/work/ozone/ozone/hadoop-ozone/dist/target/ozone-1.3.0-SNAPSHOT/compose/result/ozonesecure/om-audit-om.log'
renamed 'ozonesecure/result/scm-audit-scm.log' -> '/home/runner/work/ozone/ozone/hadoop-ozone/dist/target/ozone-1.3.0-SNAPSHOT/compose/result/ozonesecure/scm-audit-scm.log'
Exception in thread "main" java.net.SocketException: Socket closed
	at java.net.PlainSocketImpl.socketAccept(Native Method)
	at java.net.AbstractPlainSocketImpl.accept(AbstractPlainSocketImpl.java:409)
	at java.net.ServerSocket.implAccept(ServerSocket.java:560)
	at java.net.ServerSocket.accept(ServerSocket.java:528)
	at org.apache.hadoop.test.JacocoServer.main(JacocoServer.java:60)
Log:     /home/runner/work/ozone/ozone/hadoop-ozone/dist/target/ozone-1.3.0-SNAPSHOT/compose/result/log.html
Report:  /home/runner/work/ozone/ozone/hadoop-ozone/dist/target/ozone-1.3.0-SNAPSHOT/compose/result/report.html
