No '-XX:...' jvm parameters are set. Adding safer GC settings '-XX:ParallelGCThreads=8 -XX:+UseConcMarkSweepGC -XX:CMSInitiatingOccupancyFraction=70 -XX:+CMSParallelRemarkEnabled' to the OZONE_OPTS
OpenJDK 64-Bit Server VM warning: Option UseConcMarkSweepGC was deprecated in version 9.0 and will likely be removed in a future release.
2022-07-27 18:19:24 INFO  HddsDatanodeService:112 - STARTUP_MSG: 
/************************************************************
STARTUP_MSG: Starting HddsDatanodeService
STARTUP_MSG:   host = datanode-1/10.42.0.19
STARTUP_MSG:   args = []
STARTUP_MSG:   version = 1.3.0-SNAPSHOT
STARTUP_MSG:   classpath = /etc/hadoop:/opt/hadoop/share/ozone/lib/kerb-simplekdc-1.0.1.jar:/opt/hadoop/share/ozone/lib/slf4j-log4j12-1.7.30.jar:/opt/hadoop/share/ozone/lib/protobuf-java-2.5.0.jar:/opt/hadoop/share/ozone/lib/jaxb-core-2.3.0.1.jar:/opt/hadoop/share/ozone/lib/netty-handler-4.1.79.Final.jar:/opt/hadoop/share/ozone/lib/istack-commons-runtime-3.0.5.jar:/opt/hadoop/share/ozone/lib/commons-validator-1.6.jar:/opt/hadoop/share/ozone/lib/bcpkix-jdk15on-1.67.jar:/opt/hadoop/share/ozone/lib/hdds-interface-admin-1.3.0-SNAPSHOT.jar:/opt/hadoop/share/ozone/lib/jackson-annotations-2.13.2.jar:/opt/hadoop/share/ozone/lib/jetty-security-9.4.43.v20210629.jar:/opt/hadoop/share/ozone/lib/kerb-core-1.0.1.jar:/opt/hadoop/share/ozone/lib/hadoop-shaded-protobuf_3_7-1.1.1.jar:/opt/hadoop/share/ozone/lib/netty-common-4.1.79.Final.jar:/opt/hadoop/share/ozone/lib/ozone-annotation-processing-1.3.0-SNAPSHOT.jar:/opt/hadoop/share/ozone/lib/hdds-container-service-1.3.0-SNAPSHOT.jar:/opt/hadoop/share/ozone/lib/okhttp-4.9.0.jar:/opt/hadoop/share/ozone/lib/jsr305-3.0.0.jar:/opt/hadoop/share/ozone/lib/j2objc-annotations-1.3.jar:/opt/hadoop/share/ozone/lib/htrace-core4-4.1.0-incubating.jar:/opt/hadoop/share/ozone/lib/picocli-4.6.1.jar:/opt/hadoop/share/ozone/lib/jackson-datatype-jsr310-2.13.2.jar:/opt/hadoop/share/ozone/lib/javassist-3.21.0-GA.jar:/opt/hadoop/share/ozone/lib/jaxb-api-2.3.0.jar:/opt/hadoop/share/ozone/lib/kerb-util-1.0.1.jar:/opt/hadoop/share/ozone/lib/hadoop-shaded-guava-1.1.1.jar:/opt/hadoop/share/ozone/lib/ratis-metrics-2.3.0.jar:/opt/hadoop/share/ozone/lib/kotlin-stdlib-1.6.21.jar:/opt/hadoop/share/ozone/lib/log4j-core-2.17.1.jar:/opt/hadoop/share/ozone/lib/commons-logging-1.2.jar:/opt/hadoop/share/ozone/lib/accessors-smart-2.4.7.jar:/opt/hadoop/share/ozone/lib/kerby-xdr-1.0.1.jar:/opt/hadoop/share/ozone/lib/txw2-2.3.0.1.jar:/opt/hadoop/share/ozone/lib/httpcore-4.4.13.jar:/opt/hadoop/share/ozone/lib/guava-31.1-jre.jar:/opt/hadoop/share/ozone/lib/opentracing-tracerresolver-0.1.8.jar:/opt/hadoop/share/ozone/lib/commons-net-3.6.jar:/opt/hadoop/share/ozone/lib/netty-transport-4.1.79.Final.jar:/opt/hadoop/share/ozone/lib/rocksdbjni-6.29.5.jar:/opt/hadoop/share/ozone/lib/libthrift-0.14.1.jar:/opt/hadoop/share/ozone/lib/snakeyaml-1.26.jar:/opt/hadoop/share/ozone/lib/stax-ex-1.7.8.jar:/opt/hadoop/share/ozone/lib/httpclient-4.5.13.jar:/opt/hadoop/share/ozone/lib/jetty-servlet-9.4.43.v20210629.jar:/opt/hadoop/share/ozone/lib/kerby-config-1.0.1.jar:/opt/hadoop/share/ozone/lib/ratis-common-2.3.0.jar:/opt/hadoop/share/ozone/lib/jaeger-client-1.6.0.jar:/opt/hadoop/share/ozone/lib/commons-io-2.11.0.jar:/opt/hadoop/share/ozone/lib/metrics-core-3.2.4.jar:/opt/hadoop/share/ozone/lib/kerby-pkix-1.0.1.jar:/opt/hadoop/share/ozone/lib/activation-1.1.1.jar:/opt/hadoop/share/ozone/lib/json-smart-2.4.7.jar:/opt/hadoop/share/ozone/lib/hdds-interface-client-1.3.0-SNAPSHOT.jar:/opt/hadoop/share/ozone/lib/jsr311-api-1.1.1.jar:/opt/hadoop/share/ozone/lib/ratis-grpc-2.3.0.jar:/opt/hadoop/share/ozone/lib/jetty-webapp-9.4.43.v20210629.jar:/opt/hadoop/share/ozone/lib/commons-beanutils-1.9.4.jar:/opt/hadoop/share/ozone/lib/jackson-core-2.13.2.jar:/opt/hadoop/share/ozone/lib/hdds-server-framework-1.3.0-SNAPSHOT.jar:/opt/hadoop/share/ozone/lib/javax.servlet-api-3.1.0.jar:/opt/hadoop/share/ozone/lib/kerb-server-1.0.1.jar:/opt/hadoop/share/ozone/lib/hdds-common-1.3.0-SNAPSHOT.jar:/opt/hadoop/share/ozone/lib/kerb-client-1.0.1.jar:/opt/hadoop/share/ozone/lib/disruptor-3.4.2.jar:/opt/hadoop/share/ozone/lib/gson-2.9.0.jar:/opt/hadoop/share/ozone/lib/reflections-0.9.11.jar:/opt/hadoop/share/ozone/lib/hdds-erasurecode-1.3.0-SNAPSHOT.jar:/opt/hadoop/share/ozone/lib/jetty-io-9.4.43.v20210629.jar:/opt/hadoop/share/ozone/lib/hdds-interface-server-1.3.0-SNAPSHOT.jar:/opt/hadoop/share/ozone/lib/hadoop-hdfs-3.3.1.jar:/opt/hadoop/share/ozone/lib/ratis-proto-2.3.0.jar:/opt/hadoop/share/ozone/lib/annotations-13.0.jar:/opt/hadoop/share/ozone/lib/jetty-server-9.4.43.v20210629.jar:/opt/hadoop/share/ozone/lib/simpleclient_common-0.7.0.jar:/opt/hadoop/share/ozone/lib/hadoop-common-3.3.1.jar:/opt/hadoop/share/ozone/lib/dnsjava-2.1.7.jar:/opt/hadoop/share/ozone/lib/jaeger-thrift-1.6.0.jar:/opt/hadoop/share/ozone/lib/bcprov-jdk15on-1.67.jar:/opt/hadoop/share/ozone/lib/commons-configuration2-2.1.1.jar:/opt/hadoop/share/ozone/lib/token-provider-1.0.1.jar:/opt/hadoop/share/ozone/lib/log4j-1.2.17.jar:/opt/hadoop/share/ozone/lib/commons-daemon-1.0.13.jar:/opt/hadoop/share/ozone/lib/listenablefuture-9999.0-empty-to-avoid-conflict-with-guava.jar:/opt/hadoop/share/ozone/lib/netty-buffer-4.1.79.Final.jar:/opt/hadoop/share/ozone/lib/jetty-xml-9.4.43.v20210629.jar:/opt/hadoop/share/ozone/lib/jaeger-tracerresolver-1.6.0.jar:/opt/hadoop/share/ozone/lib/commons-lang3-3.7.jar:/opt/hadoop/share/ozone/lib/ratis-netty-2.3.0.jar:/opt/hadoop/share/ozone/lib/re2j-1.1.jar:/opt/hadoop/share/ozone/lib/commons-math3-3.1.1.jar:/opt/hadoop/share/ozone/lib/jackson-databind-2.13.2.2.jar:/opt/hadoop/share/ozone/lib/simpleclient_dropwizard-0.7.0.jar:/opt/hadoop/share/ozone/lib/simpleclient-0.7.0.jar:/opt/hadoop/share/ozone/lib/asm-5.0.4.jar:/opt/hadoop/share/ozone/lib/kerby-util-1.0.1.jar:/opt/hadoop/share/ozone/lib/netty-codec-4.1.79.Final.jar:/opt/hadoop/share/ozone/lib/failureaccess-1.0.1.jar:/opt/hadoop/share/ozone/lib/okio-2.8.0.jar:/opt/hadoop/share/ozone/lib/hdds-config-1.3.0-SNAPSHOT.jar:/opt/hadoop/share/ozone/lib/jsp-api-2.1.jar:/opt/hadoop/share/ozone/lib/jetty-http-9.4.43.v20210629.jar:/opt/hadoop/share/ozone/lib/jsch-0.1.54.jar:/opt/hadoop/share/ozone/lib/jakarta.activation-api-1.2.1.jar:/opt/hadoop/share/ozone/lib/slf4j-api-1.7.30.jar:/opt/hadoop/share/ozone/lib/hadoop-hdfs-client-3.3.1.jar:/opt/hadoop/share/ozone/lib/nimbus-jose-jwt-7.9.jar:/opt/hadoop/share/ozone/lib/commons-codec-1.11.jar:/opt/hadoop/share/ozone/lib/commons-pool2-2.6.0.jar:/opt/hadoop/share/ozone/lib/netty-resolver-4.1.79.Final.jar:/opt/hadoop/share/ozone/lib/jetty-util-9.4.43.v20210629.jar:/opt/hadoop/share/ozone/lib/jetty-util-ajax-9.4.43.v20210629.jar:/opt/hadoop/share/ozone/lib/opentracing-api-0.33.0.jar:/opt/hadoop/share/ozone/lib/jcip-annotations-1.0-1.jar:/opt/hadoop/share/ozone/lib/kerb-admin-1.0.1.jar:/opt/hadoop/share/ozone/lib/ratis-thirdparty-misc-1.0.0.jar:/opt/hadoop/share/ozone/lib/kotlin-stdlib-common-1.6.21.jar:/opt/hadoop/share/ozone/lib/opentracing-noop-0.33.0.jar:/opt/hadoop/share/ozone/lib/netty-transport-native-unix-common-4.1.79.Final.jar:/opt/hadoop/share/ozone/lib/jersey-core-1.19.jar:/opt/hadoop/share/ozone/lib/commons-compress-1.21.jar:/opt/hadoop/share/ozone/lib/jaxb-runtime-2.3.0.1.jar:/opt/hadoop/share/ozone/lib/ratis-server-api-2.3.0.jar:/opt/hadoop/share/ozone/lib/opentracing-util-0.33.0.jar:/opt/hadoop/share/ozone/lib/hdds-client-1.3.0-SNAPSHOT.jar:/opt/hadoop/share/ozone/lib/snappy-java-1.1.8.2.jar:/opt/hadoop/share/ozone/lib/hdds-hadoop-dependency-client-1.3.0-SNAPSHOT.jar:/opt/hadoop/share/ozone/lib/commons-cli-1.2.jar:/opt/hadoop/share/ozone/lib/woodstox-core-5.0.3.jar:/opt/hadoop/share/ozone/lib/ratis-server-2.3.0.jar:/opt/hadoop/share/ozone/lib/log4j-api-2.17.1.jar:/opt/hadoop/share/ozone/lib/javax.annotation-api-1.2.jar:/opt/hadoop/share/ozone/lib/kerby-asn1-1.0.1.jar:/opt/hadoop/share/ozone/lib/hadoop-annotations-3.3.1.jar:/opt/hadoop/share/ozone/lib/checker-qual-3.12.0.jar:/opt/hadoop/share/ozone/lib/stax2-api-3.1.4.jar:/opt/hadoop/share/ozone/lib/commons-collections-3.2.2.jar:/opt/hadoop/share/ozone/lib/commons-digester-1.8.1.jar:/opt/hadoop/share/ozone/lib/jaeger-core-1.6.0.jar:/opt/hadoop/share/ozone/lib/commons-text-1.4.jar:/opt/hadoop/share/ozone/lib/jersey-servlet-1.19.jar:/opt/hadoop/share/ozone/lib/hadoop-auth-3.3.1.jar:/opt/hadoop/share/ozone/lib/kerb-identity-1.0.1.jar:/opt/hadoop/share/ozone/lib/FastInfoset-1.2.13.jar:/opt/hadoop/share/ozone/lib/kerb-common-1.0.1.jar:/opt/hadoop/share/ozone/lib/ratis-client-2.3.0.jar:/opt/hadoop/share/ozone/lib/jersey-server-1.19.jar:/opt/hadoop/share/ozone/lib/hdds-hadoop-dependency-server-1.3.0-SNAPSHOT.jar:/opt/hadoop/share/ozone/lib/kerb-crypto-1.0.1.jar:/opt/hadoop/share/ozone/web:/opt/hadoop/share/ozone/lib/ozone-datanode-1.3.0-SNAPSHOT.jar
STARTUP_MSG:   build = https://github.com/apache/ozone/c913760611c8a2ed6679ef2183cf953b12c06776 ; compiled by 'runner' on 2022-07-27T17:55Z
STARTUP_MSG:   java = 11.0.14.1
************************************************************/
2022-07-27 18:19:24 INFO  HddsDatanodeService:90 - registered UNIX signal handlers for [TERM, HUP, INT]
2022-07-27 18:19:25 INFO  MetricRegistries:64 - Loaded MetricRegistries class org.apache.ratis.metrics.impl.MetricRegistriesImpl
2022-07-27 18:19:25 INFO  MetricsConfig:120 - Loaded properties from hadoop-metrics2.properties
2022-07-27 18:19:25 INFO  MetricsSystemImpl:378 - Scheduled Metric snapshot period at 10 second(s).
2022-07-27 18:19:25 INFO  MetricsSystemImpl:191 - HddsDatanode metrics system started
2022-07-27 18:19:26 INFO  HddsDatanodeService:236 - HddsDatanodeService host:datanode-1.datanode.default.svc.cluster.local ip:10.42.0.19
2022-07-27 18:19:27 INFO  AbstractLayoutVersionManager:83 - Initializing Layout version manager with metadata layout = DATANODE_SCHEMA_V3 (version = 4), software layout = DATANODE_SCHEMA_V3 (version = 4)
2022-07-27 18:19:28 INFO  Reflections:232 - Reflections took 662 ms to scan 2 urls, producing 89 keys and 198 values 
2022-07-27 18:19:28 INFO  DatanodeStateMachine:237 - Datanode State Machine Task Thread Pool size 2
2022-07-27 18:19:28 INFO  SaveSpaceUsageToFile:94 - Cached usage info file /data/storage/scmUsed not found
2022-07-27 18:19:28 INFO  HddsVolume:116 - Creating HddsVolume: /data/storage/hdds of storage type : DISK capacity : 89297309696
2022-07-27 18:19:28 INFO  MutableVolumeSet:174 - Added Volume : /data/storage/hdds to VolumeSet
2022-07-27 18:19:28 INFO  ThrottledAsyncChecker:141 - Scheduling a check for /data/storage/hdds
2022-07-27 18:19:28 INFO  StorageVolumeChecker:202 - Scheduled health check for volume /data/storage/hdds
2022-07-27 18:19:29 WARN  ServerUtils:237 - Storage directory for Ratis is not configured. It is a good idea to map this to an SSD disk. Falling back to ozone.metadata.dirs
2022-07-27 18:19:29 INFO  SaveSpaceUsageToFile:94 - Cached usage info file /data/metadata/ratis/scmUsed not found
2022-07-27 18:19:29 INFO  MutableVolumeSet:174 - Added Volume : /data/metadata/ratis to VolumeSet
2022-07-27 18:19:29 INFO  ThrottledAsyncChecker:141 - Scheduling a check for /data/metadata/ratis
2022-07-27 18:19:29 INFO  StorageVolumeChecker:202 - Scheduled health check for volume /data/metadata/ratis
2022-07-27 18:19:29 INFO  ContainerReader:175 - Finish verifying containers on volume /data/storage/hdds
2022-07-27 18:19:29 INFO  OzoneContainer:299 - Build ContainerSet costs 0s
2022-07-27 18:19:33 INFO  AuditLogger:126 - Refresh DebugCmdSet for DNAudit to [].
2022-07-27 18:19:34 WARN  ServerUtils:237 - Storage directory for Ratis is not configured. It is a good idea to map this to an SSD disk. Falling back to ozone.metadata.dirs
2022-07-27 18:19:34 INFO  RaftServer:46 - raft.rpc.type = GRPC (default)
2022-07-27 18:19:35 INFO  GrpcConfigKeys:46 - raft.grpc.admin.port = 9857 (custom)
2022-07-27 18:19:35 INFO  GrpcConfigKeys:46 - raft.grpc.client.port = 9858 (custom)
2022-07-27 18:19:35 INFO  GrpcConfigKeys:46 - raft.grpc.server.port = 9856 (custom)
2022-07-27 18:19:35 INFO  GrpcService:46 - raft.grpc.message.size.max = 32MB (=33554432) (custom)
2022-07-27 18:19:35 INFO  RaftServerConfigKeys:46 - raft.server.log.appender.buffer.byte-limit = 33554432 (custom)
2022-07-27 18:19:36 INFO  GrpcService:46 - raft.grpc.flow.control.window = 5MB (=5242880) (custom)
2022-07-27 18:19:36 INFO  RaftServerConfigKeys:46 - raft.server.rpc.request.timeout = 60s (custom)
2022-07-27 18:19:36 INFO  GrpcConfigKeys:46 - raft.grpc.server.async.request.thread.pool.cached = true (default)
2022-07-27 18:19:36 INFO  GrpcConfigKeys:46 - raft.grpc.server.async.request.thread.pool.size = 32 (default)
2022-07-27 18:19:36 INFO  DataStreamServerImpl:46 - raft.datastream.type = DISABLED (default)
2022-07-27 18:19:36 INFO  RaftServerConfigKeys:46 - raft.server.threadpool.proxy.cached = true (default)
2022-07-27 18:19:36 INFO  RaftServerConfigKeys:46 - raft.server.threadpool.proxy.size = 0 (default)
2022-07-27 18:19:36 INFO  RaftServerConfigKeys:46 - raft.server.rpc.slowness.timeout = 300s (custom)
2022-07-27 18:19:36 INFO  RaftServerConfigKeys:46 - raft.server.leaderelection.leader.step-down.wait-time = 10s (default)
2022-07-27 18:19:36 INFO  RaftServerConfigKeys:46 - raft.server.storage.dir = [/data/metadata/ratis] (custom)
2022-07-27 18:19:37 INFO  XceiverServerGrpc:132 - GrpcServer channel type EpollServerSocketChannel
2022-07-27 18:19:37 WARN  NativeCodeLoader:60 - Unable to load native-hadoop library for your platform... using builtin-java classes where applicable
2022-07-27 18:19:37 INFO  BaseHttpServer:209 - Starting Web-server for hddsDatanode at: http://0.0.0.0:9882
2022-07-27 18:19:37 INFO  BaseHttpServer:107 - Hadoop Security Enabled: false Ozone Security Enabled: false Ozone HTTP Security Enabled: false 
2022-07-27 18:19:37 INFO  log:170 - Logging initialized @19465ms to org.eclipse.jetty.util.log.Slf4jLog
2022-07-27 18:19:38 INFO  AuthenticationFilter:240 - Unable to initialize FileSignerSecretProvider, falling back to use random secrets.
2022-07-27 18:19:38 INFO  HttpRequestLog:86 - Http request log for http.requests.hddsDatanode is not defined
2022-07-27 18:19:38 INFO  HttpServer2:1029 - Added global filter 'safety' (class=org.apache.hadoop.hdds.server.http.HttpServer2$QuotingInputFilter)
2022-07-27 18:19:38 INFO  HttpServer2:1005 - Added filter static_user_filter (class=org.apache.hadoop.http.lib.StaticUserWebFilter$StaticUserFilter) to context hddsDatanode
2022-07-27 18:19:38 INFO  HttpServer2:1013 - Added filter static_user_filter (class=org.apache.hadoop.http.lib.StaticUserWebFilter$StaticUserFilter) to context static
2022-07-27 18:19:38 INFO  HttpServer2:1013 - Added filter static_user_filter (class=org.apache.hadoop.http.lib.StaticUserWebFilter$StaticUserFilter) to context logs
2022-07-27 18:19:38 INFO  HttpServer2:1248 - Jetty bound to port 9882
2022-07-27 18:19:38 INFO  Server:375 - jetty-9.4.43.v20210629; built: 2021-06-30T11:07:22.254Z; git: 526006ecfa3af7f1a27ef3a288e2bef7ea9dd7e8; jvm 11.0.14.1+1-LTS
2022-07-27 18:19:38 INFO  session:334 - DefaultSessionIdManager workerName=node0
2022-07-27 18:19:38 INFO  session:339 - No SessionScavenger set, using defaults
2022-07-27 18:19:38 INFO  session:132 - node0 Scavenging every 600000ms
2022-07-27 18:19:38 INFO  ContextHandler:915 - Started o.e.j.s.ServletContextHandler@285005b8{logs,/logs,file:///var/log/hadoop/,AVAILABLE}
2022-07-27 18:19:38 INFO  ContextHandler:915 - Started o.e.j.s.ServletContextHandler@4c731956{static,/static,jar:file:/opt/hadoop/share/ozone/lib/hdds-container-service-1.3.0-SNAPSHOT.jar!/webapps/static,AVAILABLE}
2022-07-27 18:19:39 INFO  ContextHandler:915 - Started o.e.j.w.WebAppContext@35bd8bc9{hddsDatanode,/,file:///tmp/jetty-0_0_0_0-9882-hdds-container-service-1_3_0-SNAPSHOT_jar-_-any-12458614968835949890/webapp/,AVAILABLE}{jar:file:/opt/hadoop/share/ozone/lib/hdds-container-service-1.3.0-SNAPSHOT.jar!/webapps/hddsDatanode}
2022-07-27 18:19:39 INFO  AbstractConnector:331 - Started ServerConnector@63bfdbcb{HTTP/1.1, (http/1.1)}{0.0.0.0:9882}
2022-07-27 18:19:39 INFO  Server:415 - Started @21194ms
2022-07-27 18:19:39 INFO  MetricsSinkAdapter:204 - Sink prometheus started
2022-07-27 18:19:39 INFO  MetricsSystemImpl:305 - Registered sink prometheus
2022-07-27 18:19:39 INFO  BaseHttpServer:329 - HTTP server of hddsDatanode listening at http://0.0.0.0:9882
2022-07-27 18:19:39 INFO  DatanodeStateMachine:492 - Ozone container server started.
2022-07-27 18:19:39 INFO  JvmPauseMonitor:188 - Starting JVM pause monitor
2022-07-27 18:19:40 INFO  InitDatanodeState:138 - DatanodeDetails is persisted to /data/datanode.id
2022-07-27 18:19:43 INFO  Client:977 - Retrying connect to server: scm-0.scm/10.42.0.18:9861. Already tried 0 time(s); retry policy is RetryUpToMaximumCountWithFixedSleep(maxRetries=15, sleepTime=1000 MILLISECONDS)
2022-07-27 18:19:44 INFO  Client:977 - Retrying connect to server: scm-0.scm/10.42.0.18:9861. Already tried 1 time(s); retry policy is RetryUpToMaximumCountWithFixedSleep(maxRetries=15, sleepTime=1000 MILLISECONDS)
2022-07-27 18:19:45 INFO  Client:977 - Retrying connect to server: scm-0.scm/10.42.0.18:9861. Already tried 2 time(s); retry policy is RetryUpToMaximumCountWithFixedSleep(maxRetries=15, sleepTime=1000 MILLISECONDS)
2022-07-27 18:19:50 WARN  EndpointStateMachine:236 - Unable to communicate to SCM server at scm-0.scm:9861 for past 0 seconds.
java.net.SocketTimeoutException: Call From datanode-1/10.42.0.19 to scm-0.scm:9861 failed on socket timeout exception: java.net.SocketTimeoutException: 5000 millis timeout while waiting for channel to be ready for read. ch : java.nio.channels.SocketChannel[connected local=/10.42.0.19:37532 remote=scm-0.scm/10.42.0.18:9861]; For more details see:  http://wiki.apache.org/hadoop/SocketTimeout
	at java.base/jdk.internal.reflect.NativeConstructorAccessorImpl.newInstance0(Native Method)
	at java.base/jdk.internal.reflect.NativeConstructorAccessorImpl.newInstance(NativeConstructorAccessorImpl.java:62)
	at java.base/jdk.internal.reflect.DelegatingConstructorAccessorImpl.newInstance(DelegatingConstructorAccessorImpl.java:45)
	at java.base/java.lang.reflect.Constructor.newInstance(Constructor.java:490)
	at org.apache.hadoop.net.NetUtils.wrapWithMessage(NetUtils.java:913)
	at org.apache.hadoop.net.NetUtils.wrapException(NetUtils.java:848)
	at org.apache.hadoop.ipc.Client.getRpcResponse(Client.java:1577)
	at org.apache.hadoop.ipc.Client.call(Client.java:1519)
	at org.apache.hadoop.ipc.Client.call(Client.java:1416)
	at org.apache.hadoop.ipc.ProtobufRpcEngine$Invoker.invoke(ProtobufRpcEngine.java:236)
	at org.apache.hadoop.ipc.ProtobufRpcEngine$Invoker.invoke(ProtobufRpcEngine.java:123)
	at com.sun.proxy.$Proxy38.submitRequest(Unknown Source)
	at org.apache.hadoop.ozone.protocolPB.StorageContainerDatanodeProtocolClientSideTranslatorPB.submitRequest(StorageContainerDatanodeProtocolClientSideTranslatorPB.java:117)
	at org.apache.hadoop.ozone.protocolPB.StorageContainerDatanodeProtocolClientSideTranslatorPB.getVersion(StorageContainerDatanodeProtocolClientSideTranslatorPB.java:133)
	at org.apache.hadoop.ozone.container.common.states.endpoint.VersionEndpointTask.call(VersionEndpointTask.java:69)
	at org.apache.hadoop.ozone.container.common.states.endpoint.VersionEndpointTask.call(VersionEndpointTask.java:40)
	at java.base/java.util.concurrent.FutureTask.run(FutureTask.java:264)
	at java.base/java.util.concurrent.ThreadPoolExecutor.runWorker(ThreadPoolExecutor.java:1128)
	at java.base/java.util.concurrent.ThreadPoolExecutor$Worker.run(ThreadPoolExecutor.java:628)
	at java.base/java.lang.Thread.run(Thread.java:829)
Caused by: java.net.SocketTimeoutException: 5000 millis timeout while waiting for channel to be ready for read. ch : java.nio.channels.SocketChannel[connected local=/10.42.0.19:37532 remote=scm-0.scm/10.42.0.18:9861]
	at org.apache.hadoop.net.SocketIOWithTimeout.doIO(SocketIOWithTimeout.java:164)
	at org.apache.hadoop.net.SocketInputStream.read(SocketInputStream.java:161)
	at org.apache.hadoop.net.SocketInputStream.read(SocketInputStream.java:131)
	at java.base/java.io.FilterInputStream.read(FilterInputStream.java:133)
	at java.base/java.io.BufferedInputStream.fill(BufferedInputStream.java:252)
	at java.base/java.io.BufferedInputStream.read(BufferedInputStream.java:271)
	at java.base/java.io.FilterInputStream.read(FilterInputStream.java:83)
	at java.base/java.io.FilterInputStream.read(FilterInputStream.java:83)
	at org.apache.hadoop.ipc.Client$Connection$PingInputStream.read(Client.java:563)
	at java.base/java.io.DataInputStream.readInt(DataInputStream.java:392)
	at org.apache.hadoop.ipc.Client$IpcStreams.readResponse(Client.java:1892)
	at org.apache.hadoop.ipc.Client$Connection.receiveRpcResponse(Client.java:1202)
	at org.apache.hadoop.ipc.Client$Connection.run(Client.java:1098)
2022-07-27 18:19:50 INFO  HddsVolume:309 - SchemaV3 db is created and loaded at /data/storage/hdds/CID-a1d1f76a-1df4-4b5d-8d94-775590a68ff5/DS-23293c7c-0d3a-4caf-a707-bb6c3ac7c52b/container.db for volume DS-23293c7c-0d3a-4caf-a707-bb6c3ac7c52b
2022-07-27 18:19:50 INFO  HddsVolume:340 - SchemaV3 db is stopped at /data/storage/hdds/CID-a1d1f76a-1df4-4b5d-8d94-775590a68ff5/DS-23293c7c-0d3a-4caf-a707-bb6c3ac7c52b/container.db for volume DS-23293c7c-0d3a-4caf-a707-bb6c3ac7c52b
2022-07-27 18:19:50 INFO  OzoneContainer:377 - Attempting to start container services.
2022-07-27 18:19:50 INFO  OzoneContainer:312 - Background container scanner has been disabled.
2022-07-27 18:19:50 INFO  XceiverServerRatis:481 - Starting XceiverServerRatis 34bd5bc4-ae84-4a0e-8976-fbc2afadbb2f
2022-07-27 18:19:50 INFO  RaftServer:382 - 34bd5bc4-ae84-4a0e-8976-fbc2afadbb2f: start RPC server
2022-07-27 18:19:50 INFO  GrpcService:260 - 34bd5bc4-ae84-4a0e-8976-fbc2afadbb2f: GrpcService started, listening on 9856
2022-07-27 18:19:50 INFO  GrpcService:260 - 34bd5bc4-ae84-4a0e-8976-fbc2afadbb2f: GrpcService started, listening on 9857
2022-07-27 18:19:50 INFO  GrpcService:260 - 34bd5bc4-ae84-4a0e-8976-fbc2afadbb2f: GrpcService started, listening on 9858
2022-07-27 18:19:50 INFO  XceiverServerRatis:502 - XceiverServerRatis 34bd5bc4-ae84-4a0e-8976-fbc2afadbb2f is started using port 9858 for RATIS
2022-07-27 18:19:50 INFO  XceiverServerRatis:502 - XceiverServerRatis 34bd5bc4-ae84-4a0e-8976-fbc2afadbb2f is started using port 9857 for RATIS_ADMIN
2022-07-27 18:19:50 INFO  XceiverServerRatis:502 - XceiverServerRatis 34bd5bc4-ae84-4a0e-8976-fbc2afadbb2f is started using port 9856 for RATIS_SERVER
2022-07-27 18:19:50 INFO  JvmPauseMonitor:103 - JvmPauseMonitor-34bd5bc4-ae84-4a0e-8976-fbc2afadbb2f: Started
2022-07-27 18:19:55 INFO  RaftServer:96 - 34bd5bc4-ae84-4a0e-8976-fbc2afadbb2f: addNew group-13E0989DCFC5:[34bd5bc4-ae84-4a0e-8976-fbc2afadbb2f|rpc:datanode-1.datanode.default.svc.cluster.local:9856|admin:datanode-1.datanode.default.svc.cluster.local:9857|client:datanode-1.datanode.default.svc.cluster.local:9858|priority:1] returns group-13E0989DCFC5:java.util.concurrent.CompletableFuture@4cb229b2[Not completed]
2022-07-27 18:19:55 INFO  RaftServer$Division:190 - 34bd5bc4-ae84-4a0e-8976-fbc2afadbb2f: new RaftServerImpl for group-13E0989DCFC5:[34bd5bc4-ae84-4a0e-8976-fbc2afadbb2f|rpc:datanode-1.datanode.default.svc.cluster.local:9856|admin:datanode-1.datanode.default.svc.cluster.local:9857|client:datanode-1.datanode.default.svc.cluster.local:9858|priority:1] with ContainerStateMachine:uninitialized
2022-07-27 18:19:55 INFO  RaftServerConfigKeys:46 - raft.server.rpc.timeout.min = 5s (custom)
2022-07-27 18:19:55 INFO  RaftServerConfigKeys:46 - raft.server.rpc.timeout.max = 5200ms (custom)
2022-07-27 18:19:55 INFO  RaftServerConfigKeys:46 - raft.server.rpc.sleep.time = 25ms (default)
2022-07-27 18:19:55 INFO  RaftServerConfigKeys:46 - raft.server.rpc.slowness.timeout = 300s (custom)
2022-07-27 18:19:55 INFO  RaftServerConfigKeys:46 - raft.server.leaderelection.leader.step-down.wait-time = 10s (default)
2022-07-27 18:19:55 INFO  RaftServerConfigKeys:46 - raft.server.sleep.deviation.threshold = 300ms (default)
2022-07-27 18:19:55 INFO  RaftServer$Division:107 - 34bd5bc4-ae84-4a0e-8976-fbc2afadbb2f@group-13E0989DCFC5: ConfigurationManager, init=-1: [34bd5bc4-ae84-4a0e-8976-fbc2afadbb2f|rpc:datanode-1.datanode.default.svc.cluster.local:9856|admin:datanode-1.datanode.default.svc.cluster.local:9857|client:datanode-1.datanode.default.svc.cluster.local:9858|priority:1], old=null, confs=<EMPTY_MAP>
2022-07-27 18:19:55 INFO  RaftServerConfigKeys:46 - raft.server.storage.dir = [/data/metadata/ratis] (custom)
2022-07-27 18:19:55 INFO  RaftServerConfigKeys:46 - raft.server.log.corruption.policy = EXCEPTION (default)
2022-07-27 18:19:55 INFO  RaftServerConfigKeys:46 - raft.server.storage.free-space.min = 0MB (=0) (default)
2022-07-27 18:19:55 INFO  RaftStorageDirectory:135 - The storage directory /data/metadata/ratis/65fc01e1-ee93-4a9f-83f4-13e0989dcfc5 does not exist. Creating ...
2022-07-27 18:19:55 INFO  RaftStorageDirectory:230 - Lock on /data/metadata/ratis/65fc01e1-ee93-4a9f-83f4-13e0989dcfc5/in_use.lock acquired by nodename 6@datanode-1
2022-07-27 18:19:55 INFO  RaftStorage:89 - Storage directory /data/metadata/ratis/65fc01e1-ee93-4a9f-83f4-13e0989dcfc5 has been successfully formatted.
2022-07-27 18:19:55 INFO  ContainerStateMachine:236 - group-13E0989DCFC5: The snapshot info is null. Setting the last applied indexto:(t:0, i:~)
2022-07-27 18:19:55 INFO  RaftServerConfigKeys:46 - raft.server.notification.no-leader.timeout = 300s (custom)
2022-07-27 18:19:55 INFO  RaftServerConfigKeys:46 - raft.server.log.use.memory = false (default)
2022-07-27 18:19:55 INFO  RaftServerConfigKeys:46 - raft.server.log.purge.gap = 1000000 (custom)
2022-07-27 18:19:55 INFO  RaftServerConfigKeys:46 - raft.server.log.appender.buffer.byte-limit = 33554432 (custom)
2022-07-27 18:19:55 INFO  RaftServerConfigKeys:46 - raft.server.log.statemachine.data.read.timeout = 1000ms (default)
2022-07-27 18:19:55 INFO  RaftServerConfigKeys:46 - raft.server.log.segment.size.max = 1048576 (custom)
2022-07-27 18:19:55 INFO  RaftServerConfigKeys:46 - raft.server.log.segment.cache.num.max = 2 (custom)
2022-07-27 18:19:55 INFO  RaftServerConfigKeys:46 - raft.server.log.segment.cache.size.max = 200MB (=209715200) (default)
2022-07-27 18:19:55 INFO  SegmentedRaftLogWorker:187 - new 34bd5bc4-ae84-4a0e-8976-fbc2afadbb2f@group-13E0989DCFC5-SegmentedRaftLogWorker for RaftStorageImpl:Storage Directory /data/metadata/ratis/65fc01e1-ee93-4a9f-83f4-13e0989dcfc5
2022-07-27 18:19:55 INFO  RaftServerConfigKeys:46 - raft.server.log.queue.byte-limit = 4294967296 (custom)
2022-07-27 18:19:55 INFO  RaftServerConfigKeys:46 - raft.server.log.queue.element-limit = 1024 (custom)
2022-07-27 18:19:55 INFO  RaftServerConfigKeys:46 - raft.server.log.segment.size.max = 1048576 (custom)
2022-07-27 18:19:55 INFO  RaftServerConfigKeys:46 - raft.server.log.preallocated.size = 16384 (custom)
2022-07-27 18:19:55 INFO  RaftServerConfigKeys:46 - raft.server.log.force.sync.num = 128 (default)
2022-07-27 18:19:55 INFO  RaftServerConfigKeys:46 - raft.server.log.statemachine.data.sync = true (default)
2022-07-27 18:19:55 INFO  RaftServerConfigKeys:46 - raft.server.log.statemachine.data.sync.timeout = 10s (default)
2022-07-27 18:19:55 INFO  RaftServerConfigKeys:46 - raft.server.log.statemachine.data.sync.timeout.retry = -1 (default)
2022-07-27 18:19:55 INFO  RaftServerConfigKeys:46 - raft.server.log.write.buffer.size = 1048576 (custom)
2022-07-27 18:19:55 INFO  RaftServerConfigKeys:46 - raft.server.log.unsafe-flush.enabled = false (default)
2022-07-27 18:19:55 INFO  RaftServerConfigKeys:46 - raft.server.log.statemachine.data.caching.enabled = true (custom)
2022-07-27 18:19:56 INFO  SegmentedRaftLogWorker:135 - 34bd5bc4-ae84-4a0e-8976-fbc2afadbb2f@group-13E0989DCFC5-SegmentedRaftLogWorker: flushIndex: setUnconditionally 0 -> -1
2022-07-27 18:19:56 INFO  SegmentedRaftLogWorker:135 - 34bd5bc4-ae84-4a0e-8976-fbc2afadbb2f@group-13E0989DCFC5-SegmentedRaftLogWorker: safeCacheEvictIndex: setUnconditionally 0 -> -1
2022-07-27 18:19:56 INFO  RaftServerConfigKeys:46 - raft.server.snapshot.auto.trigger.enabled = true (custom)
2022-07-27 18:19:56 INFO  RaftServerConfigKeys:46 - raft.server.snapshot.auto.trigger.threshold = 10000 (custom)
2022-07-27 18:19:56 INFO  RaftServerConfigKeys:46 - raft.server.snapshot.retention.file.num = 5 (custom)
2022-07-27 18:19:56 INFO  RaftServerConfigKeys:46 - raft.server.log.purge.upto.snapshot.index = false (default)
2022-07-27 18:19:56 INFO  RaftServerConfigKeys:46 - raft.server.retrycache.expirytime = 600000ms (custom)
2022-07-27 18:19:56 INFO  RaftServerConfigKeys:46 - raft.server.retrycache.statistics.expirytime = 100?s (default)
2022-07-27 18:19:56 INFO  RaftServerConfigKeys:46 - raft.server.log.appender.install.snapshot.enabled = false (custom)
2022-07-27 18:19:56 INFO  RaftServerConfigKeys:46 - raft.server.threadpool.server.cached = true (default)
2022-07-27 18:19:56 INFO  RaftServerConfigKeys:46 - raft.server.threadpool.server.size = 0 (default)
2022-07-27 18:19:56 INFO  RaftServerConfigKeys:46 - raft.server.threadpool.client.cached = true (default)
2022-07-27 18:19:56 INFO  RaftServerConfigKeys:46 - raft.server.threadpool.client.size = 0 (default)
2022-07-27 18:19:56 INFO  RaftServer$Division:310 - 34bd5bc4-ae84-4a0e-8976-fbc2afadbb2f@group-13E0989DCFC5: start as a follower, conf=-1: [34bd5bc4-ae84-4a0e-8976-fbc2afadbb2f|rpc:datanode-1.datanode.default.svc.cluster.local:9856|admin:datanode-1.datanode.default.svc.cluster.local:9857|client:datanode-1.datanode.default.svc.cluster.local:9858|priority:1], old=null
2022-07-27 18:19:56 INFO  RaftServer$Division:299 - 34bd5bc4-ae84-4a0e-8976-fbc2afadbb2f@group-13E0989DCFC5: changes role from      null to FOLLOWER at term 0 for startAsFollower
2022-07-27 18:19:56 INFO  RoleInfo:139 - 34bd5bc4-ae84-4a0e-8976-fbc2afadbb2f: start 34bd5bc4-ae84-4a0e-8976-fbc2afadbb2f@group-13E0989DCFC5-FollowerState
2022-07-27 18:19:56 INFO  JmxRegister:44 - Successfully registered JMX Bean with object name Ratis:service=RaftServer,group=group-13E0989DCFC5,id=34bd5bc4-ae84-4a0e-8976-fbc2afadbb2f
2022-07-27 18:19:56 INFO  XceiverServerRatis:765 - Created group PipelineID=65fc01e1-ee93-4a9f-83f4-13e0989dcfc5
2022-07-27 18:19:56 INFO  CreatePipelineCommandHandler:113 - Created Pipeline RATIS ONE PipelineID=65fc01e1-ee93-4a9f-83f4-13e0989dcfc5.
2022-07-27 18:19:56 INFO  RaftServer:96 - 34bd5bc4-ae84-4a0e-8976-fbc2afadbb2f: addNew group-E4250927FCC2:[4ed783af-7ed6-41e6-89b7-d805b712d865|rpc:datanode-2.datanode.default.svc.cluster.local:9856|admin:datanode-2.datanode.default.svc.cluster.local:9857|client:datanode-2.datanode.default.svc.cluster.local:9858|priority:0, e715ca07-1df6-4f74-b6c3-2aa01d337fa3|rpc:datanode-0.datanode.default.svc.cluster.local:9856|admin:datanode-0.datanode.default.svc.cluster.local:9857|client:datanode-0.datanode.default.svc.cluster.local:9858|priority:1, 34bd5bc4-ae84-4a0e-8976-fbc2afadbb2f|rpc:datanode-1.datanode.default.svc.cluster.local:9856|admin:datanode-1.datanode.default.svc.cluster.local:9857|client:datanode-1.datanode.default.svc.cluster.local:9858|priority:0] returns group-E4250927FCC2:java.util.concurrent.CompletableFuture@a6d0072[Not completed]
2022-07-27 18:19:56 INFO  RaftServer$Division:190 - 34bd5bc4-ae84-4a0e-8976-fbc2afadbb2f: new RaftServerImpl for group-E4250927FCC2:[4ed783af-7ed6-41e6-89b7-d805b712d865|rpc:datanode-2.datanode.default.svc.cluster.local:9856|admin:datanode-2.datanode.default.svc.cluster.local:9857|client:datanode-2.datanode.default.svc.cluster.local:9858|priority:0, e715ca07-1df6-4f74-b6c3-2aa01d337fa3|rpc:datanode-0.datanode.default.svc.cluster.local:9856|admin:datanode-0.datanode.default.svc.cluster.local:9857|client:datanode-0.datanode.default.svc.cluster.local:9858|priority:1, 34bd5bc4-ae84-4a0e-8976-fbc2afadbb2f|rpc:datanode-1.datanode.default.svc.cluster.local:9856|admin:datanode-1.datanode.default.svc.cluster.local:9857|client:datanode-1.datanode.default.svc.cluster.local:9858|priority:0] with ContainerStateMachine:uninitialized
2022-07-27 18:19:56 INFO  RaftServerConfigKeys:46 - raft.server.rpc.timeout.min = 5s (custom)
2022-07-27 18:19:56 INFO  RaftServerConfigKeys:46 - raft.server.rpc.timeout.max = 5200ms (custom)
2022-07-27 18:19:56 INFO  RaftServerConfigKeys:46 - raft.server.rpc.sleep.time = 25ms (default)
2022-07-27 18:19:56 INFO  RaftServerConfigKeys:46 - raft.server.rpc.slowness.timeout = 300s (custom)
2022-07-27 18:19:56 INFO  RaftServerConfigKeys:46 - raft.server.leaderelection.leader.step-down.wait-time = 10s (default)
2022-07-27 18:19:56 INFO  RaftServerConfigKeys:46 - raft.server.sleep.deviation.threshold = 300ms (default)
2022-07-27 18:19:56 INFO  RaftServer$Division:107 - 34bd5bc4-ae84-4a0e-8976-fbc2afadbb2f@group-E4250927FCC2: ConfigurationManager, init=-1: [4ed783af-7ed6-41e6-89b7-d805b712d865|rpc:datanode-2.datanode.default.svc.cluster.local:9856|admin:datanode-2.datanode.default.svc.cluster.local:9857|client:datanode-2.datanode.default.svc.cluster.local:9858|priority:0, e715ca07-1df6-4f74-b6c3-2aa01d337fa3|rpc:datanode-0.datanode.default.svc.cluster.local:9856|admin:datanode-0.datanode.default.svc.cluster.local:9857|client:datanode-0.datanode.default.svc.cluster.local:9858|priority:1, 34bd5bc4-ae84-4a0e-8976-fbc2afadbb2f|rpc:datanode-1.datanode.default.svc.cluster.local:9856|admin:datanode-1.datanode.default.svc.cluster.local:9857|client:datanode-1.datanode.default.svc.cluster.local:9858|priority:0], old=null, confs=<EMPTY_MAP>
2022-07-27 18:19:56 INFO  RaftServerConfigKeys:46 - raft.server.storage.dir = [/data/metadata/ratis] (custom)
2022-07-27 18:19:56 INFO  RaftServerConfigKeys:46 - raft.server.log.corruption.policy = EXCEPTION (default)
2022-07-27 18:19:56 INFO  RaftServerConfigKeys:46 - raft.server.storage.free-space.min = 0MB (=0) (default)
2022-07-27 18:19:56 INFO  RaftStorageDirectory:135 - The storage directory /data/metadata/ratis/9329ba9c-5ef5-407d-97af-e4250927fcc2 does not exist. Creating ...
2022-07-27 18:19:56 INFO  RaftStorageDirectory:230 - Lock on /data/metadata/ratis/9329ba9c-5ef5-407d-97af-e4250927fcc2/in_use.lock acquired by nodename 6@datanode-1
2022-07-27 18:19:56 INFO  RaftStorage:89 - Storage directory /data/metadata/ratis/9329ba9c-5ef5-407d-97af-e4250927fcc2 has been successfully formatted.
2022-07-27 18:19:56 INFO  ContainerStateMachine:236 - group-E4250927FCC2: The snapshot info is null. Setting the last applied indexto:(t:0, i:~)
2022-07-27 18:19:56 INFO  RaftServerConfigKeys:46 - raft.server.notification.no-leader.timeout = 300s (custom)
2022-07-27 18:19:56 INFO  RaftServerConfigKeys:46 - raft.server.log.use.memory = false (default)
2022-07-27 18:19:56 INFO  RaftServerConfigKeys:46 - raft.server.log.purge.gap = 1000000 (custom)
2022-07-27 18:19:56 INFO  RaftServerConfigKeys:46 - raft.server.log.appender.buffer.byte-limit = 33554432 (custom)
2022-07-27 18:19:56 INFO  RaftServerConfigKeys:46 - raft.server.log.statemachine.data.read.timeout = 1000ms (default)
2022-07-27 18:19:56 INFO  RaftServerConfigKeys:46 - raft.server.log.segment.size.max = 1048576 (custom)
2022-07-27 18:19:56 INFO  RaftServerConfigKeys:46 - raft.server.log.segment.cache.num.max = 2 (custom)
2022-07-27 18:19:56 INFO  RaftServerConfigKeys:46 - raft.server.log.segment.cache.size.max = 200MB (=209715200) (default)
2022-07-27 18:19:56 INFO  SegmentedRaftLogWorker:187 - new 34bd5bc4-ae84-4a0e-8976-fbc2afadbb2f@group-E4250927FCC2-SegmentedRaftLogWorker for RaftStorageImpl:Storage Directory /data/metadata/ratis/9329ba9c-5ef5-407d-97af-e4250927fcc2
2022-07-27 18:19:56 INFO  RaftServerConfigKeys:46 - raft.server.log.queue.byte-limit = 4294967296 (custom)
2022-07-27 18:19:56 INFO  RaftServerConfigKeys:46 - raft.server.log.queue.element-limit = 1024 (custom)
2022-07-27 18:19:56 INFO  RaftServerConfigKeys:46 - raft.server.log.segment.size.max = 1048576 (custom)
2022-07-27 18:19:56 INFO  RaftServerConfigKeys:46 - raft.server.log.preallocated.size = 16384 (custom)
2022-07-27 18:19:56 INFO  RaftServerConfigKeys:46 - raft.server.log.force.sync.num = 128 (default)
2022-07-27 18:19:56 INFO  RaftServerConfigKeys:46 - raft.server.log.statemachine.data.sync = true (default)
2022-07-27 18:19:56 INFO  RaftServerConfigKeys:46 - raft.server.log.statemachine.data.sync.timeout = 10s (default)
2022-07-27 18:19:56 INFO  RaftServerConfigKeys:46 - raft.server.log.statemachine.data.sync.timeout.retry = -1 (default)
2022-07-27 18:19:56 INFO  RaftServerConfigKeys:46 - raft.server.log.write.buffer.size = 1048576 (custom)
2022-07-27 18:19:56 INFO  RaftServerConfigKeys:46 - raft.server.log.unsafe-flush.enabled = false (default)
2022-07-27 18:19:56 INFO  RaftServerConfigKeys:46 - raft.server.log.statemachine.data.caching.enabled = true (custom)
2022-07-27 18:19:56 INFO  SegmentedRaftLogWorker:135 - 34bd5bc4-ae84-4a0e-8976-fbc2afadbb2f@group-E4250927FCC2-SegmentedRaftLogWorker: flushIndex: setUnconditionally 0 -> -1
2022-07-27 18:19:56 INFO  SegmentedRaftLogWorker:135 - 34bd5bc4-ae84-4a0e-8976-fbc2afadbb2f@group-E4250927FCC2-SegmentedRaftLogWorker: safeCacheEvictIndex: setUnconditionally 0 -> -1
2022-07-27 18:19:56 INFO  RaftServerConfigKeys:46 - raft.server.snapshot.auto.trigger.enabled = true (custom)
2022-07-27 18:19:56 INFO  RaftServerConfigKeys:46 - raft.server.snapshot.auto.trigger.threshold = 10000 (custom)
2022-07-27 18:19:56 INFO  RaftServerConfigKeys:46 - raft.server.snapshot.retention.file.num = 5 (custom)
2022-07-27 18:19:56 INFO  RaftServerConfigKeys:46 - raft.server.log.purge.upto.snapshot.index = false (default)
2022-07-27 18:19:56 INFO  RaftServerConfigKeys:46 - raft.server.retrycache.expirytime = 600000ms (custom)
2022-07-27 18:19:56 INFO  RaftServerConfigKeys:46 - raft.server.retrycache.statistics.expirytime = 100?s (default)
2022-07-27 18:19:56 INFO  RaftServerConfigKeys:46 - raft.server.log.appender.install.snapshot.enabled = false (custom)
2022-07-27 18:19:56 INFO  RaftServerConfigKeys:46 - raft.server.threadpool.server.cached = true (default)
2022-07-27 18:19:56 INFO  RaftServerConfigKeys:46 - raft.server.threadpool.server.size = 0 (default)
2022-07-27 18:19:56 INFO  RaftServerConfigKeys:46 - raft.server.threadpool.client.cached = true (default)
2022-07-27 18:19:56 INFO  RaftServerConfigKeys:46 - raft.server.threadpool.client.size = 0 (default)
2022-07-27 18:19:56 INFO  RaftServer$Division:310 - 34bd5bc4-ae84-4a0e-8976-fbc2afadbb2f@group-E4250927FCC2: start as a follower, conf=-1: [4ed783af-7ed6-41e6-89b7-d805b712d865|rpc:datanode-2.datanode.default.svc.cluster.local:9856|admin:datanode-2.datanode.default.svc.cluster.local:9857|client:datanode-2.datanode.default.svc.cluster.local:9858|priority:0, e715ca07-1df6-4f74-b6c3-2aa01d337fa3|rpc:datanode-0.datanode.default.svc.cluster.local:9856|admin:datanode-0.datanode.default.svc.cluster.local:9857|client:datanode-0.datanode.default.svc.cluster.local:9858|priority:1, 34bd5bc4-ae84-4a0e-8976-fbc2afadbb2f|rpc:datanode-1.datanode.default.svc.cluster.local:9856|admin:datanode-1.datanode.default.svc.cluster.local:9857|client:datanode-1.datanode.default.svc.cluster.local:9858|priority:0], old=null
2022-07-27 18:19:56 INFO  RaftServer$Division:299 - 34bd5bc4-ae84-4a0e-8976-fbc2afadbb2f@group-E4250927FCC2: changes role from      null to FOLLOWER at term 0 for startAsFollower
2022-07-27 18:19:56 INFO  RoleInfo:139 - 34bd5bc4-ae84-4a0e-8976-fbc2afadbb2f: start 34bd5bc4-ae84-4a0e-8976-fbc2afadbb2f@group-E4250927FCC2-FollowerState
2022-07-27 18:19:56 INFO  JmxRegister:44 - Successfully registered JMX Bean with object name Ratis:service=RaftServer,group=group-E4250927FCC2,id=34bd5bc4-ae84-4a0e-8976-fbc2afadbb2f
2022-07-27 18:19:56 INFO  XceiverServerRatis:765 - Created group PipelineID=9329ba9c-5ef5-407d-97af-e4250927fcc2
2022-07-27 18:19:58 INFO  CreatePipelineCommandHandler:113 - Created Pipeline RATIS THREE PipelineID=9329ba9c-5ef5-407d-97af-e4250927fcc2.
2022-07-27 18:19:59 INFO  RaftServer$Division:1152 - 34bd5bc4-ae84-4a0e-8976-fbc2afadbb2f@group-E4250927FCC2: receive requestVote(ELECTION, 4ed783af-7ed6-41e6-89b7-d805b712d865, group-E4250927FCC2, 1, (t:0, i:0))
2022-07-27 18:19:59 INFO  VoteContext:48 - 34bd5bc4-ae84-4a0e-8976-fbc2afadbb2f@group-E4250927FCC2-FOLLOWER: accept ELECTION from 4ed783af-7ed6-41e6-89b7-d805b712d865: our priority 0 <= candidate's priority 0
2022-07-27 18:19:59 INFO  RaftServer$Division:299 - 34bd5bc4-ae84-4a0e-8976-fbc2afadbb2f@group-E4250927FCC2: changes role from  FOLLOWER to FOLLOWER at term 1 for candidate:4ed783af-7ed6-41e6-89b7-d805b712d865
2022-07-27 18:19:59 INFO  RoleInfo:110 - 34bd5bc4-ae84-4a0e-8976-fbc2afadbb2f: shutdown 34bd5bc4-ae84-4a0e-8976-fbc2afadbb2f@group-E4250927FCC2-FollowerState
2022-07-27 18:19:59 INFO  RoleInfo:139 - 34bd5bc4-ae84-4a0e-8976-fbc2afadbb2f: start 34bd5bc4-ae84-4a0e-8976-fbc2afadbb2f@group-E4250927FCC2-FollowerState
2022-07-27 18:19:59 INFO  FollowerState:152 - 34bd5bc4-ae84-4a0e-8976-fbc2afadbb2f@group-E4250927FCC2-FollowerState was interrupted
2022-07-27 18:20:00 INFO  RaftServer$Division:1184 - 34bd5bc4-ae84-4a0e-8976-fbc2afadbb2f@group-E4250927FCC2 replies to ELECTION vote request: 4ed783af-7ed6-41e6-89b7-d805b712d865<-34bd5bc4-ae84-4a0e-8976-fbc2afadbb2f#0:OK-t1. Peer's state: 34bd5bc4-ae84-4a0e-8976-fbc2afadbb2f@group-E4250927FCC2:t1, leader=null, voted=4ed783af-7ed6-41e6-89b7-d805b712d865, raftlog=34bd5bc4-ae84-4a0e-8976-fbc2afadbb2f@group-E4250927FCC2-SegmentedRaftLog:OPENED:c-1, conf=-1: [4ed783af-7ed6-41e6-89b7-d805b712d865|rpc:datanode-2.datanode.default.svc.cluster.local:9856|admin:datanode-2.datanode.default.svc.cluster.local:9857|client:datanode-2.datanode.default.svc.cluster.local:9858|priority:0, e715ca07-1df6-4f74-b6c3-2aa01d337fa3|rpc:datanode-0.datanode.default.svc.cluster.local:9856|admin:datanode-0.datanode.default.svc.cluster.local:9857|client:datanode-0.datanode.default.svc.cluster.local:9858|priority:1, 34bd5bc4-ae84-4a0e-8976-fbc2afadbb2f|rpc:datanode-1.datanode.default.svc.cluster.local:9856|admin:datanode-1.datanode.default.svc.cluster.local:9857|client:datanode-1.datanode.default.svc.cluster.local:9858|priority:0], old=null
2022-07-27 18:20:01 INFO  FollowerState:143 - 34bd5bc4-ae84-4a0e-8976-fbc2afadbb2f@group-13E0989DCFC5-FollowerState: change to CANDIDATE, lastRpcElapsedTime:5206332519ns, electionTimeout:5172ms
2022-07-27 18:20:01 INFO  RoleInfo:110 - 34bd5bc4-ae84-4a0e-8976-fbc2afadbb2f: shutdown 34bd5bc4-ae84-4a0e-8976-fbc2afadbb2f@group-13E0989DCFC5-FollowerState
2022-07-27 18:20:01 INFO  RaftServer$Division:299 - 34bd5bc4-ae84-4a0e-8976-fbc2afadbb2f@group-13E0989DCFC5: changes role from  FOLLOWER to CANDIDATE at term 0 for changeToCandidate
2022-07-27 18:20:01 INFO  RaftServerConfigKeys:46 - raft.server.leaderelection.pre-vote = false (custom)
2022-07-27 18:20:01 INFO  RoleInfo:139 - 34bd5bc4-ae84-4a0e-8976-fbc2afadbb2f: start 34bd5bc4-ae84-4a0e-8976-fbc2afadbb2f@group-13E0989DCFC5-LeaderElection1
2022-07-27 18:20:01 INFO  LeaderElection:310 - 34bd5bc4-ae84-4a0e-8976-fbc2afadbb2f@group-13E0989DCFC5-LeaderElection1 ELECTION round 0: submit vote requests at term 1 for -1: [34bd5bc4-ae84-4a0e-8976-fbc2afadbb2f|rpc:datanode-1.datanode.default.svc.cluster.local:9856|admin:datanode-1.datanode.default.svc.cluster.local:9857|client:datanode-1.datanode.default.svc.cluster.local:9858|priority:1], old=null
2022-07-27 18:20:01 INFO  LeaderElection:312 - 34bd5bc4-ae84-4a0e-8976-fbc2afadbb2f@group-13E0989DCFC5-LeaderElection1 ELECTION round 0: result PASSED (term=1)
2022-07-27 18:20:01 INFO  RoleInfo:130 - 34bd5bc4-ae84-4a0e-8976-fbc2afadbb2f: shutdown 34bd5bc4-ae84-4a0e-8976-fbc2afadbb2f@group-13E0989DCFC5-LeaderElection1
2022-07-27 18:20:01 INFO  RaftServer$Division:299 - 34bd5bc4-ae84-4a0e-8976-fbc2afadbb2f@group-13E0989DCFC5: changes role from CANDIDATE to LEADER at term 1 for changeToLeader
2022-07-27 18:20:01 INFO  XceiverServerRatis:863 - Leader change notification received for group: group-13E0989DCFC5 with new leaderId: 34bd5bc4-ae84-4a0e-8976-fbc2afadbb2f
2022-07-27 18:20:01 INFO  RaftServer$Division:287 - 34bd5bc4-ae84-4a0e-8976-fbc2afadbb2f@group-13E0989DCFC5: change Leader from null to 34bd5bc4-ae84-4a0e-8976-fbc2afadbb2f at term 1 for becomeLeader, leader elected after 5834ms
2022-07-27 18:20:01 INFO  RaftServerConfigKeys:46 - raft.server.staging.catchup.gap = 1000 (default)
2022-07-27 18:20:01 INFO  RaftServerConfigKeys:46 - raft.server.write.element-limit = 1024 (custom)
2022-07-27 18:20:01 INFO  RaftServerConfigKeys:46 - raft.server.write.byte-limit = 1024 M (=1073741824) (custom)
2022-07-27 18:20:01 INFO  RaftServerConfigKeys:46 - raft.server.watch.timeout = 180s (custom)
2022-07-27 18:20:01 INFO  RaftServerConfigKeys:46 - raft.server.watch.timeout.denomination = 1s (default)
2022-07-27 18:20:01 INFO  RaftServerConfigKeys:46 - raft.server.watch.element-limit = 65536 (default)
2022-07-27 18:20:01 INFO  RaftServerConfigKeys:46 - raft.server.write.element-limit = 1024 (custom)
2022-07-27 18:20:01 INFO  RaftServerConfigKeys:46 - raft.server.write.follower.gap.ratio.max = -1.0 (default)
2022-07-27 18:20:01 INFO  RoleInfo:139 - 34bd5bc4-ae84-4a0e-8976-fbc2afadbb2f: start 34bd5bc4-ae84-4a0e-8976-fbc2afadbb2f@group-13E0989DCFC5-LeaderStateImpl
2022-07-27 18:20:01 INFO  SegmentedRaftLogWorker:425 - 34bd5bc4-ae84-4a0e-8976-fbc2afadbb2f@group-13E0989DCFC5-SegmentedRaftLogWorker: Starting segment from index:0
2022-07-27 18:20:01 INFO  RaftServer$Division:393 - 34bd5bc4-ae84-4a0e-8976-fbc2afadbb2f@group-13E0989DCFC5: set configuration 0: [34bd5bc4-ae84-4a0e-8976-fbc2afadbb2f|rpc:datanode-1.datanode.default.svc.cluster.local:9856|admin:datanode-1.datanode.default.svc.cluster.local:9857|client:datanode-1.datanode.default.svc.cluster.local:9858|dataStream:|priority:1], old=null
2022-07-27 18:20:01 INFO  SegmentedRaftLogWorker:629 - 34bd5bc4-ae84-4a0e-8976-fbc2afadbb2f@group-13E0989DCFC5-SegmentedRaftLogWorker: created new log segment /data/metadata/ratis/65fc01e1-ee93-4a9f-83f4-13e0989dcfc5/current/log_inprogress_0
2022-07-27 18:20:05 INFO  RaftServer$Division:1152 - 34bd5bc4-ae84-4a0e-8976-fbc2afadbb2f@group-E4250927FCC2: receive requestVote(ELECTION, e715ca07-1df6-4f74-b6c3-2aa01d337fa3, group-E4250927FCC2, 2, (t:0, i:0))
2022-07-27 18:20:05 INFO  VoteContext:48 - 34bd5bc4-ae84-4a0e-8976-fbc2afadbb2f@group-E4250927FCC2-FOLLOWER: accept ELECTION from e715ca07-1df6-4f74-b6c3-2aa01d337fa3: our priority 0 <= candidate's priority 1
2022-07-27 18:20:05 INFO  RaftServer$Division:299 - 34bd5bc4-ae84-4a0e-8976-fbc2afadbb2f@group-E4250927FCC2: changes role from  FOLLOWER to FOLLOWER at term 2 for candidate:e715ca07-1df6-4f74-b6c3-2aa01d337fa3
2022-07-27 18:20:05 INFO  RoleInfo:110 - 34bd5bc4-ae84-4a0e-8976-fbc2afadbb2f: shutdown 34bd5bc4-ae84-4a0e-8976-fbc2afadbb2f@group-E4250927FCC2-FollowerState
2022-07-27 18:20:05 INFO  RoleInfo:139 - 34bd5bc4-ae84-4a0e-8976-fbc2afadbb2f: start 34bd5bc4-ae84-4a0e-8976-fbc2afadbb2f@group-E4250927FCC2-FollowerState
2022-07-27 18:20:05 INFO  FollowerState:152 - 34bd5bc4-ae84-4a0e-8976-fbc2afadbb2f@group-E4250927FCC2-FollowerState was interrupted
2022-07-27 18:20:05 INFO  RaftServer$Division:1184 - 34bd5bc4-ae84-4a0e-8976-fbc2afadbb2f@group-E4250927FCC2 replies to ELECTION vote request: e715ca07-1df6-4f74-b6c3-2aa01d337fa3<-34bd5bc4-ae84-4a0e-8976-fbc2afadbb2f#0:OK-t2. Peer's state: 34bd5bc4-ae84-4a0e-8976-fbc2afadbb2f@group-E4250927FCC2:t2, leader=null, voted=e715ca07-1df6-4f74-b6c3-2aa01d337fa3, raftlog=34bd5bc4-ae84-4a0e-8976-fbc2afadbb2f@group-E4250927FCC2-SegmentedRaftLog:OPENED:c-1, conf=-1: [4ed783af-7ed6-41e6-89b7-d805b712d865|rpc:datanode-2.datanode.default.svc.cluster.local:9856|admin:datanode-2.datanode.default.svc.cluster.local:9857|client:datanode-2.datanode.default.svc.cluster.local:9858|priority:0, e715ca07-1df6-4f74-b6c3-2aa01d337fa3|rpc:datanode-0.datanode.default.svc.cluster.local:9856|admin:datanode-0.datanode.default.svc.cluster.local:9857|client:datanode-0.datanode.default.svc.cluster.local:9858|priority:1, 34bd5bc4-ae84-4a0e-8976-fbc2afadbb2f|rpc:datanode-1.datanode.default.svc.cluster.local:9856|admin:datanode-1.datanode.default.svc.cluster.local:9857|client:datanode-1.datanode.default.svc.cluster.local:9858|priority:0], old=null
2022-07-27 18:20:05 INFO  XceiverServerRatis:863 - Leader change notification received for group: group-E4250927FCC2 with new leaderId: e715ca07-1df6-4f74-b6c3-2aa01d337fa3
2022-07-27 18:20:05 INFO  RaftServer$Division:287 - 34bd5bc4-ae84-4a0e-8976-fbc2afadbb2f@group-E4250927FCC2: change Leader from null to e715ca07-1df6-4f74-b6c3-2aa01d337fa3 at term 2 for appendEntries, leader elected after 8854ms
2022-07-27 18:20:05 INFO  RaftServer$Division:393 - 34bd5bc4-ae84-4a0e-8976-fbc2afadbb2f@group-E4250927FCC2: set configuration 0: [4ed783af-7ed6-41e6-89b7-d805b712d865|rpc:datanode-2.datanode.default.svc.cluster.local:9856|admin:datanode-2.datanode.default.svc.cluster.local:9857|client:datanode-2.datanode.default.svc.cluster.local:9858|dataStream:|priority:0, e715ca07-1df6-4f74-b6c3-2aa01d337fa3|rpc:datanode-0.datanode.default.svc.cluster.local:9856|admin:datanode-0.datanode.default.svc.cluster.local:9857|client:datanode-0.datanode.default.svc.cluster.local:9858|dataStream:|priority:1, 34bd5bc4-ae84-4a0e-8976-fbc2afadbb2f|rpc:datanode-1.datanode.default.svc.cluster.local:9856|admin:datanode-1.datanode.default.svc.cluster.local:9857|client:datanode-1.datanode.default.svc.cluster.local:9858|dataStream:|priority:0], old=null
2022-07-27 18:20:05 INFO  SegmentedRaftLogWorker:425 - 34bd5bc4-ae84-4a0e-8976-fbc2afadbb2f@group-E4250927FCC2-SegmentedRaftLogWorker: Starting segment from index:0
2022-07-27 18:20:05 INFO  SegmentedRaftLogWorker:629 - 34bd5bc4-ae84-4a0e-8976-fbc2afadbb2f@group-E4250927FCC2-SegmentedRaftLogWorker: created new log segment /data/metadata/ratis/9329ba9c-5ef5-407d-97af-e4250927fcc2/current/log_inprogress_0
