rm: cannot remove '/home/runner/work/ozone/ozone/hadoop-ozone/dist/target/ozone-1.3.0-SNAPSHOT/compose/result/*': No such file or directory
Executing test in ozone
--no-ansi option is deprecated and will be removed in future versions. Use `--ansi never` instead.
Removing network ozone_default
Network ozone_default not found.
--no-ansi option is deprecated and will be removed in future versions. Use `--ansi never` instead.
Creating network "ozone_default" with the default driver
Pulling datanode (apache/ozone-runner:20220228-1)...
20220228-1: Pulling from apache/ozone-runner
Digest: sha256:4e7fac095177756b946899f202c1c5971ebc31e76cb6153695df453a84583487
Status: Downloaded newer image for apache/ozone-runner:20220228-1
Creating ozone_recon_1 ... 
Creating ozone_datanode_1 ... 
Creating ozone_datanode_2 ... 
Creating ozone_datanode_3 ... 
Creating ozone_om_1       ... 
Creating ozone_scm_1      ... 
Creating ozone_s3g_1      ... 
Creating ozone_recon_1    ... done
Creating ozone_datanode_1 ... done
Creating ozone_datanode_3 ... done
Creating ozone_om_1       ... done
Creating ozone_datanode_2 ... done
Creating ozone_s3g_1      ... done
Creating ozone_scm_1      ... done
SECONDS: 52
com.google.protobuf.ServiceException: java.net.ConnectException: Call From 71d31c9046d1/172.18.0.7 to scm:9860 failed on connection exception: java.net.ConnectException: Connection refused; For more details see: http://wiki.apache.org/hadoop/ConnectionRefused, while invoking $Proxy20.submitRequest over nodeId=scmNodeId,nodeAddress=scm/172.18.0.7:9860 after 1 failover attempts. Trying to failover after sleeping for 2000ms. com.google.protobuf.ServiceException: java.net.ConnectException: Call From 71d31c9046d1/172.18.0.7 to scm:9860 failed on connection exception: java.net.ConnectException: Connection refused; For more details see: http://wiki.apache.org/hadoop/ConnectionRefused, while invoking $Proxy20.submitRequest over nodeId=scmNodeId,nodeAddress=scm/172.18.0.7:9860 after 2 failover attempts. Trying to failover after sleeping for 2000ms. com.google.protobuf.ServiceException: java.net.ConnectException: Call From 71d31c9046d1/172.18.0.7 to scm:9860 failed on connection exception: java.net.ConnectException: Connection refused; For more details see: http://wiki.apache.org/hadoop/ConnectionRefused, while invoking $Proxy20.submitRequest over nodeId=scmNodeId,nodeAddress=scm/172.18.0.7:9860 after 3 failover attempts. Trying to failover after sleeping for 2000ms. com.google.protobuf.ServiceException: java.net.ConnectException: Call From 71d31c9046d1/172.18.0.7 to scm:9860 failed on connection exception: java.net.ConnectException: Connection refused; For more details see: http://wiki.apache.org/hadoop/ConnectionRefused, while invoking $Proxy20.submitRequest over nodeId=scmNodeId,nodeAddress=scm/172.18.0.7:9860 after 4 failover attempts. Trying to failover after sleeping for 2000ms. com.google.protobuf.ServiceException: org.apache.hadoop.ipc.RemoteException(org.apache.hadoop.hdds.ratis.ServerNotLeaderException): Server:6d868e4a-4e29-455d-83b1-9b15f4c0bc12 is not the leader. Could not determine the leader node. at org.apache.hadoop.hdds.ratis.ServerNotLeaderException.convertToNotLeaderException(ServerNotLeaderException.java:109) at org.apache.hadoop.hdds.scm.ha.RatisUtil.checkRatisException(RatisUtil.java:246) at org.apache.hadoop.hdds.scm.protocol.StorageContainerLocationProtocolServerSideTranslatorPB.submitRequest(StorageContainerLocationProtocolServerSideTranslatorPB.java:169) at org.apache.hadoop.hdds.protocol.proto.StorageContainerLocationProtocolProtos$StorageContainerLocationProtocolService$2.callBlockingMethod(StorageContainerLocationProtocolProtos.java:60718) at org.apache.hadoop.ipc.ProtobufRpcEngine$Server.processCall(ProtobufRpcEngine.java:466) at org.apache.hadoop.ipc.ProtobufRpcEngine2$Server$ProtoBufRpcInvoker.call(ProtobufRpcEngine2.java:574) at org.apache.hadoop.ipc.ProtobufRpcEngine2$Server$ProtoBufRpcInvoker.call(ProtobufRpcEngine2.java:552) at org.apache.hadoop.ipc.RPC$Server.call(RPC.java:1093) at org.apache.hadoop.ipc.Server$RpcCall.run(Server.java:1035) at org.apache.hadoop.ipc.Server$RpcCall.run(Server.java:963) at java.base/java.security.AccessController.doPrivileged(Native Method) at java.base/javax.security.auth.Subject.doAs(Subject.java:423) at org.apache.hadoop.security.UserGroupInformation.doAs(UserGroupInformation.java:1878) at org.apache.hadoop.ipc.Server$Handler.run(Server.java:2966) , while invoking $Proxy20.submitRequest over nodeId=scmNodeId,nodeAddress=scm/172.18.0.7:9860 after 5 failover attempts. Trying to failover after sleeping for 2000ms. com.google.protobuf.ServiceException: org.apache.hadoop.ipc.RemoteException(org.apache.hadoop.hdds.ratis.ServerNotLeaderException): Server:6d868e4a-4e29-455d-83b1-9b15f4c0bc12 is not the leader. Could not determine the leader node. at org.apache.hadoop.hdds.ratis.ServerNotLeaderException.convertToNotLeaderException(ServerNotLeaderException.java:109) at org.apache.hadoop.hdds.scm.ha.RatisUtil.checkRatisException(RatisUtil.java:246) at org.apache.hadoop.hdds.scm.protocol.StorageContainerLocationProtocolServerSideTranslatorPB.submitRequest(StorageContainerLocationProtocolServerSideTranslatorPB.java:169) at org.apache.hadoop.hdds.protocol.proto.StorageContainerLocationProtocolProtos$StorageContainerLocationProtocolService$2.callBlockingMethod(StorageContainerLocationProtocolProtos.java:60718) at org.apache.hadoop.ipc.ProtobufRpcEngine$Server.processCall(ProtobufRpcEngine.java:466) at org.apache.hadoop.ipc.ProtobufRpcEngine2$Server$ProtoBufRpcInvoker.call(ProtobufRpcEngine2.java:574) at org.apache.hadoop.ipc.ProtobufRpcEngine2$Server$ProtoBufRpcInvoker.call(ProtobufRpcEngine2.java:552) at org.apache.hadoop.ipc.RPC$Server.call(RPC.java:1093) at org.apache.hadoop.ipc.Server$RpcCall.run(Server.java:1035) at org.apache.hadoop.ipc.Server$RpcCall.run(Server.java:963) at java.base/java.security.AccessController.doPrivileged(Native Method) at java.base/javax.security.auth.Subject.doAs(Subject.java:423) at org.apache.hadoop.security.UserGroupInformation.doAs(UserGroupInformation.java:1878) at org.apache.hadoop.ipc.Server$Handler.run(Server.java:2966) , while invoking $Proxy20.submitRequest over nodeId=scmNodeId,nodeAddress=scm/172.18.0.7:9860 after 6 failover attempts. Trying to failover after sleeping for 2000ms. SCM is in safe mode. validated:false, DataNodeSafeModeRule, registered datanodes (=1) >= required datanodes (=3) validated:false, HealthyPipelineSafeModeRule, healthy Ratis/THREE pipelines (=0) >= healthyPipelineThresholdCount (=1) validated:true, ContainerSafeModeRule, % of containers with at least one reported replica (=1.00) >= safeModeCutoff (=0.99) validated:true, AtleastOneDatanodeReportedRule, reported Ratis/THREE pipelines with at least one datanode (=0) >= threshold (=0)
SECONDS: 64
SCM is in safe mode. validated:true, DataNodeSafeModeRule, registered datanodes (=3) >= required datanodes (=3) validated:false, HealthyPipelineSafeModeRule, healthy Ratis/THREE pipelines (=0) >= healthyPipelineThresholdCount (=1) validated:true, ContainerSafeModeRule, % of containers with at least one reported replica (=1.00) >= safeModeCutoff (=0.99) validated:true, AtleastOneDatanodeReportedRule, reported Ratis/THREE pipelines with at least one datanode (=0) >= threshold (=0)
SECONDS: 71
SCM is in safe mode. validated:true, DataNodeSafeModeRule, registered datanodes (=3) >= required datanodes (=3) validated:false, HealthyPipelineSafeModeRule, healthy Ratis/THREE pipelines (=0) >= healthyPipelineThresholdCount (=1) validated:true, ContainerSafeModeRule, % of containers with at least one reported replica (=1.00) >= safeModeCutoff (=0.99) validated:true, AtleastOneDatanodeReportedRule, reported Ratis/THREE pipelines with at least one datanode (=0) >= threshold (=0)
SECONDS: 77
SCM is out of safe mode.
Safe mode is off
No OM HA service, no need to wait
==============================================================================
Lib                                                                           
==============================================================================
Lib.Fs Tests                                                                  
==============================================================================
Format o3fs URL without path                                          | PASS |
------------------------------------------------------------------------------
Format o3fs URL with path                                             | PASS |
------------------------------------------------------------------------------
Format o3fs URL with OM                                               | PASS |
------------------------------------------------------------------------------
Format ofs URL without path                                           | PASS |
------------------------------------------------------------------------------
Format ofs URL with path                                              | PASS |
------------------------------------------------------------------------------
Format ofs URL with OM                                                | PASS |
------------------------------------------------------------------------------
Format FS URL with ofs scheme                                         | PASS |
------------------------------------------------------------------------------
Format FS URL with o3fs scheme                                        | PASS |
------------------------------------------------------------------------------
Format FS URL with unsupported scheme                                 | PASS |
------------------------------------------------------------------------------
Lib.Fs Tests                                                          | PASS |
9 tests, 9 passed, 0 failed
==============================================================================
Lib.Os Tests                                                                  
==============================================================================
Execute                                                               | PASS |
------------------------------------------------------------------------------
Execute failing command                                               | PASS |
------------------------------------------------------------------------------
Execute And Ignore Error                                              | PASS |
------------------------------------------------------------------------------
Execute and checkrc                                                   | PASS |
------------------------------------------------------------------------------
Execute and checkrc RC mismatch                                       | PASS |
------------------------------------------------------------------------------
Lib.Os Tests                                                          | PASS |
5 tests, 5 passed, 0 failed
==============================================================================
Lib.String Tests                                                              
==============================================================================
Ensure Leading without Leading                                        | PASS |
------------------------------------------------------------------------------
Ensure Leading with Leading                                           | PASS |
------------------------------------------------------------------------------
Ensure Leading for empty                                              | PASS |
------------------------------------------------------------------------------
Ensure Trailing without Trailing                                      | PASS |
------------------------------------------------------------------------------
Ensure Trailing with Trailing                                         | PASS |
------------------------------------------------------------------------------
Ensure Trailing for empty                                             | PASS |
------------------------------------------------------------------------------
Lib.String Tests                                                      | PASS |
6 tests, 6 passed, 0 failed
==============================================================================
Lib                                                                   | PASS |
20 tests, 20 passed, 0 failed
==============================================================================
Output:  /tmp/smoketest/ozone/result/robot-ozone-ozone-lib-scm.xml
==============================================================================
Ozone-Lib                                                                     
==============================================================================
Ozone-Lib.Shell Tests                                                         
==============================================================================
Bucket Exists should not if No Such Volume                            | PASS |
------------------------------------------------------------------------------
Bucket Exists should not if No Such Bucket                            | PASS |
------------------------------------------------------------------------------
Bucket Exists                                                         | PASS |
------------------------------------------------------------------------------
Bucket Exists should not if No Such OM service                        | PASS |
------------------------------------------------------------------------------
Key Should Match Local File                                           | PASS |
------------------------------------------------------------------------------
Compare Key With Local File with Different File                       | PASS |
------------------------------------------------------------------------------
Compare Key With Local File if File Does Not Exist                    | PASS |
------------------------------------------------------------------------------
Ozone-Lib.Shell Tests                                                 | PASS |
7 tests, 7 passed, 0 failed
==============================================================================
Ozone-Lib                                                             | PASS |
7 tests, 7 passed, 0 failed
==============================================================================
Output:  /tmp/smoketest/ozone/result/robot-ozone-ozone-lib-scm-1.xml
==============================================================================
Basic                                                                         
==============================================================================
Basic.Basic :: Smoketest ozone cluster startup                                
==============================================================================
Check webui static resources                                          | PASS |
------------------------------------------------------------------------------
Start freon testing                                                   | PASS |
------------------------------------------------------------------------------
Basic.Basic :: Smoketest ozone cluster startup                        | PASS |
2 tests, 2 passed, 0 failed
==============================================================================
Basic.Getconf :: Test 'ozone getconf' command                                 
==============================================================================
Get OM                                                                | PASS |
------------------------------------------------------------------------------
Get SCM                                                               | PASS |
------------------------------------------------------------------------------
Get existing config key                                               | PASS |
------------------------------------------------------------------------------
Get undefined config key                                              | PASS |
------------------------------------------------------------------------------
Basic.Getconf :: Test 'ozone getconf' command                         | PASS |
4 tests, 4 passed, 0 failed
==============================================================================
Basic.Links :: Test bucket links via Ozone CLI                                
==============================================================================
Link to non-existent bucket                                           | PASS |
------------------------------------------------------------------------------
Key create passthrough                                                | PASS |
------------------------------------------------------------------------------
Key read passthrough                                                  | PASS |
------------------------------------------------------------------------------
Key list passthrough                                                  | PASS |
------------------------------------------------------------------------------
Key delete passthrough                                                | PASS |
------------------------------------------------------------------------------
Bucket list contains links                                            | PASS |
------------------------------------------------------------------------------
Bucket info shows source                                              | PASS |
------------------------------------------------------------------------------
Source and target have separate ACLs                                  | PASS |
------------------------------------------------------------------------------
Buckets and links share namespace                                     | PASS |
------------------------------------------------------------------------------
Can follow link with read access                                      | PASS |
------------------------------------------------------------------------------
Cannot follow link without read access                                | PASS |
------------------------------------------------------------------------------
ACL verified on source bucket                                         | PASS |
------------------------------------------------------------------------------
Loop in link chain is detected                                        | PASS |
------------------------------------------------------------------------------
Multiple links to same bucket are allowed                             | PASS |
------------------------------------------------------------------------------
Source bucket not affected by deleting link                           | PASS |
------------------------------------------------------------------------------
Basic.Links :: Test bucket links via Ozone CLI                        | PASS |
15 tests, 15 passed, 0 failed
==============================================================================
Basic.Ozone-Shell-Single :: Test ozone shell CLI usage                        
==============================================================================
Test ozone shell                                                      | PASS |
------------------------------------------------------------------------------
Basic.Ozone-Shell-Single :: Test ozone shell CLI usage                | PASS |
1 test, 1 passed, 0 failed
==============================================================================
Basic.Ozone-Shell :: Test ozone shell CLI usage                               
==============================================================================
RpcClient with port                                                   | PASS |
------------------------------------------------------------------------------
RpcClient volume acls                                                 | PASS |
------------------------------------------------------------------------------
RpcClient bucket acls                                                 | PASS |
------------------------------------------------------------------------------
RpcClient key acls                                                    | PASS |
------------------------------------------------------------------------------
RpcClient prefix acls                                                 | PASS |
------------------------------------------------------------------------------
RpcClient without host                                                | PASS |
------------------------------------------------------------------------------
Basic.Ozone-Shell :: Test ozone shell CLI usage                       | PASS |
6 tests, 6 passed, 0 failed
==============================================================================
Basic                                                                 | PASS |
28 tests, 28 passed, 0 failed
==============================================================================
Output:  /tmp/smoketest/ozone/result/robot-ozone-ozone-lib-scm-2.xml
==============================================================================
Gdpr                                                                          
==============================================================================
Gdpr.Gdpr :: Smoketest Ozone GDPR Feature                                     
==============================================================================
Test GDPR disabled                                                    | PASS |
------------------------------------------------------------------------------
Test GDPR --enforcegdpr=true                                          | PASS |
------------------------------------------------------------------------------
Test GDPR -g=true                                                     | PASS |
------------------------------------------------------------------------------
Test GDPR -g=false                                                    | PASS |
------------------------------------------------------------------------------
Gdpr.Gdpr :: Smoketest Ozone GDPR Feature                             | PASS |
4 tests, 4 passed, 0 failed
==============================================================================
Gdpr                                                                  | PASS |
4 tests, 4 passed, 0 failed
==============================================================================
Output:  /tmp/smoketest/ozone/result/robot-ozone-ozone-lib-scm-3.xml
==============================================================================
Ozone-Secure-Token :: Test token operations                                   
==============================================================================
Token Test                                                            | PASS |
------------------------------------------------------------------------------
Ozone-Secure-Token :: Test token operations                           | PASS |
1 test, 1 passed, 0 failed
==============================================================================
Output:  /tmp/smoketest/ozone/result/robot-ozone-ozone-lib-scm-4.xml
==============================================================================
s3-link                                                                       
==============================================================================
s3-link.Awss3 :: S3 gateway test with aws cli                                 
==============================================================================
File upload and directory list                                        | PASS |
------------------------------------------------------------------------------
File upload with special chars                                        | PASS |
------------------------------------------------------------------------------
s3-link.Awss3 :: S3 gateway test with aws cli                         | PASS |
2 tests, 2 passed, 0 failed
==============================================================================
s3-link.Boto3 :: S3 gateway test with Boto3 Client                            
==============================================================================
Boto3 Client Test                                                     | PASS |
------------------------------------------------------------------------------
s3-link.Boto3 :: S3 gateway test with Boto3 Client                    | PASS |
1 test, 1 passed, 0 failed
==============================================================================
s3-link.Bucketcreate :: S3 gateway test with aws cli                          
==============================================================================
Create new bucket                                                     | PASS |
------------------------------------------------------------------------------
Create bucket which already exists                                    | PASS |
------------------------------------------------------------------------------
Create bucket with invalid bucket name                                | PASS |
------------------------------------------------------------------------------
s3-link.Bucketcreate :: S3 gateway test with aws cli                  | PASS |
3 tests, 3 passed, 0 failed
==============================================================================
s3-link.Bucketdelete :: S3 gateway test with aws cli                          
==============================================================================
Delete existing bucket                                                | PASS |
------------------------------------------------------------------------------
Delete non-existent bucket                                            | PASS |
------------------------------------------------------------------------------
s3-link.Bucketdelete :: S3 gateway test with aws cli                  | PASS |
2 tests, 2 passed, 0 failed
==============================================================================
s3-link.Buckethead :: S3 gateway test with aws cli                            
==============================================================================
Head Bucket not existent                                              | PASS |
------------------------------------------------------------------------------
s3-link.Buckethead :: S3 gateway test with aws cli                    | PASS |
1 test, 1 passed, 0 failed
==============================================================================
s3-link.Bucketlist :: S3 gateway test with aws cli                            
==============================================================================
List buckets                                                          | PASS |
------------------------------------------------------------------------------
List buckets with empty access id                                     | PASS |
------------------------------------------------------------------------------
s3-link.Bucketlist :: S3 gateway test with aws cli                    | PASS |
2 tests, 2 passed, 0 failed
==============================================================================
s3-link.MultipartUpload :: S3 gateway test with aws cli                       
==============================================================================
Test Multipart Upload With Adjusted Length                            | PASS |
------------------------------------------------------------------------------
Test Multipart Upload                                                 | PASS |
------------------------------------------------------------------------------
Test Multipart Upload Complete                                        | PASS |
------------------------------------------------------------------------------
Test Multipart Upload Complete Entity too small                       | PASS |
------------------------------------------------------------------------------
Test Multipart Upload Complete Invalid part errors and complete mp... | PASS |
------------------------------------------------------------------------------
Test abort Multipart upload                                           | PASS |
------------------------------------------------------------------------------
Test abort Multipart upload with invalid uploadId                     | PASS |
------------------------------------------------------------------------------
Upload part with Incorrect uploadID                                   | PASS |
------------------------------------------------------------------------------
Test list parts                                                       | PASS |
------------------------------------------------------------------------------
Test Multipart Upload with the simplified aws s3 cp API               | PASS |
------------------------------------------------------------------------------
Test Multipart Upload Put With Copy                                   | PASS |
------------------------------------------------------------------------------
Test Multipart Upload Put With Copy and range                         | PASS |
------------------------------------------------------------------------------
Test Multipart Upload Put With Copy and range with IfModifiedSince    | PASS |
------------------------------------------------------------------------------
Test Multipart Upload list                                            | PASS |
------------------------------------------------------------------------------
s3-link.MultipartUpload :: S3 gateway test with aws cli               | PASS |
14 tests, 14 passed, 0 failed
==============================================================================
s3-link.Objectcopy :: S3 gateway test with aws cli                            
==============================================================================
Copy Object Happy Scenario                                            | PASS |
------------------------------------------------------------------------------
Copy Object Where Bucket is not available                             | PASS |
------------------------------------------------------------------------------
Copy Object Where both source and dest are same with change to sto... | PASS |
------------------------------------------------------------------------------
Copy Object Where Key not available                                   | PASS |
------------------------------------------------------------------------------
s3-link.Objectcopy :: S3 gateway test with aws cli                    | PASS |
4 tests, 4 passed, 0 failed
==============================================================================
s3-link.Objectdelete :: S3 gateway test with aws cli                          
==============================================================================
Delete file with s3api                                                | PASS |
------------------------------------------------------------------------------
Delete file with s3api, file doesn't exist                            | PASS |
------------------------------------------------------------------------------
Delete dir with s3api                                                 | PASS |
------------------------------------------------------------------------------
Delete file with s3api, file doesn't exist, prefix of a real file     | PASS |
------------------------------------------------------------------------------
Delete file with s3api, bucket doesn't exist                          | PASS |
------------------------------------------------------------------------------
s3-link.Objectdelete :: S3 gateway test with aws cli                  | PASS |
5 tests, 5 passed, 0 failed
==============================================================================
s3-link.Objectmultidelete :: S3 gateway test with aws cli                     
==============================================================================
Delete file with multi delete                                         | PASS |
------------------------------------------------------------------------------
s3-link.Objectmultidelete :: S3 gateway test with aws cli             | PASS |
1 test, 1 passed, 0 failed
==============================================================================
s3-link.Objectputget :: S3 gateway test with aws cli                          
==============================================================================
Put object to s3                                                      | PASS |
------------------------------------------------------------------------------
Get object from s3                                                    | PASS |
------------------------------------------------------------------------------
Get Partial object from s3 with both start and endoffset              | PASS |
------------------------------------------------------------------------------
Get Partial object from s3 with both start and endoffset(start off... | PASS |
------------------------------------------------------------------------------
Get Partial object from s3 with both start and endoffset(end offse... | PASS |
------------------------------------------------------------------------------
Get Partial object from s3 with only start offset                     | PASS |
------------------------------------------------------------------------------
Get Partial object from s3 with both start and endoffset which are... | PASS |
------------------------------------------------------------------------------
Get Partial object from s3 to get last n bytes                        | PASS |
------------------------------------------------------------------------------
Incorrect values for end and start offset                             | PASS |
------------------------------------------------------------------------------
Zero byte file                                                        | PASS |
------------------------------------------------------------------------------
s3-link.Objectputget :: S3 gateway test with aws cli                  | PASS |
10 tests, 10 passed, 0 failed
==============================================================================
s3-link.Webui :: S3 gateway web ui test                                       
==============================================================================
S3 Gateway Web UI                                                     | PASS |
------------------------------------------------------------------------------
s3-link.Webui :: S3 gateway web ui test                               | PASS |
1 test, 1 passed, 0 failed
==============================================================================
s3-link                                                               | PASS |
46 tests, 46 passed, 0 failed
==============================================================================
Output:  /tmp/smoketest/ozone/result/robot-ozone-ozone-lib-scm-5.xml
==============================================================================
s3-generated                                                                  
==============================================================================
s3-generated.Awss3 :: S3 gateway test with aws cli                            
==============================================================================
File upload and directory list                                        | PASS |
------------------------------------------------------------------------------
File upload with special chars                                        | PASS |
------------------------------------------------------------------------------
s3-generated.Awss3 :: S3 gateway test with aws cli                    | PASS |
2 tests, 2 passed, 0 failed
==============================================================================
s3-generated.Boto3 :: S3 gateway test with Boto3 Client                       
==============================================================================
Boto3 Client Test                                                     | PASS |
------------------------------------------------------------------------------
s3-generated.Boto3 :: S3 gateway test with Boto3 Client               | PASS |
1 test, 1 passed, 0 failed
==============================================================================
s3-generated.Bucketcreate :: S3 gateway test with aws cli                     
==============================================================================
Create new bucket                                                     | PASS |
------------------------------------------------------------------------------
Create bucket which already exists                                    | PASS |
------------------------------------------------------------------------------
Create bucket with invalid bucket name                                | PASS |
------------------------------------------------------------------------------
s3-generated.Bucketcreate :: S3 gateway test with aws cli             | PASS |
3 tests, 3 passed, 0 failed
==============================================================================
s3-generated.Bucketdelete :: S3 gateway test with aws cli                     
==============================================================================
Delete existing bucket                                                | PASS |
------------------------------------------------------------------------------
Delete non-existent bucket                                            | PASS |
------------------------------------------------------------------------------
s3-generated.Bucketdelete :: S3 gateway test with aws cli             | PASS |
2 tests, 2 passed, 0 failed
==============================================================================
s3-generated.Buckethead :: S3 gateway test with aws cli                       
==============================================================================
Head Bucket not existent                                              | PASS |
------------------------------------------------------------------------------
s3-generated.Buckethead :: S3 gateway test with aws cli               | PASS |
1 test, 1 passed, 0 failed
==============================================================================
s3-generated.Bucketlist :: S3 gateway test with aws cli                       
==============================================================================
List buckets                                                          | PASS |
------------------------------------------------------------------------------
List buckets with empty access id                                     | PASS |
------------------------------------------------------------------------------
s3-generated.Bucketlist :: S3 gateway test with aws cli               | PASS |
2 tests, 2 passed, 0 failed
==============================================================================
s3-generated.MultipartUpload :: S3 gateway test with aws cli                  
==============================================================================
Test Multipart Upload With Adjusted Length                            | PASS |
------------------------------------------------------------------------------
Test Multipart Upload                                                 | PASS |
------------------------------------------------------------------------------
Test Multipart Upload Complete                                        | PASS |
------------------------------------------------------------------------------
Test Multipart Upload Complete Entity too small                       | PASS |
------------------------------------------------------------------------------
Test Multipart Upload Complete Invalid part errors and complete mp... | PASS |
------------------------------------------------------------------------------
Test abort Multipart upload                                           | PASS |
------------------------------------------------------------------------------
Test abort Multipart upload with invalid uploadId                     | PASS |
------------------------------------------------------------------------------
Upload part with Incorrect uploadID                                   | PASS |
------------------------------------------------------------------------------
Test list parts                                                       | PASS |
------------------------------------------------------------------------------
Test Multipart Upload with the simplified aws s3 cp API               | PASS |
------------------------------------------------------------------------------
Test Multipart Upload Put With Copy                                   | PASS |
------------------------------------------------------------------------------
Test Multipart Upload Put With Copy and range                         | PASS |
------------------------------------------------------------------------------
Test Multipart Upload Put With Copy and range with IfModifiedSince    | PASS |
------------------------------------------------------------------------------
Test Multipart Upload list                                            | PASS |
------------------------------------------------------------------------------
s3-generated.MultipartUpload :: S3 gateway test with aws cli          | PASS |
14 tests, 14 passed, 0 failed
==============================================================================
s3-generated.Objectcopy :: S3 gateway test with aws cli                       
==============================================================================
Copy Object Happy Scenario                                            | PASS |
------------------------------------------------------------------------------
Copy Object Where Bucket is not available                             | PASS |
------------------------------------------------------------------------------
Copy Object Where both source and dest are same with change to sto... | PASS |
------------------------------------------------------------------------------
Copy Object Where Key not available                                   | PASS |
------------------------------------------------------------------------------
s3-generated.Objectcopy :: S3 gateway test with aws cli               | PASS |
4 tests, 4 passed, 0 failed
==============================================================================
s3-generated.Objectdelete :: S3 gateway test with aws cli                     
==============================================================================
Delete file with s3api                                                | PASS |
------------------------------------------------------------------------------
Delete file with s3api, file doesn't exist                            | PASS |
------------------------------------------------------------------------------
Delete dir with s3api                                                 | PASS |
------------------------------------------------------------------------------
Delete file with s3api, file doesn't exist, prefix of a real file     | PASS |
------------------------------------------------------------------------------
Delete file with s3api, bucket doesn't exist                          | PASS |
------------------------------------------------------------------------------
s3-generated.Objectdelete :: S3 gateway test with aws cli             | PASS |
5 tests, 5 passed, 0 failed
==============================================================================
s3-generated.Objectmultidelete :: S3 gateway test with aws cli                
==============================================================================
Delete file with multi delete                                         | PASS |
------------------------------------------------------------------------------
s3-generated.Objectmultidelete :: S3 gateway test with aws cli        | PASS |
1 test, 1 passed, 0 failed
==============================================================================
s3-generated.Objectputget :: S3 gateway test with aws cli                     
==============================================================================
Put object to s3                                                      | PASS |
------------------------------------------------------------------------------
Get object from s3                                                    | PASS |
------------------------------------------------------------------------------
Get Partial object from s3 with both start and endoffset              | PASS |
------------------------------------------------------------------------------
Get Partial object from s3 with both start and endoffset(start off... | PASS |
------------------------------------------------------------------------------
Get Partial object from s3 with both start and endoffset(end offse... | PASS |
------------------------------------------------------------------------------
Get Partial object from s3 with only start offset                     | PASS |
------------------------------------------------------------------------------
Get Partial object from s3 with both start and endoffset which are... | PASS |
------------------------------------------------------------------------------
Get Partial object from s3 to get last n bytes                        | PASS |
------------------------------------------------------------------------------
Incorrect values for end and start offset                             | PASS |
------------------------------------------------------------------------------
Zero byte file                                                        | PASS |
------------------------------------------------------------------------------
s3-generated.Objectputget :: S3 gateway test with aws cli             | PASS |
10 tests, 10 passed, 0 failed
==============================================================================
s3-generated.Webui :: S3 gateway web ui test                                  
==============================================================================
S3 Gateway Web UI                                                     | PASS |
------------------------------------------------------------------------------
s3-generated.Webui :: S3 gateway web ui test                          | PASS |
1 test, 1 passed, 0 failed
==============================================================================
s3-generated                                                          | PASS |
46 tests, 46 passed, 0 failed
==============================================================================
Output:  /tmp/smoketest/ozone/result/robot-ozone-ozone-lib-scm-6.xml
==============================================================================
Recon                                                                         
==============================================================================
Recon.Recon-Api :: Smoke test to start cluster with docker-compose environm...
==============================================================================
Generate Freon data                                                   | PASS |
------------------------------------------------------------------------------
Check if Recon picks up OM data                                       | PASS |
------------------------------------------------------------------------------
Check if Recon picks up DN heartbeats                                 | PASS |
------------------------------------------------------------------------------
Check if Recon Web UI is up                                           | PASS |
------------------------------------------------------------------------------
Check web UI access                                                   | PASS |
------------------------------------------------------------------------------
Check admin only api access                                           | PASS |
------------------------------------------------------------------------------
Check normal api access                                               | PASS |
------------------------------------------------------------------------------
Recon.Recon-Api :: Smoke test to start cluster with docker-compose... | PASS |
7 tests, 7 passed, 0 failed
==============================================================================
Recon                                                                 | PASS |
7 tests, 7 passed, 0 failed
==============================================================================
Output:  /tmp/smoketest/ozone/result/robot-ozone-ozone-lib-scm-7.xml
==============================================================================
Om-Ratis                                                                      
==============================================================================
Om-Ratis.testOMAdminCmd :: Smoketest ozone cluster startup                    
==============================================================================
Check om admin command                                                | PASS |
------------------------------------------------------------------------------
Om-Ratis.testOMAdminCmd :: Smoketest ozone cluster startup            | PASS |
1 test, 1 passed, 0 failed
==============================================================================
Om-Ratis                                                              | PASS |
1 test, 1 passed, 0 failed
==============================================================================
Output:  /tmp/smoketest/ozone/result/robot-ozone-ozone-lib-scm-8.xml
==============================================================================
Freon                                                                         
==============================================================================
Freon.Generate :: Test freon data generation commands                         
==============================================================================
Ozone Client Key Generator                                            | PASS |
------------------------------------------------------------------------------
OM Key Generator                                                      | PASS |
------------------------------------------------------------------------------
OM Bucket Generator                                                   | PASS |
------------------------------------------------------------------------------
DN Chunk Generator                                                    | PASS |
------------------------------------------------------------------------------
Freon.Generate :: Test freon data generation commands                 | PASS |
4 tests, 4 passed, 0 failed
==============================================================================
Freon.Remove :: Test freon data remove commands                               
==============================================================================
Ozone Client Key Remover                                              | PASS |
------------------------------------------------------------------------------
OM Bucket Remover                                                     | PASS |
------------------------------------------------------------------------------
Freon.Remove :: Test freon data remove commands                       | PASS |
2 tests, 2 passed, 0 failed
==============================================================================
Freon.Validate :: Test freon data validation commands                         
==============================================================================
Ozone Client Key Validator                                            | PASS |
------------------------------------------------------------------------------
DN Chunk Validator                                                    | PASS |
------------------------------------------------------------------------------
Freon.Validate :: Test freon data validation commands                 | PASS |
2 tests, 2 passed, 0 failed
==============================================================================
Freon                                                                 | PASS |
8 tests, 8 passed, 0 failed
==============================================================================
Output:  /tmp/smoketest/ozone/result/robot-ozone-ozone-lib-scm-9.xml
==============================================================================
Cli                                                                           
==============================================================================
Cli.Classpath :: Test ozone classpath command                                 
==============================================================================
Ignores HADOOP_CLASSPATH if OZONE_CLASSPATH is set                    | PASS |
------------------------------------------------------------------------------
Picks up items from OZONE_CLASSPATH                                   | PASS |
------------------------------------------------------------------------------
Adds optional dir entries                                             | PASS |
------------------------------------------------------------------------------
Cli.Classpath :: Test ozone classpath command                         | PASS |
3 tests, 3 passed, 0 failed
==============================================================================
Cli.Envvars :: Test ozone envvars command                                     
==============================================================================
Ignores deprecated vars if new ones are set                           | PASS |
------------------------------------------------------------------------------
Find valid dirs                                                       | PASS |
------------------------------------------------------------------------------
Picks up deprecated vars if valid                                     | PASS |
------------------------------------------------------------------------------
Warning for deprecated vars can be suppressed                         | PASS |
------------------------------------------------------------------------------
Works with only OZONE_HOME defined                                    | PASS |
------------------------------------------------------------------------------
Cli.Envvars :: Test ozone envvars command                             | PASS |
5 tests, 5 passed, 0 failed
==============================================================================
Cli                                                                   | PASS |
8 tests, 8 passed, 0 failed
==============================================================================
Output:  /tmp/smoketest/ozone/result/robot-ozone-ozone-lib-scm-10.xml
==============================================================================
Admincli                                                                      
==============================================================================
Admincli.Admin :: Test ozone admin command                                    
==============================================================================
Incomplete command                                                    | PASS |
------------------------------------------------------------------------------
Admincli.Admin :: Test ozone admin command                            | PASS |
1 test, 1 passed, 0 failed
==============================================================================
Admincli.Container :: Test ozone admin container command                      
==============================================================================
Create container                                                      | PASS |
------------------------------------------------------------------------------
List containers                                                       | PASS |
------------------------------------------------------------------------------
List containers with explicit host                                    | PASS |
------------------------------------------------------------------------------
List containers with container state                                  | PASS |
------------------------------------------------------------------------------
List containers with replication factor ONE                           | PASS |
------------------------------------------------------------------------------
List containers with replication factor THREE                         | PASS |
------------------------------------------------------------------------------
Container info                                                        | PASS |
------------------------------------------------------------------------------
Verbose container info                                                | PASS |
------------------------------------------------------------------------------
Close container                                                       | PASS |
------------------------------------------------------------------------------
Incomplete command                                                    | PASS |
------------------------------------------------------------------------------
Cannot close container without admin privilege                        | PASS |
Skip privilege check in unsecure cluster
------------------------------------------------------------------------------
Cannot create container without admin privilege                       | PASS |
Skip privilege check in unsecure cluster
------------------------------------------------------------------------------
Admincli.Container :: Test ozone admin container command              | PASS |
12 tests, 12 passed, 0 failed
==============================================================================
Admincli.Datanode :: Test ozone admin datanode command                        
==============================================================================
List datanodes                                                        | PASS |
------------------------------------------------------------------------------
Filter list by UUID                                                   | PASS |
------------------------------------------------------------------------------
Filter list by NodeOperationalState                                   | PASS |
------------------------------------------------------------------------------
Filter list by NodeState                                              | PASS |
------------------------------------------------------------------------------
Incomplete command                                                    | PASS |
------------------------------------------------------------------------------
Admincli.Datanode :: Test ozone admin datanode command                | PASS |
5 tests, 5 passed, 0 failed
==============================================================================
Admincli.Pipeline :: Test ozone admin pipeline command                        
==============================================================================
Create pipeline                                                       | PASS |
------------------------------------------------------------------------------
List pipelines                                                        | PASS |
------------------------------------------------------------------------------
List pipelines with explicit host                                     | PASS |
------------------------------------------------------------------------------
Deactivate pipeline                                                   | PASS |
------------------------------------------------------------------------------
Activate pipeline                                                     | PASS |
------------------------------------------------------------------------------
Close pipeline                                                        | PASS |
------------------------------------------------------------------------------
Incomplete command                                                    | PASS |
------------------------------------------------------------------------------
Admincli.Pipeline :: Test ozone admin pipeline command                | PASS |
7 tests, 7 passed, 0 failed
==============================================================================
Admincli.Replicationmanager :: Test ozone admin replicationmanager command    
==============================================================================
Check replicationmanager                                              | PASS |
------------------------------------------------------------------------------
Check replicationmanager with explicit host                           | PASS |
------------------------------------------------------------------------------
Stop replicationmanager                                               | PASS |
------------------------------------------------------------------------------
Start replicationmanager                                              | PASS |
------------------------------------------------------------------------------
Incomplete command                                                    | PASS |
------------------------------------------------------------------------------
Admincli.Replicationmanager :: Test ozone admin replicationmanager... | PASS |
5 tests, 5 passed, 0 failed
==============================================================================
Admincli.Safemode :: Test ozone admin safemode command                        
==============================================================================
Check safemode                                                        | PASS |
------------------------------------------------------------------------------
Check safemode with explicit host                                     | PASS |
------------------------------------------------------------------------------
Wait for safemode exit                                                | PASS |
------------------------------------------------------------------------------
Incomplete command                                                    | PASS |
------------------------------------------------------------------------------
Admincli.Safemode :: Test ozone admin safemode command                | PASS |
4 tests, 4 passed, 0 failed
==============================================================================
Admincli.Scmha :: Smoketest ozone cluster startup                             
==============================================================================
Run scm roles                                                         | PASS |
------------------------------------------------------------------------------
Admincli.Scmha :: Smoketest ozone cluster startup                     | PASS |
1 test, 1 passed, 0 failed
==============================================================================
Admincli                                                              | PASS |
35 tests, 35 passed, 0 failed
==============================================================================
Output:  /tmp/smoketest/ozone/result/robot-ozone-ozone-lib-scm-11.xml
==============================================================================
Ozone-Debug-Tests :: Test ozone Debug CLI                                     
==============================================================================
Test ozone debug chunkinfo                                            2022-03-11 13:32:01,891 [main] INFO impl.MetricsConfig: Loaded properties from hadoop-metrics2.properties
2022-03-11 13:32:02,037 [main] INFO impl.MetricsSystemImpl: Scheduled Metric snapshot period at 10 second(s).
2022-03-11 13:32:02,037 [main] INFO impl.MetricsSystemImpl: XceiverClientMetrics metrics system started
2022-03-11 13:32:03,072 [main] INFO metrics.MetricRegistries: Loaded MetricRegistries class org.apache.ratis.metrics.impl.MetricRegistriesImpl
WARNING: An illegal reflective access operation has occurred
WARNING: Illegal reflective access by com.google.gson.internal.bind.ReflectiveTypeAdapterFactory (file:/opt/hadoop/share/ozone/lib/gson-2.2.4.jar) to field java.time.Instant.seconds
WARNING: Please consider reporting this to the maintainers of com.google.gson.internal.bind.ReflectiveTypeAdapterFactory
WARNING: Use --illegal-access=warn to enable warnings of further illegal reflective access operations
WARNING: All illegal access operations will be denied in a future release
2022-03-11 13:32:07,800 [main] INFO impl.MetricsConfig: Loaded properties from hadoop-metrics2.properties
2022-03-11 13:32:07,950 [main] INFO impl.MetricsSystemImpl: Scheduled Metric snapshot period at 10 second(s).
2022-03-11 13:32:07,950 [main] INFO impl.MetricsSystemImpl: XceiverClientMetrics metrics system started
2022-03-11 13:32:09,005 [main] INFO metrics.MetricRegistries: Loaded MetricRegistries class org.apache.ratis.metrics.impl.MetricRegistriesImpl
WARNING: An illegal reflective access operation has occurred
WARNING: Illegal reflective access by com.google.gson.internal.bind.ReflectiveTypeAdapterFactory (file:/opt/hadoop/share/ozone/lib/gson-2.2.4.jar) to field java.time.Instant.seconds
WARNING: Please consider reporting this to the maintainers of com.google.gson.internal.bind.ReflectiveTypeAdapterFactory
WARNING: Use --illegal-access=warn to enable warnings of further illegal reflective access operations
WARNING: All illegal access operations will be denied in a future release
| PASS |
------------------------------------------------------------------------------
Test ozone debug read-replicas                                        | PASS |
------------------------------------------------------------------------------
Ozone-Debug-Tests :: Test ozone Debug CLI                             | PASS |
2 tests, 2 passed, 0 failed
==============================================================================
Output:  /tmp/smoketest/ozone/result/robot-ozone-ozone-lib-scm-12.xml
2022-03-11 13:32:23,797 [main] INFO impl.MetricsConfig: Loaded properties from hadoop-metrics2.properties
2022-03-11 13:32:23,891 [main] INFO impl.MetricsSystemImpl: Scheduled Metric snapshot period at 10 second(s).
2022-03-11 13:32:23,892 [main] INFO impl.MetricsSystemImpl: XceiverClientMetrics metrics system started
2022-03-11 13:32:24,903 [main] INFO metrics.MetricRegistries: Loaded MetricRegistries class org.apache.ratis.metrics.impl.MetricRegistriesImpl
WARNING: An illegal reflective access operation has occurred
WARNING: Illegal reflective access by com.google.gson.internal.bind.ReflectiveTypeAdapterFactory (file:/opt/hadoop/share/ozone/lib/gson-2.2.4.jar) to field java.time.Instant.seconds
WARNING: Please consider reporting this to the maintainers of com.google.gson.internal.bind.ReflectiveTypeAdapterFactory
WARNING: Use --illegal-access=warn to enable warnings of further illegal reflective access operations
WARNING: All illegal access operations will be denied in a future release
==============================================================================
Ozone-Debug-Corrupt-Block :: Test read-replicas in case of a corrupt replica  
==============================================================================
Test ozone debug read-replicas with corrupt block replica             | PASS |
------------------------------------------------------------------------------
Ozone-Debug-Corrupt-Block :: Test read-replicas in case of a corru... | PASS |
1 test, 1 passed, 0 failed
==============================================================================
Output:  /tmp/smoketest/ozone/result/robot-ozone-ozone-lib-scm-13.xml
ozone_datanode_2
Waiting for datanode_2 to be STALE
SECONDS: 4
Waiting for datanode_2 to be STALE
SECONDS: 9
Waiting for datanode_2 to be STALE
SECONDS: 13
Waiting for datanode_2 to be STALE
SECONDS: 18
datanode_2 is STALE
==============================================================================
Ozone-Debug-Stale-Datanode :: Test read-replicas in case of one datanode is...
==============================================================================
Test ozone debug read-replicas with one datanode STALE                | PASS |
------------------------------------------------------------------------------
Ozone-Debug-Stale-Datanode :: Test read-replicas in case of one da... | PASS |
1 test, 1 passed, 0 failed
==============================================================================
Output:  /tmp/smoketest/ozone/result/robot-ozone-ozone-lib-scm-14.xml
datanode_2 is DEAD
==============================================================================
Ozone-Debug-Dead-Datanode :: Test read-replicas in case of one datanode is ...
==============================================================================
Test ozone debug read-replicas with one datanode DEAD                 | PASS |
------------------------------------------------------------------------------
Ozone-Debug-Dead-Datanode :: Test read-replicas in case of one dat... | PASS |
1 test, 1 passed, 0 failed
==============================================================================
Output:  /tmp/smoketest/ozone/result/robot-ozone-ozone-lib-scm-15.xml
ozone_datanode_2
Waiting for datanode_2 to be HEALTHY
SECONDS: 8
Waiting for datanode_2 to be HEALTHY
SECONDS: 15
Waiting for datanode_2 to be HEALTHY
SECONDS: 19
datanode_2 is HEALTHY
==============================================================================
ozonefs-fso-ofs-link :: Ozone FS tests                                        
==============================================================================
List root                                                             | PASS |
------------------------------------------------------------------------------
List non-existent volume                                              | PASS |
------------------------------------------------------------------------------
List non-existent bucket                                              | PASS |
------------------------------------------------------------------------------
Create dir with parents                                               | PASS |
------------------------------------------------------------------------------
Copy from local                                                       | PASS |
------------------------------------------------------------------------------
Put                                                                   | PASS |
------------------------------------------------------------------------------
List                                                                  | PASS |
------------------------------------------------------------------------------
Move                                                                  | PASS |
------------------------------------------------------------------------------
Copy within FS                                                        | PASS |
------------------------------------------------------------------------------
Cat file                                                              | PASS |
------------------------------------------------------------------------------
Delete file                                                           | PASS |
------------------------------------------------------------------------------
Delete dir                                                            | PASS |
------------------------------------------------------------------------------
Touch file                                                            | PASS |
------------------------------------------------------------------------------
Delete file with Trash                                                | FAIL |
'drwxrwxrwx   - hadoop hadoop          0 2022-03-11 13:36 ofs://om/fstest1/95347-link1-ofs/.Trash
drwxrwxrwx   - hadoop hadoop          0 2022-03-11 13:36 ofs://om/fstest1/95347-link1-ofs/.Trash/hadoop
drwxrwxrwx   - hadoop hadoop          0 2022-03-11 13:37 ofs://om/fstest1/95347-link1-ofs/.Trash/hadoop/220311133700
drwxrwxrwx   - hadoop hadoop          0 2022-03-11 13:36 ofs://om/fstest1/95347-link1-ofs/.Trash/hadoop/220311133700/fstest1
drwxrwxrwx   - hadoop hadoop          0 2022-03-11 13:36 ofs://om/fstest1/95347-link1-ofs/.Trash/hadoop/220311133700/fstest1/95347-link1-ofs
drwxrwxrwx   - hadoop hadoop          0 2022-03-11 13:36 ofs://om/fstest1/95347-link1-ofs/.Trash/hadoop/220311133700/fstest1/95347-link1-ofs/test
drwxrwxrwx   - hadoop hadoop          0 2022-03-11 13:36 ofs://om/fstest1/95347-link1-ofs/.Trash/hadoop/220311133700/fstest1/95347-link1-ofs/test/ofs
drwxrwxrwx   - hadoop hadoop          0 2022-03-11 13:36 ofs://om/fstest1/95347-link1-ofs/.Trash/hadoop/220311133700/fstest1/95347-link1-ofs/test/ofs/dir
drwxrwxrwx   - hadoop hadoop          0 2022-03-11 13:35 ofs://om/fstest1/95347-link1-ofs/test
drwxrwxrwx   - hadoop hadoop          0 2022-03-11 13:35 ofs://om/fstest1/95347-link1-ofs/test/ofs
drwxrwxrwx   - hadoop hadoop          0 2022-03-11 13:35 ofs://om/fstest1/95347-link1-ofs/test/ofs/dir
-rw-rw-rw-   3 hadoop hadoop      17526 2022-03-11 13:36 ofs://om/fstest1/95347-link1-ofs/test/ofs/dir/MOVED.TXT
-rw-rw-rw-   3 hadoop hadoop      17526 2022-03-11 13:35 ofs://om/fstest1/95347-link1-ofs/test/ofs/dir/PUTFILE.txt
-rw-rw-rw-   3 hadoop hadoop          0 2022-03-11 13:36 ofs://om/fstest1/95347-link1-ofs/test/ofs/dir/TOUCHFILE-ofs.txt
-rw-rw-rw-   3 hadoop hadoop          0 2022-03-11 13:36 ofs://om/fstest1/95347-link1-ofs/test/ofs/dir/testFile.txt' contains 'ofs://om/fstest1/95347-link1-ofs/test/ofs/dir/testFile.txt'
------------------------------------------------------------------------------
Delete recursively                                                    | PASS |
------------------------------------------------------------------------------
List recursively                                                      | PASS |
------------------------------------------------------------------------------
Copy to other bucket                                                  | PASS |
------------------------------------------------------------------------------
Copy to other volume                                                  | PASS |
------------------------------------------------------------------------------
List file created via shell                                           | PASS |
------------------------------------------------------------------------------
Reject overwrite existing                                             | PASS |
------------------------------------------------------------------------------
Get file                                                              | PASS |
------------------------------------------------------------------------------
ozonefs-fso-ofs-link :: Ozone FS tests                                | FAIL |
21 tests, 20 passed, 1 failed
==============================================================================
Output:  /tmp/smoketest/ozone/result/robot-ozone-ozone-lib-scm-16.xml
jstack 8 > /home/runner/work/ozone/ozone/hadoop-ozone/dist/target/ozone-1.3.0-SNAPSHOT/compose/ozone/result/ozone_datanode_1_HddsDatanodeService.stack
jstack 7 > /home/runner/work/ozone/ozone/hadoop-ozone/dist/target/ozone-1.3.0-SNAPSHOT/compose/ozone/result/ozone_datanode_2_HddsDatanodeService.stack
jstack 10 > /home/runner/work/ozone/ozone/hadoop-ozone/dist/target/ozone-1.3.0-SNAPSHOT/compose/ozone/result/ozone_datanode_3_HddsDatanodeService.stack
jstack 6 > /home/runner/work/ozone/ozone/hadoop-ozone/dist/target/ozone-1.3.0-SNAPSHOT/compose/ozone/result/ozone_om_1_OzoneManagerStarter.stack
jstack 7 > /home/runner/work/ozone/ozone/hadoop-ozone/dist/target/ozone-1.3.0-SNAPSHOT/compose/ozone/result/ozone_recon_1_ReconServer.stack
jstack 6 > /home/runner/work/ozone/ozone/hadoop-ozone/dist/target/ozone-1.3.0-SNAPSHOT/compose/ozone/result/ozone_s3g_1_Gateway.stack
jstack 7 > /home/runner/work/ozone/ozone/hadoop-ozone/dist/target/ozone-1.3.0-SNAPSHOT/compose/ozone/result/ozone_scm_1_StorageContainerManagerStarter.stack
--no-ansi option is deprecated and will be removed in future versions. Use `--ansi never` instead.
--no-ansi option is deprecated and will be removed in future versions. Use `--ansi never` instead.
Stopping ozone_s3g_1      ... 
Stopping ozone_datanode_2 ... 
Stopping ozone_scm_1      ... 
Stopping ozone_datanode_3 ... 
Stopping ozone_om_1       ... 
Stopping ozone_datanode_1 ... 
Stopping ozone_recon_1    ... 
Stopping ozone_s3g_1      ... done
Stopping ozone_om_1       ... done
Stopping ozone_scm_1      ... done
Stopping ozone_recon_1    ... done
Stopping ozone_datanode_2 ... done
Stopping ozone_datanode_1 ... done
Stopping ozone_datanode_3 ... done
Removing ozone_s3g_1      ... 
Removing ozone_datanode_2 ... 
Removing ozone_scm_1      ... 
Removing ozone_datanode_3 ... 
Removing ozone_om_1       ... 
Removing ozone_datanode_1 ... 
Removing ozone_recon_1    ... 
Removing ozone_s3g_1      ... done
Removing ozone_om_1       ... done
Removing ozone_recon_1    ... done
Removing ozone_datanode_2 ... done
Removing ozone_datanode_1 ... done
Removing ozone_datanode_3 ... done
Removing ozone_scm_1      ... done
Removing network ozone_default
ERROR: Test execution of ozone is FAILED!!!!
Output:  /home/runner/work/ozone/ozone/hadoop-ozone/dist/target/ozone-1.3.0-SNAPSHOT/compose/result/ozone.xml
removed 'ozone/result/robot-ozone-ozone-lib-scm-1.xml'
removed 'ozone/result/robot-ozone-ozone-lib-scm-10.xml'
removed 'ozone/result/robot-ozone-ozone-lib-scm-11.xml'
removed 'ozone/result/robot-ozone-ozone-lib-scm-12.xml'
removed 'ozone/result/robot-ozone-ozone-lib-scm-13.xml'
removed 'ozone/result/robot-ozone-ozone-lib-scm-14.xml'
removed 'ozone/result/robot-ozone-ozone-lib-scm-15.xml'
removed 'ozone/result/robot-ozone-ozone-lib-scm-16.xml'
removed 'ozone/result/robot-ozone-ozone-lib-scm-2.xml'
removed 'ozone/result/robot-ozone-ozone-lib-scm-3.xml'
removed 'ozone/result/robot-ozone-ozone-lib-scm-4.xml'
removed 'ozone/result/robot-ozone-ozone-lib-scm-5.xml'
removed 'ozone/result/robot-ozone-ozone-lib-scm-6.xml'
removed 'ozone/result/robot-ozone-ozone-lib-scm-7.xml'
removed 'ozone/result/robot-ozone-ozone-lib-scm-8.xml'
removed 'ozone/result/robot-ozone-ozone-lib-scm-9.xml'
removed 'ozone/result/robot-ozone-ozone-lib-scm.xml'
renamed 'ozone/result/dn-audit-2d0bfe3e5825.log' -> '/home/runner/work/ozone/ozone/hadoop-ozone/dist/target/ozone-1.3.0-SNAPSHOT/compose/result/ozone/dn-audit-2d0bfe3e5825.log'
renamed 'ozone/result/dn-audit-3d57f52b2e04.log' -> '/home/runner/work/ozone/ozone/hadoop-ozone/dist/target/ozone-1.3.0-SNAPSHOT/compose/result/ozone/dn-audit-3d57f52b2e04.log'
renamed 'ozone/result/dn-audit-637b1a8f6ee5.log' -> '/home/runner/work/ozone/ozone/hadoop-ozone/dist/target/ozone-1.3.0-SNAPSHOT/compose/result/ozone/dn-audit-637b1a8f6ee5.log'
renamed 'ozone/result/docker-ozone-ozone-lib-scm.log' -> '/home/runner/work/ozone/ozone/hadoop-ozone/dist/target/ozone-1.3.0-SNAPSHOT/compose/result/ozone/docker-ozone-ozone-lib-scm.log'
renamed 'ozone/result/om-audit-8233cadf949b.log' -> '/home/runner/work/ozone/ozone/hadoop-ozone/dist/target/ozone-1.3.0-SNAPSHOT/compose/result/ozone/om-audit-8233cadf949b.log'
renamed 'ozone/result/ozone_datanode_1_HddsDatanodeService.stack' -> '/home/runner/work/ozone/ozone/hadoop-ozone/dist/target/ozone-1.3.0-SNAPSHOT/compose/result/ozone/ozone_datanode_1_HddsDatanodeService.stack'
renamed 'ozone/result/ozone_datanode_2_HddsDatanodeService.stack' -> '/home/runner/work/ozone/ozone/hadoop-ozone/dist/target/ozone-1.3.0-SNAPSHOT/compose/result/ozone/ozone_datanode_2_HddsDatanodeService.stack'
renamed 'ozone/result/ozone_datanode_3_HddsDatanodeService.stack' -> '/home/runner/work/ozone/ozone/hadoop-ozone/dist/target/ozone-1.3.0-SNAPSHOT/compose/result/ozone/ozone_datanode_3_HddsDatanodeService.stack'
renamed 'ozone/result/ozone_om_1_OzoneManagerStarter.stack' -> '/home/runner/work/ozone/ozone/hadoop-ozone/dist/target/ozone-1.3.0-SNAPSHOT/compose/result/ozone/ozone_om_1_OzoneManagerStarter.stack'
renamed 'ozone/result/ozone_recon_1_ReconServer.stack' -> '/home/runner/work/ozone/ozone/hadoop-ozone/dist/target/ozone-1.3.0-SNAPSHOT/compose/result/ozone/ozone_recon_1_ReconServer.stack'
renamed 'ozone/result/ozone_s3g_1_Gateway.stack' -> '/home/runner/work/ozone/ozone/hadoop-ozone/dist/target/ozone-1.3.0-SNAPSHOT/compose/result/ozone/ozone_s3g_1_Gateway.stack'
renamed 'ozone/result/ozone_scm_1_StorageContainerManagerStarter.stack' -> '/home/runner/work/ozone/ozone/hadoop-ozone/dist/target/ozone-1.3.0-SNAPSHOT/compose/result/ozone/ozone_scm_1_StorageContainerManagerStarter.stack'
renamed 'ozone/result/scm-audit-71d31c9046d1.log' -> '/home/runner/work/ozone/ozone/hadoop-ozone/dist/target/ozone-1.3.0-SNAPSHOT/compose/result/ozone/scm-audit-71d31c9046d1.log'
Log:     /home/runner/work/ozone/ozone/hadoop-ozone/dist/target/ozone-1.3.0-SNAPSHOT/compose/result/log.html
Report:  /home/runner/work/ozone/ozone/hadoop-ozone/dist/target/ozone-1.3.0-SNAPSHOT/compose/result/report.html
