No '-XX:...' jvm parameters are set. Adding safer GC settings '-XX:ParallelGCThreads=8 -XX:+UseConcMarkSweepGC -XX:CMSInitiatingOccupancyFraction=70 -XX:+CMSParallelRemarkEnabled' to the HADOOP_OPTS
OpenJDK 64-Bit Server VM warning: Option UseConcMarkSweepGC was deprecated in version 9.0 and will likely be removed in a future release.
2020-11-14 15:53:58 INFO  HddsDatanodeService:112 - STARTUP_MSG: 
/************************************************************
STARTUP_MSG: Starting HddsDatanodeService
STARTUP_MSG:   host = datanode-2/10.42.0.20
STARTUP_MSG:   args = []
STARTUP_MSG:   version = 1.1.0-SNAPSHOT
STARTUP_MSG:   classpath = /etc/hadoop:/opt/hadoop/share/hadoop/common/*:/opt/hadoop/share/ozone/lib/kerb-simplekdc-1.0.1.jar:/opt/hadoop/share/ozone/lib/okhttp-4.2.2.jar:/opt/hadoop/share/ozone/lib/jackson-databind-2.10.3.jar:/opt/hadoop/share/ozone/lib/hadoop-hdds-container-service-1.1.0-SNAPSHOT.jar:/opt/hadoop/share/ozone/lib/protobuf-java-2.5.0.jar:/opt/hadoop/share/ozone/lib/ratis-netty-1.1.0-11689cd-SNAPSHOT.jar:/opt/hadoop/share/ozone/lib/bcpkix-jdk15on-1.60.jar:/opt/hadoop/share/ozone/lib/jetty-util-ajax-9.4.34.v20201102.jar:/opt/hadoop/share/ozone/lib/log4j-api-2.13.3.jar:/opt/hadoop/share/ozone/lib/netty-3.10.5.Final.jar:/opt/hadoop/share/ozone/lib/commons-validator-1.6.jar:/opt/hadoop/share/ozone/lib/jaxb-impl-2.3.0.1.jar:/opt/hadoop/share/ozone/lib/kotlin-stdlib-common-1.3.50.jar:/opt/hadoop/share/ozone/lib/kerb-core-1.0.1.jar:/opt/hadoop/share/ozone/lib/picocli-4.4.0.jar:/opt/hadoop/share/ozone/lib/ratis-grpc-1.1.0-11689cd-SNAPSHOT.jar:/opt/hadoop/share/ozone/lib/jsr305-3.0.0.jar:/opt/hadoop/share/ozone/lib/j2objc-annotations-1.3.jar:/opt/hadoop/share/ozone/lib/jetty-http-9.4.34.v20201102.jar:/opt/hadoop/share/ozone/lib/leveldbjni-all-1.8.jar:/opt/hadoop/share/ozone/lib/hadoop-auth-3.2.1.jar:/opt/hadoop/share/ozone/lib/jaeger-tracerresolver-1.2.0.jar:/opt/hadoop/share/ozone/lib/hadoop-hdds-interface-server-1.1.0-SNAPSHOT.jar:/opt/hadoop/share/ozone/lib/htrace-core4-4.1.0-incubating.jar:/opt/hadoop/share/ozone/lib/jaxb-api-2.3.0.jar:/opt/hadoop/share/ozone/lib/kerb-util-1.0.1.jar:/opt/hadoop/share/ozone/lib/jetty-server-9.4.34.v20201102.jar:/opt/hadoop/share/ozone/lib/jaeger-thrift-1.2.0.jar:/opt/hadoop/share/ozone/lib/jetty-xml-9.4.34.v20201102.jar:/opt/hadoop/share/ozone/lib/commons-logging-1.2.jar:/opt/hadoop/share/ozone/lib/kerby-xdr-1.0.1.jar:/opt/hadoop/share/ozone/lib/jetty-io-9.4.34.v20201102.jar:/opt/hadoop/share/ozone/lib/opentracing-tracerresolver-0.1.8.jar:/opt/hadoop/share/ozone/lib/commons-net-3.6.jar:/opt/hadoop/share/ozone/lib/jaeger-core-1.2.0.jar:/opt/hadoop/share/ozone/lib/jetty-webapp-9.4.34.v20201102.jar:/opt/hadoop/share/ozone/lib/error_prone_annotations-2.2.0.jar:/opt/hadoop/share/ozone/lib/ratis-thirdparty-misc-0.6.0-SNAPSHOT.jar:/opt/hadoop/share/ozone/lib/slf4j-log4j12-1.7.25.jar:/opt/hadoop/share/ozone/lib/kerby-config-1.0.1.jar:/opt/hadoop/share/ozone/lib/okio-2.2.2.jar:/opt/hadoop/share/ozone/lib/metrics-core-3.2.4.jar:/opt/hadoop/share/ozone/lib/kerby-pkix-1.0.1.jar:/opt/hadoop/share/ozone/lib/guava-28.2-jre.jar:/opt/hadoop/share/ozone/lib/xz-1.0.jar:/opt/hadoop/share/ozone/lib/activation-1.1.1.jar:/opt/hadoop/share/ozone/lib/ratis-proto-1.1.0-11689cd-SNAPSHOT.jar:/opt/hadoop/share/ozone/lib/jsr311-api-1.1.1.jar:/opt/hadoop/share/ozone/lib/jetty-servlet-9.4.34.v20201102.jar:/opt/hadoop/share/ozone/lib/hadoop-hdds-client-1.1.0-SNAPSHOT.jar:/opt/hadoop/share/ozone/lib/commons-beanutils-1.9.4.jar:/opt/hadoop/share/ozone/lib/kerb-server-1.0.1.jar:/opt/hadoop/share/ozone/lib/javax.servlet-api-3.1.0.jar:/opt/hadoop/share/ozone/lib/kerb-client-1.0.1.jar:/opt/hadoop/share/ozone/lib/disruptor-3.4.2.jar:/opt/hadoop/share/ozone/lib/libthrift-0.13.0.jar:/opt/hadoop/share/ozone/lib/log4j-core-2.13.3.jar:/opt/hadoop/share/ozone/lib/annotations-13.0.jar:/opt/hadoop/share/ozone/lib/simpleclient_common-0.7.0.jar:/opt/hadoop/share/ozone/lib/dnsjava-2.1.7.jar:/opt/hadoop/share/ozone/lib/jackson-annotations-2.10.3.jar:/opt/hadoop/share/ozone/lib/commons-configuration2-2.1.1.jar:/opt/hadoop/share/ozone/lib/ratis-server-1.1.0-11689cd-SNAPSHOT.jar:/opt/hadoop/share/ozone/lib/json-smart-2.3.jar:/opt/hadoop/share/ozone/lib/token-provider-1.0.1.jar:/opt/hadoop/share/ozone/lib/log4j-1.2.17.jar:/opt/hadoop/share/ozone/lib/commons-daemon-1.0.13.jar:/opt/hadoop/share/ozone/lib/listenablefuture-9999.0-empty-to-avoid-conflict-with-guava.jar:/opt/hadoop/share/ozone/lib/jetty-security-9.4.34.v20201102.jar:/opt/hadoop/share/ozone/lib/bcprov-jdk15on-1.60.jar:/opt/hadoop/share/ozone/lib/hadoop-hdds-config-1.1.0-SNAPSHOT.jar:/opt/hadoop/share/ozone/lib/hadoop-hdds-common-1.1.0-SNAPSHOT.jar:/opt/hadoop/share/ozone/lib/hadoop-hdfs-client-3.2.1.jar:/opt/hadoop/share/ozone/lib/commons-lang3-3.7.jar:/opt/hadoop/share/ozone/lib/commons-compress-1.4.1.jar:/opt/hadoop/share/ozone/lib/accessors-smart-1.2.jar:/opt/hadoop/share/ozone/lib/re2j-1.1.jar:/opt/hadoop/share/ozone/lib/hadoop-hdfs-3.2.1.jar:/opt/hadoop/share/ozone/lib/commons-math3-3.1.1.jar:/opt/hadoop/share/ozone/lib/simpleclient_dropwizard-0.7.0.jar:/opt/hadoop/share/ozone/lib/hadoop-common-3.2.1.jar:/opt/hadoop/share/ozone/lib/simpleclient-0.7.0.jar:/opt/hadoop/share/ozone/lib/httpclient-4.5.2.jar:/opt/hadoop/share/ozone/lib/rocksdbjni-6.8.1.jar:/opt/hadoop/share/ozone/lib/asm-5.0.4.jar:/opt/hadoop/share/ozone/lib/kerby-util-1.0.1.jar:/opt/hadoop/share/ozone/lib/failureaccess-1.0.1.jar:/opt/hadoop/share/ozone/lib/ratis-metrics-1.1.0-11689cd-SNAPSHOT.jar:/opt/hadoop/share/ozone/lib/jsp-api-2.1.jar:/opt/hadoop/share/ozone/lib/jsch-0.1.54.jar:/opt/hadoop/share/ozone/lib/nimbus-jose-jwt-7.9.jar:/opt/hadoop/share/ozone/lib/commons-codec-1.11.jar:/opt/hadoop/share/ozone/lib/kotlin-stdlib-1.3.50.jar:/opt/hadoop/share/ozone/lib/ratis-common-1.1.0-11689cd-SNAPSHOT.jar:/opt/hadoop/share/ozone/lib/commons-pool2-2.6.0.jar:/opt/hadoop/share/ozone/lib/jackson-datatype-jsr310-2.10.3.jar:/opt/hadoop/share/ozone/lib/gson-2.2.4.jar:/opt/hadoop/share/ozone/lib/opentracing-api-0.33.0.jar:/opt/hadoop/share/ozone/lib/jcip-annotations-1.0-1.jar:/opt/hadoop/share/ozone/lib/kerb-admin-1.0.1.jar:/opt/hadoop/share/ozone/lib/commons-io-2.5.jar:/opt/hadoop/share/ozone/lib/snakeyaml-1.16.jar:/opt/hadoop/share/ozone/lib/opentracing-noop-0.33.0.jar:/opt/hadoop/share/ozone/lib/jersey-core-1.19.jar:/opt/hadoop/share/ozone/lib/checker-qual-2.10.0.jar:/opt/hadoop/share/ozone/lib/opentracing-util-0.33.0.jar:/opt/hadoop/share/ozone/lib/commons-cli-1.2.jar:/opt/hadoop/share/ozone/lib/woodstox-core-5.0.3.jar:/opt/hadoop/share/ozone/lib/javax.annotation-api-1.2.jar:/opt/hadoop/share/ozone/lib/hadoop-hdds-interface-client-1.1.0-SNAPSHOT.jar:/opt/hadoop/share/ozone/lib/kerby-asn1-1.0.1.jar:/opt/hadoop/share/ozone/lib/netty-all-4.1.48.Final.jar:/opt/hadoop/share/ozone/lib/hadoop-hdds-hadoop-dependency-client-1.1.0-SNAPSHOT.jar:/opt/hadoop/share/ozone/lib/stax2-api-3.1.4.jar:/opt/hadoop/share/ozone/lib/commons-collections-3.2.2.jar:/opt/hadoop/share/ozone/lib/commons-digester-1.8.1.jar:/opt/hadoop/share/ozone/lib/commons-text-1.4.jar:/opt/hadoop/share/ozone/lib/jackson-core-2.10.3.jar:/opt/hadoop/share/ozone/lib/jersey-servlet-1.19.jar:/opt/hadoop/share/ozone/lib/jetty-util-9.4.34.v20201102.jar:/opt/hadoop/share/ozone/lib/slf4j-api-1.7.25.jar:/opt/hadoop/share/ozone/lib/kerb-identity-1.0.1.jar:/opt/hadoop/share/ozone/lib/hadoop-hdds-server-framework-1.1.0-SNAPSHOT.jar:/opt/hadoop/share/ozone/lib/hadoop-hdds-common-1.1.0-SNAPSHOT-tests.jar:/opt/hadoop/share/ozone/lib/hadoop-hdds-hadoop-dependency-server-1.1.0-SNAPSHOT.jar:/opt/hadoop/share/ozone/lib/kerb-common-1.0.1.jar:/opt/hadoop/share/ozone/lib/jaeger-client-1.2.0.jar:/opt/hadoop/share/ozone/lib/jaxb-core-2.3.0.1.jar:/opt/hadoop/share/ozone/lib/hadoop-hdds-interface-admin-1.1.0-SNAPSHOT.jar:/opt/hadoop/share/ozone/lib/jersey-server-1.19.jar:/opt/hadoop/share/ozone/lib/kerb-crypto-1.0.1.jar:/opt/hadoop/share/ozone/lib/hadoop-annotations-3.2.1.jar:/opt/hadoop/share/ozone/lib/httpcore-4.4.4.jar:/opt/hadoop/share/ozone/lib/ratis-client-1.1.0-11689cd-SNAPSHOT.jar:/opt/hadoop/share/ozone/web:/opt/hadoop/share/ozone/lib/hadoop-ozone-datanode-1.1.0-SNAPSHOT.jar
STARTUP_MSG:   build = https://github.com/apache/ozone.git/5f43814f2a24f6916fd42f511a68fd5567c8cfd4 ; compiled by 'runner' on 2020-11-14T15:40Z
STARTUP_MSG:   java = 11.0.6
************************************************************/
2020-11-14 15:53:58 INFO  HddsDatanodeService:90 - registered UNIX signal handlers for [TERM, HUP, INT]
2020-11-14 15:54:00 INFO  MetricRegistries:64 - Loaded MetricRegistries class org.apache.ratis.metrics.impl.MetricRegistriesImpl
2020-11-14 15:54:01 INFO  MetricsConfig:118 - Loaded properties from hadoop-metrics2.properties
2020-11-14 15:54:03 INFO  MetricsSystemImpl:374 - Scheduled Metric snapshot period at 10 second(s).
2020-11-14 15:54:03 INFO  MetricsSystemImpl:191 - HddsDatanode metrics system started
2020-11-14 15:54:03 INFO  HddsDatanodeService:217 - HddsDatanodeService host:datanode-2.datanode.default.svc.cluster.local ip:10.42.0.20
2020-11-14 15:54:03 INFO  SaveSpaceUsageToFile:94 - Cached usage info file /data/storage/scmUsed not found
2020-11-14 15:54:03 INFO  HddsVolume:176 - Creating Volume: /data/storage/hdds of storage type : DISK and capacity : 89311358976
2020-11-14 15:54:03 INFO  MutableVolumeSet:179 - Added Volume : /data/storage/hdds to VolumeSet
2020-11-14 15:54:03 INFO  ThrottledAsyncChecker:141 - Scheduling a check for /data/storage/hdds
2020-11-14 15:54:04 INFO  HddsVolumeChecker:200 - Scheduled health check for volume /data/storage/hdds
2020-11-14 15:54:04 INFO  ContainerReader:123 - Start to verify containers on volume /data/storage/hdds
2020-11-14 15:54:04 INFO  ContainerReader:148 - Finish verifying containers on volume /data/storage/hdds
2020-11-14 15:54:04 INFO  OzoneContainer:196 - Build ContainerSet costs 0s
2020-11-14 15:54:07 WARN  ServerUtils:237 - Storage directory for Ratis is not configured. It is a good idea to map this to an SSD disk. Falling back to ozone.metadata.dirs
2020-11-14 15:54:08 INFO  RaftServerProxy:44 - raft.rpc.type = GRPC (default)
2020-11-14 15:54:08 INFO  GrpcConfigKeys:44 - raft.grpc.server.port = 9858 (custom)
2020-11-14 15:54:08 INFO  GrpcService:44 - raft.grpc.message.size.max = 32MB (=33554432) (custom)
2020-11-14 15:54:08 INFO  RaftServerConfigKeys:44 - raft.server.log.appender.buffer.byte-limit = 33554432 (custom)
2020-11-14 15:54:08 INFO  GrpcService:44 - raft.grpc.flow.control.window = 5MB (=5242880) (custom)
2020-11-14 15:54:08 INFO  RaftServerConfigKeys:44 - raft.server.rpc.request.timeout = 60s (custom)
2020-11-14 15:54:08 INFO  RaftServerConfigKeys:44 - raft.server.storage.dir = [/data/metadata/ratis] (custom)
2020-11-14 15:54:08 WARN  ServerUtils:237 - Storage directory for Ratis is not configured. It is a good idea to map this to an SSD disk. Falling back to ozone.metadata.dirs
2020-11-14 15:54:09 WARN  NativeCodeLoader:60 - Unable to load native-hadoop library for your platform... using builtin-java classes where applicable
2020-11-14 15:54:09 INFO  BaseHttpServer:207 - Starting Web-server for hddsDatanode at: http://0.0.0.0:9882
2020-11-14 15:54:09 INFO  BaseHttpServer:106 - Hadoop Security Enabled: false Ozone Security Enabled: false Ozone HTTP Security Enabled: false 
2020-11-14 15:54:09 INFO  log:169 - Logging initialized @15260ms to org.eclipse.jetty.util.log.Slf4jLog
2020-11-14 15:54:09 INFO  AuthenticationFilter:240 - Unable to initialize FileSignerSecretProvider, falling back to use random secrets.
2020-11-14 15:54:09 INFO  HttpRequestLog:86 - Http request log for http.requests.hddsDatanode is not defined
2020-11-14 15:54:09 INFO  HttpServer2:1019 - Added global filter 'safety' (class=org.apache.hadoop.hdds.server.http.HttpServer2$QuotingInputFilter)
2020-11-14 15:54:09 INFO  HttpServer2:995 - Added filter static_user_filter (class=org.apache.hadoop.http.lib.StaticUserWebFilter$StaticUserFilter) to context hddsDatanode
2020-11-14 15:54:09 INFO  HttpServer2:1003 - Added filter static_user_filter (class=org.apache.hadoop.http.lib.StaticUserWebFilter$StaticUserFilter) to context logs
2020-11-14 15:54:09 INFO  HttpServer2:1003 - Added filter static_user_filter (class=org.apache.hadoop.http.lib.StaticUserWebFilter$StaticUserFilter) to context static
2020-11-14 15:54:09 INFO  HttpServer2:1237 - Jetty bound to port 9882
2020-11-14 15:54:09 INFO  Server:375 - jetty-9.4.34.v20201102; built: 2020-11-02T14:15:39.302Z; git: e46af88704a893fc12cb0e3bf46e2c7b48a009e7; jvm 11.0.6+10-LTS
2020-11-14 15:54:09 INFO  session:334 - DefaultSessionIdManager workerName=node0
2020-11-14 15:54:09 INFO  session:339 - No SessionScavenger set, using defaults
2020-11-14 15:54:09 INFO  session:132 - node0 Scavenging every 600000ms
2020-11-14 15:54:09 INFO  ContextHandler:916 - Started o.e.j.s.ServletContextHandler@3240b2a4{logs,/logs,file:///var/log/hadoop/,AVAILABLE}
2020-11-14 15:54:09 INFO  ContextHandler:916 - Started o.e.j.s.ServletContextHandler@8bd86c8{static,/static,jar:file:/opt/hadoop/share/ozone/lib/hadoop-hdds-container-service-1.1.0-SNAPSHOT.jar!/webapps/static,AVAILABLE}
2020-11-14 15:54:10 INFO  ContextHandler:916 - Started o.e.j.w.WebAppContext@536d97f8{hddsDatanode,/,file:///tmp/jetty-0_0_0_0-9882-hadoop-hdds-container-service-1_1_0-SNAPSHOT_jar-_-any-10138273706984278241/webapp/,AVAILABLE}{jar:file:/opt/hadoop/share/ozone/lib/hadoop-hdds-container-service-1.1.0-SNAPSHOT.jar!/webapps/hddsDatanode}
2020-11-14 15:54:10 INFO  AbstractConnector:331 - Started ServerConnector@4b0f2299{HTTP/1.1, (http/1.1)}{0.0.0.0:9882}
2020-11-14 15:54:10 INFO  Server:415 - Started @16297ms
2020-11-14 15:54:10 INFO  MetricsSinkAdapter:204 - Sink prometheus started
2020-11-14 15:54:10 INFO  MetricsSystemImpl:301 - Registered sink prometheus
2020-11-14 15:54:10 INFO  BaseHttpServer:327 - HTTP server of hddsDatanode listening at http://0.0.0.0:9882
2020-11-14 15:54:10 INFO  JvmPauseMonitor:188 - Starting JVM pause monitor
2020-11-14 15:54:10 INFO  InitDatanodeState:145 - DatanodeDetails is persisted to /data/datanode.id
2020-11-14 15:54:12 INFO  OzoneContainer:245 - Attempting to start container services.
2020-11-14 15:54:12 INFO  OzoneContainer:209 - Background container scanner has been disabled.
2020-11-14 15:54:12 INFO  XceiverServerRatis:456 - Starting XceiverServerRatis b44b5f6e-4e0d-49b0-84e9-0c57bcfb4a97 at port 9858
2020-11-14 15:54:12 INFO  RaftServerProxy:307 - b44b5f6e-4e0d-49b0-84e9-0c57bcfb4a97: start RPC server
2020-11-14 15:54:12 INFO  GrpcService:177 - b44b5f6e-4e0d-49b0-84e9-0c57bcfb4a97: GrpcService started, listening on 0.0.0.0/0.0.0.0:9858
2020-11-14 15:54:17 INFO  RaftServerProxy:92 - b44b5f6e-4e0d-49b0-84e9-0c57bcfb4a97: addNew group-F92B741CD800:[b44b5f6e-4e0d-49b0-84e9-0c57bcfb4a97:10.42.0.20:9858:0] returns group-F92B741CD800:java.util.concurrent.CompletableFuture@69dfbe67[Not completed]
2020-11-14 15:54:17 INFO  RaftServerImpl:120 - b44b5f6e-4e0d-49b0-84e9-0c57bcfb4a97: new RaftServerImpl for group-F92B741CD800:[b44b5f6e-4e0d-49b0-84e9-0c57bcfb4a97:10.42.0.20:9858:0] with ContainerStateMachine:uninitialized
2020-11-14 15:54:17 INFO  RaftServerConfigKeys:44 - raft.server.rpc.timeout.min = 5s (custom)
2020-11-14 15:54:17 INFO  RaftServerConfigKeys:44 - raft.server.rpc.timeout.max = 5200ms (custom)
2020-11-14 15:54:17 INFO  RaftServerConfigKeys:44 - raft.server.rpcslowness.timeout = 300s (custom)
2020-11-14 15:54:17 INFO  RaftServerConfigKeys:44 - raft.server.sleep.deviation.threshold = 300 (default)
2020-11-14 15:54:17 INFO  RaftServerConfigKeys:44 - raft.server.log.appender.install.snapshot.enabled = false (custom)
2020-11-14 15:54:17 INFO  RaftServerImpl:104 - b44b5f6e-4e0d-49b0-84e9-0c57bcfb4a97@group-F92B741CD800: ConfigurationManager, init=-1: [b44b5f6e-4e0d-49b0-84e9-0c57bcfb4a97:10.42.0.20:9858:0], old=null, confs=<EMPTY_MAP>
2020-11-14 15:54:17 INFO  RaftServerConfigKeys:44 - raft.server.storage.dir = [/data/metadata/ratis] (custom)
2020-11-14 15:54:17 INFO  RaftServerConfigKeys:44 - raft.server.log.corruption.policy = EXCEPTION (default)
2020-11-14 15:54:17 INFO  RaftStorageDirectory:261 - The storage directory /data/metadata/ratis/8c425407-02c8-4a46-ba10-f92b741cd800 does not exist. Creating ...
2020-11-14 15:54:17 INFO  RaftStorageDirectory:343 - Lock on /data/metadata/ratis/8c425407-02c8-4a46-ba10-f92b741cd800/in_use.lock acquired by nodename 7@datanode-2
2020-11-14 15:54:17 INFO  RaftStorage:84 - Storage directory /data/metadata/ratis/8c425407-02c8-4a46-ba10-f92b741cd800 has been successfully formatted.
2020-11-14 15:54:17 INFO  ContainerStateMachine:225 - group-F92B741CD800: The snapshot info is null. Setting the last applied indexto:(t:0, i:~)
2020-11-14 15:54:17 INFO  RaftServerConfigKeys:44 - raft.server.notification.no-leader.timeout = 300s (custom)
2020-11-14 15:54:17 INFO  RaftServerConfigKeys:44 - raft.server.log.use.memory = false (default)
2020-11-14 15:54:17 INFO  RaftServerConfigKeys:44 - raft.server.log.purge.gap = 1000000 (custom)
2020-11-14 15:54:17 INFO  RatisMetrics:36 - Creating Metrics Registry : ratis.log_worker.b44b5f6e-4e0d-49b0-84e9-0c57bcfb4a97@group-F92B741CD800
2020-11-14 15:54:17 INFO  RaftServerConfigKeys:44 - raft.server.log.appender.buffer.byte-limit = 33554432 (custom)
2020-11-14 15:54:17 INFO  RaftServerConfigKeys:44 - raft.server.log.segment.size.max = 1048576 (custom)
2020-11-14 15:54:17 INFO  RaftServerConfigKeys:44 - raft.server.log.segment.cache.num.max = 2 (custom)
2020-11-14 15:54:17 INFO  SegmentedRaftLogWorker:180 - new b44b5f6e-4e0d-49b0-84e9-0c57bcfb4a97@group-F92B741CD800-SegmentedRaftLogWorker for RaftStorage:Storage Directory /data/metadata/ratis/8c425407-02c8-4a46-ba10-f92b741cd800
2020-11-14 15:54:17 INFO  RaftServerConfigKeys:44 - raft.server.log.queue.byte-limit = 2147483647 (custom)
2020-11-14 15:54:17 INFO  RaftServerConfigKeys:44 - raft.server.log.queue.element-limit = 1024 (custom)
2020-11-14 15:54:17 INFO  RaftServerConfigKeys:44 - raft.server.log.segment.size.max = 1048576 (custom)
2020-11-14 15:54:17 INFO  RaftServerConfigKeys:44 - raft.server.log.preallocated.size = 16384 (custom)
2020-11-14 15:54:17 INFO  RaftServerConfigKeys:44 - raft.server.log.write.buffer.size = 1048576 (custom)
2020-11-14 15:54:17 INFO  RaftServerConfigKeys:44 - raft.server.log.force.sync.num = 128 (default)
2020-11-14 15:54:17 INFO  RaftServerConfigKeys:44 - raft.server.log.statemachine.data.sync = true (default)
2020-11-14 15:54:17 INFO  RaftServerConfigKeys:44 - raft.server.log.statemachine.data.sync.timeout = 10s (default)
2020-11-14 15:54:17 INFO  RaftServerConfigKeys:44 - raft.server.log.statemachine.data.sync.timeout.retry = -1 (default)
2020-11-14 15:54:17 INFO  RaftServerConfigKeys:44 - raft.server.log.statemachine.data.caching.enabled = true (custom)
2020-11-14 15:54:18 INFO  SegmentedRaftLogWorker:129 - b44b5f6e-4e0d-49b0-84e9-0c57bcfb4a97@group-F92B741CD800-SegmentedRaftLogWorker: flushIndex: setUnconditionally 0 -> -1
2020-11-14 15:54:18 INFO  SegmentedRaftLogWorker:129 - b44b5f6e-4e0d-49b0-84e9-0c57bcfb4a97@group-F92B741CD800-SegmentedRaftLogWorker: safeCacheEvictIndex: setUnconditionally 0 -> -1
2020-11-14 15:54:18 INFO  RaftServerConfigKeys:44 - raft.server.snapshot.auto.trigger.enabled = true (custom)
2020-11-14 15:54:18 INFO  RaftServerConfigKeys:44 - raft.server.snapshot.auto.trigger.threshold = 10000 (custom)
2020-11-14 15:54:18 INFO  RaftServerConfigKeys:44 - raft.server.snapshot.retention.file.num = 5 (custom)
2020-11-14 15:54:18 INFO  RaftServerConfigKeys:44 - raft.server.log.purge.upto.snapshot.index = false (default)
2020-11-14 15:54:18 INFO  RaftServerConfigKeys:44 - raft.server.retrycache.expirytime = 600000ms (custom)
2020-11-14 15:54:18 INFO  RatisMetrics:36 - Creating Metrics Registry : ratis.leader_election.b44b5f6e-4e0d-49b0-84e9-0c57bcfb4a97@group-F92B741CD800
2020-11-14 15:54:18 INFO  RatisMetrics:36 - Creating Metrics Registry : ratis.server.b44b5f6e-4e0d-49b0-84e9-0c57bcfb4a97@group-F92B741CD800
2020-11-14 15:54:18 INFO  RaftServerImpl:209 - b44b5f6e-4e0d-49b0-84e9-0c57bcfb4a97@group-F92B741CD800: start as a follower, conf=-1: [b44b5f6e-4e0d-49b0-84e9-0c57bcfb4a97:10.42.0.20:9858:0], old=null
2020-11-14 15:54:18 INFO  RaftServerImpl:198 - b44b5f6e-4e0d-49b0-84e9-0c57bcfb4a97@group-F92B741CD800: changes role from      null to FOLLOWER at term 0 for startAsFollower
2020-11-14 15:54:18 INFO  RoleInfo:143 - b44b5f6e-4e0d-49b0-84e9-0c57bcfb4a97: start FollowerState
2020-11-14 15:54:18 INFO  JmxRegister:44 - Successfully registered JMX Bean with object name Ratis:service=RaftServer,group=group-F92B741CD800,id=b44b5f6e-4e0d-49b0-84e9-0c57bcfb4a97
2020-11-14 15:54:18 INFO  RatisMetrics:36 - Creating Metrics Registry : ratis.state_machine.b44b5f6e-4e0d-49b0-84e9-0c57bcfb4a97@group-F92B741CD800
2020-11-14 15:54:18 INFO  CreatePipelineCommandHandler:106 - Created Pipeline RATIS ONE PipelineID=8c425407-02c8-4a46-ba10-f92b741cd800.
2020-11-14 15:54:18 INFO  RaftServerProxy:92 - b44b5f6e-4e0d-49b0-84e9-0c57bcfb4a97: addNew group-704772509824:[02f53035-75c0-4fb9-88b7-be51981439c1:10.42.0.17:9858:0, a7dc39db-519f-4a99-af14-98f28bf3d73d:10.42.0.19:9858:0, b44b5f6e-4e0d-49b0-84e9-0c57bcfb4a97:10.42.0.20:9858:0] returns group-704772509824:java.util.concurrent.CompletableFuture@d608d3[Not completed]
2020-11-14 15:54:18 INFO  RaftServerImpl:120 - b44b5f6e-4e0d-49b0-84e9-0c57bcfb4a97: new RaftServerImpl for group-704772509824:[02f53035-75c0-4fb9-88b7-be51981439c1:10.42.0.17:9858:0, a7dc39db-519f-4a99-af14-98f28bf3d73d:10.42.0.19:9858:0, b44b5f6e-4e0d-49b0-84e9-0c57bcfb4a97:10.42.0.20:9858:0] with ContainerStateMachine:uninitialized
2020-11-14 15:54:18 INFO  RaftServerConfigKeys:44 - raft.server.rpc.timeout.min = 5s (custom)
2020-11-14 15:54:18 INFO  RaftServerConfigKeys:44 - raft.server.rpc.timeout.max = 5200ms (custom)
2020-11-14 15:54:18 INFO  RaftServerConfigKeys:44 - raft.server.rpcslowness.timeout = 300s (custom)
2020-11-14 15:54:18 INFO  RaftServerConfigKeys:44 - raft.server.sleep.deviation.threshold = 300 (default)
2020-11-14 15:54:18 INFO  RaftServerConfigKeys:44 - raft.server.log.appender.install.snapshot.enabled = false (custom)
2020-11-14 15:54:18 INFO  RaftServerImpl:104 - b44b5f6e-4e0d-49b0-84e9-0c57bcfb4a97@group-704772509824: ConfigurationManager, init=-1: [02f53035-75c0-4fb9-88b7-be51981439c1:10.42.0.17:9858:0, a7dc39db-519f-4a99-af14-98f28bf3d73d:10.42.0.19:9858:0, b44b5f6e-4e0d-49b0-84e9-0c57bcfb4a97:10.42.0.20:9858:0], old=null, confs=<EMPTY_MAP>
2020-11-14 15:54:18 INFO  RaftServerConfigKeys:44 - raft.server.storage.dir = [/data/metadata/ratis] (custom)
2020-11-14 15:54:18 INFO  RaftServerConfigKeys:44 - raft.server.log.corruption.policy = EXCEPTION (default)
2020-11-14 15:54:18 INFO  RaftStorageDirectory:261 - The storage directory /data/metadata/ratis/40afb930-367b-4b5f-a690-704772509824 does not exist. Creating ...
2020-11-14 15:54:18 INFO  RaftStorageDirectory:343 - Lock on /data/metadata/ratis/40afb930-367b-4b5f-a690-704772509824/in_use.lock acquired by nodename 7@datanode-2
2020-11-14 15:54:18 INFO  RaftStorage:84 - Storage directory /data/metadata/ratis/40afb930-367b-4b5f-a690-704772509824 has been successfully formatted.
2020-11-14 15:54:18 INFO  ContainerStateMachine:225 - group-704772509824: The snapshot info is null. Setting the last applied indexto:(t:0, i:~)
2020-11-14 15:54:18 INFO  RaftServerConfigKeys:44 - raft.server.notification.no-leader.timeout = 300s (custom)
2020-11-14 15:54:18 INFO  RaftServerConfigKeys:44 - raft.server.log.use.memory = false (default)
2020-11-14 15:54:18 INFO  RaftServerConfigKeys:44 - raft.server.log.purge.gap = 1000000 (custom)
2020-11-14 15:54:18 INFO  RatisMetrics:36 - Creating Metrics Registry : ratis.log_worker.b44b5f6e-4e0d-49b0-84e9-0c57bcfb4a97@group-704772509824
2020-11-14 15:54:18 INFO  RaftServerConfigKeys:44 - raft.server.log.appender.buffer.byte-limit = 33554432 (custom)
2020-11-14 15:54:18 INFO  RaftServerConfigKeys:44 - raft.server.log.segment.size.max = 1048576 (custom)
2020-11-14 15:54:18 INFO  RaftServerConfigKeys:44 - raft.server.log.segment.cache.num.max = 2 (custom)
2020-11-14 15:54:18 INFO  SegmentedRaftLogWorker:180 - new b44b5f6e-4e0d-49b0-84e9-0c57bcfb4a97@group-704772509824-SegmentedRaftLogWorker for RaftStorage:Storage Directory /data/metadata/ratis/40afb930-367b-4b5f-a690-704772509824
2020-11-14 15:54:18 INFO  RaftServerConfigKeys:44 - raft.server.log.queue.byte-limit = 2147483647 (custom)
2020-11-14 15:54:18 INFO  RaftServerConfigKeys:44 - raft.server.log.queue.element-limit = 1024 (custom)
2020-11-14 15:54:18 INFO  RaftServerConfigKeys:44 - raft.server.log.segment.size.max = 1048576 (custom)
2020-11-14 15:54:18 INFO  RaftServerConfigKeys:44 - raft.server.log.preallocated.size = 16384 (custom)
2020-11-14 15:54:18 INFO  RaftServerConfigKeys:44 - raft.server.log.write.buffer.size = 1048576 (custom)
2020-11-14 15:54:18 INFO  RaftServerConfigKeys:44 - raft.server.log.force.sync.num = 128 (default)
2020-11-14 15:54:18 INFO  RaftServerConfigKeys:44 - raft.server.log.statemachine.data.sync = true (default)
2020-11-14 15:54:18 INFO  RaftServerConfigKeys:44 - raft.server.log.statemachine.data.sync.timeout = 10s (default)
2020-11-14 15:54:18 INFO  RaftServerConfigKeys:44 - raft.server.log.statemachine.data.sync.timeout.retry = -1 (default)
2020-11-14 15:54:18 INFO  RaftServerConfigKeys:44 - raft.server.log.statemachine.data.caching.enabled = true (custom)
2020-11-14 15:54:18 INFO  SegmentedRaftLogWorker:129 - b44b5f6e-4e0d-49b0-84e9-0c57bcfb4a97@group-704772509824-SegmentedRaftLogWorker: flushIndex: setUnconditionally 0 -> -1
2020-11-14 15:54:18 INFO  SegmentedRaftLogWorker:129 - b44b5f6e-4e0d-49b0-84e9-0c57bcfb4a97@group-704772509824-SegmentedRaftLogWorker: safeCacheEvictIndex: setUnconditionally 0 -> -1
2020-11-14 15:54:18 INFO  RaftServerConfigKeys:44 - raft.server.snapshot.auto.trigger.enabled = true (custom)
2020-11-14 15:54:18 INFO  RaftServerConfigKeys:44 - raft.server.snapshot.auto.trigger.threshold = 10000 (custom)
2020-11-14 15:54:18 INFO  RaftServerConfigKeys:44 - raft.server.snapshot.retention.file.num = 5 (custom)
2020-11-14 15:54:18 INFO  RaftServerConfigKeys:44 - raft.server.log.purge.upto.snapshot.index = false (default)
2020-11-14 15:54:18 INFO  RaftServerConfigKeys:44 - raft.server.retrycache.expirytime = 600000ms (custom)
2020-11-14 15:54:18 INFO  RatisMetrics:36 - Creating Metrics Registry : ratis.leader_election.b44b5f6e-4e0d-49b0-84e9-0c57bcfb4a97@group-704772509824
2020-11-14 15:54:18 INFO  RatisMetrics:36 - Creating Metrics Registry : ratis.server.b44b5f6e-4e0d-49b0-84e9-0c57bcfb4a97@group-704772509824
2020-11-14 15:54:18 INFO  RaftServerImpl:209 - b44b5f6e-4e0d-49b0-84e9-0c57bcfb4a97@group-704772509824: start as a follower, conf=-1: [02f53035-75c0-4fb9-88b7-be51981439c1:10.42.0.17:9858:0, a7dc39db-519f-4a99-af14-98f28bf3d73d:10.42.0.19:9858:0, b44b5f6e-4e0d-49b0-84e9-0c57bcfb4a97:10.42.0.20:9858:0], old=null
2020-11-14 15:54:18 INFO  RaftServerImpl:198 - b44b5f6e-4e0d-49b0-84e9-0c57bcfb4a97@group-704772509824: changes role from      null to FOLLOWER at term 0 for startAsFollower
2020-11-14 15:54:18 INFO  RoleInfo:143 - b44b5f6e-4e0d-49b0-84e9-0c57bcfb4a97: start FollowerState
2020-11-14 15:54:18 INFO  JmxRegister:44 - Successfully registered JMX Bean with object name Ratis:service=RaftServer,group=group-704772509824,id=b44b5f6e-4e0d-49b0-84e9-0c57bcfb4a97
2020-11-14 15:54:18 INFO  RatisMetrics:36 - Creating Metrics Registry : ratis.state_machine.b44b5f6e-4e0d-49b0-84e9-0c57bcfb4a97@group-704772509824
2020-11-14 15:54:18 INFO  RatisMetrics:36 - Creating Metrics Registry : ratis.client_message_metrics.client-52287C366089->a7dc39db-519f-4a99-af14-98f28bf3d73d
2020-11-14 15:54:19 INFO  RatisMetrics:36 - Creating Metrics Registry : ratis.client_message_metrics.client-79F2260FFCB1->02f53035-75c0-4fb9-88b7-be51981439c1
2020-11-14 15:54:19 INFO  RatisMetrics:36 - Creating Metrics Registry : ratis.server_message_metrics.b44b5f6e-4e0d-49b0-84e9-0c57bcfb4a97
2020-11-14 15:54:20 INFO  CreatePipelineCommandHandler:106 - Created Pipeline RATIS THREE PipelineID=40afb930-367b-4b5f-a690-704772509824.
2020-11-14 15:54:22 INFO  RaftServerImpl:198 - b44b5f6e-4e0d-49b0-84e9-0c57bcfb4a97@group-704772509824: changes role from  FOLLOWER to FOLLOWER at term 1 for recognizeCandidate:a7dc39db-519f-4a99-af14-98f28bf3d73d
2020-11-14 15:54:22 INFO  RoleInfo:121 - b44b5f6e-4e0d-49b0-84e9-0c57bcfb4a97: shutdown FollowerState
2020-11-14 15:54:22 INFO  FollowerState:117 - b44b5f6e-4e0d-49b0-84e9-0c57bcfb4a97@group-704772509824-FollowerState was interrupted: java.lang.InterruptedException: sleep interrupted
2020-11-14 15:54:22 INFO  RoleInfo:143 - b44b5f6e-4e0d-49b0-84e9-0c57bcfb4a97: start FollowerState
2020-11-14 15:54:22 INFO  RaftServerImpl:923 -  FOLLOWER b44b5f6e-4e0d-49b0-84e9-0c57bcfb4a97@group-704772509824:t1, leader=null, voted=null, raftlog=b44b5f6e-4e0d-49b0-84e9-0c57bcfb4a97@group-704772509824-SegmentedRaftLog:OPENED:c-1,f-1,i0, conf=-1: [02f53035-75c0-4fb9-88b7-be51981439c1:10.42.0.17:9858:0, a7dc39db-519f-4a99-af14-98f28bf3d73d:10.42.0.19:9858:0, b44b5f6e-4e0d-49b0-84e9-0c57bcfb4a97:10.42.0.20:9858:0], old=null RUNNING priority:0 candidate:a7dc39db-519f-4a99-af14-98f28bf3d73d:10.42.0.19:9858:0 candidatePriority:0 compare:0
2020-11-14 15:54:22 INFO  XceiverServerRatis:854 - Leader change notification received for group: group-704772509824 with new leaderId: a7dc39db-519f-4a99-af14-98f28bf3d73d
2020-11-14 15:54:22 INFO  RaftServerImpl:256 - b44b5f6e-4e0d-49b0-84e9-0c57bcfb4a97@group-704772509824: change Leader from null to a7dc39db-519f-4a99-af14-98f28bf3d73d at term 1 for appendEntries, leader elected after 4449ms
2020-11-14 15:54:22 INFO  RaftServerImpl:374 - b44b5f6e-4e0d-49b0-84e9-0c57bcfb4a97@group-704772509824: set configuration 0: [02f53035-75c0-4fb9-88b7-be51981439c1:10.42.0.17:9858:0, a7dc39db-519f-4a99-af14-98f28bf3d73d:10.42.0.19:9858:0, b44b5f6e-4e0d-49b0-84e9-0c57bcfb4a97:10.42.0.20:9858:0], old=null at 0
2020-11-14 15:54:22 INFO  SegmentedRaftLogWorker:397 - b44b5f6e-4e0d-49b0-84e9-0c57bcfb4a97@group-704772509824-SegmentedRaftLogWorker: Starting segment from index:0
2020-11-14 15:54:23 INFO  SegmentedRaftLogWorker:596 - b44b5f6e-4e0d-49b0-84e9-0c57bcfb4a97@group-704772509824-SegmentedRaftLogWorker: created new log segment /data/metadata/ratis/40afb930-367b-4b5f-a690-704772509824/current/log_inprogress_0
2020-11-14 15:54:23 INFO  FollowerState:108 - b44b5f6e-4e0d-49b0-84e9-0c57bcfb4a97@group-F92B741CD800-FollowerState: change to CANDIDATE, lastRpcTime:5108ms, electionTimeout:5085ms
2020-11-14 15:54:23 INFO  RoleInfo:121 - b44b5f6e-4e0d-49b0-84e9-0c57bcfb4a97: shutdown FollowerState
2020-11-14 15:54:23 INFO  RaftServerImpl:198 - b44b5f6e-4e0d-49b0-84e9-0c57bcfb4a97@group-F92B741CD800: changes role from  FOLLOWER to CANDIDATE at term 0 for changeToCandidate
2020-11-14 15:54:23 INFO  RoleInfo:143 - b44b5f6e-4e0d-49b0-84e9-0c57bcfb4a97: start LeaderElection
2020-11-14 15:54:23 INFO  LeaderElection:210 - b44b5f6e-4e0d-49b0-84e9-0c57bcfb4a97@group-F92B741CD800-LeaderElection1: begin an election at term 1 for -1: [b44b5f6e-4e0d-49b0-84e9-0c57bcfb4a97:10.42.0.20:9858:0], old=null
2020-11-14 15:54:23 INFO  RoleInfo:134 - b44b5f6e-4e0d-49b0-84e9-0c57bcfb4a97: shutdown LeaderElection
2020-11-14 15:54:23 INFO  RaftServerImpl:198 - b44b5f6e-4e0d-49b0-84e9-0c57bcfb4a97@group-F92B741CD800: changes role from CANDIDATE to LEADER at term 1 for changeToLeader
2020-11-14 15:54:23 INFO  XceiverServerRatis:854 - Leader change notification received for group: group-F92B741CD800 with new leaderId: b44b5f6e-4e0d-49b0-84e9-0c57bcfb4a97
2020-11-14 15:54:23 INFO  RaftServerImpl:256 - b44b5f6e-4e0d-49b0-84e9-0c57bcfb4a97@group-F92B741CD800: change Leader from null to b44b5f6e-4e0d-49b0-84e9-0c57bcfb4a97 at term 1 for becomeLeader, leader elected after 5711ms
2020-11-14 15:54:23 INFO  RaftServerConfigKeys:44 - raft.server.staging.catchup.gap = 1000 (default)
2020-11-14 15:54:23 INFO  RaftServerConfigKeys:44 - raft.server.rpc.sleep.time = 25ms (default)
2020-11-14 15:54:23 INFO  RatisMetrics:36 - Creating Metrics Registry : ratis.log_appender.b44b5f6e-4e0d-49b0-84e9-0c57bcfb4a97@group-F92B741CD800
2020-11-14 15:54:23 INFO  RaftServerConfigKeys:44 - raft.server.write.element-limit = 1024 (custom)
2020-11-14 15:54:23 INFO  RaftServerConfigKeys:44 - raft.server.write.byte-limit = 1073741824 (custom)
2020-11-14 15:54:23 INFO  RaftServerConfigKeys:44 - raft.server.watch.timeout = 180s (custom)
2020-11-14 15:54:23 INFO  RaftServerConfigKeys:44 - raft.server.watch.timeout.denomination = 1s (default)
2020-11-14 15:54:23 INFO  RaftServerConfigKeys:44 - raft.server.watch.element-limit = 65536 (default)
2020-11-14 15:54:23 INFO  RoleInfo:143 - b44b5f6e-4e0d-49b0-84e9-0c57bcfb4a97: start LeaderState
2020-11-14 15:54:23 INFO  SegmentedRaftLogWorker:397 - b44b5f6e-4e0d-49b0-84e9-0c57bcfb4a97@group-F92B741CD800-SegmentedRaftLogWorker: Starting segment from index:0
2020-11-14 15:54:23 INFO  SegmentedRaftLogWorker:596 - b44b5f6e-4e0d-49b0-84e9-0c57bcfb4a97@group-F92B741CD800-SegmentedRaftLogWorker: created new log segment /data/metadata/ratis/8c425407-02c8-4a46-ba10-f92b741cd800/current/log_inprogress_0
2020-11-14 15:54:23 INFO  RaftServerImpl:374 - b44b5f6e-4e0d-49b0-84e9-0c57bcfb4a97@group-F92B741CD800: set configuration 0: [b44b5f6e-4e0d-49b0-84e9-0c57bcfb4a97:10.42.0.20:9858:0], old=null at 0
