No '-XX:...' jvm parameters are set. Adding safer GC settings '-XX:ParallelGCThreads=8 -XX:+UseConcMarkSweepGC -XX:CMSInitiatingOccupancyFraction=70 -XX:+CMSParallelRemarkEnabled' to the OZONE_OPTS
OpenJDK 64-Bit Server VM warning: Option UseConcMarkSweepGC was deprecated in version 9.0 and will likely be removed in a future release.
2022-08-05 07:17:25 INFO  HddsDatanodeService:112 - STARTUP_MSG: 
/************************************************************
STARTUP_MSG: Starting HddsDatanodeService
STARTUP_MSG:   host = datanode-0/10.42.0.41
STARTUP_MSG:   args = []
STARTUP_MSG:   version = 1.3.0-SNAPSHOT
STARTUP_MSG:   classpath = /etc/hadoop:/opt/hadoop/share/ozone/lib/kerb-simplekdc-1.0.1.jar:/opt/hadoop/share/ozone/lib/slf4j-log4j12-1.7.30.jar:/opt/hadoop/share/ozone/lib/protobuf-java-2.5.0.jar:/opt/hadoop/share/ozone/lib/jaxb-core-2.3.0.1.jar:/opt/hadoop/share/ozone/lib/netty-handler-4.1.79.Final.jar:/opt/hadoop/share/ozone/lib/istack-commons-runtime-3.0.5.jar:/opt/hadoop/share/ozone/lib/commons-validator-1.6.jar:/opt/hadoop/share/ozone/lib/bcpkix-jdk15on-1.67.jar:/opt/hadoop/share/ozone/lib/hdds-interface-admin-1.3.0-SNAPSHOT.jar:/opt/hadoop/share/ozone/lib/jackson-annotations-2.13.2.jar:/opt/hadoop/share/ozone/lib/jetty-security-9.4.43.v20210629.jar:/opt/hadoop/share/ozone/lib/kerb-core-1.0.1.jar:/opt/hadoop/share/ozone/lib/hadoop-shaded-protobuf_3_7-1.1.1.jar:/opt/hadoop/share/ozone/lib/netty-common-4.1.79.Final.jar:/opt/hadoop/share/ozone/lib/ozone-annotation-processing-1.3.0-SNAPSHOT.jar:/opt/hadoop/share/ozone/lib/hdds-container-service-1.3.0-SNAPSHOT.jar:/opt/hadoop/share/ozone/lib/okhttp-4.9.0.jar:/opt/hadoop/share/ozone/lib/jsr305-3.0.0.jar:/opt/hadoop/share/ozone/lib/j2objc-annotations-1.3.jar:/opt/hadoop/share/ozone/lib/htrace-core4-4.1.0-incubating.jar:/opt/hadoop/share/ozone/lib/picocli-4.6.1.jar:/opt/hadoop/share/ozone/lib/jackson-datatype-jsr310-2.13.2.jar:/opt/hadoop/share/ozone/lib/javassist-3.21.0-GA.jar:/opt/hadoop/share/ozone/lib/jaxb-api-2.3.0.jar:/opt/hadoop/share/ozone/lib/kerb-util-1.0.1.jar:/opt/hadoop/share/ozone/lib/hadoop-shaded-guava-1.1.1.jar:/opt/hadoop/share/ozone/lib/ratis-metrics-2.3.0.jar:/opt/hadoop/share/ozone/lib/kotlin-stdlib-1.6.21.jar:/opt/hadoop/share/ozone/lib/log4j-core-2.17.1.jar:/opt/hadoop/share/ozone/lib/commons-logging-1.2.jar:/opt/hadoop/share/ozone/lib/accessors-smart-2.4.7.jar:/opt/hadoop/share/ozone/lib/kerby-xdr-1.0.1.jar:/opt/hadoop/share/ozone/lib/txw2-2.3.0.1.jar:/opt/hadoop/share/ozone/lib/httpcore-4.4.13.jar:/opt/hadoop/share/ozone/lib/guava-31.1-jre.jar:/opt/hadoop/share/ozone/lib/opentracing-tracerresolver-0.1.8.jar:/opt/hadoop/share/ozone/lib/commons-net-3.6.jar:/opt/hadoop/share/ozone/lib/netty-transport-4.1.79.Final.jar:/opt/hadoop/share/ozone/lib/rocksdbjni-6.29.5.jar:/opt/hadoop/share/ozone/lib/libthrift-0.14.1.jar:/opt/hadoop/share/ozone/lib/snakeyaml-1.26.jar:/opt/hadoop/share/ozone/lib/stax-ex-1.7.8.jar:/opt/hadoop/share/ozone/lib/httpclient-4.5.13.jar:/opt/hadoop/share/ozone/lib/jetty-servlet-9.4.43.v20210629.jar:/opt/hadoop/share/ozone/lib/kerby-config-1.0.1.jar:/opt/hadoop/share/ozone/lib/ratis-common-2.3.0.jar:/opt/hadoop/share/ozone/lib/jaeger-client-1.6.0.jar:/opt/hadoop/share/ozone/lib/commons-io-2.11.0.jar:/opt/hadoop/share/ozone/lib/metrics-core-3.2.4.jar:/opt/hadoop/share/ozone/lib/kerby-pkix-1.0.1.jar:/opt/hadoop/share/ozone/lib/activation-1.1.1.jar:/opt/hadoop/share/ozone/lib/json-smart-2.4.7.jar:/opt/hadoop/share/ozone/lib/hdds-interface-client-1.3.0-SNAPSHOT.jar:/opt/hadoop/share/ozone/lib/jsr311-api-1.1.1.jar:/opt/hadoop/share/ozone/lib/ratis-grpc-2.3.0.jar:/opt/hadoop/share/ozone/lib/jetty-webapp-9.4.43.v20210629.jar:/opt/hadoop/share/ozone/lib/commons-beanutils-1.9.4.jar:/opt/hadoop/share/ozone/lib/jackson-core-2.13.2.jar:/opt/hadoop/share/ozone/lib/hdds-server-framework-1.3.0-SNAPSHOT.jar:/opt/hadoop/share/ozone/lib/javax.servlet-api-3.1.0.jar:/opt/hadoop/share/ozone/lib/kerb-server-1.0.1.jar:/opt/hadoop/share/ozone/lib/hdds-common-1.3.0-SNAPSHOT.jar:/opt/hadoop/share/ozone/lib/kerb-client-1.0.1.jar:/opt/hadoop/share/ozone/lib/disruptor-3.4.2.jar:/opt/hadoop/share/ozone/lib/gson-2.9.0.jar:/opt/hadoop/share/ozone/lib/reflections-0.9.11.jar:/opt/hadoop/share/ozone/lib/hdds-erasurecode-1.3.0-SNAPSHOT.jar:/opt/hadoop/share/ozone/lib/jetty-io-9.4.43.v20210629.jar:/opt/hadoop/share/ozone/lib/hdds-interface-server-1.3.0-SNAPSHOT.jar:/opt/hadoop/share/ozone/lib/hadoop-hdfs-3.3.1.jar:/opt/hadoop/share/ozone/lib/ratis-proto-2.3.0.jar:/opt/hadoop/share/ozone/lib/annotations-13.0.jar:/opt/hadoop/share/ozone/lib/jetty-server-9.4.43.v20210629.jar:/opt/hadoop/share/ozone/lib/simpleclient_common-0.7.0.jar:/opt/hadoop/share/ozone/lib/hadoop-common-3.3.1.jar:/opt/hadoop/share/ozone/lib/dnsjava-2.1.7.jar:/opt/hadoop/share/ozone/lib/jaeger-thrift-1.6.0.jar:/opt/hadoop/share/ozone/lib/bcprov-jdk15on-1.67.jar:/opt/hadoop/share/ozone/lib/commons-configuration2-2.1.1.jar:/opt/hadoop/share/ozone/lib/token-provider-1.0.1.jar:/opt/hadoop/share/ozone/lib/log4j-1.2.17.jar:/opt/hadoop/share/ozone/lib/commons-daemon-1.0.13.jar:/opt/hadoop/share/ozone/lib/listenablefuture-9999.0-empty-to-avoid-conflict-with-guava.jar:/opt/hadoop/share/ozone/lib/netty-buffer-4.1.79.Final.jar:/opt/hadoop/share/ozone/lib/jetty-xml-9.4.43.v20210629.jar:/opt/hadoop/share/ozone/lib/jaeger-tracerresolver-1.6.0.jar:/opt/hadoop/share/ozone/lib/commons-lang3-3.7.jar:/opt/hadoop/share/ozone/lib/ratis-netty-2.3.0.jar:/opt/hadoop/share/ozone/lib/re2j-1.1.jar:/opt/hadoop/share/ozone/lib/commons-math3-3.1.1.jar:/opt/hadoop/share/ozone/lib/jackson-databind-2.13.2.2.jar:/opt/hadoop/share/ozone/lib/simpleclient_dropwizard-0.7.0.jar:/opt/hadoop/share/ozone/lib/simpleclient-0.7.0.jar:/opt/hadoop/share/ozone/lib/asm-5.0.4.jar:/opt/hadoop/share/ozone/lib/kerby-util-1.0.1.jar:/opt/hadoop/share/ozone/lib/netty-codec-4.1.79.Final.jar:/opt/hadoop/share/ozone/lib/failureaccess-1.0.1.jar:/opt/hadoop/share/ozone/lib/okio-2.8.0.jar:/opt/hadoop/share/ozone/lib/hdds-config-1.3.0-SNAPSHOT.jar:/opt/hadoop/share/ozone/lib/jsp-api-2.1.jar:/opt/hadoop/share/ozone/lib/jetty-http-9.4.43.v20210629.jar:/opt/hadoop/share/ozone/lib/jsch-0.1.54.jar:/opt/hadoop/share/ozone/lib/jakarta.activation-api-1.2.1.jar:/opt/hadoop/share/ozone/lib/slf4j-api-1.7.30.jar:/opt/hadoop/share/ozone/lib/hadoop-hdfs-client-3.3.1.jar:/opt/hadoop/share/ozone/lib/nimbus-jose-jwt-7.9.jar:/opt/hadoop/share/ozone/lib/commons-codec-1.11.jar:/opt/hadoop/share/ozone/lib/commons-pool2-2.6.0.jar:/opt/hadoop/share/ozone/lib/netty-resolver-4.1.79.Final.jar:/opt/hadoop/share/ozone/lib/jetty-util-9.4.43.v20210629.jar:/opt/hadoop/share/ozone/lib/jetty-util-ajax-9.4.43.v20210629.jar:/opt/hadoop/share/ozone/lib/opentracing-api-0.33.0.jar:/opt/hadoop/share/ozone/lib/jcip-annotations-1.0-1.jar:/opt/hadoop/share/ozone/lib/kerb-admin-1.0.1.jar:/opt/hadoop/share/ozone/lib/ratis-thirdparty-misc-1.0.0.jar:/opt/hadoop/share/ozone/lib/kotlin-stdlib-common-1.6.21.jar:/opt/hadoop/share/ozone/lib/opentracing-noop-0.33.0.jar:/opt/hadoop/share/ozone/lib/netty-transport-native-unix-common-4.1.79.Final.jar:/opt/hadoop/share/ozone/lib/jersey-core-1.19.jar:/opt/hadoop/share/ozone/lib/commons-compress-1.21.jar:/opt/hadoop/share/ozone/lib/jaxb-runtime-2.3.0.1.jar:/opt/hadoop/share/ozone/lib/ratis-server-api-2.3.0.jar:/opt/hadoop/share/ozone/lib/opentracing-util-0.33.0.jar:/opt/hadoop/share/ozone/lib/hdds-client-1.3.0-SNAPSHOT.jar:/opt/hadoop/share/ozone/lib/snappy-java-1.1.8.2.jar:/opt/hadoop/share/ozone/lib/hdds-hadoop-dependency-client-1.3.0-SNAPSHOT.jar:/opt/hadoop/share/ozone/lib/commons-cli-1.2.jar:/opt/hadoop/share/ozone/lib/woodstox-core-5.0.3.jar:/opt/hadoop/share/ozone/lib/ratis-server-2.3.0.jar:/opt/hadoop/share/ozone/lib/log4j-api-2.17.1.jar:/opt/hadoop/share/ozone/lib/javax.annotation-api-1.2.jar:/opt/hadoop/share/ozone/lib/kerby-asn1-1.0.1.jar:/opt/hadoop/share/ozone/lib/hadoop-annotations-3.3.1.jar:/opt/hadoop/share/ozone/lib/checker-qual-3.12.0.jar:/opt/hadoop/share/ozone/lib/stax2-api-3.1.4.jar:/opt/hadoop/share/ozone/lib/commons-collections-3.2.2.jar:/opt/hadoop/share/ozone/lib/commons-digester-1.8.1.jar:/opt/hadoop/share/ozone/lib/jaeger-core-1.6.0.jar:/opt/hadoop/share/ozone/lib/commons-text-1.4.jar:/opt/hadoop/share/ozone/lib/jersey-servlet-1.19.jar:/opt/hadoop/share/ozone/lib/hadoop-auth-3.3.1.jar:/opt/hadoop/share/ozone/lib/kerb-identity-1.0.1.jar:/opt/hadoop/share/ozone/lib/FastInfoset-1.2.13.jar:/opt/hadoop/share/ozone/lib/kerb-common-1.0.1.jar:/opt/hadoop/share/ozone/lib/ratis-client-2.3.0.jar:/opt/hadoop/share/ozone/lib/jersey-server-1.19.jar:/opt/hadoop/share/ozone/lib/hdds-hadoop-dependency-server-1.3.0-SNAPSHOT.jar:/opt/hadoop/share/ozone/lib/kerb-crypto-1.0.1.jar:/opt/hadoop/share/ozone/web:/opt/hadoop/share/ozone/lib/ozone-datanode-1.3.0-SNAPSHOT.jar
STARTUP_MSG:   build = https://github.com/apache/ozone/51897d4aa104d028e5c504ffa8795a5c20191b5b ; compiled by 'runner' on 2022-08-05T06:55Z
STARTUP_MSG:   java = 11.0.14.1
************************************************************/
2022-08-05 07:17:25 INFO  HddsDatanodeService:90 - registered UNIX signal handlers for [TERM, HUP, INT]
2022-08-05 07:17:25 INFO  MetricRegistries:64 - Loaded MetricRegistries class org.apache.ratis.metrics.impl.MetricRegistriesImpl
2022-08-05 07:17:25 INFO  MetricsConfig:120 - Loaded properties from hadoop-metrics2.properties
2022-08-05 07:17:26 INFO  MetricsSystemImpl:378 - Scheduled Metric snapshot period at 10 second(s).
2022-08-05 07:17:26 INFO  MetricsSystemImpl:191 - HddsDatanode metrics system started
2022-08-05 07:17:26 INFO  HddsDatanodeService:236 - HddsDatanodeService host:datanode-0.datanode.default.svc.cluster.local ip:10.42.0.41
2022-08-05 07:17:27 INFO  AbstractLayoutVersionManager:83 - Initializing Layout version manager with metadata layout = DATANODE_SCHEMA_V3 (version = 4), software layout = DATANODE_SCHEMA_V3 (version = 4)
2022-08-05 07:17:27 INFO  Reflections:232 - Reflections took 453 ms to scan 2 urls, producing 89 keys and 198 values 
2022-08-05 07:17:28 INFO  DatanodeStateMachine:237 - Datanode State Machine Task Thread Pool size 2
2022-08-05 07:17:28 INFO  SaveSpaceUsageToFile:89 - Cached usage info found in /data/storage/scmUsed: 18432 at 2022-08-05T07:16:47.009Z
2022-08-05 07:17:28 INFO  HddsVolume:116 - Creating HddsVolume: /data/storage/hdds of storage type : DISK capacity : 89297309696
2022-08-05 07:17:28 INFO  MutableVolumeSet:174 - Added Volume : /data/storage/hdds to VolumeSet
2022-08-05 07:17:28 INFO  ThrottledAsyncChecker:141 - Scheduling a check for /data/storage/hdds
2022-08-05 07:17:28 INFO  StorageVolumeChecker:202 - Scheduled health check for volume /data/storage/hdds
2022-08-05 07:17:29 WARN  ServerUtils:237 - Storage directory for Ratis is not configured. It is a good idea to map this to an SSD disk. Falling back to ozone.metadata.dirs
2022-08-05 07:17:29 INFO  SaveSpaceUsageToFile:89 - Cached usage info found in /data/metadata/ratis/scmUsed: 4096 at 2022-08-05T07:16:47.008Z
2022-08-05 07:17:29 INFO  MutableVolumeSet:174 - Added Volume : /data/metadata/ratis to VolumeSet
2022-08-05 07:17:29 INFO  ThrottledAsyncChecker:141 - Scheduling a check for /data/metadata/ratis
2022-08-05 07:17:29 INFO  StorageVolumeChecker:202 - Scheduled health check for volume /data/metadata/ratis
2022-08-05 07:17:29 INFO  ContainerReader:145 - Start to verify containers on volume /data/storage/hdds
2022-08-05 07:17:29 INFO  ContainerReader:175 - Finish verifying containers on volume /data/storage/hdds
2022-08-05 07:17:29 INFO  OzoneContainer:299 - Build ContainerSet costs 0s
2022-08-05 07:17:33 INFO  AuditLogger:126 - Refresh DebugCmdSet for DNAudit to [].
2022-08-05 07:17:33 WARN  ServerUtils:237 - Storage directory for Ratis is not configured. It is a good idea to map this to an SSD disk. Falling back to ozone.metadata.dirs
2022-08-05 07:17:34 INFO  RaftServer:46 - raft.rpc.type = GRPC (default)
2022-08-05 07:17:34 INFO  GrpcConfigKeys:46 - raft.grpc.admin.port = 9857 (custom)
2022-08-05 07:17:34 INFO  GrpcConfigKeys:46 - raft.grpc.client.port = 9858 (custom)
2022-08-05 07:17:34 INFO  GrpcConfigKeys:46 - raft.grpc.server.port = 9856 (custom)
2022-08-05 07:17:34 INFO  GrpcService:46 - raft.grpc.message.size.max = 32MB (=33554432) (custom)
2022-08-05 07:17:35 INFO  RaftServerConfigKeys:46 - raft.server.log.appender.buffer.byte-limit = 33554432 (custom)
2022-08-05 07:17:35 INFO  GrpcService:46 - raft.grpc.flow.control.window = 5MB (=5242880) (custom)
2022-08-05 07:17:35 INFO  RaftServerConfigKeys:46 - raft.server.rpc.request.timeout = 60s (custom)
2022-08-05 07:17:35 INFO  GrpcConfigKeys:46 - raft.grpc.server.async.request.thread.pool.cached = true (default)
2022-08-05 07:17:35 INFO  GrpcConfigKeys:46 - raft.grpc.server.async.request.thread.pool.size = 32 (default)
2022-08-05 07:17:35 INFO  DataStreamServerImpl:46 - raft.datastream.type = DISABLED (default)
2022-08-05 07:17:35 INFO  RaftServerConfigKeys:46 - raft.server.threadpool.proxy.cached = true (default)
2022-08-05 07:17:35 INFO  RaftServerConfigKeys:46 - raft.server.threadpool.proxy.size = 0 (default)
2022-08-05 07:17:35 INFO  RaftServerConfigKeys:46 - raft.server.rpc.slowness.timeout = 300s (custom)
2022-08-05 07:17:35 INFO  RaftServerConfigKeys:46 - raft.server.leaderelection.leader.step-down.wait-time = 10s (default)
2022-08-05 07:17:35 INFO  RaftServerConfigKeys:46 - raft.server.storage.dir = [/data/metadata/ratis] (custom)
2022-08-05 07:17:35 INFO  RaftServer:247 - 06b2bd80-13ad-46c1-aeb5-b43255ab8ef0: found a subdirectory /data/metadata/ratis/2e75b3b1-62a3-4a52-a02c-c4e09b9a1403
2022-08-05 07:17:36 INFO  RaftServer:96 - 06b2bd80-13ad-46c1-aeb5-b43255ab8ef0: addNew group-C4E09B9A1403:[] returns group-C4E09B9A1403:java.util.concurrent.CompletableFuture@387c17b9[Not completed]
2022-08-05 07:17:36 INFO  RaftServer:247 - 06b2bd80-13ad-46c1-aeb5-b43255ab8ef0: found a subdirectory /data/metadata/ratis/8a6bb70f-dda9-4190-b58c-d1b387c4cca7
2022-08-05 07:17:36 INFO  RaftServer:96 - 06b2bd80-13ad-46c1-aeb5-b43255ab8ef0: addNew group-D1B387C4CCA7:[] returns group-D1B387C4CCA7:java.util.concurrent.CompletableFuture@2b64e2fa[Not completed]
2022-08-05 07:17:36 INFO  XceiverServerGrpc:132 - GrpcServer channel type EpollServerSocketChannel
2022-08-05 07:17:36 INFO  RaftServer$Division:190 - 06b2bd80-13ad-46c1-aeb5-b43255ab8ef0: new RaftServerImpl for group-C4E09B9A1403:[] with ContainerStateMachine:uninitialized
2022-08-05 07:17:36 INFO  RaftServerConfigKeys:46 - raft.server.rpc.timeout.min = 5s (custom)
2022-08-05 07:17:36 INFO  RaftServerConfigKeys:46 - raft.server.rpc.timeout.max = 5200ms (custom)
2022-08-05 07:17:36 INFO  RaftServerConfigKeys:46 - raft.server.rpc.sleep.time = 25ms (default)
2022-08-05 07:17:36 INFO  RaftServerConfigKeys:46 - raft.server.rpc.slowness.timeout = 300s (custom)
2022-08-05 07:17:36 INFO  RaftServerConfigKeys:46 - raft.server.leaderelection.leader.step-down.wait-time = 10s (default)
2022-08-05 07:17:36 INFO  RaftServerConfigKeys:46 - raft.server.sleep.deviation.threshold = 300ms (default)
2022-08-05 07:17:36 INFO  RaftServer$Division:107 - 06b2bd80-13ad-46c1-aeb5-b43255ab8ef0@group-C4E09B9A1403: ConfigurationManager, init=-1: [], old=null, confs=<EMPTY_MAP>
2022-08-05 07:17:36 INFO  RaftServerConfigKeys:46 - raft.server.storage.dir = [/data/metadata/ratis] (custom)
2022-08-05 07:17:36 INFO  RaftServerConfigKeys:46 - raft.server.log.corruption.policy = EXCEPTION (default)
2022-08-05 07:17:36 INFO  RaftServerConfigKeys:46 - raft.server.storage.free-space.min = 0MB (=0) (default)
2022-08-05 07:17:36 INFO  RaftStorageDirectory:230 - Lock on /data/metadata/ratis/2e75b3b1-62a3-4a52-a02c-c4e09b9a1403/in_use.lock acquired by nodename 7@datanode-0
2022-08-05 07:17:36 INFO  RaftStorage:110 - Read RaftStorageMetadata{term=1, votedFor=06b2bd80-13ad-46c1-aeb5-b43255ab8ef0} from /data/metadata/ratis/2e75b3b1-62a3-4a52-a02c-c4e09b9a1403/current/raft-meta
2022-08-05 07:17:36 INFO  ContainerStateMachine:245 - group-C4E09B9A1403: Setting the last applied index to (t:1, i:0)
2022-08-05 07:17:37 WARN  NativeCodeLoader:60 - Unable to load native-hadoop library for your platform... using builtin-java classes where applicable
2022-08-05 07:17:37 INFO  BaseHttpServer:209 - Starting Web-server for hddsDatanode at: http://0.0.0.0:9882
2022-08-05 07:17:37 INFO  BaseHttpServer:107 - Hadoop Security Enabled: false Ozone Security Enabled: false Ozone HTTP Security Enabled: false 
2022-08-05 07:17:37 INFO  log:170 - Logging initialized @13868ms to org.eclipse.jetty.util.log.Slf4jLog
2022-08-05 07:17:37 INFO  RaftServer$Division:393 - 06b2bd80-13ad-46c1-aeb5-b43255ab8ef0@group-C4E09B9A1403: set configuration 0: [06b2bd80-13ad-46c1-aeb5-b43255ab8ef0|rpc:datanode-0.datanode.default.svc.cluster.local:9856|admin:datanode-0.datanode.default.svc.cluster.local:9857|client:datanode-0.datanode.default.svc.cluster.local:9858|dataStream:|priority:1], old=null
2022-08-05 07:17:37 INFO  RaftServerConfigKeys:46 - raft.server.notification.no-leader.timeout = 300s (custom)
2022-08-05 07:17:37 INFO  RaftServerConfigKeys:46 - raft.server.log.use.memory = false (default)
2022-08-05 07:17:37 INFO  RaftServerConfigKeys:46 - raft.server.log.purge.gap = 1000000 (custom)
2022-08-05 07:17:37 INFO  RaftServerConfigKeys:46 - raft.server.log.appender.buffer.byte-limit = 33554432 (custom)
2022-08-05 07:17:37 INFO  RaftServerConfigKeys:46 - raft.server.log.statemachine.data.read.timeout = 1000ms (default)
2022-08-05 07:17:38 INFO  RaftServerConfigKeys:46 - raft.server.log.segment.size.max = 1048576 (custom)
2022-08-05 07:17:38 INFO  RaftServerConfigKeys:46 - raft.server.log.segment.cache.num.max = 2 (custom)
2022-08-05 07:17:38 INFO  RaftServerConfigKeys:46 - raft.server.log.segment.cache.size.max = 200MB (=209715200) (default)
2022-08-05 07:17:38 INFO  SegmentedRaftLogWorker:187 - new 06b2bd80-13ad-46c1-aeb5-b43255ab8ef0@group-C4E09B9A1403-SegmentedRaftLogWorker for RaftStorageImpl:Storage Directory /data/metadata/ratis/2e75b3b1-62a3-4a52-a02c-c4e09b9a1403
2022-08-05 07:17:38 INFO  RaftServerConfigKeys:46 - raft.server.log.queue.byte-limit = 4294967296 (custom)
2022-08-05 07:17:38 INFO  RaftServerConfigKeys:46 - raft.server.log.queue.element-limit = 1024 (custom)
2022-08-05 07:17:38 INFO  RaftServerConfigKeys:46 - raft.server.log.segment.size.max = 1048576 (custom)
2022-08-05 07:17:38 INFO  RaftServerConfigKeys:46 - raft.server.log.preallocated.size = 16384 (custom)
2022-08-05 07:17:38 INFO  RaftServerConfigKeys:46 - raft.server.log.force.sync.num = 128 (default)
2022-08-05 07:17:38 INFO  RaftServerConfigKeys:46 - raft.server.log.statemachine.data.sync = true (default)
2022-08-05 07:17:38 INFO  RaftServerConfigKeys:46 - raft.server.log.statemachine.data.sync.timeout = 10s (default)
2022-08-05 07:17:38 INFO  RaftServerConfigKeys:46 - raft.server.log.statemachine.data.sync.timeout.retry = -1 (default)
2022-08-05 07:17:38 INFO  RaftServerConfigKeys:46 - raft.server.log.write.buffer.size = 1048576 (custom)
2022-08-05 07:17:38 INFO  RaftServerConfigKeys:46 - raft.server.log.unsafe-flush.enabled = false (default)
2022-08-05 07:17:38 INFO  RaftServerConfigKeys:46 - raft.server.log.statemachine.data.caching.enabled = true (custom)
2022-08-05 07:17:38 INFO  AuthenticationFilter:240 - Unable to initialize FileSignerSecretProvider, falling back to use random secrets.
2022-08-05 07:17:38 INFO  HttpRequestLog:86 - Http request log for http.requests.hddsDatanode is not defined
2022-08-05 07:17:38 INFO  HttpServer2:1029 - Added global filter 'safety' (class=org.apache.hadoop.hdds.server.http.HttpServer2$QuotingInputFilter)
2022-08-05 07:17:38 INFO  HttpServer2:1005 - Added filter static_user_filter (class=org.apache.hadoop.http.lib.StaticUserWebFilter$StaticUserFilter) to context hddsDatanode
2022-08-05 07:17:38 INFO  HttpServer2:1013 - Added filter static_user_filter (class=org.apache.hadoop.http.lib.StaticUserWebFilter$StaticUserFilter) to context static
2022-08-05 07:17:38 INFO  HttpServer2:1013 - Added filter static_user_filter (class=org.apache.hadoop.http.lib.StaticUserWebFilter$StaticUserFilter) to context logs
2022-08-05 07:17:38 INFO  RaftServer$Division:393 - 06b2bd80-13ad-46c1-aeb5-b43255ab8ef0@group-C4E09B9A1403: set configuration 0: [06b2bd80-13ad-46c1-aeb5-b43255ab8ef0|rpc:datanode-0.datanode.default.svc.cluster.local:9856|admin:datanode-0.datanode.default.svc.cluster.local:9857|client:datanode-0.datanode.default.svc.cluster.local:9858|dataStream:|priority:1], old=null
2022-08-05 07:17:38 INFO  LogSegment:173 - Successfully read 1 entries from segment file /data/metadata/ratis/2e75b3b1-62a3-4a52-a02c-c4e09b9a1403/current/log_inprogress_0
2022-08-05 07:17:38 INFO  SegmentedRaftLogWorker:135 - 06b2bd80-13ad-46c1-aeb5-b43255ab8ef0@group-C4E09B9A1403-SegmentedRaftLogWorker: flushIndex: setUnconditionally 0 -> 0
2022-08-05 07:17:38 INFO  SegmentedRaftLogWorker:135 - 06b2bd80-13ad-46c1-aeb5-b43255ab8ef0@group-C4E09B9A1403-SegmentedRaftLogWorker: safeCacheEvictIndex: setUnconditionally 0 -> -1
2022-08-05 07:17:39 INFO  HttpServer2:1248 - Jetty bound to port 9882
2022-08-05 07:17:39 INFO  Server:375 - jetty-9.4.43.v20210629; built: 2021-06-30T11:07:22.254Z; git: 526006ecfa3af7f1a27ef3a288e2bef7ea9dd7e8; jvm 11.0.14.1+1-LTS
2022-08-05 07:17:39 INFO  RaftServerConfigKeys:46 - raft.server.snapshot.auto.trigger.enabled = true (custom)
2022-08-05 07:17:39 INFO  RaftServerConfigKeys:46 - raft.server.snapshot.auto.trigger.threshold = 10000 (custom)
2022-08-05 07:17:39 INFO  RaftServerConfigKeys:46 - raft.server.snapshot.retention.file.num = 5 (custom)
2022-08-05 07:17:39 INFO  RaftServerConfigKeys:46 - raft.server.log.purge.upto.snapshot.index = false (default)
2022-08-05 07:17:39 INFO  RaftServerConfigKeys:46 - raft.server.retrycache.expirytime = 600000ms (custom)
2022-08-05 07:17:39 INFO  RaftServerConfigKeys:46 - raft.server.retrycache.statistics.expirytime = 100?s (default)
2022-08-05 07:17:39 INFO  RaftServerConfigKeys:46 - raft.server.log.appender.install.snapshot.enabled = false (custom)
2022-08-05 07:17:39 INFO  RaftServerConfigKeys:46 - raft.server.threadpool.server.cached = true (default)
2022-08-05 07:17:39 INFO  RaftServerConfigKeys:46 - raft.server.threadpool.server.size = 0 (default)
2022-08-05 07:17:39 INFO  RaftServerConfigKeys:46 - raft.server.threadpool.client.cached = true (default)
2022-08-05 07:17:39 INFO  RaftServerConfigKeys:46 - raft.server.threadpool.client.size = 0 (default)
2022-08-05 07:17:39 INFO  RaftServer$Division:190 - 06b2bd80-13ad-46c1-aeb5-b43255ab8ef0: new RaftServerImpl for group-D1B387C4CCA7:[] with ContainerStateMachine:uninitialized
2022-08-05 07:17:39 INFO  RaftServerConfigKeys:46 - raft.server.rpc.timeout.min = 5s (custom)
2022-08-05 07:17:39 INFO  RaftServerConfigKeys:46 - raft.server.rpc.timeout.max = 5200ms (custom)
2022-08-05 07:17:39 INFO  RaftServerConfigKeys:46 - raft.server.rpc.sleep.time = 25ms (default)
2022-08-05 07:17:39 INFO  RaftServerConfigKeys:46 - raft.server.rpc.slowness.timeout = 300s (custom)
2022-08-05 07:17:39 INFO  RaftServerConfigKeys:46 - raft.server.leaderelection.leader.step-down.wait-time = 10s (default)
2022-08-05 07:17:39 INFO  RaftServerConfigKeys:46 - raft.server.sleep.deviation.threshold = 300ms (default)
2022-08-05 07:17:39 INFO  session:334 - DefaultSessionIdManager workerName=node0
2022-08-05 07:17:39 INFO  RaftServer$Division:107 - 06b2bd80-13ad-46c1-aeb5-b43255ab8ef0@group-D1B387C4CCA7: ConfigurationManager, init=-1: [], old=null, confs=<EMPTY_MAP>
2022-08-05 07:17:39 INFO  RaftServerConfigKeys:46 - raft.server.storage.dir = [/data/metadata/ratis] (custom)
2022-08-05 07:17:39 INFO  session:339 - No SessionScavenger set, using defaults
2022-08-05 07:17:39 INFO  RaftServerConfigKeys:46 - raft.server.log.corruption.policy = EXCEPTION (default)
2022-08-05 07:17:39 INFO  RaftServerConfigKeys:46 - raft.server.storage.free-space.min = 0MB (=0) (default)
2022-08-05 07:17:39 INFO  session:132 - node0 Scavenging every 660000ms
2022-08-05 07:17:39 INFO  RaftStorageDirectory:230 - Lock on /data/metadata/ratis/8a6bb70f-dda9-4190-b58c-d1b387c4cca7/in_use.lock acquired by nodename 7@datanode-0
2022-08-05 07:17:39 INFO  RaftStorage:110 - Read RaftStorageMetadata{term=1, votedFor=06b2bd80-13ad-46c1-aeb5-b43255ab8ef0} from /data/metadata/ratis/8a6bb70f-dda9-4190-b58c-d1b387c4cca7/current/raft-meta
2022-08-05 07:17:39 INFO  ContainerStateMachine:245 - group-D1B387C4CCA7: Setting the last applied index to (t:1, i:4)
2022-08-05 07:17:39 INFO  RaftServer$Division:393 - 06b2bd80-13ad-46c1-aeb5-b43255ab8ef0@group-D1B387C4CCA7: set configuration 0: [06b2bd80-13ad-46c1-aeb5-b43255ab8ef0|rpc:datanode-0.datanode.default.svc.cluster.local:9856|admin:datanode-0.datanode.default.svc.cluster.local:9857|client:datanode-0.datanode.default.svc.cluster.local:9858|dataStream:|priority:1, 0c07e204-2302-4c93-8d91-d26fc107c166|rpc:datanode-1.datanode.default.svc.cluster.local:9856|admin:datanode-1.datanode.default.svc.cluster.local:9857|client:datanode-1.datanode.default.svc.cluster.local:9858|dataStream:|priority:0, 700cf8e4-09c7-4c73-913c-47e0f0849324|rpc:datanode-2.datanode.default.svc.cluster.local:9856|admin:datanode-2.datanode.default.svc.cluster.local:9857|client:datanode-2.datanode.default.svc.cluster.local:9858|dataStream:|priority:0], old=null
2022-08-05 07:17:39 INFO  RaftServerConfigKeys:46 - raft.server.notification.no-leader.timeout = 300s (custom)
2022-08-05 07:17:39 INFO  RaftServerConfigKeys:46 - raft.server.log.use.memory = false (default)
2022-08-05 07:17:39 INFO  RaftServerConfigKeys:46 - raft.server.log.purge.gap = 1000000 (custom)
2022-08-05 07:17:39 INFO  RaftServerConfigKeys:46 - raft.server.log.appender.buffer.byte-limit = 33554432 (custom)
2022-08-05 07:17:39 INFO  RaftServerConfigKeys:46 - raft.server.log.statemachine.data.read.timeout = 1000ms (default)
2022-08-05 07:17:39 INFO  RaftServerConfigKeys:46 - raft.server.log.segment.size.max = 1048576 (custom)
2022-08-05 07:17:39 INFO  RaftServerConfigKeys:46 - raft.server.log.segment.cache.num.max = 2 (custom)
2022-08-05 07:17:39 INFO  RaftServerConfigKeys:46 - raft.server.log.segment.cache.size.max = 200MB (=209715200) (default)
2022-08-05 07:17:39 INFO  SegmentedRaftLogWorker:187 - new 06b2bd80-13ad-46c1-aeb5-b43255ab8ef0@group-D1B387C4CCA7-SegmentedRaftLogWorker for RaftStorageImpl:Storage Directory /data/metadata/ratis/8a6bb70f-dda9-4190-b58c-d1b387c4cca7
2022-08-05 07:17:39 INFO  RaftServerConfigKeys:46 - raft.server.log.queue.byte-limit = 4294967296 (custom)
2022-08-05 07:17:39 INFO  RaftServerConfigKeys:46 - raft.server.log.queue.element-limit = 1024 (custom)
2022-08-05 07:17:39 INFO  RaftServerConfigKeys:46 - raft.server.log.segment.size.max = 1048576 (custom)
2022-08-05 07:17:39 INFO  RaftServerConfigKeys:46 - raft.server.log.preallocated.size = 16384 (custom)
2022-08-05 07:17:39 INFO  RaftServerConfigKeys:46 - raft.server.log.force.sync.num = 128 (default)
2022-08-05 07:17:39 INFO  RaftServerConfigKeys:46 - raft.server.log.statemachine.data.sync = true (default)
2022-08-05 07:17:39 INFO  RaftServerConfigKeys:46 - raft.server.log.statemachine.data.sync.timeout = 10s (default)
2022-08-05 07:17:39 INFO  RaftServerConfigKeys:46 - raft.server.log.statemachine.data.sync.timeout.retry = -1 (default)
2022-08-05 07:17:39 INFO  RaftServerConfigKeys:46 - raft.server.log.write.buffer.size = 1048576 (custom)
2022-08-05 07:17:39 INFO  RaftServerConfigKeys:46 - raft.server.log.unsafe-flush.enabled = false (default)
2022-08-05 07:17:39 INFO  RaftServerConfigKeys:46 - raft.server.log.statemachine.data.caching.enabled = true (custom)
2022-08-05 07:17:39 INFO  RaftServer$Division:393 - 06b2bd80-13ad-46c1-aeb5-b43255ab8ef0@group-D1B387C4CCA7: set configuration 0: [06b2bd80-13ad-46c1-aeb5-b43255ab8ef0|rpc:datanode-0.datanode.default.svc.cluster.local:9856|admin:datanode-0.datanode.default.svc.cluster.local:9857|client:datanode-0.datanode.default.svc.cluster.local:9858|dataStream:|priority:1, 0c07e204-2302-4c93-8d91-d26fc107c166|rpc:datanode-1.datanode.default.svc.cluster.local:9856|admin:datanode-1.datanode.default.svc.cluster.local:9857|client:datanode-1.datanode.default.svc.cluster.local:9858|dataStream:|priority:0, 700cf8e4-09c7-4c73-913c-47e0f0849324|rpc:datanode-2.datanode.default.svc.cluster.local:9856|admin:datanode-2.datanode.default.svc.cluster.local:9857|client:datanode-2.datanode.default.svc.cluster.local:9858|dataStream:|priority:0], old=null
2022-08-05 07:17:39 INFO  LogSegment:173 - Successfully read 5 entries from segment file /data/metadata/ratis/8a6bb70f-dda9-4190-b58c-d1b387c4cca7/current/log_inprogress_0
2022-08-05 07:17:39 INFO  SegmentedRaftLogWorker:135 - 06b2bd80-13ad-46c1-aeb5-b43255ab8ef0@group-D1B387C4CCA7-SegmentedRaftLogWorker: flushIndex: setUnconditionally 0 -> 4
2022-08-05 07:17:39 INFO  SegmentedRaftLogWorker:135 - 06b2bd80-13ad-46c1-aeb5-b43255ab8ef0@group-D1B387C4CCA7-SegmentedRaftLogWorker: safeCacheEvictIndex: setUnconditionally 0 -> -1
2022-08-05 07:17:39 INFO  ContextHandler:915 - Started o.e.j.s.ServletContextHandler@15e1f8fe{logs,/logs,file:///var/log/hadoop/,AVAILABLE}
2022-08-05 07:17:39 INFO  ContextHandler:915 - Started o.e.j.s.ServletContextHandler@2dd1086{static,/static,jar:file:/opt/hadoop/share/ozone/lib/hdds-container-service-1.3.0-SNAPSHOT.jar!/webapps/static,AVAILABLE}
2022-08-05 07:17:39 INFO  RaftLog:53 - 06b2bd80-13ad-46c1-aeb5-b43255ab8ef0@group-D1B387C4CCA7-SegmentedRaftLog: commitIndex: updateToMax old=4, new=2, updated? false
2022-08-05 07:17:39 INFO  RaftServerConfigKeys:46 - raft.server.snapshot.auto.trigger.enabled = true (custom)
2022-08-05 07:17:39 INFO  RaftServerConfigKeys:46 - raft.server.snapshot.auto.trigger.threshold = 10000 (custom)
2022-08-05 07:17:39 INFO  RaftServerConfigKeys:46 - raft.server.snapshot.retention.file.num = 5 (custom)
2022-08-05 07:17:39 INFO  RaftServerConfigKeys:46 - raft.server.log.purge.upto.snapshot.index = false (default)
2022-08-05 07:17:39 INFO  RaftServerConfigKeys:46 - raft.server.retrycache.expirytime = 600000ms (custom)
2022-08-05 07:17:39 INFO  RaftServerConfigKeys:46 - raft.server.retrycache.statistics.expirytime = 100?s (default)
2022-08-05 07:17:39 INFO  RaftServerConfigKeys:46 - raft.server.log.appender.install.snapshot.enabled = false (custom)
2022-08-05 07:17:39 INFO  RaftServerConfigKeys:46 - raft.server.threadpool.server.cached = true (default)
2022-08-05 07:17:39 INFO  RaftServerConfigKeys:46 - raft.server.threadpool.server.size = 0 (default)
2022-08-05 07:17:39 INFO  RaftServerConfigKeys:46 - raft.server.threadpool.client.cached = true (default)
2022-08-05 07:17:39 INFO  RaftServerConfigKeys:46 - raft.server.threadpool.client.size = 0 (default)
2022-08-05 07:17:39 INFO  ContextHandler:915 - Started o.e.j.w.WebAppContext@4f1afe8f{hddsDatanode,/,file:///tmp/jetty-0_0_0_0-9882-hdds-container-service-1_3_0-SNAPSHOT_jar-_-any-4436133731816798110/webapp/,AVAILABLE}{jar:file:/opt/hadoop/share/ozone/lib/hdds-container-service-1.3.0-SNAPSHOT.jar!/webapps/hddsDatanode}
2022-08-05 07:17:40 INFO  AbstractConnector:331 - Started ServerConnector@2f95653f{HTTP/1.1, (http/1.1)}{0.0.0.0:9882}
2022-08-05 07:17:40 INFO  Server:415 - Started @16506ms
2022-08-05 07:17:40 INFO  MetricsSinkAdapter:204 - Sink prometheus started
2022-08-05 07:17:40 INFO  MetricsSystemImpl:305 - Registered sink prometheus
2022-08-05 07:17:40 INFO  BaseHttpServer:329 - HTTP server of hddsDatanode listening at http://0.0.0.0:9882
2022-08-05 07:17:40 INFO  DatanodeStateMachine:492 - Ozone container server started.
2022-08-05 07:17:40 INFO  JvmPauseMonitor:188 - Starting JVM pause monitor
2022-08-05 07:17:40 INFO  InitDatanodeState:138 - DatanodeDetails is persisted to /data/datanode.id
2022-08-05 07:17:42 INFO  OzoneContainer:377 - Attempting to start container services.
2022-08-05 07:17:42 INFO  OzoneContainer:312 - Background container scanner has been disabled.
2022-08-05 07:17:42 INFO  XceiverServerRatis:481 - Starting XceiverServerRatis 06b2bd80-13ad-46c1-aeb5-b43255ab8ef0
2022-08-05 07:17:42 INFO  RaftServer$Division:310 - 06b2bd80-13ad-46c1-aeb5-b43255ab8ef0@group-C4E09B9A1403: start as a follower, conf=0: [06b2bd80-13ad-46c1-aeb5-b43255ab8ef0|rpc:datanode-0.datanode.default.svc.cluster.local:9856|admin:datanode-0.datanode.default.svc.cluster.local:9857|client:datanode-0.datanode.default.svc.cluster.local:9858|dataStream:|priority:1], old=null
2022-08-05 07:17:42 INFO  RaftServer$Division:299 - 06b2bd80-13ad-46c1-aeb5-b43255ab8ef0@group-C4E09B9A1403: changes role from      null to FOLLOWER at term 1 for startAsFollower
2022-08-05 07:17:42 INFO  RoleInfo:139 - 06b2bd80-13ad-46c1-aeb5-b43255ab8ef0: start 06b2bd80-13ad-46c1-aeb5-b43255ab8ef0@group-C4E09B9A1403-FollowerState
2022-08-05 07:17:42 INFO  RaftServer$Division:310 - 06b2bd80-13ad-46c1-aeb5-b43255ab8ef0@group-D1B387C4CCA7: start as a follower, conf=0: [06b2bd80-13ad-46c1-aeb5-b43255ab8ef0|rpc:datanode-0.datanode.default.svc.cluster.local:9856|admin:datanode-0.datanode.default.svc.cluster.local:9857|client:datanode-0.datanode.default.svc.cluster.local:9858|dataStream:|priority:1, 0c07e204-2302-4c93-8d91-d26fc107c166|rpc:datanode-1.datanode.default.svc.cluster.local:9856|admin:datanode-1.datanode.default.svc.cluster.local:9857|client:datanode-1.datanode.default.svc.cluster.local:9858|dataStream:|priority:0, 700cf8e4-09c7-4c73-913c-47e0f0849324|rpc:datanode-2.datanode.default.svc.cluster.local:9856|admin:datanode-2.datanode.default.svc.cluster.local:9857|client:datanode-2.datanode.default.svc.cluster.local:9858|dataStream:|priority:0], old=null
2022-08-05 07:17:42 INFO  RaftServer$Division:299 - 06b2bd80-13ad-46c1-aeb5-b43255ab8ef0@group-D1B387C4CCA7: changes role from      null to FOLLOWER at term 1 for startAsFollower
2022-08-05 07:17:42 INFO  JmxRegister:44 - Successfully registered JMX Bean with object name Ratis:service=RaftServer,group=group-C4E09B9A1403,id=06b2bd80-13ad-46c1-aeb5-b43255ab8ef0
2022-08-05 07:17:42 INFO  RoleInfo:139 - 06b2bd80-13ad-46c1-aeb5-b43255ab8ef0: start 06b2bd80-13ad-46c1-aeb5-b43255ab8ef0@group-D1B387C4CCA7-FollowerState
2022-08-05 07:17:42 INFO  JmxRegister:44 - Successfully registered JMX Bean with object name Ratis:service=RaftServer,group=group-D1B387C4CCA7,id=06b2bd80-13ad-46c1-aeb5-b43255ab8ef0
2022-08-05 07:17:42 INFO  RaftServer:382 - 06b2bd80-13ad-46c1-aeb5-b43255ab8ef0: start RPC server
2022-08-05 07:17:42 INFO  GrpcService:260 - 06b2bd80-13ad-46c1-aeb5-b43255ab8ef0: GrpcService started, listening on 9856
2022-08-05 07:17:42 INFO  GrpcService:260 - 06b2bd80-13ad-46c1-aeb5-b43255ab8ef0: GrpcService started, listening on 9857
2022-08-05 07:17:42 INFO  GrpcService:260 - 06b2bd80-13ad-46c1-aeb5-b43255ab8ef0: GrpcService started, listening on 9858
2022-08-05 07:17:42 INFO  XceiverServerRatis:502 - XceiverServerRatis 06b2bd80-13ad-46c1-aeb5-b43255ab8ef0 is started using port 9858 for RATIS
2022-08-05 07:17:42 INFO  XceiverServerRatis:502 - XceiverServerRatis 06b2bd80-13ad-46c1-aeb5-b43255ab8ef0 is started using port 9857 for RATIS_ADMIN
2022-08-05 07:17:42 INFO  XceiverServerRatis:502 - XceiverServerRatis 06b2bd80-13ad-46c1-aeb5-b43255ab8ef0 is started using port 9856 for RATIS_SERVER
2022-08-05 07:17:42 INFO  JvmPauseMonitor:103 - JvmPauseMonitor-06b2bd80-13ad-46c1-aeb5-b43255ab8ef0: Started
2022-08-05 07:17:47 INFO  RaftServer:107 - 06b2bd80-13ad-46c1-aeb5-b43255ab8ef0: remove  FOLLOWER 06b2bd80-13ad-46c1-aeb5-b43255ab8ef0@group-C4E09B9A1403:t1, leader=null, voted=06b2bd80-13ad-46c1-aeb5-b43255ab8ef0, raftlog=06b2bd80-13ad-46c1-aeb5-b43255ab8ef0@group-C4E09B9A1403-SegmentedRaftLog:OPENED:c0, conf=0: [06b2bd80-13ad-46c1-aeb5-b43255ab8ef0|rpc:datanode-0.datanode.default.svc.cluster.local:9856|admin:datanode-0.datanode.default.svc.cluster.local:9857|client:datanode-0.datanode.default.svc.cluster.local:9858|dataStream:|priority:1], old=null RUNNING
2022-08-05 07:17:47 INFO  RaftServer$Division:434 - 06b2bd80-13ad-46c1-aeb5-b43255ab8ef0@group-C4E09B9A1403: shutdown
2022-08-05 07:17:47 INFO  JmxRegister:73 - Successfully un-registered JMX Bean with object name Ratis:service=RaftServer,group=group-C4E09B9A1403,id=06b2bd80-13ad-46c1-aeb5-b43255ab8ef0
2022-08-05 07:17:47 INFO  RoleInfo:110 - 06b2bd80-13ad-46c1-aeb5-b43255ab8ef0: shutdown 06b2bd80-13ad-46c1-aeb5-b43255ab8ef0@group-C4E09B9A1403-FollowerState
2022-08-05 07:17:47 INFO  StateMachineUpdater:153 - 06b2bd80-13ad-46c1-aeb5-b43255ab8ef0@group-C4E09B9A1403-StateMachineUpdater: set stopIndex = 0
2022-08-05 07:17:47 INFO  FollowerState:152 - 06b2bd80-13ad-46c1-aeb5-b43255ab8ef0@group-C4E09B9A1403-FollowerState was interrupted
2022-08-05 07:17:47 INFO  RaftServer$Division:429 - 06b2bd80-13ad-46c1-aeb5-b43255ab8ef0@group-C4E09B9A1403: closes. applyIndex: 0
2022-08-05 07:17:47 INFO  SegmentedRaftLogWorker:336 - 06b2bd80-13ad-46c1-aeb5-b43255ab8ef0@group-C4E09B9A1403-SegmentedRaftLogWorker was interrupted, exiting. There are 0 tasks remaining in the queue.
2022-08-05 07:17:47 INFO  SegmentedRaftLogWorker:246 - 06b2bd80-13ad-46c1-aeb5-b43255ab8ef0@group-C4E09B9A1403-SegmentedRaftLogWorker close()
2022-08-05 07:17:47 INFO  RaftServer$Division:404 - 06b2bd80-13ad-46c1-aeb5-b43255ab8ef0@group-C4E09B9A1403: Succeed to remove RaftStorageDirectory Storage Directory /data/metadata/ratis/2e75b3b1-62a3-4a52-a02c-c4e09b9a1403
2022-08-05 07:17:47 INFO  ClosePipelineCommandHandler:78 - Close Pipeline PipelineID=2e75b3b1-62a3-4a52-a02c-c4e09b9a1403 command on datanode 06b2bd80-13ad-46c1-aeb5-b43255ab8ef0.
2022-08-05 07:17:47 ERROR CloseContainerCommandHandler:86 - Container #2 does not exist in datanode. Container close failed.
2022-08-05 07:17:47 INFO  RaftServer:107 - 06b2bd80-13ad-46c1-aeb5-b43255ab8ef0: remove  FOLLOWER 06b2bd80-13ad-46c1-aeb5-b43255ab8ef0@group-D1B387C4CCA7:t1, leader=null, voted=06b2bd80-13ad-46c1-aeb5-b43255ab8ef0, raftlog=06b2bd80-13ad-46c1-aeb5-b43255ab8ef0@group-D1B387C4CCA7-SegmentedRaftLog:OPENED:c4, conf=0: [06b2bd80-13ad-46c1-aeb5-b43255ab8ef0|rpc:datanode-0.datanode.default.svc.cluster.local:9856|admin:datanode-0.datanode.default.svc.cluster.local:9857|client:datanode-0.datanode.default.svc.cluster.local:9858|dataStream:|priority:1, 0c07e204-2302-4c93-8d91-d26fc107c166|rpc:datanode-1.datanode.default.svc.cluster.local:9856|admin:datanode-1.datanode.default.svc.cluster.local:9857|client:datanode-1.datanode.default.svc.cluster.local:9858|dataStream:|priority:0, 700cf8e4-09c7-4c73-913c-47e0f0849324|rpc:datanode-2.datanode.default.svc.cluster.local:9856|admin:datanode-2.datanode.default.svc.cluster.local:9857|client:datanode-2.datanode.default.svc.cluster.local:9858|dataStream:|priority:0], old=null RUNNING
2022-08-05 07:17:47 INFO  RaftServer$Division:434 - 06b2bd80-13ad-46c1-aeb5-b43255ab8ef0@group-D1B387C4CCA7: shutdown
2022-08-05 07:17:47 INFO  JmxRegister:73 - Successfully un-registered JMX Bean with object name Ratis:service=RaftServer,group=group-D1B387C4CCA7,id=06b2bd80-13ad-46c1-aeb5-b43255ab8ef0
2022-08-05 07:17:47 INFO  RoleInfo:110 - 06b2bd80-13ad-46c1-aeb5-b43255ab8ef0: shutdown 06b2bd80-13ad-46c1-aeb5-b43255ab8ef0@group-D1B387C4CCA7-FollowerState
2022-08-05 07:17:47 INFO  StateMachineUpdater:153 - 06b2bd80-13ad-46c1-aeb5-b43255ab8ef0@group-D1B387C4CCA7-StateMachineUpdater: set stopIndex = 4
2022-08-05 07:17:47 INFO  RaftServer$Division:429 - 06b2bd80-13ad-46c1-aeb5-b43255ab8ef0@group-D1B387C4CCA7: closes. applyIndex: 4
2022-08-05 07:17:47 INFO  FollowerState:152 - 06b2bd80-13ad-46c1-aeb5-b43255ab8ef0@group-D1B387C4CCA7-FollowerState was interrupted
2022-08-05 07:17:47 INFO  SegmentedRaftLogWorker:336 - 06b2bd80-13ad-46c1-aeb5-b43255ab8ef0@group-D1B387C4CCA7-SegmentedRaftLogWorker was interrupted, exiting. There are 0 tasks remaining in the queue.
2022-08-05 07:17:47 INFO  SegmentedRaftLogWorker:246 - 06b2bd80-13ad-46c1-aeb5-b43255ab8ef0@group-D1B387C4CCA7-SegmentedRaftLogWorker close()
2022-08-05 07:17:47 INFO  KeyValueContainer:431 - Container 1 is synced with bcsId 2.
2022-08-05 07:17:47 INFO  KeyValueContainer:431 - Container 1 is synced with bcsId 2.
2022-08-05 07:17:47 INFO  RaftServer$Division:404 - 06b2bd80-13ad-46c1-aeb5-b43255ab8ef0@group-D1B387C4CCA7: Succeed to remove RaftStorageDirectory Storage Directory /data/metadata/ratis/8a6bb70f-dda9-4190-b58c-d1b387c4cca7
2022-08-05 07:17:47 INFO  ClosePipelineCommandHandler:78 - Close Pipeline PipelineID=8a6bb70f-dda9-4190-b58c-d1b387c4cca7 command on datanode 06b2bd80-13ad-46c1-aeb5-b43255ab8ef0.
2022-08-05 07:17:47 INFO  RaftServer$Division:190 - 06b2bd80-13ad-46c1-aeb5-b43255ab8ef0: new RaftServerImpl for group-02B4A7E6E6AD:[06b2bd80-13ad-46c1-aeb5-b43255ab8ef0|rpc:datanode-0.datanode.default.svc.cluster.local:9856|admin:datanode-0.datanode.default.svc.cluster.local:9857|client:datanode-0.datanode.default.svc.cluster.local:9858|priority:1] with ContainerStateMachine:uninitialized
2022-08-05 07:17:47 INFO  RaftServerConfigKeys:46 - raft.server.rpc.timeout.min = 5s (custom)
2022-08-05 07:17:47 INFO  RaftServerConfigKeys:46 - raft.server.rpc.timeout.max = 5200ms (custom)
2022-08-05 07:17:47 INFO  RaftServerConfigKeys:46 - raft.server.rpc.sleep.time = 25ms (default)
2022-08-05 07:17:47 INFO  RaftServerConfigKeys:46 - raft.server.rpc.slowness.timeout = 300s (custom)
2022-08-05 07:17:47 INFO  RaftServerConfigKeys:46 - raft.server.leaderelection.leader.step-down.wait-time = 10s (default)
2022-08-05 07:17:47 INFO  RaftServerConfigKeys:46 - raft.server.sleep.deviation.threshold = 300ms (default)
2022-08-05 07:17:47 INFO  RaftServer$Division:107 - 06b2bd80-13ad-46c1-aeb5-b43255ab8ef0@group-02B4A7E6E6AD: ConfigurationManager, init=-1: [06b2bd80-13ad-46c1-aeb5-b43255ab8ef0|rpc:datanode-0.datanode.default.svc.cluster.local:9856|admin:datanode-0.datanode.default.svc.cluster.local:9857|client:datanode-0.datanode.default.svc.cluster.local:9858|priority:1], old=null, confs=<EMPTY_MAP>
2022-08-05 07:17:47 INFO  RaftServerConfigKeys:46 - raft.server.storage.dir = [/data/metadata/ratis] (custom)
2022-08-05 07:17:47 INFO  RaftServerConfigKeys:46 - raft.server.log.corruption.policy = EXCEPTION (default)
2022-08-05 07:17:47 INFO  RaftServerConfigKeys:46 - raft.server.storage.free-space.min = 0MB (=0) (default)
2022-08-05 07:17:47 INFO  RaftStorageDirectory:135 - The storage directory /data/metadata/ratis/4343a96b-a70c-4439-8c55-02b4a7e6e6ad does not exist. Creating ...
2022-08-05 07:17:47 INFO  RaftServer:96 - 06b2bd80-13ad-46c1-aeb5-b43255ab8ef0: addNew group-02B4A7E6E6AD:[06b2bd80-13ad-46c1-aeb5-b43255ab8ef0|rpc:datanode-0.datanode.default.svc.cluster.local:9856|admin:datanode-0.datanode.default.svc.cluster.local:9857|client:datanode-0.datanode.default.svc.cluster.local:9858|priority:1] returns group-02B4A7E6E6AD:java.util.concurrent.CompletableFuture@458bd4ec[Not completed]
2022-08-05 07:17:47 INFO  RaftStorageDirectory:230 - Lock on /data/metadata/ratis/4343a96b-a70c-4439-8c55-02b4a7e6e6ad/in_use.lock acquired by nodename 7@datanode-0
2022-08-05 07:17:47 INFO  RaftStorage:89 - Storage directory /data/metadata/ratis/4343a96b-a70c-4439-8c55-02b4a7e6e6ad has been successfully formatted.
2022-08-05 07:17:47 INFO  ContainerStateMachine:236 - group-02B4A7E6E6AD: The snapshot info is null. Setting the last applied indexto:(t:0, i:~)
2022-08-05 07:17:47 INFO  RaftServerConfigKeys:46 - raft.server.notification.no-leader.timeout = 300s (custom)
2022-08-05 07:17:47 INFO  RaftServerConfigKeys:46 - raft.server.log.use.memory = false (default)
2022-08-05 07:17:47 INFO  RaftServerConfigKeys:46 - raft.server.log.purge.gap = 1000000 (custom)
2022-08-05 07:17:47 INFO  RaftServerConfigKeys:46 - raft.server.log.appender.buffer.byte-limit = 33554432 (custom)
2022-08-05 07:17:47 INFO  RaftServerConfigKeys:46 - raft.server.log.statemachine.data.read.timeout = 1000ms (default)
2022-08-05 07:17:47 INFO  RaftServerConfigKeys:46 - raft.server.log.segment.size.max = 1048576 (custom)
2022-08-05 07:17:47 INFO  RaftServerConfigKeys:46 - raft.server.log.segment.cache.num.max = 2 (custom)
2022-08-05 07:17:47 INFO  RaftServerConfigKeys:46 - raft.server.log.segment.cache.size.max = 200MB (=209715200) (default)
2022-08-05 07:17:47 INFO  SegmentedRaftLogWorker:187 - new 06b2bd80-13ad-46c1-aeb5-b43255ab8ef0@group-02B4A7E6E6AD-SegmentedRaftLogWorker for RaftStorageImpl:Storage Directory /data/metadata/ratis/4343a96b-a70c-4439-8c55-02b4a7e6e6ad
2022-08-05 07:17:47 INFO  RaftServerConfigKeys:46 - raft.server.log.queue.byte-limit = 4294967296 (custom)
2022-08-05 07:17:47 INFO  RaftServerConfigKeys:46 - raft.server.log.queue.element-limit = 1024 (custom)
2022-08-05 07:17:47 INFO  RaftServerConfigKeys:46 - raft.server.log.segment.size.max = 1048576 (custom)
2022-08-05 07:17:47 INFO  RaftServerConfigKeys:46 - raft.server.log.preallocated.size = 16384 (custom)
2022-08-05 07:17:47 INFO  RaftServerConfigKeys:46 - raft.server.log.force.sync.num = 128 (default)
2022-08-05 07:17:47 INFO  RaftServerConfigKeys:46 - raft.server.log.statemachine.data.sync = true (default)
2022-08-05 07:17:47 INFO  RaftServerConfigKeys:46 - raft.server.log.statemachine.data.sync.timeout = 10s (default)
2022-08-05 07:17:47 INFO  RaftServerConfigKeys:46 - raft.server.log.statemachine.data.sync.timeout.retry = -1 (default)
2022-08-05 07:17:47 INFO  RaftServerConfigKeys:46 - raft.server.log.write.buffer.size = 1048576 (custom)
2022-08-05 07:17:47 INFO  RaftServerConfigKeys:46 - raft.server.log.unsafe-flush.enabled = false (default)
2022-08-05 07:17:47 INFO  RaftServerConfigKeys:46 - raft.server.log.statemachine.data.caching.enabled = true (custom)
2022-08-05 07:17:47 INFO  SegmentedRaftLogWorker:135 - 06b2bd80-13ad-46c1-aeb5-b43255ab8ef0@group-02B4A7E6E6AD-SegmentedRaftLogWorker: flushIndex: setUnconditionally 0 -> -1
2022-08-05 07:17:47 INFO  SegmentedRaftLogWorker:135 - 06b2bd80-13ad-46c1-aeb5-b43255ab8ef0@group-02B4A7E6E6AD-SegmentedRaftLogWorker: safeCacheEvictIndex: setUnconditionally 0 -> -1
2022-08-05 07:17:47 INFO  RaftServerConfigKeys:46 - raft.server.snapshot.auto.trigger.enabled = true (custom)
2022-08-05 07:17:47 INFO  RaftServerConfigKeys:46 - raft.server.snapshot.auto.trigger.threshold = 10000 (custom)
2022-08-05 07:17:47 INFO  RaftServerConfigKeys:46 - raft.server.snapshot.retention.file.num = 5 (custom)
2022-08-05 07:17:47 INFO  RaftServerConfigKeys:46 - raft.server.log.purge.upto.snapshot.index = false (default)
2022-08-05 07:17:47 INFO  RaftServerConfigKeys:46 - raft.server.retrycache.expirytime = 600000ms (custom)
2022-08-05 07:17:47 INFO  RaftServerConfigKeys:46 - raft.server.retrycache.statistics.expirytime = 100?s (default)
2022-08-05 07:17:47 INFO  RaftServerConfigKeys:46 - raft.server.log.appender.install.snapshot.enabled = false (custom)
2022-08-05 07:17:47 INFO  RaftServerConfigKeys:46 - raft.server.threadpool.server.cached = true (default)
2022-08-05 07:17:47 INFO  RaftServerConfigKeys:46 - raft.server.threadpool.server.size = 0 (default)
2022-08-05 07:17:47 INFO  RaftServerConfigKeys:46 - raft.server.threadpool.client.cached = true (default)
2022-08-05 07:17:47 INFO  RaftServerConfigKeys:46 - raft.server.threadpool.client.size = 0 (default)
2022-08-05 07:17:47 INFO  RaftServer$Division:310 - 06b2bd80-13ad-46c1-aeb5-b43255ab8ef0@group-02B4A7E6E6AD: start as a follower, conf=-1: [06b2bd80-13ad-46c1-aeb5-b43255ab8ef0|rpc:datanode-0.datanode.default.svc.cluster.local:9856|admin:datanode-0.datanode.default.svc.cluster.local:9857|client:datanode-0.datanode.default.svc.cluster.local:9858|priority:1], old=null
2022-08-05 07:17:47 INFO  RaftServer$Division:299 - 06b2bd80-13ad-46c1-aeb5-b43255ab8ef0@group-02B4A7E6E6AD: changes role from      null to FOLLOWER at term 0 for startAsFollower
2022-08-05 07:17:47 INFO  RoleInfo:139 - 06b2bd80-13ad-46c1-aeb5-b43255ab8ef0: start 06b2bd80-13ad-46c1-aeb5-b43255ab8ef0@group-02B4A7E6E6AD-FollowerState
2022-08-05 07:17:47 INFO  JmxRegister:44 - Successfully registered JMX Bean with object name Ratis:service=RaftServer,group=group-02B4A7E6E6AD,id=06b2bd80-13ad-46c1-aeb5-b43255ab8ef0
2022-08-05 07:17:47 INFO  XceiverServerRatis:765 - Created group PipelineID=4343a96b-a70c-4439-8c55-02b4a7e6e6ad
2022-08-05 07:17:47 INFO  CreatePipelineCommandHandler:113 - Created Pipeline RATIS ONE PipelineID=4343a96b-a70c-4439-8c55-02b4a7e6e6ad.
2022-08-05 07:17:47 INFO  RaftServer:96 - 06b2bd80-13ad-46c1-aeb5-b43255ab8ef0: addNew group-E86FCE8EF868:[06b2bd80-13ad-46c1-aeb5-b43255ab8ef0|rpc:datanode-0.datanode.default.svc.cluster.local:9856|admin:datanode-0.datanode.default.svc.cluster.local:9857|client:datanode-0.datanode.default.svc.cluster.local:9858|priority:0, 0c07e204-2302-4c93-8d91-d26fc107c166|rpc:datanode-1.datanode.default.svc.cluster.local:9856|admin:datanode-1.datanode.default.svc.cluster.local:9857|client:datanode-1.datanode.default.svc.cluster.local:9858|priority:0, 700cf8e4-09c7-4c73-913c-47e0f0849324|rpc:datanode-2.datanode.default.svc.cluster.local:9856|admin:datanode-2.datanode.default.svc.cluster.local:9857|client:datanode-2.datanode.default.svc.cluster.local:9858|priority:1] returns group-E86FCE8EF868:java.util.concurrent.CompletableFuture@1a79ebf9[Not completed]
2022-08-05 07:17:47 INFO  RaftServer$Division:190 - 06b2bd80-13ad-46c1-aeb5-b43255ab8ef0: new RaftServerImpl for group-E86FCE8EF868:[06b2bd80-13ad-46c1-aeb5-b43255ab8ef0|rpc:datanode-0.datanode.default.svc.cluster.local:9856|admin:datanode-0.datanode.default.svc.cluster.local:9857|client:datanode-0.datanode.default.svc.cluster.local:9858|priority:0, 0c07e204-2302-4c93-8d91-d26fc107c166|rpc:datanode-1.datanode.default.svc.cluster.local:9856|admin:datanode-1.datanode.default.svc.cluster.local:9857|client:datanode-1.datanode.default.svc.cluster.local:9858|priority:0, 700cf8e4-09c7-4c73-913c-47e0f0849324|rpc:datanode-2.datanode.default.svc.cluster.local:9856|admin:datanode-2.datanode.default.svc.cluster.local:9857|client:datanode-2.datanode.default.svc.cluster.local:9858|priority:1] with ContainerStateMachine:uninitialized
2022-08-05 07:17:47 INFO  RaftServerConfigKeys:46 - raft.server.rpc.timeout.min = 5s (custom)
2022-08-05 07:17:47 INFO  RaftServerConfigKeys:46 - raft.server.rpc.timeout.max = 5200ms (custom)
2022-08-05 07:17:47 INFO  RaftServerConfigKeys:46 - raft.server.rpc.sleep.time = 25ms (default)
2022-08-05 07:17:47 INFO  RaftServerConfigKeys:46 - raft.server.rpc.slowness.timeout = 300s (custom)
2022-08-05 07:17:47 INFO  RaftServerConfigKeys:46 - raft.server.leaderelection.leader.step-down.wait-time = 10s (default)
2022-08-05 07:17:47 INFO  RaftServerConfigKeys:46 - raft.server.sleep.deviation.threshold = 300ms (default)
2022-08-05 07:17:47 INFO  RaftServer$Division:107 - 06b2bd80-13ad-46c1-aeb5-b43255ab8ef0@group-E86FCE8EF868: ConfigurationManager, init=-1: [06b2bd80-13ad-46c1-aeb5-b43255ab8ef0|rpc:datanode-0.datanode.default.svc.cluster.local:9856|admin:datanode-0.datanode.default.svc.cluster.local:9857|client:datanode-0.datanode.default.svc.cluster.local:9858|priority:0, 0c07e204-2302-4c93-8d91-d26fc107c166|rpc:datanode-1.datanode.default.svc.cluster.local:9856|admin:datanode-1.datanode.default.svc.cluster.local:9857|client:datanode-1.datanode.default.svc.cluster.local:9858|priority:0, 700cf8e4-09c7-4c73-913c-47e0f0849324|rpc:datanode-2.datanode.default.svc.cluster.local:9856|admin:datanode-2.datanode.default.svc.cluster.local:9857|client:datanode-2.datanode.default.svc.cluster.local:9858|priority:1], old=null, confs=<EMPTY_MAP>
2022-08-05 07:17:47 INFO  RaftServerConfigKeys:46 - raft.server.storage.dir = [/data/metadata/ratis] (custom)
2022-08-05 07:17:47 INFO  RaftServerConfigKeys:46 - raft.server.log.corruption.policy = EXCEPTION (default)
2022-08-05 07:17:47 INFO  RaftServerConfigKeys:46 - raft.server.storage.free-space.min = 0MB (=0) (default)
2022-08-05 07:17:47 INFO  RaftStorageDirectory:135 - The storage directory /data/metadata/ratis/6df0bf1d-64fb-46fa-9078-e86fce8ef868 does not exist. Creating ...
2022-08-05 07:17:47 INFO  RaftStorageDirectory:230 - Lock on /data/metadata/ratis/6df0bf1d-64fb-46fa-9078-e86fce8ef868/in_use.lock acquired by nodename 7@datanode-0
2022-08-05 07:17:47 INFO  RaftStorage:89 - Storage directory /data/metadata/ratis/6df0bf1d-64fb-46fa-9078-e86fce8ef868 has been successfully formatted.
2022-08-05 07:17:47 INFO  ContainerStateMachine:236 - group-E86FCE8EF868: The snapshot info is null. Setting the last applied indexto:(t:0, i:~)
2022-08-05 07:17:47 INFO  RaftServerConfigKeys:46 - raft.server.notification.no-leader.timeout = 300s (custom)
2022-08-05 07:17:47 INFO  RaftServerConfigKeys:46 - raft.server.log.use.memory = false (default)
2022-08-05 07:17:47 INFO  RaftServerConfigKeys:46 - raft.server.log.purge.gap = 1000000 (custom)
2022-08-05 07:17:47 INFO  RaftServerConfigKeys:46 - raft.server.log.appender.buffer.byte-limit = 33554432 (custom)
2022-08-05 07:17:47 INFO  RaftServerConfigKeys:46 - raft.server.log.statemachine.data.read.timeout = 1000ms (default)
2022-08-05 07:17:47 INFO  RaftServerConfigKeys:46 - raft.server.log.segment.size.max = 1048576 (custom)
2022-08-05 07:17:47 INFO  RaftServerConfigKeys:46 - raft.server.log.segment.cache.num.max = 2 (custom)
2022-08-05 07:17:47 INFO  RaftServerConfigKeys:46 - raft.server.log.segment.cache.size.max = 200MB (=209715200) (default)
2022-08-05 07:17:47 INFO  SegmentedRaftLogWorker:187 - new 06b2bd80-13ad-46c1-aeb5-b43255ab8ef0@group-E86FCE8EF868-SegmentedRaftLogWorker for RaftStorageImpl:Storage Directory /data/metadata/ratis/6df0bf1d-64fb-46fa-9078-e86fce8ef868
2022-08-05 07:17:47 INFO  RaftServerConfigKeys:46 - raft.server.log.queue.byte-limit = 4294967296 (custom)
2022-08-05 07:17:47 INFO  RaftServerConfigKeys:46 - raft.server.log.queue.element-limit = 1024 (custom)
2022-08-05 07:17:47 INFO  RaftServerConfigKeys:46 - raft.server.log.segment.size.max = 1048576 (custom)
2022-08-05 07:17:47 INFO  RaftServerConfigKeys:46 - raft.server.log.preallocated.size = 16384 (custom)
2022-08-05 07:17:47 INFO  RaftServerConfigKeys:46 - raft.server.log.force.sync.num = 128 (default)
2022-08-05 07:17:47 INFO  RaftServerConfigKeys:46 - raft.server.log.statemachine.data.sync = true (default)
2022-08-05 07:17:47 INFO  RaftServerConfigKeys:46 - raft.server.log.statemachine.data.sync.timeout = 10s (default)
2022-08-05 07:17:47 INFO  RaftServerConfigKeys:46 - raft.server.log.statemachine.data.sync.timeout.retry = -1 (default)
2022-08-05 07:17:47 INFO  RaftServerConfigKeys:46 - raft.server.log.write.buffer.size = 1048576 (custom)
2022-08-05 07:17:47 INFO  RaftServerConfigKeys:46 - raft.server.log.unsafe-flush.enabled = false (default)
2022-08-05 07:17:47 INFO  RaftServerConfigKeys:46 - raft.server.log.statemachine.data.caching.enabled = true (custom)
2022-08-05 07:17:47 INFO  SegmentedRaftLogWorker:135 - 06b2bd80-13ad-46c1-aeb5-b43255ab8ef0@group-E86FCE8EF868-SegmentedRaftLogWorker: flushIndex: setUnconditionally 0 -> -1
2022-08-05 07:17:47 INFO  SegmentedRaftLogWorker:135 - 06b2bd80-13ad-46c1-aeb5-b43255ab8ef0@group-E86FCE8EF868-SegmentedRaftLogWorker: safeCacheEvictIndex: setUnconditionally 0 -> -1
2022-08-05 07:17:47 INFO  RaftServerConfigKeys:46 - raft.server.snapshot.auto.trigger.enabled = true (custom)
2022-08-05 07:17:47 INFO  RaftServerConfigKeys:46 - raft.server.snapshot.auto.trigger.threshold = 10000 (custom)
2022-08-05 07:17:47 INFO  RaftServerConfigKeys:46 - raft.server.snapshot.retention.file.num = 5 (custom)
2022-08-05 07:17:47 INFO  RaftServerConfigKeys:46 - raft.server.log.purge.upto.snapshot.index = false (default)
2022-08-05 07:17:47 INFO  RaftServerConfigKeys:46 - raft.server.retrycache.expirytime = 600000ms (custom)
2022-08-05 07:17:47 INFO  RaftServerConfigKeys:46 - raft.server.retrycache.statistics.expirytime = 100?s (default)
2022-08-05 07:17:47 INFO  RaftServerConfigKeys:46 - raft.server.log.appender.install.snapshot.enabled = false (custom)
2022-08-05 07:17:47 INFO  RaftServerConfigKeys:46 - raft.server.threadpool.server.cached = true (default)
2022-08-05 07:17:47 INFO  RaftServerConfigKeys:46 - raft.server.threadpool.server.size = 0 (default)
2022-08-05 07:17:47 INFO  RaftServerConfigKeys:46 - raft.server.threadpool.client.cached = true (default)
2022-08-05 07:17:47 INFO  RaftServerConfigKeys:46 - raft.server.threadpool.client.size = 0 (default)
2022-08-05 07:17:47 INFO  RaftServer$Division:310 - 06b2bd80-13ad-46c1-aeb5-b43255ab8ef0@group-E86FCE8EF868: start as a follower, conf=-1: [06b2bd80-13ad-46c1-aeb5-b43255ab8ef0|rpc:datanode-0.datanode.default.svc.cluster.local:9856|admin:datanode-0.datanode.default.svc.cluster.local:9857|client:datanode-0.datanode.default.svc.cluster.local:9858|priority:0, 0c07e204-2302-4c93-8d91-d26fc107c166|rpc:datanode-1.datanode.default.svc.cluster.local:9856|admin:datanode-1.datanode.default.svc.cluster.local:9857|client:datanode-1.datanode.default.svc.cluster.local:9858|priority:0, 700cf8e4-09c7-4c73-913c-47e0f0849324|rpc:datanode-2.datanode.default.svc.cluster.local:9856|admin:datanode-2.datanode.default.svc.cluster.local:9857|client:datanode-2.datanode.default.svc.cluster.local:9858|priority:1], old=null
2022-08-05 07:17:47 INFO  RaftServer$Division:299 - 06b2bd80-13ad-46c1-aeb5-b43255ab8ef0@group-E86FCE8EF868: changes role from      null to FOLLOWER at term 0 for startAsFollower
2022-08-05 07:17:47 INFO  RoleInfo:139 - 06b2bd80-13ad-46c1-aeb5-b43255ab8ef0: start 06b2bd80-13ad-46c1-aeb5-b43255ab8ef0@group-E86FCE8EF868-FollowerState
2022-08-05 07:17:47 INFO  JmxRegister:44 - Successfully registered JMX Bean with object name Ratis:service=RaftServer,group=group-E86FCE8EF868,id=06b2bd80-13ad-46c1-aeb5-b43255ab8ef0
2022-08-05 07:17:47 INFO  XceiverServerRatis:765 - Created group PipelineID=6df0bf1d-64fb-46fa-9078-e86fce8ef868
2022-08-05 07:17:49 INFO  CreatePipelineCommandHandler:113 - Created Pipeline RATIS THREE PipelineID=6df0bf1d-64fb-46fa-9078-e86fce8ef868.
2022-08-05 07:17:49 INFO  RaftServer:107 - 06b2bd80-13ad-46c1-aeb5-b43255ab8ef0: remove  FOLLOWER 06b2bd80-13ad-46c1-aeb5-b43255ab8ef0@group-E86FCE8EF868:t0, leader=null, voted=, raftlog=06b2bd80-13ad-46c1-aeb5-b43255ab8ef0@group-E86FCE8EF868-SegmentedRaftLog:OPENED:c-1, conf=-1: [06b2bd80-13ad-46c1-aeb5-b43255ab8ef0|rpc:datanode-0.datanode.default.svc.cluster.local:9856|admin:datanode-0.datanode.default.svc.cluster.local:9857|client:datanode-0.datanode.default.svc.cluster.local:9858|priority:0, 0c07e204-2302-4c93-8d91-d26fc107c166|rpc:datanode-1.datanode.default.svc.cluster.local:9856|admin:datanode-1.datanode.default.svc.cluster.local:9857|client:datanode-1.datanode.default.svc.cluster.local:9858|priority:0, 700cf8e4-09c7-4c73-913c-47e0f0849324|rpc:datanode-2.datanode.default.svc.cluster.local:9856|admin:datanode-2.datanode.default.svc.cluster.local:9857|client:datanode-2.datanode.default.svc.cluster.local:9858|priority:1], old=null RUNNING
2022-08-05 07:17:49 INFO  RaftServer$Division:434 - 06b2bd80-13ad-46c1-aeb5-b43255ab8ef0@group-E86FCE8EF868: shutdown
2022-08-05 07:17:49 INFO  JmxRegister:73 - Successfully un-registered JMX Bean with object name Ratis:service=RaftServer,group=group-E86FCE8EF868,id=06b2bd80-13ad-46c1-aeb5-b43255ab8ef0
2022-08-05 07:17:49 INFO  RoleInfo:110 - 06b2bd80-13ad-46c1-aeb5-b43255ab8ef0: shutdown 06b2bd80-13ad-46c1-aeb5-b43255ab8ef0@group-E86FCE8EF868-FollowerState
2022-08-05 07:17:49 INFO  FollowerState:152 - 06b2bd80-13ad-46c1-aeb5-b43255ab8ef0@group-E86FCE8EF868-FollowerState was interrupted
2022-08-05 07:17:49 INFO  StateMachineUpdater:153 - 06b2bd80-13ad-46c1-aeb5-b43255ab8ef0@group-E86FCE8EF868-StateMachineUpdater: set stopIndex = -1
2022-08-05 07:17:49 INFO  RaftServer$Division:429 - 06b2bd80-13ad-46c1-aeb5-b43255ab8ef0@group-E86FCE8EF868: closes. applyIndex: -1
2022-08-05 07:17:49 INFO  SegmentedRaftLogWorker:336 - 06b2bd80-13ad-46c1-aeb5-b43255ab8ef0@group-E86FCE8EF868-SegmentedRaftLogWorker was interrupted, exiting. There are 0 tasks remaining in the queue.
2022-08-05 07:17:49 INFO  SegmentedRaftLogWorker:246 - 06b2bd80-13ad-46c1-aeb5-b43255ab8ef0@group-E86FCE8EF868-SegmentedRaftLogWorker close()
2022-08-05 07:17:49 INFO  RaftServer$Division:404 - 06b2bd80-13ad-46c1-aeb5-b43255ab8ef0@group-E86FCE8EF868: Succeed to remove RaftStorageDirectory Storage Directory /data/metadata/ratis/6df0bf1d-64fb-46fa-9078-e86fce8ef868
2022-08-05 07:17:49 INFO  ClosePipelineCommandHandler:78 - Close Pipeline PipelineID=6df0bf1d-64fb-46fa-9078-e86fce8ef868 command on datanode 06b2bd80-13ad-46c1-aeb5-b43255ab8ef0.
2022-08-05 07:17:49 INFO  RaftServer$Division:190 - 06b2bd80-13ad-46c1-aeb5-b43255ab8ef0: new RaftServerImpl for group-A9C1C1C24232:[06b2bd80-13ad-46c1-aeb5-b43255ab8ef0|rpc:datanode-0.datanode.default.svc.cluster.local:9856|admin:datanode-0.datanode.default.svc.cluster.local:9857|client:datanode-0.datanode.default.svc.cluster.local:9858|priority:0, 0c07e204-2302-4c93-8d91-d26fc107c166|rpc:datanode-1.datanode.default.svc.cluster.local:9856|admin:datanode-1.datanode.default.svc.cluster.local:9857|client:datanode-1.datanode.default.svc.cluster.local:9858|priority:0, 700cf8e4-09c7-4c73-913c-47e0f0849324|rpc:datanode-2.datanode.default.svc.cluster.local:9856|admin:datanode-2.datanode.default.svc.cluster.local:9857|client:datanode-2.datanode.default.svc.cluster.local:9858|priority:1] with ContainerStateMachine:uninitialized
2022-08-05 07:17:49 INFO  RaftServerConfigKeys:46 - raft.server.rpc.timeout.min = 5s (custom)
2022-08-05 07:17:49 INFO  RaftServerConfigKeys:46 - raft.server.rpc.timeout.max = 5200ms (custom)
2022-08-05 07:17:49 INFO  RaftServerConfigKeys:46 - raft.server.rpc.sleep.time = 25ms (default)
2022-08-05 07:17:49 INFO  RaftServerConfigKeys:46 - raft.server.rpc.slowness.timeout = 300s (custom)
2022-08-05 07:17:49 INFO  RaftServerConfigKeys:46 - raft.server.leaderelection.leader.step-down.wait-time = 10s (default)
2022-08-05 07:17:49 INFO  RaftServerConfigKeys:46 - raft.server.sleep.deviation.threshold = 300ms (default)
2022-08-05 07:17:49 INFO  RaftServer$Division:107 - 06b2bd80-13ad-46c1-aeb5-b43255ab8ef0@group-A9C1C1C24232: ConfigurationManager, init=-1: [06b2bd80-13ad-46c1-aeb5-b43255ab8ef0|rpc:datanode-0.datanode.default.svc.cluster.local:9856|admin:datanode-0.datanode.default.svc.cluster.local:9857|client:datanode-0.datanode.default.svc.cluster.local:9858|priority:0, 0c07e204-2302-4c93-8d91-d26fc107c166|rpc:datanode-1.datanode.default.svc.cluster.local:9856|admin:datanode-1.datanode.default.svc.cluster.local:9857|client:datanode-1.datanode.default.svc.cluster.local:9858|priority:0, 700cf8e4-09c7-4c73-913c-47e0f0849324|rpc:datanode-2.datanode.default.svc.cluster.local:9856|admin:datanode-2.datanode.default.svc.cluster.local:9857|client:datanode-2.datanode.default.svc.cluster.local:9858|priority:1], old=null, confs=<EMPTY_MAP>
2022-08-05 07:17:49 INFO  RaftServerConfigKeys:46 - raft.server.storage.dir = [/data/metadata/ratis] (custom)
2022-08-05 07:17:49 INFO  RaftServerConfigKeys:46 - raft.server.log.corruption.policy = EXCEPTION (default)
2022-08-05 07:17:49 INFO  RaftServerConfigKeys:46 - raft.server.storage.free-space.min = 0MB (=0) (default)
2022-08-05 07:17:49 INFO  RaftStorageDirectory:135 - The storage directory /data/metadata/ratis/6310de2d-f4fc-417d-b22c-a9c1c1c24232 does not exist. Creating ...
2022-08-05 07:17:49 INFO  RaftServer:96 - 06b2bd80-13ad-46c1-aeb5-b43255ab8ef0: addNew group-A9C1C1C24232:[06b2bd80-13ad-46c1-aeb5-b43255ab8ef0|rpc:datanode-0.datanode.default.svc.cluster.local:9856|admin:datanode-0.datanode.default.svc.cluster.local:9857|client:datanode-0.datanode.default.svc.cluster.local:9858|priority:0, 0c07e204-2302-4c93-8d91-d26fc107c166|rpc:datanode-1.datanode.default.svc.cluster.local:9856|admin:datanode-1.datanode.default.svc.cluster.local:9857|client:datanode-1.datanode.default.svc.cluster.local:9858|priority:0, 700cf8e4-09c7-4c73-913c-47e0f0849324|rpc:datanode-2.datanode.default.svc.cluster.local:9856|admin:datanode-2.datanode.default.svc.cluster.local:9857|client:datanode-2.datanode.default.svc.cluster.local:9858|priority:1] returns group-A9C1C1C24232:java.util.concurrent.CompletableFuture@257b95be[Not completed]
2022-08-05 07:17:49 INFO  RaftStorageDirectory:230 - Lock on /data/metadata/ratis/6310de2d-f4fc-417d-b22c-a9c1c1c24232/in_use.lock acquired by nodename 7@datanode-0
2022-08-05 07:17:49 INFO  RaftStorage:89 - Storage directory /data/metadata/ratis/6310de2d-f4fc-417d-b22c-a9c1c1c24232 has been successfully formatted.
2022-08-05 07:17:49 INFO  ContainerStateMachine:236 - group-A9C1C1C24232: The snapshot info is null. Setting the last applied indexto:(t:0, i:~)
2022-08-05 07:17:49 INFO  RaftServerConfigKeys:46 - raft.server.notification.no-leader.timeout = 300s (custom)
2022-08-05 07:17:49 INFO  RaftServerConfigKeys:46 - raft.server.log.use.memory = false (default)
2022-08-05 07:17:49 INFO  RaftServerConfigKeys:46 - raft.server.log.purge.gap = 1000000 (custom)
2022-08-05 07:17:49 INFO  RaftServerConfigKeys:46 - raft.server.log.appender.buffer.byte-limit = 33554432 (custom)
2022-08-05 07:17:49 INFO  RaftServerConfigKeys:46 - raft.server.log.statemachine.data.read.timeout = 1000ms (default)
2022-08-05 07:17:49 INFO  RaftServerConfigKeys:46 - raft.server.log.segment.size.max = 1048576 (custom)
2022-08-05 07:17:49 INFO  RaftServerConfigKeys:46 - raft.server.log.segment.cache.num.max = 2 (custom)
2022-08-05 07:17:49 INFO  RaftServerConfigKeys:46 - raft.server.log.segment.cache.size.max = 200MB (=209715200) (default)
2022-08-05 07:17:49 INFO  SegmentedRaftLogWorker:187 - new 06b2bd80-13ad-46c1-aeb5-b43255ab8ef0@group-A9C1C1C24232-SegmentedRaftLogWorker for RaftStorageImpl:Storage Directory /data/metadata/ratis/6310de2d-f4fc-417d-b22c-a9c1c1c24232
2022-08-05 07:17:49 INFO  RaftServerConfigKeys:46 - raft.server.log.queue.byte-limit = 4294967296 (custom)
2022-08-05 07:17:49 INFO  RaftServerConfigKeys:46 - raft.server.log.queue.element-limit = 1024 (custom)
2022-08-05 07:17:49 INFO  RaftServerConfigKeys:46 - raft.server.log.segment.size.max = 1048576 (custom)
2022-08-05 07:17:49 INFO  RaftServerConfigKeys:46 - raft.server.log.preallocated.size = 16384 (custom)
2022-08-05 07:17:49 INFO  RaftServerConfigKeys:46 - raft.server.log.force.sync.num = 128 (default)
2022-08-05 07:17:49 INFO  RaftServerConfigKeys:46 - raft.server.log.statemachine.data.sync = true (default)
2022-08-05 07:17:49 INFO  RaftServerConfigKeys:46 - raft.server.log.statemachine.data.sync.timeout = 10s (default)
2022-08-05 07:17:49 INFO  RaftServerConfigKeys:46 - raft.server.log.statemachine.data.sync.timeout.retry = -1 (default)
2022-08-05 07:17:49 INFO  RaftServerConfigKeys:46 - raft.server.log.write.buffer.size = 1048576 (custom)
2022-08-05 07:17:49 INFO  RaftServerConfigKeys:46 - raft.server.log.unsafe-flush.enabled = false (default)
2022-08-05 07:17:49 INFO  RaftServerConfigKeys:46 - raft.server.log.statemachine.data.caching.enabled = true (custom)
2022-08-05 07:17:49 INFO  SegmentedRaftLogWorker:135 - 06b2bd80-13ad-46c1-aeb5-b43255ab8ef0@group-A9C1C1C24232-SegmentedRaftLogWorker: flushIndex: setUnconditionally 0 -> -1
2022-08-05 07:17:49 INFO  SegmentedRaftLogWorker:135 - 06b2bd80-13ad-46c1-aeb5-b43255ab8ef0@group-A9C1C1C24232-SegmentedRaftLogWorker: safeCacheEvictIndex: setUnconditionally 0 -> -1
2022-08-05 07:17:49 INFO  RaftServerConfigKeys:46 - raft.server.snapshot.auto.trigger.enabled = true (custom)
2022-08-05 07:17:49 INFO  RaftServerConfigKeys:46 - raft.server.snapshot.auto.trigger.threshold = 10000 (custom)
2022-08-05 07:17:49 INFO  RaftServerConfigKeys:46 - raft.server.snapshot.retention.file.num = 5 (custom)
2022-08-05 07:17:49 INFO  RaftServerConfigKeys:46 - raft.server.log.purge.upto.snapshot.index = false (default)
2022-08-05 07:17:49 INFO  RaftServerConfigKeys:46 - raft.server.retrycache.expirytime = 600000ms (custom)
2022-08-05 07:17:49 INFO  RaftServerConfigKeys:46 - raft.server.retrycache.statistics.expirytime = 100?s (default)
2022-08-05 07:17:49 INFO  RaftServerConfigKeys:46 - raft.server.log.appender.install.snapshot.enabled = false (custom)
2022-08-05 07:17:49 INFO  RaftServerConfigKeys:46 - raft.server.threadpool.server.cached = true (default)
2022-08-05 07:17:49 INFO  RaftServerConfigKeys:46 - raft.server.threadpool.server.size = 0 (default)
2022-08-05 07:17:49 INFO  RaftServerConfigKeys:46 - raft.server.threadpool.client.cached = true (default)
2022-08-05 07:17:49 INFO  RaftServerConfigKeys:46 - raft.server.threadpool.client.size = 0 (default)
2022-08-05 07:17:49 INFO  RaftServer$Division:310 - 06b2bd80-13ad-46c1-aeb5-b43255ab8ef0@group-A9C1C1C24232: start as a follower, conf=-1: [06b2bd80-13ad-46c1-aeb5-b43255ab8ef0|rpc:datanode-0.datanode.default.svc.cluster.local:9856|admin:datanode-0.datanode.default.svc.cluster.local:9857|client:datanode-0.datanode.default.svc.cluster.local:9858|priority:0, 0c07e204-2302-4c93-8d91-d26fc107c166|rpc:datanode-1.datanode.default.svc.cluster.local:9856|admin:datanode-1.datanode.default.svc.cluster.local:9857|client:datanode-1.datanode.default.svc.cluster.local:9858|priority:0, 700cf8e4-09c7-4c73-913c-47e0f0849324|rpc:datanode-2.datanode.default.svc.cluster.local:9856|admin:datanode-2.datanode.default.svc.cluster.local:9857|client:datanode-2.datanode.default.svc.cluster.local:9858|priority:1], old=null
2022-08-05 07:17:49 INFO  RaftServer$Division:299 - 06b2bd80-13ad-46c1-aeb5-b43255ab8ef0@group-A9C1C1C24232: changes role from      null to FOLLOWER at term 0 for startAsFollower
2022-08-05 07:17:49 INFO  RoleInfo:139 - 06b2bd80-13ad-46c1-aeb5-b43255ab8ef0: start 06b2bd80-13ad-46c1-aeb5-b43255ab8ef0@group-A9C1C1C24232-FollowerState
2022-08-05 07:17:49 INFO  JmxRegister:44 - Successfully registered JMX Bean with object name Ratis:service=RaftServer,group=group-A9C1C1C24232,id=06b2bd80-13ad-46c1-aeb5-b43255ab8ef0
2022-08-05 07:17:49 INFO  XceiverServerRatis:765 - Created group PipelineID=6310de2d-f4fc-417d-b22c-a9c1c1c24232
2022-08-05 07:17:49 INFO  CreatePipelineCommandHandler:113 - Created Pipeline RATIS THREE PipelineID=6310de2d-f4fc-417d-b22c-a9c1c1c24232.
2022-08-05 07:17:49 INFO  RaftServer:107 - 06b2bd80-13ad-46c1-aeb5-b43255ab8ef0: remove  FOLLOWER 06b2bd80-13ad-46c1-aeb5-b43255ab8ef0@group-A9C1C1C24232:t0, leader=null, voted=, raftlog=06b2bd80-13ad-46c1-aeb5-b43255ab8ef0@group-A9C1C1C24232-SegmentedRaftLog:OPENED:c-1, conf=-1: [06b2bd80-13ad-46c1-aeb5-b43255ab8ef0|rpc:datanode-0.datanode.default.svc.cluster.local:9856|admin:datanode-0.datanode.default.svc.cluster.local:9857|client:datanode-0.datanode.default.svc.cluster.local:9858|priority:0, 0c07e204-2302-4c93-8d91-d26fc107c166|rpc:datanode-1.datanode.default.svc.cluster.local:9856|admin:datanode-1.datanode.default.svc.cluster.local:9857|client:datanode-1.datanode.default.svc.cluster.local:9858|priority:0, 700cf8e4-09c7-4c73-913c-47e0f0849324|rpc:datanode-2.datanode.default.svc.cluster.local:9856|admin:datanode-2.datanode.default.svc.cluster.local:9857|client:datanode-2.datanode.default.svc.cluster.local:9858|priority:1], old=null RUNNING
2022-08-05 07:17:49 INFO  RaftServer$Division:434 - 06b2bd80-13ad-46c1-aeb5-b43255ab8ef0@group-A9C1C1C24232: shutdown
2022-08-05 07:17:49 INFO  JmxRegister:73 - Successfully un-registered JMX Bean with object name Ratis:service=RaftServer,group=group-A9C1C1C24232,id=06b2bd80-13ad-46c1-aeb5-b43255ab8ef0
2022-08-05 07:17:49 INFO  RoleInfo:110 - 06b2bd80-13ad-46c1-aeb5-b43255ab8ef0: shutdown 06b2bd80-13ad-46c1-aeb5-b43255ab8ef0@group-A9C1C1C24232-FollowerState
2022-08-05 07:17:49 INFO  StateMachineUpdater:153 - 06b2bd80-13ad-46c1-aeb5-b43255ab8ef0@group-A9C1C1C24232-StateMachineUpdater: set stopIndex = -1
2022-08-05 07:17:49 INFO  FollowerState:152 - 06b2bd80-13ad-46c1-aeb5-b43255ab8ef0@group-A9C1C1C24232-FollowerState was interrupted
2022-08-05 07:17:49 INFO  RaftServer$Division:429 - 06b2bd80-13ad-46c1-aeb5-b43255ab8ef0@group-A9C1C1C24232: closes. applyIndex: -1
2022-08-05 07:17:49 INFO  SegmentedRaftLogWorker:336 - 06b2bd80-13ad-46c1-aeb5-b43255ab8ef0@group-A9C1C1C24232-SegmentedRaftLogWorker was interrupted, exiting. There are 0 tasks remaining in the queue.
2022-08-05 07:17:49 INFO  SegmentedRaftLogWorker:246 - 06b2bd80-13ad-46c1-aeb5-b43255ab8ef0@group-A9C1C1C24232-SegmentedRaftLogWorker close()
2022-08-05 07:17:49 INFO  RaftServer$Division:404 - 06b2bd80-13ad-46c1-aeb5-b43255ab8ef0@group-A9C1C1C24232: Succeed to remove RaftStorageDirectory Storage Directory /data/metadata/ratis/6310de2d-f4fc-417d-b22c-a9c1c1c24232
2022-08-05 07:17:49 INFO  ClosePipelineCommandHandler:78 - Close Pipeline PipelineID=6310de2d-f4fc-417d-b22c-a9c1c1c24232 command on datanode 06b2bd80-13ad-46c1-aeb5-b43255ab8ef0.
2022-08-05 07:17:49 INFO  RaftServer$Division:190 - 06b2bd80-13ad-46c1-aeb5-b43255ab8ef0: new RaftServerImpl for group-6226E194F3F5:[06b2bd80-13ad-46c1-aeb5-b43255ab8ef0|rpc:datanode-0.datanode.default.svc.cluster.local:9856|admin:datanode-0.datanode.default.svc.cluster.local:9857|client:datanode-0.datanode.default.svc.cluster.local:9858|priority:0, 0c07e204-2302-4c93-8d91-d26fc107c166|rpc:datanode-1.datanode.default.svc.cluster.local:9856|admin:datanode-1.datanode.default.svc.cluster.local:9857|client:datanode-1.datanode.default.svc.cluster.local:9858|priority:0, 700cf8e4-09c7-4c73-913c-47e0f0849324|rpc:datanode-2.datanode.default.svc.cluster.local:9856|admin:datanode-2.datanode.default.svc.cluster.local:9857|client:datanode-2.datanode.default.svc.cluster.local:9858|priority:1] with ContainerStateMachine:uninitialized
2022-08-05 07:17:49 INFO  RaftServerConfigKeys:46 - raft.server.rpc.timeout.min = 5s (custom)
2022-08-05 07:17:49 INFO  RaftServerConfigKeys:46 - raft.server.rpc.timeout.max = 5200ms (custom)
2022-08-05 07:17:49 INFO  RaftServerConfigKeys:46 - raft.server.rpc.sleep.time = 25ms (default)
2022-08-05 07:17:49 INFO  RaftServerConfigKeys:46 - raft.server.rpc.slowness.timeout = 300s (custom)
2022-08-05 07:17:49 INFO  RaftServerConfigKeys:46 - raft.server.leaderelection.leader.step-down.wait-time = 10s (default)
2022-08-05 07:17:49 INFO  RaftServerConfigKeys:46 - raft.server.sleep.deviation.threshold = 300ms (default)
2022-08-05 07:17:49 INFO  RaftServer$Division:107 - 06b2bd80-13ad-46c1-aeb5-b43255ab8ef0@group-6226E194F3F5: ConfigurationManager, init=-1: [06b2bd80-13ad-46c1-aeb5-b43255ab8ef0|rpc:datanode-0.datanode.default.svc.cluster.local:9856|admin:datanode-0.datanode.default.svc.cluster.local:9857|client:datanode-0.datanode.default.svc.cluster.local:9858|priority:0, 0c07e204-2302-4c93-8d91-d26fc107c166|rpc:datanode-1.datanode.default.svc.cluster.local:9856|admin:datanode-1.datanode.default.svc.cluster.local:9857|client:datanode-1.datanode.default.svc.cluster.local:9858|priority:0, 700cf8e4-09c7-4c73-913c-47e0f0849324|rpc:datanode-2.datanode.default.svc.cluster.local:9856|admin:datanode-2.datanode.default.svc.cluster.local:9857|client:datanode-2.datanode.default.svc.cluster.local:9858|priority:1], old=null, confs=<EMPTY_MAP>
2022-08-05 07:17:49 INFO  RaftServerConfigKeys:46 - raft.server.storage.dir = [/data/metadata/ratis] (custom)
2022-08-05 07:17:49 INFO  RaftServerConfigKeys:46 - raft.server.log.corruption.policy = EXCEPTION (default)
2022-08-05 07:17:49 INFO  RaftServerConfigKeys:46 - raft.server.storage.free-space.min = 0MB (=0) (default)
2022-08-05 07:17:49 INFO  RaftStorageDirectory:135 - The storage directory /data/metadata/ratis/f3d406bd-a151-4ced-8ed7-6226e194f3f5 does not exist. Creating ...
2022-08-05 07:17:49 INFO  RaftServer:96 - 06b2bd80-13ad-46c1-aeb5-b43255ab8ef0: addNew group-6226E194F3F5:[06b2bd80-13ad-46c1-aeb5-b43255ab8ef0|rpc:datanode-0.datanode.default.svc.cluster.local:9856|admin:datanode-0.datanode.default.svc.cluster.local:9857|client:datanode-0.datanode.default.svc.cluster.local:9858|priority:0, 0c07e204-2302-4c93-8d91-d26fc107c166|rpc:datanode-1.datanode.default.svc.cluster.local:9856|admin:datanode-1.datanode.default.svc.cluster.local:9857|client:datanode-1.datanode.default.svc.cluster.local:9858|priority:0, 700cf8e4-09c7-4c73-913c-47e0f0849324|rpc:datanode-2.datanode.default.svc.cluster.local:9856|admin:datanode-2.datanode.default.svc.cluster.local:9857|client:datanode-2.datanode.default.svc.cluster.local:9858|priority:1] returns group-6226E194F3F5:java.util.concurrent.CompletableFuture@3e174d67[Not completed]
2022-08-05 07:17:49 INFO  RaftStorageDirectory:230 - Lock on /data/metadata/ratis/f3d406bd-a151-4ced-8ed7-6226e194f3f5/in_use.lock acquired by nodename 7@datanode-0
2022-08-05 07:17:49 INFO  RaftStorage:89 - Storage directory /data/metadata/ratis/f3d406bd-a151-4ced-8ed7-6226e194f3f5 has been successfully formatted.
2022-08-05 07:17:49 INFO  ContainerStateMachine:236 - group-6226E194F3F5: The snapshot info is null. Setting the last applied indexto:(t:0, i:~)
2022-08-05 07:17:49 INFO  RaftServerConfigKeys:46 - raft.server.notification.no-leader.timeout = 300s (custom)
2022-08-05 07:17:49 INFO  RaftServerConfigKeys:46 - raft.server.log.use.memory = false (default)
2022-08-05 07:17:49 INFO  RaftServerConfigKeys:46 - raft.server.log.purge.gap = 1000000 (custom)
2022-08-05 07:17:49 INFO  RaftServerConfigKeys:46 - raft.server.log.appender.buffer.byte-limit = 33554432 (custom)
2022-08-05 07:17:49 INFO  RaftServerConfigKeys:46 - raft.server.log.statemachine.data.read.timeout = 1000ms (default)
2022-08-05 07:17:49 INFO  RaftServerConfigKeys:46 - raft.server.log.segment.size.max = 1048576 (custom)
2022-08-05 07:17:49 INFO  RaftServerConfigKeys:46 - raft.server.log.segment.cache.num.max = 2 (custom)
2022-08-05 07:17:49 INFO  RaftServerConfigKeys:46 - raft.server.log.segment.cache.size.max = 200MB (=209715200) (default)
2022-08-05 07:17:49 INFO  SegmentedRaftLogWorker:187 - new 06b2bd80-13ad-46c1-aeb5-b43255ab8ef0@group-6226E194F3F5-SegmentedRaftLogWorker for RaftStorageImpl:Storage Directory /data/metadata/ratis/f3d406bd-a151-4ced-8ed7-6226e194f3f5
2022-08-05 07:17:49 INFO  RaftServerConfigKeys:46 - raft.server.log.queue.byte-limit = 4294967296 (custom)
2022-08-05 07:17:49 INFO  RaftServerConfigKeys:46 - raft.server.log.queue.element-limit = 1024 (custom)
2022-08-05 07:17:49 INFO  RaftServerConfigKeys:46 - raft.server.log.segment.size.max = 1048576 (custom)
2022-08-05 07:17:49 INFO  RaftServerConfigKeys:46 - raft.server.log.preallocated.size = 16384 (custom)
2022-08-05 07:17:49 INFO  RaftServerConfigKeys:46 - raft.server.log.force.sync.num = 128 (default)
2022-08-05 07:17:49 INFO  RaftServerConfigKeys:46 - raft.server.log.statemachine.data.sync = true (default)
2022-08-05 07:17:49 INFO  RaftServerConfigKeys:46 - raft.server.log.statemachine.data.sync.timeout = 10s (default)
2022-08-05 07:17:49 INFO  RaftServerConfigKeys:46 - raft.server.log.statemachine.data.sync.timeout.retry = -1 (default)
2022-08-05 07:17:49 INFO  RaftServerConfigKeys:46 - raft.server.log.write.buffer.size = 1048576 (custom)
2022-08-05 07:17:49 INFO  RaftServerConfigKeys:46 - raft.server.log.unsafe-flush.enabled = false (default)
2022-08-05 07:17:49 INFO  RaftServerConfigKeys:46 - raft.server.log.statemachine.data.caching.enabled = true (custom)
2022-08-05 07:17:49 INFO  SegmentedRaftLogWorker:135 - 06b2bd80-13ad-46c1-aeb5-b43255ab8ef0@group-6226E194F3F5-SegmentedRaftLogWorker: flushIndex: setUnconditionally 0 -> -1
2022-08-05 07:17:49 INFO  SegmentedRaftLogWorker:135 - 06b2bd80-13ad-46c1-aeb5-b43255ab8ef0@group-6226E194F3F5-SegmentedRaftLogWorker: safeCacheEvictIndex: setUnconditionally 0 -> -1
2022-08-05 07:17:49 INFO  RaftServerConfigKeys:46 - raft.server.snapshot.auto.trigger.enabled = true (custom)
2022-08-05 07:17:49 INFO  RaftServerConfigKeys:46 - raft.server.snapshot.auto.trigger.threshold = 10000 (custom)
2022-08-05 07:17:49 INFO  RaftServerConfigKeys:46 - raft.server.snapshot.retention.file.num = 5 (custom)
2022-08-05 07:17:49 INFO  RaftServerConfigKeys:46 - raft.server.log.purge.upto.snapshot.index = false (default)
2022-08-05 07:17:49 INFO  RaftServerConfigKeys:46 - raft.server.retrycache.expirytime = 600000ms (custom)
2022-08-05 07:17:49 INFO  RaftServerConfigKeys:46 - raft.server.retrycache.statistics.expirytime = 100?s (default)
2022-08-05 07:17:49 INFO  RaftServerConfigKeys:46 - raft.server.log.appender.install.snapshot.enabled = false (custom)
2022-08-05 07:17:49 INFO  RaftServerConfigKeys:46 - raft.server.threadpool.server.cached = true (default)
2022-08-05 07:17:49 INFO  RaftServerConfigKeys:46 - raft.server.threadpool.server.size = 0 (default)
2022-08-05 07:17:49 INFO  RaftServerConfigKeys:46 - raft.server.threadpool.client.cached = true (default)
2022-08-05 07:17:49 INFO  RaftServerConfigKeys:46 - raft.server.threadpool.client.size = 0 (default)
2022-08-05 07:17:49 INFO  RaftServer$Division:310 - 06b2bd80-13ad-46c1-aeb5-b43255ab8ef0@group-6226E194F3F5: start as a follower, conf=-1: [06b2bd80-13ad-46c1-aeb5-b43255ab8ef0|rpc:datanode-0.datanode.default.svc.cluster.local:9856|admin:datanode-0.datanode.default.svc.cluster.local:9857|client:datanode-0.datanode.default.svc.cluster.local:9858|priority:0, 0c07e204-2302-4c93-8d91-d26fc107c166|rpc:datanode-1.datanode.default.svc.cluster.local:9856|admin:datanode-1.datanode.default.svc.cluster.local:9857|client:datanode-1.datanode.default.svc.cluster.local:9858|priority:0, 700cf8e4-09c7-4c73-913c-47e0f0849324|rpc:datanode-2.datanode.default.svc.cluster.local:9856|admin:datanode-2.datanode.default.svc.cluster.local:9857|client:datanode-2.datanode.default.svc.cluster.local:9858|priority:1], old=null
2022-08-05 07:17:49 INFO  RaftServer$Division:299 - 06b2bd80-13ad-46c1-aeb5-b43255ab8ef0@group-6226E194F3F5: changes role from      null to FOLLOWER at term 0 for startAsFollower
2022-08-05 07:17:49 INFO  RoleInfo:139 - 06b2bd80-13ad-46c1-aeb5-b43255ab8ef0: start 06b2bd80-13ad-46c1-aeb5-b43255ab8ef0@group-6226E194F3F5-FollowerState
2022-08-05 07:17:49 INFO  JmxRegister:44 - Successfully registered JMX Bean with object name Ratis:service=RaftServer,group=group-6226E194F3F5,id=06b2bd80-13ad-46c1-aeb5-b43255ab8ef0
2022-08-05 07:17:49 INFO  XceiverServerRatis:765 - Created group PipelineID=f3d406bd-a151-4ced-8ed7-6226e194f3f5
2022-08-05 07:17:49 INFO  CreatePipelineCommandHandler:113 - Created Pipeline RATIS THREE PipelineID=f3d406bd-a151-4ced-8ed7-6226e194f3f5.
2022-08-05 07:17:52 INFO  FollowerState:143 - 06b2bd80-13ad-46c1-aeb5-b43255ab8ef0@group-02B4A7E6E6AD-FollowerState: change to CANDIDATE, lastRpcElapsedTime:5083484959ns, electionTimeout:5081ms
2022-08-05 07:17:52 INFO  RoleInfo:110 - 06b2bd80-13ad-46c1-aeb5-b43255ab8ef0: shutdown 06b2bd80-13ad-46c1-aeb5-b43255ab8ef0@group-02B4A7E6E6AD-FollowerState
2022-08-05 07:17:52 INFO  RaftServer$Division:299 - 06b2bd80-13ad-46c1-aeb5-b43255ab8ef0@group-02B4A7E6E6AD: changes role from  FOLLOWER to CANDIDATE at term 0 for changeToCandidate
2022-08-05 07:17:52 INFO  RaftServerConfigKeys:46 - raft.server.leaderelection.pre-vote = false (custom)
2022-08-05 07:17:52 INFO  RoleInfo:139 - 06b2bd80-13ad-46c1-aeb5-b43255ab8ef0: start 06b2bd80-13ad-46c1-aeb5-b43255ab8ef0@group-02B4A7E6E6AD-LeaderElection1
2022-08-05 07:17:52 INFO  LeaderElection:310 - 06b2bd80-13ad-46c1-aeb5-b43255ab8ef0@group-02B4A7E6E6AD-LeaderElection1 ELECTION round 0: submit vote requests at term 1 for -1: [06b2bd80-13ad-46c1-aeb5-b43255ab8ef0|rpc:datanode-0.datanode.default.svc.cluster.local:9856|admin:datanode-0.datanode.default.svc.cluster.local:9857|client:datanode-0.datanode.default.svc.cluster.local:9858|priority:1], old=null
2022-08-05 07:17:52 INFO  LeaderElection:312 - 06b2bd80-13ad-46c1-aeb5-b43255ab8ef0@group-02B4A7E6E6AD-LeaderElection1 ELECTION round 0: result PASSED (term=1)
2022-08-05 07:17:52 INFO  RoleInfo:130 - 06b2bd80-13ad-46c1-aeb5-b43255ab8ef0: shutdown 06b2bd80-13ad-46c1-aeb5-b43255ab8ef0@group-02B4A7E6E6AD-LeaderElection1
2022-08-05 07:17:52 INFO  RaftServer$Division:299 - 06b2bd80-13ad-46c1-aeb5-b43255ab8ef0@group-02B4A7E6E6AD: changes role from CANDIDATE to LEADER at term 1 for changeToLeader
2022-08-05 07:17:52 INFO  XceiverServerRatis:863 - Leader change notification received for group: group-02B4A7E6E6AD with new leaderId: 06b2bd80-13ad-46c1-aeb5-b43255ab8ef0
2022-08-05 07:17:52 INFO  RaftServer$Division:287 - 06b2bd80-13ad-46c1-aeb5-b43255ab8ef0@group-02B4A7E6E6AD: change Leader from null to 06b2bd80-13ad-46c1-aeb5-b43255ab8ef0 at term 1 for becomeLeader, leader elected after 5114ms
2022-08-05 07:17:52 INFO  RaftServerConfigKeys:46 - raft.server.staging.catchup.gap = 1000 (default)
2022-08-05 07:17:52 INFO  RaftServerConfigKeys:46 - raft.server.write.element-limit = 1024 (custom)
2022-08-05 07:17:52 INFO  RaftServerConfigKeys:46 - raft.server.write.byte-limit = 1024 M (=1073741824) (custom)
2022-08-05 07:17:52 INFO  RaftServerConfigKeys:46 - raft.server.watch.timeout = 180s (custom)
2022-08-05 07:17:52 INFO  RaftServerConfigKeys:46 - raft.server.watch.timeout.denomination = 1s (default)
2022-08-05 07:17:52 INFO  RaftServerConfigKeys:46 - raft.server.watch.element-limit = 65536 (default)
2022-08-05 07:17:52 INFO  RaftServerConfigKeys:46 - raft.server.write.element-limit = 1024 (custom)
2022-08-05 07:17:52 INFO  RaftServerConfigKeys:46 - raft.server.write.follower.gap.ratio.max = -1.0 (default)
2022-08-05 07:17:52 INFO  RoleInfo:139 - 06b2bd80-13ad-46c1-aeb5-b43255ab8ef0: start 06b2bd80-13ad-46c1-aeb5-b43255ab8ef0@group-02B4A7E6E6AD-LeaderStateImpl
2022-08-05 07:17:52 INFO  SegmentedRaftLogWorker:425 - 06b2bd80-13ad-46c1-aeb5-b43255ab8ef0@group-02B4A7E6E6AD-SegmentedRaftLogWorker: Starting segment from index:0
2022-08-05 07:17:52 INFO  RaftServer$Division:393 - 06b2bd80-13ad-46c1-aeb5-b43255ab8ef0@group-02B4A7E6E6AD: set configuration 0: [06b2bd80-13ad-46c1-aeb5-b43255ab8ef0|rpc:datanode-0.datanode.default.svc.cluster.local:9856|admin:datanode-0.datanode.default.svc.cluster.local:9857|client:datanode-0.datanode.default.svc.cluster.local:9858|dataStream:|priority:1], old=null
2022-08-05 07:17:52 INFO  SegmentedRaftLogWorker:629 - 06b2bd80-13ad-46c1-aeb5-b43255ab8ef0@group-02B4A7E6E6AD-SegmentedRaftLogWorker: created new log segment /data/metadata/ratis/4343a96b-a70c-4439-8c55-02b4a7e6e6ad/current/log_inprogress_0
2022-08-05 07:17:54 INFO  FollowerState:143 - 06b2bd80-13ad-46c1-aeb5-b43255ab8ef0@group-6226E194F3F5-FollowerState: change to CANDIDATE, lastRpcElapsedTime:5034831547ns, electionTimeout:5025ms
2022-08-05 07:17:54 INFO  RoleInfo:110 - 06b2bd80-13ad-46c1-aeb5-b43255ab8ef0: shutdown 06b2bd80-13ad-46c1-aeb5-b43255ab8ef0@group-6226E194F3F5-FollowerState
2022-08-05 07:17:54 INFO  RaftServer$Division:299 - 06b2bd80-13ad-46c1-aeb5-b43255ab8ef0@group-6226E194F3F5: changes role from  FOLLOWER to CANDIDATE at term 0 for changeToCandidate
2022-08-05 07:17:54 INFO  RaftServerConfigKeys:46 - raft.server.leaderelection.pre-vote = false (custom)
2022-08-05 07:17:54 INFO  RoleInfo:139 - 06b2bd80-13ad-46c1-aeb5-b43255ab8ef0: start 06b2bd80-13ad-46c1-aeb5-b43255ab8ef0@group-6226E194F3F5-LeaderElection2
2022-08-05 07:17:54 INFO  LeaderElection:310 - 06b2bd80-13ad-46c1-aeb5-b43255ab8ef0@group-6226E194F3F5-LeaderElection2 ELECTION round 0: submit vote requests at term 1 for -1: [06b2bd80-13ad-46c1-aeb5-b43255ab8ef0|rpc:datanode-0.datanode.default.svc.cluster.local:9856|admin:datanode-0.datanode.default.svc.cluster.local:9857|client:datanode-0.datanode.default.svc.cluster.local:9858|priority:0, 0c07e204-2302-4c93-8d91-d26fc107c166|rpc:datanode-1.datanode.default.svc.cluster.local:9856|admin:datanode-1.datanode.default.svc.cluster.local:9857|client:datanode-1.datanode.default.svc.cluster.local:9858|priority:0, 700cf8e4-09c7-4c73-913c-47e0f0849324|rpc:datanode-2.datanode.default.svc.cluster.local:9856|admin:datanode-2.datanode.default.svc.cluster.local:9857|client:datanode-2.datanode.default.svc.cluster.local:9858|priority:1], old=null
2022-08-05 07:17:54 INFO  LeaderElection:90 - 06b2bd80-13ad-46c1-aeb5-b43255ab8ef0@group-6226E194F3F5-LeaderElection2: ELECTION REJECTED received 1 response(s) and 0 exception(s):
2022-08-05 07:17:54 INFO  LeaderElection:94 -   Response 0: 06b2bd80-13ad-46c1-aeb5-b43255ab8ef0<-700cf8e4-09c7-4c73-913c-47e0f0849324#0:FAIL-t1
2022-08-05 07:17:54 INFO  LeaderElection:312 - 06b2bd80-13ad-46c1-aeb5-b43255ab8ef0@group-6226E194F3F5-LeaderElection2 ELECTION round 0: result REJECTED
2022-08-05 07:17:54 INFO  RaftServer$Division:299 - 06b2bd80-13ad-46c1-aeb5-b43255ab8ef0@group-6226E194F3F5: changes role from CANDIDATE to FOLLOWER at term 1 for REJECTED
2022-08-05 07:17:54 INFO  RoleInfo:130 - 06b2bd80-13ad-46c1-aeb5-b43255ab8ef0: shutdown 06b2bd80-13ad-46c1-aeb5-b43255ab8ef0@group-6226E194F3F5-LeaderElection2
2022-08-05 07:17:54 INFO  RoleInfo:139 - 06b2bd80-13ad-46c1-aeb5-b43255ab8ef0: start 06b2bd80-13ad-46c1-aeb5-b43255ab8ef0@group-6226E194F3F5-FollowerState
2022-08-05 07:17:59 INFO  FollowerState:143 - 06b2bd80-13ad-46c1-aeb5-b43255ab8ef0@group-6226E194F3F5-FollowerState: change to CANDIDATE, lastRpcElapsedTime:5120055321ns, electionTimeout:5107ms
2022-08-05 07:17:59 INFO  RoleInfo:110 - 06b2bd80-13ad-46c1-aeb5-b43255ab8ef0: shutdown 06b2bd80-13ad-46c1-aeb5-b43255ab8ef0@group-6226E194F3F5-FollowerState
2022-08-05 07:17:59 INFO  RaftServer$Division:299 - 06b2bd80-13ad-46c1-aeb5-b43255ab8ef0@group-6226E194F3F5: changes role from  FOLLOWER to CANDIDATE at term 1 for changeToCandidate
2022-08-05 07:17:59 INFO  RaftServerConfigKeys:46 - raft.server.leaderelection.pre-vote = false (custom)
2022-08-05 07:17:59 INFO  RoleInfo:139 - 06b2bd80-13ad-46c1-aeb5-b43255ab8ef0: start 06b2bd80-13ad-46c1-aeb5-b43255ab8ef0@group-6226E194F3F5-LeaderElection3
2022-08-05 07:17:59 INFO  LeaderElection:310 - 06b2bd80-13ad-46c1-aeb5-b43255ab8ef0@group-6226E194F3F5-LeaderElection3 ELECTION round 0: submit vote requests at term 2 for -1: [06b2bd80-13ad-46c1-aeb5-b43255ab8ef0|rpc:datanode-0.datanode.default.svc.cluster.local:9856|admin:datanode-0.datanode.default.svc.cluster.local:9857|client:datanode-0.datanode.default.svc.cluster.local:9858|priority:0, 0c07e204-2302-4c93-8d91-d26fc107c166|rpc:datanode-1.datanode.default.svc.cluster.local:9856|admin:datanode-1.datanode.default.svc.cluster.local:9857|client:datanode-1.datanode.default.svc.cluster.local:9858|priority:0, 700cf8e4-09c7-4c73-913c-47e0f0849324|rpc:datanode-2.datanode.default.svc.cluster.local:9856|admin:datanode-2.datanode.default.svc.cluster.local:9857|client:datanode-2.datanode.default.svc.cluster.local:9858|priority:1], old=null
2022-08-05 07:17:59 INFO  LeaderElection:90 - 06b2bd80-13ad-46c1-aeb5-b43255ab8ef0@group-6226E194F3F5-LeaderElection3: ELECTION REJECTED received 1 response(s) and 0 exception(s):
2022-08-05 07:17:59 INFO  LeaderElection:94 -   Response 0: 06b2bd80-13ad-46c1-aeb5-b43255ab8ef0<-700cf8e4-09c7-4c73-913c-47e0f0849324#0:FAIL-t2
2022-08-05 07:17:59 INFO  LeaderElection:312 - 06b2bd80-13ad-46c1-aeb5-b43255ab8ef0@group-6226E194F3F5-LeaderElection3 ELECTION round 0: result REJECTED
2022-08-05 07:17:59 INFO  RaftServer$Division:299 - 06b2bd80-13ad-46c1-aeb5-b43255ab8ef0@group-6226E194F3F5: changes role from CANDIDATE to FOLLOWER at term 2 for REJECTED
2022-08-05 07:17:59 INFO  RoleInfo:130 - 06b2bd80-13ad-46c1-aeb5-b43255ab8ef0: shutdown 06b2bd80-13ad-46c1-aeb5-b43255ab8ef0@group-6226E194F3F5-LeaderElection3
2022-08-05 07:17:59 INFO  RoleInfo:139 - 06b2bd80-13ad-46c1-aeb5-b43255ab8ef0: start 06b2bd80-13ad-46c1-aeb5-b43255ab8ef0@group-6226E194F3F5-FollowerState
2022-08-05 07:17:59 INFO  RaftServer$Division:1152 - 06b2bd80-13ad-46c1-aeb5-b43255ab8ef0@group-6226E194F3F5: receive requestVote(ELECTION, 700cf8e4-09c7-4c73-913c-47e0f0849324, group-6226E194F3F5, 2, (t:0, i:0))
2022-08-05 07:17:59 INFO  VoteContext:48 - 06b2bd80-13ad-46c1-aeb5-b43255ab8ef0@group-6226E194F3F5-FOLLOWER: reject ELECTION from 700cf8e4-09c7-4c73-913c-47e0f0849324: already has voted for 06b2bd80-13ad-46c1-aeb5-b43255ab8ef0 at current term 2
2022-08-05 07:17:59 INFO  RaftServer$Division:1184 - 06b2bd80-13ad-46c1-aeb5-b43255ab8ef0@group-6226E194F3F5 replies to ELECTION vote request: 700cf8e4-09c7-4c73-913c-47e0f0849324<-06b2bd80-13ad-46c1-aeb5-b43255ab8ef0#0:FAIL-t2. Peer's state: 06b2bd80-13ad-46c1-aeb5-b43255ab8ef0@group-6226E194F3F5:t2, leader=null, voted=06b2bd80-13ad-46c1-aeb5-b43255ab8ef0, raftlog=06b2bd80-13ad-46c1-aeb5-b43255ab8ef0@group-6226E194F3F5-SegmentedRaftLog:OPENED:c-1, conf=-1: [06b2bd80-13ad-46c1-aeb5-b43255ab8ef0|rpc:datanode-0.datanode.default.svc.cluster.local:9856|admin:datanode-0.datanode.default.svc.cluster.local:9857|client:datanode-0.datanode.default.svc.cluster.local:9858|priority:0, 0c07e204-2302-4c93-8d91-d26fc107c166|rpc:datanode-1.datanode.default.svc.cluster.local:9856|admin:datanode-1.datanode.default.svc.cluster.local:9857|client:datanode-1.datanode.default.svc.cluster.local:9858|priority:0, 700cf8e4-09c7-4c73-913c-47e0f0849324|rpc:datanode-2.datanode.default.svc.cluster.local:9856|admin:datanode-2.datanode.default.svc.cluster.local:9857|client:datanode-2.datanode.default.svc.cluster.local:9858|priority:1], old=null
2022-08-05 07:18:04 INFO  FollowerState:143 - 06b2bd80-13ad-46c1-aeb5-b43255ab8ef0@group-6226E194F3F5-FollowerState: change to CANDIDATE, lastRpcElapsedTime:5122210330ns, electionTimeout:5121ms
2022-08-05 07:18:04 INFO  RoleInfo:110 - 06b2bd80-13ad-46c1-aeb5-b43255ab8ef0: shutdown 06b2bd80-13ad-46c1-aeb5-b43255ab8ef0@group-6226E194F3F5-FollowerState
2022-08-05 07:18:04 INFO  RaftServer$Division:299 - 06b2bd80-13ad-46c1-aeb5-b43255ab8ef0@group-6226E194F3F5: changes role from  FOLLOWER to CANDIDATE at term 2 for changeToCandidate
2022-08-05 07:18:04 INFO  RaftServerConfigKeys:46 - raft.server.leaderelection.pre-vote = false (custom)
2022-08-05 07:18:04 INFO  RoleInfo:139 - 06b2bd80-13ad-46c1-aeb5-b43255ab8ef0: start 06b2bd80-13ad-46c1-aeb5-b43255ab8ef0@group-6226E194F3F5-LeaderElection4
2022-08-05 07:18:04 INFO  LeaderElection:310 - 06b2bd80-13ad-46c1-aeb5-b43255ab8ef0@group-6226E194F3F5-LeaderElection4 ELECTION round 0: submit vote requests at term 3 for -1: [06b2bd80-13ad-46c1-aeb5-b43255ab8ef0|rpc:datanode-0.datanode.default.svc.cluster.local:9856|admin:datanode-0.datanode.default.svc.cluster.local:9857|client:datanode-0.datanode.default.svc.cluster.local:9858|priority:0, 0c07e204-2302-4c93-8d91-d26fc107c166|rpc:datanode-1.datanode.default.svc.cluster.local:9856|admin:datanode-1.datanode.default.svc.cluster.local:9857|client:datanode-1.datanode.default.svc.cluster.local:9858|priority:0, 700cf8e4-09c7-4c73-913c-47e0f0849324|rpc:datanode-2.datanode.default.svc.cluster.local:9856|admin:datanode-2.datanode.default.svc.cluster.local:9857|client:datanode-2.datanode.default.svc.cluster.local:9858|priority:1], old=null
2022-08-05 07:18:04 INFO  LeaderElection:90 - 06b2bd80-13ad-46c1-aeb5-b43255ab8ef0@group-6226E194F3F5-LeaderElection4: ELECTION REJECTED received 2 response(s) and 0 exception(s):
2022-08-05 07:18:04 INFO  LeaderElection:94 -   Response 0: 06b2bd80-13ad-46c1-aeb5-b43255ab8ef0<-0c07e204-2302-4c93-8d91-d26fc107c166#0:OK-t3
2022-08-05 07:18:04 INFO  LeaderElection:94 -   Response 1: 06b2bd80-13ad-46c1-aeb5-b43255ab8ef0<-700cf8e4-09c7-4c73-913c-47e0f0849324#0:FAIL-t3
2022-08-05 07:18:04 INFO  LeaderElection:312 - 06b2bd80-13ad-46c1-aeb5-b43255ab8ef0@group-6226E194F3F5-LeaderElection4 ELECTION round 0: result REJECTED
2022-08-05 07:18:04 INFO  RaftServer$Division:299 - 06b2bd80-13ad-46c1-aeb5-b43255ab8ef0@group-6226E194F3F5: changes role from CANDIDATE to FOLLOWER at term 3 for REJECTED
2022-08-05 07:18:04 INFO  RoleInfo:130 - 06b2bd80-13ad-46c1-aeb5-b43255ab8ef0: shutdown 06b2bd80-13ad-46c1-aeb5-b43255ab8ef0@group-6226E194F3F5-LeaderElection4
2022-08-05 07:18:04 INFO  RoleInfo:139 - 06b2bd80-13ad-46c1-aeb5-b43255ab8ef0: start 06b2bd80-13ad-46c1-aeb5-b43255ab8ef0@group-6226E194F3F5-FollowerState
2022-08-05 07:18:10 INFO  RaftServer$Division:1152 - 06b2bd80-13ad-46c1-aeb5-b43255ab8ef0@group-6226E194F3F5: receive requestVote(ELECTION, 700cf8e4-09c7-4c73-913c-47e0f0849324, group-6226E194F3F5, 4, (t:0, i:0))
2022-08-05 07:18:10 INFO  VoteContext:48 - 06b2bd80-13ad-46c1-aeb5-b43255ab8ef0@group-6226E194F3F5-FOLLOWER: accept ELECTION from 700cf8e4-09c7-4c73-913c-47e0f0849324: our priority 0 <= candidate's priority 1
2022-08-05 07:18:10 INFO  RaftServer$Division:299 - 06b2bd80-13ad-46c1-aeb5-b43255ab8ef0@group-6226E194F3F5: changes role from  FOLLOWER to FOLLOWER at term 4 for candidate:700cf8e4-09c7-4c73-913c-47e0f0849324
2022-08-05 07:18:10 INFO  RoleInfo:110 - 06b2bd80-13ad-46c1-aeb5-b43255ab8ef0: shutdown 06b2bd80-13ad-46c1-aeb5-b43255ab8ef0@group-6226E194F3F5-FollowerState
2022-08-05 07:18:10 INFO  RoleInfo:139 - 06b2bd80-13ad-46c1-aeb5-b43255ab8ef0: start 06b2bd80-13ad-46c1-aeb5-b43255ab8ef0@group-6226E194F3F5-FollowerState
2022-08-05 07:18:10 INFO  FollowerState:152 - 06b2bd80-13ad-46c1-aeb5-b43255ab8ef0@group-6226E194F3F5-FollowerState was interrupted
2022-08-05 07:18:10 INFO  RaftServer$Division:1184 - 06b2bd80-13ad-46c1-aeb5-b43255ab8ef0@group-6226E194F3F5 replies to ELECTION vote request: 700cf8e4-09c7-4c73-913c-47e0f0849324<-06b2bd80-13ad-46c1-aeb5-b43255ab8ef0#0:OK-t4. Peer's state: 06b2bd80-13ad-46c1-aeb5-b43255ab8ef0@group-6226E194F3F5:t4, leader=null, voted=700cf8e4-09c7-4c73-913c-47e0f0849324, raftlog=06b2bd80-13ad-46c1-aeb5-b43255ab8ef0@group-6226E194F3F5-SegmentedRaftLog:OPENED:c-1, conf=-1: [06b2bd80-13ad-46c1-aeb5-b43255ab8ef0|rpc:datanode-0.datanode.default.svc.cluster.local:9856|admin:datanode-0.datanode.default.svc.cluster.local:9857|client:datanode-0.datanode.default.svc.cluster.local:9858|priority:0, 0c07e204-2302-4c93-8d91-d26fc107c166|rpc:datanode-1.datanode.default.svc.cluster.local:9856|admin:datanode-1.datanode.default.svc.cluster.local:9857|client:datanode-1.datanode.default.svc.cluster.local:9858|priority:0, 700cf8e4-09c7-4c73-913c-47e0f0849324|rpc:datanode-2.datanode.default.svc.cluster.local:9856|admin:datanode-2.datanode.default.svc.cluster.local:9857|client:datanode-2.datanode.default.svc.cluster.local:9858|priority:1], old=null
2022-08-05 07:18:10 INFO  XceiverServerRatis:863 - Leader change notification received for group: group-6226E194F3F5 with new leaderId: 700cf8e4-09c7-4c73-913c-47e0f0849324
2022-08-05 07:18:10 INFO  RaftServer$Division:287 - 06b2bd80-13ad-46c1-aeb5-b43255ab8ef0@group-6226E194F3F5: change Leader from null to 700cf8e4-09c7-4c73-913c-47e0f0849324 at term 4 for appendEntries, leader elected after 20727ms
2022-08-05 07:18:10 INFO  RaftServer$Division:393 - 06b2bd80-13ad-46c1-aeb5-b43255ab8ef0@group-6226E194F3F5: set configuration 0: [06b2bd80-13ad-46c1-aeb5-b43255ab8ef0|rpc:datanode-0.datanode.default.svc.cluster.local:9856|admin:datanode-0.datanode.default.svc.cluster.local:9857|client:datanode-0.datanode.default.svc.cluster.local:9858|dataStream:|priority:0, 0c07e204-2302-4c93-8d91-d26fc107c166|rpc:datanode-1.datanode.default.svc.cluster.local:9856|admin:datanode-1.datanode.default.svc.cluster.local:9857|client:datanode-1.datanode.default.svc.cluster.local:9858|dataStream:|priority:0, 700cf8e4-09c7-4c73-913c-47e0f0849324|rpc:datanode-2.datanode.default.svc.cluster.local:9856|admin:datanode-2.datanode.default.svc.cluster.local:9857|client:datanode-2.datanode.default.svc.cluster.local:9858|dataStream:|priority:1], old=null
2022-08-05 07:18:10 INFO  SegmentedRaftLogWorker:425 - 06b2bd80-13ad-46c1-aeb5-b43255ab8ef0@group-6226E194F3F5-SegmentedRaftLogWorker: Starting segment from index:0
2022-08-05 07:18:10 INFO  SegmentedRaftLogWorker:629 - 06b2bd80-13ad-46c1-aeb5-b43255ab8ef0@group-6226E194F3F5-SegmentedRaftLogWorker: created new log segment /data/metadata/ratis/f3d406bd-a151-4ced-8ed7-6226e194f3f5/current/log_inprogress_0
