No '-XX:...' jvm parameters are set. Adding safer GC settings '-XX:ParallelGCThreads=8 -XX:+UseConcMarkSweepGC -XX:CMSInitiatingOccupancyFraction=70 -XX:+CMSParallelRemarkEnabled' to the HADOOP_OPTS
OpenJDK 64-Bit Server VM warning: Option UseConcMarkSweepGC was deprecated in version 9.0 and will likely be removed in a future release.
2020-08-27 09:21:49 INFO  HddsDatanodeService:112 - STARTUP_MSG: 
/************************************************************
STARTUP_MSG: Starting HddsDatanodeService
STARTUP_MSG:   host = datanode-1/10.42.0.13
STARTUP_MSG:   args = []
STARTUP_MSG:   version = 0.6.0-SNAPSHOT
STARTUP_MSG:   classpath = /etc/hadoop:/opt/hadoop/share/hadoop/common/*:/opt/hadoop/share/ozone/lib/kerb-simplekdc-1.0.1.jar:/opt/hadoop/share/ozone/lib/okhttp-4.2.2.jar:/opt/hadoop/share/ozone/lib/jackson-databind-2.10.3.jar:/opt/hadoop/share/ozone/lib/protobuf-java-2.5.0.jar:/opt/hadoop/share/ozone/lib/bcpkix-jdk15on-1.60.jar:/opt/hadoop/share/ozone/lib/log4j-api-2.13.3.jar:/opt/hadoop/share/ozone/lib/netty-3.10.5.Final.jar:/opt/hadoop/share/ozone/lib/commons-validator-1.6.jar:/opt/hadoop/share/ozone/lib/hadoop-hdds-client-0.6.0-SNAPSHOT.jar:/opt/hadoop/share/ozone/lib/jaxb-impl-2.3.0.1.jar:/opt/hadoop/share/ozone/lib/kotlin-stdlib-common-1.3.50.jar:/opt/hadoop/share/ozone/lib/kerb-core-1.0.1.jar:/opt/hadoop/share/ozone/lib/picocli-4.4.0.jar:/opt/hadoop/share/ozone/lib/jsr305-3.0.0.jar:/opt/hadoop/share/ozone/lib/ratis-proto-1.0.0.jar:/opt/hadoop/share/ozone/lib/j2objc-annotations-1.3.jar:/opt/hadoop/share/ozone/lib/leveldbjni-all-1.8.jar:/opt/hadoop/share/ozone/lib/jetty-io-9.4.26.v20200117.jar:/opt/hadoop/share/ozone/lib/hadoop-auth-3.2.1.jar:/opt/hadoop/share/ozone/lib/jaeger-tracerresolver-1.2.0.jar:/opt/hadoop/share/ozone/lib/ratis-client-1.0.0.jar:/opt/hadoop/share/ozone/lib/htrace-core4-4.1.0-incubating.jar:/opt/hadoop/share/ozone/lib/jaxb-api-2.3.0.jar:/opt/hadoop/share/ozone/lib/kerb-util-1.0.1.jar:/opt/hadoop/share/ozone/lib/jetty-http-9.4.26.v20200117.jar:/opt/hadoop/share/ozone/lib/ratis-netty-1.0.0.jar:/opt/hadoop/share/ozone/lib/jetty-xml-9.4.26.v20200117.jar:/opt/hadoop/share/ozone/lib/jaeger-thrift-1.2.0.jar:/opt/hadoop/share/ozone/lib/commons-logging-1.2.jar:/opt/hadoop/share/ozone/lib/kerby-xdr-1.0.1.jar:/opt/hadoop/share/ozone/lib/jetty-server-9.4.26.v20200117.jar:/opt/hadoop/share/ozone/lib/opentracing-tracerresolver-0.1.8.jar:/opt/hadoop/share/ozone/lib/commons-net-3.6.jar:/opt/hadoop/share/ozone/lib/jaeger-core-1.2.0.jar:/opt/hadoop/share/ozone/lib/error_prone_annotations-2.2.0.jar:/opt/hadoop/share/ozone/lib/slf4j-log4j12-1.7.25.jar:/opt/hadoop/share/ozone/lib/kerby-config-1.0.1.jar:/opt/hadoop/share/ozone/lib/okio-2.2.2.jar:/opt/hadoop/share/ozone/lib/jetty-util-ajax-9.4.26.v20200117.jar:/opt/hadoop/share/ozone/lib/metrics-core-3.2.4.jar:/opt/hadoop/share/ozone/lib/kerby-pkix-1.0.1.jar:/opt/hadoop/share/ozone/lib/guava-28.2-jre.jar:/opt/hadoop/share/ozone/lib/jetty-servlet-9.4.26.v20200117.jar:/opt/hadoop/share/ozone/lib/xz-1.0.jar:/opt/hadoop/share/ozone/lib/activation-1.1.1.jar:/opt/hadoop/share/ozone/lib/jsr311-api-1.1.1.jar:/opt/hadoop/share/ozone/lib/commons-beanutils-1.9.4.jar:/opt/hadoop/share/ozone/lib/ratis-thirdparty-misc-0.5.0.jar:/opt/hadoop/share/ozone/lib/jetty-security-9.4.26.v20200117.jar:/opt/hadoop/share/ozone/lib/hadoop-hdds-container-service-0.6.0-SNAPSHOT.jar:/opt/hadoop/share/ozone/lib/kerb-server-1.0.1.jar:/opt/hadoop/share/ozone/lib/javax.servlet-api-3.1.0.jar:/opt/hadoop/share/ozone/lib/ratis-metrics-1.0.0.jar:/opt/hadoop/share/ozone/lib/kerb-client-1.0.1.jar:/opt/hadoop/share/ozone/lib/disruptor-3.4.2.jar:/opt/hadoop/share/ozone/lib/libthrift-0.13.0.jar:/opt/hadoop/share/ozone/lib/log4j-core-2.13.3.jar:/opt/hadoop/share/ozone/lib/ratis-server-1.0.0.jar:/opt/hadoop/share/ozone/lib/annotations-13.0.jar:/opt/hadoop/share/ozone/lib/simpleclient_common-0.7.0.jar:/opt/hadoop/share/ozone/lib/dnsjava-2.1.7.jar:/opt/hadoop/share/ozone/lib/hadoop-hdds-interface-admin-0.6.0-SNAPSHOT.jar:/opt/hadoop/share/ozone/lib/jackson-annotations-2.10.3.jar:/opt/hadoop/share/ozone/lib/commons-configuration2-2.1.1.jar:/opt/hadoop/share/ozone/lib/json-smart-2.3.jar:/opt/hadoop/share/ozone/lib/token-provider-1.0.1.jar:/opt/hadoop/share/ozone/lib/log4j-1.2.17.jar:/opt/hadoop/share/ozone/lib/commons-daemon-1.0.13.jar:/opt/hadoop/share/ozone/lib/listenablefuture-9999.0-empty-to-avoid-conflict-with-guava.jar:/opt/hadoop/share/ozone/lib/bcprov-jdk15on-1.60.jar:/opt/hadoop/share/ozone/lib/jetty-webapp-9.4.26.v20200117.jar:/opt/hadoop/share/ozone/lib/hadoop-hdfs-client-3.2.1.jar:/opt/hadoop/share/ozone/lib/commons-lang3-3.7.jar:/opt/hadoop/share/ozone/lib/commons-compress-1.4.1.jar:/opt/hadoop/share/ozone/lib/accessors-smart-1.2.jar:/opt/hadoop/share/ozone/lib/re2j-1.1.jar:/opt/hadoop/share/ozone/lib/hadoop-hdfs-3.2.1.jar:/opt/hadoop/share/ozone/lib/commons-math3-3.1.1.jar:/opt/hadoop/share/ozone/lib/simpleclient_dropwizard-0.7.0.jar:/opt/hadoop/share/ozone/lib/hadoop-common-3.2.1.jar:/opt/hadoop/share/ozone/lib/simpleclient-0.7.0.jar:/opt/hadoop/share/ozone/lib/httpclient-4.5.2.jar:/opt/hadoop/share/ozone/lib/rocksdbjni-6.8.1.jar:/opt/hadoop/share/ozone/lib/asm-5.0.4.jar:/opt/hadoop/share/ozone/lib/kerby-util-1.0.1.jar:/opt/hadoop/share/ozone/lib/failureaccess-1.0.1.jar:/opt/hadoop/share/ozone/lib/jsp-api-2.1.jar:/opt/hadoop/share/ozone/lib/jsch-0.1.54.jar:/opt/hadoop/share/ozone/lib/nimbus-jose-jwt-7.9.jar:/opt/hadoop/share/ozone/lib/commons-codec-1.11.jar:/opt/hadoop/share/ozone/lib/kotlin-stdlib-1.3.50.jar:/opt/hadoop/share/ozone/lib/commons-pool2-2.6.0.jar:/opt/hadoop/share/ozone/lib/jackson-datatype-jsr310-2.10.3.jar:/opt/hadoop/share/ozone/lib/gson-2.2.4.jar:/opt/hadoop/share/ozone/lib/opentracing-api-0.33.0.jar:/opt/hadoop/share/ozone/lib/jcip-annotations-1.0-1.jar:/opt/hadoop/share/ozone/lib/kerb-admin-1.0.1.jar:/opt/hadoop/share/ozone/lib/commons-io-2.5.jar:/opt/hadoop/share/ozone/lib/snakeyaml-1.16.jar:/opt/hadoop/share/ozone/lib/jetty-util-9.4.26.v20200117.jar:/opt/hadoop/share/ozone/lib/opentracing-noop-0.33.0.jar:/opt/hadoop/share/ozone/lib/jersey-core-1.19.jar:/opt/hadoop/share/ozone/lib/hadoop-hdds-hadoop-dependency-client-0.6.0-SNAPSHOT.jar:/opt/hadoop/share/ozone/lib/checker-qual-2.10.0.jar:/opt/hadoop/share/ozone/lib/hadoop-hdds-server-framework-0.6.0-SNAPSHOT.jar:/opt/hadoop/share/ozone/lib/opentracing-util-0.33.0.jar:/opt/hadoop/share/ozone/lib/hadoop-hdds-interface-server-0.6.0-SNAPSHOT.jar:/opt/hadoop/share/ozone/lib/hadoop-hdds-common-0.6.0-SNAPSHOT.jar:/opt/hadoop/share/ozone/lib/commons-cli-1.2.jar:/opt/hadoop/share/ozone/lib/woodstox-core-5.0.3.jar:/opt/hadoop/share/ozone/lib/javax.annotation-api-1.2.jar:/opt/hadoop/share/ozone/lib/kerby-asn1-1.0.1.jar:/opt/hadoop/share/ozone/lib/netty-all-4.1.48.Final.jar:/opt/hadoop/share/ozone/lib/hadoop-hdds-config-0.6.0-SNAPSHOT.jar:/opt/hadoop/share/ozone/lib/stax2-api-3.1.4.jar:/opt/hadoop/share/ozone/lib/commons-collections-3.2.2.jar:/opt/hadoop/share/ozone/lib/commons-digester-1.8.1.jar:/opt/hadoop/share/ozone/lib/commons-text-1.4.jar:/opt/hadoop/share/ozone/lib/jackson-core-2.10.3.jar:/opt/hadoop/share/ozone/lib/ratis-common-1.0.0.jar:/opt/hadoop/share/ozone/lib/jersey-servlet-1.19.jar:/opt/hadoop/share/ozone/lib/slf4j-api-1.7.25.jar:/opt/hadoop/share/ozone/lib/kerb-identity-1.0.1.jar:/opt/hadoop/share/ozone/lib/hadoop-hdds-hadoop-dependency-server-0.6.0-SNAPSHOT.jar:/opt/hadoop/share/ozone/lib/kerb-common-1.0.1.jar:/opt/hadoop/share/ozone/lib/jaeger-client-1.2.0.jar:/opt/hadoop/share/ozone/lib/jaxb-core-2.3.0.1.jar:/opt/hadoop/share/ozone/lib/jersey-server-1.19.jar:/opt/hadoop/share/ozone/lib/hadoop-hdds-interface-client-0.6.0-SNAPSHOT.jar:/opt/hadoop/share/ozone/lib/hadoop-hdds-common-0.6.0-SNAPSHOT-tests.jar:/opt/hadoop/share/ozone/lib/ratis-grpc-1.0.0.jar:/opt/hadoop/share/ozone/lib/kerb-crypto-1.0.1.jar:/opt/hadoop/share/ozone/lib/hadoop-annotations-3.2.1.jar:/opt/hadoop/share/ozone/lib/httpcore-4.4.4.jar:/opt/hadoop/share/ozone/web:/opt/hadoop/share/ozone/lib/hadoop-ozone-datanode-0.6.0-SNAPSHOT.jar
STARTUP_MSG:   build = https://github.com/apache/hadoop-ozone.git/dcb1c6e4bffd9d682e800a99033d4a5430b51cab ; compiled by 'runner' on 2020-08-27T09:11Z
STARTUP_MSG:   java = 11.0.6
************************************************************/
2020-08-27 09:21:49 INFO  HddsDatanodeService:90 - registered UNIX signal handlers for [TERM, HUP, INT]
2020-08-27 09:21:51 INFO  MetricRegistries:64 - Loaded MetricRegistries class org.apache.ratis.metrics.impl.MetricRegistriesImpl
2020-08-27 09:21:51 INFO  MetricsConfig:118 - Loaded properties from hadoop-metrics2.properties
2020-08-27 09:21:52 INFO  MetricsSystemImpl:374 - Scheduled Metric snapshot period at 10 second(s).
2020-08-27 09:21:52 INFO  MetricsSystemImpl:191 - HddsDatanode metrics system started
2020-08-27 09:21:52 INFO  HddsDatanodeService:217 - HddsDatanodeService host:datanode-1.datanode.default.svc.cluster.local ip:10.42.0.13
2020-08-27 09:21:52 INFO  SaveSpaceUsageToFile:94 - Cached usage info file /data/storage/scmUsed not found
2020-08-27 09:21:52 INFO  HddsVolume:176 - Creating Volume: /data/storage/hdds of storage type : DISK and capacity : 89311358976
2020-08-27 09:21:52 INFO  MutableVolumeSet:179 - Added Volume : /data/storage/hdds to VolumeSet
2020-08-27 09:21:52 INFO  ThrottledAsyncChecker:141 - Scheduling a check for /data/storage/hdds
2020-08-27 09:21:53 INFO  HddsVolumeChecker:200 - Scheduled health check for volume /data/storage/hdds
2020-08-27 09:21:53 INFO  ContainerReader:123 - Start to verify containers on volume /data/storage/hdds
2020-08-27 09:21:53 INFO  ContainerReader:148 - Finish verifying containers on volume /data/storage/hdds
2020-08-27 09:21:53 INFO  OzoneContainer:196 - Build ContainerSet costs 0s
2020-08-27 09:21:57 WARN  ServerUtils:237 - Storage directory for Ratis is not configured. It is a good idea to map this to an SSD disk. Falling back to ozone.metadata.dirs
2020-08-27 09:21:58 INFO  RaftServerProxy:44 - raft.rpc.type = GRPC (default)
2020-08-27 09:21:58 INFO  GrpcConfigKeys:44 - raft.grpc.server.port = 9858 (custom)
2020-08-27 09:21:58 INFO  GrpcService:44 - raft.grpc.message.size.max = 32MB (=33554432) (custom)
2020-08-27 09:21:58 INFO  RaftServerConfigKeys:44 - raft.server.log.appender.buffer.byte-limit = 33554432 (custom)
2020-08-27 09:21:58 INFO  GrpcService:44 - raft.grpc.flow.control.window = 5MB (=5242880) (custom)
2020-08-27 09:21:58 INFO  RaftServerConfigKeys:44 - raft.server.rpc.request.timeout = 60s (custom)
2020-08-27 09:21:59 INFO  RaftServerConfigKeys:44 - raft.server.storage.dir = [/data/metadata/ratis] (custom)
2020-08-27 09:21:59 WARN  ServerUtils:237 - Storage directory for Ratis is not configured. It is a good idea to map this to an SSD disk. Falling back to ozone.metadata.dirs
2020-08-27 09:21:59 WARN  NativeCodeLoader:60 - Unable to load native-hadoop library for your platform... using builtin-java classes where applicable
2020-08-27 09:21:59 INFO  BaseHttpServer:207 - Starting Web-server for hddsDatanode at: http://0.0.0.0:9882
2020-08-27 09:21:59 INFO  BaseHttpServer:106 - Hadoop Security Enabled: false Ozone Security Enabled: false Ozone HTTP Security Enabled: false 
2020-08-27 09:22:00 INFO  log:169 - Logging initialized @14780ms to org.eclipse.jetty.util.log.Slf4jLog
2020-08-27 09:22:00 INFO  AuthenticationFilter:240 - Unable to initialize FileSignerSecretProvider, falling back to use random secrets.
2020-08-27 09:22:00 INFO  HttpRequestLog:86 - Http request log for http.requests.hddsDatanode is not defined
2020-08-27 09:22:00 INFO  HttpServer2:1019 - Added global filter 'safety' (class=org.apache.hadoop.hdds.server.http.HttpServer2$QuotingInputFilter)
2020-08-27 09:22:00 INFO  HttpServer2:995 - Added filter static_user_filter (class=org.apache.hadoop.http.lib.StaticUserWebFilter$StaticUserFilter) to context hddsDatanode
2020-08-27 09:22:00 INFO  HttpServer2:1003 - Added filter static_user_filter (class=org.apache.hadoop.http.lib.StaticUserWebFilter$StaticUserFilter) to context logs
2020-08-27 09:22:00 INFO  HttpServer2:1003 - Added filter static_user_filter (class=org.apache.hadoop.http.lib.StaticUserWebFilter$StaticUserFilter) to context static
2020-08-27 09:22:00 INFO  HttpServer2:1237 - Jetty bound to port 9882
2020-08-27 09:22:00 INFO  Server:359 - jetty-9.4.26.v20200117; built: 2020-01-17T12:35:33.676Z; git: 7b38981d25d14afb4a12ff1f2596756144edf695; jvm 11.0.6+10-LTS
2020-08-27 09:22:01 INFO  session:333 - DefaultSessionIdManager workerName=node0
2020-08-27 09:22:01 INFO  session:338 - No SessionScavenger set, using defaults
2020-08-27 09:22:01 INFO  session:140 - node0 Scavenging every 660000ms
2020-08-27 09:22:01 INFO  ContextHandler:825 - Started o.e.j.s.ServletContextHandler@1f346ad2{logs,/logs,file:///var/log/hadoop/,AVAILABLE}
2020-08-27 09:22:01 INFO  ContextHandler:825 - Started o.e.j.s.ServletContextHandler@1a1f5f71{static,/static,jar:file:/opt/hadoop/share/ozone/lib/hadoop-hdds-container-service-0.6.0-SNAPSHOT.jar!/webapps/static,AVAILABLE}
2020-08-27 09:22:01 INFO  ContextHandler:825 - Started o.e.j.w.WebAppContext@7e72a6cc{hddsDatanode,/,file:///tmp/jetty-0_0_0_0-9882-hadoop-hdds-container-service-0_6_0-SNAPSHOT_jar-_-any-4111963968448783346.dir/webapp/,AVAILABLE}{jar:file:/opt/hadoop/share/ozone/lib/hadoop-hdds-container-service-0.6.0-SNAPSHOT.jar!/webapps/hddsDatanode}
2020-08-27 09:22:01 INFO  AbstractConnector:330 - Started ServerConnector@5de6cf3a{HTTP/1.1,[http/1.1]}{0.0.0.0:9882}
2020-08-27 09:22:01 INFO  Server:399 - Started @15871ms
2020-08-27 09:22:01 INFO  MetricsSinkAdapter:204 - Sink prometheus started
2020-08-27 09:22:01 INFO  MetricsSystemImpl:301 - Registered sink prometheus
2020-08-27 09:22:01 INFO  BaseHttpServer:327 - HTTP server of hddsDatanode listening at http://0.0.0.0:9882
2020-08-27 09:22:01 INFO  JvmPauseMonitor:188 - Starting JVM pause monitor
2020-08-27 09:22:01 WARN  InitDatanodeState:96 - One SCM address (scm-0.scm:9861) can't (yet?) be resolved. Postpone initialization.
2020-08-27 09:22:03 INFO  InitDatanodeState:145 - DatanodeDetails is persisted to /data/datanode.id
2020-08-27 09:22:05 INFO  OzoneContainer:245 - Attempting to start container services.
2020-08-27 09:22:05 INFO  OzoneContainer:209 - Background container scanner has been disabled.
2020-08-27 09:22:05 INFO  XceiverServerRatis:440 - Starting XceiverServerRatis 7144e560-df6f-4156-b72f-fce3b3fbffa7 at port 9858
2020-08-27 09:22:05 INFO  RaftServerProxy:304 - 7144e560-df6f-4156-b72f-fce3b3fbffa7: start RPC server
2020-08-27 09:22:06 INFO  GrpcService:160 - 7144e560-df6f-4156-b72f-fce3b3fbffa7: GrpcService started, listening on 0.0.0.0/0.0.0.0:9858
2020-08-27 09:22:10 INFO  RaftServerProxy:89 - 7144e560-df6f-4156-b72f-fce3b3fbffa7: addNew group-EA951F59AE6A:[7144e560-df6f-4156-b72f-fce3b3fbffa7:10.42.0.13:9858] returns group-EA951F59AE6A:java.util.concurrent.CompletableFuture@1031de31[Not completed]
2020-08-27 09:22:10 INFO  RaftServerImpl:107 - 7144e560-df6f-4156-b72f-fce3b3fbffa7: new RaftServerImpl for group-EA951F59AE6A:[7144e560-df6f-4156-b72f-fce3b3fbffa7:10.42.0.13:9858] with ContainerStateMachine:uninitialized
2020-08-27 09:22:10 INFO  RaftServerConfigKeys:44 - raft.server.rpc.timeout.min = 5s (custom)
2020-08-27 09:22:10 INFO  RaftServerConfigKeys:44 - raft.server.rpc.timeout.max = 5200ms (custom)
2020-08-27 09:22:10 INFO  RaftServerConfigKeys:44 - raft.server.rpcslowness.timeout = 300s (custom)
2020-08-27 09:22:10 INFO  RaftServerConfigKeys:44 - raft.server.sleep.deviation.threshold = 300 (default)
2020-08-27 09:22:10 INFO  RaftServerConfigKeys:44 - raft.server.log.appender.install.snapshot.enabled = false (custom)
2020-08-27 09:22:10 INFO  RaftServerImpl:103 - 7144e560-df6f-4156-b72f-fce3b3fbffa7@group-EA951F59AE6A: ConfigurationManager, init=-1: [7144e560-df6f-4156-b72f-fce3b3fbffa7:10.42.0.13:9858], old=null, confs=<EMPTY_MAP>
2020-08-27 09:22:10 INFO  RaftServerConfigKeys:44 - raft.server.storage.dir = [/data/metadata/ratis] (custom)
2020-08-27 09:22:10 INFO  RaftServerConfigKeys:44 - raft.server.log.corruption.policy = EXCEPTION (default)
2020-08-27 09:22:10 INFO  RaftStorageDirectory:261 - The storage directory /data/metadata/ratis/588b2003-58d1-4ac2-9289-ea951f59ae6a does not exist. Creating ...
2020-08-27 09:22:10 INFO  RaftStorageDirectory:343 - Lock on /data/metadata/ratis/588b2003-58d1-4ac2-9289-ea951f59ae6a/in_use.lock acquired by nodename 7@datanode-1
2020-08-27 09:22:10 INFO  RaftStorage:84 - Storage directory /data/metadata/ratis/588b2003-58d1-4ac2-9289-ea951f59ae6a has been successfully formatted.
2020-08-27 09:22:10 INFO  ContainerStateMachine:225 - group-EA951F59AE6A: The snapshot info is null. Setting the last applied indexto:(t:0, i:~)
2020-08-27 09:22:10 INFO  RaftServerConfigKeys:44 - raft.server.notification.no-leader.timeout = 300s (custom)
2020-08-27 09:22:10 WARN  DatanodeStateMachine:245 - Interrupt the execution.
java.lang.InterruptedException: sleep interrupted
	at java.base/java.lang.Thread.sleep(Native Method)
	at org.apache.hadoop.ozone.container.common.statemachine.DatanodeStateMachine.start(DatanodeStateMachine.java:243)
	at org.apache.hadoop.ozone.container.common.statemachine.DatanodeStateMachine.lambda$startDaemon$0(DatanodeStateMachine.java:405)
	at java.base/java.lang.Thread.run(Thread.java:834)
2020-08-27 09:22:10 INFO  RaftServerConfigKeys:44 - raft.server.log.use.memory = false (default)
2020-08-27 09:22:10 INFO  RaftServerConfigKeys:44 - raft.server.log.purge.gap = 1000000 (custom)
2020-08-27 09:22:10 INFO  RatisMetrics:36 - Creating Metrics Registry : ratis.log_worker.7144e560-df6f-4156-b72f-fce3b3fbffa7@group-EA951F59AE6A
2020-08-27 09:22:10 INFO  RaftServerConfigKeys:44 - raft.server.log.appender.buffer.byte-limit = 33554432 (custom)
2020-08-27 09:22:10 INFO  RaftServerConfigKeys:44 - raft.server.log.segment.size.max = 1048576 (custom)
2020-08-27 09:22:10 INFO  RaftServerConfigKeys:44 - raft.server.log.segment.cache.num.max = 2 (custom)
2020-08-27 09:22:11 INFO  SegmentedRaftLogWorker:180 - new 7144e560-df6f-4156-b72f-fce3b3fbffa7@group-EA951F59AE6A-SegmentedRaftLogWorker for RaftStorage:Storage Directory /data/metadata/ratis/588b2003-58d1-4ac2-9289-ea951f59ae6a
2020-08-27 09:22:11 INFO  RaftServerConfigKeys:44 - raft.server.log.queue.byte-limit = 2147483647 (custom)
2020-08-27 09:22:11 INFO  RaftServerConfigKeys:44 - raft.server.log.queue.element-limit = 1024 (custom)
2020-08-27 09:22:11 INFO  RaftServerConfigKeys:44 - raft.server.log.segment.size.max = 1048576 (custom)
2020-08-27 09:22:11 INFO  RaftServerConfigKeys:44 - raft.server.log.preallocated.size = 16384 (custom)
2020-08-27 09:22:11 INFO  RaftServerConfigKeys:44 - raft.server.log.write.buffer.size = 1048576 (custom)
2020-08-27 09:22:11 INFO  RaftServerConfigKeys:44 - raft.server.log.force.sync.num = 128 (default)
2020-08-27 09:22:11 INFO  RaftServerConfigKeys:44 - raft.server.log.statemachine.data.sync = true (default)
2020-08-27 09:22:11 INFO  RaftServerConfigKeys:44 - raft.server.log.statemachine.data.sync.timeout = 10s (default)
2020-08-27 09:22:11 INFO  RaftServerConfigKeys:44 - raft.server.log.statemachine.data.sync.timeout.retry = -1 (default)
2020-08-27 09:22:11 INFO  RaftServerConfigKeys:44 - raft.server.log.statemachine.data.caching.enabled = true (custom)
2020-08-27 09:22:11 INFO  SegmentedRaftLogWorker:129 - 7144e560-df6f-4156-b72f-fce3b3fbffa7@group-EA951F59AE6A-SegmentedRaftLogWorker: flushIndex: setUnconditionally 0 -> -1
2020-08-27 09:22:11 INFO  SegmentedRaftLogWorker:129 - 7144e560-df6f-4156-b72f-fce3b3fbffa7@group-EA951F59AE6A-SegmentedRaftLogWorker: safeCacheEvictIndex: setUnconditionally 0 -> -1
2020-08-27 09:22:11 INFO  RaftServerConfigKeys:44 - raft.server.snapshot.auto.trigger.enabled = true (custom)
2020-08-27 09:22:11 INFO  RaftServerConfigKeys:44 - raft.server.snapshot.auto.trigger.threshold = 10000 (custom)
2020-08-27 09:22:11 INFO  RaftServerConfigKeys:44 - raft.server.snapshot.retention.file.num = 5 (custom)
2020-08-27 09:22:11 INFO  RaftServerConfigKeys:44 - raft.server.log.purge.upto.snapshot.index = false (default)
2020-08-27 09:22:11 INFO  RaftServerConfigKeys:44 - raft.server.retrycache.expirytime = 600000ms (custom)
2020-08-27 09:22:11 INFO  RatisMetrics:36 - Creating Metrics Registry : ratis.leader_election.7144e560-df6f-4156-b72f-fce3b3fbffa7@group-EA951F59AE6A
2020-08-27 09:22:11 INFO  RatisMetrics:36 - Creating Metrics Registry : ratis.server.7144e560-df6f-4156-b72f-fce3b3fbffa7@group-EA951F59AE6A
2020-08-27 09:22:11 INFO  RaftServerImpl:196 - 7144e560-df6f-4156-b72f-fce3b3fbffa7@group-EA951F59AE6A: start as a follower, conf=-1: [7144e560-df6f-4156-b72f-fce3b3fbffa7:10.42.0.13:9858], old=null
2020-08-27 09:22:11 INFO  RaftServerImpl:185 - 7144e560-df6f-4156-b72f-fce3b3fbffa7@group-EA951F59AE6A: changes role from      null to FOLLOWER at term 0 for startAsFollower
2020-08-27 09:22:11 INFO  RoleInfo:143 - 7144e560-df6f-4156-b72f-fce3b3fbffa7: start FollowerState
2020-08-27 09:22:11 INFO  JmxRegister:44 - Successfully registered JMX Bean with object name Ratis:service=RaftServer,group=group-EA951F59AE6A,id=7144e560-df6f-4156-b72f-fce3b3fbffa7
2020-08-27 09:22:11 INFO  RatisMetrics:36 - Creating Metrics Registry : ratis.state_machine.7144e560-df6f-4156-b72f-fce3b3fbffa7@group-EA951F59AE6A
2020-08-27 09:22:11 INFO  CreatePipelineCommandHandler:110 - Created Pipeline RATIS ONE #id: "588b2003-58d1-4ac2-9289-ea951f59ae6a"
uuid128 {
  mostSigBits: 6380228495847541442
  leastSigBits: -7887515346165715350
}
.
2020-08-27 09:22:11 INFO  RaftServerProxy:89 - 7144e560-df6f-4156-b72f-fce3b3fbffa7: addNew group-2E024FAD65F6:[7144e560-df6f-4156-b72f-fce3b3fbffa7:10.42.0.13:9858, 0a51abee-acf4-4fe6-ad03-c191fdebffe5:10.42.0.14:9858, d72d9312-79e1-4627-869b-64d7ffa9c3a7:10.42.0.9:9858] returns group-2E024FAD65F6:java.util.concurrent.CompletableFuture@30641133[Not completed]
2020-08-27 09:22:11 INFO  RaftServerImpl:107 - 7144e560-df6f-4156-b72f-fce3b3fbffa7: new RaftServerImpl for group-2E024FAD65F6:[7144e560-df6f-4156-b72f-fce3b3fbffa7:10.42.0.13:9858, 0a51abee-acf4-4fe6-ad03-c191fdebffe5:10.42.0.14:9858, d72d9312-79e1-4627-869b-64d7ffa9c3a7:10.42.0.9:9858] with ContainerStateMachine:uninitialized
2020-08-27 09:22:11 INFO  RaftServerConfigKeys:44 - raft.server.rpc.timeout.min = 5s (custom)
2020-08-27 09:22:11 INFO  RaftServerConfigKeys:44 - raft.server.rpc.timeout.max = 5200ms (custom)
2020-08-27 09:22:11 INFO  RaftServerConfigKeys:44 - raft.server.rpcslowness.timeout = 300s (custom)
2020-08-27 09:22:11 INFO  RaftServerConfigKeys:44 - raft.server.sleep.deviation.threshold = 300 (default)
2020-08-27 09:22:11 INFO  RaftServerConfigKeys:44 - raft.server.log.appender.install.snapshot.enabled = false (custom)
2020-08-27 09:22:11 INFO  RaftServerImpl:103 - 7144e560-df6f-4156-b72f-fce3b3fbffa7@group-2E024FAD65F6: ConfigurationManager, init=-1: [7144e560-df6f-4156-b72f-fce3b3fbffa7:10.42.0.13:9858, 0a51abee-acf4-4fe6-ad03-c191fdebffe5:10.42.0.14:9858, d72d9312-79e1-4627-869b-64d7ffa9c3a7:10.42.0.9:9858], old=null, confs=<EMPTY_MAP>
2020-08-27 09:22:11 INFO  RaftServerConfigKeys:44 - raft.server.storage.dir = [/data/metadata/ratis] (custom)
2020-08-27 09:22:11 INFO  RaftServerConfigKeys:44 - raft.server.log.corruption.policy = EXCEPTION (default)
2020-08-27 09:22:11 INFO  RaftStorageDirectory:261 - The storage directory /data/metadata/ratis/dddb85bc-34c6-4033-bbb3-2e024fad65f6 does not exist. Creating ...
2020-08-27 09:22:11 INFO  RaftStorageDirectory:343 - Lock on /data/metadata/ratis/dddb85bc-34c6-4033-bbb3-2e024fad65f6/in_use.lock acquired by nodename 7@datanode-1
2020-08-27 09:22:11 INFO  RaftStorage:84 - Storage directory /data/metadata/ratis/dddb85bc-34c6-4033-bbb3-2e024fad65f6 has been successfully formatted.
2020-08-27 09:22:11 WARN  DatanodeStateMachine:245 - Interrupt the execution.
java.lang.InterruptedException: sleep interrupted
	at java.base/java.lang.Thread.sleep(Native Method)
	at org.apache.hadoop.ozone.container.common.statemachine.DatanodeStateMachine.start(DatanodeStateMachine.java:243)
	at org.apache.hadoop.ozone.container.common.statemachine.DatanodeStateMachine.lambda$startDaemon$0(DatanodeStateMachine.java:405)
	at java.base/java.lang.Thread.run(Thread.java:834)
2020-08-27 09:22:11 INFO  ContainerStateMachine:225 - group-2E024FAD65F6: The snapshot info is null. Setting the last applied indexto:(t:0, i:~)
2020-08-27 09:22:11 INFO  RaftServerConfigKeys:44 - raft.server.notification.no-leader.timeout = 300s (custom)
2020-08-27 09:22:11 INFO  RaftServerConfigKeys:44 - raft.server.log.use.memory = false (default)
2020-08-27 09:22:11 INFO  RaftServerConfigKeys:44 - raft.server.log.purge.gap = 1000000 (custom)
2020-08-27 09:22:11 INFO  RatisMetrics:36 - Creating Metrics Registry : ratis.log_worker.7144e560-df6f-4156-b72f-fce3b3fbffa7@group-2E024FAD65F6
2020-08-27 09:22:11 INFO  RaftServerConfigKeys:44 - raft.server.log.appender.buffer.byte-limit = 33554432 (custom)
2020-08-27 09:22:11 INFO  RaftServerConfigKeys:44 - raft.server.log.segment.size.max = 1048576 (custom)
2020-08-27 09:22:11 INFO  RaftServerConfigKeys:44 - raft.server.log.segment.cache.num.max = 2 (custom)
2020-08-27 09:22:11 INFO  SegmentedRaftLogWorker:180 - new 7144e560-df6f-4156-b72f-fce3b3fbffa7@group-2E024FAD65F6-SegmentedRaftLogWorker for RaftStorage:Storage Directory /data/metadata/ratis/dddb85bc-34c6-4033-bbb3-2e024fad65f6
2020-08-27 09:22:11 INFO  RaftServerConfigKeys:44 - raft.server.log.queue.byte-limit = 2147483647 (custom)
2020-08-27 09:22:11 INFO  RaftServerConfigKeys:44 - raft.server.log.queue.element-limit = 1024 (custom)
2020-08-27 09:22:11 INFO  RaftServerConfigKeys:44 - raft.server.log.segment.size.max = 1048576 (custom)
2020-08-27 09:22:11 INFO  RaftServerConfigKeys:44 - raft.server.log.preallocated.size = 16384 (custom)
2020-08-27 09:22:11 INFO  RaftServerConfigKeys:44 - raft.server.log.write.buffer.size = 1048576 (custom)
2020-08-27 09:22:11 INFO  RaftServerConfigKeys:44 - raft.server.log.force.sync.num = 128 (default)
2020-08-27 09:22:11 INFO  RaftServerConfigKeys:44 - raft.server.log.statemachine.data.sync = true (default)
2020-08-27 09:22:11 INFO  RaftServerConfigKeys:44 - raft.server.log.statemachine.data.sync.timeout = 10s (default)
2020-08-27 09:22:11 INFO  RaftServerConfigKeys:44 - raft.server.log.statemachine.data.sync.timeout.retry = -1 (default)
2020-08-27 09:22:11 INFO  RaftServerConfigKeys:44 - raft.server.log.statemachine.data.caching.enabled = true (custom)
2020-08-27 09:22:11 INFO  SegmentedRaftLogWorker:129 - 7144e560-df6f-4156-b72f-fce3b3fbffa7@group-2E024FAD65F6-SegmentedRaftLogWorker: flushIndex: setUnconditionally 0 -> -1
2020-08-27 09:22:11 INFO  SegmentedRaftLogWorker:129 - 7144e560-df6f-4156-b72f-fce3b3fbffa7@group-2E024FAD65F6-SegmentedRaftLogWorker: safeCacheEvictIndex: setUnconditionally 0 -> -1
2020-08-27 09:22:11 INFO  RaftServerConfigKeys:44 - raft.server.snapshot.auto.trigger.enabled = true (custom)
2020-08-27 09:22:11 INFO  RaftServerConfigKeys:44 - raft.server.snapshot.auto.trigger.threshold = 10000 (custom)
2020-08-27 09:22:11 INFO  RaftServerConfigKeys:44 - raft.server.snapshot.retention.file.num = 5 (custom)
2020-08-27 09:22:11 INFO  RaftServerConfigKeys:44 - raft.server.log.purge.upto.snapshot.index = false (default)
2020-08-27 09:22:11 INFO  RaftServerConfigKeys:44 - raft.server.retrycache.expirytime = 600000ms (custom)
2020-08-27 09:22:11 INFO  RatisMetrics:36 - Creating Metrics Registry : ratis.leader_election.7144e560-df6f-4156-b72f-fce3b3fbffa7@group-2E024FAD65F6
2020-08-27 09:22:11 INFO  RatisMetrics:36 - Creating Metrics Registry : ratis.server.7144e560-df6f-4156-b72f-fce3b3fbffa7@group-2E024FAD65F6
2020-08-27 09:22:11 INFO  RaftServerImpl:196 - 7144e560-df6f-4156-b72f-fce3b3fbffa7@group-2E024FAD65F6: start as a follower, conf=-1: [7144e560-df6f-4156-b72f-fce3b3fbffa7:10.42.0.13:9858, 0a51abee-acf4-4fe6-ad03-c191fdebffe5:10.42.0.14:9858, d72d9312-79e1-4627-869b-64d7ffa9c3a7:10.42.0.9:9858], old=null
2020-08-27 09:22:11 INFO  RaftServerImpl:185 - 7144e560-df6f-4156-b72f-fce3b3fbffa7@group-2E024FAD65F6: changes role from      null to FOLLOWER at term 0 for startAsFollower
2020-08-27 09:22:11 INFO  RoleInfo:143 - 7144e560-df6f-4156-b72f-fce3b3fbffa7: start FollowerState
2020-08-27 09:22:11 INFO  JmxRegister:44 - Successfully registered JMX Bean with object name Ratis:service=RaftServer,group=group-2E024FAD65F6,id=7144e560-df6f-4156-b72f-fce3b3fbffa7
2020-08-27 09:22:11 INFO  RatisMetrics:36 - Creating Metrics Registry : ratis.state_machine.7144e560-df6f-4156-b72f-fce3b3fbffa7@group-2E024FAD65F6
2020-08-27 09:22:12 INFO  CreatePipelineCommandHandler:110 - Created Pipeline RATIS THREE #id: "dddb85bc-34c6-4033-bbb3-2e024fad65f6"
uuid128 {
  mostSigBits: -2460225728042090445
  leastSigBits: -4921539380324243978
}
.
2020-08-27 09:22:15 INFO  RaftServerImpl:185 - 7144e560-df6f-4156-b72f-fce3b3fbffa7@group-2E024FAD65F6: changes role from  FOLLOWER to FOLLOWER at term 1 for recognizeCandidate:0a51abee-acf4-4fe6-ad03-c191fdebffe5
2020-08-27 09:22:15 INFO  RoleInfo:121 - 7144e560-df6f-4156-b72f-fce3b3fbffa7: shutdown FollowerState
2020-08-27 09:22:15 INFO  RoleInfo:143 - 7144e560-df6f-4156-b72f-fce3b3fbffa7: start FollowerState
2020-08-27 09:22:15 INFO  FollowerState:117 - 7144e560-df6f-4156-b72f-fce3b3fbffa7@group-2E024FAD65F6-FollowerState was interrupted: java.lang.InterruptedException: sleep interrupted
2020-08-27 09:22:15 INFO  XceiverServerRatis:822 - Leader change notification received for group: group-2E024FAD65F6 with new leaderId: 0a51abee-acf4-4fe6-ad03-c191fdebffe5
2020-08-27 09:22:15 INFO  RaftServerImpl:255 - 7144e560-df6f-4156-b72f-fce3b3fbffa7@group-2E024FAD65F6: change Leader from null to 0a51abee-acf4-4fe6-ad03-c191fdebffe5 at term 1 for appendEntries, leader elected after 4380ms
2020-08-27 09:22:15 INFO  RaftServerImpl:356 - 7144e560-df6f-4156-b72f-fce3b3fbffa7@group-2E024FAD65F6: set configuration 0: [7144e560-df6f-4156-b72f-fce3b3fbffa7:10.42.0.13:9858, 0a51abee-acf4-4fe6-ad03-c191fdebffe5:10.42.0.14:9858, d72d9312-79e1-4627-869b-64d7ffa9c3a7:10.42.0.9:9858], old=null at 0
2020-08-27 09:22:15 INFO  SegmentedRaftLogWorker:397 - 7144e560-df6f-4156-b72f-fce3b3fbffa7@group-2E024FAD65F6-SegmentedRaftLogWorker: Starting segment from index:0
2020-08-27 09:22:15 INFO  SegmentedRaftLogWorker:596 - 7144e560-df6f-4156-b72f-fce3b3fbffa7@group-2E024FAD65F6-SegmentedRaftLogWorker: created new log segment /data/metadata/ratis/dddb85bc-34c6-4033-bbb3-2e024fad65f6/current/log_inprogress_0
2020-08-27 09:22:16 INFO  FollowerState:108 - 7144e560-df6f-4156-b72f-fce3b3fbffa7@group-EA951F59AE6A-FollowerState: change to CANDIDATE, lastRpcTime:5126ms, electionTimeout:5115ms
2020-08-27 09:22:16 INFO  RoleInfo:121 - 7144e560-df6f-4156-b72f-fce3b3fbffa7: shutdown FollowerState
2020-08-27 09:22:16 INFO  RaftServerImpl:185 - 7144e560-df6f-4156-b72f-fce3b3fbffa7@group-EA951F59AE6A: changes role from  FOLLOWER to CANDIDATE at term 0 for changeToCandidate
2020-08-27 09:22:16 INFO  RoleInfo:143 - 7144e560-df6f-4156-b72f-fce3b3fbffa7: start LeaderElection
2020-08-27 09:22:16 INFO  LeaderElection:209 - 7144e560-df6f-4156-b72f-fce3b3fbffa7@group-EA951F59AE6A-LeaderElection1: begin an election at term 1 for -1: [7144e560-df6f-4156-b72f-fce3b3fbffa7:10.42.0.13:9858], old=null
2020-08-27 09:22:16 INFO  RoleInfo:134 - 7144e560-df6f-4156-b72f-fce3b3fbffa7: shutdown LeaderElection
2020-08-27 09:22:16 INFO  RaftServerImpl:185 - 7144e560-df6f-4156-b72f-fce3b3fbffa7@group-EA951F59AE6A: changes role from CANDIDATE to LEADER at term 1 for changeToLeader
2020-08-27 09:22:16 INFO  XceiverServerRatis:822 - Leader change notification received for group: group-EA951F59AE6A with new leaderId: 7144e560-df6f-4156-b72f-fce3b3fbffa7
2020-08-27 09:22:16 INFO  RaftServerImpl:255 - 7144e560-df6f-4156-b72f-fce3b3fbffa7@group-EA951F59AE6A: change Leader from null to 7144e560-df6f-4156-b72f-fce3b3fbffa7 at term 1 for becomeLeader, leader elected after 5607ms
2020-08-27 09:22:16 WARN  DatanodeStateMachine:245 - Interrupt the execution.
java.lang.InterruptedException: sleep interrupted
	at java.base/java.lang.Thread.sleep(Native Method)
	at org.apache.hadoop.ozone.container.common.statemachine.DatanodeStateMachine.start(DatanodeStateMachine.java:243)
	at org.apache.hadoop.ozone.container.common.statemachine.DatanodeStateMachine.lambda$startDaemon$0(DatanodeStateMachine.java:405)
	at java.base/java.lang.Thread.run(Thread.java:834)
2020-08-27 09:22:16 INFO  RaftServerConfigKeys:44 - raft.server.staging.catchup.gap = 1000 (default)
2020-08-27 09:22:16 INFO  RaftServerConfigKeys:44 - raft.server.rpc.sleep.time = 25ms (default)
2020-08-27 09:22:16 INFO  RatisMetrics:36 - Creating Metrics Registry : ratis.log_appender.7144e560-df6f-4156-b72f-fce3b3fbffa7@group-EA951F59AE6A
2020-08-27 09:22:16 INFO  RaftServerConfigKeys:44 - raft.server.write.element-limit = 1024 (custom)
2020-08-27 09:22:16 INFO  RaftServerConfigKeys:44 - raft.server.write.byte-limit = 1073741824 (custom)
2020-08-27 09:22:16 INFO  RaftServerConfigKeys:44 - raft.server.watch.timeout = 180s (custom)
2020-08-27 09:22:16 INFO  RaftServerConfigKeys:44 - raft.server.watch.timeout.denomination = 1s (default)
2020-08-27 09:22:16 INFO  RaftServerConfigKeys:44 - raft.server.watch.element-limit = 65536 (default)
2020-08-27 09:22:16 INFO  RoleInfo:143 - 7144e560-df6f-4156-b72f-fce3b3fbffa7: start LeaderState
2020-08-27 09:22:16 INFO  SegmentedRaftLogWorker:397 - 7144e560-df6f-4156-b72f-fce3b3fbffa7@group-EA951F59AE6A-SegmentedRaftLogWorker: Starting segment from index:0
2020-08-27 09:22:16 INFO  SegmentedRaftLogWorker:596 - 7144e560-df6f-4156-b72f-fce3b3fbffa7@group-EA951F59AE6A-SegmentedRaftLogWorker: created new log segment /data/metadata/ratis/588b2003-58d1-4ac2-9289-ea951f59ae6a/current/log_inprogress_0
2020-08-27 09:22:16 INFO  RaftServerImpl:356 - 7144e560-df6f-4156-b72f-fce3b3fbffa7@group-EA951F59AE6A: set configuration 0: [7144e560-df6f-4156-b72f-fce3b3fbffa7:10.42.0.13:9858], old=null at 0
2020-08-27 09:22:22 WARN  DatanodeStateMachine:245 - Interrupt the execution.
java.lang.InterruptedException: sleep interrupted
	at java.base/java.lang.Thread.sleep(Native Method)
	at org.apache.hadoop.ozone.container.common.statemachine.DatanodeStateMachine.start(DatanodeStateMachine.java:243)
	at org.apache.hadoop.ozone.container.common.statemachine.DatanodeStateMachine.lambda$startDaemon$0(DatanodeStateMachine.java:405)
	at java.base/java.lang.Thread.run(Thread.java:834)
2020-08-27 09:22:22 WARN  DatanodeStateMachine:245 - Interrupt the execution.
java.lang.InterruptedException: sleep interrupted
	at java.base/java.lang.Thread.sleep(Native Method)
	at org.apache.hadoop.ozone.container.common.statemachine.DatanodeStateMachine.start(DatanodeStateMachine.java:243)
	at org.apache.hadoop.ozone.container.common.statemachine.DatanodeStateMachine.lambda$startDaemon$0(DatanodeStateMachine.java:405)
	at java.base/java.lang.Thread.run(Thread.java:834)
2020-08-27 09:22:22 WARN  DatanodeStateMachine:245 - Interrupt the execution.
java.lang.InterruptedException: sleep interrupted
	at java.base/java.lang.Thread.sleep(Native Method)
	at org.apache.hadoop.ozone.container.common.statemachine.DatanodeStateMachine.start(DatanodeStateMachine.java:243)
	at org.apache.hadoop.ozone.container.common.statemachine.DatanodeStateMachine.lambda$startDaemon$0(DatanodeStateMachine.java:405)
	at java.base/java.lang.Thread.run(Thread.java:834)
