rm: cannot remove '/home/runner/work/ozone/ozone/hadoop-ozone/dist/target/ozone-1.3.0-SNAPSHOT/compose/result/*': No such file or directory
Executing test in ozone
Removing network ozone_default
Network ozone_default not found.
Creating network "ozone_default" with the default driver
Pulling datanode (apache/ozone-runner:20220623-1)...
20220623-1: Pulling from apache/ozone-runner
Digest: sha256:ba2ed07322bc8f888150fa2a1ec0523fca85e09c8eb9779445f8bca0d58cff97
Status: Downloaded newer image for apache/ozone-runner:20220623-1
Creating ozone_s3g_1 ... 
Creating ozone_om_1  ... 
Creating ozone_scm_1 ... 
Creating ozone_recon_1 ... 
Creating ozone_datanode_1 ... 
Creating ozone_datanode_2 ... 
Creating ozone_datanode_3 ... 
Creating ozone_datanode_4 ... 
Creating ozone_datanode_5 ... 
Creating ozone_s3g_1      ... done
Creating ozone_recon_1    ... done
Creating ozone_datanode_3 ... done
Creating ozone_datanode_2 ... done
Creating ozone_datanode_5 ... done
Creating ozone_scm_1      ... done
Creating ozone_om_1       ... done
Creating ozone_datanode_4 ... done
Creating ozone_datanode_1 ... done
SECONDS: 61
com.google.protobuf.ServiceException: java.net.ConnectException: Call From 72b97de5af93/172.18.0.4 to scm:9860 failed on connection exception: java.net.ConnectException: Connection refused; For more details see: http://wiki.apache.org/hadoop/ConnectionRefused, while invoking $Proxy20.submitRequest over nodeId=scmNodeId,nodeAddress=scm/172.18.0.4:9860 after 1 failover attempts. Trying to failover after sleeping for 2000ms. com.google.protobuf.ServiceException: java.net.ConnectException: Call From 72b97de5af93/172.18.0.4 to scm:9860 failed on connection exception: java.net.ConnectException: Connection refused; For more details see: http://wiki.apache.org/hadoop/ConnectionRefused, while invoking $Proxy20.submitRequest over nodeId=scmNodeId,nodeAddress=scm/172.18.0.4:9860 after 2 failover attempts. Trying to failover after sleeping for 2000ms. com.google.protobuf.ServiceException: java.net.ConnectException: Call From 72b97de5af93/172.18.0.4 to scm:9860 failed on connection exception: java.net.ConnectException: Connection refused; For more details see: http://wiki.apache.org/hadoop/ConnectionRefused, while invoking $Proxy20.submitRequest over nodeId=scmNodeId,nodeAddress=scm/172.18.0.4:9860 after 3 failover attempts. Trying to failover after sleeping for 2000ms. com.google.protobuf.ServiceException: java.net.ConnectException: Call From 72b97de5af93/172.18.0.4 to scm:9860 failed on connection exception: java.net.ConnectException: Connection refused; For more details see: http://wiki.apache.org/hadoop/ConnectionRefused, while invoking $Proxy20.submitRequest over nodeId=scmNodeId,nodeAddress=scm/172.18.0.4:9860 after 4 failover attempts. Trying to failover after sleeping for 2000ms. com.google.protobuf.ServiceException: org.apache.hadoop.ipc.RemoteException(org.apache.hadoop.hdds.ratis.ServerNotLeaderException): Server:aef9075c-b688-47c4-9b0b-576d39e9142b is not the leader. Could not determine the leader node. at org.apache.hadoop.hdds.ratis.ServerNotLeaderException.convertToNotLeaderException(ServerNotLeaderException.java:109) at org.apache.hadoop.hdds.scm.ha.RatisUtil.checkRatisException(RatisUtil.java:246) at org.apache.hadoop.hdds.scm.protocol.StorageContainerLocationProtocolServerSideTranslatorPB.submitRequest(StorageContainerLocationProtocolServerSideTranslatorPB.java:191) at org.apache.hadoop.hdds.protocol.proto.StorageContainerLocationProtocolProtos$StorageContainerLocationProtocolService$2.callBlockingMethod(StorageContainerLocationProtocolProtos.java:61195) at org.apache.hadoop.ipc.ProtobufRpcEngine$Server.processCall(ProtobufRpcEngine.java:466) at org.apache.hadoop.ipc.ProtobufRpcEngine2$Server$ProtoBufRpcInvoker.call(ProtobufRpcEngine2.java:574) at org.apache.hadoop.ipc.ProtobufRpcEngine2$Server$ProtoBufRpcInvoker.call(ProtobufRpcEngine2.java:552) at org.apache.hadoop.ipc.RPC$Server.call(RPC.java:1093) at org.apache.hadoop.ipc.Server$RpcCall.run(Server.java:1035) at org.apache.hadoop.ipc.Server$RpcCall.run(Server.java:963) at java.base/java.security.AccessController.doPrivileged(Native Method) at java.base/javax.security.auth.Subject.doAs(Subject.java:423) at org.apache.hadoop.security.UserGroupInformation.doAs(UserGroupInformation.java:1878) at org.apache.hadoop.ipc.Server$Handler.run(Server.java:2966) , while invoking $Proxy20.submitRequest over nodeId=scmNodeId,nodeAddress=scm/172.18.0.4:9860 after 5 failover attempts. Trying to failover after sleeping for 2000ms. com.google.protobuf.ServiceException: org.apache.hadoop.ipc.RemoteException(org.apache.hadoop.hdds.ratis.ServerNotLeaderException): Server:aef9075c-b688-47c4-9b0b-576d39e9142b is not the leader. Could not determine the leader node. at org.apache.hadoop.hdds.ratis.ServerNotLeaderException.convertToNotLeaderException(ServerNotLeaderException.java:109) at org.apache.hadoop.hdds.scm.ha.RatisUtil.checkRatisException(RatisUtil.java:246) at org.apache.hadoop.hdds.scm.protocol.StorageContainerLocationProtocolServerSideTranslatorPB.submitRequest(StorageContainerLocationProtocolServerSideTranslatorPB.java:191) at org.apache.hadoop.hdds.protocol.proto.StorageContainerLocationProtocolProtos$StorageContainerLocationProtocolService$2.callBlockingMethod(StorageContainerLocationProtocolProtos.java:61195) at org.apache.hadoop.ipc.ProtobufRpcEngine$Server.processCall(ProtobufRpcEngine.java:466) at org.apache.hadoop.ipc.ProtobufRpcEngine2$Server$ProtoBufRpcInvoker.call(ProtobufRpcEngine2.java:574) at org.apache.hadoop.ipc.ProtobufRpcEngine2$Server$ProtoBufRpcInvoker.call(ProtobufRpcEngine2.java:552) at org.apache.hadoop.ipc.RPC$Server.call(RPC.java:1093) at org.apache.hadoop.ipc.Server$RpcCall.run(Server.java:1035) at org.apache.hadoop.ipc.Server$RpcCall.run(Server.java:963) at java.base/java.security.AccessController.doPrivileged(Native Method) at java.base/javax.security.auth.Subject.doAs(Subject.java:423) at org.apache.hadoop.security.UserGroupInformation.doAs(UserGroupInformation.java:1878) at org.apache.hadoop.ipc.Server$Handler.run(Server.java:2966) , while invoking $Proxy20.submitRequest over nodeId=scmNodeId,nodeAddress=scm/172.18.0.4:9860 after 6 failover attempts. Trying to failover after sleeping for 2000ms. com.google.protobuf.ServiceException: org.apache.hadoop.ipc.RemoteException(org.apache.hadoop.hdds.ratis.ServerNotLeaderException): Server:aef9075c-b688-47c4-9b0b-576d39e9142b is not the leader. Could not determine the leader node. at org.apache.hadoop.hdds.ratis.ServerNotLeaderException.convertToNotLeaderException(ServerNotLeaderException.java:109) at org.apache.hadoop.hdds.scm.ha.RatisUtil.checkRatisException(RatisUtil.java:246) at org.apache.hadoop.hdds.scm.protocol.StorageContainerLocationProtocolServerSideTranslatorPB.submitRequest(StorageContainerLocationProtocolServerSideTranslatorPB.java:191) at org.apache.hadoop.hdds.protocol.proto.StorageContainerLocationProtocolProtos$StorageContainerLocationProtocolService$2.callBlockingMethod(StorageContainerLocationProtocolProtos.java:61195) at org.apache.hadoop.ipc.ProtobufRpcEngine$Server.processCall(ProtobufRpcEngine.java:466) at org.apache.hadoop.ipc.ProtobufRpcEngine2$Server$ProtoBufRpcInvoker.call(ProtobufRpcEngine2.java:574) at org.apache.hadoop.ipc.ProtobufRpcEngine2$Server$ProtoBufRpcInvoker.call(ProtobufRpcEngine2.java:552) at org.apache.hadoop.ipc.RPC$Server.call(RPC.java:1093) at org.apache.hadoop.ipc.Server$RpcCall.run(Server.java:1035) at org.apache.hadoop.ipc.Server$RpcCall.run(Server.java:963) at java.base/java.security.AccessController.doPrivileged(Native Method) at java.base/javax.security.auth.Subject.doAs(Subject.java:423) at org.apache.hadoop.security.UserGroupInformation.doAs(UserGroupInformation.java:1878) at org.apache.hadoop.ipc.Server$Handler.run(Server.java:2966) , while invoking $Proxy20.submitRequest over nodeId=scmNodeId,nodeAddress=scm/172.18.0.4:9860 after 7 failover attempts. Trying to failover after sleeping for 2000ms. SCM is in safe mode. validated:true, DataNodeSafeModeRule, registered datanodes (=5) >= required datanodes (=5) validated:false, HealthyPipelineSafeModeRule, healthy Ratis/THREE pipelines (=0) >= healthyPipelineThresholdCount (=1) validated:true, ContainerSafeModeRule, % of containers with at least one reported replica (=1.00) >= safeModeCutoff (=0.99) validated:true, AtleastOneDatanodeReportedRule, reported Ratis/THREE pipelines with at least one datanode (=0) >= threshold (=0)
SECONDS: 73
SCM is in safe mode. validated:true, DataNodeSafeModeRule, registered datanodes (=5) >= required datanodes (=5) validated:false, HealthyPipelineSafeModeRule, healthy Ratis/THREE pipelines (=0) >= healthyPipelineThresholdCount (=1) validated:true, ContainerSafeModeRule, % of containers with at least one reported replica (=1.00) >= safeModeCutoff (=0.99) validated:true, AtleastOneDatanodeReportedRule, reported Ratis/THREE pipelines with at least one datanode (=0) >= threshold (=0)
SECONDS: 79
SCM is out of safe mode.
Safe mode is off
No OM HA service, no need to wait
==============================================================================
Lib                                                                           
==============================================================================
Lib.Fs Tests                                                                  
==============================================================================
Format o3fs URL without path                                          | PASS |
------------------------------------------------------------------------------
Format o3fs URL with path                                             | PASS |
------------------------------------------------------------------------------
Format o3fs URL with OM                                               | PASS |
------------------------------------------------------------------------------
Format ofs URL without path                                           | PASS |
------------------------------------------------------------------------------
Format ofs URL with path                                              | PASS |
------------------------------------------------------------------------------
Format ofs URL with OM                                                | PASS |
------------------------------------------------------------------------------
Format FS URL with ofs scheme                                         | PASS |
------------------------------------------------------------------------------
Format FS URL with o3fs scheme                                        | PASS |
------------------------------------------------------------------------------
Format FS URL with unsupported scheme                                 | PASS |
------------------------------------------------------------------------------
Lib.Fs Tests                                                          | PASS |
9 tests, 9 passed, 0 failed
==============================================================================
Lib.Os Tests                                                                  
==============================================================================
Execute                                                               | PASS |
------------------------------------------------------------------------------
Execute failing command                                               | PASS |
------------------------------------------------------------------------------
Execute And Ignore Error                                              | PASS |
------------------------------------------------------------------------------
Execute and checkrc                                                   | PASS |
------------------------------------------------------------------------------
Execute and checkrc RC mismatch                                       | PASS |
------------------------------------------------------------------------------
Lib.Os Tests                                                          | PASS |
5 tests, 5 passed, 0 failed
==============================================================================
Lib.String Tests                                                              
==============================================================================
Ensure Leading without Leading                                        | PASS |
------------------------------------------------------------------------------
Ensure Leading with Leading                                           | PASS |
------------------------------------------------------------------------------
Ensure Leading for empty                                              | PASS |
------------------------------------------------------------------------------
Ensure Trailing without Trailing                                      | PASS |
------------------------------------------------------------------------------
Ensure Trailing with Trailing                                         | PASS |
------------------------------------------------------------------------------
Ensure Trailing for empty                                             | PASS |
------------------------------------------------------------------------------
Lib.String Tests                                                      | PASS |
6 tests, 6 passed, 0 failed
==============================================================================
Lib                                                                   | PASS |
20 tests, 20 passed, 0 failed
==============================================================================
Output:  /tmp/smoketest/ozone/result/robot-ozone-ozone-lib-scm.xml
==============================================================================
Ozone-Lib                                                                     
==============================================================================
Ozone-Lib.Shell Tests                                                         
==============================================================================
Bucket Exists should not if No Such Volume                            | PASS |
------------------------------------------------------------------------------
Bucket Exists should not if No Such Bucket                            | PASS |
------------------------------------------------------------------------------
Bucket Exists                                                         | PASS |
------------------------------------------------------------------------------
Bucket Exists should not if No Such OM service                        | PASS |
------------------------------------------------------------------------------
Key Should Match Local File                                           | PASS |
------------------------------------------------------------------------------
Compare Key With Local File with Different File                       | PASS |
------------------------------------------------------------------------------
Compare Key With Local File if File Does Not Exist                    | PASS |
------------------------------------------------------------------------------
Ozone-Lib.Shell Tests                                                 | PASS |
7 tests, 7 passed, 0 failed
==============================================================================
Ozone-Lib                                                             | PASS |
7 tests, 7 passed, 0 failed
==============================================================================
Output:  /tmp/smoketest/ozone/result/robot-ozone-ozone-lib-scm-1.xml
==============================================================================
Auditparser                                                                   
==============================================================================
Auditparser.Auditparser :: Smoketest ozone cluster startup                    
==============================================================================
Testing audit parser                                                  | PASS |
------------------------------------------------------------------------------
Auditparser.Auditparser :: Smoketest ozone cluster startup            | PASS |
1 test, 1 passed, 0 failed
==============================================================================
Auditparser                                                           | PASS |
1 test, 1 passed, 0 failed
==============================================================================
Output:  /tmp/smoketest/ozone/result/robot-ozone-ozone-lib-scm-2.xml
==============================================================================
Basic                                                                         
==============================================================================
Basic.Basic :: Smoketest ozone cluster startup                                
==============================================================================
Check webui static resources                                          | PASS |
------------------------------------------------------------------------------
Basic Freon smoketest                                                 | PASS |
------------------------------------------------------------------------------
Basic.Basic :: Smoketest ozone cluster startup                        | PASS |
2 tests, 2 passed, 0 failed
==============================================================================
Basic.Getconf :: Test 'ozone getconf' command                                 
==============================================================================
Get OM                                                                | PASS |
------------------------------------------------------------------------------
Get SCM                                                               | PASS |
------------------------------------------------------------------------------
Get existing config key                                               | PASS |
------------------------------------------------------------------------------
Get undefined config key                                              | PASS |
------------------------------------------------------------------------------
Basic.Getconf :: Test 'ozone getconf' command                         | PASS |
4 tests, 4 passed, 0 failed
==============================================================================
Basic.Links :: Test bucket links via Ozone CLI                                
==============================================================================
Link to non-existent bucket                                           | PASS |
------------------------------------------------------------------------------
Key create passthrough                                                | PASS |
------------------------------------------------------------------------------
Key read passthrough                                                  | PASS |
------------------------------------------------------------------------------
Key list passthrough                                                  | PASS |
------------------------------------------------------------------------------
Key delete passthrough                                                | PASS |
------------------------------------------------------------------------------
Bucket list contains links                                            | PASS |
------------------------------------------------------------------------------
Bucket info shows source                                              | PASS |
------------------------------------------------------------------------------
Source and target have separate ACLs                                  | PASS |
------------------------------------------------------------------------------
Buckets and links share namespace                                     | PASS |
------------------------------------------------------------------------------
Can follow link with read access                                      | PASS |
------------------------------------------------------------------------------
Cannot follow link without read access                                | PASS |
------------------------------------------------------------------------------
ACL verified on source bucket                                         | PASS |
------------------------------------------------------------------------------
Loop in link chain is detected                                        | PASS |
------------------------------------------------------------------------------
Multiple links to same bucket are allowed                             | PASS |
------------------------------------------------------------------------------
Source bucket not affected by deleting link                           | PASS |
------------------------------------------------------------------------------
Setting bucket property on link not allowed                           | PASS |
------------------------------------------------------------------------------
Basic.Links :: Test bucket links via Ozone CLI                        | PASS |
16 tests, 16 passed, 0 failed
==============================================================================
Basic.Ozone-Shell-Single :: Test ozone shell CLI usage                        
==============================================================================
Test ozone shell                                                      | PASS |
------------------------------------------------------------------------------
Basic.Ozone-Shell-Single :: Test ozone shell CLI usage                | PASS |
1 test, 1 passed, 0 failed
==============================================================================
Basic.Ozone-Shell :: Test ozone shell CLI usage                               
==============================================================================
RpcClient with port                                                   | PASS |
------------------------------------------------------------------------------
RpcClient with execution errors                                       | PASS |
------------------------------------------------------------------------------
RpcClient volume acls                                                 | PASS |
------------------------------------------------------------------------------
RpcClient bucket acls                                                 | PASS |
------------------------------------------------------------------------------
RpcClient key acls                                                    | PASS |
------------------------------------------------------------------------------
RpcClient prefix acls                                                 | PASS |
------------------------------------------------------------------------------
RpcClient without host                                                | PASS |
------------------------------------------------------------------------------
Basic.Ozone-Shell :: Test ozone shell CLI usage                       | PASS |
7 tests, 7 passed, 0 failed
==============================================================================
Basic.Single Node :: Smoketest for one datanode                               
==============================================================================
Basic Freon smoketest for one datanode                                | PASS |
------------------------------------------------------------------------------
Basic.Single Node :: Smoketest for one datanode                       | PASS |
1 test, 1 passed, 0 failed
==============================================================================
Basic                                                                 | PASS |
31 tests, 31 passed, 0 failed
==============================================================================
Output:  /tmp/smoketest/ozone/result/robot-ozone-ozone-lib-scm-3.xml
==============================================================================
Gdpr                                                                          
==============================================================================
Gdpr.Gdpr :: Smoketest Ozone GDPR Feature                                     
==============================================================================
Test GDPR disabled                                                    | PASS |
------------------------------------------------------------------------------
Test GDPR --enforcegdpr=true                                          | PASS |
------------------------------------------------------------------------------
Test GDPR -g=true                                                     | PASS |
------------------------------------------------------------------------------
Test GDPR -g=false                                                    | PASS |
------------------------------------------------------------------------------
Gdpr.Gdpr :: Smoketest Ozone GDPR Feature                             | PASS |
4 tests, 4 passed, 0 failed
==============================================================================
Gdpr                                                                  | PASS |
4 tests, 4 passed, 0 failed
==============================================================================
Output:  /tmp/smoketest/ozone/result/robot-ozone-ozone-lib-scm-4.xml
==============================================================================
Ozone-Secure-Token :: Test token operations                                   
==============================================================================
Token Test                                                            | PASS |
------------------------------------------------------------------------------
Ozone-Secure-Token :: Test token operations                           | PASS |
1 test, 1 passed, 0 failed
==============================================================================
Output:  /tmp/smoketest/ozone/result/robot-ozone-ozone-lib-scm-5.xml
==============================================================================
s3-erasure                                                                    
==============================================================================
s3-erasure.Awss3 :: S3 gateway test with aws cli                              
==============================================================================
File upload and directory list                                        | FAIL |
Parent suite setup failed:
1 != 0
------------------------------------------------------------------------------
File upload with special chars                                        | FAIL |
Parent suite setup failed:
1 != 0
------------------------------------------------------------------------------
s3-erasure.Awss3 :: S3 gateway test with aws cli                      | FAIL |
Parent suite setup failed:
1 != 0

2 tests, 0 passed, 2 failed
==============================================================================
s3-erasure.Boto3 :: S3 gateway test with Boto3 Client                         
==============================================================================
Boto3 Client Test                                                     | FAIL |
Parent suite setup failed:
1 != 0
------------------------------------------------------------------------------
s3-erasure.Boto3 :: S3 gateway test with Boto3 Client                 | FAIL |
Parent suite setup failed:
1 != 0

1 test, 0 passed, 1 failed
==============================================================================
s3-erasure.Bucketcreate :: S3 gateway test with aws cli                       
==============================================================================
Create new bucket                                                     | FAIL |
Parent suite setup failed:
1 != 0
------------------------------------------------------------------------------
Create bucket which already exists                                    | FAIL |
Parent suite setup failed:
1 != 0
------------------------------------------------------------------------------
Create bucket with invalid bucket name                                | FAIL |
Parent suite setup failed:
1 != 0
------------------------------------------------------------------------------
Create new bucket and check no group ACL                              | FAIL |
Parent suite setup failed:
1 != 0
------------------------------------------------------------------------------
s3-erasure.Bucketcreate :: S3 gateway test with aws cli               | FAIL |
Parent suite setup failed:
1 != 0

4 tests, 0 passed, 4 failed
==============================================================================
s3-erasure.Bucketdelete :: S3 gateway test with aws cli                       
==============================================================================
Delete existing bucket                                                | FAIL |
Parent suite setup failed:
1 != 0
------------------------------------------------------------------------------
Delete non-existent bucket                                            | FAIL |
Parent suite setup failed:
1 != 0
------------------------------------------------------------------------------
s3-erasure.Bucketdelete :: S3 gateway test with aws cli               | FAIL |
Parent suite setup failed:
1 != 0

2 tests, 0 passed, 2 failed
==============================================================================
s3-erasure.Buckethead :: S3 gateway test with aws cli                         
==============================================================================
Head Bucket                                                           | FAIL |
Parent suite setup failed:
1 != 0
------------------------------------------------------------------------------
Head Bucket not existent                                              | FAIL |
Parent suite setup failed:
1 != 0
------------------------------------------------------------------------------
s3-erasure.Buckethead :: S3 gateway test with aws cli                 | FAIL |
Parent suite setup failed:
1 != 0

2 tests, 0 passed, 2 failed
==============================================================================
s3-erasure.Bucketlist :: S3 gateway test with aws cli                         
==============================================================================
List buckets                                                          | FAIL |
Parent suite setup failed:
1 != 0
------------------------------------------------------------------------------
Get bucket info with Ozone Shell to check the owner field             | FAIL |
Parent suite setup failed:
1 != 0
------------------------------------------------------------------------------
List buckets with empty access id                                     | FAIL |
Parent suite setup failed:
1 != 0
------------------------------------------------------------------------------
s3-erasure.Bucketlist :: S3 gateway test with aws cli                 | FAIL |
Parent suite setup failed:
1 != 0

3 tests, 0 passed, 3 failed
==============================================================================
s3-erasure.MultipartUpload :: S3 gateway test with aws cli                    
==============================================================================
Test Multipart Upload With Adjusted Length                            | FAIL |
Parent suite setup failed:
1 != 0
------------------------------------------------------------------------------
Test Multipart Upload                                                 | FAIL |
Parent suite setup failed:
1 != 0
------------------------------------------------------------------------------
Test Multipart Upload Complete                                        | FAIL |
Parent suite setup failed:
1 != 0
------------------------------------------------------------------------------
Test Multipart Upload Complete Entity too small                       | FAIL |
Parent suite setup failed:
1 != 0
------------------------------------------------------------------------------
Test Multipart Upload Complete Invalid part errors and complete mp... | FAIL |
Parent suite setup failed:
1 != 0
------------------------------------------------------------------------------
Test abort Multipart upload                                           | FAIL |
Parent suite setup failed:
1 != 0
------------------------------------------------------------------------------
Test abort Multipart upload with invalid uploadId                     | FAIL |
Parent suite setup failed:
1 != 0
------------------------------------------------------------------------------
Upload part with Incorrect uploadID                                   | FAIL |
Parent suite setup failed:
1 != 0
------------------------------------------------------------------------------
Test list parts                                                       | FAIL |
Parent suite setup failed:
1 != 0
------------------------------------------------------------------------------
Test Multipart Upload with the simplified aws s3 cp API               | FAIL |
Parent suite setup failed:
1 != 0
------------------------------------------------------------------------------
Test Multipart Upload Put With Copy                                   | FAIL |
Parent suite setup failed:
1 != 0
------------------------------------------------------------------------------
Test Multipart Upload Put With Copy and range                         | FAIL |
Parent suite setup failed:
1 != 0
------------------------------------------------------------------------------
Test Multipart Upload Put With Copy and range with IfModifiedSince    | FAIL |
Parent suite setup failed:
1 != 0
------------------------------------------------------------------------------
Test Multipart Upload list                                            | FAIL |
Parent suite setup failed:
1 != 0
------------------------------------------------------------------------------
s3-erasure.MultipartUpload :: S3 gateway test with aws cli            | FAIL |
Parent suite setup failed:
1 != 0

14 tests, 0 passed, 14 failed
==============================================================================
s3-erasure.Objectcopy :: S3 gateway test with aws cli                         
==============================================================================
Copy Object Happy Scenario                                            | FAIL |
Parent suite setup failed:
1 != 0
------------------------------------------------------------------------------
Copy Object Where Bucket is not available                             | FAIL |
Parent suite setup failed:
1 != 0
------------------------------------------------------------------------------
Copy Object Where both source and dest are same with change to sto... | FAIL |
Parent suite setup failed:
1 != 0
------------------------------------------------------------------------------
Copy Object Where Key not available                                   | FAIL |
Parent suite setup failed:
1 != 0
------------------------------------------------------------------------------
s3-erasure.Objectcopy :: S3 gateway test with aws cli                 | FAIL |
Parent suite setup failed:
1 != 0

4 tests, 0 passed, 4 failed
==============================================================================
s3-erasure.Objectdelete :: S3 gateway test with aws cli                       
==============================================================================
Delete file with s3api                                                | FAIL |
Parent suite setup failed:
1 != 0
------------------------------------------------------------------------------
Delete file with s3api, file doesn't exist                            | FAIL |
Parent suite setup failed:
1 != 0
------------------------------------------------------------------------------
Delete dir with s3api                                                 | FAIL |
Parent suite setup failed:
1 != 0
------------------------------------------------------------------------------
Delete file with s3api, file doesn't exist, prefix of a real file     | FAIL |
Parent suite setup failed:
1 != 0
------------------------------------------------------------------------------
Delete file with s3api, bucket doesn't exist                          | FAIL |
Parent suite setup failed:
1 != 0
------------------------------------------------------------------------------
s3-erasure.Objectdelete :: S3 gateway test with aws cli               | FAIL |
Parent suite setup failed:
1 != 0

5 tests, 0 passed, 5 failed
==============================================================================
s3-erasure.Objectmultidelete :: S3 gateway test with aws cli                  
==============================================================================
Delete file with multi delete                                         | FAIL |
Parent suite setup failed:
1 != 0
------------------------------------------------------------------------------
s3-erasure.Objectmultidelete :: S3 gateway test with aws cli          | FAIL |
Parent suite setup failed:
1 != 0

1 test, 0 passed, 1 failed
==============================================================================
s3-erasure.Objectputget :: S3 gateway test with aws cli                       
==============================================================================
Put object to s3                                                      | FAIL |
Parent suite setup failed:
1 != 0
------------------------------------------------------------------------------
Get object from s3                                                    | FAIL |
Parent suite setup failed:
1 != 0
------------------------------------------------------------------------------
Get Partial object from s3 with both start and endoffset              | FAIL |
Parent suite setup failed:
1 != 0
------------------------------------------------------------------------------
Get Partial object from s3 with both start and endoffset(start off... | FAIL |
Parent suite setup failed:
1 != 0
------------------------------------------------------------------------------
Get Partial object from s3 with both start and endoffset(end offse... | FAIL |
Parent suite setup failed:
1 != 0
------------------------------------------------------------------------------
Get Partial object from s3 with only start offset                     | FAIL |
Parent suite setup failed:
1 != 0
------------------------------------------------------------------------------
Get Partial object from s3 with both start and endoffset which are... | FAIL |
Parent suite setup failed:
1 != 0
------------------------------------------------------------------------------
Get Partial object from s3 to get last n bytes                        | FAIL |
Parent suite setup failed:
1 != 0
------------------------------------------------------------------------------
Incorrect values for end and start offset                             | FAIL |
Parent suite setup failed:
1 != 0
------------------------------------------------------------------------------
Zero byte file                                                        | FAIL |
Parent suite setup failed:
1 != 0
------------------------------------------------------------------------------
s3-erasure.Objectputget :: S3 gateway test with aws cli               | FAIL |
Parent suite setup failed:
1 != 0

10 tests, 0 passed, 10 failed
==============================================================================
s3-erasure.Webui :: S3 gateway web ui test                                    
==============================================================================
S3 Gateway Web UI                                                     | FAIL |
Parent suite setup failed:
1 != 0
------------------------------------------------------------------------------
s3-erasure.Webui :: S3 gateway web ui test                            | FAIL |
Parent suite setup failed:
1 != 0

1 test, 0 passed, 1 failed
==============================================================================
s3-erasure                                                            | FAIL |
Suite setup failed:
1 != 0

49 tests, 0 passed, 49 failed
==============================================================================
Output:  /tmp/smoketest/ozone/result/robot-ozone-ozone-lib-scm-6.xml
jstack 6 > /home/runner/work/ozone/ozone/hadoop-ozone/dist/target/ozone-1.3.0-SNAPSHOT/compose/ozone/result/ozone_datanode_1_HddsDatanodeService.stack
jstack 8 > /home/runner/work/ozone/ozone/hadoop-ozone/dist/target/ozone-1.3.0-SNAPSHOT/compose/ozone/result/ozone_datanode_2_HddsDatanodeService.stack
jstack 6 > /home/runner/work/ozone/ozone/hadoop-ozone/dist/target/ozone-1.3.0-SNAPSHOT/compose/ozone/result/ozone_datanode_3_HddsDatanodeService.stack
jstack 9 > /home/runner/work/ozone/ozone/hadoop-ozone/dist/target/ozone-1.3.0-SNAPSHOT/compose/ozone/result/ozone_datanode_4_HddsDatanodeService.stack
jstack 7 > /home/runner/work/ozone/ozone/hadoop-ozone/dist/target/ozone-1.3.0-SNAPSHOT/compose/ozone/result/ozone_datanode_5_HddsDatanodeService.stack
jstack 7 > /home/runner/work/ozone/ozone/hadoop-ozone/dist/target/ozone-1.3.0-SNAPSHOT/compose/ozone/result/ozone_om_1_OzoneManagerStarter.stack
jstack 7 > /home/runner/work/ozone/ozone/hadoop-ozone/dist/target/ozone-1.3.0-SNAPSHOT/compose/ozone/result/ozone_recon_1_ReconServer.stack
jstack 7 > /home/runner/work/ozone/ozone/hadoop-ozone/dist/target/ozone-1.3.0-SNAPSHOT/compose/ozone/result/ozone_s3g_1_Gateway.stack
jstack 6 > /home/runner/work/ozone/ozone/hadoop-ozone/dist/target/ozone-1.3.0-SNAPSHOT/compose/ozone/result/ozone_scm_1_StorageContainerManagerStarter.stack
Stopping ozone_datanode_5 ... 
Stopping ozone_datanode_2 ... 
Stopping ozone_datanode_4 ... 
Stopping ozone_datanode_3 ... 
Stopping ozone_datanode_1 ... 
Stopping ozone_scm_1      ... 
Stopping ozone_recon_1    ... 
Stopping ozone_om_1       ... 
Stopping ozone_s3g_1      ... 
Stopping ozone_s3g_1      ... done
Stopping ozone_om_1       ... done
Stopping ozone_recon_1    ... done
Stopping ozone_datanode_4 ... done
Stopping ozone_datanode_3 ... done
Stopping ozone_datanode_2 ... done
Stopping ozone_scm_1      ... done
Stopping ozone_datanode_5 ... done
Stopping ozone_datanode_1 ... done
Removing ozone_datanode_5 ... 
Removing ozone_datanode_2 ... 
Removing ozone_datanode_4 ... 
Removing ozone_datanode_3 ... 
Removing ozone_datanode_1 ... 
Removing ozone_scm_1      ... 
Removing ozone_recon_1    ... 
Removing ozone_om_1       ... 
Removing ozone_s3g_1      ... 
Removing ozone_s3g_1      ... done
Removing ozone_datanode_4 ... done
Removing ozone_datanode_5 ... done
Removing ozone_datanode_2 ... done
Removing ozone_datanode_1 ... done
Removing ozone_om_1       ... done
Removing ozone_datanode_3 ... done
Removing ozone_scm_1      ... done
Removing ozone_recon_1    ... done
Removing network ozone_default
ERROR: Test execution of ozone is FAILED!!!!
Output:  /home/runner/work/ozone/ozone/hadoop-ozone/dist/target/ozone-1.3.0-SNAPSHOT/compose/result/ozone.xml
removed 'ozone/result/robot-ozone-ozone-lib-scm-1.xml'
removed 'ozone/result/robot-ozone-ozone-lib-scm-2.xml'
removed 'ozone/result/robot-ozone-ozone-lib-scm-3.xml'
removed 'ozone/result/robot-ozone-ozone-lib-scm-4.xml'
removed 'ozone/result/robot-ozone-ozone-lib-scm-5.xml'
removed 'ozone/result/robot-ozone-ozone-lib-scm-6.xml'
removed 'ozone/result/robot-ozone-ozone-lib-scm.xml'
renamed 'ozone/result/dn-audit-023abcd30d31.log' -> '/home/runner/work/ozone/ozone/hadoop-ozone/dist/target/ozone-1.3.0-SNAPSHOT/compose/result/ozone/dn-audit-023abcd30d31.log'
renamed 'ozone/result/dn-audit-5c6cf5bb00fa.log' -> '/home/runner/work/ozone/ozone/hadoop-ozone/dist/target/ozone-1.3.0-SNAPSHOT/compose/result/ozone/dn-audit-5c6cf5bb00fa.log'
renamed 'ozone/result/dn-audit-ce1d152dda23.log' -> '/home/runner/work/ozone/ozone/hadoop-ozone/dist/target/ozone-1.3.0-SNAPSHOT/compose/result/ozone/dn-audit-ce1d152dda23.log'
renamed 'ozone/result/dn-audit-d1cbeae41aaf.log' -> '/home/runner/work/ozone/ozone/hadoop-ozone/dist/target/ozone-1.3.0-SNAPSHOT/compose/result/ozone/dn-audit-d1cbeae41aaf.log'
renamed 'ozone/result/dn-audit-f5305f92552f.log' -> '/home/runner/work/ozone/ozone/hadoop-ozone/dist/target/ozone-1.3.0-SNAPSHOT/compose/result/ozone/dn-audit-f5305f92552f.log'
renamed 'ozone/result/docker-ozone-ozone-lib-scm.log' -> '/home/runner/work/ozone/ozone/hadoop-ozone/dist/target/ozone-1.3.0-SNAPSHOT/compose/result/ozone/docker-ozone-ozone-lib-scm.log'
renamed 'ozone/result/om-audit-e665dd4ab592.log' -> '/home/runner/work/ozone/ozone/hadoop-ozone/dist/target/ozone-1.3.0-SNAPSHOT/compose/result/ozone/om-audit-e665dd4ab592.log'
renamed 'ozone/result/ozone_datanode_1_HddsDatanodeService.stack' -> '/home/runner/work/ozone/ozone/hadoop-ozone/dist/target/ozone-1.3.0-SNAPSHOT/compose/result/ozone/ozone_datanode_1_HddsDatanodeService.stack'
renamed 'ozone/result/ozone_datanode_2_HddsDatanodeService.stack' -> '/home/runner/work/ozone/ozone/hadoop-ozone/dist/target/ozone-1.3.0-SNAPSHOT/compose/result/ozone/ozone_datanode_2_HddsDatanodeService.stack'
renamed 'ozone/result/ozone_datanode_3_HddsDatanodeService.stack' -> '/home/runner/work/ozone/ozone/hadoop-ozone/dist/target/ozone-1.3.0-SNAPSHOT/compose/result/ozone/ozone_datanode_3_HddsDatanodeService.stack'
renamed 'ozone/result/ozone_datanode_4_HddsDatanodeService.stack' -> '/home/runner/work/ozone/ozone/hadoop-ozone/dist/target/ozone-1.3.0-SNAPSHOT/compose/result/ozone/ozone_datanode_4_HddsDatanodeService.stack'
renamed 'ozone/result/ozone_datanode_5_HddsDatanodeService.stack' -> '/home/runner/work/ozone/ozone/hadoop-ozone/dist/target/ozone-1.3.0-SNAPSHOT/compose/result/ozone/ozone_datanode_5_HddsDatanodeService.stack'
renamed 'ozone/result/ozone_om_1_OzoneManagerStarter.stack' -> '/home/runner/work/ozone/ozone/hadoop-ozone/dist/target/ozone-1.3.0-SNAPSHOT/compose/result/ozone/ozone_om_1_OzoneManagerStarter.stack'
renamed 'ozone/result/ozone_recon_1_ReconServer.stack' -> '/home/runner/work/ozone/ozone/hadoop-ozone/dist/target/ozone-1.3.0-SNAPSHOT/compose/result/ozone/ozone_recon_1_ReconServer.stack'
renamed 'ozone/result/ozone_s3g_1_Gateway.stack' -> '/home/runner/work/ozone/ozone/hadoop-ozone/dist/target/ozone-1.3.0-SNAPSHOT/compose/result/ozone/ozone_s3g_1_Gateway.stack'
renamed 'ozone/result/ozone_scm_1_StorageContainerManagerStarter.stack' -> '/home/runner/work/ozone/ozone/hadoop-ozone/dist/target/ozone-1.3.0-SNAPSHOT/compose/result/ozone/ozone_scm_1_StorageContainerManagerStarter.stack'
renamed 'ozone/result/s3g-audit-5e9b8845c771.log' -> '/home/runner/work/ozone/ozone/hadoop-ozone/dist/target/ozone-1.3.0-SNAPSHOT/compose/result/ozone/s3g-audit-5e9b8845c771.log'
renamed 'ozone/result/scm-audit-72b97de5af93.log' -> '/home/runner/work/ozone/ozone/hadoop-ozone/dist/target/ozone-1.3.0-SNAPSHOT/compose/result/ozone/scm-audit-72b97de5af93.log'
Log:     /home/runner/work/ozone/ozone/hadoop-ozone/dist/target/ozone-1.3.0-SNAPSHOT/compose/result/log.html
Report:  /home/runner/work/ozone/ozone/hadoop-ozone/dist/target/ozone-1.3.0-SNAPSHOT/compose/result/report.html
