rm: cannot remove '/home/runner/work/ozone/ozone/hadoop-ozone/dist/target/ozone-1.3.0-SNAPSHOT/compose/result/*': No such file or directory
Executing test in ozonesecure
Removing network ozonesecure_default
Network ozonesecure_default not found.
Creating network "ozonesecure_default" with the default driver
Pulling kdc (apache/ozone-testkrb5:20210419-1)...
20210419-1: Pulling from apache/ozone-testkrb5
Digest: sha256:ba7a04b9f7605b9ac64f34400f426f1e9938ad2b5be93365685097ba962ed19a
Status: Downloaded newer image for apache/ozone-testkrb5:20210419-1
Pulling kms (apache/hadoop:3)...
3: Pulling from apache/hadoop
Digest: sha256:793348d0839a55d27fb9466d4a5f7e058744866f5ab2cb7aa32f541b4810b215
Status: Downloaded newer image for apache/hadoop:3
Pulling datanode (apache/ozone-runner:20220623-1)...
20220623-1: Pulling from apache/ozone-runner
Digest: sha256:ba2ed07322bc8f888150fa2a1ec0523fca85e09c8eb9779445f8bca0d58cff97
Status: Downloaded newer image for apache/ozone-runner:20220623-1
Pulling ranger (mockserver/mockserver:mockserver-5.13.2)...
mockserver-5.13.2: Pulling from mockserver/mockserver
Digest: sha256:4476ed966b8b7af15a8e50464e76c473c9c7f26364351d5abfb91815d8b3123d
Status: Downloaded newer image for mockserver/mockserver:mockserver-5.13.2
Creating ozonesecure_datanode_1 ... 
Creating ozonesecure_datanode_2 ... 
Creating ozonesecure_recon_1    ... 
Creating ozonesecure_datanode_3 ... 
Creating ozonesecure_kms_1      ... 
Creating ozonesecure_s3g_1      ... 
Creating ozonesecure_om_1       ... 
Creating ozonesecure_scm_1      ... 
Creating ozonesecure_ranger_1   ... 
Creating ozonesecure_kdc_1      ... 
Creating ozonesecure_kms_1      ... done
Creating ozonesecure_s3g_1      ... done
Creating ozonesecure_datanode_1 ... done
Creating ozonesecure_datanode_2 ... done
Creating ozonesecure_kdc_1      ... done
Creating ozonesecure_scm_1      ... done
Creating ozonesecure_ranger_1   ... done
Creating ozonesecure_om_1       ... done
Creating ozonesecure_recon_1    ... done
Creating ozonesecure_datanode_3 ... done
SECONDS: 52
com.google.protobuf.ServiceException: java.net.ConnectException: Call From scm/172.18.0.6 to scm:9860 failed on connection exception: java.net.ConnectException: Connection refused; For more details see: http://wiki.apache.org/hadoop/ConnectionRefused, while invoking $Proxy20.submitRequest over nodeId=scmNodeId,nodeAddress=scm/172.18.0.6:9860 after 1 failover attempts. Trying to failover after sleeping for 2000ms. com.google.protobuf.ServiceException: java.net.ConnectException: Call From scm/172.18.0.6 to scm:9860 failed on connection exception: java.net.ConnectException: Connection refused; For more details see: http://wiki.apache.org/hadoop/ConnectionRefused, while invoking $Proxy20.submitRequest over nodeId=scmNodeId,nodeAddress=scm/172.18.0.6:9860 after 2 failover attempts. Trying to failover after sleeping for 2000ms. com.google.protobuf.ServiceException: java.net.ConnectException: Call From scm/172.18.0.6 to scm:9860 failed on connection exception: java.net.ConnectException: Connection refused; For more details see: http://wiki.apache.org/hadoop/ConnectionRefused, while invoking $Proxy20.submitRequest over nodeId=scmNodeId,nodeAddress=scm/172.18.0.6:9860 after 3 failover attempts. Trying to failover after sleeping for 2000ms. com.google.protobuf.ServiceException: java.net.ConnectException: Call From scm/172.18.0.6 to scm:9860 failed on connection exception: java.net.ConnectException: Connection refused; For more details see: http://wiki.apache.org/hadoop/ConnectionRefused, while invoking $Proxy20.submitRequest over nodeId=scmNodeId,nodeAddress=scm/172.18.0.6:9860 after 4 failover attempts. Trying to failover after sleeping for 2000ms. com.google.protobuf.ServiceException: java.net.ConnectException: Call From scm/172.18.0.6 to scm:9860 failed on connection exception: java.net.ConnectException: Connection refused; For more details see: http://wiki.apache.org/hadoop/ConnectionRefused, while invoking $Proxy20.submitRequest over nodeId=scmNodeId,nodeAddress=scm/172.18.0.6:9860 after 5 failover attempts. Trying to failover after sleeping for 2000ms. com.google.protobuf.ServiceException: org.apache.hadoop.ipc.RemoteException(org.apache.hadoop.hdds.ratis.ServerNotLeaderException): Server:4591f94c-4f77-41c2-8d64-0d67fff68f54 is not the leader. Could not determine the leader node. at org.apache.hadoop.hdds.ratis.ServerNotLeaderException.convertToNotLeaderException(ServerNotLeaderException.java:109) at org.apache.hadoop.hdds.scm.ha.RatisUtil.checkRatisException(RatisUtil.java:246) at org.apache.hadoop.hdds.scm.protocol.StorageContainerLocationProtocolServerSideTranslatorPB.submitRequest(StorageContainerLocationProtocolServerSideTranslatorPB.java:191) at org.apache.hadoop.hdds.protocol.proto.StorageContainerLocationProtocolProtos$StorageContainerLocationProtocolService$2.callBlockingMethod(StorageContainerLocationProtocolProtos.java:61195) at org.apache.hadoop.ipc.ProtobufRpcEngine$Server.processCall(ProtobufRpcEngine.java:466) at org.apache.hadoop.ipc.ProtobufRpcEngine2$Server$ProtoBufRpcInvoker.call(ProtobufRpcEngine2.java:574) at org.apache.hadoop.ipc.ProtobufRpcEngine2$Server$ProtoBufRpcInvoker.call(ProtobufRpcEngine2.java:552) at org.apache.hadoop.ipc.RPC$Server.call(RPC.java:1093) at org.apache.hadoop.ipc.Server$RpcCall.run(Server.java:1035) at org.apache.hadoop.ipc.Server$RpcCall.run(Server.java:963) at java.base/java.security.AccessController.doPrivileged(Native Method) at java.base/javax.security.auth.Subject.doAs(Subject.java:423) at org.apache.hadoop.security.UserGroupInformation.doAs(UserGroupInformation.java:1878) at org.apache.hadoop.ipc.Server$Handler.run(Server.java:2966) , while invoking $Proxy20.submitRequest over nodeId=scmNodeId,nodeAddress=scm/172.18.0.6:9860 after 6 failover attempts. Trying to failover after sleeping for 2000ms. com.google.protobuf.ServiceException: org.apache.hadoop.ipc.RemoteException(org.apache.hadoop.hdds.ratis.ServerNotLeaderException): Server:4591f94c-4f77-41c2-8d64-0d67fff68f54 is not the leader. Could not determine the leader node. at org.apache.hadoop.hdds.ratis.ServerNotLeaderException.convertToNotLeaderException(ServerNotLeaderException.java:109) at org.apache.hadoop.hdds.scm.ha.RatisUtil.checkRatisException(RatisUtil.java:246) at org.apache.hadoop.hdds.scm.protocol.StorageContainerLocationProtocolServerSideTranslatorPB.submitRequest(StorageContainerLocationProtocolServerSideTranslatorPB.java:191) at org.apache.hadoop.hdds.protocol.proto.StorageContainerLocationProtocolProtos$StorageContainerLocationProtocolService$2.callBlockingMethod(StorageContainerLocationProtocolProtos.java:61195) at org.apache.hadoop.ipc.ProtobufRpcEngine$Server.processCall(ProtobufRpcEngine.java:466) at org.apache.hadoop.ipc.ProtobufRpcEngine2$Server$ProtoBufRpcInvoker.call(ProtobufRpcEngine2.java:574) at org.apache.hadoop.ipc.ProtobufRpcEngine2$Server$ProtoBufRpcInvoker.call(ProtobufRpcEngine2.java:552) at org.apache.hadoop.ipc.RPC$Server.call(RPC.java:1093) at org.apache.hadoop.ipc.Server$RpcCall.run(Server.java:1035) at org.apache.hadoop.ipc.Server$RpcCall.run(Server.java:963) at java.base/java.security.AccessController.doPrivileged(Native Method) at java.base/javax.security.auth.Subject.doAs(Subject.java:423) at org.apache.hadoop.security.UserGroupInformation.doAs(UserGroupInformation.java:1878) at org.apache.hadoop.ipc.Server$Handler.run(Server.java:2966) , while invoking $Proxy20.submitRequest over nodeId=scmNodeId,nodeAddress=scm/172.18.0.6:9860 after 7 failover attempts. Trying to failover after sleeping for 2000ms. SCM is in safe mode. validated:false, DataNodeSafeModeRule, registered datanodes (=0) >= required datanodes (=3) validated:false, HealthyPipelineSafeModeRule, healthy Ratis/THREE pipelines (=0) >= healthyPipelineThresholdCount (=1) validated:true, ContainerSafeModeRule, % of containers with at least one reported replica (=1.00) >= safeModeCutoff (=0.99) validated:true, AtleastOneDatanodeReportedRule, reported Ratis/THREE pipelines with at least one datanode (=0) >= threshold (=0)
SECONDS: 77
SCM is in safe mode. validated:true, DataNodeSafeModeRule, registered datanodes (=3) >= required datanodes (=3) validated:false, HealthyPipelineSafeModeRule, healthy Ratis/THREE pipelines (=0) >= healthyPipelineThresholdCount (=1) validated:true, ContainerSafeModeRule, % of containers with at least one reported replica (=1.00) >= safeModeCutoff (=0.99) validated:true, AtleastOneDatanodeReportedRule, reported Ratis/THREE pipelines with at least one datanode (=0) >= threshold (=0)
SECONDS: 91
SCM is in safe mode. validated:true, DataNodeSafeModeRule, registered datanodes (=3) >= required datanodes (=3) validated:false, HealthyPipelineSafeModeRule, healthy Ratis/THREE pipelines (=0) >= healthyPipelineThresholdCount (=1) validated:true, ContainerSafeModeRule, % of containers with at least one reported replica (=1.00) >= safeModeCutoff (=0.99) validated:true, AtleastOneDatanodeReportedRule, reported Ratis/THREE pipelines with at least one datanode (=0) >= threshold (=0)
SECONDS: 97
SCM is in safe mode. validated:true, DataNodeSafeModeRule, registered datanodes (=3) >= required datanodes (=3) validated:false, HealthyPipelineSafeModeRule, healthy Ratis/THREE pipelines (=0) >= healthyPipelineThresholdCount (=1) validated:true, ContainerSafeModeRule, % of containers with at least one reported replica (=1.00) >= safeModeCutoff (=0.99) validated:true, AtleastOneDatanodeReportedRule, reported Ratis/THREE pipelines with at least one datanode (=0) >= threshold (=0)
SECONDS: 103
SCM is in safe mode. validated:true, DataNodeSafeModeRule, registered datanodes (=3) >= required datanodes (=3) validated:false, HealthyPipelineSafeModeRule, healthy Ratis/THREE pipelines (=0) >= healthyPipelineThresholdCount (=1) validated:true, ContainerSafeModeRule, % of containers with at least one reported replica (=1.00) >= safeModeCutoff (=0.99) validated:true, AtleastOneDatanodeReportedRule, reported Ratis/THREE pipelines with at least one datanode (=0) >= threshold (=0)
SECONDS: 110
SCM is out of safe mode.
Safe mode is off
No OM HA service, no need to wait
key1 has been successfully created with options Options{cipher='AES/CTR/NoPadding', bitLength=128, description='null', attributes=null}.
org.apache.hadoop.crypto.key.kms.LoadBalancingKMSClientProvider@61386958 has been updated.
==============================================================================
Kinit :: Kinit test user                                                      
==============================================================================
Kinit                                                                 | PASS |
------------------------------------------------------------------------------
Kinit :: Kinit test user                                              | PASS |
1 test, 1 passed, 0 failed
==============================================================================
Output:  /tmp/smoketest/ozonesecure/result/robot-ozonesecure-ozonesecure-kinit-scm.xml
==============================================================================
Basic                                                                         
==============================================================================
Basic.Basic :: Smoketest ozone cluster startup                                
==============================================================================
Check webui static resources                                          | PASS |
------------------------------------------------------------------------------
Basic Freon smoketest                                                 | PASS |
------------------------------------------------------------------------------
Basic.Basic :: Smoketest ozone cluster startup                        | PASS |
2 tests, 2 passed, 0 failed
==============================================================================
Basic.Getconf :: Test 'ozone getconf' command                                 
==============================================================================
Get OM                                                                | PASS |
------------------------------------------------------------------------------
Get SCM                                                               | PASS |
------------------------------------------------------------------------------
Get existing config key                                               | PASS |
------------------------------------------------------------------------------
Get undefined config key                                              | PASS |
------------------------------------------------------------------------------
Basic.Getconf :: Test 'ozone getconf' command                         | PASS |
4 tests, 4 passed, 0 failed
==============================================================================
Basic.Links :: Test bucket links via Ozone CLI                                
==============================================================================
Link to non-existent bucket                                           | PASS |
------------------------------------------------------------------------------
Key create passthrough                                                | PASS |
------------------------------------------------------------------------------
Key read passthrough                                                  | PASS |
------------------------------------------------------------------------------
Key list passthrough                                                  | PASS |
------------------------------------------------------------------------------
Key delete passthrough                                                | PASS |
------------------------------------------------------------------------------
Bucket list contains links                                            | PASS |
------------------------------------------------------------------------------
Bucket info shows source                                              | PASS |
------------------------------------------------------------------------------
Source and target have separate ACLs                                  | PASS |
------------------------------------------------------------------------------
Buckets and links share namespace                                     | PASS |
------------------------------------------------------------------------------
Can follow link with read access                                      | PASS |
------------------------------------------------------------------------------
Cannot follow link without read access                                | PASS |
------------------------------------------------------------------------------
ACL verified on source bucket                                         | PASS |
------------------------------------------------------------------------------
Loop in link chain is detected                                        | PASS |
------------------------------------------------------------------------------
Multiple links to same bucket are allowed                             | PASS |
------------------------------------------------------------------------------
Source bucket not affected by deleting link                           | PASS |
------------------------------------------------------------------------------
Setting bucket property on link not allowed                           | PASS |
------------------------------------------------------------------------------
Basic.Links :: Test bucket links via Ozone CLI                        | PASS |
16 tests, 16 passed, 0 failed
==============================================================================
Basic.Ozone-Shell-Single :: Test ozone shell CLI usage                        
==============================================================================
Test ozone shell                                                      | PASS |
------------------------------------------------------------------------------
Basic.Ozone-Shell-Single :: Test ozone shell CLI usage                | PASS |
1 test, 1 passed, 0 failed
==============================================================================
Basic.Ozone-Shell :: Test ozone shell CLI usage                               
==============================================================================
RpcClient with port                                                   | PASS |
------------------------------------------------------------------------------
RpcClient with execution errors                                       | PASS |
------------------------------------------------------------------------------
RpcClient volume acls                                                 | PASS |
------------------------------------------------------------------------------
RpcClient bucket acls                                                 | PASS |
------------------------------------------------------------------------------
RpcClient key acls                                                    | PASS |
------------------------------------------------------------------------------
RpcClient prefix acls                                                 | PASS |
------------------------------------------------------------------------------
RpcClient without host                                                | PASS |
------------------------------------------------------------------------------
Basic.Ozone-Shell :: Test ozone shell CLI usage                       | PASS |
7 tests, 7 passed, 0 failed
==============================================================================
Basic.Single Node :: Smoketest for one datanode                               
==============================================================================
Basic Freon smoketest for one datanode                                | PASS |
------------------------------------------------------------------------------
Basic.Single Node :: Smoketest for one datanode                       | PASS |
1 test, 1 passed, 0 failed
==============================================================================
Basic                                                                 | PASS |
31 tests, 31 passed, 0 failed
==============================================================================
Output:  /tmp/smoketest/ozonesecure/result/robot-ozonesecure-ozonesecure-kinit-scm-1.xml
==============================================================================
Security                                                                      
==============================================================================
Security.Admin-Cert :: Test for ozone admin cert command                      
==============================================================================
List valid certificates                                               | PASS |
------------------------------------------------------------------------------
List revoked certificates                                             | PASS |
------------------------------------------------------------------------------
Info of the cert                                                      | PASS |
------------------------------------------------------------------------------
Security.Admin-Cert :: Test for ozone admin cert command              | PASS |
3 tests, 3 passed, 0 failed
==============================================================================
Security.Bucket-Encryption :: Test for bucket encryption                      
==============================================================================
Create Encrypted Bucket                                               | PASS |
------------------------------------------------------------------------------
Create Key in Encrypted Bucket                                        | PASS |
------------------------------------------------------------------------------
Security.Bucket-Encryption :: Test for bucket encryption              | PASS |
2 tests, 2 passed, 0 failed
==============================================================================
Security.Ozone-Secure-Fs :: Smoke test to start cluster with docker-compose...
==============================================================================
Create volume bucket with wrong credentials                           | PASS |
------------------------------------------------------------------------------
Create volume with non-admin user                                     | PASS |
------------------------------------------------------------------------------
Create bucket with non-admin owner(testuser2)                         | PASS |
------------------------------------------------------------------------------
Create volume bucket with credentials                                 | PASS |
------------------------------------------------------------------------------
Check volume from ozonefs                                             | PASS |
------------------------------------------------------------------------------
Test Volume Acls                                                      | PASS |
------------------------------------------------------------------------------
Test Bucket Acls                                                      | PASS |
------------------------------------------------------------------------------
Test key Acls                                                         | PASS |
------------------------------------------------------------------------------
Test native authorizer                                                | PASS |
------------------------------------------------------------------------------
Security.Ozone-Secure-Fs :: Smoke test to start cluster with docke... | PASS |
9 tests, 9 passed, 0 failed
==============================================================================
Security.Ozone-Secure-S3 :: Smoke test to start cluster with docker-compose...
==============================================================================
Secure S3 test Success                                                | FAIL |
Test timeout 5 minutes exceeded.
------------------------------------------------------------------------------
Secure S3 put-object test                                             | FAIL |
255 != 0
------------------------------------------------------------------------------
Secure S3 test Failure                                                | PASS |
------------------------------------------------------------------------------
Security.Ozone-Secure-S3 :: Smoke test to start cluster with docke... | FAIL |
3 tests, 1 passed, 2 failed
==============================================================================
Security.Ozone-Secure-Tenant :: Smoke test for ozone secure tenant commands   
==============================================================================
Create Tenant Success with Cluster Admin                              | PASS |
------------------------------------------------------------------------------
Assign User Success with Cluster Admin                                | PASS |
------------------------------------------------------------------------------
Assign User Failure to Non-existent Tenant                            | PASS |
------------------------------------------------------------------------------
GetUserInfo Success                                                   | PASS |
------------------------------------------------------------------------------
GetUserInfo as JSON Success                                           | PASS |
------------------------------------------------------------------------------
Create Bucket 1 Success via S3 API                                    | PASS |
------------------------------------------------------------------------------
Verify Bucket 1 Owner                                                 | PASS |
------------------------------------------------------------------------------
SetSecret Success with Cluster Admin                                  | PASS |
------------------------------------------------------------------------------
SetSecret Failure For Invalid Secret 1                                | PASS |
------------------------------------------------------------------------------
SetSecret Failure For Invalid Secret 2                                | PASS |
------------------------------------------------------------------------------
GetSecret Success                                                     | PASS |
------------------------------------------------------------------------------
Delete Bucket 1 Failure With Old SecretKey via S3 API                 | PASS |
------------------------------------------------------------------------------
Delete Bucket 1 Success With Newly Set SecretKey via S3 API           | PASS |
------------------------------------------------------------------------------
Delete Tenant Failure Tenant Not Empty                                | PASS |
------------------------------------------------------------------------------
Create Tenant Failure with Regular User                               | PASS |
------------------------------------------------------------------------------
SetSecret Failure with Regular User                                   | PASS |
------------------------------------------------------------------------------
Create Bucket 2 Success with somesecret1 via S3 API                   | PASS |
------------------------------------------------------------------------------
Delete Bucket 2 Failure with somesecret2 via S3 API                   | PASS |
------------------------------------------------------------------------------
Delete Bucket 2 Success with somesecret1 via S3 API                   | PASS |
------------------------------------------------------------------------------
Revoke User AccessId Success with Cluster Admin                       | PASS |
------------------------------------------------------------------------------
Create Bucket 3 Failure with Revoked AccessId via S3 API              | PASS |
------------------------------------------------------------------------------
Delete Tenant Success with Cluster Admin                              | PASS |
------------------------------------------------------------------------------
Delete Volume Success with Cluster Admin                              | PASS |
------------------------------------------------------------------------------
List Tenant Expect Empty Result                                       | PASS |
------------------------------------------------------------------------------
Security.Ozone-Secure-Tenant :: Smoke test for ozone secure tenant... | PASS |
24 tests, 24 passed, 0 failed
==============================================================================
Security.Ozone-Secure-Token :: Test token operations                          
==============================================================================
Token Test                                                            | PASS |
------------------------------------------------------------------------------
Security.Ozone-Secure-Token :: Test token operations                  | PASS |
1 test, 1 passed, 0 failed
==============================================================================
Security                                                              | FAIL |
42 tests, 40 passed, 2 failed
==============================================================================
Output:  /tmp/smoketest/ozonesecure/result/robot-ozonesecure-ozonesecure-kinit-scm-2.xml
jstack 6 > /home/runner/work/ozone/ozone/hadoop-ozone/dist/target/ozone-1.3.0-SNAPSHOT/compose/ozonesecure/result/ozonesecure_datanode_1_HddsDatanodeService.stack
jstack 7 > /home/runner/work/ozone/ozone/hadoop-ozone/dist/target/ozone-1.3.0-SNAPSHOT/compose/ozonesecure/result/ozonesecure_datanode_2_HddsDatanodeService.stack
jstack 7 > /home/runner/work/ozone/ozone/hadoop-ozone/dist/target/ozone-1.3.0-SNAPSHOT/compose/ozonesecure/result/ozonesecure_datanode_3_HddsDatanodeService.stack
jstack 8 > /home/runner/work/ozone/ozone/hadoop-ozone/dist/target/ozone-1.3.0-SNAPSHOT/compose/ozonesecure/result/ozonesecure_om_1_OzoneManagerStarter.stack
jstack 8 > /home/runner/work/ozone/ozone/hadoop-ozone/dist/target/ozone-1.3.0-SNAPSHOT/compose/ozonesecure/result/ozonesecure_recon_1_ReconServer.stack
jstack 7 > /home/runner/work/ozone/ozone/hadoop-ozone/dist/target/ozone-1.3.0-SNAPSHOT/compose/ozonesecure/result/ozonesecure_s3g_1_Gateway.stack
jstack 6 > /home/runner/work/ozone/ozone/hadoop-ozone/dist/target/ozone-1.3.0-SNAPSHOT/compose/ozonesecure/result/ozonesecure_scm_1_StorageContainerManagerStarter.stack
Stopping ozonesecure_ranger_1   ... 
Stopping ozonesecure_kdc_1      ... 
Stopping ozonesecure_datanode_3 ... 
Stopping ozonesecure_scm_1      ... 
Stopping ozonesecure_om_1       ... 
Stopping ozonesecure_datanode_1 ... 
Stopping ozonesecure_kms_1      ... 
Stopping ozonesecure_s3g_1      ... 
Stopping ozonesecure_datanode_2 ... 
Stopping ozonesecure_recon_1    ... 
Stopping ozonesecure_kdc_1      ... done
Stopping ozonesecure_kms_1      ... done
Stopping ozonesecure_ranger_1   ... done
Stopping ozonesecure_s3g_1      ... done
Stopping ozonesecure_recon_1    ... done
Stopping ozonesecure_om_1       ... done
Stopping ozonesecure_datanode_3 ... done
Stopping ozonesecure_scm_1      ... done
Stopping ozonesecure_datanode_2 ... done
Stopping ozonesecure_datanode_1 ... done
Removing ozonesecure_ranger_1   ... 
Removing ozonesecure_kdc_1      ... 
Removing ozonesecure_datanode_3 ... 
Removing ozonesecure_scm_1      ... 
Removing ozonesecure_om_1       ... 
Removing ozonesecure_datanode_1 ... 
Removing ozonesecure_kms_1      ... 
Removing ozonesecure_s3g_1      ... 
Removing ozonesecure_datanode_2 ... 
Removing ozonesecure_recon_1    ... 
Removing ozonesecure_kdc_1      ... done
Removing ozonesecure_ranger_1   ... done
Removing ozonesecure_datanode_2 ... done
Removing ozonesecure_datanode_3 ... done
Removing ozonesecure_om_1       ... done
Removing ozonesecure_s3g_1      ... done
Removing ozonesecure_datanode_1 ... done
Removing ozonesecure_kms_1      ... done
Removing ozonesecure_recon_1    ... done
Removing ozonesecure_scm_1      ... done
Removing network ozonesecure_default
ERROR: Test execution of ozonesecure is FAILED!!!!
Output:  /home/runner/work/ozone/ozone/hadoop-ozone/dist/target/ozone-1.3.0-SNAPSHOT/compose/result/ozonesecure.xml
removed 'ozonesecure/result/robot-ozonesecure-ozonesecure-kinit-scm-1.xml'
removed 'ozonesecure/result/robot-ozonesecure-ozonesecure-kinit-scm-2.xml'
removed 'ozonesecure/result/robot-ozonesecure-ozonesecure-kinit-scm.xml'
renamed 'ozonesecure/result/dn-audit-510c81a46fdb.log' -> '/home/runner/work/ozone/ozone/hadoop-ozone/dist/target/ozone-1.3.0-SNAPSHOT/compose/result/ozonesecure/dn-audit-510c81a46fdb.log'
renamed 'ozonesecure/result/dn-audit-6f2be4a515c1.log' -> '/home/runner/work/ozone/ozone/hadoop-ozone/dist/target/ozone-1.3.0-SNAPSHOT/compose/result/ozonesecure/dn-audit-6f2be4a515c1.log'
renamed 'ozonesecure/result/dn-audit-df9c1a5c5a99.log' -> '/home/runner/work/ozone/ozone/hadoop-ozone/dist/target/ozone-1.3.0-SNAPSHOT/compose/result/ozonesecure/dn-audit-df9c1a5c5a99.log'
renamed 'ozonesecure/result/docker-ozonesecure-ozonesecure-kinit-scm.log' -> '/home/runner/work/ozone/ozone/hadoop-ozone/dist/target/ozone-1.3.0-SNAPSHOT/compose/result/ozonesecure/docker-ozonesecure-ozonesecure-kinit-scm.log'
renamed 'ozonesecure/result/kms-audit.log' -> '/home/runner/work/ozone/ozone/hadoop-ozone/dist/target/ozone-1.3.0-SNAPSHOT/compose/result/ozonesecure/kms-audit.log'
renamed 'ozonesecure/result/om-audit-om.log' -> '/home/runner/work/ozone/ozone/hadoop-ozone/dist/target/ozone-1.3.0-SNAPSHOT/compose/result/ozonesecure/om-audit-om.log'
renamed 'ozonesecure/result/ozonesecure_datanode_1_HddsDatanodeService.stack' -> '/home/runner/work/ozone/ozone/hadoop-ozone/dist/target/ozone-1.3.0-SNAPSHOT/compose/result/ozonesecure/ozonesecure_datanode_1_HddsDatanodeService.stack'
renamed 'ozonesecure/result/ozonesecure_datanode_2_HddsDatanodeService.stack' -> '/home/runner/work/ozone/ozone/hadoop-ozone/dist/target/ozone-1.3.0-SNAPSHOT/compose/result/ozonesecure/ozonesecure_datanode_2_HddsDatanodeService.stack'
renamed 'ozonesecure/result/ozonesecure_datanode_3_HddsDatanodeService.stack' -> '/home/runner/work/ozone/ozone/hadoop-ozone/dist/target/ozone-1.3.0-SNAPSHOT/compose/result/ozonesecure/ozonesecure_datanode_3_HddsDatanodeService.stack'
renamed 'ozonesecure/result/ozonesecure_om_1_OzoneManagerStarter.stack' -> '/home/runner/work/ozone/ozone/hadoop-ozone/dist/target/ozone-1.3.0-SNAPSHOT/compose/result/ozonesecure/ozonesecure_om_1_OzoneManagerStarter.stack'
renamed 'ozonesecure/result/ozonesecure_recon_1_ReconServer.stack' -> '/home/runner/work/ozone/ozone/hadoop-ozone/dist/target/ozone-1.3.0-SNAPSHOT/compose/result/ozonesecure/ozonesecure_recon_1_ReconServer.stack'
renamed 'ozonesecure/result/ozonesecure_s3g_1_Gateway.stack' -> '/home/runner/work/ozone/ozone/hadoop-ozone/dist/target/ozone-1.3.0-SNAPSHOT/compose/result/ozonesecure/ozonesecure_s3g_1_Gateway.stack'
renamed 'ozonesecure/result/ozonesecure_scm_1_StorageContainerManagerStarter.stack' -> '/home/runner/work/ozone/ozone/hadoop-ozone/dist/target/ozone-1.3.0-SNAPSHOT/compose/result/ozonesecure/ozonesecure_scm_1_StorageContainerManagerStarter.stack'
renamed 'ozonesecure/result/s3g-audit-s3g.log' -> '/home/runner/work/ozone/ozone/hadoop-ozone/dist/target/ozone-1.3.0-SNAPSHOT/compose/result/ozonesecure/s3g-audit-s3g.log'
renamed 'ozonesecure/result/scm-audit-scm.log' -> '/home/runner/work/ozone/ozone/hadoop-ozone/dist/target/ozone-1.3.0-SNAPSHOT/compose/result/ozonesecure/scm-audit-scm.log'
Log:     /home/runner/work/ozone/ozone/hadoop-ozone/dist/target/ozone-1.3.0-SNAPSHOT/compose/result/log.html
Report:  /home/runner/work/ozone/ozone/hadoop-ozone/dist/target/ozone-1.3.0-SNAPSHOT/compose/result/report.html
