rm: cannot remove '/home/runner/work/ozone/ozone/hadoop-ozone/dist/target/ozone-1.3.0-SNAPSHOT/compose/result/*': No such file or directory
Executing test in ozone
Removing network ozone_default
Network ozone_default not found.
Creating network "ozone_default" with the default driver
Pulling datanode (apache/ozone-runner:20220623-1)...
20220623-1: Pulling from apache/ozone-runner
Digest: sha256:ba2ed07322bc8f888150fa2a1ec0523fca85e09c8eb9779445f8bca0d58cff97
Status: Downloaded newer image for apache/ozone-runner:20220623-1
Creating ozone_scm_1 ... 
Creating ozone_om_1  ... 
Creating ozone_s3g_1 ... 
Creating ozone_recon_1 ... 
Creating ozone_datanode_1 ... 
Creating ozone_datanode_2 ... 
Creating ozone_datanode_3 ... 
Creating ozone_datanode_4 ... 
Creating ozone_datanode_5 ... 
Creating ozone_s3g_1      ... done
Creating ozone_datanode_1 ... done
Creating ozone_recon_1    ... done
Creating ozone_datanode_4 ... done
Creating ozone_datanode_5 ... done
Creating ozone_scm_1      ... done
Creating ozone_om_1       ... done
Creating ozone_datanode_2 ... done
Creating ozone_datanode_3 ... done
SECONDS: 70
com.google.protobuf.ServiceException: java.net.ConnectException: Call From f5954aedea91/172.18.0.2 to scm:9860 failed on connection exception: java.net.ConnectException: Connection refused; For more details see: http://wiki.apache.org/hadoop/ConnectionRefused, while invoking $Proxy20.submitRequest over nodeId=scmNodeId,nodeAddress=scm/172.18.0.2:9860 after 1 failover attempts. Trying to failover after sleeping for 2000ms. com.google.protobuf.ServiceException: java.net.ConnectException: Call From f5954aedea91/172.18.0.2 to scm:9860 failed on connection exception: java.net.ConnectException: Connection refused; For more details see: http://wiki.apache.org/hadoop/ConnectionRefused, while invoking $Proxy20.submitRequest over nodeId=scmNodeId,nodeAddress=scm/172.18.0.2:9860 after 2 failover attempts. Trying to failover after sleeping for 2000ms. com.google.protobuf.ServiceException: java.net.ConnectException: Call From f5954aedea91/172.18.0.2 to scm:9860 failed on connection exception: java.net.ConnectException: Connection refused; For more details see: http://wiki.apache.org/hadoop/ConnectionRefused, while invoking $Proxy20.submitRequest over nodeId=scmNodeId,nodeAddress=scm/172.18.0.2:9860 after 3 failover attempts. Trying to failover after sleeping for 2000ms. com.google.protobuf.ServiceException: java.net.ConnectException: Call From f5954aedea91/172.18.0.2 to scm:9860 failed on connection exception: java.net.ConnectException: Connection refused; For more details see: http://wiki.apache.org/hadoop/ConnectionRefused, while invoking $Proxy20.submitRequest over nodeId=scmNodeId,nodeAddress=scm/172.18.0.2:9860 after 4 failover attempts. Trying to failover after sleeping for 2000ms. com.google.protobuf.ServiceException: org.apache.hadoop.ipc.RemoteException(org.apache.hadoop.hdds.ratis.ServerNotLeaderException): Server:187da944-bfbb-41b8-af54-0d8d99db1f63 is not the leader. Could not determine the leader node. at org.apache.hadoop.hdds.ratis.ServerNotLeaderException.convertToNotLeaderException(ServerNotLeaderException.java:109) at org.apache.hadoop.hdds.scm.ha.RatisUtil.checkRatisException(RatisUtil.java:246) at org.apache.hadoop.hdds.scm.protocol.StorageContainerLocationProtocolServerSideTranslatorPB.submitRequest(StorageContainerLocationProtocolServerSideTranslatorPB.java:191) at org.apache.hadoop.hdds.protocol.proto.StorageContainerLocationProtocolProtos$StorageContainerLocationProtocolService$2.callBlockingMethod(StorageContainerLocationProtocolProtos.java:61195) at org.apache.hadoop.ipc.ProtobufRpcEngine$Server.processCall(ProtobufRpcEngine.java:466) at org.apache.hadoop.ipc.ProtobufRpcEngine2$Server$ProtoBufRpcInvoker.call(ProtobufRpcEngine2.java:574) at org.apache.hadoop.ipc.ProtobufRpcEngine2$Server$ProtoBufRpcInvoker.call(ProtobufRpcEngine2.java:552) at org.apache.hadoop.ipc.RPC$Server.call(RPC.java:1093) at org.apache.hadoop.ipc.Server$RpcCall.run(Server.java:1035) at org.apache.hadoop.ipc.Server$RpcCall.run(Server.java:963) at java.base/java.security.AccessController.doPrivileged(Native Method) at java.base/javax.security.auth.Subject.doAs(Subject.java:423) at org.apache.hadoop.security.UserGroupInformation.doAs(UserGroupInformation.java:1878) at org.apache.hadoop.ipc.Server$Handler.run(Server.java:2966) , while invoking $Proxy20.submitRequest over nodeId=scmNodeId,nodeAddress=scm/172.18.0.2:9860 after 5 failover attempts. Trying to failover after sleeping for 2000ms. com.google.protobuf.ServiceException: org.apache.hadoop.ipc.RemoteException(org.apache.hadoop.hdds.ratis.ServerNotLeaderException): Server:187da944-bfbb-41b8-af54-0d8d99db1f63 is not the leader. Could not determine the leader node. at org.apache.hadoop.hdds.ratis.ServerNotLeaderException.convertToNotLeaderException(ServerNotLeaderException.java:109) at org.apache.hadoop.hdds.scm.ha.RatisUtil.checkRatisException(RatisUtil.java:246) at org.apache.hadoop.hdds.scm.protocol.StorageContainerLocationProtocolServerSideTranslatorPB.submitRequest(StorageContainerLocationProtocolServerSideTranslatorPB.java:191) at org.apache.hadoop.hdds.protocol.proto.StorageContainerLocationProtocolProtos$StorageContainerLocationProtocolService$2.callBlockingMethod(StorageContainerLocationProtocolProtos.java:61195) at org.apache.hadoop.ipc.ProtobufRpcEngine$Server.processCall(ProtobufRpcEngine.java:466) at org.apache.hadoop.ipc.ProtobufRpcEngine2$Server$ProtoBufRpcInvoker.call(ProtobufRpcEngine2.java:574) at org.apache.hadoop.ipc.ProtobufRpcEngine2$Server$ProtoBufRpcInvoker.call(ProtobufRpcEngine2.java:552) at org.apache.hadoop.ipc.RPC$Server.call(RPC.java:1093) at org.apache.hadoop.ipc.Server$RpcCall.run(Server.java:1035) at org.apache.hadoop.ipc.Server$RpcCall.run(Server.java:963) at java.base/java.security.AccessController.doPrivileged(Native Method) at java.base/javax.security.auth.Subject.doAs(Subject.java:423) at org.apache.hadoop.security.UserGroupInformation.doAs(UserGroupInformation.java:1878) at org.apache.hadoop.ipc.Server$Handler.run(Server.java:2966) , while invoking $Proxy20.submitRequest over nodeId=scmNodeId,nodeAddress=scm/172.18.0.2:9860 after 6 failover attempts. Trying to failover after sleeping for 2000ms. com.google.protobuf.ServiceException: org.apache.hadoop.ipc.RemoteException(org.apache.hadoop.hdds.ratis.ServerNotLeaderException): Server:187da944-bfbb-41b8-af54-0d8d99db1f63 is not the leader. Could not determine the leader node. at org.apache.hadoop.hdds.ratis.ServerNotLeaderException.convertToNotLeaderException(ServerNotLeaderException.java:109) at org.apache.hadoop.hdds.scm.ha.RatisUtil.checkRatisException(RatisUtil.java:246) at org.apache.hadoop.hdds.scm.protocol.StorageContainerLocationProtocolServerSideTranslatorPB.submitRequest(StorageContainerLocationProtocolServerSideTranslatorPB.java:191) at org.apache.hadoop.hdds.protocol.proto.StorageContainerLocationProtocolProtos$StorageContainerLocationProtocolService$2.callBlockingMethod(StorageContainerLocationProtocolProtos.java:61195) at org.apache.hadoop.ipc.ProtobufRpcEngine$Server.processCall(ProtobufRpcEngine.java:466) at org.apache.hadoop.ipc.ProtobufRpcEngine2$Server$ProtoBufRpcInvoker.call(ProtobufRpcEngine2.java:574) at org.apache.hadoop.ipc.ProtobufRpcEngine2$Server$ProtoBufRpcInvoker.call(ProtobufRpcEngine2.java:552) at org.apache.hadoop.ipc.RPC$Server.call(RPC.java:1093) at org.apache.hadoop.ipc.Server$RpcCall.run(Server.java:1035) at org.apache.hadoop.ipc.Server$RpcCall.run(Server.java:963) at java.base/java.security.AccessController.doPrivileged(Native Method) at java.base/javax.security.auth.Subject.doAs(Subject.java:423) at org.apache.hadoop.security.UserGroupInformation.doAs(UserGroupInformation.java:1878) at org.apache.hadoop.ipc.Server$Handler.run(Server.java:2966) , while invoking $Proxy20.submitRequest over nodeId=scmNodeId,nodeAddress=scm/172.18.0.2:9860 after 7 failover attempts. Trying to failover after sleeping for 2000ms. SCM is in safe mode. validated:true, DataNodeSafeModeRule, registered datanodes (=5) >= required datanodes (=5) validated:false, HealthyPipelineSafeModeRule, healthy Ratis/THREE pipelines (=0) >= healthyPipelineThresholdCount (=1) validated:true, ContainerSafeModeRule, % of containers with at least one reported replica (=1.00) >= safeModeCutoff (=0.99) validated:true, AtleastOneDatanodeReportedRule, reported Ratis/THREE pipelines with at least one datanode (=0) >= threshold (=0)
SECONDS: 85
SCM is out of safe mode.
Safe mode is off
No OM HA service, no need to wait
==============================================================================
Lib                                                                           
==============================================================================
Lib.Fs Tests                                                                  
==============================================================================
Format o3fs URL without path                                          | PASS |
------------------------------------------------------------------------------
Format o3fs URL with path                                             | PASS |
------------------------------------------------------------------------------
Format o3fs URL with OM                                               | PASS |
------------------------------------------------------------------------------
Format ofs URL without path                                           | PASS |
------------------------------------------------------------------------------
Format ofs URL with path                                              | PASS |
------------------------------------------------------------------------------
Format ofs URL with OM                                                | PASS |
------------------------------------------------------------------------------
Format FS URL with ofs scheme                                         | PASS |
------------------------------------------------------------------------------
Format FS URL with o3fs scheme                                        | PASS |
------------------------------------------------------------------------------
Format FS URL with unsupported scheme                                 | PASS |
------------------------------------------------------------------------------
Lib.Fs Tests                                                          | PASS |
9 tests, 9 passed, 0 failed
==============================================================================
Lib.Os Tests                                                                  
==============================================================================
Execute                                                               | PASS |
------------------------------------------------------------------------------
Execute failing command                                               | PASS |
------------------------------------------------------------------------------
Execute And Ignore Error                                              | PASS |
------------------------------------------------------------------------------
Execute and checkrc                                                   | PASS |
------------------------------------------------------------------------------
Execute and checkrc RC mismatch                                       | PASS |
------------------------------------------------------------------------------
Lib.Os Tests                                                          | PASS |
5 tests, 5 passed, 0 failed
==============================================================================
Lib.String Tests                                                              
==============================================================================
Ensure Leading without Leading                                        | PASS |
------------------------------------------------------------------------------
Ensure Leading with Leading                                           | PASS |
------------------------------------------------------------------------------
Ensure Leading for empty                                              | PASS |
------------------------------------------------------------------------------
Ensure Trailing without Trailing                                      | PASS |
------------------------------------------------------------------------------
Ensure Trailing with Trailing                                         | PASS |
------------------------------------------------------------------------------
Ensure Trailing for empty                                             | PASS |
------------------------------------------------------------------------------
Lib.String Tests                                                      | PASS |
6 tests, 6 passed, 0 failed
==============================================================================
Lib                                                                   | PASS |
20 tests, 20 passed, 0 failed
==============================================================================
Output:  /tmp/smoketest/ozone/result/robot-ozone-ozone-lib-scm.xml
==============================================================================
Ozone-Lib                                                                     
==============================================================================
Ozone-Lib.Shell Tests                                                         
==============================================================================
Bucket Exists should not if No Such Volume                            | PASS |
------------------------------------------------------------------------------
Bucket Exists should not if No Such Bucket                            | PASS |
------------------------------------------------------------------------------
Bucket Exists                                                         | PASS |
------------------------------------------------------------------------------
Bucket Exists should not if No Such OM service                        | PASS |
------------------------------------------------------------------------------
Key Should Match Local File                                           | PASS |
------------------------------------------------------------------------------
Compare Key With Local File with Different File                       | PASS |
------------------------------------------------------------------------------
Compare Key With Local File if File Does Not Exist                    | PASS |
------------------------------------------------------------------------------
Ozone-Lib.Shell Tests                                                 | PASS |
7 tests, 7 passed, 0 failed
==============================================================================
Ozone-Lib                                                             | PASS |
7 tests, 7 passed, 0 failed
==============================================================================
Output:  /tmp/smoketest/ozone/result/robot-ozone-ozone-lib-scm-1.xml
==============================================================================
Auditparser                                                                   
==============================================================================
Auditparser.Auditparser :: Smoketest ozone cluster startup                    
==============================================================================
Testing audit parser                                                  | FAIL |
Setup failed:
Test timeout 5 minutes exceeded.
------------------------------------------------------------------------------
Auditparser.Auditparser :: Smoketest ozone cluster startup            | FAIL |
1 test, 0 passed, 1 failed
==============================================================================
Auditparser                                                           | FAIL |
1 test, 0 passed, 1 failed
==============================================================================
Output:  /tmp/smoketest/ozone/result/robot-ozone-ozone-lib-scm-2.xml
jstack 6 > /home/runner/work/ozone/ozone/hadoop-ozone/dist/target/ozone-1.3.0-SNAPSHOT/compose/ozone/result/ozone_datanode_1_HddsDatanodeService.stack
jstack 6 > /home/runner/work/ozone/ozone/hadoop-ozone/dist/target/ozone-1.3.0-SNAPSHOT/compose/ozone/result/ozone_datanode_2_HddsDatanodeService.stack
jstack 9 > /home/runner/work/ozone/ozone/hadoop-ozone/dist/target/ozone-1.3.0-SNAPSHOT/compose/ozone/result/ozone_datanode_3_HddsDatanodeService.stack
jstack 7 > /home/runner/work/ozone/ozone/hadoop-ozone/dist/target/ozone-1.3.0-SNAPSHOT/compose/ozone/result/ozone_datanode_4_HddsDatanodeService.stack
jstack 10 > /home/runner/work/ozone/ozone/hadoop-ozone/dist/target/ozone-1.3.0-SNAPSHOT/compose/ozone/result/ozone_datanode_5_HddsDatanodeService.stack
jstack 7 > /home/runner/work/ozone/ozone/hadoop-ozone/dist/target/ozone-1.3.0-SNAPSHOT/compose/ozone/result/ozone_om_1_OzoneManagerStarter.stack
jstack 474 > /home/runner/work/ozone/ozone/hadoop-ozone/dist/target/ozone-1.3.0-SNAPSHOT/compose/ozone/result/ozone_om_1_Freon.stack
jstack 7 > /home/runner/work/ozone/ozone/hadoop-ozone/dist/target/ozone-1.3.0-SNAPSHOT/compose/ozone/result/ozone_recon_1_ReconServer.stack
jstack 6 > /home/runner/work/ozone/ozone/hadoop-ozone/dist/target/ozone-1.3.0-SNAPSHOT/compose/ozone/result/ozone_s3g_1_Gateway.stack
jstack 7 > /home/runner/work/ozone/ozone/hadoop-ozone/dist/target/ozone-1.3.0-SNAPSHOT/compose/ozone/result/ozone_scm_1_StorageContainerManagerStarter.stack
Stopping ozone_datanode_1 ... 
Stopping ozone_datanode_2 ... 
Stopping ozone_datanode_3 ... 
Stopping ozone_datanode_5 ... 
Stopping ozone_s3g_1      ... 
Stopping ozone_datanode_4 ... 
Stopping ozone_recon_1    ... 
Stopping ozone_om_1       ... 
Stopping ozone_scm_1      ... 
Stopping ozone_s3g_1      ... done
Stopping ozone_om_1       ... done
Stopping ozone_recon_1    ... done
Stopping ozone_datanode_5 ... done
Stopping ozone_datanode_4 ... done
Stopping ozone_scm_1      ... done
Stopping ozone_datanode_1 ... done
Stopping ozone_datanode_2 ... done
Stopping ozone_datanode_3 ... done
Removing ozone_datanode_1 ... 
Removing ozone_datanode_2 ... 
Removing ozone_datanode_3 ... 
Removing ozone_datanode_5 ... 
Removing ozone_s3g_1      ... 
Removing ozone_datanode_4 ... 
Removing ozone_recon_1    ... 
Removing ozone_om_1       ... 
Removing ozone_scm_1      ... 
Removing ozone_scm_1      ... done
Removing ozone_datanode_4 ... done
Removing ozone_datanode_5 ... done
Removing ozone_s3g_1      ... done
Removing ozone_datanode_2 ... done
Removing ozone_datanode_1 ... done
Removing ozone_recon_1    ... done
Removing ozone_datanode_3 ... done
Removing ozone_om_1       ... done
Removing network ozone_default
ERROR: Test execution of ozone is FAILED!!!!
Output:  /home/runner/work/ozone/ozone/hadoop-ozone/dist/target/ozone-1.3.0-SNAPSHOT/compose/result/ozone.xml
removed 'ozone/result/robot-ozone-ozone-lib-scm-1.xml'
removed 'ozone/result/robot-ozone-ozone-lib-scm-2.xml'
removed 'ozone/result/robot-ozone-ozone-lib-scm.xml'
renamed 'ozone/result/dn-audit-4a4a5f9012b5.log' -> '/home/runner/work/ozone/ozone/hadoop-ozone/dist/target/ozone-1.3.0-SNAPSHOT/compose/result/ozone/dn-audit-4a4a5f9012b5.log'
renamed 'ozone/result/dn-audit-6dcff805622f.log' -> '/home/runner/work/ozone/ozone/hadoop-ozone/dist/target/ozone-1.3.0-SNAPSHOT/compose/result/ozone/dn-audit-6dcff805622f.log'
renamed 'ozone/result/dn-audit-aebafb117941.log' -> '/home/runner/work/ozone/ozone/hadoop-ozone/dist/target/ozone-1.3.0-SNAPSHOT/compose/result/ozone/dn-audit-aebafb117941.log'
renamed 'ozone/result/dn-audit-d48e9997c0e0.log' -> '/home/runner/work/ozone/ozone/hadoop-ozone/dist/target/ozone-1.3.0-SNAPSHOT/compose/result/ozone/dn-audit-d48e9997c0e0.log'
renamed 'ozone/result/dn-audit-f2725b1b1cec.log' -> '/home/runner/work/ozone/ozone/hadoop-ozone/dist/target/ozone-1.3.0-SNAPSHOT/compose/result/ozone/dn-audit-f2725b1b1cec.log'
renamed 'ozone/result/docker-ozone-ozone-lib-scm.log' -> '/home/runner/work/ozone/ozone/hadoop-ozone/dist/target/ozone-1.3.0-SNAPSHOT/compose/result/ozone/docker-ozone-ozone-lib-scm.log'
renamed 'ozone/result/om-audit-62b3d83d7b18.log' -> '/home/runner/work/ozone/ozone/hadoop-ozone/dist/target/ozone-1.3.0-SNAPSHOT/compose/result/ozone/om-audit-62b3d83d7b18.log'
renamed 'ozone/result/ozone_datanode_1_HddsDatanodeService.stack' -> '/home/runner/work/ozone/ozone/hadoop-ozone/dist/target/ozone-1.3.0-SNAPSHOT/compose/result/ozone/ozone_datanode_1_HddsDatanodeService.stack'
renamed 'ozone/result/ozone_datanode_2_HddsDatanodeService.stack' -> '/home/runner/work/ozone/ozone/hadoop-ozone/dist/target/ozone-1.3.0-SNAPSHOT/compose/result/ozone/ozone_datanode_2_HddsDatanodeService.stack'
renamed 'ozone/result/ozone_datanode_3_HddsDatanodeService.stack' -> '/home/runner/work/ozone/ozone/hadoop-ozone/dist/target/ozone-1.3.0-SNAPSHOT/compose/result/ozone/ozone_datanode_3_HddsDatanodeService.stack'
renamed 'ozone/result/ozone_datanode_4_HddsDatanodeService.stack' -> '/home/runner/work/ozone/ozone/hadoop-ozone/dist/target/ozone-1.3.0-SNAPSHOT/compose/result/ozone/ozone_datanode_4_HddsDatanodeService.stack'
renamed 'ozone/result/ozone_datanode_5_HddsDatanodeService.stack' -> '/home/runner/work/ozone/ozone/hadoop-ozone/dist/target/ozone-1.3.0-SNAPSHOT/compose/result/ozone/ozone_datanode_5_HddsDatanodeService.stack'
renamed 'ozone/result/ozone_om_1_Freon.stack' -> '/home/runner/work/ozone/ozone/hadoop-ozone/dist/target/ozone-1.3.0-SNAPSHOT/compose/result/ozone/ozone_om_1_Freon.stack'
renamed 'ozone/result/ozone_om_1_OzoneManagerStarter.stack' -> '/home/runner/work/ozone/ozone/hadoop-ozone/dist/target/ozone-1.3.0-SNAPSHOT/compose/result/ozone/ozone_om_1_OzoneManagerStarter.stack'
renamed 'ozone/result/ozone_recon_1_ReconServer.stack' -> '/home/runner/work/ozone/ozone/hadoop-ozone/dist/target/ozone-1.3.0-SNAPSHOT/compose/result/ozone/ozone_recon_1_ReconServer.stack'
renamed 'ozone/result/ozone_s3g_1_Gateway.stack' -> '/home/runner/work/ozone/ozone/hadoop-ozone/dist/target/ozone-1.3.0-SNAPSHOT/compose/result/ozone/ozone_s3g_1_Gateway.stack'
renamed 'ozone/result/ozone_scm_1_StorageContainerManagerStarter.stack' -> '/home/runner/work/ozone/ozone/hadoop-ozone/dist/target/ozone-1.3.0-SNAPSHOT/compose/result/ozone/ozone_scm_1_StorageContainerManagerStarter.stack'
renamed 'ozone/result/s3g-audit-2008bf6f4231.log' -> '/home/runner/work/ozone/ozone/hadoop-ozone/dist/target/ozone-1.3.0-SNAPSHOT/compose/result/ozone/s3g-audit-2008bf6f4231.log'
renamed 'ozone/result/scm-audit-f5954aedea91.log' -> '/home/runner/work/ozone/ozone/hadoop-ozone/dist/target/ozone-1.3.0-SNAPSHOT/compose/result/ozone/scm-audit-f5954aedea91.log'
Exception in thread "main" java.net.SocketException: Socket closed
	at java.net.PlainSocketImpl.socketAccept(Native Method)
	at java.net.AbstractPlainSocketImpl.accept(AbstractPlainSocketImpl.java:409)
	at java.net.ServerSocket.implAccept(ServerSocket.java:560)
	at java.net.ServerSocket.accept(ServerSocket.java:528)
	at org.apache.hadoop.test.JacocoServer.main(JacocoServer.java:60)
Log:     /home/runner/work/ozone/ozone/hadoop-ozone/dist/target/ozone-1.3.0-SNAPSHOT/compose/result/log.html
Report:  /home/runner/work/ozone/ozone/hadoop-ozone/dist/target/ozone-1.3.0-SNAPSHOT/compose/result/report.html
