No '-XX:...' jvm parameters are set. Adding safer GC settings '-XX:ParallelGCThreads=8 -XX:+UseConcMarkSweepGC -XX:CMSInitiatingOccupancyFraction=70 -XX:+CMSParallelRemarkEnabled' to the OZONE_OPTS
OpenJDK 64-Bit Server VM warning: Option UseConcMarkSweepGC was deprecated in version 9.0 and will likely be removed in a future release.
2022-10-27 16:22:38 INFO  HddsDatanodeService:112 - STARTUP_MSG: 
/************************************************************
STARTUP_MSG: Starting HddsDatanodeService
STARTUP_MSG:   host = datanode-0/10.42.0.10
STARTUP_MSG:   args = []
STARTUP_MSG:   version = 1.3.0-SNAPSHOT
STARTUP_MSG:   classpath = /etc/hadoop:/opt/hadoop/share/ozone/lib/kerb-simplekdc-1.0.1.jar:/opt/hadoop/share/ozone/lib/slf4j-reload4j-1.7.36.jar:/opt/hadoop/share/ozone/lib/protobuf-java-2.5.0.jar:/opt/hadoop/share/ozone/lib/jaxb-core-2.3.0.1.jar:/opt/hadoop/share/ozone/lib/netty-handler-4.1.79.Final.jar:/opt/hadoop/share/ozone/lib/istack-commons-runtime-3.0.5.jar:/opt/hadoop/share/ozone/lib/commons-validator-1.6.jar:/opt/hadoop/share/ozone/lib/bcpkix-jdk15on-1.67.jar:/opt/hadoop/share/ozone/lib/hdds-interface-admin-1.3.0-SNAPSHOT.jar:/opt/hadoop/share/ozone/lib/kerb-core-1.0.1.jar:/opt/hadoop/share/ozone/lib/hadoop-shaded-protobuf_3_7-1.1.1.jar:/opt/hadoop/share/ozone/lib/netty-common-4.1.79.Final.jar:/opt/hadoop/share/ozone/lib/hdds-container-service-1.3.0-SNAPSHOT.jar:/opt/hadoop/share/ozone/lib/ratis-thirdparty-misc-1.0.2.jar:/opt/hadoop/share/ozone/lib/jsr305-3.0.0.jar:/opt/hadoop/share/ozone/lib/j2objc-annotations-1.3.jar:/opt/hadoop/share/ozone/lib/jetty-webapp-9.4.49.v20220914.jar:/opt/hadoop/share/ozone/lib/picocli-4.6.1.jar:/opt/hadoop/share/ozone/lib/javassist-3.21.0-GA.jar:/opt/hadoop/share/ozone/lib/jaxb-api-2.3.0.jar:/opt/hadoop/share/ozone/lib/kerb-util-1.0.1.jar:/opt/hadoop/share/ozone/lib/ratis-common-2.4.0.jar:/opt/hadoop/share/ozone/lib/hadoop-shaded-guava-1.1.1.jar:/opt/hadoop/share/ozone/lib/kotlin-stdlib-1.6.21.jar:/opt/hadoop/share/ozone/lib/log4j-core-2.17.1.jar:/opt/hadoop/share/ozone/lib/jetty-security-9.4.49.v20220914.jar:/opt/hadoop/share/ozone/lib/commons-logging-1.2.jar:/opt/hadoop/share/ozone/lib/accessors-smart-2.4.7.jar:/opt/hadoop/share/ozone/lib/kerby-xdr-1.0.1.jar:/opt/hadoop/share/ozone/lib/ratis-metrics-2.4.0.jar:/opt/hadoop/share/ozone/lib/txw2-2.3.0.1.jar:/opt/hadoop/share/ozone/lib/ratis-grpc-2.4.0.jar:/opt/hadoop/share/ozone/lib/httpcore-4.4.13.jar:/opt/hadoop/share/ozone/lib/guava-31.1-jre.jar:/opt/hadoop/share/ozone/lib/opentracing-tracerresolver-0.1.8.jar:/opt/hadoop/share/ozone/lib/commons-net-3.6.jar:/opt/hadoop/share/ozone/lib/hadoop-auth-3.3.4.jar:/opt/hadoop/share/ozone/lib/netty-transport-4.1.79.Final.jar:/opt/hadoop/share/ozone/lib/libthrift-0.14.1.jar:/opt/hadoop/share/ozone/lib/stax-ex-1.7.8.jar:/opt/hadoop/share/ozone/lib/httpclient-4.5.13.jar:/opt/hadoop/share/ozone/lib/kerby-config-1.0.1.jar:/opt/hadoop/share/ozone/lib/jaeger-client-1.6.0.jar:/opt/hadoop/share/ozone/lib/jackson-annotations-2.13.4.jar:/opt/hadoop/share/ozone/lib/commons-io-2.11.0.jar:/opt/hadoop/share/ozone/lib/metrics-core-3.2.4.jar:/opt/hadoop/share/ozone/lib/hadoop-annotations-3.3.4.jar:/opt/hadoop/share/ozone/lib/kerby-pkix-1.0.1.jar:/opt/hadoop/share/ozone/lib/jetty-util-9.4.49.v20220914.jar:/opt/hadoop/share/ozone/lib/ratis-proto-2.4.0.jar:/opt/hadoop/share/ozone/lib/activation-1.1.1.jar:/opt/hadoop/share/ozone/lib/json-smart-2.4.7.jar:/opt/hadoop/share/ozone/lib/snakeyaml-1.32.jar:/opt/hadoop/share/ozone/lib/jetty-io-9.4.49.v20220914.jar:/opt/hadoop/share/ozone/lib/hdds-interface-client-1.3.0-SNAPSHOT.jar:/opt/hadoop/share/ozone/lib/jsr311-api-1.1.1.jar:/opt/hadoop/share/ozone/lib/jetty-server-9.4.49.v20220914.jar:/opt/hadoop/share/ozone/lib/hdds-annotation-processing-1.3.0-SNAPSHOT.jar:/opt/hadoop/share/ozone/lib/commons-beanutils-1.9.4.jar:/opt/hadoop/share/ozone/lib/hdds-server-framework-1.3.0-SNAPSHOT.jar:/opt/hadoop/share/ozone/lib/javax.servlet-api-3.1.0.jar:/opt/hadoop/share/ozone/lib/kerb-server-1.0.1.jar:/opt/hadoop/share/ozone/lib/hdds-common-1.3.0-SNAPSHOT.jar:/opt/hadoop/share/ozone/lib/rocksdbjni-7.4.5.jar:/opt/hadoop/share/ozone/lib/kerb-client-1.0.1.jar:/opt/hadoop/share/ozone/lib/jetty-xml-9.4.49.v20220914.jar:/opt/hadoop/share/ozone/lib/hadoop-common-3.3.4.jar:/opt/hadoop/share/ozone/lib/disruptor-3.4.2.jar:/opt/hadoop/share/ozone/lib/gson-2.9.0.jar:/opt/hadoop/share/ozone/lib/reflections-0.9.11.jar:/opt/hadoop/share/ozone/lib/hdds-erasurecode-1.3.0-SNAPSHOT.jar:/opt/hadoop/share/ozone/lib/hdds-interface-server-1.3.0-SNAPSHOT.jar:/opt/hadoop/share/ozone/lib/annotations-13.0.jar:/opt/hadoop/share/ozone/lib/simpleclient_common-0.7.0.jar:/opt/hadoop/share/ozone/lib/dnsjava-2.1.7.jar:/opt/hadoop/share/ozone/lib/jaeger-thrift-1.6.0.jar:/opt/hadoop/share/ozone/lib/bcprov-jdk15on-1.67.jar:/opt/hadoop/share/ozone/lib/commons-configuration2-2.1.1.jar:/opt/hadoop/share/ozone/lib/token-provider-1.0.1.jar:/opt/hadoop/share/ozone/lib/commons-daemon-1.0.13.jar:/opt/hadoop/share/ozone/lib/listenablefuture-9999.0-empty-to-avoid-conflict-with-guava.jar:/opt/hadoop/share/ozone/lib/netty-buffer-4.1.79.Final.jar:/opt/hadoop/share/ozone/lib/jaeger-tracerresolver-1.6.0.jar:/opt/hadoop/share/ozone/lib/slf4j-api-1.7.36.jar:/opt/hadoop/share/ozone/lib/commons-lang3-3.7.jar:/opt/hadoop/share/ozone/lib/re2j-1.1.jar:/opt/hadoop/share/ozone/lib/jackson-datatype-jsr310-2.13.4.jar:/opt/hadoop/share/ozone/lib/simpleclient_dropwizard-0.7.0.jar:/opt/hadoop/share/ozone/lib/simpleclient-0.7.0.jar:/opt/hadoop/share/ozone/lib/asm-5.0.4.jar:/opt/hadoop/share/ozone/lib/kerby-util-1.0.1.jar:/opt/hadoop/share/ozone/lib/netty-codec-4.1.79.Final.jar:/opt/hadoop/share/ozone/lib/failureaccess-1.0.1.jar:/opt/hadoop/share/ozone/lib/jackson-databind-2.13.4.2.jar:/opt/hadoop/share/ozone/lib/ratis-server-2.4.0.jar:/opt/hadoop/share/ozone/lib/ratis-server-api-2.4.0.jar:/opt/hadoop/share/ozone/lib/okio-2.8.0.jar:/opt/hadoop/share/ozone/lib/jetty-servlet-9.4.49.v20220914.jar:/opt/hadoop/share/ozone/lib/hdds-config-1.3.0-SNAPSHOT.jar:/opt/hadoop/share/ozone/lib/jsp-api-2.1.jar:/opt/hadoop/share/ozone/lib/jsch-0.1.54.jar:/opt/hadoop/share/ozone/lib/jakarta.activation-api-1.2.1.jar:/opt/hadoop/share/ozone/lib/nimbus-jose-jwt-7.9.jar:/opt/hadoop/share/ozone/lib/woodstox-core-5.4.0.jar:/opt/hadoop/share/ozone/lib/reload4j-1.2.22.jar:/opt/hadoop/share/ozone/lib/commons-codec-1.11.jar:/opt/hadoop/share/ozone/lib/commons-pool2-2.6.0.jar:/opt/hadoop/share/ozone/lib/netty-resolver-4.1.79.Final.jar:/opt/hadoop/share/ozone/lib/opentracing-api-0.33.0.jar:/opt/hadoop/share/ozone/lib/jcip-annotations-1.0-1.jar:/opt/hadoop/share/ozone/lib/kerb-admin-1.0.1.jar:/opt/hadoop/share/ozone/lib/jetty-util-ajax-9.4.49.v20220914.jar:/opt/hadoop/share/ozone/lib/opentracing-noop-0.33.0.jar:/opt/hadoop/share/ozone/lib/hadoop-hdfs-client-3.3.4.jar:/opt/hadoop/share/ozone/lib/netty-transport-native-unix-common-4.1.79.Final.jar:/opt/hadoop/share/ozone/lib/jersey-core-1.19.jar:/opt/hadoop/share/ozone/lib/commons-compress-1.21.jar:/opt/hadoop/share/ozone/lib/jaxb-runtime-2.3.0.1.jar:/opt/hadoop/share/ozone/lib/hadoop-hdfs-3.3.4.jar:/opt/hadoop/share/ozone/lib/jackson-core-2.13.4.jar:/opt/hadoop/share/ozone/lib/opentracing-util-0.33.0.jar:/opt/hadoop/share/ozone/lib/ratis-client-2.4.0.jar:/opt/hadoop/share/ozone/lib/hdds-client-1.3.0-SNAPSHOT.jar:/opt/hadoop/share/ozone/lib/snappy-java-1.1.8.2.jar:/opt/hadoop/share/ozone/lib/hdds-hadoop-dependency-client-1.3.0-SNAPSHOT.jar:/opt/hadoop/share/ozone/lib/commons-cli-1.2.jar:/opt/hadoop/share/ozone/lib/log4j-api-2.17.1.jar:/opt/hadoop/share/ozone/lib/javax.annotation-api-1.2.jar:/opt/hadoop/share/ozone/lib/kerby-asn1-1.0.1.jar:/opt/hadoop/share/ozone/lib/okhttp-4.9.3.jar:/opt/hadoop/share/ozone/lib/checker-qual-3.12.0.jar:/opt/hadoop/share/ozone/lib/stax2-api-3.1.4.jar:/opt/hadoop/share/ozone/lib/commons-collections-3.2.2.jar:/opt/hadoop/share/ozone/lib/commons-digester-1.8.1.jar:/opt/hadoop/share/ozone/lib/jaeger-core-1.6.0.jar:/opt/hadoop/share/ozone/lib/jersey-servlet-1.19.jar:/opt/hadoop/share/ozone/lib/jetty-http-9.4.49.v20220914.jar:/opt/hadoop/share/ozone/lib/kerb-identity-1.0.1.jar:/opt/hadoop/share/ozone/lib/ratis-netty-2.4.0.jar:/opt/hadoop/share/ozone/lib/FastInfoset-1.2.13.jar:/opt/hadoop/share/ozone/lib/kerb-common-1.0.1.jar:/opt/hadoop/share/ozone/lib/jersey-server-1.19.jar:/opt/hadoop/share/ozone/lib/hdds-hadoop-dependency-server-1.3.0-SNAPSHOT.jar:/opt/hadoop/share/ozone/lib/kerb-crypto-1.0.1.jar:/opt/hadoop/share/ozone/web:/opt/hadoop/share/ozone/lib/ozone-datanode-1.3.0-SNAPSHOT.jar
STARTUP_MSG:   build = https://github.com/apache/ozone/dd67faa0b06169c38ae772a00dc795fb73ebf951 ; compiled by 'runner' on 2022-10-27T14:46Z
STARTUP_MSG:   java = 11.0.14.1
************************************************************/
2022-10-27 16:22:38 INFO  HddsDatanodeService:90 - registered UNIX signal handlers for [TERM, HUP, INT]
2022-10-27 16:22:38 INFO  MetricRegistries:64 - Loaded MetricRegistries class org.apache.ratis.metrics.impl.MetricRegistriesImpl
2022-10-27 16:22:39 INFO  MetricsConfig:120 - Loaded properties from hadoop-metrics2.properties
2022-10-27 16:22:40 INFO  MetricsSystemImpl:378 - Scheduled Metric snapshot period at 10 second(s).
2022-10-27 16:22:40 INFO  MetricsSystemImpl:191 - HddsDatanode metrics system started
2022-10-27 16:22:41 INFO  HddsDatanodeService:236 - HddsDatanodeService host:datanode-0.datanode.default.svc.cluster.local ip:10.42.0.10
2022-10-27 16:22:42 INFO  AbstractLayoutVersionManager:83 - Initializing Layout version manager with metadata layout = DATANODE_SCHEMA_V3 (version = 4), software layout = DATANODE_SCHEMA_V3 (version = 4)
2022-10-27 16:22:42 INFO  Reflections:232 - Reflections took 214 ms to scan 2 urls, producing 92 keys and 206 values 
2022-10-27 16:22:42 INFO  DatanodeStateMachine:242 - Datanode State Machine Task Thread Pool size 2
2022-10-27 16:22:43 INFO  SaveSpaceUsageToFile:94 - Cached usage info file /data/storage/scmUsed not found
2022-10-27 16:22:43 INFO  HddsVolume:117 - Creating HddsVolume: /data/storage/hdds of storage type : DISK capacity : 89297309696
2022-10-27 16:22:43 INFO  MutableVolumeSet:174 - Added Volume : /data/storage/hdds to VolumeSet
2022-10-27 16:22:43 INFO  ThrottledAsyncChecker:141 - Scheduling a check for /data/storage/hdds
2022-10-27 16:22:43 INFO  StorageVolumeChecker:202 - Scheduled health check for volume /data/storage/hdds
2022-10-27 16:22:44 WARN  ServerUtils:237 - Storage directory for Ratis is not configured. It is a good idea to map this to an SSD disk. Falling back to ozone.metadata.dirs
2022-10-27 16:22:44 INFO  SaveSpaceUsageToFile:94 - Cached usage info file /data/metadata/ratis/scmUsed not found
2022-10-27 16:22:44 INFO  MutableVolumeSet:174 - Added Volume : /data/metadata/ratis to VolumeSet
2022-10-27 16:22:44 INFO  ThrottledAsyncChecker:141 - Scheduling a check for /data/metadata/ratis
2022-10-27 16:22:44 INFO  StorageVolumeChecker:202 - Scheduled health check for volume /data/metadata/ratis
2022-10-27 16:22:44 INFO  ContainerReader:175 - Finish verifying containers on volume /data/storage/hdds
2022-10-27 16:22:44 INFO  OzoneContainer:300 - Build ContainerSet costs 0s
2022-10-27 16:22:48 INFO  AuditLogger:126 - Refresh DebugCmdSet for DNAudit to [].
2022-10-27 16:22:48 WARN  ServerUtils:237 - Storage directory for Ratis is not configured. It is a good idea to map this to an SSD disk. Falling back to ozone.metadata.dirs
2022-10-27 16:22:48 INFO  RaftServer:46 - raft.rpc.type = GRPC (default)
2022-10-27 16:22:49 INFO  GrpcConfigKeys:53 - raft.grpc.admin.host = null (fallback to raft.grpc.server.host)
2022-10-27 16:22:49 INFO  GrpcConfigKeys:46 - raft.grpc.admin.port = 9857 (custom)
2022-10-27 16:22:49 INFO  GrpcConfigKeys:53 - raft.grpc.client.host = null (fallback to raft.grpc.server.host)
2022-10-27 16:22:49 INFO  GrpcConfigKeys:46 - raft.grpc.client.port = 9858 (custom)
2022-10-27 16:22:49 INFO  GrpcConfigKeys:46 - raft.grpc.server.host = null (default)
2022-10-27 16:22:49 INFO  GrpcConfigKeys:46 - raft.grpc.server.port = 9856 (custom)
2022-10-27 16:22:49 INFO  GrpcService:46 - raft.grpc.message.size.max = 32MB (=33554432) (custom)
2022-10-27 16:22:49 INFO  RaftServerConfigKeys:46 - raft.server.log.appender.buffer.byte-limit = 33554432 (custom)
2022-10-27 16:22:49 INFO  GrpcService:46 - raft.grpc.flow.control.window = 5MB (=5242880) (custom)
2022-10-27 16:22:49 INFO  RaftServerConfigKeys:46 - raft.server.rpc.request.timeout = 60s (custom)
2022-10-27 16:22:49 INFO  GrpcConfigKeys:46 - raft.grpc.server.heartbeat.channel = true (default)
2022-10-27 16:22:49 INFO  GrpcConfigKeys:46 - raft.grpc.server.async.request.thread.pool.cached = true (default)
2022-10-27 16:22:49 INFO  GrpcConfigKeys:46 - raft.grpc.server.async.request.thread.pool.size = 32 (default)
2022-10-27 16:22:51 INFO  DataStreamServerImpl:46 - raft.datastream.type = DISABLED (default)
2022-10-27 16:22:51 INFO  RaftServerConfigKeys:46 - raft.server.threadpool.proxy.cached = true (default)
2022-10-27 16:22:51 INFO  RaftServerConfigKeys:46 - raft.server.threadpool.proxy.size = 0 (default)
2022-10-27 16:22:51 INFO  RaftServerConfigKeys:46 - raft.server.rpc.slowness.timeout = 300s (custom)
2022-10-27 16:22:51 INFO  RaftServerConfigKeys:46 - raft.server.leaderelection.leader.step-down.wait-time = 10s (default)
2022-10-27 16:22:51 INFO  RaftServerConfigKeys:46 - raft.server.storage.dir = [/data/metadata/ratis] (custom)
2022-10-27 16:22:51 INFO  XceiverServerGrpc:132 - GrpcServer channel type EpollServerSocketChannel
2022-10-27 16:22:51 WARN  NativeCodeLoader:60 - Unable to load native-hadoop library for your platform... using builtin-java classes where applicable
2022-10-27 16:22:51 INFO  BaseHttpServer:213 - Starting Web-server for hddsDatanode at: http://0.0.0.0:9882
2022-10-27 16:22:51 INFO  BaseHttpServer:108 - Hadoop Security Enabled: false Ozone Security Enabled: false Ozone HTTP Security Enabled: false 
2022-10-27 16:22:51 INFO  log:170 - Logging initialized @19419ms to org.eclipse.jetty.util.log.Slf4jLog
2022-10-27 16:22:52 WARN  AuthenticationFilter:240 - Unable to initialize FileSignerSecretProvider, falling back to use random secrets. Reason: Could not read signature secret file: /opt/hadoop/hadoop-http-auth-signature-secret
2022-10-27 16:22:52 INFO  HttpRequestLog:86 - Http request log for http.requests.hddsDatanode is not defined
2022-10-27 16:22:52 INFO  HttpServer2:1031 - Added global filter 'safety' (class=org.apache.hadoop.hdds.server.http.HttpServer2$QuotingInputFilter)
2022-10-27 16:22:52 INFO  HttpServer2:1007 - Added filter static_user_filter (class=org.apache.hadoop.http.lib.StaticUserWebFilter$StaticUserFilter) to context hddsDatanode
2022-10-27 16:22:52 INFO  HttpServer2:1015 - Added filter static_user_filter (class=org.apache.hadoop.http.lib.StaticUserWebFilter$StaticUserFilter) to context logs
2022-10-27 16:22:52 INFO  HttpServer2:1015 - Added filter static_user_filter (class=org.apache.hadoop.http.lib.StaticUserWebFilter$StaticUserFilter) to context static
2022-10-27 16:22:52 INFO  HttpServer2:1250 - Jetty bound to port 9882
2022-10-27 16:22:52 INFO  Server:375 - jetty-9.4.49.v20220914; built: 2022-09-14T01:07:36.601Z; git: 4231a3b2e4cb8548a412a789936d640a97b1aa0a; jvm 11.0.14.1+1-LTS
2022-10-27 16:22:52 INFO  session:334 - DefaultSessionIdManager workerName=node0
2022-10-27 16:22:52 INFO  session:339 - No SessionScavenger set, using defaults
2022-10-27 16:22:52 INFO  session:132 - node0 Scavenging every 600000ms
2022-10-27 16:22:53 INFO  ContextHandler:921 - Started o.e.j.s.ServletContextHandler@41f3aaf1{logs,/logs,file:///var/log/hadoop/,AVAILABLE}
2022-10-27 16:22:53 INFO  ContextHandler:921 - Started o.e.j.s.ServletContextHandler@87d9a01{static,/static,jar:file:/opt/hadoop/share/ozone/lib/hdds-container-service-1.3.0-SNAPSHOT.jar!/webapps/static,AVAILABLE}
2022-10-27 16:22:53 INFO  ContextHandler:921 - Started o.e.j.w.WebAppContext@1f129467{hddsDatanode,/,file:///tmp/jetty-0_0_0_0-9882-hdds-container-service-1_3_0-SNAPSHOT_jar-_-any-521334199754133537/webapp/,AVAILABLE}{jar:file:/opt/hadoop/share/ozone/lib/hdds-container-service-1.3.0-SNAPSHOT.jar!/webapps/hddsDatanode}
2022-10-27 16:22:54 INFO  AbstractConnector:333 - Started ServerConnector@5c18d6d4{HTTP/1.1, (http/1.1)}{0.0.0.0:9882}
2022-10-27 16:22:54 INFO  Server:415 - Started @21622ms
2022-10-27 16:22:54 INFO  MetricsSinkAdapter:204 - Sink prometheus started
2022-10-27 16:22:54 INFO  MetricsSystemImpl:305 - Registered sink prometheus
2022-10-27 16:22:54 INFO  BaseHttpServer:333 - HTTP server of hddsDatanode listening at http://0.0.0.0:9882
2022-10-27 16:22:54 INFO  DatanodeStateMachine:498 - Ozone container server started.
2022-10-27 16:22:54 INFO  JvmPauseMonitor:188 - Starting JVM pause monitor
2022-10-27 16:22:56 INFO  InitDatanodeState:138 - DatanodeDetails is persisted to /data/datanode.id
2022-10-27 16:22:58 INFO  Client:1010 - Retrying connect to server: scm-0.scm/10.42.0.11:9861. Already tried 0 time(s); retry policy is RetryUpToMaximumCountWithFixedSleep(maxRetries=15, sleepTime=1000 MILLISECONDS)
2022-10-27 16:22:59 INFO  Client:1010 - Retrying connect to server: scm-0.scm/10.42.0.11:9861. Already tried 1 time(s); retry policy is RetryUpToMaximumCountWithFixedSleep(maxRetries=15, sleepTime=1000 MILLISECONDS)
2022-10-27 16:23:00 INFO  Client:1010 - Retrying connect to server: scm-0.scm/10.42.0.11:9861. Already tried 2 time(s); retry policy is RetryUpToMaximumCountWithFixedSleep(maxRetries=15, sleepTime=1000 MILLISECONDS)
2022-10-27 16:23:01 INFO  Client:1010 - Retrying connect to server: scm-0.scm/10.42.0.11:9861. Already tried 3 time(s); retry policy is RetryUpToMaximumCountWithFixedSleep(maxRetries=15, sleepTime=1000 MILLISECONDS)
2022-10-27 16:23:02 INFO  Client:1010 - Retrying connect to server: scm-0.scm/10.42.0.11:9861. Already tried 4 time(s); retry policy is RetryUpToMaximumCountWithFixedSleep(maxRetries=15, sleepTime=1000 MILLISECONDS)
2022-10-27 16:23:03 INFO  Client:1010 - Retrying connect to server: scm-0.scm/10.42.0.11:9861. Already tried 5 time(s); retry policy is RetryUpToMaximumCountWithFixedSleep(maxRetries=15, sleepTime=1000 MILLISECONDS)
2022-10-27 16:23:08 WARN  EndpointStateMachine:242 - Unable to communicate to SCM server at scm-0.scm:9861 for past 0 seconds.
java.net.SocketTimeoutException: Call From datanode-0/10.42.0.10 to scm-0.scm:9861 failed on socket timeout exception: java.net.SocketTimeoutException: 5000 millis timeout while waiting for channel to be ready for read. ch : java.nio.channels.SocketChannel[connected local=/10.42.0.10:60314 remote=scm-0.scm/10.42.0.11:9861]; For more details see:  http://wiki.apache.org/hadoop/SocketTimeout
	at java.base/jdk.internal.reflect.NativeConstructorAccessorImpl.newInstance0(Native Method)
	at java.base/jdk.internal.reflect.NativeConstructorAccessorImpl.newInstance(NativeConstructorAccessorImpl.java:62)
	at java.base/jdk.internal.reflect.DelegatingConstructorAccessorImpl.newInstance(DelegatingConstructorAccessorImpl.java:45)
	at java.base/java.lang.reflect.Constructor.newInstance(Constructor.java:490)
	at org.apache.hadoop.net.NetUtils.wrapWithMessage(NetUtils.java:913)
	at org.apache.hadoop.net.NetUtils.wrapException(NetUtils.java:848)
	at org.apache.hadoop.ipc.Client.getRpcResponse(Client.java:1616)
	at org.apache.hadoop.ipc.Client.call(Client.java:1558)
	at org.apache.hadoop.ipc.Client.call(Client.java:1455)
	at org.apache.hadoop.ipc.ProtobufRpcEngine$Invoker.invoke(ProtobufRpcEngine.java:235)
	at org.apache.hadoop.ipc.ProtobufRpcEngine$Invoker.invoke(ProtobufRpcEngine.java:122)
	at com.sun.proxy.$Proxy38.submitRequest(Unknown Source)
	at org.apache.hadoop.ozone.protocolPB.StorageContainerDatanodeProtocolClientSideTranslatorPB.submitRequest(StorageContainerDatanodeProtocolClientSideTranslatorPB.java:117)
	at org.apache.hadoop.ozone.protocolPB.StorageContainerDatanodeProtocolClientSideTranslatorPB.getVersion(StorageContainerDatanodeProtocolClientSideTranslatorPB.java:133)
	at org.apache.hadoop.ozone.container.common.states.endpoint.VersionEndpointTask.call(VersionEndpointTask.java:69)
	at org.apache.hadoop.ozone.container.common.states.endpoint.VersionEndpointTask.call(VersionEndpointTask.java:40)
	at java.base/java.util.concurrent.FutureTask.run(FutureTask.java:264)
	at java.base/java.util.concurrent.ThreadPoolExecutor.runWorker(ThreadPoolExecutor.java:1128)
	at java.base/java.util.concurrent.ThreadPoolExecutor$Worker.run(ThreadPoolExecutor.java:628)
	at java.base/java.lang.Thread.run(Thread.java:829)
Caused by: java.net.SocketTimeoutException: 5000 millis timeout while waiting for channel to be ready for read. ch : java.nio.channels.SocketChannel[connected local=/10.42.0.10:60314 remote=scm-0.scm/10.42.0.11:9861]
	at org.apache.hadoop.net.SocketIOWithTimeout.doIO(SocketIOWithTimeout.java:163)
	at org.apache.hadoop.net.SocketInputStream.read(SocketInputStream.java:161)
	at org.apache.hadoop.net.SocketInputStream.read(SocketInputStream.java:131)
	at java.base/java.io.FilterInputStream.read(FilterInputStream.java:133)
	at java.base/java.io.BufferedInputStream.fill(BufferedInputStream.java:252)
	at java.base/java.io.BufferedInputStream.read(BufferedInputStream.java:271)
	at java.base/java.io.FilterInputStream.read(FilterInputStream.java:83)
	at java.base/java.io.FilterInputStream.read(FilterInputStream.java:83)
	at org.apache.hadoop.ipc.Client$Connection$PingInputStream.read(Client.java:563)
	at java.base/java.io.DataInputStream.readInt(DataInputStream.java:392)
	at org.apache.hadoop.ipc.Client$IpcStreams.readResponse(Client.java:1922)
	at org.apache.hadoop.ipc.Client$Connection.receiveRpcResponse(Client.java:1238)
	at org.apache.hadoop.ipc.Client$Connection.run(Client.java:1134)
2022-10-27 16:23:09 INFO  HddsVolume:307 - SchemaV3 db is created and loaded at /data/storage/hdds/CID-26d27b88-9eca-4025-8d8e-240f5aa2fbd5/DS-08d929fb-3463-4c6c-8c2b-07ad02514fbf/container.db for volume DS-08d929fb-3463-4c6c-8c2b-07ad02514fbf
2022-10-27 16:23:09 INFO  HddsVolume:338 - SchemaV3 db is stopped at /data/storage/hdds/CID-26d27b88-9eca-4025-8d8e-240f5aa2fbd5/DS-08d929fb-3463-4c6c-8c2b-07ad02514fbf/container.db for volume DS-08d929fb-3463-4c6c-8c2b-07ad02514fbf
2022-10-27 16:23:09 INFO  OzoneContainer:378 - Attempting to start container services.
2022-10-27 16:23:09 INFO  OzoneContainer:313 - Background container scanner has been disabled.
2022-10-27 16:23:09 INFO  XceiverServerRatis:481 - Starting XceiverServerRatis 7b4abc8b-9906-4e15-8989-129e3d60ac5a
2022-10-27 16:23:10 INFO  RaftServer:393 - 7b4abc8b-9906-4e15-8989-129e3d60ac5a: start RPC server
2022-10-27 16:23:10 INFO  GrpcService:270 - 7b4abc8b-9906-4e15-8989-129e3d60ac5a: GrpcService started, listening on 9858
2022-10-27 16:23:10 INFO  GrpcService:270 - 7b4abc8b-9906-4e15-8989-129e3d60ac5a: GrpcService started, listening on 9856
2022-10-27 16:23:10 INFO  GrpcService:270 - 7b4abc8b-9906-4e15-8989-129e3d60ac5a: GrpcService started, listening on 9857
2022-10-27 16:23:10 INFO  JvmPauseMonitor:105 - JvmPauseMonitor-7b4abc8b-9906-4e15-8989-129e3d60ac5a: Started
2022-10-27 16:23:10 INFO  XceiverServerRatis:502 - XceiverServerRatis 7b4abc8b-9906-4e15-8989-129e3d60ac5a is started using port 9858 for RATIS
2022-10-27 16:23:10 INFO  XceiverServerRatis:502 - XceiverServerRatis 7b4abc8b-9906-4e15-8989-129e3d60ac5a is started using port 9857 for RATIS_ADMIN
2022-10-27 16:23:10 INFO  XceiverServerRatis:502 - XceiverServerRatis 7b4abc8b-9906-4e15-8989-129e3d60ac5a is started using port 9856 for RATIS_SERVER
2022-10-27 16:23:14 INFO  RaftServer:96 - 7b4abc8b-9906-4e15-8989-129e3d60ac5a: addNew group-EDED694D3395:[7b4abc8b-9906-4e15-8989-129e3d60ac5a|rpc:datanode-0.datanode.default.svc.cluster.local:9856|admin:datanode-0.datanode.default.svc.cluster.local:9857|client:datanode-0.datanode.default.svc.cluster.local:9858|priority:1|startupRole:FOLLOWER] returns group-EDED694D3395:java.util.concurrent.CompletableFuture@3d4ba821[Not completed]
2022-10-27 16:23:14 INFO  RaftServer$Division:195 - 7b4abc8b-9906-4e15-8989-129e3d60ac5a: new RaftServerImpl for group-EDED694D3395:[7b4abc8b-9906-4e15-8989-129e3d60ac5a|rpc:datanode-0.datanode.default.svc.cluster.local:9856|admin:datanode-0.datanode.default.svc.cluster.local:9857|client:datanode-0.datanode.default.svc.cluster.local:9858|priority:1|startupRole:FOLLOWER] with ContainerStateMachine:uninitialized
2022-10-27 16:23:14 INFO  RaftServerConfigKeys:46 - raft.server.rpc.timeout.min = 5s (custom)
2022-10-27 16:23:14 INFO  RaftServerConfigKeys:46 - raft.server.rpc.timeout.max = 5200ms (custom)
2022-10-27 16:23:14 INFO  RaftServerConfigKeys:46 - raft.server.rpc.sleep.time = 25ms (default)
2022-10-27 16:23:14 INFO  RaftServerConfigKeys:46 - raft.server.rpc.slowness.timeout = 300s (custom)
2022-10-27 16:23:14 INFO  RaftServerConfigKeys:46 - raft.server.leaderelection.leader.step-down.wait-time = 10s (default)
2022-10-27 16:23:14 INFO  RaftServerConfigKeys:46 - raft.server.sleep.deviation.threshold = 300ms (default)
2022-10-27 16:23:14 INFO  RaftServer$Division:118 - 7b4abc8b-9906-4e15-8989-129e3d60ac5a@group-EDED694D3395: ConfigurationManager, init=-1: peers:[7b4abc8b-9906-4e15-8989-129e3d60ac5a|rpc:datanode-0.datanode.default.svc.cluster.local:9856|admin:datanode-0.datanode.default.svc.cluster.local:9857|client:datanode-0.datanode.default.svc.cluster.local:9858|priority:1|startupRole:FOLLOWER]|listeners:[], old=null, confs=<EMPTY_MAP>
2022-10-27 16:23:14 INFO  RaftServerConfigKeys:46 - raft.server.storage.dir = [/data/metadata/ratis] (custom)
2022-10-27 16:23:14 INFO  RaftServerConfigKeys:46 - raft.server.log.corruption.policy = EXCEPTION (default)
2022-10-27 16:23:14 INFO  RaftServerConfigKeys:46 - raft.server.storage.free-space.min = 0MB (=0) (default)
2022-10-27 16:23:14 INFO  RaftServerConfigKeys:46 - raft.server.notification.no-leader.timeout = 300s (custom)
2022-10-27 16:23:14 INFO  RaftServerConfigKeys:46 - raft.server.retrycache.expirytime = 600000ms (custom)
2022-10-27 16:23:14 INFO  RaftServerConfigKeys:46 - raft.server.retrycache.statistics.expirytime = 100?s (default)
2022-10-27 16:23:14 INFO  RaftServerConfigKeys:46 - raft.server.log.appender.install.snapshot.enabled = false (custom)
2022-10-27 16:23:14 INFO  RaftServerConfigKeys:46 - raft.server.threadpool.server.cached = true (default)
2022-10-27 16:23:14 INFO  RaftServerConfigKeys:46 - raft.server.threadpool.server.size = 0 (default)
2022-10-27 16:23:14 INFO  RaftServerConfigKeys:46 - raft.server.threadpool.client.cached = true (default)
2022-10-27 16:23:14 INFO  RaftServerConfigKeys:46 - raft.server.threadpool.client.size = 0 (default)
2022-10-27 16:23:14 INFO  RaftStorageDirectory:137 - The storage directory /data/metadata/ratis/ef7c5870-0909-4556-b943-eded694d3395 does not exist. Creating ...
2022-10-27 16:23:14 INFO  RaftStorageDirectory:231 - Lock on /data/metadata/ratis/ef7c5870-0909-4556-b943-eded694d3395/in_use.lock acquired by nodename 10@datanode-0
2022-10-27 16:23:14 INFO  RaftStorage:96 - Storage directory /data/metadata/ratis/ef7c5870-0909-4556-b943-eded694d3395 has been successfully formatted.
2022-10-27 16:23:14 INFO  ContainerStateMachine:236 - group-EDED694D3395: The snapshot info is null. Setting the last applied indexto:(t:0, i:~)
2022-10-27 16:23:14 INFO  RaftServerConfigKeys:46 - raft.server.log.use.memory = false (default)
2022-10-27 16:23:14 INFO  RaftServerConfigKeys:46 - raft.server.log.purge.gap = 1000000 (custom)
2022-10-27 16:23:14 INFO  RaftServerConfigKeys:46 - raft.server.log.appender.buffer.byte-limit = 33554432 (custom)
2022-10-27 16:23:14 INFO  RaftServerConfigKeys:46 - raft.server.log.statemachine.data.read.timeout = 1000ms (default)
2022-10-27 16:23:14 INFO  RaftServerConfigKeys:46 - raft.server.log.purge.preservation.log.num = 0 (default)
2022-10-27 16:23:14 INFO  RaftServerConfigKeys:46 - raft.server.log.segment.size.max = 1048576 (custom)
2022-10-27 16:23:14 INFO  RaftServerConfigKeys:46 - raft.server.log.segment.cache.num.max = 2 (custom)
2022-10-27 16:23:14 INFO  RaftServerConfigKeys:46 - raft.server.log.segment.cache.size.max = 200MB (=209715200) (default)
2022-10-27 16:23:14 INFO  SegmentedRaftLogWorker:191 - new 7b4abc8b-9906-4e15-8989-129e3d60ac5a@group-EDED694D3395-SegmentedRaftLogWorker for RaftStorageImpl:Storage Directory /data/metadata/ratis/ef7c5870-0909-4556-b943-eded694d3395
2022-10-27 16:23:14 INFO  RaftServerConfigKeys:46 - raft.server.log.queue.byte-limit = 4294967296 (custom)
2022-10-27 16:23:14 INFO  RaftServerConfigKeys:46 - raft.server.log.queue.element-limit = 1024 (custom)
2022-10-27 16:23:14 INFO  RaftServerConfigKeys:46 - raft.server.log.segment.size.max = 1048576 (custom)
2022-10-27 16:23:14 INFO  RaftServerConfigKeys:46 - raft.server.log.preallocated.size = 16384 (custom)
2022-10-27 16:23:14 INFO  RaftServerConfigKeys:46 - raft.server.log.force.sync.num = 128 (default)
2022-10-27 16:23:14 INFO  RaftServerConfigKeys:46 - raft.server.log.statemachine.data.sync = true (default)
2022-10-27 16:23:14 INFO  RaftServerConfigKeys:46 - raft.server.log.statemachine.data.sync.timeout = 10s (default)
2022-10-27 16:23:14 INFO  RaftServerConfigKeys:46 - raft.server.log.statemachine.data.sync.timeout.retry = -1 (default)
2022-10-27 16:23:14 INFO  RaftServerConfigKeys:46 - raft.server.log.write.buffer.size = 1048576 (custom)
2022-10-27 16:23:14 INFO  RaftServerConfigKeys:46 - raft.server.log.unsafe-flush.enabled = false (default)
2022-10-27 16:23:14 INFO  RaftServerConfigKeys:46 - raft.server.log.async-flush.enabled = false (default)
2022-10-27 16:23:14 INFO  RaftServerConfigKeys:46 - raft.server.log.statemachine.data.caching.enabled = true (custom)
2022-10-27 16:23:14 INFO  SegmentedRaftLogWorker:136 - 7b4abc8b-9906-4e15-8989-129e3d60ac5a@group-EDED694D3395-SegmentedRaftLogWorker: flushIndex: setUnconditionally 0 -> -1
2022-10-27 16:23:14 INFO  SegmentedRaftLogWorker:136 - 7b4abc8b-9906-4e15-8989-129e3d60ac5a@group-EDED694D3395-SegmentedRaftLogWorker: safeCacheEvictIndex: setUnconditionally 0 -> -1
2022-10-27 16:23:14 INFO  RaftServer$Division:334 - 7b4abc8b-9906-4e15-8989-129e3d60ac5a@group-EDED694D3395: start as a follower, conf=-1: peers:[7b4abc8b-9906-4e15-8989-129e3d60ac5a|rpc:datanode-0.datanode.default.svc.cluster.local:9856|admin:datanode-0.datanode.default.svc.cluster.local:9857|client:datanode-0.datanode.default.svc.cluster.local:9858|priority:1|startupRole:FOLLOWER]|listeners:[], old=null
2022-10-27 16:23:14 INFO  RaftServer$Division:321 - 7b4abc8b-9906-4e15-8989-129e3d60ac5a@group-EDED694D3395: changes role from      null to FOLLOWER at term 0 for startAsFollower
2022-10-27 16:23:14 INFO  RoleInfo:139 - 7b4abc8b-9906-4e15-8989-129e3d60ac5a: start 7b4abc8b-9906-4e15-8989-129e3d60ac5a@group-EDED694D3395-FollowerState
2022-10-27 16:23:14 INFO  RaftServerConfigKeys:53 - raft.server.rpc.first-election.timeout.min = 5s (fallback to raft.server.rpc.timeout.min)
2022-10-27 16:23:14 INFO  JmxRegister:44 - Successfully registered JMX Bean with object name Ratis:service=RaftServer,group=group-EDED694D3395,id=7b4abc8b-9906-4e15-8989-129e3d60ac5a
2022-10-27 16:23:14 INFO  RaftServerConfigKeys:46 - raft.server.snapshot.auto.trigger.enabled = true (custom)
2022-10-27 16:23:14 INFO  RaftServerConfigKeys:46 - raft.server.snapshot.auto.trigger.threshold = 10000 (custom)
2022-10-27 16:23:14 INFO  RaftServerConfigKeys:46 - raft.server.snapshot.retention.file.num = 5 (custom)
2022-10-27 16:23:14 INFO  RaftServerConfigKeys:46 - raft.server.log.purge.upto.snapshot.index = false (default)
2022-10-27 16:23:14 INFO  RaftServerConfigKeys:53 - raft.server.rpc.first-election.timeout.max = 5200ms (fallback to raft.server.rpc.timeout.max)
2022-10-27 16:23:14 INFO  XceiverServerRatis:765 - Created group PipelineID=ef7c5870-0909-4556-b943-eded694d3395
2022-10-27 16:23:14 INFO  CreatePipelineCommandHandler:113 - Created Pipeline RATIS ONE PipelineID=ef7c5870-0909-4556-b943-eded694d3395.
2022-10-27 16:23:14 INFO  RaftServer:96 - 7b4abc8b-9906-4e15-8989-129e3d60ac5a: addNew group-0459D2A4237C:[7b4abc8b-9906-4e15-8989-129e3d60ac5a|rpc:datanode-0.datanode.default.svc.cluster.local:9856|admin:datanode-0.datanode.default.svc.cluster.local:9857|client:datanode-0.datanode.default.svc.cluster.local:9858|priority:0|startupRole:FOLLOWER, 55ea54cc-d74f-49ea-8027-4598441dd629|rpc:datanode-2.datanode.default.svc.cluster.local:9856|admin:datanode-2.datanode.default.svc.cluster.local:9857|client:datanode-2.datanode.default.svc.cluster.local:9858|priority:1|startupRole:FOLLOWER, f4e59fb5-358e-45a7-bfd7-a64476abfce8|rpc:datanode-1.datanode.default.svc.cluster.local:9856|admin:datanode-1.datanode.default.svc.cluster.local:9857|client:datanode-1.datanode.default.svc.cluster.local:9858|priority:0|startupRole:FOLLOWER] returns group-0459D2A4237C:java.util.concurrent.CompletableFuture@203ceccb[Not completed]
2022-10-27 16:23:14 INFO  RaftServer$Division:195 - 7b4abc8b-9906-4e15-8989-129e3d60ac5a: new RaftServerImpl for group-0459D2A4237C:[7b4abc8b-9906-4e15-8989-129e3d60ac5a|rpc:datanode-0.datanode.default.svc.cluster.local:9856|admin:datanode-0.datanode.default.svc.cluster.local:9857|client:datanode-0.datanode.default.svc.cluster.local:9858|priority:0|startupRole:FOLLOWER, 55ea54cc-d74f-49ea-8027-4598441dd629|rpc:datanode-2.datanode.default.svc.cluster.local:9856|admin:datanode-2.datanode.default.svc.cluster.local:9857|client:datanode-2.datanode.default.svc.cluster.local:9858|priority:1|startupRole:FOLLOWER, f4e59fb5-358e-45a7-bfd7-a64476abfce8|rpc:datanode-1.datanode.default.svc.cluster.local:9856|admin:datanode-1.datanode.default.svc.cluster.local:9857|client:datanode-1.datanode.default.svc.cluster.local:9858|priority:0|startupRole:FOLLOWER] with ContainerStateMachine:uninitialized
2022-10-27 16:23:14 INFO  RaftServerConfigKeys:46 - raft.server.rpc.timeout.min = 5s (custom)
2022-10-27 16:23:14 INFO  RaftServerConfigKeys:46 - raft.server.rpc.timeout.max = 5200ms (custom)
2022-10-27 16:23:14 INFO  RaftServerConfigKeys:46 - raft.server.rpc.sleep.time = 25ms (default)
2022-10-27 16:23:14 INFO  RaftServerConfigKeys:46 - raft.server.rpc.slowness.timeout = 300s (custom)
2022-10-27 16:23:14 INFO  RaftServerConfigKeys:46 - raft.server.leaderelection.leader.step-down.wait-time = 10s (default)
2022-10-27 16:23:14 INFO  RaftServerConfigKeys:46 - raft.server.sleep.deviation.threshold = 300ms (default)
2022-10-27 16:23:14 INFO  RaftServer$Division:118 - 7b4abc8b-9906-4e15-8989-129e3d60ac5a@group-0459D2A4237C: ConfigurationManager, init=-1: peers:[7b4abc8b-9906-4e15-8989-129e3d60ac5a|rpc:datanode-0.datanode.default.svc.cluster.local:9856|admin:datanode-0.datanode.default.svc.cluster.local:9857|client:datanode-0.datanode.default.svc.cluster.local:9858|priority:0|startupRole:FOLLOWER, 55ea54cc-d74f-49ea-8027-4598441dd629|rpc:datanode-2.datanode.default.svc.cluster.local:9856|admin:datanode-2.datanode.default.svc.cluster.local:9857|client:datanode-2.datanode.default.svc.cluster.local:9858|priority:1|startupRole:FOLLOWER, f4e59fb5-358e-45a7-bfd7-a64476abfce8|rpc:datanode-1.datanode.default.svc.cluster.local:9856|admin:datanode-1.datanode.default.svc.cluster.local:9857|client:datanode-1.datanode.default.svc.cluster.local:9858|priority:0|startupRole:FOLLOWER]|listeners:[], old=null, confs=<EMPTY_MAP>
2022-10-27 16:23:14 INFO  RaftServerConfigKeys:46 - raft.server.storage.dir = [/data/metadata/ratis] (custom)
2022-10-27 16:23:14 INFO  RaftServerConfigKeys:46 - raft.server.log.corruption.policy = EXCEPTION (default)
2022-10-27 16:23:14 INFO  RaftServerConfigKeys:46 - raft.server.storage.free-space.min = 0MB (=0) (default)
2022-10-27 16:23:14 INFO  RaftServerConfigKeys:46 - raft.server.notification.no-leader.timeout = 300s (custom)
2022-10-27 16:23:14 INFO  RaftServerConfigKeys:46 - raft.server.retrycache.expirytime = 600000ms (custom)
2022-10-27 16:23:14 INFO  RaftServerConfigKeys:46 - raft.server.retrycache.statistics.expirytime = 100?s (default)
2022-10-27 16:23:14 INFO  RaftServerConfigKeys:46 - raft.server.log.appender.install.snapshot.enabled = false (custom)
2022-10-27 16:23:14 INFO  RaftServerConfigKeys:46 - raft.server.threadpool.server.cached = true (default)
2022-10-27 16:23:14 INFO  RaftServerConfigKeys:46 - raft.server.threadpool.server.size = 0 (default)
2022-10-27 16:23:14 INFO  RaftServerConfigKeys:46 - raft.server.threadpool.client.cached = true (default)
2022-10-27 16:23:14 INFO  RaftServerConfigKeys:46 - raft.server.threadpool.client.size = 0 (default)
2022-10-27 16:23:14 INFO  RaftStorageDirectory:137 - The storage directory /data/metadata/ratis/024695f7-c19c-4487-b5e3-0459d2a4237c does not exist. Creating ...
2022-10-27 16:23:14 INFO  RaftStorageDirectory:231 - Lock on /data/metadata/ratis/024695f7-c19c-4487-b5e3-0459d2a4237c/in_use.lock acquired by nodename 10@datanode-0
2022-10-27 16:23:14 INFO  RaftStorage:96 - Storage directory /data/metadata/ratis/024695f7-c19c-4487-b5e3-0459d2a4237c has been successfully formatted.
2022-10-27 16:23:14 INFO  ContainerStateMachine:236 - group-0459D2A4237C: The snapshot info is null. Setting the last applied indexto:(t:0, i:~)
2022-10-27 16:23:14 INFO  RaftServerConfigKeys:46 - raft.server.log.use.memory = false (default)
2022-10-27 16:23:14 INFO  RaftServerConfigKeys:46 - raft.server.log.purge.gap = 1000000 (custom)
2022-10-27 16:23:14 INFO  RaftServerConfigKeys:46 - raft.server.log.appender.buffer.byte-limit = 33554432 (custom)
2022-10-27 16:23:14 INFO  RaftServerConfigKeys:46 - raft.server.log.statemachine.data.read.timeout = 1000ms (default)
2022-10-27 16:23:14 INFO  RaftServerConfigKeys:46 - raft.server.log.purge.preservation.log.num = 0 (default)
2022-10-27 16:23:14 INFO  RaftServerConfigKeys:46 - raft.server.log.segment.size.max = 1048576 (custom)
2022-10-27 16:23:14 INFO  RaftServerConfigKeys:46 - raft.server.log.segment.cache.num.max = 2 (custom)
2022-10-27 16:23:14 INFO  RaftServerConfigKeys:46 - raft.server.log.segment.cache.size.max = 200MB (=209715200) (default)
2022-10-27 16:23:14 INFO  SegmentedRaftLogWorker:191 - new 7b4abc8b-9906-4e15-8989-129e3d60ac5a@group-0459D2A4237C-SegmentedRaftLogWorker for RaftStorageImpl:Storage Directory /data/metadata/ratis/024695f7-c19c-4487-b5e3-0459d2a4237c
2022-10-27 16:23:14 INFO  RaftServerConfigKeys:46 - raft.server.log.queue.byte-limit = 4294967296 (custom)
2022-10-27 16:23:14 INFO  RaftServerConfigKeys:46 - raft.server.log.queue.element-limit = 1024 (custom)
2022-10-27 16:23:14 INFO  RaftServerConfigKeys:46 - raft.server.log.segment.size.max = 1048576 (custom)
2022-10-27 16:23:14 INFO  RaftServerConfigKeys:46 - raft.server.log.preallocated.size = 16384 (custom)
2022-10-27 16:23:14 INFO  RaftServerConfigKeys:46 - raft.server.log.force.sync.num = 128 (default)
2022-10-27 16:23:14 INFO  RaftServerConfigKeys:46 - raft.server.log.statemachine.data.sync = true (default)
2022-10-27 16:23:14 INFO  RaftServerConfigKeys:46 - raft.server.log.statemachine.data.sync.timeout = 10s (default)
2022-10-27 16:23:14 INFO  RaftServerConfigKeys:46 - raft.server.log.statemachine.data.sync.timeout.retry = -1 (default)
2022-10-27 16:23:14 INFO  RaftServerConfigKeys:46 - raft.server.log.write.buffer.size = 1048576 (custom)
2022-10-27 16:23:14 INFO  RaftServerConfigKeys:46 - raft.server.log.unsafe-flush.enabled = false (default)
2022-10-27 16:23:14 INFO  RaftServerConfigKeys:46 - raft.server.log.async-flush.enabled = false (default)
2022-10-27 16:23:14 INFO  RaftServerConfigKeys:46 - raft.server.log.statemachine.data.caching.enabled = true (custom)
2022-10-27 16:23:14 INFO  SegmentedRaftLogWorker:136 - 7b4abc8b-9906-4e15-8989-129e3d60ac5a@group-0459D2A4237C-SegmentedRaftLogWorker: flushIndex: setUnconditionally 0 -> -1
2022-10-27 16:23:14 INFO  SegmentedRaftLogWorker:136 - 7b4abc8b-9906-4e15-8989-129e3d60ac5a@group-0459D2A4237C-SegmentedRaftLogWorker: safeCacheEvictIndex: setUnconditionally 0 -> -1
2022-10-27 16:23:14 INFO  RaftServer$Division:334 - 7b4abc8b-9906-4e15-8989-129e3d60ac5a@group-0459D2A4237C: start as a follower, conf=-1: peers:[7b4abc8b-9906-4e15-8989-129e3d60ac5a|rpc:datanode-0.datanode.default.svc.cluster.local:9856|admin:datanode-0.datanode.default.svc.cluster.local:9857|client:datanode-0.datanode.default.svc.cluster.local:9858|priority:0|startupRole:FOLLOWER, 55ea54cc-d74f-49ea-8027-4598441dd629|rpc:datanode-2.datanode.default.svc.cluster.local:9856|admin:datanode-2.datanode.default.svc.cluster.local:9857|client:datanode-2.datanode.default.svc.cluster.local:9858|priority:1|startupRole:FOLLOWER, f4e59fb5-358e-45a7-bfd7-a64476abfce8|rpc:datanode-1.datanode.default.svc.cluster.local:9856|admin:datanode-1.datanode.default.svc.cluster.local:9857|client:datanode-1.datanode.default.svc.cluster.local:9858|priority:0|startupRole:FOLLOWER]|listeners:[], old=null
2022-10-27 16:23:14 INFO  RaftServer$Division:321 - 7b4abc8b-9906-4e15-8989-129e3d60ac5a@group-0459D2A4237C: changes role from      null to FOLLOWER at term 0 for startAsFollower
2022-10-27 16:23:14 INFO  RoleInfo:139 - 7b4abc8b-9906-4e15-8989-129e3d60ac5a: start 7b4abc8b-9906-4e15-8989-129e3d60ac5a@group-0459D2A4237C-FollowerState
2022-10-27 16:23:14 INFO  JmxRegister:44 - Successfully registered JMX Bean with object name Ratis:service=RaftServer,group=group-0459D2A4237C,id=7b4abc8b-9906-4e15-8989-129e3d60ac5a
2022-10-27 16:23:14 INFO  RaftServerConfigKeys:46 - raft.server.snapshot.auto.trigger.enabled = true (custom)
2022-10-27 16:23:14 INFO  RaftServerConfigKeys:46 - raft.server.snapshot.auto.trigger.threshold = 10000 (custom)
2022-10-27 16:23:14 INFO  RaftServerConfigKeys:46 - raft.server.snapshot.retention.file.num = 5 (custom)
2022-10-27 16:23:14 INFO  RaftServerConfigKeys:46 - raft.server.log.purge.upto.snapshot.index = false (default)
2022-10-27 16:23:14 INFO  RaftServerConfigKeys:53 - raft.server.rpc.first-election.timeout.min = 5s (fallback to raft.server.rpc.timeout.min)
2022-10-27 16:23:14 INFO  XceiverServerRatis:765 - Created group PipelineID=024695f7-c19c-4487-b5e3-0459d2a4237c
2022-10-27 16:23:14 INFO  RaftServerConfigKeys:53 - raft.server.rpc.first-election.timeout.max = 5200ms (fallback to raft.server.rpc.timeout.max)
2022-10-27 16:23:18 INFO  CreatePipelineCommandHandler:113 - Created Pipeline RATIS THREE PipelineID=024695f7-c19c-4487-b5e3-0459d2a4237c.
2022-10-27 16:23:19 INFO  FollowerState:143 - 7b4abc8b-9906-4e15-8989-129e3d60ac5a@group-EDED694D3395-FollowerState: change to CANDIDATE, lastRpcElapsedTime:5227279281ns, electionTimeout:5185ms
2022-10-27 16:23:19 INFO  RoleInfo:110 - 7b4abc8b-9906-4e15-8989-129e3d60ac5a: shutdown 7b4abc8b-9906-4e15-8989-129e3d60ac5a@group-EDED694D3395-FollowerState
2022-10-27 16:23:19 INFO  RaftServer$Division:321 - 7b4abc8b-9906-4e15-8989-129e3d60ac5a@group-EDED694D3395: changes role from  FOLLOWER to CANDIDATE at term 0 for changeToCandidate
2022-10-27 16:23:19 INFO  RaftServerConfigKeys:46 - raft.server.leaderelection.pre-vote = false (custom)
2022-10-27 16:23:19 INFO  RoleInfo:139 - 7b4abc8b-9906-4e15-8989-129e3d60ac5a: start 7b4abc8b-9906-4e15-8989-129e3d60ac5a@group-EDED694D3395-LeaderElection1
2022-10-27 16:23:19 INFO  LeaderElection:312 - 7b4abc8b-9906-4e15-8989-129e3d60ac5a@group-EDED694D3395-LeaderElection1 ELECTION round 0: submit vote requests at term 1 for -1: peers:[7b4abc8b-9906-4e15-8989-129e3d60ac5a|rpc:datanode-0.datanode.default.svc.cluster.local:9856|admin:datanode-0.datanode.default.svc.cluster.local:9857|client:datanode-0.datanode.default.svc.cluster.local:9858|priority:1|startupRole:FOLLOWER]|listeners:[], old=null
2022-10-27 16:23:19 INFO  LeaderElection:314 - 7b4abc8b-9906-4e15-8989-129e3d60ac5a@group-EDED694D3395-LeaderElection1 ELECTION round 0: result PASSED (term=1)
2022-10-27 16:23:19 INFO  RoleInfo:130 - 7b4abc8b-9906-4e15-8989-129e3d60ac5a: shutdown 7b4abc8b-9906-4e15-8989-129e3d60ac5a@group-EDED694D3395-LeaderElection1
2022-10-27 16:23:19 INFO  RaftServer$Division:321 - 7b4abc8b-9906-4e15-8989-129e3d60ac5a@group-EDED694D3395: changes role from CANDIDATE to LEADER at term 1 for changeToLeader
2022-10-27 16:23:19 INFO  XceiverServerRatis:863 - Leader change notification received for group: group-EDED694D3395 with new leaderId: 7b4abc8b-9906-4e15-8989-129e3d60ac5a
2022-10-27 16:23:19 INFO  RaftServer$Division:313 - 7b4abc8b-9906-4e15-8989-129e3d60ac5a@group-EDED694D3395: change Leader from null to 7b4abc8b-9906-4e15-8989-129e3d60ac5a at term 1 for becomeLeader, leader elected after 5535ms
2022-10-27 16:23:19 INFO  RaftServerConfigKeys:46 - raft.server.staging.catchup.gap = 1000 (default)
2022-10-27 16:23:19 INFO  RaftServerConfigKeys:46 - raft.server.write.element-limit = 1024 (custom)
2022-10-27 16:23:19 INFO  RaftServerConfigKeys:46 - raft.server.write.byte-limit = 1024 M (=1073741824) (custom)
2022-10-27 16:23:19 INFO  RaftServerConfigKeys:46 - raft.server.watch.timeout = 180s (custom)
2022-10-27 16:23:19 INFO  RaftServerConfigKeys:46 - raft.server.watch.timeout.denomination = 1s (default)
2022-10-27 16:23:19 INFO  RaftServerConfigKeys:46 - raft.server.watch.element-limit = 65536 (default)
2022-10-27 16:23:19 INFO  RaftServerConfigKeys:46 - raft.server.write.element-limit = 1024 (custom)
2022-10-27 16:23:19 INFO  RaftServerConfigKeys:46 - raft.server.write.follower.gap.ratio.max = -1.0 (default)
2022-10-27 16:23:19 INFO  RoleInfo:139 - 7b4abc8b-9906-4e15-8989-129e3d60ac5a: start 7b4abc8b-9906-4e15-8989-129e3d60ac5a@group-EDED694D3395-LeaderStateImpl
2022-10-27 16:23:19 INFO  FollowerState:143 - 7b4abc8b-9906-4e15-8989-129e3d60ac5a@group-0459D2A4237C-FollowerState: change to CANDIDATE, lastRpcElapsedTime:5136438290ns, electionTimeout:5069ms
2022-10-27 16:23:19 INFO  RoleInfo:110 - 7b4abc8b-9906-4e15-8989-129e3d60ac5a: shutdown 7b4abc8b-9906-4e15-8989-129e3d60ac5a@group-0459D2A4237C-FollowerState
2022-10-27 16:23:19 INFO  RaftServer$Division:321 - 7b4abc8b-9906-4e15-8989-129e3d60ac5a@group-0459D2A4237C: changes role from  FOLLOWER to CANDIDATE at term 0 for changeToCandidate
2022-10-27 16:23:19 INFO  RaftServerConfigKeys:46 - raft.server.leaderelection.pre-vote = false (custom)
2022-10-27 16:23:19 INFO  RoleInfo:139 - 7b4abc8b-9906-4e15-8989-129e3d60ac5a: start 7b4abc8b-9906-4e15-8989-129e3d60ac5a@group-0459D2A4237C-LeaderElection2
2022-10-27 16:23:19 INFO  SegmentedRaftLogWorker:452 - 7b4abc8b-9906-4e15-8989-129e3d60ac5a@group-EDED694D3395-SegmentedRaftLogWorker: Starting segment from index:0
2022-10-27 16:23:19 INFO  LeaderElection:312 - 7b4abc8b-9906-4e15-8989-129e3d60ac5a@group-0459D2A4237C-LeaderElection2 ELECTION round 0: submit vote requests at term 1 for -1: peers:[7b4abc8b-9906-4e15-8989-129e3d60ac5a|rpc:datanode-0.datanode.default.svc.cluster.local:9856|admin:datanode-0.datanode.default.svc.cluster.local:9857|client:datanode-0.datanode.default.svc.cluster.local:9858|priority:0|startupRole:FOLLOWER, 55ea54cc-d74f-49ea-8027-4598441dd629|rpc:datanode-2.datanode.default.svc.cluster.local:9856|admin:datanode-2.datanode.default.svc.cluster.local:9857|client:datanode-2.datanode.default.svc.cluster.local:9858|priority:1|startupRole:FOLLOWER, f4e59fb5-358e-45a7-bfd7-a64476abfce8|rpc:datanode-1.datanode.default.svc.cluster.local:9856|admin:datanode-1.datanode.default.svc.cluster.local:9857|client:datanode-1.datanode.default.svc.cluster.local:9858|priority:0|startupRole:FOLLOWER]|listeners:[], old=null
2022-10-27 16:23:20 INFO  GrpcServerProtocolClient:63 - Build channel for 55ea54cc-d74f-49ea-8027-4598441dd629
2022-10-27 16:23:20 INFO  RaftServerConfigKeys:53 - raft.server.rpc.first-election.timeout.min = 5s (fallback to raft.server.rpc.timeout.min)
2022-10-27 16:23:20 INFO  RaftServerConfigKeys:53 - raft.server.rpc.first-election.timeout.max = 5200ms (fallback to raft.server.rpc.timeout.max)
2022-10-27 16:23:20 INFO  GrpcServerProtocolClient:63 - Build channel for f4e59fb5-358e-45a7-bfd7-a64476abfce8
2022-10-27 16:23:20 INFO  RaftServer$Division:430 - 7b4abc8b-9906-4e15-8989-129e3d60ac5a@group-EDED694D3395: set configuration 0: peers:[7b4abc8b-9906-4e15-8989-129e3d60ac5a|rpc:datanode-0.datanode.default.svc.cluster.local:9856|admin:datanode-0.datanode.default.svc.cluster.local:9857|client:datanode-0.datanode.default.svc.cluster.local:9858|dataStream:|priority:1|startupRole:FOLLOWER]|listeners:[], old=null
2022-10-27 16:23:20 INFO  SegmentedRaftLogWorker:656 - 7b4abc8b-9906-4e15-8989-129e3d60ac5a@group-EDED694D3395-SegmentedRaftLogWorker: created new log segment /data/metadata/ratis/ef7c5870-0909-4556-b943-eded694d3395/current/log_inprogress_0
2022-10-27 16:23:20 INFO  LeaderElection:90 - 7b4abc8b-9906-4e15-8989-129e3d60ac5a@group-0459D2A4237C-LeaderElection2: ELECTION REJECTED received 1 response(s) and 0 exception(s):
2022-10-27 16:23:20 INFO  LeaderElection:94 -   Response 0: 7b4abc8b-9906-4e15-8989-129e3d60ac5a<-55ea54cc-d74f-49ea-8027-4598441dd629#0:FAIL-t1
2022-10-27 16:23:20 INFO  LeaderElection:314 - 7b4abc8b-9906-4e15-8989-129e3d60ac5a@group-0459D2A4237C-LeaderElection2 ELECTION round 0: result REJECTED
2022-10-27 16:23:20 INFO  RaftServer$Division:321 - 7b4abc8b-9906-4e15-8989-129e3d60ac5a@group-0459D2A4237C: changes role from CANDIDATE to FOLLOWER at term 1 for REJECTED
2022-10-27 16:23:20 INFO  RoleInfo:130 - 7b4abc8b-9906-4e15-8989-129e3d60ac5a: shutdown 7b4abc8b-9906-4e15-8989-129e3d60ac5a@group-0459D2A4237C-LeaderElection2
2022-10-27 16:23:20 INFO  RoleInfo:139 - 7b4abc8b-9906-4e15-8989-129e3d60ac5a: start 7b4abc8b-9906-4e15-8989-129e3d60ac5a@group-0459D2A4237C-FollowerState
2022-10-27 16:23:20 INFO  RaftServerConfigKeys:53 - raft.server.rpc.first-election.timeout.min = 5s (fallback to raft.server.rpc.timeout.min)
2022-10-27 16:23:20 INFO  RaftServerConfigKeys:53 - raft.server.rpc.first-election.timeout.max = 5200ms (fallback to raft.server.rpc.timeout.max)
2022-10-27 16:23:25 INFO  FollowerState:143 - 7b4abc8b-9906-4e15-8989-129e3d60ac5a@group-0459D2A4237C-FollowerState: change to CANDIDATE, lastRpcElapsedTime:5068398235ns, electionTimeout:5059ms
2022-10-27 16:23:25 INFO  RoleInfo:110 - 7b4abc8b-9906-4e15-8989-129e3d60ac5a: shutdown 7b4abc8b-9906-4e15-8989-129e3d60ac5a@group-0459D2A4237C-FollowerState
2022-10-27 16:23:25 INFO  RaftServer$Division:321 - 7b4abc8b-9906-4e15-8989-129e3d60ac5a@group-0459D2A4237C: changes role from  FOLLOWER to CANDIDATE at term 1 for changeToCandidate
2022-10-27 16:23:25 INFO  RaftServerConfigKeys:46 - raft.server.leaderelection.pre-vote = false (custom)
2022-10-27 16:23:25 INFO  RoleInfo:139 - 7b4abc8b-9906-4e15-8989-129e3d60ac5a: start 7b4abc8b-9906-4e15-8989-129e3d60ac5a@group-0459D2A4237C-LeaderElection3
2022-10-27 16:23:25 INFO  LeaderElection:312 - 7b4abc8b-9906-4e15-8989-129e3d60ac5a@group-0459D2A4237C-LeaderElection3 ELECTION round 0: submit vote requests at term 2 for -1: peers:[7b4abc8b-9906-4e15-8989-129e3d60ac5a|rpc:datanode-0.datanode.default.svc.cluster.local:9856|admin:datanode-0.datanode.default.svc.cluster.local:9857|client:datanode-0.datanode.default.svc.cluster.local:9858|priority:0|startupRole:FOLLOWER, 55ea54cc-d74f-49ea-8027-4598441dd629|rpc:datanode-2.datanode.default.svc.cluster.local:9856|admin:datanode-2.datanode.default.svc.cluster.local:9857|client:datanode-2.datanode.default.svc.cluster.local:9858|priority:1|startupRole:FOLLOWER, f4e59fb5-358e-45a7-bfd7-a64476abfce8|rpc:datanode-1.datanode.default.svc.cluster.local:9856|admin:datanode-1.datanode.default.svc.cluster.local:9857|client:datanode-1.datanode.default.svc.cluster.local:9858|priority:0|startupRole:FOLLOWER]|listeners:[], old=null
2022-10-27 16:23:25 INFO  RaftServerConfigKeys:53 - raft.server.rpc.first-election.timeout.min = 5s (fallback to raft.server.rpc.timeout.min)
2022-10-27 16:23:25 INFO  RaftServerConfigKeys:53 - raft.server.rpc.first-election.timeout.max = 5200ms (fallback to raft.server.rpc.timeout.max)
2022-10-27 16:23:25 INFO  LeaderElection:90 - 7b4abc8b-9906-4e15-8989-129e3d60ac5a@group-0459D2A4237C-LeaderElection3: ELECTION REJECTED received 1 response(s) and 0 exception(s):
2022-10-27 16:23:25 INFO  LeaderElection:94 -   Response 0: 7b4abc8b-9906-4e15-8989-129e3d60ac5a<-55ea54cc-d74f-49ea-8027-4598441dd629#0:FAIL-t2
2022-10-27 16:23:25 INFO  LeaderElection:314 - 7b4abc8b-9906-4e15-8989-129e3d60ac5a@group-0459D2A4237C-LeaderElection3 ELECTION round 0: result REJECTED
2022-10-27 16:23:25 INFO  RaftServer$Division:321 - 7b4abc8b-9906-4e15-8989-129e3d60ac5a@group-0459D2A4237C: changes role from CANDIDATE to FOLLOWER at term 2 for REJECTED
2022-10-27 16:23:25 INFO  RoleInfo:130 - 7b4abc8b-9906-4e15-8989-129e3d60ac5a: shutdown 7b4abc8b-9906-4e15-8989-129e3d60ac5a@group-0459D2A4237C-LeaderElection3
2022-10-27 16:23:25 INFO  RoleInfo:139 - 7b4abc8b-9906-4e15-8989-129e3d60ac5a: start 7b4abc8b-9906-4e15-8989-129e3d60ac5a@group-0459D2A4237C-FollowerState
2022-10-27 16:23:25 INFO  RaftServerConfigKeys:53 - raft.server.rpc.first-election.timeout.min = 5s (fallback to raft.server.rpc.timeout.min)
2022-10-27 16:23:25 INFO  RaftServer$Division:1218 - 7b4abc8b-9906-4e15-8989-129e3d60ac5a@group-0459D2A4237C: receive requestVote(ELECTION, 55ea54cc-d74f-49ea-8027-4598441dd629, group-0459D2A4237C, 2, (t:0, i:0))
2022-10-27 16:23:25 INFO  VoteContext:48 - 7b4abc8b-9906-4e15-8989-129e3d60ac5a@group-0459D2A4237C-FOLLOWER: reject ELECTION from 55ea54cc-d74f-49ea-8027-4598441dd629: already has voted for 7b4abc8b-9906-4e15-8989-129e3d60ac5a at current term 2
2022-10-27 16:23:25 INFO  RaftServer$Division:1218 - 7b4abc8b-9906-4e15-8989-129e3d60ac5a@group-0459D2A4237C: receive requestVote(ELECTION, f4e59fb5-358e-45a7-bfd7-a64476abfce8, group-0459D2A4237C, 2, (t:0, i:0))
2022-10-27 16:23:25 INFO  RaftServer$Division:1251 - 7b4abc8b-9906-4e15-8989-129e3d60ac5a@group-0459D2A4237C replies to ELECTION vote request: 55ea54cc-d74f-49ea-8027-4598441dd629<-7b4abc8b-9906-4e15-8989-129e3d60ac5a#0:FAIL-t2. Peer's state: 7b4abc8b-9906-4e15-8989-129e3d60ac5a@group-0459D2A4237C:t2, leader=null, voted=7b4abc8b-9906-4e15-8989-129e3d60ac5a, raftlog=Memoized:7b4abc8b-9906-4e15-8989-129e3d60ac5a@group-0459D2A4237C-SegmentedRaftLog:OPENED:c-1, conf=-1: peers:[7b4abc8b-9906-4e15-8989-129e3d60ac5a|rpc:datanode-0.datanode.default.svc.cluster.local:9856|admin:datanode-0.datanode.default.svc.cluster.local:9857|client:datanode-0.datanode.default.svc.cluster.local:9858|priority:0|startupRole:FOLLOWER, 55ea54cc-d74f-49ea-8027-4598441dd629|rpc:datanode-2.datanode.default.svc.cluster.local:9856|admin:datanode-2.datanode.default.svc.cluster.local:9857|client:datanode-2.datanode.default.svc.cluster.local:9858|priority:1|startupRole:FOLLOWER, f4e59fb5-358e-45a7-bfd7-a64476abfce8|rpc:datanode-1.datanode.default.svc.cluster.local:9856|admin:datanode-1.datanode.default.svc.cluster.local:9857|client:datanode-1.datanode.default.svc.cluster.local:9858|priority:0|startupRole:FOLLOWER]|listeners:[], old=null
2022-10-27 16:23:25 INFO  RaftServerConfigKeys:53 - raft.server.rpc.first-election.timeout.max = 5200ms (fallback to raft.server.rpc.timeout.max)
2022-10-27 16:23:25 INFO  VoteContext:48 - 7b4abc8b-9906-4e15-8989-129e3d60ac5a@group-0459D2A4237C-FOLLOWER: reject ELECTION from f4e59fb5-358e-45a7-bfd7-a64476abfce8: already has voted for 7b4abc8b-9906-4e15-8989-129e3d60ac5a at current term 2
2022-10-27 16:23:25 INFO  RaftServer$Division:1251 - 7b4abc8b-9906-4e15-8989-129e3d60ac5a@group-0459D2A4237C replies to ELECTION vote request: f4e59fb5-358e-45a7-bfd7-a64476abfce8<-7b4abc8b-9906-4e15-8989-129e3d60ac5a#0:FAIL-t2. Peer's state: 7b4abc8b-9906-4e15-8989-129e3d60ac5a@group-0459D2A4237C:t2, leader=null, voted=7b4abc8b-9906-4e15-8989-129e3d60ac5a, raftlog=Memoized:7b4abc8b-9906-4e15-8989-129e3d60ac5a@group-0459D2A4237C-SegmentedRaftLog:OPENED:c-1, conf=-1: peers:[7b4abc8b-9906-4e15-8989-129e3d60ac5a|rpc:datanode-0.datanode.default.svc.cluster.local:9856|admin:datanode-0.datanode.default.svc.cluster.local:9857|client:datanode-0.datanode.default.svc.cluster.local:9858|priority:0|startupRole:FOLLOWER, 55ea54cc-d74f-49ea-8027-4598441dd629|rpc:datanode-2.datanode.default.svc.cluster.local:9856|admin:datanode-2.datanode.default.svc.cluster.local:9857|client:datanode-2.datanode.default.svc.cluster.local:9858|priority:1|startupRole:FOLLOWER, f4e59fb5-358e-45a7-bfd7-a64476abfce8|rpc:datanode-1.datanode.default.svc.cluster.local:9856|admin:datanode-1.datanode.default.svc.cluster.local:9857|client:datanode-1.datanode.default.svc.cluster.local:9858|priority:0|startupRole:FOLLOWER]|listeners:[], old=null
2022-10-27 16:23:30 INFO  FollowerState:143 - 7b4abc8b-9906-4e15-8989-129e3d60ac5a@group-0459D2A4237C-FollowerState: change to CANDIDATE, lastRpcElapsedTime:5200575231ns, electionTimeout:5171ms
2022-10-27 16:23:30 INFO  RoleInfo:110 - 7b4abc8b-9906-4e15-8989-129e3d60ac5a: shutdown 7b4abc8b-9906-4e15-8989-129e3d60ac5a@group-0459D2A4237C-FollowerState
2022-10-27 16:23:30 INFO  RaftServer$Division:321 - 7b4abc8b-9906-4e15-8989-129e3d60ac5a@group-0459D2A4237C: changes role from  FOLLOWER to CANDIDATE at term 2 for changeToCandidate
2022-10-27 16:23:30 INFO  RaftServerConfigKeys:46 - raft.server.leaderelection.pre-vote = false (custom)
2022-10-27 16:23:30 INFO  RoleInfo:139 - 7b4abc8b-9906-4e15-8989-129e3d60ac5a: start 7b4abc8b-9906-4e15-8989-129e3d60ac5a@group-0459D2A4237C-LeaderElection4
2022-10-27 16:23:30 INFO  LeaderElection:312 - 7b4abc8b-9906-4e15-8989-129e3d60ac5a@group-0459D2A4237C-LeaderElection4 ELECTION round 0: submit vote requests at term 3 for -1: peers:[7b4abc8b-9906-4e15-8989-129e3d60ac5a|rpc:datanode-0.datanode.default.svc.cluster.local:9856|admin:datanode-0.datanode.default.svc.cluster.local:9857|client:datanode-0.datanode.default.svc.cluster.local:9858|priority:0|startupRole:FOLLOWER, 55ea54cc-d74f-49ea-8027-4598441dd629|rpc:datanode-2.datanode.default.svc.cluster.local:9856|admin:datanode-2.datanode.default.svc.cluster.local:9857|client:datanode-2.datanode.default.svc.cluster.local:9858|priority:1|startupRole:FOLLOWER, f4e59fb5-358e-45a7-bfd7-a64476abfce8|rpc:datanode-1.datanode.default.svc.cluster.local:9856|admin:datanode-1.datanode.default.svc.cluster.local:9857|client:datanode-1.datanode.default.svc.cluster.local:9858|priority:0|startupRole:FOLLOWER]|listeners:[], old=null
2022-10-27 16:23:30 INFO  RaftServerConfigKeys:53 - raft.server.rpc.first-election.timeout.min = 5s (fallback to raft.server.rpc.timeout.min)
2022-10-27 16:23:30 INFO  RaftServerConfigKeys:53 - raft.server.rpc.first-election.timeout.max = 5200ms (fallback to raft.server.rpc.timeout.max)
2022-10-27 16:23:30 INFO  LeaderElection:90 - 7b4abc8b-9906-4e15-8989-129e3d60ac5a@group-0459D2A4237C-LeaderElection4: ELECTION REJECTED received 1 response(s) and 0 exception(s):
2022-10-27 16:23:30 INFO  LeaderElection:94 -   Response 0: 7b4abc8b-9906-4e15-8989-129e3d60ac5a<-55ea54cc-d74f-49ea-8027-4598441dd629#0:FAIL-t3
2022-10-27 16:23:30 INFO  LeaderElection:314 - 7b4abc8b-9906-4e15-8989-129e3d60ac5a@group-0459D2A4237C-LeaderElection4 ELECTION round 0: result REJECTED
2022-10-27 16:23:30 INFO  RaftServer$Division:321 - 7b4abc8b-9906-4e15-8989-129e3d60ac5a@group-0459D2A4237C: changes role from CANDIDATE to FOLLOWER at term 3 for REJECTED
2022-10-27 16:23:30 INFO  RoleInfo:130 - 7b4abc8b-9906-4e15-8989-129e3d60ac5a: shutdown 7b4abc8b-9906-4e15-8989-129e3d60ac5a@group-0459D2A4237C-LeaderElection4
2022-10-27 16:23:30 INFO  RoleInfo:139 - 7b4abc8b-9906-4e15-8989-129e3d60ac5a: start 7b4abc8b-9906-4e15-8989-129e3d60ac5a@group-0459D2A4237C-FollowerState
2022-10-27 16:23:30 INFO  RaftServerConfigKeys:53 - raft.server.rpc.first-election.timeout.min = 5s (fallback to raft.server.rpc.timeout.min)
2022-10-27 16:23:30 INFO  RaftServerConfigKeys:53 - raft.server.rpc.first-election.timeout.max = 5200ms (fallback to raft.server.rpc.timeout.max)
2022-10-27 16:23:30 INFO  RaftServer$Division:1218 - 7b4abc8b-9906-4e15-8989-129e3d60ac5a@group-0459D2A4237C: receive requestVote(ELECTION, f4e59fb5-358e-45a7-bfd7-a64476abfce8, group-0459D2A4237C, 3, (t:0, i:0))
2022-10-27 16:23:30 INFO  VoteContext:48 - 7b4abc8b-9906-4e15-8989-129e3d60ac5a@group-0459D2A4237C-FOLLOWER: reject ELECTION from f4e59fb5-358e-45a7-bfd7-a64476abfce8: already has voted for 7b4abc8b-9906-4e15-8989-129e3d60ac5a at current term 3
2022-10-27 16:23:30 INFO  RaftServer$Division:1251 - 7b4abc8b-9906-4e15-8989-129e3d60ac5a@group-0459D2A4237C replies to ELECTION vote request: f4e59fb5-358e-45a7-bfd7-a64476abfce8<-7b4abc8b-9906-4e15-8989-129e3d60ac5a#0:FAIL-t3. Peer's state: 7b4abc8b-9906-4e15-8989-129e3d60ac5a@group-0459D2A4237C:t3, leader=null, voted=7b4abc8b-9906-4e15-8989-129e3d60ac5a, raftlog=Memoized:7b4abc8b-9906-4e15-8989-129e3d60ac5a@group-0459D2A4237C-SegmentedRaftLog:OPENED:c-1, conf=-1: peers:[7b4abc8b-9906-4e15-8989-129e3d60ac5a|rpc:datanode-0.datanode.default.svc.cluster.local:9856|admin:datanode-0.datanode.default.svc.cluster.local:9857|client:datanode-0.datanode.default.svc.cluster.local:9858|priority:0|startupRole:FOLLOWER, 55ea54cc-d74f-49ea-8027-4598441dd629|rpc:datanode-2.datanode.default.svc.cluster.local:9856|admin:datanode-2.datanode.default.svc.cluster.local:9857|client:datanode-2.datanode.default.svc.cluster.local:9858|priority:1|startupRole:FOLLOWER, f4e59fb5-358e-45a7-bfd7-a64476abfce8|rpc:datanode-1.datanode.default.svc.cluster.local:9856|admin:datanode-1.datanode.default.svc.cluster.local:9857|client:datanode-1.datanode.default.svc.cluster.local:9858|priority:0|startupRole:FOLLOWER]|listeners:[], old=null
2022-10-27 16:23:35 INFO  RaftServer$Division:1218 - 7b4abc8b-9906-4e15-8989-129e3d60ac5a@group-0459D2A4237C: receive requestVote(ELECTION, f4e59fb5-358e-45a7-bfd7-a64476abfce8, group-0459D2A4237C, 4, (t:0, i:0))
2022-10-27 16:23:35 INFO  VoteContext:48 - 7b4abc8b-9906-4e15-8989-129e3d60ac5a@group-0459D2A4237C-FOLLOWER: accept ELECTION from f4e59fb5-358e-45a7-bfd7-a64476abfce8: our priority 0 <= candidate's priority 0
2022-10-27 16:23:35 INFO  RaftServer$Division:321 - 7b4abc8b-9906-4e15-8989-129e3d60ac5a@group-0459D2A4237C: changes role from  FOLLOWER to FOLLOWER at term 4 for candidate:f4e59fb5-358e-45a7-bfd7-a64476abfce8
2022-10-27 16:23:35 INFO  RoleInfo:110 - 7b4abc8b-9906-4e15-8989-129e3d60ac5a: shutdown 7b4abc8b-9906-4e15-8989-129e3d60ac5a@group-0459D2A4237C-FollowerState
2022-10-27 16:23:35 INFO  RoleInfo:139 - 7b4abc8b-9906-4e15-8989-129e3d60ac5a: start 7b4abc8b-9906-4e15-8989-129e3d60ac5a@group-0459D2A4237C-FollowerState
2022-10-27 16:23:35 INFO  FollowerState:152 - 7b4abc8b-9906-4e15-8989-129e3d60ac5a@group-0459D2A4237C-FollowerState was interrupted
2022-10-27 16:23:35 INFO  RaftServerConfigKeys:53 - raft.server.rpc.first-election.timeout.min = 5s (fallback to raft.server.rpc.timeout.min)
2022-10-27 16:23:35 INFO  RaftServer$Division:1251 - 7b4abc8b-9906-4e15-8989-129e3d60ac5a@group-0459D2A4237C replies to ELECTION vote request: f4e59fb5-358e-45a7-bfd7-a64476abfce8<-7b4abc8b-9906-4e15-8989-129e3d60ac5a#0:OK-t4. Peer's state: 7b4abc8b-9906-4e15-8989-129e3d60ac5a@group-0459D2A4237C:t4, leader=null, voted=f4e59fb5-358e-45a7-bfd7-a64476abfce8, raftlog=Memoized:7b4abc8b-9906-4e15-8989-129e3d60ac5a@group-0459D2A4237C-SegmentedRaftLog:OPENED:c-1, conf=-1: peers:[7b4abc8b-9906-4e15-8989-129e3d60ac5a|rpc:datanode-0.datanode.default.svc.cluster.local:9856|admin:datanode-0.datanode.default.svc.cluster.local:9857|client:datanode-0.datanode.default.svc.cluster.local:9858|priority:0|startupRole:FOLLOWER, 55ea54cc-d74f-49ea-8027-4598441dd629|rpc:datanode-2.datanode.default.svc.cluster.local:9856|admin:datanode-2.datanode.default.svc.cluster.local:9857|client:datanode-2.datanode.default.svc.cluster.local:9858|priority:1|startupRole:FOLLOWER, f4e59fb5-358e-45a7-bfd7-a64476abfce8|rpc:datanode-1.datanode.default.svc.cluster.local:9856|admin:datanode-1.datanode.default.svc.cluster.local:9857|client:datanode-1.datanode.default.svc.cluster.local:9858|priority:0|startupRole:FOLLOWER]|listeners:[], old=null
2022-10-27 16:23:35 INFO  RaftServerConfigKeys:53 - raft.server.rpc.first-election.timeout.max = 5200ms (fallback to raft.server.rpc.timeout.max)
2022-10-27 16:23:41 INFO  RaftServer$Division:1218 - 7b4abc8b-9906-4e15-8989-129e3d60ac5a@group-0459D2A4237C: receive requestVote(ELECTION, f4e59fb5-358e-45a7-bfd7-a64476abfce8, group-0459D2A4237C, 5, (t:0, i:0))
2022-10-27 16:23:41 INFO  VoteContext:48 - 7b4abc8b-9906-4e15-8989-129e3d60ac5a@group-0459D2A4237C-FOLLOWER: accept ELECTION from f4e59fb5-358e-45a7-bfd7-a64476abfce8: our priority 0 <= candidate's priority 0
2022-10-27 16:23:41 INFO  RaftServer$Division:321 - 7b4abc8b-9906-4e15-8989-129e3d60ac5a@group-0459D2A4237C: changes role from  FOLLOWER to FOLLOWER at term 5 for candidate:f4e59fb5-358e-45a7-bfd7-a64476abfce8
2022-10-27 16:23:41 INFO  RoleInfo:110 - 7b4abc8b-9906-4e15-8989-129e3d60ac5a: shutdown 7b4abc8b-9906-4e15-8989-129e3d60ac5a@group-0459D2A4237C-FollowerState
2022-10-27 16:23:41 INFO  RoleInfo:139 - 7b4abc8b-9906-4e15-8989-129e3d60ac5a: start 7b4abc8b-9906-4e15-8989-129e3d60ac5a@group-0459D2A4237C-FollowerState
2022-10-27 16:23:41 INFO  FollowerState:152 - 7b4abc8b-9906-4e15-8989-129e3d60ac5a@group-0459D2A4237C-FollowerState was interrupted
2022-10-27 16:23:41 INFO  RaftServer$Division:1251 - 7b4abc8b-9906-4e15-8989-129e3d60ac5a@group-0459D2A4237C replies to ELECTION vote request: f4e59fb5-358e-45a7-bfd7-a64476abfce8<-7b4abc8b-9906-4e15-8989-129e3d60ac5a#0:OK-t5. Peer's state: 7b4abc8b-9906-4e15-8989-129e3d60ac5a@group-0459D2A4237C:t5, leader=null, voted=f4e59fb5-358e-45a7-bfd7-a64476abfce8, raftlog=Memoized:7b4abc8b-9906-4e15-8989-129e3d60ac5a@group-0459D2A4237C-SegmentedRaftLog:OPENED:c-1, conf=-1: peers:[7b4abc8b-9906-4e15-8989-129e3d60ac5a|rpc:datanode-0.datanode.default.svc.cluster.local:9856|admin:datanode-0.datanode.default.svc.cluster.local:9857|client:datanode-0.datanode.default.svc.cluster.local:9858|priority:0|startupRole:FOLLOWER, 55ea54cc-d74f-49ea-8027-4598441dd629|rpc:datanode-2.datanode.default.svc.cluster.local:9856|admin:datanode-2.datanode.default.svc.cluster.local:9857|client:datanode-2.datanode.default.svc.cluster.local:9858|priority:1|startupRole:FOLLOWER, f4e59fb5-358e-45a7-bfd7-a64476abfce8|rpc:datanode-1.datanode.default.svc.cluster.local:9856|admin:datanode-1.datanode.default.svc.cluster.local:9857|client:datanode-1.datanode.default.svc.cluster.local:9858|priority:0|startupRole:FOLLOWER]|listeners:[], old=null
2022-10-27 16:23:41 INFO  RaftServerConfigKeys:53 - raft.server.rpc.first-election.timeout.min = 5s (fallback to raft.server.rpc.timeout.min)
2022-10-27 16:23:41 INFO  RaftServerConfigKeys:53 - raft.server.rpc.first-election.timeout.max = 5200ms (fallback to raft.server.rpc.timeout.max)
2022-10-27 16:23:41 INFO  RaftServer$Division:1218 - 7b4abc8b-9906-4e15-8989-129e3d60ac5a@group-0459D2A4237C: receive requestVote(ELECTION, 55ea54cc-d74f-49ea-8027-4598441dd629, group-0459D2A4237C, 5, (t:0, i:0))
2022-10-27 16:23:41 INFO  VoteContext:48 - 7b4abc8b-9906-4e15-8989-129e3d60ac5a@group-0459D2A4237C-FOLLOWER: reject ELECTION from 55ea54cc-d74f-49ea-8027-4598441dd629: already has voted for f4e59fb5-358e-45a7-bfd7-a64476abfce8 at current term 5
2022-10-27 16:23:41 INFO  RaftServer$Division:1251 - 7b4abc8b-9906-4e15-8989-129e3d60ac5a@group-0459D2A4237C replies to ELECTION vote request: 55ea54cc-d74f-49ea-8027-4598441dd629<-7b4abc8b-9906-4e15-8989-129e3d60ac5a#0:FAIL-t5. Peer's state: 7b4abc8b-9906-4e15-8989-129e3d60ac5a@group-0459D2A4237C:t5, leader=null, voted=f4e59fb5-358e-45a7-bfd7-a64476abfce8, raftlog=Memoized:7b4abc8b-9906-4e15-8989-129e3d60ac5a@group-0459D2A4237C-SegmentedRaftLog:OPENED:c-1, conf=-1: peers:[7b4abc8b-9906-4e15-8989-129e3d60ac5a|rpc:datanode-0.datanode.default.svc.cluster.local:9856|admin:datanode-0.datanode.default.svc.cluster.local:9857|client:datanode-0.datanode.default.svc.cluster.local:9858|priority:0|startupRole:FOLLOWER, 55ea54cc-d74f-49ea-8027-4598441dd629|rpc:datanode-2.datanode.default.svc.cluster.local:9856|admin:datanode-2.datanode.default.svc.cluster.local:9857|client:datanode-2.datanode.default.svc.cluster.local:9858|priority:1|startupRole:FOLLOWER, f4e59fb5-358e-45a7-bfd7-a64476abfce8|rpc:datanode-1.datanode.default.svc.cluster.local:9856|admin:datanode-1.datanode.default.svc.cluster.local:9857|client:datanode-1.datanode.default.svc.cluster.local:9858|priority:0|startupRole:FOLLOWER]|listeners:[], old=null
2022-10-27 16:23:46 INFO  FollowerState:143 - 7b4abc8b-9906-4e15-8989-129e3d60ac5a@group-0459D2A4237C-FollowerState: change to CANDIDATE, lastRpcElapsedTime:5058198095ns, electionTimeout:5045ms
2022-10-27 16:23:46 INFO  RoleInfo:110 - 7b4abc8b-9906-4e15-8989-129e3d60ac5a: shutdown 7b4abc8b-9906-4e15-8989-129e3d60ac5a@group-0459D2A4237C-FollowerState
2022-10-27 16:23:46 INFO  RaftServer$Division:321 - 7b4abc8b-9906-4e15-8989-129e3d60ac5a@group-0459D2A4237C: changes role from  FOLLOWER to CANDIDATE at term 5 for changeToCandidate
2022-10-27 16:23:46 INFO  RaftServerConfigKeys:46 - raft.server.leaderelection.pre-vote = false (custom)
2022-10-27 16:23:46 INFO  RoleInfo:139 - 7b4abc8b-9906-4e15-8989-129e3d60ac5a: start 7b4abc8b-9906-4e15-8989-129e3d60ac5a@group-0459D2A4237C-LeaderElection5
2022-10-27 16:23:46 INFO  LeaderElection:312 - 7b4abc8b-9906-4e15-8989-129e3d60ac5a@group-0459D2A4237C-LeaderElection5 ELECTION round 0: submit vote requests at term 6 for -1: peers:[7b4abc8b-9906-4e15-8989-129e3d60ac5a|rpc:datanode-0.datanode.default.svc.cluster.local:9856|admin:datanode-0.datanode.default.svc.cluster.local:9857|client:datanode-0.datanode.default.svc.cluster.local:9858|priority:0|startupRole:FOLLOWER, 55ea54cc-d74f-49ea-8027-4598441dd629|rpc:datanode-2.datanode.default.svc.cluster.local:9856|admin:datanode-2.datanode.default.svc.cluster.local:9857|client:datanode-2.datanode.default.svc.cluster.local:9858|priority:1|startupRole:FOLLOWER, f4e59fb5-358e-45a7-bfd7-a64476abfce8|rpc:datanode-1.datanode.default.svc.cluster.local:9856|admin:datanode-1.datanode.default.svc.cluster.local:9857|client:datanode-1.datanode.default.svc.cluster.local:9858|priority:0|startupRole:FOLLOWER]|listeners:[], old=null
2022-10-27 16:23:46 INFO  RaftServerConfigKeys:53 - raft.server.rpc.first-election.timeout.min = 5s (fallback to raft.server.rpc.timeout.min)
2022-10-27 16:23:46 INFO  RaftServerConfigKeys:53 - raft.server.rpc.first-election.timeout.max = 5200ms (fallback to raft.server.rpc.timeout.max)
2022-10-27 16:23:46 INFO  LeaderElection:90 - 7b4abc8b-9906-4e15-8989-129e3d60ac5a@group-0459D2A4237C-LeaderElection5: ELECTION REJECTED received 2 response(s) and 0 exception(s):
2022-10-27 16:23:46 INFO  LeaderElection:94 -   Response 0: 7b4abc8b-9906-4e15-8989-129e3d60ac5a<-55ea54cc-d74f-49ea-8027-4598441dd629#0:FAIL-t6
2022-10-27 16:23:46 INFO  LeaderElection:94 -   Response 1: 7b4abc8b-9906-4e15-8989-129e3d60ac5a<-f4e59fb5-358e-45a7-bfd7-a64476abfce8#0:OK-t6
2022-10-27 16:23:46 INFO  LeaderElection:314 - 7b4abc8b-9906-4e15-8989-129e3d60ac5a@group-0459D2A4237C-LeaderElection5 ELECTION round 0: result REJECTED
2022-10-27 16:23:46 INFO  RaftServer$Division:321 - 7b4abc8b-9906-4e15-8989-129e3d60ac5a@group-0459D2A4237C: changes role from CANDIDATE to FOLLOWER at term 6 for REJECTED
2022-10-27 16:23:46 INFO  RoleInfo:130 - 7b4abc8b-9906-4e15-8989-129e3d60ac5a: shutdown 7b4abc8b-9906-4e15-8989-129e3d60ac5a@group-0459D2A4237C-LeaderElection5
2022-10-27 16:23:46 INFO  RoleInfo:139 - 7b4abc8b-9906-4e15-8989-129e3d60ac5a: start 7b4abc8b-9906-4e15-8989-129e3d60ac5a@group-0459D2A4237C-FollowerState
2022-10-27 16:23:46 INFO  RaftServerConfigKeys:53 - raft.server.rpc.first-election.timeout.min = 5s (fallback to raft.server.rpc.timeout.min)
2022-10-27 16:23:46 INFO  RaftServerConfigKeys:53 - raft.server.rpc.first-election.timeout.max = 5200ms (fallback to raft.server.rpc.timeout.max)
2022-10-27 16:23:51 INFO  RaftServer$Division:1218 - 7b4abc8b-9906-4e15-8989-129e3d60ac5a@group-0459D2A4237C: receive requestVote(ELECTION, 55ea54cc-d74f-49ea-8027-4598441dd629, group-0459D2A4237C, 7, (t:0, i:0))
2022-10-27 16:23:51 INFO  VoteContext:48 - 7b4abc8b-9906-4e15-8989-129e3d60ac5a@group-0459D2A4237C-FOLLOWER: accept ELECTION from 55ea54cc-d74f-49ea-8027-4598441dd629: our priority 0 <= candidate's priority 1
2022-10-27 16:23:51 INFO  RaftServer$Division:321 - 7b4abc8b-9906-4e15-8989-129e3d60ac5a@group-0459D2A4237C: changes role from  FOLLOWER to FOLLOWER at term 7 for candidate:55ea54cc-d74f-49ea-8027-4598441dd629
2022-10-27 16:23:51 INFO  RoleInfo:110 - 7b4abc8b-9906-4e15-8989-129e3d60ac5a: shutdown 7b4abc8b-9906-4e15-8989-129e3d60ac5a@group-0459D2A4237C-FollowerState
2022-10-27 16:23:51 INFO  FollowerState:152 - 7b4abc8b-9906-4e15-8989-129e3d60ac5a@group-0459D2A4237C-FollowerState was interrupted
2022-10-27 16:23:51 INFO  RoleInfo:139 - 7b4abc8b-9906-4e15-8989-129e3d60ac5a: start 7b4abc8b-9906-4e15-8989-129e3d60ac5a@group-0459D2A4237C-FollowerState
2022-10-27 16:23:51 INFO  RaftServerConfigKeys:53 - raft.server.rpc.first-election.timeout.min = 5s (fallback to raft.server.rpc.timeout.min)
2022-10-27 16:23:51 INFO  RaftServerConfigKeys:53 - raft.server.rpc.first-election.timeout.max = 5200ms (fallback to raft.server.rpc.timeout.max)
2022-10-27 16:23:51 INFO  RaftServer$Division:1251 - 7b4abc8b-9906-4e15-8989-129e3d60ac5a@group-0459D2A4237C replies to ELECTION vote request: 55ea54cc-d74f-49ea-8027-4598441dd629<-7b4abc8b-9906-4e15-8989-129e3d60ac5a#0:OK-t7. Peer's state: 7b4abc8b-9906-4e15-8989-129e3d60ac5a@group-0459D2A4237C:t7, leader=null, voted=55ea54cc-d74f-49ea-8027-4598441dd629, raftlog=Memoized:7b4abc8b-9906-4e15-8989-129e3d60ac5a@group-0459D2A4237C-SegmentedRaftLog:OPENED:c-1, conf=-1: peers:[7b4abc8b-9906-4e15-8989-129e3d60ac5a|rpc:datanode-0.datanode.default.svc.cluster.local:9856|admin:datanode-0.datanode.default.svc.cluster.local:9857|client:datanode-0.datanode.default.svc.cluster.local:9858|priority:0|startupRole:FOLLOWER, 55ea54cc-d74f-49ea-8027-4598441dd629|rpc:datanode-2.datanode.default.svc.cluster.local:9856|admin:datanode-2.datanode.default.svc.cluster.local:9857|client:datanode-2.datanode.default.svc.cluster.local:9858|priority:1|startupRole:FOLLOWER, f4e59fb5-358e-45a7-bfd7-a64476abfce8|rpc:datanode-1.datanode.default.svc.cluster.local:9856|admin:datanode-1.datanode.default.svc.cluster.local:9857|client:datanode-1.datanode.default.svc.cluster.local:9858|priority:0|startupRole:FOLLOWER]|listeners:[], old=null
2022-10-27 16:23:51 INFO  XceiverServerRatis:863 - Leader change notification received for group: group-0459D2A4237C with new leaderId: 55ea54cc-d74f-49ea-8027-4598441dd629
2022-10-27 16:23:51 INFO  RaftServer$Division:313 - 7b4abc8b-9906-4e15-8989-129e3d60ac5a@group-0459D2A4237C: change Leader from null to 55ea54cc-d74f-49ea-8027-4598441dd629 at term 7 for appendEntries, leader elected after 36702ms
2022-10-27 16:23:51 INFO  RaftServer$Division:430 - 7b4abc8b-9906-4e15-8989-129e3d60ac5a@group-0459D2A4237C: set configuration 0: peers:[7b4abc8b-9906-4e15-8989-129e3d60ac5a|rpc:datanode-0.datanode.default.svc.cluster.local:9856|admin:datanode-0.datanode.default.svc.cluster.local:9857|client:datanode-0.datanode.default.svc.cluster.local:9858|dataStream:|priority:0|startupRole:FOLLOWER, 55ea54cc-d74f-49ea-8027-4598441dd629|rpc:datanode-2.datanode.default.svc.cluster.local:9856|admin:datanode-2.datanode.default.svc.cluster.local:9857|client:datanode-2.datanode.default.svc.cluster.local:9858|dataStream:|priority:1|startupRole:FOLLOWER, f4e59fb5-358e-45a7-bfd7-a64476abfce8|rpc:datanode-1.datanode.default.svc.cluster.local:9856|admin:datanode-1.datanode.default.svc.cluster.local:9857|client:datanode-1.datanode.default.svc.cluster.local:9858|dataStream:|priority:0|startupRole:FOLLOWER]|listeners:[], old=null
2022-10-27 16:23:51 INFO  SegmentedRaftLogWorker:452 - 7b4abc8b-9906-4e15-8989-129e3d60ac5a@group-0459D2A4237C-SegmentedRaftLogWorker: Starting segment from index:0
2022-10-27 16:23:51 INFO  SegmentedRaftLogWorker:656 - 7b4abc8b-9906-4e15-8989-129e3d60ac5a@group-0459D2A4237C-SegmentedRaftLogWorker: created new log segment /data/metadata/ratis/024695f7-c19c-4487-b5e3-0459d2a4237c/current/log_inprogress_0
