rm: cannot remove '/home/runner/work/ozone/ozone/hadoop-ozone/dist/target/ozone-1.3.0-SNAPSHOT/compose/result/*': No such file or directory
Executing test in ozone-ha
--no-ansi option is deprecated and will be removed in future versions. Use `--ansi never` instead.
Removing network ozone-ha_default
Network ozone-ha_default not found.
--no-ansi option is deprecated and will be removed in future versions. Use `--ansi never` instead.
Creating network "ozone-ha_default" with the default driver
Pulling datanode (apache/ozone-runner:20210329-1)...
20210329-1: Pulling from apache/ozone-runner
Digest: sha256:ecaa3a054403c869d4410688e927d316583a7707694bddd53037963df24edb04
Status: Downloaded newer image for apache/ozone-runner:20210329-1
Creating ozone-ha_om2_1 ... 
Creating ozone-ha_om1_1 ... 
Creating ozone-ha_datanode_1 ... 
Creating ozone-ha_datanode_2 ... 
Creating ozone-ha_datanode_3 ... 
Creating ozone-ha_recon_1    ... 
Creating ozone-ha_scm2_1     ... 
Creating ozone-ha_om3_1      ... 
Creating ozone-ha_scm1_1     ... 
Creating ozone-ha_s3g_1      ... 
Creating ozone-ha_scm3_1     ... 
Creating ozone-ha_om1_1      ... done
Creating ozone-ha_scm3_1     ... done
Creating ozone-ha_datanode_1 ... done
Creating ozone-ha_scm2_1     ... done
Creating ozone-ha_om2_1      ... done
Creating ozone-ha_datanode_2 ... done
Creating ozone-ha_om3_1      ... done
Creating ozone-ha_datanode_3 ... done
Creating ozone-ha_scm1_1     ... done
Creating ozone-ha_s3g_1      ... done
Creating ozone-ha_recon_1    ... done
SECONDS: 49
com.google.protobuf.ServiceException: java.net.ConnectException: Call From 10a8bf215e33/172.18.0.10 to scm2:9860 failed on connection exception: java.net.ConnectException: Connection refused; For more details see: http://wiki.apache.org/hadoop/ConnectionRefused, while invoking $Proxy19.submitRequest over nodeId=scm2,nodeAddress=scm2/172.18.0.3:9860 after 1 failover attempts. Trying to failover after sleeping for 2000ms. com.google.protobuf.ServiceException: java.net.ConnectException: Call From 10a8bf215e33/172.18.0.10 to scm3:9860 failed on connection exception: java.net.ConnectException: Connection refused; For more details see: http://wiki.apache.org/hadoop/ConnectionRefused, while invoking $Proxy19.submitRequest over nodeId=scm3,nodeAddress=scm3/172.18.0.11:9860 after 2 failover attempts. Trying to failover after sleeping for 2000ms. com.google.protobuf.ServiceException: java.net.ConnectException: Call From 10a8bf215e33/172.18.0.10 to scm1:9860 failed on connection exception: java.net.ConnectException: Connection refused; For more details see: http://wiki.apache.org/hadoop/ConnectionRefused, while invoking $Proxy19.submitRequest over nodeId=scm1,nodeAddress=scm1/172.18.0.10:9860 after 3 failover attempts. Trying to failover after sleeping for 2000ms. com.google.protobuf.ServiceException: java.net.ConnectException: Call From 10a8bf215e33/172.18.0.10 to scm2:9860 failed on connection exception: java.net.ConnectException: Connection refused; For more details see: http://wiki.apache.org/hadoop/ConnectionRefused, while invoking $Proxy19.submitRequest over nodeId=scm2,nodeAddress=scm2/172.18.0.3:9860 after 4 failover attempts. Trying to failover after sleeping for 2000ms. com.google.protobuf.ServiceException: java.net.ConnectException: Call From 10a8bf215e33/172.18.0.10 to scm3:9860 failed on connection exception: java.net.ConnectException: Connection refused; For more details see: http://wiki.apache.org/hadoop/ConnectionRefused, while invoking $Proxy19.submitRequest over nodeId=scm3,nodeAddress=scm3/172.18.0.11:9860 after 5 failover attempts. Trying to failover after sleeping for 2000ms. com.google.protobuf.ServiceException: org.apache.hadoop.ipc.RemoteException(org.apache.hadoop.hdds.ratis.ServerNotLeaderException): Server:64a6b7ca-f9a1-4432-9ef8-9a2120d16d4f is not the leader. Could not determine the leader node. at org.apache.hadoop.hdds.ratis.ServerNotLeaderException.convertToNotLeaderException(ServerNotLeaderException.java:109) at org.apache.hadoop.hdds.scm.ha.RatisUtil.checkRatisException(RatisUtil.java:245) at org.apache.hadoop.hdds.scm.protocol.StorageContainerLocationProtocolServerSideTranslatorPB.submitRequest(StorageContainerLocationProtocolServerSideTranslatorPB.java:165) at org.apache.hadoop.hdds.protocol.proto.StorageContainerLocationProtocolProtos$StorageContainerLocationProtocolService$2.callBlockingMethod(StorageContainerLocationProtocolProtos.java:57462) at org.apache.hadoop.ipc.ProtobufRpcEngine$Server.processCall(ProtobufRpcEngine.java:466) at org.apache.hadoop.ipc.ProtobufRpcEngine2$Server$ProtoBufRpcInvoker.call(ProtobufRpcEngine2.java:574) at org.apache.hadoop.ipc.ProtobufRpcEngine2$Server$ProtoBufRpcInvoker.call(ProtobufRpcEngine2.java:552) at org.apache.hadoop.ipc.RPC$Server.call(RPC.java:1093) at org.apache.hadoop.ipc.Server$RpcCall.run(Server.java:1035) at org.apache.hadoop.ipc.Server$RpcCall.run(Server.java:963) at java.base/java.security.AccessController.doPrivileged(Native Method) at java.base/javax.security.auth.Subject.doAs(Subject.java:423) at org.apache.hadoop.security.UserGroupInformation.doAs(UserGroupInformation.java:1878) at org.apache.hadoop.ipc.Server$Handler.run(Server.java:2966) , while invoking $Proxy19.submitRequest over nodeId=scm1,nodeAddress=scm1/172.18.0.10:9860 after 6 failover attempts. Trying to failover after sleeping for 2000ms. com.google.protobuf.ServiceException: java.net.ConnectException: Call From 10a8bf215e33/172.18.0.10 to scm2:9860 failed on connection exception: java.net.ConnectException: Connection refused; For more details see: http://wiki.apache.org/hadoop/ConnectionRefused, while invoking $Proxy19.submitRequest over nodeId=scm2,nodeAddress=scm2/172.18.0.3:9860 after 7 failover attempts. Trying to failover after sleeping for 2000ms. com.google.protobuf.ServiceException: java.net.ConnectException: Call From 10a8bf215e33/172.18.0.10 to scm3:9860 failed on connection exception: java.net.ConnectException: Connection refused; For more details see: http://wiki.apache.org/hadoop/ConnectionRefused, while invoking $Proxy19.submitRequest over nodeId=scm3,nodeAddress=scm3/172.18.0.11:9860 after 8 failover attempts. Trying to failover after sleeping for 2000ms. SCM is in safe mode. validated:true, DataNodeSafeModeRule, registered datanodes (=3) >= required datanodes (=3) validated:false, HealthyPipelineSafeModeRule, healthy Ratis/THREE pipelines (=0) >= healthyPipelineThresholdCount (=1) validated:true, ContainerSafeModeRule, % of containers with at least one reported replica (=1.00) >= safeModeCutoff (=0.99) validated:true, AtleastOneDatanodeReportedRule, reported Ratis/THREE pipelines with at least one datanode (=0) >= threshold (=0)
SECONDS: 58
SCM is in safe mode. validated:true, DataNodeSafeModeRule, registered datanodes (=3) >= required datanodes (=3) validated:false, HealthyPipelineSafeModeRule, healthy Ratis/THREE pipelines (=0) >= healthyPipelineThresholdCount (=1) validated:true, ContainerSafeModeRule, % of containers with at least one reported replica (=1.00) >= safeModeCutoff (=0.99) validated:true, AtleastOneDatanodeReportedRule, reported Ratis/THREE pipelines with at least one datanode (=0) >= threshold (=0)
SECONDS: 68
SCM is in safe mode. validated:true, DataNodeSafeModeRule, registered datanodes (=3) >= required datanodes (=3) validated:false, HealthyPipelineSafeModeRule, healthy Ratis/THREE pipelines (=0) >= healthyPipelineThresholdCount (=1) validated:true, ContainerSafeModeRule, % of containers with at least one reported replica (=1.00) >= safeModeCutoff (=0.99) validated:true, AtleastOneDatanodeReportedRule, reported Ratis/THREE pipelines with at least one datanode (=0) >= threshold (=0)
SECONDS: 91
SCM is in safe mode. validated:true, DataNodeSafeModeRule, registered datanodes (=3) >= required datanodes (=3) validated:false, HealthyPipelineSafeModeRule, healthy Ratis/THREE pipelines (=0) >= healthyPipelineThresholdCount (=1) validated:true, ContainerSafeModeRule, % of containers with at least one reported replica (=1.00) >= safeModeCutoff (=0.99) validated:true, AtleastOneDatanodeReportedRule, reported Ratis/THREE pipelines with at least one datanode (=0) >= threshold (=0)
SECONDS: 107
SCM is out of safe mode.
Safe mode is off
Found OM leader for service omservice: om3 : LEADER (om3)
==============================================================================
Ozone-Shell-Single :: Test ozone shell CLI usage                              
==============================================================================
Test ozone shell                                                      | PASS |
------------------------------------------------------------------------------
Ozone-Shell-Single :: Test ozone shell CLI usage                      | PASS |
1 test, 1 passed, 0 failed
==============================================================================
Output:  /tmp/smoketest/ozone-ha/result/robot-ozone-ha-ozone-ha-ozone-shell-single-scm1.xml
==============================================================================
Links :: Test bucket links via Ozone CLI                                      
==============================================================================
Link to non-existent bucket                                           | PASS |
------------------------------------------------------------------------------
Key create passthrough                                                | PASS |
------------------------------------------------------------------------------
Key read passthrough                                                  | PASS |
------------------------------------------------------------------------------
Key list passthrough                                                  | PASS |
------------------------------------------------------------------------------
Key delete passthrough                                                | PASS |
------------------------------------------------------------------------------
Bucket list contains links                                            | PASS |
------------------------------------------------------------------------------
Bucket info shows source                                              | PASS |
------------------------------------------------------------------------------
Source and target have separate ACLs                                  | PASS |
------------------------------------------------------------------------------
Buckets and links share namespace                                     | PASS |
------------------------------------------------------------------------------
Can follow link with read access                                      | PASS |
------------------------------------------------------------------------------
Cannot follow link without read access                                | PASS |
------------------------------------------------------------------------------
ACL verified on source bucket                                         | PASS |
------------------------------------------------------------------------------
Loop in link chain is detected                                        | PASS |
------------------------------------------------------------------------------
Multiple links to same bucket are allowed                             | PASS |
------------------------------------------------------------------------------
Source bucket not affected by deleting link                           | PASS |
------------------------------------------------------------------------------
Links :: Test bucket links via Ozone CLI                              | PASS |
15 tests, 15 passed, 0 failed
==============================================================================
Output:  /tmp/smoketest/ozone-ha/result/robot-ozone-ha-ozone-ha-ozone-shell-single-scm1-1.xml
==============================================================================
S3                                                                            
==============================================================================
S3.Awss3 :: S3 gateway test with aws cli                                      
==============================================================================
File upload and directory list                                        | PASS |
------------------------------------------------------------------------------
File upload with special chars                                        | PASS |
------------------------------------------------------------------------------
S3.Awss3 :: S3 gateway test with aws cli                              | PASS |
2 tests, 2 passed, 0 failed
==============================================================================
S3.Boto3 :: S3 gateway test with Boto3 Client                                 
==============================================================================
Boto3 Client Test                                                     | PASS |
------------------------------------------------------------------------------
S3.Boto3 :: S3 gateway test with Boto3 Client                         | PASS |
1 test, 1 passed, 0 failed
==============================================================================
S3.Bucketcreate :: S3 gateway test with aws cli                               
==============================================================================
Create new bucket                                                     | PASS |
------------------------------------------------------------------------------
Create bucket which already exists                                    | PASS |
------------------------------------------------------------------------------
Create bucket with invalid bucket name                                | PASS |
------------------------------------------------------------------------------
S3.Bucketcreate :: S3 gateway test with aws cli                       | PASS |
3 tests, 3 passed, 0 failed
==============================================================================
S3.Bucketdelete :: S3 gateway test with aws cli                               
==============================================================================
Delete existing bucket                                                | PASS |
------------------------------------------------------------------------------
Delete non-existent bucket                                            | PASS |
------------------------------------------------------------------------------
S3.Bucketdelete :: S3 gateway test with aws cli                       | PASS |
2 tests, 2 passed, 0 failed
==============================================================================
S3.Buckethead :: S3 gateway test with aws cli                                 
==============================================================================
Head Bucket not existent                                              | PASS |
------------------------------------------------------------------------------
S3.Buckethead :: S3 gateway test with aws cli                         | PASS |
1 test, 1 passed, 0 failed
==============================================================================
S3.Bucketlist :: S3 gateway test with aws cli                                 
==============================================================================
List buckets                                                          | PASS |
------------------------------------------------------------------------------
S3.Bucketlist :: S3 gateway test with aws cli                         | PASS |
1 test, 1 passed, 0 failed
==============================================================================
S3.MultipartUpload :: S3 gateway test with aws cli                            
==============================================================================
Test Multipart Upload                                                 | PASS |
------------------------------------------------------------------------------
Test Multipart Upload Complete                                        | PASS |
------------------------------------------------------------------------------
Test Multipart Upload Complete Entity too small                       | PASS |
------------------------------------------------------------------------------
Test Multipart Upload Complete Invalid part errors and complete mp... | PASS |
------------------------------------------------------------------------------
Test abort Multipart upload                                           | PASS |
------------------------------------------------------------------------------
Test abort Multipart upload with invalid uploadId                     | PASS |
------------------------------------------------------------------------------
Upload part with Incorrect uploadID                                   | PASS |
------------------------------------------------------------------------------
Test list parts                                                       | PASS |
------------------------------------------------------------------------------
Test Multipart Upload with the simplified aws s3 cp API               | PASS |
------------------------------------------------------------------------------
Test Multipart Upload Put With Copy                                   | PASS |
------------------------------------------------------------------------------
Test Multipart Upload Put With Copy and range                         | PASS |
------------------------------------------------------------------------------
Test Multipart Upload Put With Copy and range with IfModifiedSince    | PASS |
------------------------------------------------------------------------------
Test Multipart Upload list                                            | PASS |
------------------------------------------------------------------------------
S3.MultipartUpload :: S3 gateway test with aws cli                    | PASS |
13 tests, 13 passed, 0 failed
==============================================================================
S3.Objectcopy :: S3 gateway test with aws cli                                 
==============================================================================
Copy Object Happy Scenario                                            | PASS |
------------------------------------------------------------------------------
Copy Object Where Bucket is not available                             | PASS |
------------------------------------------------------------------------------
Copy Object Where both source and dest are same with change to sto... | PASS |
------------------------------------------------------------------------------
Copy Object Where Key not available                                   | PASS |
------------------------------------------------------------------------------
S3.Objectcopy :: S3 gateway test with aws cli                         | PASS |
4 tests, 4 passed, 0 failed
==============================================================================
S3.Objectdelete :: S3 gateway test with aws cli                               
==============================================================================
Delete file with s3api                                                | PASS |
------------------------------------------------------------------------------
Delete file with s3api, file doesn't exist                            | PASS |
------------------------------------------------------------------------------
Delete dir with s3api                                                 | PASS |
------------------------------------------------------------------------------
Delete file with s3api, file doesn't exist, prefix of a real file     | PASS |
------------------------------------------------------------------------------
Delete file with s3api, bucket doesn't exist                          | PASS |
------------------------------------------------------------------------------
S3.Objectdelete :: S3 gateway test with aws cli                       | PASS |
5 tests, 5 passed, 0 failed
==============================================================================
S3.Objectmultidelete :: S3 gateway test with aws cli                          
==============================================================================
Delete file with multi delete                                         | PASS |
------------------------------------------------------------------------------
S3.Objectmultidelete :: S3 gateway test with aws cli                  | PASS |
1 test, 1 passed, 0 failed
==============================================================================
S3.Objectputget :: S3 gateway test with aws cli                               
==============================================================================
Put object to s3                                                      | PASS |
------------------------------------------------------------------------------
Get object from s3                                                    | PASS |
------------------------------------------------------------------------------
Get Partial object from s3 with both start and endoffset              | PASS |
------------------------------------------------------------------------------
Get Partial object from s3 with both start and endoffset(start off... | PASS |
------------------------------------------------------------------------------
Get Partial object from s3 with both start and endoffset(end offse... | PASS |
------------------------------------------------------------------------------
Get Partial object from s3 with only start offset                     | PASS |
------------------------------------------------------------------------------
Get Partial object from s3 with both start and endoffset which are... | PASS |
------------------------------------------------------------------------------
Get Partial object from s3 to get last n bytes                        | PASS |
------------------------------------------------------------------------------
Incorrect values for end and start offset                             | PASS |
------------------------------------------------------------------------------
Zero byte file                                                        | PASS |
------------------------------------------------------------------------------
S3.Objectputget :: S3 gateway test with aws cli                       | PASS |
10 tests, 10 passed, 0 failed
==============================================================================
S3.Webui :: S3 gateway web ui test                                            
==============================================================================
S3 Gateway Web UI                                                     | PASS |
------------------------------------------------------------------------------
S3.Webui :: S3 gateway web ui test                                    | PASS |
1 test, 1 passed, 0 failed
==============================================================================
S3                                                                    | PASS |
44 tests, 44 passed, 0 failed
==============================================================================
Output:  /tmp/smoketest/ozone-ha/result/robot-ozone-ha-ozone-ha-ozone-shell-single-scm1-2.xml
==============================================================================
Freon                                                                         
==============================================================================
Freon.Generate :: Test freon data generation commands                         
==============================================================================
Ozone Client Key Generator                                            | PASS |
------------------------------------------------------------------------------
OM Key Generator                                                      | PASS |
------------------------------------------------------------------------------
OM Bucket Generator                                                   | PASS |
------------------------------------------------------------------------------
DN Chunk Generator                                                    | PASS |
------------------------------------------------------------------------------
Freon.Generate :: Test freon data generation commands                 | PASS |
4 tests, 4 passed, 0 failed
==============================================================================
Freon.Remove :: Test freon data remove commands                               
==============================================================================
Ozone Client Key Remover                                              | PASS |
------------------------------------------------------------------------------
OM Bucket Remover                                                     | PASS |
------------------------------------------------------------------------------
Freon.Remove :: Test freon data remove commands                       | PASS |
2 tests, 2 passed, 0 failed
==============================================================================
Freon.Validate :: Test freon data validation commands                         
==============================================================================
Ozone Client Key Validator                                            | PASS |
------------------------------------------------------------------------------
DN Chunk Validator                                                    | PASS |
------------------------------------------------------------------------------
Freon.Validate :: Test freon data validation commands                 | PASS |
2 tests, 2 passed, 0 failed
==============================================================================
Freon                                                                 | PASS |
8 tests, 8 passed, 0 failed
==============================================================================
Output:  /tmp/smoketest/ozone-ha/result/robot-ozone-ha-ozone-ha-ozone-shell-single-scm1-3.xml
--no-ansi option is deprecated and will be removed in future versions. Use `--ansi never` instead.
--no-ansi option is deprecated and will be removed in future versions. Use `--ansi never` instead.
Stopping ozone-ha_scm3_1     ... 
Stopping ozone-ha_scm1_1     ... 
Stopping ozone-ha_s3g_1      ... 
Stopping ozone-ha_datanode_2 ... 
Stopping ozone-ha_om3_1      ... 
Stopping ozone-ha_datanode_3 ... 
Stopping ozone-ha_recon_1    ... 
Stopping ozone-ha_scm2_1     ... 
Stopping ozone-ha_datanode_1 ... 
Stopping ozone-ha_om1_1      ... 
Stopping ozone-ha_om2_1      ... 
Stopping ozone-ha_s3g_1      ... done
Stopping ozone-ha_scm3_1     ... done
Stopping ozone-ha_om1_1      ... done
Stopping ozone-ha_om2_1      ... done
Stopping ozone-ha_om3_1      ... done
Stopping ozone-ha_scm2_1     ... done
Stopping ozone-ha_recon_1    ... done
Stopping ozone-ha_scm1_1     ... done
Stopping ozone-ha_datanode_3 ... done
Stopping ozone-ha_datanode_1 ... done
Stopping ozone-ha_datanode_2 ... done
Removing ozone-ha_scm3_1     ... 
Removing ozone-ha_scm1_1     ... 
Removing ozone-ha_s3g_1      ... 
Removing ozone-ha_datanode_2 ... 
Removing ozone-ha_om3_1      ... 
Removing ozone-ha_datanode_3 ... 
Removing ozone-ha_recon_1    ... 
Removing ozone-ha_scm2_1     ... 
Removing ozone-ha_datanode_1 ... 
Removing ozone-ha_om1_1      ... 
Removing ozone-ha_om2_1      ... 
Removing ozone-ha_scm3_1     ... done
Removing ozone-ha_scm2_1     ... done
Removing ozone-ha_om1_1      ... done
Removing ozone-ha_s3g_1      ... done
Removing ozone-ha_om2_1      ... done
Removing ozone-ha_om3_1      ... done
Removing ozone-ha_datanode_1 ... done
Removing ozone-ha_recon_1    ... done
Removing ozone-ha_scm1_1     ... done
Removing ozone-ha_datanode_3 ... done
Removing ozone-ha_datanode_2 ... done
Removing network ozone-ha_default
Log:     /home/runner/work/ozone/ozone/hadoop-ozone/dist/target/ozone-1.3.0-SNAPSHOT/compose/ozone-ha/result/log.html
Report:  /home/runner/work/ozone/ozone/hadoop-ozone/dist/target/ozone-1.3.0-SNAPSHOT/compose/ozone-ha/result/report.html
Output:  /home/runner/work/ozone/ozone/hadoop-ozone/dist/target/ozone-1.3.0-SNAPSHOT/compose/result/ozone-ha.xml
Executing test in ozonesecure-ha
--no-ansi option is deprecated and will be removed in future versions. Use `--ansi never` instead.
Removing network ozonesecure-ha_ozone_net
Network ozonesecure-ha_ozone_net not found.
--no-ansi option is deprecated and will be removed in future versions. Use `--ansi never` instead.
Creating network "ozonesecure-ha_ozone_net" with the default driver
Pulling kdc (apache/ozone-testkrb5:20210419-1)...
20210419-1: Pulling from apache/ozone-testkrb5
Digest: sha256:ba7a04b9f7605b9ac64f34400f426f1e9938ad2b5be93365685097ba962ed19a
Status: Downloaded newer image for apache/ozone-testkrb5:20210419-1
Pulling kms (apache/hadoop:3)...
3: Pulling from apache/hadoop
Digest: sha256:793348d0839a55d27fb9466d4a5f7e058744866f5ab2cb7aa32f541b4810b215
Status: Downloaded newer image for apache/hadoop:3
Creating ozonesecure-ha_scm3.org_1 ... 
Creating ozonesecure-ha_recon_1    ... 
Creating ozonesecure-ha_scm2.org_1 ... 
Creating ozonesecure-ha_om1_1      ... 
Creating ozonesecure-ha_datanode3_1 ... 
Creating ozonesecure-ha_om3_1       ... 
Creating ozonesecure-ha_kms_1       ... 
Creating ozonesecure-ha_s3g_1       ... 
Creating ozonesecure-ha_om2_1       ... 
Creating ozonesecure-ha_datanode1_1 ... 
Creating ozonesecure-ha_kdc_1       ... 
Creating ozonesecure-ha_scm1.org_1  ... 
Creating ozonesecure-ha_datanode2_1 ... 
Creating ozonesecure-ha_scm3.org_1  ... done
Creating ozonesecure-ha_kdc_1       ... done
Creating ozonesecure-ha_om3_1       ... done
Creating ozonesecure-ha_recon_1     ... done
Creating ozonesecure-ha_om1_1       ... done
Creating ozonesecure-ha_datanode3_1 ... done
Creating ozonesecure-ha_datanode1_1 ... done
Creating ozonesecure-ha_om2_1       ... done
Creating ozonesecure-ha_scm1.org_1  ... done
Creating ozonesecure-ha_kms_1       ... done
Creating ozonesecure-ha_scm2.org_1  ... done
Creating ozonesecure-ha_datanode2_1 ... done
Creating ozonesecure-ha_s3g_1       ... done
ozone.scm.client.address should be set in ozone-site.xml or with the --scm option
SECONDS: 8

SECONDS: 51
com.google.protobuf.ServiceException: java.net.ConnectException: Call From scm1.org/172.25.0.116 to scm2.org:9860 failed on connection exception: java.net.ConnectException: Connection refused; For more details see: http://wiki.apache.org/hadoop/ConnectionRefused, while invoking $Proxy20.submitRequest over nodeId=scm2,nodeAddress=scm2.org/172.25.0.117:9860 after 1 failover attempts. Trying to failover after sleeping for 2000ms. com.google.protobuf.ServiceException: java.net.ConnectException: Call From scm1.org/172.25.0.116 to scm3.org:9860 failed on connection exception: java.net.ConnectException: Connection refused; For more details see: http://wiki.apache.org/hadoop/ConnectionRefused, while invoking $Proxy20.submitRequest over nodeId=scm3,nodeAddress=scm3.org/172.25.0.118:9860 after 2 failover attempts. Trying to failover after sleeping for 2000ms. com.google.protobuf.ServiceException: java.net.ConnectException: Call From scm1.org/172.25.0.116 to scm1.org:9860 failed on connection exception: java.net.ConnectException: Connection refused; For more details see: http://wiki.apache.org/hadoop/ConnectionRefused, while invoking $Proxy20.submitRequest over nodeId=scm1,nodeAddress=scm1.org/172.25.0.116:9860 after 3 failover attempts. Trying to failover after sleeping for 2000ms. com.google.protobuf.ServiceException: java.net.ConnectException: Call From scm1.org/172.25.0.116 to scm2.org:9860 failed on connection exception: java.net.ConnectException: Connection refused; For more details see: http://wiki.apache.org/hadoop/ConnectionRefused, while invoking $Proxy20.submitRequest over nodeId=scm2,nodeAddress=scm2.org/172.25.0.117:9860 after 4 failover attempts. Trying to failover after sleeping for 2000ms. com.google.protobuf.ServiceException: java.net.ConnectException: Call From scm1.org/172.25.0.116 to scm3.org:9860 failed on connection exception: java.net.ConnectException: Connection refused; For more details see: http://wiki.apache.org/hadoop/ConnectionRefused, while invoking $Proxy20.submitRequest over nodeId=scm3,nodeAddress=scm3.org/172.25.0.118:9860 after 5 failover attempts. Trying to failover after sleeping for 2000ms. com.google.protobuf.ServiceException: java.net.ConnectException: Call From scm1.org/172.25.0.116 to scm1.org:9860 failed on connection exception: java.net.ConnectException: Connection refused; For more details see: http://wiki.apache.org/hadoop/ConnectionRefused, while invoking $Proxy20.submitRequest over nodeId=scm1,nodeAddress=scm1.org/172.25.0.116:9860 after 6 failover attempts. Trying to failover after sleeping for 2000ms. com.google.protobuf.ServiceException: java.net.ConnectException: Call From scm1.org/172.25.0.116 to scm2.org:9860 failed on connection exception: java.net.ConnectException: Connection refused; For more details see: http://wiki.apache.org/hadoop/ConnectionRefused, while invoking $Proxy20.submitRequest over nodeId=scm2,nodeAddress=scm2.org/172.25.0.117:9860 after 7 failover attempts. Trying to failover after sleeping for 2000ms. com.google.protobuf.ServiceException: java.net.ConnectException: Call From scm1.org/172.25.0.116 to scm3.org:9860 failed on connection exception: java.net.ConnectException: Connection refused; For more details see: http://wiki.apache.org/hadoop/ConnectionRefused, while invoking $Proxy20.submitRequest over nodeId=scm3,nodeAddress=scm3.org/172.25.0.118:9860 after 8 failover attempts. Trying to failover after sleeping for 2000ms. SCM is in safe mode. validated:false, DataNodeSafeModeRule, registered datanodes (=0) >= required datanodes (=3) validated:false, HealthyPipelineSafeModeRule, healthy Ratis/THREE pipelines (=0) >= healthyPipelineThresholdCount (=1) validated:true, ContainerSafeModeRule, % of containers with at least one reported replica (=1.00) >= safeModeCutoff (=0.99) validated:true, AtleastOneDatanodeReportedRule, reported Ratis/THREE pipelines with at least one datanode (=0) >= threshold (=0)
SECONDS: 63
SCM is in safe mode. validated:false, DataNodeSafeModeRule, registered datanodes (=0) >= required datanodes (=3) validated:false, HealthyPipelineSafeModeRule, healthy Ratis/THREE pipelines (=0) >= healthyPipelineThresholdCount (=1) validated:true, ContainerSafeModeRule, % of containers with at least one reported replica (=1.00) >= safeModeCutoff (=0.99) validated:true, AtleastOneDatanodeReportedRule, reported Ratis/THREE pipelines with at least one datanode (=0) >= threshold (=0)
SECONDS: 76
SCM is in safe mode. validated:false, DataNodeSafeModeRule, registered datanodes (=0) >= required datanodes (=3) validated:false, HealthyPipelineSafeModeRule, healthy Ratis/THREE pipelines (=0) >= healthyPipelineThresholdCount (=1) validated:true, ContainerSafeModeRule, % of containers with at least one reported replica (=1.00) >= safeModeCutoff (=0.99) validated:true, AtleastOneDatanodeReportedRule, reported Ratis/THREE pipelines with at least one datanode (=0) >= threshold (=0)
SECONDS: 89
SCM is in safe mode. validated:false, DataNodeSafeModeRule, registered datanodes (=0) >= required datanodes (=3) validated:false, HealthyPipelineSafeModeRule, healthy Ratis/THREE pipelines (=0) >= healthyPipelineThresholdCount (=1) validated:true, ContainerSafeModeRule, % of containers with at least one reported replica (=1.00) >= safeModeCutoff (=0.99) validated:true, AtleastOneDatanodeReportedRule, reported Ratis/THREE pipelines with at least one datanode (=0) >= threshold (=0)
SECONDS: 134
SCM is in safe mode. validated:false, DataNodeSafeModeRule, registered datanodes (=0) >= required datanodes (=3) validated:false, HealthyPipelineSafeModeRule, healthy Ratis/THREE pipelines (=0) >= healthyPipelineThresholdCount (=1) validated:true, ContainerSafeModeRule, % of containers with at least one reported replica (=1.00) >= safeModeCutoff (=0.99) validated:true, AtleastOneDatanodeReportedRule, reported Ratis/THREE pipelines with at least one datanode (=0) >= threshold (=0)
SECONDS: 189
SCM is in safe mode. validated:false, DataNodeSafeModeRule, registered datanodes (=2) >= required datanodes (=3) validated:false, HealthyPipelineSafeModeRule, healthy Ratis/THREE pipelines (=0) >= healthyPipelineThresholdCount (=1) validated:true, ContainerSafeModeRule, % of containers with at least one reported replica (=1.00) >= safeModeCutoff (=0.99) validated:true, AtleastOneDatanodeReportedRule, reported Ratis/THREE pipelines with at least one datanode (=0) >= threshold (=0)
SECONDS: 217
SCM is in safe mode. validated:true, DataNodeSafeModeRule, registered datanodes (=3) >= required datanodes (=3) validated:false, HealthyPipelineSafeModeRule, healthy Ratis/THREE pipelines (=0) >= healthyPipelineThresholdCount (=1) validated:true, ContainerSafeModeRule, % of containers with at least one reported replica (=1.00) >= safeModeCutoff (=0.99) validated:true, AtleastOneDatanodeReportedRule, reported Ratis/THREE pipelines with at least one datanode (=0) >= threshold (=0)
SECONDS: 228
SCM is in safe mode. validated:true, DataNodeSafeModeRule, registered datanodes (=3) >= required datanodes (=3) validated:false, HealthyPipelineSafeModeRule, healthy Ratis/THREE pipelines (=0) >= healthyPipelineThresholdCount (=1) validated:true, ContainerSafeModeRule, % of containers with at least one reported replica (=1.00) >= safeModeCutoff (=0.99) validated:true, AtleastOneDatanodeReportedRule, reported Ratis/THREE pipelines with at least one datanode (=0) >= threshold (=0)
SECONDS: 250
SCM is in safe mode. validated:true, DataNodeSafeModeRule, registered datanodes (=3) >= required datanodes (=3) validated:false, HealthyPipelineSafeModeRule, healthy Ratis/THREE pipelines (=0) >= healthyPipelineThresholdCount (=1) validated:true, ContainerSafeModeRule, % of containers with at least one reported replica (=1.00) >= safeModeCutoff (=0.99) validated:true, AtleastOneDatanodeReportedRule, reported Ratis/THREE pipelines with at least one datanode (=0) >= threshold (=0)
WARNING! Safemode is still on. Please check the docker-compose files
--no-ansi option is deprecated and will be removed in future versions. Use `--ansi never` instead.
--no-ansi option is deprecated and will be removed in future versions. Use `--ansi never` instead.
Stopping ozonesecure-ha_kms_1       ... 
Stopping ozonesecure-ha_s3g_1       ... 
Stopping ozonesecure-ha_datanode2_1 ... 
Stopping ozonesecure-ha_kdc_1       ... 
Stopping ozonesecure-ha_scm1.org_1  ... 
Stopping ozonesecure-ha_om2_1       ... 
Stopping ozonesecure-ha_datanode1_1 ... 
Stopping ozonesecure-ha_om3_1       ... 
Stopping ozonesecure-ha_datanode3_1 ... 
Stopping ozonesecure-ha_scm2.org_1  ... 
Stopping ozonesecure-ha_om1_1       ... 
Stopping ozonesecure-ha_recon_1     ... 
Stopping ozonesecure-ha_scm3.org_1  ... 
Stopping ozonesecure-ha_kdc_1       ... done
Stopping ozonesecure-ha_kms_1       ... done
Stopping ozonesecure-ha_s3g_1       ... done
Stopping ozonesecure-ha_om3_1       ... done
Stopping ozonesecure-ha_om1_1       ... done
Stopping ozonesecure-ha_om2_1       ... done
Stopping ozonesecure-ha_recon_1     ... done
Stopping ozonesecure-ha_scm1.org_1  ... done
Stopping ozonesecure-ha_scm2.org_1  ... done
Stopping ozonesecure-ha_scm3.org_1  ... done
Stopping ozonesecure-ha_datanode2_1 ... done
Stopping ozonesecure-ha_datanode1_1 ... done
Stopping ozonesecure-ha_datanode3_1 ... done
Removing ozonesecure-ha_kms_1       ... 
Removing ozonesecure-ha_s3g_1       ... 
Removing ozonesecure-ha_datanode2_1 ... 
Removing ozonesecure-ha_kdc_1       ... 
Removing ozonesecure-ha_scm1.org_1  ... 
Removing ozonesecure-ha_om2_1       ... 
Removing ozonesecure-ha_datanode1_1 ... 
Removing ozonesecure-ha_om3_1       ... 
Removing ozonesecure-ha_datanode3_1 ... 
Removing ozonesecure-ha_scm2.org_1  ... 
Removing ozonesecure-ha_om1_1       ... 
Removing ozonesecure-ha_recon_1     ... 
Removing ozonesecure-ha_scm3.org_1  ... 
Removing ozonesecure-ha_datanode1_1 ... done
Removing ozonesecure-ha_recon_1     ... done
Removing ozonesecure-ha_s3g_1       ... done
Removing ozonesecure-ha_kms_1       ... done
Removing ozonesecure-ha_om1_1       ... done
Removing ozonesecure-ha_datanode2_1 ... done
Removing ozonesecure-ha_om3_1       ... done
Removing ozonesecure-ha_kdc_1       ... done
Removing ozonesecure-ha_om2_1       ... done
Removing ozonesecure-ha_scm3.org_1  ... done
Removing ozonesecure-ha_scm1.org_1  ... done
Removing ozonesecure-ha_scm2.org_1  ... done
Removing ozonesecure-ha_datanode3_1 ... done
Removing network ozonesecure-ha_ozone_net
ERROR: Test execution of ozonesecure-ha is FAILED!!!!
Exception in thread "main" Log:     /home/runner/work/ozone/ozone/hadoop-ozone/dist/target/ozone-1.3.0-SNAPSHOT/compose/result/log.html
Report:  /home/runner/work/ozone/ozone/hadoop-ozone/dist/target/ozone-1.3.0-SNAPSHOT/compose/result/report.html
