rm: cannot remove '/home/runner/work/ozone/ozone/hadoop-ozone/dist/target/ozone-1.3.0-SNAPSHOT/compose/result/*': No such file or directory
Executing test in ozonesecure
--no-ansi option is deprecated and will be removed in future versions. Use `--ansi never` instead.
Removing network ozonesecure_default
Network ozonesecure_default not found.
--no-ansi option is deprecated and will be removed in future versions. Use `--ansi never` instead.
Creating network "ozonesecure_default" with the default driver
Pulling kdc (apache/ozone-testkrb5:20210419-1)...
20210419-1: Pulling from apache/ozone-testkrb5
Digest: sha256:ba7a04b9f7605b9ac64f34400f426f1e9938ad2b5be93365685097ba962ed19a
Status: Downloaded newer image for apache/ozone-testkrb5:20210419-1
Pulling kms (apache/hadoop:3)...
3: Pulling from apache/hadoop
Digest: sha256:793348d0839a55d27fb9466d4a5f7e058744866f5ab2cb7aa32f541b4810b215
Status: Downloaded newer image for apache/hadoop:3
Pulling datanode (apache/ozone-runner:20210329-1)...
20210329-1: Pulling from apache/ozone-runner
Digest: sha256:ecaa3a054403c869d4410688e927d316583a7707694bddd53037963df24edb04
Status: Downloaded newer image for apache/ozone-runner:20210329-1
Creating ozonesecure_kms_1 ... 
Creating ozonesecure_om_1  ... 
Creating ozonesecure_scm_1 ... 
Creating ozonesecure_kdc_1 ... 
Creating ozonesecure_recon_1 ... 
Creating ozonesecure_datanode_1 ... 
Creating ozonesecure_datanode_2 ... 
Creating ozonesecure_datanode_3 ... 
Creating ozonesecure_s3g_1      ... 
Creating ozonesecure_om_1       ... done
Creating ozonesecure_kms_1      ... done
Creating ozonesecure_kdc_1      ... done
Creating ozonesecure_recon_1    ... done
Creating ozonesecure_datanode_2 ... done
Creating ozonesecure_scm_1      ... done
Creating ozonesecure_datanode_3 ... done
Creating ozonesecure_s3g_1      ... done
Creating ozonesecure_datanode_1 ... done
SECONDS: 49
com.google.protobuf.ServiceException: java.net.ConnectException: Call From scm/172.18.0.6 to scm:9860 failed on connection exception: java.net.ConnectException: Connection refused; For more details see: http://wiki.apache.org/hadoop/ConnectionRefused, while invoking $Proxy20.submitRequest over nodeId=scmNodeId,nodeAddress=scm/172.18.0.6:9860 after 1 failover attempts. Trying to failover after sleeping for 2000ms. com.google.protobuf.ServiceException: java.net.ConnectException: Call From scm/172.18.0.6 to scm:9860 failed on connection exception: java.net.ConnectException: Connection refused; For more details see: http://wiki.apache.org/hadoop/ConnectionRefused, while invoking $Proxy20.submitRequest over nodeId=scmNodeId,nodeAddress=scm/172.18.0.6:9860 after 2 failover attempts. Trying to failover after sleeping for 2000ms. com.google.protobuf.ServiceException: java.net.ConnectException: Call From scm/172.18.0.6 to scm:9860 failed on connection exception: java.net.ConnectException: Connection refused; For more details see: http://wiki.apache.org/hadoop/ConnectionRefused, while invoking $Proxy20.submitRequest over nodeId=scmNodeId,nodeAddress=scm/172.18.0.6:9860 after 3 failover attempts. Trying to failover after sleeping for 2000ms. SCM is in safe mode. validated:false, DataNodeSafeModeRule, registered datanodes (=0) >= required datanodes (=3) validated:false, HealthyPipelineSafeModeRule, healthy Ratis/THREE pipelines (=0) >= healthyPipelineThresholdCount (=1) validated:true, ContainerSafeModeRule, % of containers with at least one reported replica (=1.00) >= safeModeCutoff (=0.99) validated:true, AtleastOneDatanodeReportedRule, reported Ratis/THREE pipelines with at least one datanode (=0) >= threshold (=0)
SECONDS: 75
SCM is in safe mode. validated:true, DataNodeSafeModeRule, registered datanodes (=3) >= required datanodes (=3) validated:false, HealthyPipelineSafeModeRule, healthy Ratis/THREE pipelines (=0) >= healthyPipelineThresholdCount (=1) validated:true, ContainerSafeModeRule, % of containers with at least one reported replica (=1.00) >= safeModeCutoff (=0.99) validated:true, AtleastOneDatanodeReportedRule, reported Ratis/THREE pipelines with at least one datanode (=0) >= threshold (=0)
SECONDS: 86
SCM is out of safe mode.
Safe mode is off
No OM HA service, no need to wait
key1 has been successfully created with options Options{cipher='AES/CTR/NoPadding', bitLength=128, description='null', attributes=null}.
org.apache.hadoop.crypto.key.kms.LoadBalancingKMSClientProvider@61386958 has been updated.
==============================================================================
Kinit :: Kinit test user                                                      
==============================================================================
Kinit                                                                 | PASS |
------------------------------------------------------------------------------
Kinit :: Kinit test user                                              | PASS |
1 test, 1 passed, 0 failed
==============================================================================
Output:  /tmp/smoketest/ozonesecure/result/robot-ozonesecure-ozonesecure-kinit-scm.xml
ls: /var/log/hadoop: No such file or directory
==============================================================================
Basic                                                                         
==============================================================================
Basic.Basic :: Smoketest ozone cluster startup                                
==============================================================================
Check webui static resources                                          | PASS |
------------------------------------------------------------------------------
Start freon testing                                                   | PASS |
------------------------------------------------------------------------------
Basic.Basic :: Smoketest ozone cluster startup                        | PASS |
2 tests, 2 passed, 0 failed
==============================================================================
Basic.Getconf :: Test 'ozone getconf' command                                 
==============================================================================
Get OM                                                                | PASS |
------------------------------------------------------------------------------
Get SCM                                                               | PASS |
------------------------------------------------------------------------------
Get existing config key                                               | PASS |
------------------------------------------------------------------------------
Get undefined config key                                              | PASS |
------------------------------------------------------------------------------
Basic.Getconf :: Test 'ozone getconf' command                         | PASS |
4 tests, 4 passed, 0 failed
==============================================================================
Basic.Links :: Test bucket links via Ozone CLI                                
==============================================================================
Link to non-existent bucket                                           | PASS |
------------------------------------------------------------------------------
Key create passthrough                                                | PASS |
------------------------------------------------------------------------------
Key read passthrough                                                  | PASS |
------------------------------------------------------------------------------
Key list passthrough                                                  | PASS |
------------------------------------------------------------------------------
Key delete passthrough                                                | PASS |
------------------------------------------------------------------------------
Bucket list contains links                                            | PASS |
------------------------------------------------------------------------------
Bucket info shows source                                              | PASS |
------------------------------------------------------------------------------
Source and target have separate ACLs                                  | PASS |
------------------------------------------------------------------------------
Buckets and links share namespace                                     | PASS |
------------------------------------------------------------------------------
Can follow link with read access                                      | PASS |
------------------------------------------------------------------------------
Cannot follow link without read access                                | PASS |
------------------------------------------------------------------------------
ACL verified on source bucket                                         | PASS |
------------------------------------------------------------------------------
Loop in link chain is detected                                        | PASS |
------------------------------------------------------------------------------
Multiple links to same bucket are allowed                             | PASS |
------------------------------------------------------------------------------
Source bucket not affected by deleting link                           | PASS |
------------------------------------------------------------------------------
Basic.Links :: Test bucket links via Ozone CLI                        | PASS |
15 tests, 15 passed, 0 failed
==============================================================================
Basic.Ozone-Shell-Single :: Test ozone shell CLI usage                        
==============================================================================
Test ozone shell                                                      | PASS |
------------------------------------------------------------------------------
Basic.Ozone-Shell-Single :: Test ozone shell CLI usage                | PASS |
1 test, 1 passed, 0 failed
==============================================================================
Basic.Ozone-Shell :: Test ozone shell CLI usage                               
==============================================================================
RpcClient with port                                                   | PASS |
------------------------------------------------------------------------------
RpcClient volume acls                                                 | PASS |
------------------------------------------------------------------------------
RpcClient bucket acls                                                 | PASS |
------------------------------------------------------------------------------
RpcClient key acls                                                    | PASS |
------------------------------------------------------------------------------
RpcClient prefix acls                                                 | PASS |
------------------------------------------------------------------------------
RpcClient without host                                                | PASS |
------------------------------------------------------------------------------
Basic.Ozone-Shell :: Test ozone shell CLI usage                       | PASS |
6 tests, 6 passed, 0 failed
==============================================================================
Basic                                                                 | PASS |
28 tests, 28 passed, 0 failed
==============================================================================
Output:  /tmp/smoketest/ozonesecure/result/robot-ozonesecure-ozonesecure-kinit-scm-1.xml
ls: /var/log/hadoop: No such file or directory
==============================================================================
Security                                                                      
==============================================================================
Security.Admin-Cert :: Test for ozone admin cert command                      
==============================================================================
List valid certificates                                               | PASS |
------------------------------------------------------------------------------
List revoked certificates                                             | PASS |
------------------------------------------------------------------------------
Info of the cert                                                      | PASS |
------------------------------------------------------------------------------
Security.Admin-Cert :: Test for ozone admin cert command              | PASS |
3 tests, 3 passed, 0 failed
==============================================================================
Security.Bucket-Encryption :: Test for bucket encryption                      
==============================================================================
Create Encrypted Bucket                                               | PASS |
------------------------------------------------------------------------------
Create Key in Encrypted Bucket                                        | PASS |
------------------------------------------------------------------------------
Security.Bucket-Encryption :: Test for bucket encryption              | PASS |
2 tests, 2 passed, 0 failed
==============================================================================
Security.Ozone-Secure-Fs :: Smoke test to start cluster with docker-compose...
==============================================================================
Create volume bucket with wrong credentials                           | PASS |
------------------------------------------------------------------------------
Create volume with non-admin user                                     | PASS |
------------------------------------------------------------------------------
Create bucket with non-admin owner(testuser2)                         | PASS |
------------------------------------------------------------------------------
Create volume bucket with credentials                                 | PASS |
------------------------------------------------------------------------------
Check volume from ozonefs                                             | PASS |
------------------------------------------------------------------------------
Test Volume Acls                                                      | PASS |
------------------------------------------------------------------------------
Test Bucket Acls                                                      | PASS |
------------------------------------------------------------------------------
Test key Acls                                                         | PASS |
------------------------------------------------------------------------------
Test native authorizer                                                | PASS |
------------------------------------------------------------------------------
Security.Ozone-Secure-Fs :: Smoke test to start cluster with docke... | PASS |
9 tests, 9 passed, 0 failed
==============================================================================
Security.Ozone-Secure-S3 :: Smoke test to start cluster with docker-compose...
==============================================================================
Secure S3 test Success                                                | PASS |
------------------------------------------------------------------------------
Secure S3 put-object test                                             | PASS |
------------------------------------------------------------------------------
Secure S3 test Failure                                                | PASS |
------------------------------------------------------------------------------
Security.Ozone-Secure-S3 :: Smoke test to start cluster with docke... | PASS |
3 tests, 3 passed, 0 failed
==============================================================================
Security.Ozone-Secure-Token :: Test token operations                          
==============================================================================
Token Test                                                            | PASS |
------------------------------------------------------------------------------
Security.Ozone-Secure-Token :: Test token operations                  | PASS |
1 test, 1 passed, 0 failed
==============================================================================
Security                                                              | PASS |
18 tests, 18 passed, 0 failed
==============================================================================
Output:  /tmp/smoketest/ozonesecure/result/robot-ozonesecure-ozonesecure-kinit-scm-2.xml
ls: /var/log/hadoop: No such file or directory
==============================================================================
ozonefs-ofs-link :: Ozone FS tests                                            
==============================================================================
List root                                                             | PASS |
------------------------------------------------------------------------------
List non-existent volume                                              | PASS |
------------------------------------------------------------------------------
List non-existent bucket                                              | PASS |
------------------------------------------------------------------------------
Create dir with parents                                               | PASS |
------------------------------------------------------------------------------
Copy from local                                                       | PASS |
------------------------------------------------------------------------------
Put                                                                   | PASS |
------------------------------------------------------------------------------
List                                                                  | PASS |
------------------------------------------------------------------------------
Move                                                                  | PASS |
------------------------------------------------------------------------------
Copy within FS                                                        | PASS |
------------------------------------------------------------------------------
Cat file                                                              | PASS |
------------------------------------------------------------------------------
Delete file                                                           | PASS |
------------------------------------------------------------------------------
Delete dir                                                            | PASS |
------------------------------------------------------------------------------
Touch file                                                            | PASS |
------------------------------------------------------------------------------
Delete file with Trash                                                | FAIL |
1 != 0
------------------------------------------------------------------------------
Delete recursively                                                    | PASS |
------------------------------------------------------------------------------
List recursively                                                      | PASS |
------------------------------------------------------------------------------
Copy to other bucket                                                  | PASS |
------------------------------------------------------------------------------
Copy to other volume                                                  | PASS |
------------------------------------------------------------------------------
List file created via shell                                           | PASS |
------------------------------------------------------------------------------
Reject overwrite existing                                             | PASS |
------------------------------------------------------------------------------
Get file                                                              | PASS |
------------------------------------------------------------------------------
ozonefs-ofs-link :: Ozone FS tests                                    | FAIL |
21 tests, 20 passed, 1 failed
==============================================================================
Output:  /tmp/smoketest/ozonesecure/result/robot-ozonesecure-ozonesecure-kinit-scm-3.xml
ls: /var/log/hadoop: No such file or directory
--no-ansi option is deprecated and will be removed in future versions. Use `--ansi never` instead.
--no-ansi option is deprecated and will be removed in future versions. Use `--ansi never` instead.
Stopping ozonesecure_s3g_1      ... 
Stopping ozonesecure_datanode_3 ... 
Stopping ozonesecure_datanode_2 ... 
Stopping ozonesecure_datanode_1 ... 
Stopping ozonesecure_scm_1      ... 
Stopping ozonesecure_recon_1    ... 
Stopping ozonesecure_kdc_1      ... 
Stopping ozonesecure_om_1       ... 
Stopping ozonesecure_kms_1      ... 
Stopping ozonesecure_kdc_1      ... done
Stopping ozonesecure_kms_1      ... done
Stopping ozonesecure_s3g_1      ... done
Stopping ozonesecure_om_1       ... done
Stopping ozonesecure_scm_1      ... done
Stopping ozonesecure_recon_1    ... done
Stopping ozonesecure_datanode_1 ... done
Stopping ozonesecure_datanode_3 ... done
Stopping ozonesecure_datanode_2 ... done
Removing ozonesecure_s3g_1      ... 
Removing ozonesecure_datanode_3 ... 
Removing ozonesecure_datanode_2 ... 
Removing ozonesecure_datanode_1 ... 
Removing ozonesecure_scm_1      ... 
Removing ozonesecure_recon_1    ... 
Removing ozonesecure_kdc_1      ... 
Removing ozonesecure_om_1       ... 
Removing ozonesecure_kms_1      ... 
Removing ozonesecure_kdc_1      ... done
Removing ozonesecure_s3g_1      ... done
Removing ozonesecure_kms_1      ... done
Removing ozonesecure_om_1       ... done
Removing ozonesecure_datanode_1 ... done
Removing ozonesecure_datanode_2 ... done
Removing ozonesecure_recon_1    ... done
Removing ozonesecure_datanode_3 ... done
Removing ozonesecure_scm_1      ... done
Removing network ozonesecure_default
ERROR: Test execution of ozonesecure is FAILED!!!!
Output:  /home/runner/work/ozone/ozone/hadoop-ozone/dist/target/ozone-1.3.0-SNAPSHOT/compose/result/ozonesecure.xml
Exception in thread "main" Log:     /home/runner/work/ozone/ozone/hadoop-ozone/dist/target/ozone-1.3.0-SNAPSHOT/compose/result/log.html
Report:  /home/runner/work/ozone/ozone/hadoop-ozone/dist/target/ozone-1.3.0-SNAPSHOT/compose/result/report.html
