No '-XX:...' jvm parameters are set. Adding safer GC settings '-XX:ParallelGCThreads=8 -XX:+UseConcMarkSweepGC -XX:CMSInitiatingOccupancyFraction=70 -XX:+CMSParallelRemarkEnabled' to the OZONE_OPTS
OpenJDK 64-Bit Server VM warning: Option UseConcMarkSweepGC was deprecated in version 9.0 and will likely be removed in a future release.
2022-08-23 07:28:52 INFO  HddsDatanodeService:112 - STARTUP_MSG: 
/************************************************************
STARTUP_MSG: Starting HddsDatanodeService
STARTUP_MSG:   host = datanode-1/10.42.0.13
STARTUP_MSG:   args = []
STARTUP_MSG:   version = 1.3.0-SNAPSHOT
STARTUP_MSG:   classpath = /etc/hadoop:/opt/hadoop/share/ozone/lib/kerb-simplekdc-1.0.1.jar:/opt/hadoop/share/ozone/lib/slf4j-log4j12-1.7.30.jar:/opt/hadoop/share/ozone/lib/protobuf-java-2.5.0.jar:/opt/hadoop/share/ozone/lib/jaxb-core-2.3.0.1.jar:/opt/hadoop/share/ozone/lib/netty-handler-4.1.79.Final.jar:/opt/hadoop/share/ozone/lib/istack-commons-runtime-3.0.5.jar:/opt/hadoop/share/ozone/lib/commons-validator-1.6.jar:/opt/hadoop/share/ozone/lib/bcpkix-jdk15on-1.67.jar:/opt/hadoop/share/ozone/lib/hdds-interface-admin-1.3.0-SNAPSHOT.jar:/opt/hadoop/share/ozone/lib/jackson-annotations-2.13.2.jar:/opt/hadoop/share/ozone/lib/jetty-security-9.4.43.v20210629.jar:/opt/hadoop/share/ozone/lib/kerb-core-1.0.1.jar:/opt/hadoop/share/ozone/lib/hadoop-shaded-protobuf_3_7-1.1.1.jar:/opt/hadoop/share/ozone/lib/netty-common-4.1.79.Final.jar:/opt/hadoop/share/ozone/lib/ozone-annotation-processing-1.3.0-SNAPSHOT.jar:/opt/hadoop/share/ozone/lib/hdds-container-service-1.3.0-SNAPSHOT.jar:/opt/hadoop/share/ozone/lib/okhttp-4.9.0.jar:/opt/hadoop/share/ozone/lib/jsr305-3.0.0.jar:/opt/hadoop/share/ozone/lib/j2objc-annotations-1.3.jar:/opt/hadoop/share/ozone/lib/htrace-core4-4.1.0-incubating.jar:/opt/hadoop/share/ozone/lib/picocli-4.6.1.jar:/opt/hadoop/share/ozone/lib/jackson-datatype-jsr310-2.13.2.jar:/opt/hadoop/share/ozone/lib/javassist-3.21.0-GA.jar:/opt/hadoop/share/ozone/lib/jaxb-api-2.3.0.jar:/opt/hadoop/share/ozone/lib/kerb-util-1.0.1.jar:/opt/hadoop/share/ozone/lib/hadoop-shaded-guava-1.1.1.jar:/opt/hadoop/share/ozone/lib/ratis-metrics-2.3.0.jar:/opt/hadoop/share/ozone/lib/kotlin-stdlib-1.6.21.jar:/opt/hadoop/share/ozone/lib/log4j-core-2.17.1.jar:/opt/hadoop/share/ozone/lib/commons-logging-1.2.jar:/opt/hadoop/share/ozone/lib/accessors-smart-2.4.7.jar:/opt/hadoop/share/ozone/lib/kerby-xdr-1.0.1.jar:/opt/hadoop/share/ozone/lib/txw2-2.3.0.1.jar:/opt/hadoop/share/ozone/lib/httpcore-4.4.13.jar:/opt/hadoop/share/ozone/lib/guava-31.1-jre.jar:/opt/hadoop/share/ozone/lib/opentracing-tracerresolver-0.1.8.jar:/opt/hadoop/share/ozone/lib/commons-net-3.6.jar:/opt/hadoop/share/ozone/lib/netty-transport-4.1.79.Final.jar:/opt/hadoop/share/ozone/lib/rocksdbjni-6.29.5.jar:/opt/hadoop/share/ozone/lib/libthrift-0.14.1.jar:/opt/hadoop/share/ozone/lib/snakeyaml-1.26.jar:/opt/hadoop/share/ozone/lib/stax-ex-1.7.8.jar:/opt/hadoop/share/ozone/lib/httpclient-4.5.13.jar:/opt/hadoop/share/ozone/lib/jetty-servlet-9.4.43.v20210629.jar:/opt/hadoop/share/ozone/lib/kerby-config-1.0.1.jar:/opt/hadoop/share/ozone/lib/ratis-common-2.3.0.jar:/opt/hadoop/share/ozone/lib/jaeger-client-1.6.0.jar:/opt/hadoop/share/ozone/lib/commons-io-2.11.0.jar:/opt/hadoop/share/ozone/lib/metrics-core-3.2.4.jar:/opt/hadoop/share/ozone/lib/kerby-pkix-1.0.1.jar:/opt/hadoop/share/ozone/lib/activation-1.1.1.jar:/opt/hadoop/share/ozone/lib/json-smart-2.4.7.jar:/opt/hadoop/share/ozone/lib/hdds-interface-client-1.3.0-SNAPSHOT.jar:/opt/hadoop/share/ozone/lib/jsr311-api-1.1.1.jar:/opt/hadoop/share/ozone/lib/ratis-grpc-2.3.0.jar:/opt/hadoop/share/ozone/lib/jetty-webapp-9.4.43.v20210629.jar:/opt/hadoop/share/ozone/lib/commons-beanutils-1.9.4.jar:/opt/hadoop/share/ozone/lib/jackson-core-2.13.2.jar:/opt/hadoop/share/ozone/lib/hdds-server-framework-1.3.0-SNAPSHOT.jar:/opt/hadoop/share/ozone/lib/javax.servlet-api-3.1.0.jar:/opt/hadoop/share/ozone/lib/kerb-server-1.0.1.jar:/opt/hadoop/share/ozone/lib/hdds-common-1.3.0-SNAPSHOT.jar:/opt/hadoop/share/ozone/lib/kerb-client-1.0.1.jar:/opt/hadoop/share/ozone/lib/disruptor-3.4.2.jar:/opt/hadoop/share/ozone/lib/gson-2.9.0.jar:/opt/hadoop/share/ozone/lib/reflections-0.9.11.jar:/opt/hadoop/share/ozone/lib/hdds-erasurecode-1.3.0-SNAPSHOT.jar:/opt/hadoop/share/ozone/lib/jetty-io-9.4.43.v20210629.jar:/opt/hadoop/share/ozone/lib/hdds-interface-server-1.3.0-SNAPSHOT.jar:/opt/hadoop/share/ozone/lib/hadoop-hdfs-3.3.1.jar:/opt/hadoop/share/ozone/lib/ratis-proto-2.3.0.jar:/opt/hadoop/share/ozone/lib/annotations-13.0.jar:/opt/hadoop/share/ozone/lib/jetty-server-9.4.43.v20210629.jar:/opt/hadoop/share/ozone/lib/simpleclient_common-0.7.0.jar:/opt/hadoop/share/ozone/lib/hadoop-common-3.3.1.jar:/opt/hadoop/share/ozone/lib/dnsjava-2.1.7.jar:/opt/hadoop/share/ozone/lib/jaeger-thrift-1.6.0.jar:/opt/hadoop/share/ozone/lib/bcprov-jdk15on-1.67.jar:/opt/hadoop/share/ozone/lib/commons-configuration2-2.1.1.jar:/opt/hadoop/share/ozone/lib/token-provider-1.0.1.jar:/opt/hadoop/share/ozone/lib/log4j-1.2.17.jar:/opt/hadoop/share/ozone/lib/commons-daemon-1.0.13.jar:/opt/hadoop/share/ozone/lib/listenablefuture-9999.0-empty-to-avoid-conflict-with-guava.jar:/opt/hadoop/share/ozone/lib/netty-buffer-4.1.79.Final.jar:/opt/hadoop/share/ozone/lib/jetty-xml-9.4.43.v20210629.jar:/opt/hadoop/share/ozone/lib/jaeger-tracerresolver-1.6.0.jar:/opt/hadoop/share/ozone/lib/commons-lang3-3.7.jar:/opt/hadoop/share/ozone/lib/ratis-netty-2.3.0.jar:/opt/hadoop/share/ozone/lib/re2j-1.1.jar:/opt/hadoop/share/ozone/lib/commons-math3-3.1.1.jar:/opt/hadoop/share/ozone/lib/jackson-databind-2.13.2.2.jar:/opt/hadoop/share/ozone/lib/simpleclient_dropwizard-0.7.0.jar:/opt/hadoop/share/ozone/lib/simpleclient-0.7.0.jar:/opt/hadoop/share/ozone/lib/asm-5.0.4.jar:/opt/hadoop/share/ozone/lib/kerby-util-1.0.1.jar:/opt/hadoop/share/ozone/lib/netty-codec-4.1.79.Final.jar:/opt/hadoop/share/ozone/lib/failureaccess-1.0.1.jar:/opt/hadoop/share/ozone/lib/okio-2.8.0.jar:/opt/hadoop/share/ozone/lib/hdds-config-1.3.0-SNAPSHOT.jar:/opt/hadoop/share/ozone/lib/jsp-api-2.1.jar:/opt/hadoop/share/ozone/lib/jetty-http-9.4.43.v20210629.jar:/opt/hadoop/share/ozone/lib/jsch-0.1.54.jar:/opt/hadoop/share/ozone/lib/jakarta.activation-api-1.2.1.jar:/opt/hadoop/share/ozone/lib/slf4j-api-1.7.30.jar:/opt/hadoop/share/ozone/lib/hadoop-hdfs-client-3.3.1.jar:/opt/hadoop/share/ozone/lib/nimbus-jose-jwt-7.9.jar:/opt/hadoop/share/ozone/lib/commons-codec-1.11.jar:/opt/hadoop/share/ozone/lib/commons-pool2-2.6.0.jar:/opt/hadoop/share/ozone/lib/netty-resolver-4.1.79.Final.jar:/opt/hadoop/share/ozone/lib/jetty-util-9.4.43.v20210629.jar:/opt/hadoop/share/ozone/lib/jetty-util-ajax-9.4.43.v20210629.jar:/opt/hadoop/share/ozone/lib/opentracing-api-0.33.0.jar:/opt/hadoop/share/ozone/lib/jcip-annotations-1.0-1.jar:/opt/hadoop/share/ozone/lib/kerb-admin-1.0.1.jar:/opt/hadoop/share/ozone/lib/ratis-thirdparty-misc-1.0.0.jar:/opt/hadoop/share/ozone/lib/kotlin-stdlib-common-1.6.21.jar:/opt/hadoop/share/ozone/lib/opentracing-noop-0.33.0.jar:/opt/hadoop/share/ozone/lib/netty-transport-native-unix-common-4.1.79.Final.jar:/opt/hadoop/share/ozone/lib/jersey-core-1.19.jar:/opt/hadoop/share/ozone/lib/commons-compress-1.21.jar:/opt/hadoop/share/ozone/lib/jaxb-runtime-2.3.0.1.jar:/opt/hadoop/share/ozone/lib/ratis-server-api-2.3.0.jar:/opt/hadoop/share/ozone/lib/opentracing-util-0.33.0.jar:/opt/hadoop/share/ozone/lib/hdds-client-1.3.0-SNAPSHOT.jar:/opt/hadoop/share/ozone/lib/snappy-java-1.1.8.2.jar:/opt/hadoop/share/ozone/lib/hdds-hadoop-dependency-client-1.3.0-SNAPSHOT.jar:/opt/hadoop/share/ozone/lib/commons-cli-1.2.jar:/opt/hadoop/share/ozone/lib/woodstox-core-5.0.3.jar:/opt/hadoop/share/ozone/lib/ratis-server-2.3.0.jar:/opt/hadoop/share/ozone/lib/log4j-api-2.17.1.jar:/opt/hadoop/share/ozone/lib/javax.annotation-api-1.2.jar:/opt/hadoop/share/ozone/lib/kerby-asn1-1.0.1.jar:/opt/hadoop/share/ozone/lib/hadoop-annotations-3.3.1.jar:/opt/hadoop/share/ozone/lib/checker-qual-3.12.0.jar:/opt/hadoop/share/ozone/lib/stax2-api-3.1.4.jar:/opt/hadoop/share/ozone/lib/commons-collections-3.2.2.jar:/opt/hadoop/share/ozone/lib/commons-digester-1.8.1.jar:/opt/hadoop/share/ozone/lib/jaeger-core-1.6.0.jar:/opt/hadoop/share/ozone/lib/commons-text-1.4.jar:/opt/hadoop/share/ozone/lib/jersey-servlet-1.19.jar:/opt/hadoop/share/ozone/lib/hadoop-auth-3.3.1.jar:/opt/hadoop/share/ozone/lib/kerb-identity-1.0.1.jar:/opt/hadoop/share/ozone/lib/FastInfoset-1.2.13.jar:/opt/hadoop/share/ozone/lib/kerb-common-1.0.1.jar:/opt/hadoop/share/ozone/lib/ratis-client-2.3.0.jar:/opt/hadoop/share/ozone/lib/jersey-server-1.19.jar:/opt/hadoop/share/ozone/lib/hdds-hadoop-dependency-server-1.3.0-SNAPSHOT.jar:/opt/hadoop/share/ozone/lib/kerb-crypto-1.0.1.jar:/opt/hadoop/share/ozone/web:/opt/hadoop/share/ozone/lib/ozone-datanode-1.3.0-SNAPSHOT.jar
STARTUP_MSG:   build = https://github.com/apache/ozone/df9ed54ba1235044fee73a7709b376b9dd44b213 ; compiled by 'runner' on 2022-08-23T07:03Z
STARTUP_MSG:   java = 11.0.14.1
************************************************************/
2022-08-23 07:28:52 INFO  HddsDatanodeService:90 - registered UNIX signal handlers for [TERM, HUP, INT]
2022-08-23 07:28:52 INFO  MetricRegistries:64 - Loaded MetricRegistries class org.apache.ratis.metrics.impl.MetricRegistriesImpl
2022-08-23 07:28:53 INFO  MetricsConfig:120 - Loaded properties from hadoop-metrics2.properties
2022-08-23 07:28:54 INFO  MetricsSystemImpl:378 - Scheduled Metric snapshot period at 10 second(s).
2022-08-23 07:28:54 INFO  MetricsSystemImpl:191 - HddsDatanode metrics system started
2022-08-23 07:28:54 INFO  HddsDatanodeService:236 - HddsDatanodeService host:datanode-1.datanode.default.svc.cluster.local ip:10.42.0.13
2022-08-23 07:28:56 INFO  AbstractLayoutVersionManager:83 - Initializing Layout version manager with metadata layout = DATANODE_SCHEMA_V3 (version = 4), software layout = DATANODE_SCHEMA_V3 (version = 4)
2022-08-23 07:28:56 INFO  Reflections:232 - Reflections took 447 ms to scan 2 urls, producing 90 keys and 199 values 
2022-08-23 07:28:56 INFO  DatanodeStateMachine:237 - Datanode State Machine Task Thread Pool size 2
2022-08-23 07:28:57 INFO  SaveSpaceUsageToFile:94 - Cached usage info file /data/storage/scmUsed not found
2022-08-23 07:28:57 INFO  HddsVolume:117 - Creating HddsVolume: /data/storage/hdds of storage type : DISK capacity : 89297309696
2022-08-23 07:28:57 INFO  MutableVolumeSet:174 - Added Volume : /data/storage/hdds to VolumeSet
2022-08-23 07:28:57 INFO  ThrottledAsyncChecker:141 - Scheduling a check for /data/storage/hdds
2022-08-23 07:28:57 INFO  StorageVolumeChecker:202 - Scheduled health check for volume /data/storage/hdds
2022-08-23 07:28:57 WARN  ServerUtils:237 - Storage directory for Ratis is not configured. It is a good idea to map this to an SSD disk. Falling back to ozone.metadata.dirs
2022-08-23 07:28:57 INFO  SaveSpaceUsageToFile:94 - Cached usage info file /data/metadata/ratis/scmUsed not found
2022-08-23 07:28:57 INFO  MutableVolumeSet:174 - Added Volume : /data/metadata/ratis to VolumeSet
2022-08-23 07:28:57 INFO  ThrottledAsyncChecker:141 - Scheduling a check for /data/metadata/ratis
2022-08-23 07:28:57 INFO  StorageVolumeChecker:202 - Scheduled health check for volume /data/metadata/ratis
2022-08-23 07:28:57 INFO  ContainerReader:175 - Finish verifying containers on volume /data/storage/hdds
2022-08-23 07:28:57 INFO  OzoneContainer:299 - Build ContainerSet costs 0s
2022-08-23 07:29:02 INFO  AuditLogger:126 - Refresh DebugCmdSet for DNAudit to [].
2022-08-23 07:29:02 WARN  ServerUtils:237 - Storage directory for Ratis is not configured. It is a good idea to map this to an SSD disk. Falling back to ozone.metadata.dirs
2022-08-23 07:29:02 INFO  RaftServer:46 - raft.rpc.type = GRPC (default)
2022-08-23 07:29:02 INFO  GrpcConfigKeys:46 - raft.grpc.admin.port = 9857 (custom)
2022-08-23 07:29:02 INFO  GrpcConfigKeys:46 - raft.grpc.client.port = 9858 (custom)
2022-08-23 07:29:02 INFO  GrpcConfigKeys:46 - raft.grpc.server.port = 9856 (custom)
2022-08-23 07:29:02 INFO  GrpcService:46 - raft.grpc.message.size.max = 32MB (=33554432) (custom)
2022-08-23 07:29:02 INFO  RaftServerConfigKeys:46 - raft.server.log.appender.buffer.byte-limit = 33554432 (custom)
2022-08-23 07:29:02 INFO  GrpcService:46 - raft.grpc.flow.control.window = 5MB (=5242880) (custom)
2022-08-23 07:29:02 INFO  RaftServerConfigKeys:46 - raft.server.rpc.request.timeout = 60s (custom)
2022-08-23 07:29:02 INFO  GrpcConfigKeys:46 - raft.grpc.server.async.request.thread.pool.cached = true (default)
2022-08-23 07:29:02 INFO  GrpcConfigKeys:46 - raft.grpc.server.async.request.thread.pool.size = 32 (default)
2022-08-23 07:29:04 INFO  DataStreamServerImpl:46 - raft.datastream.type = DISABLED (default)
2022-08-23 07:29:04 INFO  RaftServerConfigKeys:46 - raft.server.threadpool.proxy.cached = true (default)
2022-08-23 07:29:04 INFO  RaftServerConfigKeys:46 - raft.server.threadpool.proxy.size = 0 (default)
2022-08-23 07:29:04 INFO  RaftServerConfigKeys:46 - raft.server.rpc.slowness.timeout = 300s (custom)
2022-08-23 07:29:04 INFO  RaftServerConfigKeys:46 - raft.server.leaderelection.leader.step-down.wait-time = 10s (default)
2022-08-23 07:29:04 INFO  RaftServerConfigKeys:46 - raft.server.storage.dir = [/data/metadata/ratis] (custom)
2022-08-23 07:29:04 INFO  XceiverServerGrpc:132 - GrpcServer channel type EpollServerSocketChannel
2022-08-23 07:29:04 WARN  NativeCodeLoader:60 - Unable to load native-hadoop library for your platform... using builtin-java classes where applicable
2022-08-23 07:29:04 INFO  BaseHttpServer:209 - Starting Web-server for hddsDatanode at: http://0.0.0.0:9882
2022-08-23 07:29:04 INFO  BaseHttpServer:107 - Hadoop Security Enabled: false Ozone Security Enabled: false Ozone HTTP Security Enabled: false 
2022-08-23 07:29:05 INFO  log:170 - Logging initialized @17179ms to org.eclipse.jetty.util.log.Slf4jLog
2022-08-23 07:29:05 INFO  AuthenticationFilter:240 - Unable to initialize FileSignerSecretProvider, falling back to use random secrets.
2022-08-23 07:29:05 INFO  HttpRequestLog:86 - Http request log for http.requests.hddsDatanode is not defined
2022-08-23 07:29:05 INFO  HttpServer2:1029 - Added global filter 'safety' (class=org.apache.hadoop.hdds.server.http.HttpServer2$QuotingInputFilter)
2022-08-23 07:29:05 INFO  HttpServer2:1005 - Added filter static_user_filter (class=org.apache.hadoop.http.lib.StaticUserWebFilter$StaticUserFilter) to context hddsDatanode
2022-08-23 07:29:05 INFO  HttpServer2:1013 - Added filter static_user_filter (class=org.apache.hadoop.http.lib.StaticUserWebFilter$StaticUserFilter) to context logs
2022-08-23 07:29:05 INFO  HttpServer2:1013 - Added filter static_user_filter (class=org.apache.hadoop.http.lib.StaticUserWebFilter$StaticUserFilter) to context static
2022-08-23 07:29:05 INFO  HttpServer2:1248 - Jetty bound to port 9882
2022-08-23 07:29:05 INFO  Server:375 - jetty-9.4.43.v20210629; built: 2021-06-30T11:07:22.254Z; git: 526006ecfa3af7f1a27ef3a288e2bef7ea9dd7e8; jvm 11.0.14.1+1-LTS
2022-08-23 07:29:05 INFO  session:334 - DefaultSessionIdManager workerName=node0
2022-08-23 07:29:05 INFO  session:339 - No SessionScavenger set, using defaults
2022-08-23 07:29:05 INFO  session:132 - node0 Scavenging every 600000ms
2022-08-23 07:29:05 INFO  ContextHandler:915 - Started o.e.j.s.ServletContextHandler@1416ff46{logs,/logs,file:///var/log/hadoop/,AVAILABLE}
2022-08-23 07:29:05 INFO  ContextHandler:915 - Started o.e.j.s.ServletContextHandler@5ac53c06{static,/static,jar:file:/opt/hadoop/share/ozone/lib/hdds-container-service-1.3.0-SNAPSHOT.jar!/webapps/static,AVAILABLE}
2022-08-23 07:29:05 INFO  ContextHandler:915 - Started o.e.j.w.WebAppContext@525647f3{hddsDatanode,/,file:///tmp/jetty-0_0_0_0-9882-hdds-container-service-1_3_0-SNAPSHOT_jar-_-any-9104490694905088172/webapp/,AVAILABLE}{jar:file:/opt/hadoop/share/ozone/lib/hdds-container-service-1.3.0-SNAPSHOT.jar!/webapps/hddsDatanode}
2022-08-23 07:29:05 INFO  AbstractConnector:331 - Started ServerConnector@1df5c7e3{HTTP/1.1, (http/1.1)}{0.0.0.0:9882}
2022-08-23 07:29:05 INFO  Server:415 - Started @18086ms
2022-08-23 07:29:05 INFO  MetricsSinkAdapter:204 - Sink prometheus started
2022-08-23 07:29:05 INFO  MetricsSystemImpl:305 - Registered sink prometheus
2022-08-23 07:29:05 INFO  BaseHttpServer:329 - HTTP server of hddsDatanode listening at http://0.0.0.0:9882
2022-08-23 07:29:05 INFO  DatanodeStateMachine:492 - Ozone container server started.
2022-08-23 07:29:06 INFO  JvmPauseMonitor:188 - Starting JVM pause monitor
2022-08-23 07:29:06 INFO  InitDatanodeState:138 - DatanodeDetails is persisted to /data/datanode.id
2022-08-23 07:29:09 INFO  Client:977 - Retrying connect to server: scm-0.scm/10.42.0.12:9861. Already tried 0 time(s); retry policy is RetryUpToMaximumCountWithFixedSleep(maxRetries=15, sleepTime=1000 MILLISECONDS)
2022-08-23 07:29:10 INFO  Client:977 - Retrying connect to server: scm-0.scm/10.42.0.12:9861. Already tried 1 time(s); retry policy is RetryUpToMaximumCountWithFixedSleep(maxRetries=15, sleepTime=1000 MILLISECONDS)
2022-08-23 07:29:11 INFO  Client:977 - Retrying connect to server: scm-0.scm/10.42.0.12:9861. Already tried 2 time(s); retry policy is RetryUpToMaximumCountWithFixedSleep(maxRetries=15, sleepTime=1000 MILLISECONDS)
2022-08-23 07:29:12 INFO  Client:977 - Retrying connect to server: scm-0.scm/10.42.0.12:9861. Already tried 3 time(s); retry policy is RetryUpToMaximumCountWithFixedSleep(maxRetries=15, sleepTime=1000 MILLISECONDS)
2022-08-23 07:29:16 ERROR RunningDatanodeState:207 - Error in executing end point task.
java.util.concurrent.ExecutionException: java.util.concurrent.TimeoutException
	at java.base/java.util.concurrent.FutureTask.report(FutureTask.java:122)
	at java.base/java.util.concurrent.FutureTask.get(FutureTask.java:191)
	at org.apache.hadoop.ozone.container.common.states.datanode.RunningDatanodeState.computeNextContainerState(RunningDatanodeState.java:199)
	at org.apache.hadoop.ozone.container.common.states.datanode.RunningDatanodeState.await(RunningDatanodeState.java:239)
	at org.apache.hadoop.ozone.container.common.states.datanode.RunningDatanodeState.await(RunningDatanodeState.java:50)
	at org.apache.hadoop.ozone.container.common.statemachine.StateContext.execute(StateContext.java:660)
	at org.apache.hadoop.ozone.container.common.statemachine.DatanodeStateMachine.startStateMachineThread(DatanodeStateMachine.java:298)
	at org.apache.hadoop.ozone.container.common.statemachine.DatanodeStateMachine.lambda$startDaemon$0(DatanodeStateMachine.java:493)
	at java.base/java.lang.Thread.run(Thread.java:829)
Caused by: java.util.concurrent.TimeoutException
	at java.base/java.util.concurrent.FutureTask.get(FutureTask.java:204)
	at org.apache.hadoop.ozone.container.common.states.datanode.RunningDatanodeState.lambda$execute$0(RunningDatanodeState.java:157)
	at java.base/java.util.concurrent.FutureTask.run(FutureTask.java:264)
	at java.base/java.util.concurrent.Executors$RunnableAdapter.call(Executors.java:515)
	at java.base/java.util.concurrent.FutureTask.run(FutureTask.java:264)
	at java.base/java.util.concurrent.ThreadPoolExecutor.runWorker(ThreadPoolExecutor.java:1128)
	at java.base/java.util.concurrent.ThreadPoolExecutor$Worker.run(ThreadPoolExecutor.java:628)
	... 1 more
2022-08-23 07:29:17 INFO  HddsVolume:310 - SchemaV3 db is created and loaded at /data/storage/hdds/CID-b189b69e-9608-48d2-8529-ca0c68e98eec/DS-abd5ab44-7fb2-42a6-816f-b6f3a59c6f2b/container.db for volume DS-abd5ab44-7fb2-42a6-816f-b6f3a59c6f2b
2022-08-23 07:29:17 INFO  HddsVolume:341 - SchemaV3 db is stopped at /data/storage/hdds/CID-b189b69e-9608-48d2-8529-ca0c68e98eec/DS-abd5ab44-7fb2-42a6-816f-b6f3a59c6f2b/container.db for volume DS-abd5ab44-7fb2-42a6-816f-b6f3a59c6f2b
2022-08-23 07:29:17 INFO  OzoneContainer:377 - Attempting to start container services.
2022-08-23 07:29:17 INFO  OzoneContainer:312 - Background container scanner has been disabled.
2022-08-23 07:29:17 INFO  XceiverServerRatis:481 - Starting XceiverServerRatis bd3f45ae-11a6-4bb6-9fd4-acfa3a0f0713
2022-08-23 07:29:17 INFO  RaftServer:382 - bd3f45ae-11a6-4bb6-9fd4-acfa3a0f0713: start RPC server
2022-08-23 07:29:17 INFO  GrpcService:260 - bd3f45ae-11a6-4bb6-9fd4-acfa3a0f0713: GrpcService started, listening on 9856
2022-08-23 07:29:17 INFO  GrpcService:260 - bd3f45ae-11a6-4bb6-9fd4-acfa3a0f0713: GrpcService started, listening on 9857
2022-08-23 07:29:17 INFO  GrpcService:260 - bd3f45ae-11a6-4bb6-9fd4-acfa3a0f0713: GrpcService started, listening on 9858
2022-08-23 07:29:17 INFO  XceiverServerRatis:502 - XceiverServerRatis bd3f45ae-11a6-4bb6-9fd4-acfa3a0f0713 is started using port 9858 for RATIS
2022-08-23 07:29:17 INFO  XceiverServerRatis:502 - XceiverServerRatis bd3f45ae-11a6-4bb6-9fd4-acfa3a0f0713 is started using port 9857 for RATIS_ADMIN
2022-08-23 07:29:17 INFO  XceiverServerRatis:502 - XceiverServerRatis bd3f45ae-11a6-4bb6-9fd4-acfa3a0f0713 is started using port 9856 for RATIS_SERVER
2022-08-23 07:29:17 INFO  JvmPauseMonitor:103 - JvmPauseMonitor-bd3f45ae-11a6-4bb6-9fd4-acfa3a0f0713: Started
2022-08-23 07:29:21 INFO  RaftServer:96 - bd3f45ae-11a6-4bb6-9fd4-acfa3a0f0713: addNew group-5325FA9583CD:[bd3f45ae-11a6-4bb6-9fd4-acfa3a0f0713|rpc:datanode-1.datanode.default.svc.cluster.local:9856|admin:datanode-1.datanode.default.svc.cluster.local:9857|client:datanode-1.datanode.default.svc.cluster.local:9858|priority:1] returns group-5325FA9583CD:java.util.concurrent.CompletableFuture@24e71c25[Not completed]
2022-08-23 07:29:21 INFO  RaftServer$Division:190 - bd3f45ae-11a6-4bb6-9fd4-acfa3a0f0713: new RaftServerImpl for group-5325FA9583CD:[bd3f45ae-11a6-4bb6-9fd4-acfa3a0f0713|rpc:datanode-1.datanode.default.svc.cluster.local:9856|admin:datanode-1.datanode.default.svc.cluster.local:9857|client:datanode-1.datanode.default.svc.cluster.local:9858|priority:1] with ContainerStateMachine:uninitialized
2022-08-23 07:29:21 INFO  RaftServerConfigKeys:46 - raft.server.rpc.timeout.min = 5s (custom)
2022-08-23 07:29:21 INFO  RaftServerConfigKeys:46 - raft.server.rpc.timeout.max = 5200ms (custom)
2022-08-23 07:29:21 INFO  RaftServerConfigKeys:46 - raft.server.rpc.sleep.time = 25ms (default)
2022-08-23 07:29:21 INFO  RaftServerConfigKeys:46 - raft.server.rpc.slowness.timeout = 300s (custom)
2022-08-23 07:29:21 INFO  RaftServerConfigKeys:46 - raft.server.leaderelection.leader.step-down.wait-time = 10s (default)
2022-08-23 07:29:21 INFO  RaftServerConfigKeys:46 - raft.server.sleep.deviation.threshold = 300ms (default)
2022-08-23 07:29:21 INFO  RaftServer$Division:107 - bd3f45ae-11a6-4bb6-9fd4-acfa3a0f0713@group-5325FA9583CD: ConfigurationManager, init=-1: [bd3f45ae-11a6-4bb6-9fd4-acfa3a0f0713|rpc:datanode-1.datanode.default.svc.cluster.local:9856|admin:datanode-1.datanode.default.svc.cluster.local:9857|client:datanode-1.datanode.default.svc.cluster.local:9858|priority:1], old=null, confs=<EMPTY_MAP>
2022-08-23 07:29:21 INFO  RaftServerConfigKeys:46 - raft.server.storage.dir = [/data/metadata/ratis] (custom)
2022-08-23 07:29:21 INFO  RaftServerConfigKeys:46 - raft.server.log.corruption.policy = EXCEPTION (default)
2022-08-23 07:29:21 INFO  RaftServerConfigKeys:46 - raft.server.storage.free-space.min = 0MB (=0) (default)
2022-08-23 07:29:21 INFO  RaftStorageDirectory:135 - The storage directory /data/metadata/ratis/a2f120d4-d47e-4019-932f-5325fa9583cd does not exist. Creating ...
2022-08-23 07:29:21 INFO  RaftStorageDirectory:230 - Lock on /data/metadata/ratis/a2f120d4-d47e-4019-932f-5325fa9583cd/in_use.lock acquired by nodename 6@datanode-1
2022-08-23 07:29:21 INFO  RaftStorage:89 - Storage directory /data/metadata/ratis/a2f120d4-d47e-4019-932f-5325fa9583cd has been successfully formatted.
2022-08-23 07:29:21 INFO  ContainerStateMachine:236 - group-5325FA9583CD: The snapshot info is null. Setting the last applied indexto:(t:0, i:~)
2022-08-23 07:29:21 INFO  RaftServerConfigKeys:46 - raft.server.notification.no-leader.timeout = 300s (custom)
2022-08-23 07:29:21 INFO  RaftServerConfigKeys:46 - raft.server.log.use.memory = false (default)
2022-08-23 07:29:21 INFO  RaftServerConfigKeys:46 - raft.server.log.purge.gap = 1000000 (custom)
2022-08-23 07:29:21 INFO  RaftServerConfigKeys:46 - raft.server.log.appender.buffer.byte-limit = 33554432 (custom)
2022-08-23 07:29:21 INFO  RaftServerConfigKeys:46 - raft.server.log.statemachine.data.read.timeout = 1000ms (default)
2022-08-23 07:29:21 INFO  RaftServerConfigKeys:46 - raft.server.log.segment.size.max = 1048576 (custom)
2022-08-23 07:29:21 INFO  RaftServerConfigKeys:46 - raft.server.log.segment.cache.num.max = 2 (custom)
2022-08-23 07:29:21 INFO  RaftServerConfigKeys:46 - raft.server.log.segment.cache.size.max = 200MB (=209715200) (default)
2022-08-23 07:29:21 INFO  SegmentedRaftLogWorker:187 - new bd3f45ae-11a6-4bb6-9fd4-acfa3a0f0713@group-5325FA9583CD-SegmentedRaftLogWorker for RaftStorageImpl:Storage Directory /data/metadata/ratis/a2f120d4-d47e-4019-932f-5325fa9583cd
2022-08-23 07:29:21 INFO  RaftServerConfigKeys:46 - raft.server.log.queue.byte-limit = 4294967296 (custom)
2022-08-23 07:29:21 INFO  RaftServerConfigKeys:46 - raft.server.log.queue.element-limit = 1024 (custom)
2022-08-23 07:29:21 INFO  RaftServerConfigKeys:46 - raft.server.log.segment.size.max = 1048576 (custom)
2022-08-23 07:29:21 INFO  RaftServerConfigKeys:46 - raft.server.log.preallocated.size = 16384 (custom)
2022-08-23 07:29:21 INFO  RaftServerConfigKeys:46 - raft.server.log.force.sync.num = 128 (default)
2022-08-23 07:29:21 INFO  RaftServerConfigKeys:46 - raft.server.log.statemachine.data.sync = true (default)
2022-08-23 07:29:21 INFO  RaftServerConfigKeys:46 - raft.server.log.statemachine.data.sync.timeout = 10s (default)
2022-08-23 07:29:21 INFO  RaftServerConfigKeys:46 - raft.server.log.statemachine.data.sync.timeout.retry = -1 (default)
2022-08-23 07:29:21 INFO  RaftServerConfigKeys:46 - raft.server.log.write.buffer.size = 1048576 (custom)
2022-08-23 07:29:21 INFO  RaftServerConfigKeys:46 - raft.server.log.unsafe-flush.enabled = false (default)
2022-08-23 07:29:21 INFO  RaftServerConfigKeys:46 - raft.server.log.statemachine.data.caching.enabled = true (custom)
2022-08-23 07:29:21 INFO  SegmentedRaftLogWorker:135 - bd3f45ae-11a6-4bb6-9fd4-acfa3a0f0713@group-5325FA9583CD-SegmentedRaftLogWorker: flushIndex: setUnconditionally 0 -> -1
2022-08-23 07:29:21 INFO  SegmentedRaftLogWorker:135 - bd3f45ae-11a6-4bb6-9fd4-acfa3a0f0713@group-5325FA9583CD-SegmentedRaftLogWorker: safeCacheEvictIndex: setUnconditionally 0 -> -1
2022-08-23 07:29:21 INFO  RaftServerConfigKeys:46 - raft.server.snapshot.auto.trigger.enabled = true (custom)
2022-08-23 07:29:21 INFO  RaftServerConfigKeys:46 - raft.server.snapshot.auto.trigger.threshold = 10000 (custom)
2022-08-23 07:29:21 INFO  RaftServerConfigKeys:46 - raft.server.snapshot.retention.file.num = 5 (custom)
2022-08-23 07:29:21 INFO  RaftServerConfigKeys:46 - raft.server.log.purge.upto.snapshot.index = false (default)
2022-08-23 07:29:21 INFO  RaftServerConfigKeys:46 - raft.server.retrycache.expirytime = 600000ms (custom)
2022-08-23 07:29:21 INFO  RaftServerConfigKeys:46 - raft.server.retrycache.statistics.expirytime = 100?s (default)
2022-08-23 07:29:21 INFO  RaftServerConfigKeys:46 - raft.server.log.appender.install.snapshot.enabled = false (custom)
2022-08-23 07:29:21 INFO  RaftServerConfigKeys:46 - raft.server.threadpool.server.cached = true (default)
2022-08-23 07:29:21 INFO  RaftServerConfigKeys:46 - raft.server.threadpool.server.size = 0 (default)
2022-08-23 07:29:21 INFO  RaftServerConfigKeys:46 - raft.server.threadpool.client.cached = true (default)
2022-08-23 07:29:21 INFO  RaftServerConfigKeys:46 - raft.server.threadpool.client.size = 0 (default)
2022-08-23 07:29:21 INFO  RaftServer$Division:310 - bd3f45ae-11a6-4bb6-9fd4-acfa3a0f0713@group-5325FA9583CD: start as a follower, conf=-1: [bd3f45ae-11a6-4bb6-9fd4-acfa3a0f0713|rpc:datanode-1.datanode.default.svc.cluster.local:9856|admin:datanode-1.datanode.default.svc.cluster.local:9857|client:datanode-1.datanode.default.svc.cluster.local:9858|priority:1], old=null
2022-08-23 07:29:21 INFO  RaftServer$Division:299 - bd3f45ae-11a6-4bb6-9fd4-acfa3a0f0713@group-5325FA9583CD: changes role from      null to FOLLOWER at term 0 for startAsFollower
2022-08-23 07:29:21 INFO  RoleInfo:139 - bd3f45ae-11a6-4bb6-9fd4-acfa3a0f0713: start bd3f45ae-11a6-4bb6-9fd4-acfa3a0f0713@group-5325FA9583CD-FollowerState
2022-08-23 07:29:21 INFO  JmxRegister:44 - Successfully registered JMX Bean with object name Ratis:service=RaftServer,group=group-5325FA9583CD,id=bd3f45ae-11a6-4bb6-9fd4-acfa3a0f0713
2022-08-23 07:29:21 INFO  XceiverServerRatis:765 - Created group PipelineID=a2f120d4-d47e-4019-932f-5325fa9583cd
2022-08-23 07:29:21 INFO  CreatePipelineCommandHandler:113 - Created Pipeline RATIS ONE PipelineID=a2f120d4-d47e-4019-932f-5325fa9583cd.
2022-08-23 07:29:21 INFO  RaftServer:96 - bd3f45ae-11a6-4bb6-9fd4-acfa3a0f0713: addNew group-D47656204B8F:[bd3f45ae-11a6-4bb6-9fd4-acfa3a0f0713|rpc:datanode-1.datanode.default.svc.cluster.local:9856|admin:datanode-1.datanode.default.svc.cluster.local:9857|client:datanode-1.datanode.default.svc.cluster.local:9858|priority:0, 73c15daa-9f74-4b0a-af93-c3b90c793fec|rpc:datanode-2.datanode.default.svc.cluster.local:9856|admin:datanode-2.datanode.default.svc.cluster.local:9857|client:datanode-2.datanode.default.svc.cluster.local:9858|priority:0, e44c83b3-28fd-4f0d-a98d-c9791afbd380|rpc:datanode-0.datanode.default.svc.cluster.local:9856|admin:datanode-0.datanode.default.svc.cluster.local:9857|client:datanode-0.datanode.default.svc.cluster.local:9858|priority:1] returns group-D47656204B8F:java.util.concurrent.CompletableFuture@587696de[Not completed]
2022-08-23 07:29:21 INFO  RaftServer$Division:190 - bd3f45ae-11a6-4bb6-9fd4-acfa3a0f0713: new RaftServerImpl for group-D47656204B8F:[bd3f45ae-11a6-4bb6-9fd4-acfa3a0f0713|rpc:datanode-1.datanode.default.svc.cluster.local:9856|admin:datanode-1.datanode.default.svc.cluster.local:9857|client:datanode-1.datanode.default.svc.cluster.local:9858|priority:0, 73c15daa-9f74-4b0a-af93-c3b90c793fec|rpc:datanode-2.datanode.default.svc.cluster.local:9856|admin:datanode-2.datanode.default.svc.cluster.local:9857|client:datanode-2.datanode.default.svc.cluster.local:9858|priority:0, e44c83b3-28fd-4f0d-a98d-c9791afbd380|rpc:datanode-0.datanode.default.svc.cluster.local:9856|admin:datanode-0.datanode.default.svc.cluster.local:9857|client:datanode-0.datanode.default.svc.cluster.local:9858|priority:1] with ContainerStateMachine:uninitialized
2022-08-23 07:29:21 INFO  RaftServerConfigKeys:46 - raft.server.rpc.timeout.min = 5s (custom)
2022-08-23 07:29:21 INFO  RaftServerConfigKeys:46 - raft.server.rpc.timeout.max = 5200ms (custom)
2022-08-23 07:29:21 INFO  RaftServerConfigKeys:46 - raft.server.rpc.sleep.time = 25ms (default)
2022-08-23 07:29:21 INFO  RaftServerConfigKeys:46 - raft.server.rpc.slowness.timeout = 300s (custom)
2022-08-23 07:29:21 INFO  RaftServerConfigKeys:46 - raft.server.leaderelection.leader.step-down.wait-time = 10s (default)
2022-08-23 07:29:21 INFO  RaftServerConfigKeys:46 - raft.server.sleep.deviation.threshold = 300ms (default)
2022-08-23 07:29:21 INFO  RaftServer$Division:107 - bd3f45ae-11a6-4bb6-9fd4-acfa3a0f0713@group-D47656204B8F: ConfigurationManager, init=-1: [bd3f45ae-11a6-4bb6-9fd4-acfa3a0f0713|rpc:datanode-1.datanode.default.svc.cluster.local:9856|admin:datanode-1.datanode.default.svc.cluster.local:9857|client:datanode-1.datanode.default.svc.cluster.local:9858|priority:0, 73c15daa-9f74-4b0a-af93-c3b90c793fec|rpc:datanode-2.datanode.default.svc.cluster.local:9856|admin:datanode-2.datanode.default.svc.cluster.local:9857|client:datanode-2.datanode.default.svc.cluster.local:9858|priority:0, e44c83b3-28fd-4f0d-a98d-c9791afbd380|rpc:datanode-0.datanode.default.svc.cluster.local:9856|admin:datanode-0.datanode.default.svc.cluster.local:9857|client:datanode-0.datanode.default.svc.cluster.local:9858|priority:1], old=null, confs=<EMPTY_MAP>
2022-08-23 07:29:21 INFO  RaftServerConfigKeys:46 - raft.server.storage.dir = [/data/metadata/ratis] (custom)
2022-08-23 07:29:21 INFO  RaftServerConfigKeys:46 - raft.server.log.corruption.policy = EXCEPTION (default)
2022-08-23 07:29:21 INFO  RaftServerConfigKeys:46 - raft.server.storage.free-space.min = 0MB (=0) (default)
2022-08-23 07:29:21 INFO  RaftStorageDirectory:135 - The storage directory /data/metadata/ratis/9430578a-82a8-4e8c-ac1d-d47656204b8f does not exist. Creating ...
2022-08-23 07:29:21 INFO  RaftStorageDirectory:230 - Lock on /data/metadata/ratis/9430578a-82a8-4e8c-ac1d-d47656204b8f/in_use.lock acquired by nodename 6@datanode-1
2022-08-23 07:29:21 INFO  RaftStorage:89 - Storage directory /data/metadata/ratis/9430578a-82a8-4e8c-ac1d-d47656204b8f has been successfully formatted.
2022-08-23 07:29:21 INFO  ContainerStateMachine:236 - group-D47656204B8F: The snapshot info is null. Setting the last applied indexto:(t:0, i:~)
2022-08-23 07:29:21 INFO  RaftServerConfigKeys:46 - raft.server.notification.no-leader.timeout = 300s (custom)
2022-08-23 07:29:21 INFO  RaftServerConfigKeys:46 - raft.server.log.use.memory = false (default)
2022-08-23 07:29:21 INFO  RaftServerConfigKeys:46 - raft.server.log.purge.gap = 1000000 (custom)
2022-08-23 07:29:21 INFO  RaftServerConfigKeys:46 - raft.server.log.appender.buffer.byte-limit = 33554432 (custom)
2022-08-23 07:29:21 INFO  RaftServerConfigKeys:46 - raft.server.log.statemachine.data.read.timeout = 1000ms (default)
2022-08-23 07:29:21 INFO  RaftServerConfigKeys:46 - raft.server.log.segment.size.max = 1048576 (custom)
2022-08-23 07:29:21 INFO  RaftServerConfigKeys:46 - raft.server.log.segment.cache.num.max = 2 (custom)
2022-08-23 07:29:21 INFO  RaftServerConfigKeys:46 - raft.server.log.segment.cache.size.max = 200MB (=209715200) (default)
2022-08-23 07:29:21 INFO  SegmentedRaftLogWorker:187 - new bd3f45ae-11a6-4bb6-9fd4-acfa3a0f0713@group-D47656204B8F-SegmentedRaftLogWorker for RaftStorageImpl:Storage Directory /data/metadata/ratis/9430578a-82a8-4e8c-ac1d-d47656204b8f
2022-08-23 07:29:21 INFO  RaftServerConfigKeys:46 - raft.server.log.queue.byte-limit = 4294967296 (custom)
2022-08-23 07:29:21 INFO  RaftServerConfigKeys:46 - raft.server.log.queue.element-limit = 1024 (custom)
2022-08-23 07:29:21 INFO  RaftServerConfigKeys:46 - raft.server.log.segment.size.max = 1048576 (custom)
2022-08-23 07:29:21 INFO  RaftServerConfigKeys:46 - raft.server.log.preallocated.size = 16384 (custom)
2022-08-23 07:29:21 INFO  RaftServerConfigKeys:46 - raft.server.log.force.sync.num = 128 (default)
2022-08-23 07:29:21 INFO  RaftServerConfigKeys:46 - raft.server.log.statemachine.data.sync = true (default)
2022-08-23 07:29:21 INFO  RaftServerConfigKeys:46 - raft.server.log.statemachine.data.sync.timeout = 10s (default)
2022-08-23 07:29:21 INFO  RaftServerConfigKeys:46 - raft.server.log.statemachine.data.sync.timeout.retry = -1 (default)
2022-08-23 07:29:21 INFO  RaftServerConfigKeys:46 - raft.server.log.write.buffer.size = 1048576 (custom)
2022-08-23 07:29:21 INFO  RaftServerConfigKeys:46 - raft.server.log.unsafe-flush.enabled = false (default)
2022-08-23 07:29:21 INFO  RaftServerConfigKeys:46 - raft.server.log.statemachine.data.caching.enabled = true (custom)
2022-08-23 07:29:21 INFO  SegmentedRaftLogWorker:135 - bd3f45ae-11a6-4bb6-9fd4-acfa3a0f0713@group-D47656204B8F-SegmentedRaftLogWorker: flushIndex: setUnconditionally 0 -> -1
2022-08-23 07:29:21 INFO  SegmentedRaftLogWorker:135 - bd3f45ae-11a6-4bb6-9fd4-acfa3a0f0713@group-D47656204B8F-SegmentedRaftLogWorker: safeCacheEvictIndex: setUnconditionally 0 -> -1
2022-08-23 07:29:21 INFO  RaftServerConfigKeys:46 - raft.server.snapshot.auto.trigger.enabled = true (custom)
2022-08-23 07:29:21 INFO  RaftServerConfigKeys:46 - raft.server.snapshot.auto.trigger.threshold = 10000 (custom)
2022-08-23 07:29:21 INFO  RaftServerConfigKeys:46 - raft.server.snapshot.retention.file.num = 5 (custom)
2022-08-23 07:29:21 INFO  RaftServerConfigKeys:46 - raft.server.log.purge.upto.snapshot.index = false (default)
2022-08-23 07:29:21 INFO  RaftServerConfigKeys:46 - raft.server.retrycache.expirytime = 600000ms (custom)
2022-08-23 07:29:21 INFO  RaftServerConfigKeys:46 - raft.server.retrycache.statistics.expirytime = 100?s (default)
2022-08-23 07:29:21 INFO  RaftServerConfigKeys:46 - raft.server.log.appender.install.snapshot.enabled = false (custom)
2022-08-23 07:29:21 INFO  RaftServerConfigKeys:46 - raft.server.threadpool.server.cached = true (default)
2022-08-23 07:29:21 INFO  RaftServerConfigKeys:46 - raft.server.threadpool.server.size = 0 (default)
2022-08-23 07:29:21 INFO  RaftServerConfigKeys:46 - raft.server.threadpool.client.cached = true (default)
2022-08-23 07:29:21 INFO  RaftServerConfigKeys:46 - raft.server.threadpool.client.size = 0 (default)
2022-08-23 07:29:21 INFO  RaftServer$Division:310 - bd3f45ae-11a6-4bb6-9fd4-acfa3a0f0713@group-D47656204B8F: start as a follower, conf=-1: [bd3f45ae-11a6-4bb6-9fd4-acfa3a0f0713|rpc:datanode-1.datanode.default.svc.cluster.local:9856|admin:datanode-1.datanode.default.svc.cluster.local:9857|client:datanode-1.datanode.default.svc.cluster.local:9858|priority:0, 73c15daa-9f74-4b0a-af93-c3b90c793fec|rpc:datanode-2.datanode.default.svc.cluster.local:9856|admin:datanode-2.datanode.default.svc.cluster.local:9857|client:datanode-2.datanode.default.svc.cluster.local:9858|priority:0, e44c83b3-28fd-4f0d-a98d-c9791afbd380|rpc:datanode-0.datanode.default.svc.cluster.local:9856|admin:datanode-0.datanode.default.svc.cluster.local:9857|client:datanode-0.datanode.default.svc.cluster.local:9858|priority:1], old=null
2022-08-23 07:29:21 INFO  RaftServer$Division:299 - bd3f45ae-11a6-4bb6-9fd4-acfa3a0f0713@group-D47656204B8F: changes role from      null to FOLLOWER at term 0 for startAsFollower
2022-08-23 07:29:21 INFO  RoleInfo:139 - bd3f45ae-11a6-4bb6-9fd4-acfa3a0f0713: start bd3f45ae-11a6-4bb6-9fd4-acfa3a0f0713@group-D47656204B8F-FollowerState
2022-08-23 07:29:21 INFO  JmxRegister:44 - Successfully registered JMX Bean with object name Ratis:service=RaftServer,group=group-D47656204B8F,id=bd3f45ae-11a6-4bb6-9fd4-acfa3a0f0713
2022-08-23 07:29:21 INFO  XceiverServerRatis:765 - Created group PipelineID=9430578a-82a8-4e8c-ac1d-d47656204b8f
2022-08-23 07:29:24 INFO  CreatePipelineCommandHandler:113 - Created Pipeline RATIS THREE PipelineID=9430578a-82a8-4e8c-ac1d-d47656204b8f.
2022-08-23 07:29:26 INFO  FollowerState:143 - bd3f45ae-11a6-4bb6-9fd4-acfa3a0f0713@group-5325FA9583CD-FollowerState: change to CANDIDATE, lastRpcElapsedTime:5151317538ns, electionTimeout:5145ms
2022-08-23 07:29:26 INFO  RoleInfo:110 - bd3f45ae-11a6-4bb6-9fd4-acfa3a0f0713: shutdown bd3f45ae-11a6-4bb6-9fd4-acfa3a0f0713@group-5325FA9583CD-FollowerState
2022-08-23 07:29:26 INFO  RaftServer$Division:299 - bd3f45ae-11a6-4bb6-9fd4-acfa3a0f0713@group-5325FA9583CD: changes role from  FOLLOWER to CANDIDATE at term 0 for changeToCandidate
2022-08-23 07:29:26 INFO  RaftServerConfigKeys:46 - raft.server.leaderelection.pre-vote = false (custom)
2022-08-23 07:29:26 INFO  RoleInfo:139 - bd3f45ae-11a6-4bb6-9fd4-acfa3a0f0713: start bd3f45ae-11a6-4bb6-9fd4-acfa3a0f0713@group-5325FA9583CD-LeaderElection1
2022-08-23 07:29:26 INFO  LeaderElection:310 - bd3f45ae-11a6-4bb6-9fd4-acfa3a0f0713@group-5325FA9583CD-LeaderElection1 ELECTION round 0: submit vote requests at term 1 for -1: [bd3f45ae-11a6-4bb6-9fd4-acfa3a0f0713|rpc:datanode-1.datanode.default.svc.cluster.local:9856|admin:datanode-1.datanode.default.svc.cluster.local:9857|client:datanode-1.datanode.default.svc.cluster.local:9858|priority:1], old=null
2022-08-23 07:29:26 INFO  LeaderElection:312 - bd3f45ae-11a6-4bb6-9fd4-acfa3a0f0713@group-5325FA9583CD-LeaderElection1 ELECTION round 0: result PASSED (term=1)
2022-08-23 07:29:26 INFO  RoleInfo:130 - bd3f45ae-11a6-4bb6-9fd4-acfa3a0f0713: shutdown bd3f45ae-11a6-4bb6-9fd4-acfa3a0f0713@group-5325FA9583CD-LeaderElection1
2022-08-23 07:29:26 INFO  RaftServer$Division:299 - bd3f45ae-11a6-4bb6-9fd4-acfa3a0f0713@group-5325FA9583CD: changes role from CANDIDATE to LEADER at term 1 for changeToLeader
2022-08-23 07:29:26 INFO  XceiverServerRatis:863 - Leader change notification received for group: group-5325FA9583CD with new leaderId: bd3f45ae-11a6-4bb6-9fd4-acfa3a0f0713
2022-08-23 07:29:26 INFO  RaftServer$Division:287 - bd3f45ae-11a6-4bb6-9fd4-acfa3a0f0713@group-5325FA9583CD: change Leader from null to bd3f45ae-11a6-4bb6-9fd4-acfa3a0f0713 at term 1 for becomeLeader, leader elected after 5320ms
2022-08-23 07:29:26 INFO  FollowerState:143 - bd3f45ae-11a6-4bb6-9fd4-acfa3a0f0713@group-D47656204B8F-FollowerState: change to CANDIDATE, lastRpcElapsedTime:5047804458ns, electionTimeout:5046ms
2022-08-23 07:29:26 INFO  RoleInfo:110 - bd3f45ae-11a6-4bb6-9fd4-acfa3a0f0713: shutdown bd3f45ae-11a6-4bb6-9fd4-acfa3a0f0713@group-D47656204B8F-FollowerState
2022-08-23 07:29:26 INFO  RaftServer$Division:299 - bd3f45ae-11a6-4bb6-9fd4-acfa3a0f0713@group-D47656204B8F: changes role from  FOLLOWER to CANDIDATE at term 0 for changeToCandidate
2022-08-23 07:29:26 INFO  RaftServerConfigKeys:46 - raft.server.leaderelection.pre-vote = false (custom)
2022-08-23 07:29:26 INFO  RoleInfo:139 - bd3f45ae-11a6-4bb6-9fd4-acfa3a0f0713: start bd3f45ae-11a6-4bb6-9fd4-acfa3a0f0713@group-D47656204B8F-LeaderElection2
2022-08-23 07:29:26 INFO  LeaderElection:310 - bd3f45ae-11a6-4bb6-9fd4-acfa3a0f0713@group-D47656204B8F-LeaderElection2 ELECTION round 0: submit vote requests at term 1 for -1: [bd3f45ae-11a6-4bb6-9fd4-acfa3a0f0713|rpc:datanode-1.datanode.default.svc.cluster.local:9856|admin:datanode-1.datanode.default.svc.cluster.local:9857|client:datanode-1.datanode.default.svc.cluster.local:9858|priority:0, 73c15daa-9f74-4b0a-af93-c3b90c793fec|rpc:datanode-2.datanode.default.svc.cluster.local:9856|admin:datanode-2.datanode.default.svc.cluster.local:9857|client:datanode-2.datanode.default.svc.cluster.local:9858|priority:0, e44c83b3-28fd-4f0d-a98d-c9791afbd380|rpc:datanode-0.datanode.default.svc.cluster.local:9856|admin:datanode-0.datanode.default.svc.cluster.local:9857|client:datanode-0.datanode.default.svc.cluster.local:9858|priority:1], old=null
2022-08-23 07:29:26 INFO  RaftServerConfigKeys:46 - raft.server.staging.catchup.gap = 1000 (default)
2022-08-23 07:29:26 INFO  RaftServerConfigKeys:46 - raft.server.write.element-limit = 1024 (custom)
2022-08-23 07:29:26 INFO  RaftServerConfigKeys:46 - raft.server.write.byte-limit = 1024 M (=1073741824) (custom)
2022-08-23 07:29:26 INFO  RaftServerConfigKeys:46 - raft.server.watch.timeout = 180s (custom)
2022-08-23 07:29:26 INFO  RaftServerConfigKeys:46 - raft.server.watch.timeout.denomination = 1s (default)
2022-08-23 07:29:26 INFO  RaftServerConfigKeys:46 - raft.server.watch.element-limit = 65536 (default)
2022-08-23 07:29:26 INFO  RaftServerConfigKeys:46 - raft.server.write.element-limit = 1024 (custom)
2022-08-23 07:29:26 INFO  RaftServerConfigKeys:46 - raft.server.write.follower.gap.ratio.max = -1.0 (default)
2022-08-23 07:29:26 INFO  RoleInfo:139 - bd3f45ae-11a6-4bb6-9fd4-acfa3a0f0713: start bd3f45ae-11a6-4bb6-9fd4-acfa3a0f0713@group-5325FA9583CD-LeaderStateImpl
2022-08-23 07:29:26 INFO  SegmentedRaftLogWorker:425 - bd3f45ae-11a6-4bb6-9fd4-acfa3a0f0713@group-5325FA9583CD-SegmentedRaftLogWorker: Starting segment from index:0
2022-08-23 07:29:26 INFO  LeaderElection:90 - bd3f45ae-11a6-4bb6-9fd4-acfa3a0f0713@group-D47656204B8F-LeaderElection2: ELECTION REJECTED received 1 response(s) and 0 exception(s):
2022-08-23 07:29:26 INFO  LeaderElection:94 -   Response 0: bd3f45ae-11a6-4bb6-9fd4-acfa3a0f0713<-e44c83b3-28fd-4f0d-a98d-c9791afbd380#0:FAIL-t1
2022-08-23 07:29:26 INFO  LeaderElection:312 - bd3f45ae-11a6-4bb6-9fd4-acfa3a0f0713@group-D47656204B8F-LeaderElection2 ELECTION round 0: result REJECTED
2022-08-23 07:29:26 INFO  RaftServer$Division:299 - bd3f45ae-11a6-4bb6-9fd4-acfa3a0f0713@group-D47656204B8F: changes role from CANDIDATE to FOLLOWER at term 1 for REJECTED
2022-08-23 07:29:26 INFO  RoleInfo:130 - bd3f45ae-11a6-4bb6-9fd4-acfa3a0f0713: shutdown bd3f45ae-11a6-4bb6-9fd4-acfa3a0f0713@group-D47656204B8F-LeaderElection2
2022-08-23 07:29:26 INFO  RoleInfo:139 - bd3f45ae-11a6-4bb6-9fd4-acfa3a0f0713: start bd3f45ae-11a6-4bb6-9fd4-acfa3a0f0713@group-D47656204B8F-FollowerState
2022-08-23 07:29:26 INFO  RaftServer$Division:393 - bd3f45ae-11a6-4bb6-9fd4-acfa3a0f0713@group-5325FA9583CD: set configuration 0: [bd3f45ae-11a6-4bb6-9fd4-acfa3a0f0713|rpc:datanode-1.datanode.default.svc.cluster.local:9856|admin:datanode-1.datanode.default.svc.cluster.local:9857|client:datanode-1.datanode.default.svc.cluster.local:9858|dataStream:|priority:1], old=null
2022-08-23 07:29:26 INFO  SegmentedRaftLogWorker:629 - bd3f45ae-11a6-4bb6-9fd4-acfa3a0f0713@group-5325FA9583CD-SegmentedRaftLogWorker: created new log segment /data/metadata/ratis/a2f120d4-d47e-4019-932f-5325fa9583cd/current/log_inprogress_0
2022-08-23 07:29:31 INFO  FollowerState:143 - bd3f45ae-11a6-4bb6-9fd4-acfa3a0f0713@group-D47656204B8F-FollowerState: change to CANDIDATE, lastRpcElapsedTime:5107956458ns, electionTimeout:5077ms
2022-08-23 07:29:31 INFO  RoleInfo:110 - bd3f45ae-11a6-4bb6-9fd4-acfa3a0f0713: shutdown bd3f45ae-11a6-4bb6-9fd4-acfa3a0f0713@group-D47656204B8F-FollowerState
2022-08-23 07:29:31 INFO  RaftServer$Division:299 - bd3f45ae-11a6-4bb6-9fd4-acfa3a0f0713@group-D47656204B8F: changes role from  FOLLOWER to CANDIDATE at term 1 for changeToCandidate
2022-08-23 07:29:31 INFO  RaftServerConfigKeys:46 - raft.server.leaderelection.pre-vote = false (custom)
2022-08-23 07:29:31 INFO  RoleInfo:139 - bd3f45ae-11a6-4bb6-9fd4-acfa3a0f0713: start bd3f45ae-11a6-4bb6-9fd4-acfa3a0f0713@group-D47656204B8F-LeaderElection3
2022-08-23 07:29:31 INFO  LeaderElection:310 - bd3f45ae-11a6-4bb6-9fd4-acfa3a0f0713@group-D47656204B8F-LeaderElection3 ELECTION round 0: submit vote requests at term 2 for -1: [bd3f45ae-11a6-4bb6-9fd4-acfa3a0f0713|rpc:datanode-1.datanode.default.svc.cluster.local:9856|admin:datanode-1.datanode.default.svc.cluster.local:9857|client:datanode-1.datanode.default.svc.cluster.local:9858|priority:0, 73c15daa-9f74-4b0a-af93-c3b90c793fec|rpc:datanode-2.datanode.default.svc.cluster.local:9856|admin:datanode-2.datanode.default.svc.cluster.local:9857|client:datanode-2.datanode.default.svc.cluster.local:9858|priority:0, e44c83b3-28fd-4f0d-a98d-c9791afbd380|rpc:datanode-0.datanode.default.svc.cluster.local:9856|admin:datanode-0.datanode.default.svc.cluster.local:9857|client:datanode-0.datanode.default.svc.cluster.local:9858|priority:1], old=null
2022-08-23 07:29:32 INFO  LeaderElection:90 - bd3f45ae-11a6-4bb6-9fd4-acfa3a0f0713@group-D47656204B8F-LeaderElection3: ELECTION REJECTED received 1 response(s) and 0 exception(s):
2022-08-23 07:29:32 INFO  LeaderElection:94 -   Response 0: bd3f45ae-11a6-4bb6-9fd4-acfa3a0f0713<-e44c83b3-28fd-4f0d-a98d-c9791afbd380#0:FAIL-t2
2022-08-23 07:29:32 INFO  LeaderElection:312 - bd3f45ae-11a6-4bb6-9fd4-acfa3a0f0713@group-D47656204B8F-LeaderElection3 ELECTION round 0: result REJECTED
2022-08-23 07:29:32 INFO  RaftServer$Division:299 - bd3f45ae-11a6-4bb6-9fd4-acfa3a0f0713@group-D47656204B8F: changes role from CANDIDATE to FOLLOWER at term 2 for REJECTED
2022-08-23 07:29:32 INFO  RoleInfo:130 - bd3f45ae-11a6-4bb6-9fd4-acfa3a0f0713: shutdown bd3f45ae-11a6-4bb6-9fd4-acfa3a0f0713@group-D47656204B8F-LeaderElection3
2022-08-23 07:29:32 INFO  RoleInfo:139 - bd3f45ae-11a6-4bb6-9fd4-acfa3a0f0713: start bd3f45ae-11a6-4bb6-9fd4-acfa3a0f0713@group-D47656204B8F-FollowerState
2022-08-23 07:29:32 INFO  RaftServer$Division:1152 - bd3f45ae-11a6-4bb6-9fd4-acfa3a0f0713@group-D47656204B8F: receive requestVote(ELECTION, e44c83b3-28fd-4f0d-a98d-c9791afbd380, group-D47656204B8F, 2, (t:0, i:0))
2022-08-23 07:29:32 INFO  VoteContext:48 - bd3f45ae-11a6-4bb6-9fd4-acfa3a0f0713@group-D47656204B8F-FOLLOWER: reject ELECTION from e44c83b3-28fd-4f0d-a98d-c9791afbd380: already has voted for bd3f45ae-11a6-4bb6-9fd4-acfa3a0f0713 at current term 2
2022-08-23 07:29:32 INFO  RaftServer$Division:1184 - bd3f45ae-11a6-4bb6-9fd4-acfa3a0f0713@group-D47656204B8F replies to ELECTION vote request: e44c83b3-28fd-4f0d-a98d-c9791afbd380<-bd3f45ae-11a6-4bb6-9fd4-acfa3a0f0713#0:FAIL-t2. Peer's state: bd3f45ae-11a6-4bb6-9fd4-acfa3a0f0713@group-D47656204B8F:t2, leader=null, voted=bd3f45ae-11a6-4bb6-9fd4-acfa3a0f0713, raftlog=bd3f45ae-11a6-4bb6-9fd4-acfa3a0f0713@group-D47656204B8F-SegmentedRaftLog:OPENED:c-1, conf=-1: [bd3f45ae-11a6-4bb6-9fd4-acfa3a0f0713|rpc:datanode-1.datanode.default.svc.cluster.local:9856|admin:datanode-1.datanode.default.svc.cluster.local:9857|client:datanode-1.datanode.default.svc.cluster.local:9858|priority:0, 73c15daa-9f74-4b0a-af93-c3b90c793fec|rpc:datanode-2.datanode.default.svc.cluster.local:9856|admin:datanode-2.datanode.default.svc.cluster.local:9857|client:datanode-2.datanode.default.svc.cluster.local:9858|priority:0, e44c83b3-28fd-4f0d-a98d-c9791afbd380|rpc:datanode-0.datanode.default.svc.cluster.local:9856|admin:datanode-0.datanode.default.svc.cluster.local:9857|client:datanode-0.datanode.default.svc.cluster.local:9858|priority:1], old=null
2022-08-23 07:29:37 INFO  FollowerState:143 - bd3f45ae-11a6-4bb6-9fd4-acfa3a0f0713@group-D47656204B8F-FollowerState: change to CANDIDATE, lastRpcElapsedTime:5052463963ns, electionTimeout:5052ms
2022-08-23 07:29:37 INFO  RoleInfo:110 - bd3f45ae-11a6-4bb6-9fd4-acfa3a0f0713: shutdown bd3f45ae-11a6-4bb6-9fd4-acfa3a0f0713@group-D47656204B8F-FollowerState
2022-08-23 07:29:37 INFO  RaftServer$Division:299 - bd3f45ae-11a6-4bb6-9fd4-acfa3a0f0713@group-D47656204B8F: changes role from  FOLLOWER to CANDIDATE at term 2 for changeToCandidate
2022-08-23 07:29:37 INFO  RaftServerConfigKeys:46 - raft.server.leaderelection.pre-vote = false (custom)
2022-08-23 07:29:37 INFO  RoleInfo:139 - bd3f45ae-11a6-4bb6-9fd4-acfa3a0f0713: start bd3f45ae-11a6-4bb6-9fd4-acfa3a0f0713@group-D47656204B8F-LeaderElection4
2022-08-23 07:29:37 INFO  LeaderElection:310 - bd3f45ae-11a6-4bb6-9fd4-acfa3a0f0713@group-D47656204B8F-LeaderElection4 ELECTION round 0: submit vote requests at term 3 for -1: [bd3f45ae-11a6-4bb6-9fd4-acfa3a0f0713|rpc:datanode-1.datanode.default.svc.cluster.local:9856|admin:datanode-1.datanode.default.svc.cluster.local:9857|client:datanode-1.datanode.default.svc.cluster.local:9858|priority:0, 73c15daa-9f74-4b0a-af93-c3b90c793fec|rpc:datanode-2.datanode.default.svc.cluster.local:9856|admin:datanode-2.datanode.default.svc.cluster.local:9857|client:datanode-2.datanode.default.svc.cluster.local:9858|priority:0, e44c83b3-28fd-4f0d-a98d-c9791afbd380|rpc:datanode-0.datanode.default.svc.cluster.local:9856|admin:datanode-0.datanode.default.svc.cluster.local:9857|client:datanode-0.datanode.default.svc.cluster.local:9858|priority:1], old=null
2022-08-23 07:29:37 INFO  LeaderElection:90 - bd3f45ae-11a6-4bb6-9fd4-acfa3a0f0713@group-D47656204B8F-LeaderElection4: ELECTION REJECTED received 2 response(s) and 0 exception(s):
2022-08-23 07:29:37 INFO  LeaderElection:94 -   Response 0: bd3f45ae-11a6-4bb6-9fd4-acfa3a0f0713<-73c15daa-9f74-4b0a-af93-c3b90c793fec#0:OK-t3
2022-08-23 07:29:37 INFO  LeaderElection:94 -   Response 1: bd3f45ae-11a6-4bb6-9fd4-acfa3a0f0713<-e44c83b3-28fd-4f0d-a98d-c9791afbd380#0:FAIL-t3
2022-08-23 07:29:37 INFO  LeaderElection:312 - bd3f45ae-11a6-4bb6-9fd4-acfa3a0f0713@group-D47656204B8F-LeaderElection4 ELECTION round 0: result REJECTED
2022-08-23 07:29:37 INFO  RaftServer$Division:299 - bd3f45ae-11a6-4bb6-9fd4-acfa3a0f0713@group-D47656204B8F: changes role from CANDIDATE to FOLLOWER at term 3 for REJECTED
2022-08-23 07:29:37 INFO  RoleInfo:130 - bd3f45ae-11a6-4bb6-9fd4-acfa3a0f0713: shutdown bd3f45ae-11a6-4bb6-9fd4-acfa3a0f0713@group-D47656204B8F-LeaderElection4
2022-08-23 07:29:37 INFO  RoleInfo:139 - bd3f45ae-11a6-4bb6-9fd4-acfa3a0f0713: start bd3f45ae-11a6-4bb6-9fd4-acfa3a0f0713@group-D47656204B8F-FollowerState
2022-08-23 07:29:42 INFO  RaftServer$Division:1152 - bd3f45ae-11a6-4bb6-9fd4-acfa3a0f0713@group-D47656204B8F: receive requestVote(ELECTION, e44c83b3-28fd-4f0d-a98d-c9791afbd380, group-D47656204B8F, 4, (t:0, i:0))
2022-08-23 07:29:42 INFO  VoteContext:48 - bd3f45ae-11a6-4bb6-9fd4-acfa3a0f0713@group-D47656204B8F-FOLLOWER: accept ELECTION from e44c83b3-28fd-4f0d-a98d-c9791afbd380: our priority 0 <= candidate's priority 1
2022-08-23 07:29:42 INFO  RaftServer$Division:299 - bd3f45ae-11a6-4bb6-9fd4-acfa3a0f0713@group-D47656204B8F: changes role from  FOLLOWER to FOLLOWER at term 4 for candidate:e44c83b3-28fd-4f0d-a98d-c9791afbd380
2022-08-23 07:29:42 INFO  RoleInfo:110 - bd3f45ae-11a6-4bb6-9fd4-acfa3a0f0713: shutdown bd3f45ae-11a6-4bb6-9fd4-acfa3a0f0713@group-D47656204B8F-FollowerState
2022-08-23 07:29:42 INFO  RoleInfo:139 - bd3f45ae-11a6-4bb6-9fd4-acfa3a0f0713: start bd3f45ae-11a6-4bb6-9fd4-acfa3a0f0713@group-D47656204B8F-FollowerState
2022-08-23 07:29:42 INFO  FollowerState:152 - bd3f45ae-11a6-4bb6-9fd4-acfa3a0f0713@group-D47656204B8F-FollowerState was interrupted
2022-08-23 07:29:42 INFO  RaftServer$Division:1184 - bd3f45ae-11a6-4bb6-9fd4-acfa3a0f0713@group-D47656204B8F replies to ELECTION vote request: e44c83b3-28fd-4f0d-a98d-c9791afbd380<-bd3f45ae-11a6-4bb6-9fd4-acfa3a0f0713#0:OK-t4. Peer's state: bd3f45ae-11a6-4bb6-9fd4-acfa3a0f0713@group-D47656204B8F:t4, leader=null, voted=e44c83b3-28fd-4f0d-a98d-c9791afbd380, raftlog=bd3f45ae-11a6-4bb6-9fd4-acfa3a0f0713@group-D47656204B8F-SegmentedRaftLog:OPENED:c-1, conf=-1: [bd3f45ae-11a6-4bb6-9fd4-acfa3a0f0713|rpc:datanode-1.datanode.default.svc.cluster.local:9856|admin:datanode-1.datanode.default.svc.cluster.local:9857|client:datanode-1.datanode.default.svc.cluster.local:9858|priority:0, 73c15daa-9f74-4b0a-af93-c3b90c793fec|rpc:datanode-2.datanode.default.svc.cluster.local:9856|admin:datanode-2.datanode.default.svc.cluster.local:9857|client:datanode-2.datanode.default.svc.cluster.local:9858|priority:0, e44c83b3-28fd-4f0d-a98d-c9791afbd380|rpc:datanode-0.datanode.default.svc.cluster.local:9856|admin:datanode-0.datanode.default.svc.cluster.local:9857|client:datanode-0.datanode.default.svc.cluster.local:9858|priority:1], old=null
2022-08-23 07:29:42 INFO  XceiverServerRatis:863 - Leader change notification received for group: group-D47656204B8F with new leaderId: e44c83b3-28fd-4f0d-a98d-c9791afbd380
2022-08-23 07:29:42 INFO  RaftServer$Division:287 - bd3f45ae-11a6-4bb6-9fd4-acfa3a0f0713@group-D47656204B8F: change Leader from null to e44c83b3-28fd-4f0d-a98d-c9791afbd380 at term 4 for appendEntries, leader elected after 20705ms
2022-08-23 07:29:42 INFO  RaftServer$Division:393 - bd3f45ae-11a6-4bb6-9fd4-acfa3a0f0713@group-D47656204B8F: set configuration 0: [bd3f45ae-11a6-4bb6-9fd4-acfa3a0f0713|rpc:datanode-1.datanode.default.svc.cluster.local:9856|admin:datanode-1.datanode.default.svc.cluster.local:9857|client:datanode-1.datanode.default.svc.cluster.local:9858|dataStream:|priority:0, 73c15daa-9f74-4b0a-af93-c3b90c793fec|rpc:datanode-2.datanode.default.svc.cluster.local:9856|admin:datanode-2.datanode.default.svc.cluster.local:9857|client:datanode-2.datanode.default.svc.cluster.local:9858|dataStream:|priority:0, e44c83b3-28fd-4f0d-a98d-c9791afbd380|rpc:datanode-0.datanode.default.svc.cluster.local:9856|admin:datanode-0.datanode.default.svc.cluster.local:9857|client:datanode-0.datanode.default.svc.cluster.local:9858|dataStream:|priority:1], old=null
2022-08-23 07:29:42 INFO  SegmentedRaftLogWorker:425 - bd3f45ae-11a6-4bb6-9fd4-acfa3a0f0713@group-D47656204B8F-SegmentedRaftLogWorker: Starting segment from index:0
2022-08-23 07:29:42 INFO  SegmentedRaftLogWorker:629 - bd3f45ae-11a6-4bb6-9fd4-acfa3a0f0713@group-D47656204B8F-SegmentedRaftLogWorker: created new log segment /data/metadata/ratis/9430578a-82a8-4e8c-ac1d-d47656204b8f/current/log_inprogress_0
