rm: cannot remove '/home/runner/work/ozone/ozone/hadoop-ozone/dist/target/ozone-1.3.0-SNAPSHOT/compose/result/*': No such file or directory
Executing test in ozone-csi
Removing network ozone-csi_default
Network ozone-csi_default not found.
Creating network "ozone-csi_default" with the default driver
Pulling datanode (apache/ozone-runner:20220228-1)...
20220228-1: Pulling from apache/ozone-runner
Digest: sha256:4e7fac095177756b946899f202c1c5971ebc31e76cb6153695df453a84583487
Status: Downloaded newer image for apache/ozone-runner:20220228-1
Creating ozone-csi_datanode_1 ... 
Creating ozone-csi_datanode_2 ... 
Creating ozone-csi_datanode_3 ... 
Creating ozone-csi_csi_1      ... 
Creating ozone-csi_scm_1      ... 
Creating ozone-csi_om_1       ... 
Creating ozone-csi_datanode_1 ... done
Creating ozone-csi_datanode_2 ... done
Creating ozone-csi_datanode_3 ... done
Creating ozone-csi_csi_1      ... done
Creating ozone-csi_scm_1      ... done
Creating ozone-csi_om_1       ... done
SECONDS: 83
com.google.protobuf.ServiceException: java.net.ConnectException: Call From c2e31b4ef89b/172.18.0.6 to scm:9860 failed on connection exception: java.net.ConnectException: Connection refused; For more details see: http://wiki.apache.org/hadoop/ConnectionRefused, while invoking $Proxy20.submitRequest over nodeId=scmNodeId,nodeAddress=scm/172.18.0.6:9860 after 1 failover attempts. Trying to failover after sleeping for 2000ms. com.google.protobuf.ServiceException: java.net.ConnectException: Call From c2e31b4ef89b/172.18.0.6 to scm:9860 failed on connection exception: java.net.ConnectException: Connection refused; For more details see: http://wiki.apache.org/hadoop/ConnectionRefused, while invoking $Proxy20.submitRequest over nodeId=scmNodeId,nodeAddress=scm/172.18.0.6:9860 after 2 failover attempts. Trying to failover after sleeping for 2000ms. SCM is in safe mode. validated:true, DataNodeSafeModeRule, registered datanodes (=1) >= required datanodes (=1) validated:true, HealthyPipelineSafeModeRule, healthy Ratis/THREE pipelines (=0) >= healthyPipelineThresholdCount (=0) validated:true, ContainerSafeModeRule, % of containers with at least one reported replica (=1.00) >= safeModeCutoff (=0.99) validated:true, AtleastOneDatanodeReportedRule, reported Ratis/THREE pipelines with at least one datanode (=0) >= threshold (=0)
SECONDS: 103
SCM is in safe mode. validated:true, DataNodeSafeModeRule, registered datanodes (=1) >= required datanodes (=1) validated:true, HealthyPipelineSafeModeRule, healthy Ratis/THREE pipelines (=0) >= healthyPipelineThresholdCount (=0) validated:true, ContainerSafeModeRule, % of containers with at least one reported replica (=1.00) >= safeModeCutoff (=0.99) validated:true, AtleastOneDatanodeReportedRule, reported Ratis/THREE pipelines with at least one datanode (=0) >= threshold (=0)
SECONDS: 129
SCM is out of safe mode.
Safe mode is off
No OM HA service, no need to wait
==============================================================================
Csi :: Smoketest Ozone CSI service                                            
==============================================================================
Check if CSI server is started                                        | PASS |
------------------------------------------------------------------------------
Test CSI identity service                                             | PASS |
------------------------------------------------------------------------------
Csi :: Smoketest Ozone CSI service                                    | PASS |
2 tests, 2 passed, 0 failed
==============================================================================
Output:  /tmp/smoketest/ozone-csi/result/robot-ozone-csi-ozone-csi-csi-csi.xml
Stopping ozone-csi_datanode_3 ... 
Stopping ozone-csi_om_1       ... 
Stopping ozone-csi_scm_1      ... 
Stopping ozone-csi_csi_1      ... 
Stopping ozone-csi_datanode_2 ... 
Stopping ozone-csi_datanode_1 ... 
Stopping ozone-csi_csi_1      ... done
Stopping ozone-csi_om_1       ... done
Stopping ozone-csi_scm_1      ... done
Stopping ozone-csi_datanode_1 ... done
Stopping ozone-csi_datanode_2 ... done
Stopping ozone-csi_datanode_3 ... done
Removing ozone-csi_datanode_3 ... 
Removing ozone-csi_om_1       ... 
Removing ozone-csi_scm_1      ... 
Removing ozone-csi_csi_1      ... 
Removing ozone-csi_datanode_2 ... 
Removing ozone-csi_datanode_1 ... 
Removing ozone-csi_datanode_3 ... done
Removing ozone-csi_csi_1      ... done
Removing ozone-csi_datanode_2 ... done
Removing ozone-csi_om_1       ... done
Removing ozone-csi_scm_1      ... done
Removing ozone-csi_datanode_1 ... done
Removing network ozone-csi_default
Log:     /home/runner/work/ozone/ozone/hadoop-ozone/dist/target/ozone-1.3.0-SNAPSHOT/compose/ozone-csi/result/log.html
Report:  /home/runner/work/ozone/ozone/hadoop-ozone/dist/target/ozone-1.3.0-SNAPSHOT/compose/ozone-csi/result/report.html
Output:  /home/runner/work/ozone/ozone/hadoop-ozone/dist/target/ozone-1.3.0-SNAPSHOT/compose/result/ozone-csi.xml
removed 'ozone-csi/result/robot-ozone-csi-ozone-csi-csi-csi.xml'
removed 'ozone-csi/result/log.html'
removed 'ozone-csi/result/report.html'
renamed 'ozone-csi/result/dn-audit-00acd5c7acb8.log' -> '/home/runner/work/ozone/ozone/hadoop-ozone/dist/target/ozone-1.3.0-SNAPSHOT/compose/result/ozone-csi/dn-audit-00acd5c7acb8.log'
renamed 'ozone-csi/result/dn-audit-45abac9e786f.log' -> '/home/runner/work/ozone/ozone/hadoop-ozone/dist/target/ozone-1.3.0-SNAPSHOT/compose/result/ozone-csi/dn-audit-45abac9e786f.log'
renamed 'ozone-csi/result/dn-audit-6199dc90d037.log' -> '/home/runner/work/ozone/ozone/hadoop-ozone/dist/target/ozone-1.3.0-SNAPSHOT/compose/result/ozone-csi/dn-audit-6199dc90d037.log'
renamed 'ozone-csi/result/docker-ozone-csi-ozone-csi-csi-csi.log' -> '/home/runner/work/ozone/ozone/hadoop-ozone/dist/target/ozone-1.3.0-SNAPSHOT/compose/result/ozone-csi/docker-ozone-csi-ozone-csi-csi-csi.log'
renamed 'ozone-csi/result/om-audit-49a501376d5e.log' -> '/home/runner/work/ozone/ozone/hadoop-ozone/dist/target/ozone-1.3.0-SNAPSHOT/compose/result/ozone-csi/om-audit-49a501376d5e.log'
renamed 'ozone-csi/result/scm-audit-c2e31b4ef89b.log' -> '/home/runner/work/ozone/ozone/hadoop-ozone/dist/target/ozone-1.3.0-SNAPSHOT/compose/result/ozone-csi/scm-audit-c2e31b4ef89b.log'
Executing test in ozone-om-prepare
chown: changing ownership of '/home/runner/work/ozone/ozone/hadoop-ozone/dist/target/ozone-1.3.0-SNAPSHOT/compose/ozone-om-prepare/data/dn3': Operation not permitted
chown: changing ownership of '/home/runner/work/ozone/ozone/hadoop-ozone/dist/target/ozone-1.3.0-SNAPSHOT/compose/ozone-om-prepare/data/om3': Operation not permitted
chown: changing ownership of '/home/runner/work/ozone/ozone/hadoop-ozone/dist/target/ozone-1.3.0-SNAPSHOT/compose/ozone-om-prepare/data/dn1': Operation not permitted
chown: changing ownership of '/home/runner/work/ozone/ozone/hadoop-ozone/dist/target/ozone-1.3.0-SNAPSHOT/compose/ozone-om-prepare/data/dn2': Operation not permitted
chown: changing ownership of '/home/runner/work/ozone/ozone/hadoop-ozone/dist/target/ozone-1.3.0-SNAPSHOT/compose/ozone-om-prepare/data/om1': Operation not permitted
chown: changing ownership of '/home/runner/work/ozone/ozone/hadoop-ozone/dist/target/ozone-1.3.0-SNAPSHOT/compose/ozone-om-prepare/data/om2': Operation not permitted
chown: changing ownership of '/home/runner/work/ozone/ozone/hadoop-ozone/dist/target/ozone-1.3.0-SNAPSHOT/compose/ozone-om-prepare/data/scm': Operation not permitted
chown: changing ownership of '/home/runner/work/ozone/ozone/hadoop-ozone/dist/target/ozone-1.3.0-SNAPSHOT/compose/ozone-om-prepare/data': Operation not permitted
Removing network ozone-om-prepare_net
Network ozone-om-prepare_net not found.
Creating network "ozone-om-prepare_net" with driver "bridge"
Creating ozone-om-prepare_om1_1 ... 
Creating ozone-om-prepare_om2_1 ... 
Creating ozone-om-prepare_scm_1 ... 
Creating ozone-om-prepare_dn2_1 ... 
Creating ozone-om-prepare_dn1_1 ... 
Creating ozone-om-prepare_om3_1 ... 
Creating ozone-om-prepare_dn3_1 ... 
Creating ozone-om-prepare_scm_1 ... done
Creating ozone-om-prepare_om1_1 ... done
Creating ozone-om-prepare_dn2_1 ... done
Creating ozone-om-prepare_dn3_1 ... done
Creating ozone-om-prepare_om3_1 ... done
Creating ozone-om-prepare_om2_1 ... done
Creating ozone-om-prepare_dn1_1 ... done
SECONDS: 74
com.google.protobuf.ServiceException: java.net.ConnectException: Call From fe611a6166d0/10.9.0.17 to scm:9860 failed on connection exception: java.net.ConnectException: Connection refused; For more details see: http://wiki.apache.org/hadoop/ConnectionRefused, while invoking $Proxy19.submitRequest over nodeId=scmNodeId,nodeAddress=scm/10.9.0.17:9860 after 1 failover attempts. Trying to failover after sleeping for 2000ms. SCM is in safe mode. validated:true, DataNodeSafeModeRule, registered datanodes (=3) >= required datanodes (=3) validated:false, HealthyPipelineSafeModeRule, healthy Ratis/THREE pipelines (=0) >= healthyPipelineThresholdCount (=1) validated:true, ContainerSafeModeRule, % of containers with at least one reported replica (=1.00) >= safeModeCutoff (=0.99) validated:true, AtleastOneDatanodeReportedRule, reported Ratis/THREE pipelines with at least one datanode (=0) >= threshold (=0)
SECONDS: 110
SCM is in safe mode. validated:true, DataNodeSafeModeRule, registered datanodes (=3) >= required datanodes (=3) validated:false, HealthyPipelineSafeModeRule, healthy Ratis/THREE pipelines (=0) >= healthyPipelineThresholdCount (=1) validated:true, ContainerSafeModeRule, % of containers with at least one reported replica (=1.00) >= safeModeCutoff (=0.99) validated:true, AtleastOneDatanodeReportedRule, reported Ratis/THREE pipelines with at least one datanode (=0) >= threshold (=0)
SECONDS: 150
SCM is out of safe mode.
Safe mode is off
Found OM leader for service omservice: om1 : LEADER (om1)
==============================================================================
Om-Prepare :: Smoke test to test preparing OMs in an OM HA cluster.           
==============================================================================
Prepare Ozone Manager                                                 | PASS |
------------------------------------------------------------------------------
Checks if the expected data is present in OM                          | PASS |
------------------------------------------------------------------------------
Test write operation fails                                            | PASS |
------------------------------------------------------------------------------
Om-Prepare :: Smoke test to test preparing OMs in an OM HA cluster.   | PASS |
3 tests, 3 passed, 0 failed
==============================================================================
Output:  /tmp/smoketest/ozone-om-prepare/result/robot-ozone-om-prepare-ozone-om-prepare-om-prepare-scm.xml
==============================================================================
Om-Cancel-Prepare :: Smoke test for ozone manager cancel prepare              
==============================================================================
Cancel Ozone Manager Prepare                                          | PASS |
------------------------------------------------------------------------------
Test write operations                                                 | PASS |
------------------------------------------------------------------------------
Om-Cancel-Prepare :: Smoke test for ozone manager cancel prepare      | PASS |
2 tests, 2 passed, 0 failed
==============================================================================
Output:  /tmp/smoketest/ozone-om-prepare/result/robot-ozone-om-prepare-ozone-om-prepare-om-prepare-scm-1.xml
==============================================================================
Om-Prepare :: Smoke test to test preparing OMs in an OM HA cluster.           
==============================================================================
Prepare Ozone Manager                                                 | PASS |
------------------------------------------------------------------------------
Checks if the expected data is present in OM                          | PASS |
------------------------------------------------------------------------------
Test write operation fails                                            | PASS |
------------------------------------------------------------------------------
Om-Prepare :: Smoke test to test preparing OMs in an OM HA cluster.   | PASS |
3 tests, 3 passed, 0 failed
==============================================================================
Output:  /tmp/smoketest/ozone-om-prepare/result/robot-ozone-om-prepare-ozone-om-prepare-om-prepare-scm-2.xml
==============================================================================
Om-Prepared :: Smoke test to test that OMs are prepared in an OM HA cluster.  
==============================================================================
Test create volume fails                                              | PASS |
------------------------------------------------------------------------------
Test list volumes succeeds                                            | PASS |
------------------------------------------------------------------------------
Om-Prepared :: Smoke test to test that OMs are prepared in an OM H... | PASS |
2 tests, 2 passed, 0 failed
==============================================================================
Output:  /tmp/smoketest/ozone-om-prepare/result/robot-ozone-om-prepare-ozone-om-prepare-om-prepare-scm-3.xml
Stopping ozone-om-prepare_dn3_1 ... 
Stopping ozone-om-prepare_om3_1 ... 
Stopping ozone-om-prepare_dn2_1 ... 
Stopping ozone-om-prepare_dn1_1 ... 
Stopping ozone-om-prepare_scm_1 ... 
Stopping ozone-om-prepare_om2_1 ... 
Stopping ozone-om-prepare_om1_1 ... 
Stopping ozone-om-prepare_om3_1 ... done
Stopping ozone-om-prepare_om1_1 ... done
Stopping ozone-om-prepare_om2_1 ... done
Stopping ozone-om-prepare_scm_1 ... done
Stopping ozone-om-prepare_dn3_1 ... done
Stopping ozone-om-prepare_dn2_1 ... done
Stopping ozone-om-prepare_dn1_1 ... done
Removing ozone-om-prepare_dn3_1 ... 
Removing ozone-om-prepare_om3_1 ... 
Removing ozone-om-prepare_dn2_1 ... 
Removing ozone-om-prepare_dn1_1 ... 
Removing ozone-om-prepare_scm_1 ... 
Removing ozone-om-prepare_om2_1 ... 
Removing ozone-om-prepare_om1_1 ... 
Removing ozone-om-prepare_om1_1 ... done
Removing ozone-om-prepare_scm_1 ... done
Removing ozone-om-prepare_dn1_1 ... done
Removing ozone-om-prepare_om3_1 ... done
Removing ozone-om-prepare_dn3_1 ... done
Removing ozone-om-prepare_om2_1 ... done
Removing ozone-om-prepare_dn2_1 ... done
Removing network ozone-om-prepare_net
Removing network ozone-om-prepare_net
Network ozone-om-prepare_net not found.
Creating network "ozone-om-prepare_net" with driver "bridge"
Creating ozone-om-prepare_scm_1 ... 
Creating ozone-om-prepare_dn3_1 ... 
Creating ozone-om-prepare_om3_1 ... 
Creating ozone-om-prepare_om2_1 ... 
Creating ozone-om-prepare_dn1_1 ... 
Creating ozone-om-prepare_om1_1 ... 
Creating ozone-om-prepare_dn2_1 ... 
Creating ozone-om-prepare_dn3_1 ... done
Creating ozone-om-prepare_dn1_1 ... done
Creating ozone-om-prepare_scm_1 ... done
Creating ozone-om-prepare_om3_1 ... done
Creating ozone-om-prepare_om1_1 ... done
Creating ozone-om-prepare_om2_1 ... done
Creating ozone-om-prepare_dn2_1 ... done
SECONDS: 87
SCM is in safe mode. validated:true, DataNodeSafeModeRule, registered datanodes (=3) >= required datanodes (=3) validated:true, HealthyPipelineSafeModeRule, healthy Ratis/THREE pipelines (=1) >= healthyPipelineThresholdCount (=1) validated:true, ContainerSafeModeRule, % of containers with at least one reported replica (=1.00) >= safeModeCutoff (=0.99) validated:true, AtleastOneDatanodeReportedRule, reported Ratis/THREE pipelines with at least one datanode (=2) >= threshold (=2)
SECONDS: 130
SCM is out of safe mode.
Safe mode is off
Found OM leader for service omservice: om2 : LEADER (om2)
==============================================================================
Om-Prepared :: Smoke test to test that OMs are prepared in an OM HA cluster.  
==============================================================================
Test create volume fails                                              | PASS |
------------------------------------------------------------------------------
Test list volumes succeeds                                            | PASS |
------------------------------------------------------------------------------
Om-Prepared :: Smoke test to test that OMs are prepared in an OM H... | PASS |
2 tests, 2 passed, 0 failed
==============================================================================
Output:  /tmp/smoketest/ozone-om-prepare/result/robot-ozone-om-prepare-ozone-om-prepare-om-prepare-scm-4.xml
Stopping ozone-om-prepare_om1_1 ... 
Stopping ozone-om-prepare_dn2_1 ... 
Stopping ozone-om-prepare_dn1_1 ... 
Stopping ozone-om-prepare_dn3_1 ... 
Stopping ozone-om-prepare_om3_1 ... 
Stopping ozone-om-prepare_om2_1 ... 
Stopping ozone-om-prepare_scm_1 ... 
Stopping ozone-om-prepare_scm_1 ... done
Stopping ozone-om-prepare_om1_1 ... done
Stopping ozone-om-prepare_om3_1 ... done
Stopping ozone-om-prepare_om2_1 ... done
Stopping ozone-om-prepare_dn2_1 ... done
Stopping ozone-om-prepare_dn3_1 ... done
Stopping ozone-om-prepare_dn1_1 ... done
Removing ozone-om-prepare_om1_1 ... 
Removing ozone-om-prepare_dn2_1 ... 
Removing ozone-om-prepare_dn1_1 ... 
Removing ozone-om-prepare_dn3_1 ... 
Removing ozone-om-prepare_om3_1 ... 
Removing ozone-om-prepare_om2_1 ... 
Removing ozone-om-prepare_scm_1 ... 
Removing ozone-om-prepare_om3_1 ... done
Removing ozone-om-prepare_dn3_1 ... done
Removing ozone-om-prepare_dn2_1 ... done
Removing ozone-om-prepare_om2_1 ... done
Removing ozone-om-prepare_dn1_1 ... done
Removing ozone-om-prepare_scm_1 ... done
Removing ozone-om-prepare_om1_1 ... done
Removing network ozone-om-prepare_net
Removing network ozone-om-prepare_net
Network ozone-om-prepare_net not found.
Creating network "ozone-om-prepare_net" with driver "bridge"
Creating ozone-om-prepare_scm_1 ... 
Creating ozone-om-prepare_om2_1 ... 
Creating ozone-om-prepare_dn3_1 ... 
Creating ozone-om-prepare_om1_1 ... 
Creating ozone-om-prepare_om3_1 ... 
Creating ozone-om-prepare_dn2_1 ... 
Creating ozone-om-prepare_dn1_1 ... 
Creating ozone-om-prepare_scm_1 ... done
Creating ozone-om-prepare_om3_1 ... done
Creating ozone-om-prepare_om1_1 ... done
Creating ozone-om-prepare_dn3_1 ... done
Creating ozone-om-prepare_dn2_1 ... done
Creating ozone-om-prepare_om2_1 ... done
Creating ozone-om-prepare_dn1_1 ... done
SECONDS: 80
SCM is in safe mode. validated:true, DataNodeSafeModeRule, registered datanodes (=3) >= required datanodes (=3) validated:true, HealthyPipelineSafeModeRule, healthy Ratis/THREE pipelines (=1) >= healthyPipelineThresholdCount (=1) validated:true, ContainerSafeModeRule, % of containers with at least one reported replica (=1.00) >= safeModeCutoff (=0.99) validated:true, AtleastOneDatanodeReportedRule, reported Ratis/THREE pipelines with at least one datanode (=2) >= threshold (=2)
SECONDS: 124
SCM is out of safe mode.
Safe mode is off
Found OM leader for service omservice: om1 : LEADER (om1)
==============================================================================
Loaddata :: Smoketest ozone cluster startup                                   
==============================================================================
Create a volume, bucket and key                                       | PASS |
------------------------------------------------------------------------------
Loaddata :: Smoketest ozone cluster startup                           | PASS |
1 test, 1 passed, 0 failed
==============================================================================
Output:  /tmp/smoketest/ozone-om-prepare/result/robot-ozone-om-prepare-ozone-om-prepare-om-prepare-scm-5.xml
==============================================================================
Readdata :: Smoketest ozone cluster startup                                   
==============================================================================
Read data from previously created key                                 | PASS |
------------------------------------------------------------------------------
Readdata :: Smoketest ozone cluster startup                           | PASS |
1 test, 1 passed, 0 failed
==============================================================================
Output:  /tmp/smoketest/ozone-om-prepare/result/robot-ozone-om-prepare-ozone-om-prepare-om-prepare-scm-6.xml
Stopping ozone-om-prepare_dn1_1 ... 
Stopping ozone-om-prepare_dn2_1 ... 
Stopping ozone-om-prepare_om2_1 ... 
Stopping ozone-om-prepare_om3_1 ... 
Stopping ozone-om-prepare_dn3_1 ... 
Stopping ozone-om-prepare_om1_1 ... 
Stopping ozone-om-prepare_scm_1 ... 
Stopping ozone-om-prepare_om1_1 ... done
Stopping ozone-om-prepare_om3_1 ... done
Stopping ozone-om-prepare_om2_1 ... done
Stopping ozone-om-prepare_scm_1 ... done
Stopping ozone-om-prepare_dn3_1 ... done
Stopping ozone-om-prepare_dn1_1 ... done
Stopping ozone-om-prepare_dn2_1 ... done
Removing ozone-om-prepare_dn1_1 ... 
Removing ozone-om-prepare_dn2_1 ... 
Removing ozone-om-prepare_om2_1 ... 
Removing ozone-om-prepare_om3_1 ... 
Removing ozone-om-prepare_dn3_1 ... 
Removing ozone-om-prepare_om1_1 ... 
Removing ozone-om-prepare_scm_1 ... 
Removing ozone-om-prepare_om1_1 ... done
Removing ozone-om-prepare_om3_1 ... done
Removing ozone-om-prepare_dn3_1 ... done
Removing ozone-om-prepare_scm_1 ... done
Removing ozone-om-prepare_dn2_1 ... done
Removing ozone-om-prepare_om2_1 ... done
Removing ozone-om-prepare_dn1_1 ... done
Removing network ozone-om-prepare_net
Log:     /home/runner/work/ozone/ozone/hadoop-ozone/dist/target/ozone-1.3.0-SNAPSHOT/compose/ozone-om-prepare/result/log.html
Report:  /home/runner/work/ozone/ozone/hadoop-ozone/dist/target/ozone-1.3.0-SNAPSHOT/compose/ozone-om-prepare/result/report.html
Output:  /home/runner/work/ozone/ozone/hadoop-ozone/dist/target/ozone-1.3.0-SNAPSHOT/compose/result/ozone-om-prepare.xml
removed 'ozone-om-prepare/result/robot-ozone-om-prepare-ozone-om-prepare-om-prepare-scm-1.xml'
removed 'ozone-om-prepare/result/robot-ozone-om-prepare-ozone-om-prepare-om-prepare-scm-2.xml'
removed 'ozone-om-prepare/result/robot-ozone-om-prepare-ozone-om-prepare-om-prepare-scm-3.xml'
removed 'ozone-om-prepare/result/robot-ozone-om-prepare-ozone-om-prepare-om-prepare-scm-4.xml'
removed 'ozone-om-prepare/result/robot-ozone-om-prepare-ozone-om-prepare-om-prepare-scm-5.xml'
removed 'ozone-om-prepare/result/robot-ozone-om-prepare-ozone-om-prepare-om-prepare-scm-6.xml'
removed 'ozone-om-prepare/result/robot-ozone-om-prepare-ozone-om-prepare-om-prepare-scm.xml'
removed 'ozone-om-prepare/result/log.html'
removed 'ozone-om-prepare/result/report.html'
renamed 'ozone-om-prepare/result/dn-audit-1bc7c141addf.log' -> '/home/runner/work/ozone/ozone/hadoop-ozone/dist/target/ozone-1.3.0-SNAPSHOT/compose/result/ozone-om-prepare/dn-audit-1bc7c141addf.log'
renamed 'ozone-om-prepare/result/dn-audit-1bfe95299a0a.log' -> '/home/runner/work/ozone/ozone/hadoop-ozone/dist/target/ozone-1.3.0-SNAPSHOT/compose/result/ozone-om-prepare/dn-audit-1bfe95299a0a.log'
renamed 'ozone-om-prepare/result/dn-audit-3455a35c5455.log' -> '/home/runner/work/ozone/ozone/hadoop-ozone/dist/target/ozone-1.3.0-SNAPSHOT/compose/result/ozone-om-prepare/dn-audit-3455a35c5455.log'
renamed 'ozone-om-prepare/result/dn-audit-3666ad96d300.log' -> '/home/runner/work/ozone/ozone/hadoop-ozone/dist/target/ozone-1.3.0-SNAPSHOT/compose/result/ozone-om-prepare/dn-audit-3666ad96d300.log'
renamed 'ozone-om-prepare/result/dn-audit-98bc0d56a510.log' -> '/home/runner/work/ozone/ozone/hadoop-ozone/dist/target/ozone-1.3.0-SNAPSHOT/compose/result/ozone-om-prepare/dn-audit-98bc0d56a510.log'
renamed 'ozone-om-prepare/result/dn-audit-9e08ae26b119.log' -> '/home/runner/work/ozone/ozone/hadoop-ozone/dist/target/ozone-1.3.0-SNAPSHOT/compose/result/ozone-om-prepare/dn-audit-9e08ae26b119.log'
renamed 'ozone-om-prepare/result/dn-audit-b7a5f0469bd3.log' -> '/home/runner/work/ozone/ozone/hadoop-ozone/dist/target/ozone-1.3.0-SNAPSHOT/compose/result/ozone-om-prepare/dn-audit-b7a5f0469bd3.log'
renamed 'ozone-om-prepare/result/dn-audit-bd1d862f5d14.log' -> '/home/runner/work/ozone/ozone/hadoop-ozone/dist/target/ozone-1.3.0-SNAPSHOT/compose/result/ozone-om-prepare/dn-audit-bd1d862f5d14.log'
renamed 'ozone-om-prepare/result/dn-audit-e47ac2d77b5d.log' -> '/home/runner/work/ozone/ozone/hadoop-ozone/dist/target/ozone-1.3.0-SNAPSHOT/compose/result/ozone-om-prepare/dn-audit-e47ac2d77b5d.log'
renamed 'ozone-om-prepare/result/docker-ozone-om-prepare-ozone-om-prepare-om-prepare-scm.log' -> '/home/runner/work/ozone/ozone/hadoop-ozone/dist/target/ozone-1.3.0-SNAPSHOT/compose/result/ozone-om-prepare/docker-ozone-om-prepare-ozone-om-prepare-om-prepare-scm.log'
renamed 'ozone-om-prepare/result/om-audit-00a5f930a847.log' -> '/home/runner/work/ozone/ozone/hadoop-ozone/dist/target/ozone-1.3.0-SNAPSHOT/compose/result/ozone-om-prepare/om-audit-00a5f930a847.log'
renamed 'ozone-om-prepare/result/om-audit-023de898bf86.log' -> '/home/runner/work/ozone/ozone/hadoop-ozone/dist/target/ozone-1.3.0-SNAPSHOT/compose/result/ozone-om-prepare/om-audit-023de898bf86.log'
renamed 'ozone-om-prepare/result/om-audit-090f64e35934.log' -> '/home/runner/work/ozone/ozone/hadoop-ozone/dist/target/ozone-1.3.0-SNAPSHOT/compose/result/ozone-om-prepare/om-audit-090f64e35934.log'
renamed 'ozone-om-prepare/result/om-audit-2cd282e6b20e.log' -> '/home/runner/work/ozone/ozone/hadoop-ozone/dist/target/ozone-1.3.0-SNAPSHOT/compose/result/ozone-om-prepare/om-audit-2cd282e6b20e.log'
renamed 'ozone-om-prepare/result/om-audit-4199ee7d360a.log' -> '/home/runner/work/ozone/ozone/hadoop-ozone/dist/target/ozone-1.3.0-SNAPSHOT/compose/result/ozone-om-prepare/om-audit-4199ee7d360a.log'
renamed 'ozone-om-prepare/result/om-audit-4865b03ec332.log' -> '/home/runner/work/ozone/ozone/hadoop-ozone/dist/target/ozone-1.3.0-SNAPSHOT/compose/result/ozone-om-prepare/om-audit-4865b03ec332.log'
renamed 'ozone-om-prepare/result/om-audit-a20eabd2b7b9.log' -> '/home/runner/work/ozone/ozone/hadoop-ozone/dist/target/ozone-1.3.0-SNAPSHOT/compose/result/ozone-om-prepare/om-audit-a20eabd2b7b9.log'
renamed 'ozone-om-prepare/result/om-audit-c494edc0f97c.log' -> '/home/runner/work/ozone/ozone/hadoop-ozone/dist/target/ozone-1.3.0-SNAPSHOT/compose/result/ozone-om-prepare/om-audit-c494edc0f97c.log'
renamed 'ozone-om-prepare/result/om-audit-dd847a2d1909.log' -> '/home/runner/work/ozone/ozone/hadoop-ozone/dist/target/ozone-1.3.0-SNAPSHOT/compose/result/ozone-om-prepare/om-audit-dd847a2d1909.log'
renamed 'ozone-om-prepare/result/scm-audit-30a6664074a2.log' -> '/home/runner/work/ozone/ozone/hadoop-ozone/dist/target/ozone-1.3.0-SNAPSHOT/compose/result/ozone-om-prepare/scm-audit-30a6664074a2.log'
renamed 'ozone-om-prepare/result/scm-audit-c32bec7eb5c3.log' -> '/home/runner/work/ozone/ozone/hadoop-ozone/dist/target/ozone-1.3.0-SNAPSHOT/compose/result/ozone-om-prepare/scm-audit-c32bec7eb5c3.log'
renamed 'ozone-om-prepare/result/scm-audit-fe611a6166d0.log' -> '/home/runner/work/ozone/ozone/hadoop-ozone/dist/target/ozone-1.3.0-SNAPSHOT/compose/result/ozone-om-prepare/scm-audit-fe611a6166d0.log'
Executing test in ozone-topology
Removing network ozone-topology_net
Network ozone-topology_net not found.
Creating network "ozone-topology_net" with driver "bridge"
Creating ozone-topology_datanode_3_1 ... 
Creating ozone-topology_datanode_6_1 ... 
Creating ozone-topology_scm_1        ... 
Creating ozone-topology_datanode_5_1 ... 
Creating ozone-topology_datanode_2_1 ... 
Creating ozone-topology_datanode_1_1 ... 
Creating ozone-topology_om_1         ... 
Creating ozone-topology_datanode_4_1 ... 
Creating ozone-topology_scm_1        ... done
Creating ozone-topology_datanode_6_1 ... done
Creating ozone-topology_datanode_5_1 ... done
Creating ozone-topology_datanode_3_1 ... done
Creating ozone-topology_om_1         ... done
Creating ozone-topology_datanode_4_1 ... done
Creating ozone-topology_datanode_2_1 ... done
Creating ozone-topology_datanode_1_1 ... done
SECONDS: 128
com.google.protobuf.ServiceException: java.net.ConnectException: Call From a60f5aca44cb/10.5.0.71 to scm:9860 failed on connection exception: java.net.ConnectException: Connection refused; For more details see: http://wiki.apache.org/hadoop/ConnectionRefused, while invoking $Proxy20.submitRequest over nodeId=scmNodeId,nodeAddress=scm/10.5.0.71:9860 after 1 failover attempts. Trying to failover after sleeping for 2000ms. com.google.protobuf.ServiceException: java.net.ConnectException: Call From a60f5aca44cb/10.5.0.71 to scm:9860 failed on connection exception: java.net.ConnectException: Connection refused; For more details see: http://wiki.apache.org/hadoop/ConnectionRefused, while invoking $Proxy20.submitRequest over nodeId=scmNodeId,nodeAddress=scm/10.5.0.71:9860 after 2 failover attempts. Trying to failover after sleeping for 2000ms. SCM is in safe mode. validated:true, DataNodeSafeModeRule, registered datanodes (=4) >= required datanodes (=4) validated:false, HealthyPipelineSafeModeRule, healthy Ratis/THREE pipelines (=0) >= healthyPipelineThresholdCount (=1) validated:true, ContainerSafeModeRule, % of containers with at least one reported replica (=1.00) >= safeModeCutoff (=0.99) validated:true, AtleastOneDatanodeReportedRule, reported Ratis/THREE pipelines with at least one datanode (=0) >= threshold (=0)
SECONDS: 149
SCM is in safe mode. validated:true, DataNodeSafeModeRule, registered datanodes (=4) >= required datanodes (=4) validated:false, HealthyPipelineSafeModeRule, healthy Ratis/THREE pipelines (=0) >= healthyPipelineThresholdCount (=1) validated:true, ContainerSafeModeRule, % of containers with at least one reported replica (=1.00) >= safeModeCutoff (=0.99) validated:true, AtleastOneDatanodeReportedRule, reported Ratis/THREE pipelines with at least one datanode (=0) >= threshold (=0)
SECONDS: 184
SCM is out of safe mode.
Safe mode is off
No OM HA service, no need to wait
==============================================================================
Basic :: Smoketest ozone cluster startup                                      
==============================================================================
Check webui static resources                                          | PASS |
------------------------------------------------------------------------------
Basic Freon smoketest                                                 | PASS |
------------------------------------------------------------------------------
Basic :: Smoketest ozone cluster startup                              | PASS |
2 tests, 2 passed, 0 failed
==============================================================================
Output:  /tmp/smoketest/ozone-topology/result/robot-ozone-topology-ozone-topology-basic-scm.xml
==============================================================================
Cli :: Smoketest ozone cluster startup                                        
==============================================================================
Run printTopology                                                     | PASS |
------------------------------------------------------------------------------
Run printTopology -o                                                  | PASS |
------------------------------------------------------------------------------
Run printTopology --operational-state IN_SERVICE                      | PASS |
------------------------------------------------------------------------------
Run printTopology --node-state HEALTHY                                | PASS |
------------------------------------------------------------------------------
Cli :: Smoketest ozone cluster startup                                | PASS |
4 tests, 4 passed, 0 failed
==============================================================================
Output:  /tmp/smoketest/ozone-topology/result/robot-ozone-topology-ozone-topology-basic-scm-1.xml
==============================================================================
Loaddata :: Smoketest ozone cluster startup                                   
==============================================================================
Create a volume, bucket and key                                       | PASS |
------------------------------------------------------------------------------
Loaddata :: Smoketest ozone cluster startup                           | PASS |
1 test, 1 passed, 0 failed
==============================================================================
Output:  /tmp/smoketest/ozone-topology/result/robot-ozone-topology-ozone-topology-basic-scm-2.xml
Stopping ozone-topology_datanode_1_1 ... 
Stopping ozone-topology_datanode_3_1 ... 
Stopping ozone-topology_datanode_2_1 ... 
Stopping ozone-topology_datanode_1_1 ... done
Stopping ozone-topology_datanode_2_1 ... done
Stopping ozone-topology_datanode_3_1 ... done
==============================================================================
readdata-first-half :: Smoketest ozone cluster startup                        
==============================================================================
Read data from previously created key                                 | PASS |
------------------------------------------------------------------------------
readdata-first-half :: Smoketest ozone cluster startup                | PASS |
1 test, 1 passed, 0 failed
==============================================================================
Output:  /tmp/smoketest/ozone-topology/result/robot-ozone-topology-ozone-topology-basic-scm-3.xml
Starting datanode_1 ... 
Starting datanode_2 ... 
Starting datanode_3 ... 
Starting datanode_3 ... done
Starting datanode_2 ... done
Starting datanode_1 ... done
Port 9858 is not available on datanode_1 yet
Port 9858 is not available on datanode_1 yet
Port 9858 is not available on datanode_1 yet
Port 9858 is not available on datanode_1 yet
Port 9858 is not available on datanode_1 yet
Port 9858 is not available on datanode_1 yet
Port 9858 is not available on datanode_1 yet
Port 9858 is not available on datanode_1 yet
Port 9858 is not available on datanode_1 yet
Port 9858 is not available on datanode_1 yet
Port 9858 is not available on datanode_1 yet
Port 9858 is not available on datanode_1 yet
Port 9858 is not available on datanode_1 yet
Port 9858 is not available on datanode_1 yet
Port 9858 is not available on datanode_1 yet
Port 9858 is not available on datanode_1 yet
Port 9858 is not available on datanode_1 yet
Port 9858 is not available on datanode_1 yet
Port 9858 is not available on datanode_1 yet
Port 9858 is not available on datanode_1 yet
Timed out waiting on datanode_1 9858 to become available
ERROR: Test execution of ozone-topology is FAILED!!!!
Output:  /home/runner/work/ozone/ozone/hadoop-ozone/dist/target/ozone-1.3.0-SNAPSHOT/compose/result/ozone-topology.xml
removed 'ozone-topology/result/robot-ozone-topology-ozone-topology-basic-scm-1.xml'
removed 'ozone-topology/result/robot-ozone-topology-ozone-topology-basic-scm-2.xml'
removed 'ozone-topology/result/robot-ozone-topology-ozone-topology-basic-scm-3.xml'
removed 'ozone-topology/result/robot-ozone-topology-ozone-topology-basic-scm.xml'
renamed 'ozone-topology/result/dn-audit-564ca16b8eac.log' -> '/home/runner/work/ozone/ozone/hadoop-ozone/dist/target/ozone-1.3.0-SNAPSHOT/compose/result/ozone-topology/dn-audit-564ca16b8eac.log'
renamed 'ozone-topology/result/dn-audit-b4e119e7804d.log' -> '/home/runner/work/ozone/ozone/hadoop-ozone/dist/target/ozone-1.3.0-SNAPSHOT/compose/result/ozone-topology/dn-audit-b4e119e7804d.log'
renamed 'ozone-topology/result/dn-audit-c2405dce5c7e.log' -> '/home/runner/work/ozone/ozone/hadoop-ozone/dist/target/ozone-1.3.0-SNAPSHOT/compose/result/ozone-topology/dn-audit-c2405dce5c7e.log'
renamed 'ozone-topology/result/dn-audit-d2fc87ada47b.log' -> '/home/runner/work/ozone/ozone/hadoop-ozone/dist/target/ozone-1.3.0-SNAPSHOT/compose/result/ozone-topology/dn-audit-d2fc87ada47b.log'
renamed 'ozone-topology/result/dn-audit-eb9d372452e8.log' -> '/home/runner/work/ozone/ozone/hadoop-ozone/dist/target/ozone-1.3.0-SNAPSHOT/compose/result/ozone-topology/dn-audit-eb9d372452e8.log'
renamed 'ozone-topology/result/dn-audit-fad3efddcf8a.log' -> '/home/runner/work/ozone/ozone/hadoop-ozone/dist/target/ozone-1.3.0-SNAPSHOT/compose/result/ozone-topology/dn-audit-fad3efddcf8a.log'
renamed 'ozone-topology/result/om-audit-5bfb7f845d9c.log' -> '/home/runner/work/ozone/ozone/hadoop-ozone/dist/target/ozone-1.3.0-SNAPSHOT/compose/result/ozone-topology/om-audit-5bfb7f845d9c.log'
renamed 'ozone-topology/result/scm-audit-a60f5aca44cb.log' -> '/home/runner/work/ozone/ozone/hadoop-ozone/dist/target/ozone-1.3.0-SNAPSHOT/compose/result/ozone-topology/scm-audit-a60f5aca44cb.log'
Executing test in ozones3-haproxy
Removing network ozones3-haproxy_default
Network ozones3-haproxy_default not found.
Creating network "ozones3-haproxy_default" with the default driver
Pulling s3g (haproxy:latest)...
latest: Pulling from library/haproxy
Digest: sha256:e6e591669505ea5edee9157ce076b3fa0512e191361e8ee5caac8754b18bfc26
Status: Downloaded newer image for haproxy:latest
Creating ozones3-haproxy_s3g_1 ... 
Creating ozones3-haproxy_om_1  ... 
Creating ozones3-haproxy_s3g3_1 ... 
Creating ozones3-haproxy_datanode_1 ... 
Creating ozones3-haproxy_datanode_2 ... 
Creating ozones3-haproxy_datanode_3 ... 
Creating ozones3-haproxy_s3g2_1     ... 
Creating ozones3-haproxy_s3g1_1     ... 
Creating ozones3-haproxy_scm_1      ... 
Host is already in use by another container
Creating ozones3-haproxy_om_1       ... error

ERROR: for ozones3-haproxy_om_1  Cannot start service om: driver failed programming external connectivity on endpoint ozones3-haproxy_om_1 (f3d3d3b6ded2c93b584e474f91f079b9d47df56a72be9b8dad949652e65f421e): Bind for 0.0.0.0:9874 failed: port is already allocated
Host is already in use by another container
Creating ozones3-haproxy_scm_1      ... error

ERROR: for ozones3-haproxy_scm_1  Cannot start service scm: driver failed programming external connectivity on endpoint ozones3-haproxy_scm_1 (848bbf01676c2659b2f88e05bd49ab666bef68834614a4a9bd9acdf73a3ac783): Bind for 0.0.0.0:9876 failed: port is already allocated
Creating ozones3-haproxy_s3g_1      ... done
Creating ozones3-haproxy_datanode_1 ... done
Creating ozones3-haproxy_datanode_2 ... done
Creating ozones3-haproxy_s3g1_1     ... done
Creating ozones3-haproxy_s3g2_1     ... done
Creating ozones3-haproxy_s3g3_1     ... done
Creating ozones3-haproxy_datanode_3 ... done

ERROR: for om  Cannot start service om: driver failed programming external connectivity on endpoint ozones3-haproxy_om_1 (f3d3d3b6ded2c93b584e474f91f079b9d47df56a72be9b8dad949652e65f421e): Bind for 0.0.0.0:9874 failed: port is already allocated

ERROR: for scm  Cannot start service scm: driver failed programming external connectivity on endpoint ozones3-haproxy_scm_1 (848bbf01676c2659b2f88e05bd49ab666bef68834614a4a9bd9acdf73a3ac783): Bind for 0.0.0.0:9876 failed: port is already allocated
Encountered errors while bringing up the project.
Stopping ozones3-haproxy_s3g1_1     ... 
Stopping ozones3-haproxy_datanode_3 ... 
Stopping ozones3-haproxy_s3g2_1     ... 
Stopping ozones3-haproxy_datanode_2 ... 
Stopping ozones3-haproxy_s3g3_1     ... 
Stopping ozones3-haproxy_datanode_1 ... 
Stopping ozones3-haproxy_s3g_1      ... 
Stopping ozones3-haproxy_datanode_2 ... done
Stopping ozones3-haproxy_s3g_1      ... done
Stopping ozones3-haproxy_datanode_3 ... done
Stopping ozones3-haproxy_s3g3_1     ... done
Stopping ozones3-haproxy_datanode_1 ... done
Stopping ozones3-haproxy_s3g2_1     ... done
Stopping ozones3-haproxy_s3g1_1     ... done
Removing ozones3-haproxy_scm_1      ... 
Removing ozones3-haproxy_s3g1_1     ... 
Removing ozones3-haproxy_datanode_3 ... 
Removing ozones3-haproxy_s3g2_1     ... 
Removing ozones3-haproxy_datanode_2 ... 
Removing ozones3-haproxy_s3g3_1     ... 
Removing ozones3-haproxy_datanode_1 ... 
Removing ozones3-haproxy_om_1       ... 
Removing ozones3-haproxy_s3g_1      ... 
Removing ozones3-haproxy_s3g_1      ... done
Removing ozones3-haproxy_datanode_1 ... done
Removing ozones3-haproxy_s3g3_1     ... done
Removing ozones3-haproxy_datanode_3 ... done
Removing ozones3-haproxy_scm_1      ... done
Removing ozones3-haproxy_s3g1_1     ... done
Removing ozones3-haproxy_om_1       ... done
Removing ozones3-haproxy_datanode_2 ... done
Removing ozones3-haproxy_s3g2_1     ... done
Removing network ozones3-haproxy_default
ERROR: Test execution of ozones3-haproxy is FAILED!!!!
renamed 'ozones3-haproxy/result/docker-ozones3-haproxy.log' -> '/home/runner/work/ozone/ozone/hadoop-ozone/dist/target/ozone-1.3.0-SNAPSHOT/compose/result/ozones3-haproxy/docker-ozones3-haproxy.log'
Executing test in ozonescripts
Removing network ozonescripts_default
Network ozonescripts_default not found.
Creating network "ozonescripts_default" with the default driver
Building datanode
Sending build context to Docker daemon  30.21kB
Step 1/17 : ARG OZONE_RUNNER_IMAGE
Step 2/17 : ARG OZONE_RUNNER_VERSION
Step 3/17 : FROM ${OZONE_RUNNER_IMAGE}:${OZONE_RUNNER_VERSION}
 ---> 4fb679209166
Step 4/17 : RUN sudo yum install -y openssh-clients openssh-server
 ---> Running in 4ac0f150257c
Loaded plugins: fastestmirror, ovl
Determining fastest mirrors
 * base: mirror.vacares.com
 * epel: pubmirror2.math.uh.edu
 * extras: mirror.sfo12.us.leaseweb.net
 * updates: mirrors.cmich.edu
[91mhttp://mirrors.cmich.edu/centos/7.9.2009/updates/x86_64/repodata/repomd.xml: [Errno 12] Timeout on http://mirrors.cmich.edu/centos/7.9.2009/updates/x86_64/repodata/repomd.xml: (28, 'Operation too slow. Less than 1000 bytes/sec transferred the last 30 seconds')
[0m[91mTrying other mirror.
[0m[91mhttp://mirror.mia.velocihost.net/centos/7.9.2009/updates/x86_64/repodata/repomd.xml: [Errno 14] HTTP Error 403 - Forbidden
Trying other mirror.
[0m[91mTo address this issue please refer to the below wiki article

https://wiki.centos.org/yum-errors

If above article doesn't help to resolve this issue please use https://bugs.centos.org/.

[0mResolving Dependencies
--> Running transaction check
---> Package openssh-clients.x86_64 0:7.4p1-22.el7_9 will be installed
--> Processing Dependency: openssh = 7.4p1-22.el7_9 for package: openssh-clients-7.4p1-22.el7_9.x86_64
--> Processing Dependency: fipscheck-lib(x86-64) >= 1.3.0 for package: openssh-clients-7.4p1-22.el7_9.x86_64
--> Processing Dependency: libfipscheck.so.1()(64bit) for package: openssh-clients-7.4p1-22.el7_9.x86_64
--> Processing Dependency: libedit.so.0()(64bit) for package: openssh-clients-7.4p1-22.el7_9.x86_64
---> Package openssh-server.x86_64 0:7.4p1-22.el7_9 will be installed
--> Processing Dependency: libwrap.so.0()(64bit) for package: openssh-server-7.4p1-22.el7_9.x86_64
--> Running transaction check
---> Package fipscheck-lib.x86_64 0:1.4.1-6.el7 will be installed
--> Processing Dependency: /usr/bin/fipscheck for package: fipscheck-lib-1.4.1-6.el7.x86_64
---> Package libedit.x86_64 0:3.0-12.20121213cvs.el7 will be installed
---> Package openssh.x86_64 0:7.4p1-22.el7_9 will be installed
---> Package tcp_wrappers-libs.x86_64 0:7.6-77.el7 will be installed
--> Running transaction check
---> Package fipscheck.x86_64 0:1.4.1-6.el7 will be installed
--> Finished Dependency Resolution

Dependencies Resolved

================================================================================
 Package               Arch       Version                     Repository   Size
================================================================================
Installing:
 openssh-clients       x86_64     7.4p1-22.el7_9              updates     655 k
 openssh-server        x86_64     7.4p1-22.el7_9              updates     459 k
Installing for dependencies:
 fipscheck             x86_64     1.4.1-6.el7                 base         21 k
 fipscheck-lib         x86_64     1.4.1-6.el7                 base         11 k
 libedit               x86_64     3.0-12.20121213cvs.el7      base         92 k
 openssh               x86_64     7.4p1-22.el7_9              updates     510 k
 tcp_wrappers-libs     x86_64     7.6-77.el7                  base         66 k

Transaction Summary
================================================================================
Install  2 Packages (+5 Dependent packages)

Total download size: 1.8 M
Installed size: 5.8 M
Downloading packages:
--------------------------------------------------------------------------------
Total                                              2.3 MB/s | 1.8 MB  00:00     
Running transaction check
Running transaction test
Transaction test succeeded
Running transaction
  Installing : fipscheck-1.4.1-6.el7.x86_64                                 1/7 
  Installing : fipscheck-lib-1.4.1-6.el7.x86_64                             2/7 
  Installing : openssh-7.4p1-22.el7_9.x86_64                                3/7 
  Installing : tcp_wrappers-libs-7.6-77.el7.x86_64                          4/7 
  Installing : libedit-3.0-12.20121213cvs.el7.x86_64                        5/7 
  Installing : openssh-clients-7.4p1-22.el7_9.x86_64                        6/7 
  Installing : openssh-server-7.4p1-22.el7_9.x86_64                         7/7 
  Verifying  : fipscheck-lib-1.4.1-6.el7.x86_64                             1/7 
  Verifying  : openssh-server-7.4p1-22.el7_9.x86_64                         2/7 
  Verifying  : fipscheck-1.4.1-6.el7.x86_64                                 3/7 
  Verifying  : libedit-3.0-12.20121213cvs.el7.x86_64                        4/7 
  Verifying  : openssh-clients-7.4p1-22.el7_9.x86_64                        5/7 
  Verifying  : tcp_wrappers-libs-7.6-77.el7.x86_64                          6/7 
  Verifying  : openssh-7.4p1-22.el7_9.x86_64                                7/7 

Installed:
  openssh-clients.x86_64 0:7.4p1-22.el7_9                                       
  openssh-server.x86_64 0:7.4p1-22.el7_9                                        

Dependency Installed:
  fipscheck.x86_64 0:1.4.1-6.el7            fipscheck-lib.x86_64 0:1.4.1-6.el7  
  libedit.x86_64 0:3.0-12.20121213cvs.el7   openssh.x86_64 0:7.4p1-22.el7_9     
  tcp_wrappers-libs.x86_64 0:7.6-77.el7    

Complete!
Removing intermediate container 4ac0f150257c
 ---> 5a3c93d4d475
Step 5/17 : RUN sudo ssh-keygen -A
 ---> Running in 9839bf533d2f
ssh-keygen: generating new host keys: RSA1 RSA DSA ECDSA ED25519 
Removing intermediate container 9839bf533d2f
 ---> f48cd4431f7c
Step 6/17 : RUN sudo mkdir -p /run/sshd
 ---> Running in 1cb532acadf8
Removing intermediate container 1cb532acadf8
 ---> 2ff55943f2a1
Step 7/17 : RUN sudo sed -i "s/.*UsePrivilegeSeparation.*/UsePrivilegeSeparation no/g" /etc/ssh/sshd_config
 ---> Running in 84c30a470064
Removing intermediate container 84c30a470064
 ---> fff0c444df77
Step 8/17 : RUN sudo sed -i "s/.*PermitUserEnvironment.*/PermitUserEnvironment yes/g" /etc/ssh/sshd_config
 ---> Running in e4cd10033102
Removing intermediate container e4cd10033102
 ---> 71c6f8f50efe
Step 9/17 : RUN sudo sed 's@session\s*required\s*pam_loginuid.so@session optional pam_loginuid.so@g' -i /etc/pam.d/sshd
 ---> Running in 1a3431701bdf
Removing intermediate container 1a3431701bdf
 ---> f58b1f72a4d6
Step 10/17 : RUN sudo usermod -d /opt hadoop
 ---> Running in 299e668e621b
Removing intermediate container 299e668e621b
 ---> b9d04ed68f24
Step 11/17 : ADD .ssh /opt/.ssh
 ---> d5f6799392f2
Step 12/17 : RUN sudo chown -R hadoop /opt/.ssh
 ---> Running in 0887a4da57cf
Removing intermediate container 0887a4da57cf
 ---> f5adddb6cc6d
Step 13/17 : RUN sudo chown hadoop /opt
 ---> Running in 3625be44b20f
Removing intermediate container 3625be44b20f
 ---> 43975f9f026d
Step 14/17 : RUN sudo chmod 600 /opt/.ssh/*
 ---> Running in a33f181953fc
Removing intermediate container a33f181953fc
 ---> 7f9372c0701a
Step 15/17 : RUN sudo chmod 700 /opt/.ssh
 ---> Running in cfcdb616b9e6
Removing intermediate container cfcdb616b9e6
 ---> bfc78d5c4b49
Step 16/17 : RUN sudo sh -c 'echo "export JAVA_HOME=/usr/lib/jvm/jre/" >> /etc/profile'
 ---> Running in 84ef5e5d78b3
Removing intermediate container 84ef5e5d78b3
 ---> a05072927f07
Step 17/17 : CMD ["sudo","/usr/sbin/sshd","-D"]
 ---> Running in a5e153d6fe37
Removing intermediate container a5e153d6fe37
 ---> 035b20d6f37e
Successfully built 035b20d6f37e
Successfully tagged ozone-runner-scripts:20220228-1
Image for service datanode was built because it did not already exist. To rebuild this image you must use `docker-compose build` or `docker-compose up --build`.
Creating ozonescripts_datanode_1 ... 
Creating ozonescripts_scm_1      ... 
Creating ozonescripts_om_1       ... 
Host is already in use by another container
Creating ozonescripts_om_1       ... error

ERROR: for ozonescripts_om_1  Cannot start service om: driver failed programming external connectivity on endpoint ozonescripts_om_1 (7562dc50170c23f1efdb37b46dbb62ffc4e53ee80d62e6653004b1bd11dff343): Bind for 0.0.0.0:9874 failed: port is already allocated
Host is already in use by another container
Creating ozonescripts_scm_1      ... error

ERROR: for ozonescripts_scm_1  Cannot start service scm: driver failed programming external connectivity on endpoint ozonescripts_scm_1 (f74b79e3c0ac76c4ca65730f7c1c8c450d69e57bacf125fa81007640acb3a90a): Bind for 0.0.0.0:9876 failed: port is already allocated
Creating ozonescripts_datanode_1 ... done

ERROR: for om  Cannot start service om: driver failed programming external connectivity on endpoint ozonescripts_om_1 (7562dc50170c23f1efdb37b46dbb62ffc4e53ee80d62e6653004b1bd11dff343): Bind for 0.0.0.0:9874 failed: port is already allocated

ERROR: for scm  Cannot start service scm: driver failed programming external connectivity on endpoint ozonescripts_scm_1 (f74b79e3c0ac76c4ca65730f7c1c8c450d69e57bacf125fa81007640acb3a90a): Bind for 0.0.0.0:9876 failed: port is already allocated
Encountered errors while bringing up the project.
Stopping ozonescripts_datanode_1 ... 
Stopping ozonescripts_datanode_1 ... done
Removing ozonescripts_scm_1      ... 
Removing ozonescripts_datanode_1 ... 
Removing ozonescripts_om_1       ... 
Removing ozonescripts_scm_1      ... done
Removing ozonescripts_datanode_1 ... done
Removing ozonescripts_om_1       ... done
Removing network ozonescripts_default
ERROR: Test execution of ozonescripts is FAILED!!!!
renamed 'ozonescripts/result/docker-ozonescripts.log' -> '/home/runner/work/ozone/ozone/hadoop-ozone/dist/target/ozone-1.3.0-SNAPSHOT/compose/result/ozonescripts/docker-ozonescripts.log'
Executing test in restart
chown: changing ownership of '/home/runner/work/ozone/ozone/hadoop-ozone/dist/target/ozone-1.3.0-SNAPSHOT/compose/restart/data/dn3': Operation not permitted
chown: changing ownership of '/home/runner/work/ozone/ozone/hadoop-ozone/dist/target/ozone-1.3.0-SNAPSHOT/compose/restart/data/s3g': Operation not permitted
chown: changing ownership of '/home/runner/work/ozone/ozone/hadoop-ozone/dist/target/ozone-1.3.0-SNAPSHOT/compose/restart/data/dn1': Operation not permitted
chown: changing ownership of '/home/runner/work/ozone/ozone/hadoop-ozone/dist/target/ozone-1.3.0-SNAPSHOT/compose/restart/data/om': Operation not permitted
chown: changing ownership of '/home/runner/work/ozone/ozone/hadoop-ozone/dist/target/ozone-1.3.0-SNAPSHOT/compose/restart/data/dn2': Operation not permitted
chown: changing ownership of '/home/runner/work/ozone/ozone/hadoop-ozone/dist/target/ozone-1.3.0-SNAPSHOT/compose/restart/data/scm': Operation not permitted
chown: changing ownership of '/home/runner/work/ozone/ozone/hadoop-ozone/dist/target/ozone-1.3.0-SNAPSHOT/compose/restart/data/recon': Operation not permitted
chown: changing ownership of '/home/runner/work/ozone/ozone/hadoop-ozone/dist/target/ozone-1.3.0-SNAPSHOT/compose/restart/data': Operation not permitted
Removing network restart_net
Network restart_net not found.
Creating network "restart_net" with driver "bridge"
Creating restart_scm_1 ... 
Creating restart_dn3_1 ... 
Creating restart_recon_1 ... 
Creating restart_dn1_1   ... 
Creating restart_s3g_1   ... 
Creating restart_om_1    ... 
Creating restart_dn2_1   ... 
Host is already in use by another container
Creating restart_scm_1   ... error

ERROR: for restart_scm_1  Cannot start service scm: driver failed programming external connectivity on endpoint restart_scm_1 (53d77878026dfd43ec3d52e1761df7ed43fd33857fd503db72d5560a1e3a8713): Bind for 0.0.0.0:9876 failed: port is already allocated
Host is already in use by another container
Creating restart_om_1    ... error

ERROR: for restart_om_1  Cannot start service om: driver failed programming external connectivity on endpoint restart_om_1 (87695e9c817e6e38efb05ce33e0ce435818c64babcabb2571fc708d7548a5315): Bind for 0.0.0.0:9874 failed: port is already allocated
Creating restart_s3g_1   ... done
Creating restart_dn3_1   ... done
Creating restart_dn1_1   ... done
Creating restart_recon_1 ... done
Creating restart_dn2_1   ... done

ERROR: for scm  Cannot start service scm: driver failed programming external connectivity on endpoint restart_scm_1 (53d77878026dfd43ec3d52e1761df7ed43fd33857fd503db72d5560a1e3a8713): Bind for 0.0.0.0:9876 failed: port is already allocated

ERROR: for om  Cannot start service om: driver failed programming external connectivity on endpoint restart_om_1 (87695e9c817e6e38efb05ce33e0ce435818c64babcabb2571fc708d7548a5315): Bind for 0.0.0.0:9874 failed: port is already allocated
Encountered errors while bringing up the project.
Stopping restart_dn2_1   ... 
Stopping restart_s3g_1   ... 
Stopping restart_recon_1 ... 
Stopping restart_dn1_1   ... 
Stopping restart_dn3_1   ... 
Stopping restart_recon_1 ... done
Stopping restart_s3g_1   ... done
Stopping restart_dn2_1   ... done
Stopping restart_dn1_1   ... done
Stopping restart_dn3_1   ... done
Removing restart_dn2_1   ... 
Removing restart_om_1    ... 
Removing restart_s3g_1   ... 
Removing restart_recon_1 ... 
Removing restart_dn1_1   ... 
Removing restart_dn3_1   ... 
Removing restart_scm_1   ... 
Removing restart_recon_1 ... done
Removing restart_dn3_1   ... done
Removing restart_scm_1   ... done
Removing restart_dn2_1   ... done
Removing restart_s3g_1   ... done
Removing restart_om_1    ... done
Removing restart_dn1_1   ... done
Removing network restart_net
ERROR: Test execution of restart is FAILED!!!!
renamed 'restart/result/docker-restart.log' -> '/home/runner/work/ozone/ozone/hadoop-ozone/dist/target/ozone-1.3.0-SNAPSHOT/compose/result/restart/docker-restart.log'
Exception in thread "main" java.net.SocketException: Socket closed
	at java.net.PlainSocketImpl.socketAccept(Native Method)
	at java.net.AbstractPlainSocketImpl.accept(AbstractPlainSocketImpl.java:409)
	at java.net.ServerSocket.implAccept(ServerSocket.java:560)
	at java.net.ServerSocket.accept(ServerSocket.java:528)
	at org.apache.hadoop.test.JacocoServer.main(JacocoServer.java:60)
Log:     /home/runner/work/ozone/ozone/hadoop-ozone/dist/target/ozone-1.3.0-SNAPSHOT/compose/result/log.html
Report:  /home/runner/work/ozone/ozone/hadoop-ozone/dist/target/ozone-1.3.0-SNAPSHOT/compose/result/report.html
