No '-XX:...' jvm parameters are set. Adding safer GC settings '-XX:ParallelGCThreads=8 -XX:+UseConcMarkSweepGC -XX:CMSInitiatingOccupancyFraction=70 -XX:+CMSParallelRemarkEnabled' to the OZONE_OPTS
OpenJDK 64-Bit Server VM warning: Option UseConcMarkSweepGC was deprecated in version 9.0 and will likely be removed in a future release.
2022-08-23 07:35:41 INFO  HddsDatanodeService:112 - STARTUP_MSG: 
/************************************************************
STARTUP_MSG: Starting HddsDatanodeService
STARTUP_MSG:   host = datanode-1/10.42.0.42
STARTUP_MSG:   args = []
STARTUP_MSG:   version = 1.3.0-SNAPSHOT
STARTUP_MSG:   classpath = /etc/hadoop:/opt/hadoop/share/ozone/lib/kerb-simplekdc-1.0.1.jar:/opt/hadoop/share/ozone/lib/slf4j-log4j12-1.7.30.jar:/opt/hadoop/share/ozone/lib/protobuf-java-2.5.0.jar:/opt/hadoop/share/ozone/lib/jaxb-core-2.3.0.1.jar:/opt/hadoop/share/ozone/lib/netty-handler-4.1.79.Final.jar:/opt/hadoop/share/ozone/lib/istack-commons-runtime-3.0.5.jar:/opt/hadoop/share/ozone/lib/commons-validator-1.6.jar:/opt/hadoop/share/ozone/lib/bcpkix-jdk15on-1.67.jar:/opt/hadoop/share/ozone/lib/hdds-interface-admin-1.3.0-SNAPSHOT.jar:/opt/hadoop/share/ozone/lib/jackson-annotations-2.13.2.jar:/opt/hadoop/share/ozone/lib/jetty-security-9.4.43.v20210629.jar:/opt/hadoop/share/ozone/lib/kerb-core-1.0.1.jar:/opt/hadoop/share/ozone/lib/hadoop-shaded-protobuf_3_7-1.1.1.jar:/opt/hadoop/share/ozone/lib/netty-common-4.1.79.Final.jar:/opt/hadoop/share/ozone/lib/ozone-annotation-processing-1.3.0-SNAPSHOT.jar:/opt/hadoop/share/ozone/lib/hdds-container-service-1.3.0-SNAPSHOT.jar:/opt/hadoop/share/ozone/lib/okhttp-4.9.0.jar:/opt/hadoop/share/ozone/lib/jsr305-3.0.0.jar:/opt/hadoop/share/ozone/lib/j2objc-annotations-1.3.jar:/opt/hadoop/share/ozone/lib/htrace-core4-4.1.0-incubating.jar:/opt/hadoop/share/ozone/lib/picocli-4.6.1.jar:/opt/hadoop/share/ozone/lib/jackson-datatype-jsr310-2.13.2.jar:/opt/hadoop/share/ozone/lib/javassist-3.21.0-GA.jar:/opt/hadoop/share/ozone/lib/jaxb-api-2.3.0.jar:/opt/hadoop/share/ozone/lib/kerb-util-1.0.1.jar:/opt/hadoop/share/ozone/lib/hadoop-shaded-guava-1.1.1.jar:/opt/hadoop/share/ozone/lib/ratis-metrics-2.3.0.jar:/opt/hadoop/share/ozone/lib/kotlin-stdlib-1.6.21.jar:/opt/hadoop/share/ozone/lib/log4j-core-2.17.1.jar:/opt/hadoop/share/ozone/lib/commons-logging-1.2.jar:/opt/hadoop/share/ozone/lib/accessors-smart-2.4.7.jar:/opt/hadoop/share/ozone/lib/kerby-xdr-1.0.1.jar:/opt/hadoop/share/ozone/lib/txw2-2.3.0.1.jar:/opt/hadoop/share/ozone/lib/httpcore-4.4.13.jar:/opt/hadoop/share/ozone/lib/guava-31.1-jre.jar:/opt/hadoop/share/ozone/lib/opentracing-tracerresolver-0.1.8.jar:/opt/hadoop/share/ozone/lib/commons-net-3.6.jar:/opt/hadoop/share/ozone/lib/netty-transport-4.1.79.Final.jar:/opt/hadoop/share/ozone/lib/rocksdbjni-6.29.5.jar:/opt/hadoop/share/ozone/lib/libthrift-0.14.1.jar:/opt/hadoop/share/ozone/lib/snakeyaml-1.26.jar:/opt/hadoop/share/ozone/lib/stax-ex-1.7.8.jar:/opt/hadoop/share/ozone/lib/httpclient-4.5.13.jar:/opt/hadoop/share/ozone/lib/jetty-servlet-9.4.43.v20210629.jar:/opt/hadoop/share/ozone/lib/kerby-config-1.0.1.jar:/opt/hadoop/share/ozone/lib/ratis-common-2.3.0.jar:/opt/hadoop/share/ozone/lib/jaeger-client-1.6.0.jar:/opt/hadoop/share/ozone/lib/commons-io-2.11.0.jar:/opt/hadoop/share/ozone/lib/metrics-core-3.2.4.jar:/opt/hadoop/share/ozone/lib/kerby-pkix-1.0.1.jar:/opt/hadoop/share/ozone/lib/activation-1.1.1.jar:/opt/hadoop/share/ozone/lib/json-smart-2.4.7.jar:/opt/hadoop/share/ozone/lib/hdds-interface-client-1.3.0-SNAPSHOT.jar:/opt/hadoop/share/ozone/lib/jsr311-api-1.1.1.jar:/opt/hadoop/share/ozone/lib/ratis-grpc-2.3.0.jar:/opt/hadoop/share/ozone/lib/jetty-webapp-9.4.43.v20210629.jar:/opt/hadoop/share/ozone/lib/commons-beanutils-1.9.4.jar:/opt/hadoop/share/ozone/lib/jackson-core-2.13.2.jar:/opt/hadoop/share/ozone/lib/hdds-server-framework-1.3.0-SNAPSHOT.jar:/opt/hadoop/share/ozone/lib/javax.servlet-api-3.1.0.jar:/opt/hadoop/share/ozone/lib/kerb-server-1.0.1.jar:/opt/hadoop/share/ozone/lib/hdds-common-1.3.0-SNAPSHOT.jar:/opt/hadoop/share/ozone/lib/kerb-client-1.0.1.jar:/opt/hadoop/share/ozone/lib/disruptor-3.4.2.jar:/opt/hadoop/share/ozone/lib/gson-2.9.0.jar:/opt/hadoop/share/ozone/lib/reflections-0.9.11.jar:/opt/hadoop/share/ozone/lib/hdds-erasurecode-1.3.0-SNAPSHOT.jar:/opt/hadoop/share/ozone/lib/jetty-io-9.4.43.v20210629.jar:/opt/hadoop/share/ozone/lib/hdds-interface-server-1.3.0-SNAPSHOT.jar:/opt/hadoop/share/ozone/lib/hadoop-hdfs-3.3.1.jar:/opt/hadoop/share/ozone/lib/ratis-proto-2.3.0.jar:/opt/hadoop/share/ozone/lib/annotations-13.0.jar:/opt/hadoop/share/ozone/lib/jetty-server-9.4.43.v20210629.jar:/opt/hadoop/share/ozone/lib/simpleclient_common-0.7.0.jar:/opt/hadoop/share/ozone/lib/hadoop-common-3.3.1.jar:/opt/hadoop/share/ozone/lib/dnsjava-2.1.7.jar:/opt/hadoop/share/ozone/lib/jaeger-thrift-1.6.0.jar:/opt/hadoop/share/ozone/lib/bcprov-jdk15on-1.67.jar:/opt/hadoop/share/ozone/lib/commons-configuration2-2.1.1.jar:/opt/hadoop/share/ozone/lib/token-provider-1.0.1.jar:/opt/hadoop/share/ozone/lib/log4j-1.2.17.jar:/opt/hadoop/share/ozone/lib/commons-daemon-1.0.13.jar:/opt/hadoop/share/ozone/lib/listenablefuture-9999.0-empty-to-avoid-conflict-with-guava.jar:/opt/hadoop/share/ozone/lib/netty-buffer-4.1.79.Final.jar:/opt/hadoop/share/ozone/lib/jetty-xml-9.4.43.v20210629.jar:/opt/hadoop/share/ozone/lib/jaeger-tracerresolver-1.6.0.jar:/opt/hadoop/share/ozone/lib/commons-lang3-3.7.jar:/opt/hadoop/share/ozone/lib/ratis-netty-2.3.0.jar:/opt/hadoop/share/ozone/lib/re2j-1.1.jar:/opt/hadoop/share/ozone/lib/commons-math3-3.1.1.jar:/opt/hadoop/share/ozone/lib/jackson-databind-2.13.2.2.jar:/opt/hadoop/share/ozone/lib/simpleclient_dropwizard-0.7.0.jar:/opt/hadoop/share/ozone/lib/simpleclient-0.7.0.jar:/opt/hadoop/share/ozone/lib/asm-5.0.4.jar:/opt/hadoop/share/ozone/lib/kerby-util-1.0.1.jar:/opt/hadoop/share/ozone/lib/netty-codec-4.1.79.Final.jar:/opt/hadoop/share/ozone/lib/failureaccess-1.0.1.jar:/opt/hadoop/share/ozone/lib/okio-2.8.0.jar:/opt/hadoop/share/ozone/lib/hdds-config-1.3.0-SNAPSHOT.jar:/opt/hadoop/share/ozone/lib/jsp-api-2.1.jar:/opt/hadoop/share/ozone/lib/jetty-http-9.4.43.v20210629.jar:/opt/hadoop/share/ozone/lib/jsch-0.1.54.jar:/opt/hadoop/share/ozone/lib/jakarta.activation-api-1.2.1.jar:/opt/hadoop/share/ozone/lib/slf4j-api-1.7.30.jar:/opt/hadoop/share/ozone/lib/hadoop-hdfs-client-3.3.1.jar:/opt/hadoop/share/ozone/lib/nimbus-jose-jwt-7.9.jar:/opt/hadoop/share/ozone/lib/commons-codec-1.11.jar:/opt/hadoop/share/ozone/lib/commons-pool2-2.6.0.jar:/opt/hadoop/share/ozone/lib/netty-resolver-4.1.79.Final.jar:/opt/hadoop/share/ozone/lib/jetty-util-9.4.43.v20210629.jar:/opt/hadoop/share/ozone/lib/jetty-util-ajax-9.4.43.v20210629.jar:/opt/hadoop/share/ozone/lib/opentracing-api-0.33.0.jar:/opt/hadoop/share/ozone/lib/jcip-annotations-1.0-1.jar:/opt/hadoop/share/ozone/lib/kerb-admin-1.0.1.jar:/opt/hadoop/share/ozone/lib/ratis-thirdparty-misc-1.0.0.jar:/opt/hadoop/share/ozone/lib/kotlin-stdlib-common-1.6.21.jar:/opt/hadoop/share/ozone/lib/opentracing-noop-0.33.0.jar:/opt/hadoop/share/ozone/lib/netty-transport-native-unix-common-4.1.79.Final.jar:/opt/hadoop/share/ozone/lib/jersey-core-1.19.jar:/opt/hadoop/share/ozone/lib/commons-compress-1.21.jar:/opt/hadoop/share/ozone/lib/jaxb-runtime-2.3.0.1.jar:/opt/hadoop/share/ozone/lib/ratis-server-api-2.3.0.jar:/opt/hadoop/share/ozone/lib/opentracing-util-0.33.0.jar:/opt/hadoop/share/ozone/lib/hdds-client-1.3.0-SNAPSHOT.jar:/opt/hadoop/share/ozone/lib/snappy-java-1.1.8.2.jar:/opt/hadoop/share/ozone/lib/hdds-hadoop-dependency-client-1.3.0-SNAPSHOT.jar:/opt/hadoop/share/ozone/lib/commons-cli-1.2.jar:/opt/hadoop/share/ozone/lib/woodstox-core-5.0.3.jar:/opt/hadoop/share/ozone/lib/ratis-server-2.3.0.jar:/opt/hadoop/share/ozone/lib/log4j-api-2.17.1.jar:/opt/hadoop/share/ozone/lib/javax.annotation-api-1.2.jar:/opt/hadoop/share/ozone/lib/kerby-asn1-1.0.1.jar:/opt/hadoop/share/ozone/lib/hadoop-annotations-3.3.1.jar:/opt/hadoop/share/ozone/lib/checker-qual-3.12.0.jar:/opt/hadoop/share/ozone/lib/stax2-api-3.1.4.jar:/opt/hadoop/share/ozone/lib/commons-collections-3.2.2.jar:/opt/hadoop/share/ozone/lib/commons-digester-1.8.1.jar:/opt/hadoop/share/ozone/lib/jaeger-core-1.6.0.jar:/opt/hadoop/share/ozone/lib/commons-text-1.4.jar:/opt/hadoop/share/ozone/lib/jersey-servlet-1.19.jar:/opt/hadoop/share/ozone/lib/hadoop-auth-3.3.1.jar:/opt/hadoop/share/ozone/lib/kerb-identity-1.0.1.jar:/opt/hadoop/share/ozone/lib/FastInfoset-1.2.13.jar:/opt/hadoop/share/ozone/lib/kerb-common-1.0.1.jar:/opt/hadoop/share/ozone/lib/ratis-client-2.3.0.jar:/opt/hadoop/share/ozone/lib/jersey-server-1.19.jar:/opt/hadoop/share/ozone/lib/hdds-hadoop-dependency-server-1.3.0-SNAPSHOT.jar:/opt/hadoop/share/ozone/lib/kerb-crypto-1.0.1.jar:/opt/hadoop/share/ozone/web:/opt/hadoop/share/ozone/lib/ozone-datanode-1.3.0-SNAPSHOT.jar
STARTUP_MSG:   build = https://github.com/apache/ozone/df9ed54ba1235044fee73a7709b376b9dd44b213 ; compiled by 'runner' on 2022-08-23T07:03Z
STARTUP_MSG:   java = 11.0.14.1
************************************************************/
2022-08-23 07:35:41 INFO  HddsDatanodeService:90 - registered UNIX signal handlers for [TERM, HUP, INT]
2022-08-23 07:35:41 INFO  MetricRegistries:64 - Loaded MetricRegistries class org.apache.ratis.metrics.impl.MetricRegistriesImpl
2022-08-23 07:35:42 INFO  MetricsConfig:120 - Loaded properties from hadoop-metrics2.properties
2022-08-23 07:35:42 INFO  MetricsSystemImpl:378 - Scheduled Metric snapshot period at 10 second(s).
2022-08-23 07:35:42 INFO  MetricsSystemImpl:191 - HddsDatanode metrics system started
2022-08-23 07:35:42 INFO  HddsDatanodeService:236 - HddsDatanodeService host:datanode-1.datanode.default.svc.cluster.local ip:10.42.0.42
2022-08-23 07:35:43 INFO  AbstractLayoutVersionManager:83 - Initializing Layout version manager with metadata layout = DATANODE_SCHEMA_V3 (version = 4), software layout = DATANODE_SCHEMA_V3 (version = 4)
2022-08-23 07:35:43 INFO  Reflections:232 - Reflections took 319 ms to scan 2 urls, producing 90 keys and 199 values 
2022-08-23 07:35:43 INFO  DatanodeStateMachine:237 - Datanode State Machine Task Thread Pool size 2
2022-08-23 07:35:44 INFO  SaveSpaceUsageToFile:89 - Cached usage info found in /data/storage/scmUsed: 14336 at 2022-08-23T07:35:19.768Z
2022-08-23 07:35:44 INFO  HddsVolume:117 - Creating HddsVolume: /data/storage/hdds of storage type : DISK capacity : 89297309696
2022-08-23 07:35:44 INFO  MutableVolumeSet:174 - Added Volume : /data/storage/hdds to VolumeSet
2022-08-23 07:35:44 INFO  ThrottledAsyncChecker:141 - Scheduling a check for /data/storage/hdds
2022-08-23 07:35:44 INFO  StorageVolumeChecker:202 - Scheduled health check for volume /data/storage/hdds
2022-08-23 07:35:44 WARN  ServerUtils:237 - Storage directory for Ratis is not configured. It is a good idea to map this to an SSD disk. Falling back to ozone.metadata.dirs
2022-08-23 07:35:44 INFO  SaveSpaceUsageToFile:89 - Cached usage info found in /data/metadata/ratis/scmUsed: 4096 at 2022-08-23T07:35:19.769Z
2022-08-23 07:35:44 INFO  MutableVolumeSet:174 - Added Volume : /data/metadata/ratis to VolumeSet
2022-08-23 07:35:44 INFO  ThrottledAsyncChecker:141 - Scheduling a check for /data/metadata/ratis
2022-08-23 07:35:44 INFO  StorageVolumeChecker:202 - Scheduled health check for volume /data/metadata/ratis
2022-08-23 07:35:44 INFO  ContainerReader:145 - Start to verify containers on volume /data/storage/hdds
2022-08-23 07:35:44 INFO  ContainerReader:175 - Finish verifying containers on volume /data/storage/hdds
2022-08-23 07:35:44 INFO  OzoneContainer:299 - Build ContainerSet costs 0s
2022-08-23 07:35:48 INFO  AuditLogger:126 - Refresh DebugCmdSet for DNAudit to [].
2022-08-23 07:35:48 WARN  ServerUtils:237 - Storage directory for Ratis is not configured. It is a good idea to map this to an SSD disk. Falling back to ozone.metadata.dirs
2022-08-23 07:35:48 INFO  RaftServer:46 - raft.rpc.type = GRPC (default)
2022-08-23 07:35:49 INFO  GrpcConfigKeys:46 - raft.grpc.admin.port = 9857 (custom)
2022-08-23 07:35:49 INFO  GrpcConfigKeys:46 - raft.grpc.client.port = 9858 (custom)
2022-08-23 07:35:49 INFO  GrpcConfigKeys:46 - raft.grpc.server.port = 9856 (custom)
2022-08-23 07:35:49 INFO  GrpcService:46 - raft.grpc.message.size.max = 32MB (=33554432) (custom)
2022-08-23 07:35:49 INFO  RaftServerConfigKeys:46 - raft.server.log.appender.buffer.byte-limit = 33554432 (custom)
2022-08-23 07:35:49 INFO  GrpcService:46 - raft.grpc.flow.control.window = 5MB (=5242880) (custom)
2022-08-23 07:35:49 INFO  RaftServerConfigKeys:46 - raft.server.rpc.request.timeout = 60s (custom)
2022-08-23 07:35:49 INFO  GrpcConfigKeys:46 - raft.grpc.server.async.request.thread.pool.cached = true (default)
2022-08-23 07:35:49 INFO  GrpcConfigKeys:46 - raft.grpc.server.async.request.thread.pool.size = 32 (default)
2022-08-23 07:35:50 INFO  DataStreamServerImpl:46 - raft.datastream.type = DISABLED (default)
2022-08-23 07:35:50 INFO  RaftServerConfigKeys:46 - raft.server.threadpool.proxy.cached = true (default)
2022-08-23 07:35:50 INFO  RaftServerConfigKeys:46 - raft.server.threadpool.proxy.size = 0 (default)
2022-08-23 07:35:50 INFO  RaftServerConfigKeys:46 - raft.server.rpc.slowness.timeout = 300s (custom)
2022-08-23 07:35:50 INFO  RaftServerConfigKeys:46 - raft.server.leaderelection.leader.step-down.wait-time = 10s (default)
2022-08-23 07:35:50 INFO  RaftServerConfigKeys:46 - raft.server.storage.dir = [/data/metadata/ratis] (custom)
2022-08-23 07:35:50 INFO  RaftServer:247 - f1f7ad6c-7e44-4ce5-a205-092bafa6befd: found a subdirectory /data/metadata/ratis/16f2e223-9887-4472-a164-bd8b5627bfcf
2022-08-23 07:35:50 INFO  RaftServer:96 - f1f7ad6c-7e44-4ce5-a205-092bafa6befd: addNew group-BD8B5627BFCF:[] returns group-BD8B5627BFCF:java.util.concurrent.CompletableFuture@3ec6764[Not completed]
2022-08-23 07:35:50 INFO  RaftServer:247 - f1f7ad6c-7e44-4ce5-a205-092bafa6befd: found a subdirectory /data/metadata/ratis/d55b03a2-32f8-4942-a644-ba9a63ab4c9d
2022-08-23 07:35:50 INFO  RaftServer:96 - f1f7ad6c-7e44-4ce5-a205-092bafa6befd: addNew group-BA9A63AB4C9D:[] returns group-BA9A63AB4C9D:java.util.concurrent.CompletableFuture@1fce2794[Not completed]
2022-08-23 07:35:50 INFO  XceiverServerGrpc:132 - GrpcServer channel type EpollServerSocketChannel
2022-08-23 07:35:50 INFO  RaftServer$Division:190 - f1f7ad6c-7e44-4ce5-a205-092bafa6befd: new RaftServerImpl for group-BD8B5627BFCF:[] with ContainerStateMachine:uninitialized
2022-08-23 07:35:50 INFO  RaftServerConfigKeys:46 - raft.server.rpc.timeout.min = 5s (custom)
2022-08-23 07:35:50 INFO  RaftServerConfigKeys:46 - raft.server.rpc.timeout.max = 5200ms (custom)
2022-08-23 07:35:50 INFO  RaftServerConfigKeys:46 - raft.server.rpc.sleep.time = 25ms (default)
2022-08-23 07:35:50 INFO  RaftServerConfigKeys:46 - raft.server.rpc.slowness.timeout = 300s (custom)
2022-08-23 07:35:50 INFO  RaftServerConfigKeys:46 - raft.server.leaderelection.leader.step-down.wait-time = 10s (default)
2022-08-23 07:35:50 INFO  RaftServerConfigKeys:46 - raft.server.sleep.deviation.threshold = 300ms (default)
2022-08-23 07:35:50 INFO  RaftServer$Division:107 - f1f7ad6c-7e44-4ce5-a205-092bafa6befd@group-BD8B5627BFCF: ConfigurationManager, init=-1: [], old=null, confs=<EMPTY_MAP>
2022-08-23 07:35:50 INFO  RaftServerConfigKeys:46 - raft.server.storage.dir = [/data/metadata/ratis] (custom)
2022-08-23 07:35:50 INFO  RaftServerConfigKeys:46 - raft.server.log.corruption.policy = EXCEPTION (default)
2022-08-23 07:35:50 INFO  RaftServerConfigKeys:46 - raft.server.storage.free-space.min = 0MB (=0) (default)
2022-08-23 07:35:51 INFO  RaftStorageDirectory:230 - Lock on /data/metadata/ratis/16f2e223-9887-4472-a164-bd8b5627bfcf/in_use.lock acquired by nodename 6@datanode-1
2022-08-23 07:35:51 INFO  RaftStorage:110 - Read RaftStorageMetadata{term=1, votedFor=f1f7ad6c-7e44-4ce5-a205-092bafa6befd} from /data/metadata/ratis/16f2e223-9887-4472-a164-bd8b5627bfcf/current/raft-meta
2022-08-23 07:35:51 WARN  NativeCodeLoader:60 - Unable to load native-hadoop library for your platform... using builtin-java classes where applicable
2022-08-23 07:35:51 INFO  BaseHttpServer:209 - Starting Web-server for hddsDatanode at: http://0.0.0.0:9882
2022-08-23 07:35:51 INFO  BaseHttpServer:107 - Hadoop Security Enabled: false Ozone Security Enabled: false Ozone HTTP Security Enabled: false 
2022-08-23 07:35:51 INFO  log:170 - Logging initialized @11698ms to org.eclipse.jetty.util.log.Slf4jLog
2022-08-23 07:35:51 INFO  ContainerStateMachine:245 - group-BD8B5627BFCF: Setting the last applied index to (t:1, i:0)
2022-08-23 07:35:51 INFO  AuthenticationFilter:240 - Unable to initialize FileSignerSecretProvider, falling back to use random secrets.
2022-08-23 07:35:51 INFO  HttpRequestLog:86 - Http request log for http.requests.hddsDatanode is not defined
2022-08-23 07:35:51 INFO  HttpServer2:1029 - Added global filter 'safety' (class=org.apache.hadoop.hdds.server.http.HttpServer2$QuotingInputFilter)
2022-08-23 07:35:51 INFO  HttpServer2:1005 - Added filter static_user_filter (class=org.apache.hadoop.http.lib.StaticUserWebFilter$StaticUserFilter) to context hddsDatanode
2022-08-23 07:35:51 INFO  HttpServer2:1013 - Added filter static_user_filter (class=org.apache.hadoop.http.lib.StaticUserWebFilter$StaticUserFilter) to context logs
2022-08-23 07:35:51 INFO  HttpServer2:1013 - Added filter static_user_filter (class=org.apache.hadoop.http.lib.StaticUserWebFilter$StaticUserFilter) to context static
2022-08-23 07:35:51 INFO  RaftServer$Division:393 - f1f7ad6c-7e44-4ce5-a205-092bafa6befd@group-BD8B5627BFCF: set configuration 0: [f1f7ad6c-7e44-4ce5-a205-092bafa6befd|rpc:datanode-1.datanode.default.svc.cluster.local:9856|admin:datanode-1.datanode.default.svc.cluster.local:9857|client:datanode-1.datanode.default.svc.cluster.local:9858|dataStream:|priority:1], old=null
2022-08-23 07:35:51 INFO  RaftServerConfigKeys:46 - raft.server.notification.no-leader.timeout = 300s (custom)
2022-08-23 07:35:51 INFO  RaftServerConfigKeys:46 - raft.server.log.use.memory = false (default)
2022-08-23 07:35:51 INFO  HttpServer2:1248 - Jetty bound to port 9882
2022-08-23 07:35:51 INFO  Server:375 - jetty-9.4.43.v20210629; built: 2021-06-30T11:07:22.254Z; git: 526006ecfa3af7f1a27ef3a288e2bef7ea9dd7e8; jvm 11.0.14.1+1-LTS
2022-08-23 07:35:51 INFO  RaftServerConfigKeys:46 - raft.server.log.purge.gap = 1000000 (custom)
2022-08-23 07:35:51 INFO  RaftServerConfigKeys:46 - raft.server.log.appender.buffer.byte-limit = 33554432 (custom)
2022-08-23 07:35:51 INFO  RaftServerConfigKeys:46 - raft.server.log.statemachine.data.read.timeout = 1000ms (default)
2022-08-23 07:35:51 INFO  RaftServerConfigKeys:46 - raft.server.log.segment.size.max = 1048576 (custom)
2022-08-23 07:35:51 INFO  RaftServerConfigKeys:46 - raft.server.log.segment.cache.num.max = 2 (custom)
2022-08-23 07:35:51 INFO  RaftServerConfigKeys:46 - raft.server.log.segment.cache.size.max = 200MB (=209715200) (default)
2022-08-23 07:35:51 INFO  session:334 - DefaultSessionIdManager workerName=node0
2022-08-23 07:35:51 INFO  session:339 - No SessionScavenger set, using defaults
2022-08-23 07:35:51 INFO  session:132 - node0 Scavenging every 600000ms
2022-08-23 07:35:51 INFO  SegmentedRaftLogWorker:187 - new f1f7ad6c-7e44-4ce5-a205-092bafa6befd@group-BD8B5627BFCF-SegmentedRaftLogWorker for RaftStorageImpl:Storage Directory /data/metadata/ratis/16f2e223-9887-4472-a164-bd8b5627bfcf
2022-08-23 07:35:51 INFO  RaftServerConfigKeys:46 - raft.server.log.queue.byte-limit = 4294967296 (custom)
2022-08-23 07:35:51 INFO  RaftServerConfigKeys:46 - raft.server.log.queue.element-limit = 1024 (custom)
2022-08-23 07:35:51 INFO  RaftServerConfigKeys:46 - raft.server.log.segment.size.max = 1048576 (custom)
2022-08-23 07:35:51 INFO  RaftServerConfigKeys:46 - raft.server.log.preallocated.size = 16384 (custom)
2022-08-23 07:35:51 INFO  RaftServerConfigKeys:46 - raft.server.log.force.sync.num = 128 (default)
2022-08-23 07:35:51 INFO  RaftServerConfigKeys:46 - raft.server.log.statemachine.data.sync = true (default)
2022-08-23 07:35:51 INFO  RaftServerConfigKeys:46 - raft.server.log.statemachine.data.sync.timeout = 10s (default)
2022-08-23 07:35:51 INFO  RaftServerConfigKeys:46 - raft.server.log.statemachine.data.sync.timeout.retry = -1 (default)
2022-08-23 07:35:51 INFO  ContextHandler:915 - Started o.e.j.s.ServletContextHandler@71a4f441{logs,/logs,file:///var/log/hadoop/,AVAILABLE}
2022-08-23 07:35:51 INFO  ContextHandler:915 - Started o.e.j.s.ServletContextHandler@2eda2062{static,/static,jar:file:/opt/hadoop/share/ozone/lib/hdds-container-service-1.3.0-SNAPSHOT.jar!/webapps/static,AVAILABLE}
2022-08-23 07:35:51 INFO  RaftServerConfigKeys:46 - raft.server.log.write.buffer.size = 1048576 (custom)
2022-08-23 07:35:51 INFO  RaftServerConfigKeys:46 - raft.server.log.unsafe-flush.enabled = false (default)
2022-08-23 07:35:51 INFO  RaftServerConfigKeys:46 - raft.server.log.statemachine.data.caching.enabled = true (custom)
2022-08-23 07:35:52 INFO  RaftServer$Division:393 - f1f7ad6c-7e44-4ce5-a205-092bafa6befd@group-BD8B5627BFCF: set configuration 0: [f1f7ad6c-7e44-4ce5-a205-092bafa6befd|rpc:datanode-1.datanode.default.svc.cluster.local:9856|admin:datanode-1.datanode.default.svc.cluster.local:9857|client:datanode-1.datanode.default.svc.cluster.local:9858|dataStream:|priority:1], old=null
2022-08-23 07:35:52 INFO  LogSegment:173 - Successfully read 1 entries from segment file /data/metadata/ratis/16f2e223-9887-4472-a164-bd8b5627bfcf/current/log_inprogress_0
2022-08-23 07:35:52 INFO  SegmentedRaftLogWorker:135 - f1f7ad6c-7e44-4ce5-a205-092bafa6befd@group-BD8B5627BFCF-SegmentedRaftLogWorker: flushIndex: setUnconditionally 0 -> 0
2022-08-23 07:35:52 INFO  SegmentedRaftLogWorker:135 - f1f7ad6c-7e44-4ce5-a205-092bafa6befd@group-BD8B5627BFCF-SegmentedRaftLogWorker: safeCacheEvictIndex: setUnconditionally 0 -> -1
2022-08-23 07:35:52 INFO  ContextHandler:915 - Started o.e.j.w.WebAppContext@5c8d58ed{hddsDatanode,/,file:///tmp/jetty-0_0_0_0-9882-hdds-container-service-1_3_0-SNAPSHOT_jar-_-any-2449400921348047943/webapp/,AVAILABLE}{jar:file:/opt/hadoop/share/ozone/lib/hdds-container-service-1.3.0-SNAPSHOT.jar!/webapps/hddsDatanode}
2022-08-23 07:35:52 INFO  AbstractConnector:331 - Started ServerConnector@5f8a02cf{HTTP/1.1, (http/1.1)}{0.0.0.0:9882}
2022-08-23 07:35:52 INFO  Server:415 - Started @13134ms
2022-08-23 07:35:52 INFO  MetricsSinkAdapter:204 - Sink prometheus started
2022-08-23 07:35:52 INFO  MetricsSystemImpl:305 - Registered sink prometheus
2022-08-23 07:35:52 INFO  BaseHttpServer:329 - HTTP server of hddsDatanode listening at http://0.0.0.0:9882
2022-08-23 07:35:52 INFO  DatanodeStateMachine:492 - Ozone container server started.
2022-08-23 07:35:52 INFO  RaftServerConfigKeys:46 - raft.server.snapshot.auto.trigger.enabled = true (custom)
2022-08-23 07:35:52 INFO  RaftServerConfigKeys:46 - raft.server.snapshot.auto.trigger.threshold = 10000 (custom)
2022-08-23 07:35:52 INFO  RaftServerConfigKeys:46 - raft.server.snapshot.retention.file.num = 5 (custom)
2022-08-23 07:35:52 INFO  RaftServerConfigKeys:46 - raft.server.log.purge.upto.snapshot.index = false (default)
2022-08-23 07:35:52 INFO  RaftServerConfigKeys:46 - raft.server.retrycache.expirytime = 600000ms (custom)
2022-08-23 07:35:52 INFO  RaftServerConfigKeys:46 - raft.server.retrycache.statistics.expirytime = 100?s (default)
2022-08-23 07:35:53 INFO  RaftServerConfigKeys:46 - raft.server.log.appender.install.snapshot.enabled = false (custom)
2022-08-23 07:35:53 INFO  RaftServerConfigKeys:46 - raft.server.threadpool.server.cached = true (default)
2022-08-23 07:35:53 INFO  RaftServerConfigKeys:46 - raft.server.threadpool.server.size = 0 (default)
2022-08-23 07:35:53 INFO  RaftServerConfigKeys:46 - raft.server.threadpool.client.cached = true (default)
2022-08-23 07:35:53 INFO  RaftServerConfigKeys:46 - raft.server.threadpool.client.size = 0 (default)
2022-08-23 07:35:53 INFO  RaftServer$Division:190 - f1f7ad6c-7e44-4ce5-a205-092bafa6befd: new RaftServerImpl for group-BA9A63AB4C9D:[] with ContainerStateMachine:uninitialized
2022-08-23 07:35:53 INFO  RaftServerConfigKeys:46 - raft.server.rpc.timeout.min = 5s (custom)
2022-08-23 07:35:53 INFO  RaftServerConfigKeys:46 - raft.server.rpc.timeout.max = 5200ms (custom)
2022-08-23 07:35:53 INFO  RaftServerConfigKeys:46 - raft.server.rpc.sleep.time = 25ms (default)
2022-08-23 07:35:53 INFO  RaftServerConfigKeys:46 - raft.server.rpc.slowness.timeout = 300s (custom)
2022-08-23 07:35:53 INFO  RaftServerConfigKeys:46 - raft.server.leaderelection.leader.step-down.wait-time = 10s (default)
2022-08-23 07:35:53 INFO  RaftServerConfigKeys:46 - raft.server.sleep.deviation.threshold = 300ms (default)
2022-08-23 07:35:53 INFO  RaftServer$Division:107 - f1f7ad6c-7e44-4ce5-a205-092bafa6befd@group-BA9A63AB4C9D: ConfigurationManager, init=-1: [], old=null, confs=<EMPTY_MAP>
2022-08-23 07:35:53 INFO  RaftServerConfigKeys:46 - raft.server.storage.dir = [/data/metadata/ratis] (custom)
2022-08-23 07:35:53 INFO  RaftServerConfigKeys:46 - raft.server.log.corruption.policy = EXCEPTION (default)
2022-08-23 07:35:53 INFO  RaftServerConfigKeys:46 - raft.server.storage.free-space.min = 0MB (=0) (default)
2022-08-23 07:35:53 INFO  RaftStorageDirectory:230 - Lock on /data/metadata/ratis/d55b03a2-32f8-4942-a644-ba9a63ab4c9d/in_use.lock acquired by nodename 6@datanode-1
2022-08-23 07:35:53 INFO  RaftStorage:110 - Read RaftStorageMetadata{term=3, votedFor=84a3e63e-3d12-49d8-882a-eee2a60bf45e} from /data/metadata/ratis/d55b03a2-32f8-4942-a644-ba9a63ab4c9d/current/raft-meta
2022-08-23 07:35:53 INFO  ContainerStateMachine:245 - group-BA9A63AB4C9D: Setting the last applied index to (t:3, i:3)
2022-08-23 07:35:53 INFO  RaftServer$Division:393 - f1f7ad6c-7e44-4ce5-a205-092bafa6befd@group-BA9A63AB4C9D: set configuration 0: [84a3e63e-3d12-49d8-882a-eee2a60bf45e|rpc:datanode-2.datanode.default.svc.cluster.local:9856|admin:datanode-2.datanode.default.svc.cluster.local:9857|client:datanode-2.datanode.default.svc.cluster.local:9858|dataStream:|priority:1, f1f7ad6c-7e44-4ce5-a205-092bafa6befd|rpc:datanode-1.datanode.default.svc.cluster.local:9856|admin:datanode-1.datanode.default.svc.cluster.local:9857|client:datanode-1.datanode.default.svc.cluster.local:9858|dataStream:|priority:0, 5112ed30-49cf-4cda-aa94-ea658ed3d78b|rpc:datanode-0.datanode.default.svc.cluster.local:9856|admin:datanode-0.datanode.default.svc.cluster.local:9857|client:datanode-0.datanode.default.svc.cluster.local:9858|dataStream:|priority:0], old=null
2022-08-23 07:35:53 INFO  JvmPauseMonitor:188 - Starting JVM pause monitor
2022-08-23 07:35:53 INFO  RaftServerConfigKeys:46 - raft.server.notification.no-leader.timeout = 300s (custom)
2022-08-23 07:35:53 INFO  RaftServerConfigKeys:46 - raft.server.log.use.memory = false (default)
2022-08-23 07:35:53 INFO  RaftServerConfigKeys:46 - raft.server.log.purge.gap = 1000000 (custom)
2022-08-23 07:35:53 INFO  RaftServerConfigKeys:46 - raft.server.log.appender.buffer.byte-limit = 33554432 (custom)
2022-08-23 07:35:53 INFO  RaftServerConfigKeys:46 - raft.server.log.statemachine.data.read.timeout = 1000ms (default)
2022-08-23 07:35:53 INFO  RaftServerConfigKeys:46 - raft.server.log.segment.size.max = 1048576 (custom)
2022-08-23 07:35:53 INFO  RaftServerConfigKeys:46 - raft.server.log.segment.cache.num.max = 2 (custom)
2022-08-23 07:35:53 INFO  RaftServerConfigKeys:46 - raft.server.log.segment.cache.size.max = 200MB (=209715200) (default)
2022-08-23 07:35:53 INFO  SegmentedRaftLogWorker:187 - new f1f7ad6c-7e44-4ce5-a205-092bafa6befd@group-BA9A63AB4C9D-SegmentedRaftLogWorker for RaftStorageImpl:Storage Directory /data/metadata/ratis/d55b03a2-32f8-4942-a644-ba9a63ab4c9d
2022-08-23 07:35:53 INFO  RaftServerConfigKeys:46 - raft.server.log.queue.byte-limit = 4294967296 (custom)
2022-08-23 07:35:53 INFO  RaftServerConfigKeys:46 - raft.server.log.queue.element-limit = 1024 (custom)
2022-08-23 07:35:53 INFO  RaftServerConfigKeys:46 - raft.server.log.segment.size.max = 1048576 (custom)
2022-08-23 07:35:53 INFO  RaftServerConfigKeys:46 - raft.server.log.preallocated.size = 16384 (custom)
2022-08-23 07:35:53 INFO  RaftServerConfigKeys:46 - raft.server.log.force.sync.num = 128 (default)
2022-08-23 07:35:53 INFO  RaftServerConfigKeys:46 - raft.server.log.statemachine.data.sync = true (default)
2022-08-23 07:35:53 INFO  RaftServerConfigKeys:46 - raft.server.log.statemachine.data.sync.timeout = 10s (default)
2022-08-23 07:35:53 INFO  RaftServerConfigKeys:46 - raft.server.log.statemachine.data.sync.timeout.retry = -1 (default)
2022-08-23 07:35:53 INFO  RaftServerConfigKeys:46 - raft.server.log.write.buffer.size = 1048576 (custom)
2022-08-23 07:35:53 INFO  RaftServerConfigKeys:46 - raft.server.log.unsafe-flush.enabled = false (default)
2022-08-23 07:35:53 INFO  RaftServerConfigKeys:46 - raft.server.log.statemachine.data.caching.enabled = true (custom)
2022-08-23 07:35:53 INFO  RaftServer$Division:393 - f1f7ad6c-7e44-4ce5-a205-092bafa6befd@group-BA9A63AB4C9D: set configuration 0: [84a3e63e-3d12-49d8-882a-eee2a60bf45e|rpc:datanode-2.datanode.default.svc.cluster.local:9856|admin:datanode-2.datanode.default.svc.cluster.local:9857|client:datanode-2.datanode.default.svc.cluster.local:9858|dataStream:|priority:1, f1f7ad6c-7e44-4ce5-a205-092bafa6befd|rpc:datanode-1.datanode.default.svc.cluster.local:9856|admin:datanode-1.datanode.default.svc.cluster.local:9857|client:datanode-1.datanode.default.svc.cluster.local:9858|dataStream:|priority:0, 5112ed30-49cf-4cda-aa94-ea658ed3d78b|rpc:datanode-0.datanode.default.svc.cluster.local:9856|admin:datanode-0.datanode.default.svc.cluster.local:9857|client:datanode-0.datanode.default.svc.cluster.local:9858|dataStream:|priority:0], old=null
2022-08-23 07:35:53 INFO  LogSegment:173 - Successfully read 4 entries from segment file /data/metadata/ratis/d55b03a2-32f8-4942-a644-ba9a63ab4c9d/current/log_inprogress_0
2022-08-23 07:35:53 INFO  SegmentedRaftLogWorker:135 - f1f7ad6c-7e44-4ce5-a205-092bafa6befd@group-BA9A63AB4C9D-SegmentedRaftLogWorker: flushIndex: setUnconditionally 0 -> 3
2022-08-23 07:35:53 INFO  SegmentedRaftLogWorker:135 - f1f7ad6c-7e44-4ce5-a205-092bafa6befd@group-BA9A63AB4C9D-SegmentedRaftLogWorker: safeCacheEvictIndex: setUnconditionally 0 -> -1
2022-08-23 07:35:53 INFO  RaftLog:53 - f1f7ad6c-7e44-4ce5-a205-092bafa6befd@group-BA9A63AB4C9D-SegmentedRaftLog: commitIndex: updateToMax old=3, new=2, updated? false
2022-08-23 07:35:53 INFO  RaftServerConfigKeys:46 - raft.server.snapshot.auto.trigger.enabled = true (custom)
2022-08-23 07:35:53 INFO  RaftServerConfigKeys:46 - raft.server.snapshot.auto.trigger.threshold = 10000 (custom)
2022-08-23 07:35:53 INFO  RaftServerConfigKeys:46 - raft.server.snapshot.retention.file.num = 5 (custom)
2022-08-23 07:35:53 INFO  RaftServerConfigKeys:46 - raft.server.log.purge.upto.snapshot.index = false (default)
2022-08-23 07:35:53 INFO  RaftServerConfigKeys:46 - raft.server.retrycache.expirytime = 600000ms (custom)
2022-08-23 07:35:53 INFO  RaftServerConfigKeys:46 - raft.server.retrycache.statistics.expirytime = 100?s (default)
2022-08-23 07:35:53 INFO  RaftServerConfigKeys:46 - raft.server.log.appender.install.snapshot.enabled = false (custom)
2022-08-23 07:35:53 INFO  RaftServerConfigKeys:46 - raft.server.threadpool.server.cached = true (default)
2022-08-23 07:35:53 INFO  RaftServerConfigKeys:46 - raft.server.threadpool.server.size = 0 (default)
2022-08-23 07:35:53 INFO  RaftServerConfigKeys:46 - raft.server.threadpool.client.cached = true (default)
2022-08-23 07:35:53 INFO  RaftServerConfigKeys:46 - raft.server.threadpool.client.size = 0 (default)
2022-08-23 07:35:53 INFO  InitDatanodeState:138 - DatanodeDetails is persisted to /data/datanode.id
2022-08-23 07:35:55 INFO  OzoneContainer:377 - Attempting to start container services.
2022-08-23 07:35:55 INFO  OzoneContainer:312 - Background container scanner has been disabled.
2022-08-23 07:35:55 INFO  XceiverServerRatis:481 - Starting XceiverServerRatis f1f7ad6c-7e44-4ce5-a205-092bafa6befd
2022-08-23 07:35:55 INFO  RaftServer$Division:310 - f1f7ad6c-7e44-4ce5-a205-092bafa6befd@group-BD8B5627BFCF: start as a follower, conf=0: [f1f7ad6c-7e44-4ce5-a205-092bafa6befd|rpc:datanode-1.datanode.default.svc.cluster.local:9856|admin:datanode-1.datanode.default.svc.cluster.local:9857|client:datanode-1.datanode.default.svc.cluster.local:9858|dataStream:|priority:1], old=null
2022-08-23 07:35:55 INFO  RaftServer$Division:299 - f1f7ad6c-7e44-4ce5-a205-092bafa6befd@group-BD8B5627BFCF: changes role from      null to FOLLOWER at term 1 for startAsFollower
2022-08-23 07:35:55 INFO  RoleInfo:139 - f1f7ad6c-7e44-4ce5-a205-092bafa6befd: start f1f7ad6c-7e44-4ce5-a205-092bafa6befd@group-BD8B5627BFCF-FollowerState
2022-08-23 07:35:55 INFO  RaftServer$Division:310 - f1f7ad6c-7e44-4ce5-a205-092bafa6befd@group-BA9A63AB4C9D: start as a follower, conf=0: [84a3e63e-3d12-49d8-882a-eee2a60bf45e|rpc:datanode-2.datanode.default.svc.cluster.local:9856|admin:datanode-2.datanode.default.svc.cluster.local:9857|client:datanode-2.datanode.default.svc.cluster.local:9858|dataStream:|priority:1, f1f7ad6c-7e44-4ce5-a205-092bafa6befd|rpc:datanode-1.datanode.default.svc.cluster.local:9856|admin:datanode-1.datanode.default.svc.cluster.local:9857|client:datanode-1.datanode.default.svc.cluster.local:9858|dataStream:|priority:0, 5112ed30-49cf-4cda-aa94-ea658ed3d78b|rpc:datanode-0.datanode.default.svc.cluster.local:9856|admin:datanode-0.datanode.default.svc.cluster.local:9857|client:datanode-0.datanode.default.svc.cluster.local:9858|dataStream:|priority:0], old=null
2022-08-23 07:35:55 INFO  RaftServer$Division:299 - f1f7ad6c-7e44-4ce5-a205-092bafa6befd@group-BA9A63AB4C9D: changes role from      null to FOLLOWER at term 3 for startAsFollower
2022-08-23 07:35:55 INFO  JmxRegister:44 - Successfully registered JMX Bean with object name Ratis:service=RaftServer,group=group-BD8B5627BFCF,id=f1f7ad6c-7e44-4ce5-a205-092bafa6befd
2022-08-23 07:35:55 INFO  RoleInfo:139 - f1f7ad6c-7e44-4ce5-a205-092bafa6befd: start f1f7ad6c-7e44-4ce5-a205-092bafa6befd@group-BA9A63AB4C9D-FollowerState
2022-08-23 07:35:55 INFO  JmxRegister:44 - Successfully registered JMX Bean with object name Ratis:service=RaftServer,group=group-BA9A63AB4C9D,id=f1f7ad6c-7e44-4ce5-a205-092bafa6befd
2022-08-23 07:35:55 INFO  RaftServer:382 - f1f7ad6c-7e44-4ce5-a205-092bafa6befd: start RPC server
2022-08-23 07:35:55 INFO  GrpcService:260 - f1f7ad6c-7e44-4ce5-a205-092bafa6befd: GrpcService started, listening on 9856
2022-08-23 07:35:55 INFO  GrpcService:260 - f1f7ad6c-7e44-4ce5-a205-092bafa6befd: GrpcService started, listening on 9857
2022-08-23 07:35:55 INFO  GrpcService:260 - f1f7ad6c-7e44-4ce5-a205-092bafa6befd: GrpcService started, listening on 9858
2022-08-23 07:35:55 INFO  XceiverServerRatis:502 - XceiverServerRatis f1f7ad6c-7e44-4ce5-a205-092bafa6befd is started using port 9858 for RATIS
2022-08-23 07:35:55 INFO  XceiverServerRatis:502 - XceiverServerRatis f1f7ad6c-7e44-4ce5-a205-092bafa6befd is started using port 9857 for RATIS_ADMIN
2022-08-23 07:35:55 INFO  XceiverServerRatis:502 - XceiverServerRatis f1f7ad6c-7e44-4ce5-a205-092bafa6befd is started using port 9856 for RATIS_SERVER
2022-08-23 07:35:55 INFO  JvmPauseMonitor:103 - JvmPauseMonitor-f1f7ad6c-7e44-4ce5-a205-092bafa6befd: Started
2022-08-23 07:35:58 INFO  RaftServer$Division:190 - f1f7ad6c-7e44-4ce5-a205-092bafa6befd: new RaftServerImpl for group-BDECF3B28DD5:[84a3e63e-3d12-49d8-882a-eee2a60bf45e|rpc:datanode-2.datanode.default.svc.cluster.local:9856|admin:datanode-2.datanode.default.svc.cluster.local:9857|client:datanode-2.datanode.default.svc.cluster.local:9858|dataStream:|priority:1, f1f7ad6c-7e44-4ce5-a205-092bafa6befd|rpc:datanode-1.datanode.default.svc.cluster.local:9856|admin:datanode-1.datanode.default.svc.cluster.local:9857|client:datanode-1.datanode.default.svc.cluster.local:9858|dataStream:|priority:0, 5112ed30-49cf-4cda-aa94-ea658ed3d78b|rpc:datanode-0.datanode.default.svc.cluster.local:9856|admin:datanode-0.datanode.default.svc.cluster.local:9857|client:datanode-0.datanode.default.svc.cluster.local:9858|dataStream:|priority:0] with ContainerStateMachine:uninitialized
2022-08-23 07:35:58 INFO  RaftServerConfigKeys:46 - raft.server.rpc.timeout.min = 5s (custom)
2022-08-23 07:35:58 INFO  RaftServerConfigKeys:46 - raft.server.rpc.timeout.max = 5200ms (custom)
2022-08-23 07:35:58 INFO  RaftServerConfigKeys:46 - raft.server.rpc.sleep.time = 25ms (default)
2022-08-23 07:35:58 INFO  RaftServerConfigKeys:46 - raft.server.rpc.slowness.timeout = 300s (custom)
2022-08-23 07:35:58 INFO  RaftServerConfigKeys:46 - raft.server.leaderelection.leader.step-down.wait-time = 10s (default)
2022-08-23 07:35:58 INFO  RaftServerConfigKeys:46 - raft.server.sleep.deviation.threshold = 300ms (default)
2022-08-23 07:35:58 INFO  RaftServer$Division:107 - f1f7ad6c-7e44-4ce5-a205-092bafa6befd@group-BDECF3B28DD5: ConfigurationManager, init=-1: [84a3e63e-3d12-49d8-882a-eee2a60bf45e|rpc:datanode-2.datanode.default.svc.cluster.local:9856|admin:datanode-2.datanode.default.svc.cluster.local:9857|client:datanode-2.datanode.default.svc.cluster.local:9858|dataStream:|priority:1, f1f7ad6c-7e44-4ce5-a205-092bafa6befd|rpc:datanode-1.datanode.default.svc.cluster.local:9856|admin:datanode-1.datanode.default.svc.cluster.local:9857|client:datanode-1.datanode.default.svc.cluster.local:9858|dataStream:|priority:0, 5112ed30-49cf-4cda-aa94-ea658ed3d78b|rpc:datanode-0.datanode.default.svc.cluster.local:9856|admin:datanode-0.datanode.default.svc.cluster.local:9857|client:datanode-0.datanode.default.svc.cluster.local:9858|dataStream:|priority:0], old=null, confs=<EMPTY_MAP>
2022-08-23 07:35:58 INFO  RaftServerConfigKeys:46 - raft.server.storage.dir = [/data/metadata/ratis] (custom)
2022-08-23 07:35:58 INFO  RaftServerConfigKeys:46 - raft.server.log.corruption.policy = EXCEPTION (default)
2022-08-23 07:35:58 INFO  RaftServerConfigKeys:46 - raft.server.storage.free-space.min = 0MB (=0) (default)
2022-08-23 07:35:58 INFO  RaftStorageDirectory:135 - The storage directory /data/metadata/ratis/0b1b9ecf-e78c-4bd7-8c9b-bdecf3b28dd5 does not exist. Creating ...
2022-08-23 07:35:58 INFO  RaftServer:96 - f1f7ad6c-7e44-4ce5-a205-092bafa6befd: addNew group-BDECF3B28DD5:[84a3e63e-3d12-49d8-882a-eee2a60bf45e|rpc:datanode-2.datanode.default.svc.cluster.local:9856|admin:datanode-2.datanode.default.svc.cluster.local:9857|client:datanode-2.datanode.default.svc.cluster.local:9858|dataStream:|priority:1, f1f7ad6c-7e44-4ce5-a205-092bafa6befd|rpc:datanode-1.datanode.default.svc.cluster.local:9856|admin:datanode-1.datanode.default.svc.cluster.local:9857|client:datanode-1.datanode.default.svc.cluster.local:9858|dataStream:|priority:0, 5112ed30-49cf-4cda-aa94-ea658ed3d78b|rpc:datanode-0.datanode.default.svc.cluster.local:9856|admin:datanode-0.datanode.default.svc.cluster.local:9857|client:datanode-0.datanode.default.svc.cluster.local:9858|dataStream:|priority:0] returns group-BDECF3B28DD5:java.util.concurrent.CompletableFuture@5c782d27[Not completed]
2022-08-23 07:35:58 INFO  RaftStorageDirectory:230 - Lock on /data/metadata/ratis/0b1b9ecf-e78c-4bd7-8c9b-bdecf3b28dd5/in_use.lock acquired by nodename 6@datanode-1
2022-08-23 07:35:58 INFO  RaftStorage:89 - Storage directory /data/metadata/ratis/0b1b9ecf-e78c-4bd7-8c9b-bdecf3b28dd5 has been successfully formatted.
2022-08-23 07:35:58 INFO  ContainerStateMachine:236 - group-BDECF3B28DD5: The snapshot info is null. Setting the last applied indexto:(t:0, i:~)
2022-08-23 07:35:58 INFO  RaftServerConfigKeys:46 - raft.server.notification.no-leader.timeout = 300s (custom)
2022-08-23 07:35:58 INFO  RaftServerConfigKeys:46 - raft.server.log.use.memory = false (default)
2022-08-23 07:35:58 INFO  RaftServerConfigKeys:46 - raft.server.log.purge.gap = 1000000 (custom)
2022-08-23 07:35:58 INFO  RaftServerConfigKeys:46 - raft.server.log.appender.buffer.byte-limit = 33554432 (custom)
2022-08-23 07:35:58 INFO  RaftServerConfigKeys:46 - raft.server.log.statemachine.data.read.timeout = 1000ms (default)
2022-08-23 07:35:58 INFO  RaftServerConfigKeys:46 - raft.server.log.segment.size.max = 1048576 (custom)
2022-08-23 07:35:58 INFO  RaftServerConfigKeys:46 - raft.server.log.segment.cache.num.max = 2 (custom)
2022-08-23 07:35:58 INFO  RaftServerConfigKeys:46 - raft.server.log.segment.cache.size.max = 200MB (=209715200) (default)
2022-08-23 07:35:58 INFO  SegmentedRaftLogWorker:187 - new f1f7ad6c-7e44-4ce5-a205-092bafa6befd@group-BDECF3B28DD5-SegmentedRaftLogWorker for RaftStorageImpl:Storage Directory /data/metadata/ratis/0b1b9ecf-e78c-4bd7-8c9b-bdecf3b28dd5
2022-08-23 07:35:58 INFO  RaftServerConfigKeys:46 - raft.server.log.queue.byte-limit = 4294967296 (custom)
2022-08-23 07:35:58 INFO  RaftServerConfigKeys:46 - raft.server.log.queue.element-limit = 1024 (custom)
2022-08-23 07:35:58 INFO  RaftServerConfigKeys:46 - raft.server.log.segment.size.max = 1048576 (custom)
2022-08-23 07:35:58 INFO  RaftServerConfigKeys:46 - raft.server.log.preallocated.size = 16384 (custom)
2022-08-23 07:35:58 INFO  RaftServerConfigKeys:46 - raft.server.log.force.sync.num = 128 (default)
2022-08-23 07:35:58 INFO  RaftServerConfigKeys:46 - raft.server.log.statemachine.data.sync = true (default)
2022-08-23 07:35:58 INFO  RaftServerConfigKeys:46 - raft.server.log.statemachine.data.sync.timeout = 10s (default)
2022-08-23 07:35:58 INFO  RaftServerConfigKeys:46 - raft.server.log.statemachine.data.sync.timeout.retry = -1 (default)
2022-08-23 07:35:58 INFO  RaftServerConfigKeys:46 - raft.server.log.write.buffer.size = 1048576 (custom)
2022-08-23 07:35:58 INFO  RaftServerConfigKeys:46 - raft.server.log.unsafe-flush.enabled = false (default)
2022-08-23 07:35:58 INFO  RaftServerConfigKeys:46 - raft.server.log.statemachine.data.caching.enabled = true (custom)
2022-08-23 07:35:58 INFO  SegmentedRaftLogWorker:135 - f1f7ad6c-7e44-4ce5-a205-092bafa6befd@group-BDECF3B28DD5-SegmentedRaftLogWorker: flushIndex: setUnconditionally 0 -> -1
2022-08-23 07:35:58 INFO  SegmentedRaftLogWorker:135 - f1f7ad6c-7e44-4ce5-a205-092bafa6befd@group-BDECF3B28DD5-SegmentedRaftLogWorker: safeCacheEvictIndex: setUnconditionally 0 -> -1
2022-08-23 07:35:58 INFO  RaftServerConfigKeys:46 - raft.server.snapshot.auto.trigger.enabled = true (custom)
2022-08-23 07:35:58 INFO  RaftServerConfigKeys:46 - raft.server.snapshot.auto.trigger.threshold = 10000 (custom)
2022-08-23 07:35:58 INFO  RaftServerConfigKeys:46 - raft.server.snapshot.retention.file.num = 5 (custom)
2022-08-23 07:35:58 INFO  RaftServerConfigKeys:46 - raft.server.log.purge.upto.snapshot.index = false (default)
2022-08-23 07:35:58 INFO  RaftServerConfigKeys:46 - raft.server.retrycache.expirytime = 600000ms (custom)
2022-08-23 07:35:58 INFO  RaftServerConfigKeys:46 - raft.server.retrycache.statistics.expirytime = 100?s (default)
2022-08-23 07:35:58 INFO  RaftServerConfigKeys:46 - raft.server.log.appender.install.snapshot.enabled = false (custom)
2022-08-23 07:35:58 INFO  RaftServerConfigKeys:46 - raft.server.threadpool.server.cached = true (default)
2022-08-23 07:35:58 INFO  RaftServerConfigKeys:46 - raft.server.threadpool.server.size = 0 (default)
2022-08-23 07:35:58 INFO  RaftServerConfigKeys:46 - raft.server.threadpool.client.cached = true (default)
2022-08-23 07:35:58 INFO  RaftServerConfigKeys:46 - raft.server.threadpool.client.size = 0 (default)
2022-08-23 07:35:58 INFO  RaftServer$Division:310 - f1f7ad6c-7e44-4ce5-a205-092bafa6befd@group-BDECF3B28DD5: start as a follower, conf=-1: [84a3e63e-3d12-49d8-882a-eee2a60bf45e|rpc:datanode-2.datanode.default.svc.cluster.local:9856|admin:datanode-2.datanode.default.svc.cluster.local:9857|client:datanode-2.datanode.default.svc.cluster.local:9858|dataStream:|priority:1, f1f7ad6c-7e44-4ce5-a205-092bafa6befd|rpc:datanode-1.datanode.default.svc.cluster.local:9856|admin:datanode-1.datanode.default.svc.cluster.local:9857|client:datanode-1.datanode.default.svc.cluster.local:9858|dataStream:|priority:0, 5112ed30-49cf-4cda-aa94-ea658ed3d78b|rpc:datanode-0.datanode.default.svc.cluster.local:9856|admin:datanode-0.datanode.default.svc.cluster.local:9857|client:datanode-0.datanode.default.svc.cluster.local:9858|dataStream:|priority:0], old=null
2022-08-23 07:35:58 INFO  RaftServer$Division:299 - f1f7ad6c-7e44-4ce5-a205-092bafa6befd@group-BDECF3B28DD5: changes role from      null to FOLLOWER at term 0 for startAsFollower
2022-08-23 07:35:58 INFO  RoleInfo:139 - f1f7ad6c-7e44-4ce5-a205-092bafa6befd: start f1f7ad6c-7e44-4ce5-a205-092bafa6befd@group-BDECF3B28DD5-FollowerState
2022-08-23 07:35:58 INFO  JmxRegister:44 - Successfully registered JMX Bean with object name Ratis:service=RaftServer,group=group-BDECF3B28DD5,id=f1f7ad6c-7e44-4ce5-a205-092bafa6befd
2022-08-23 07:36:00 INFO  RaftServer:107 - f1f7ad6c-7e44-4ce5-a205-092bafa6befd: remove  FOLLOWER f1f7ad6c-7e44-4ce5-a205-092bafa6befd@group-BA9A63AB4C9D:t3, leader=null, voted=84a3e63e-3d12-49d8-882a-eee2a60bf45e, raftlog=f1f7ad6c-7e44-4ce5-a205-092bafa6befd@group-BA9A63AB4C9D-SegmentedRaftLog:OPENED:c3, conf=0: [84a3e63e-3d12-49d8-882a-eee2a60bf45e|rpc:datanode-2.datanode.default.svc.cluster.local:9856|admin:datanode-2.datanode.default.svc.cluster.local:9857|client:datanode-2.datanode.default.svc.cluster.local:9858|dataStream:|priority:1, f1f7ad6c-7e44-4ce5-a205-092bafa6befd|rpc:datanode-1.datanode.default.svc.cluster.local:9856|admin:datanode-1.datanode.default.svc.cluster.local:9857|client:datanode-1.datanode.default.svc.cluster.local:9858|dataStream:|priority:0, 5112ed30-49cf-4cda-aa94-ea658ed3d78b|rpc:datanode-0.datanode.default.svc.cluster.local:9856|admin:datanode-0.datanode.default.svc.cluster.local:9857|client:datanode-0.datanode.default.svc.cluster.local:9858|dataStream:|priority:0], old=null RUNNING
2022-08-23 07:36:00 INFO  RaftServer$Division:434 - f1f7ad6c-7e44-4ce5-a205-092bafa6befd@group-BA9A63AB4C9D: shutdown
2022-08-23 07:36:00 INFO  JmxRegister:73 - Successfully un-registered JMX Bean with object name Ratis:service=RaftServer,group=group-BA9A63AB4C9D,id=f1f7ad6c-7e44-4ce5-a205-092bafa6befd
2022-08-23 07:36:00 INFO  RoleInfo:110 - f1f7ad6c-7e44-4ce5-a205-092bafa6befd: shutdown f1f7ad6c-7e44-4ce5-a205-092bafa6befd@group-BA9A63AB4C9D-FollowerState
2022-08-23 07:36:00 INFO  FollowerState:152 - f1f7ad6c-7e44-4ce5-a205-092bafa6befd@group-BA9A63AB4C9D-FollowerState was interrupted
2022-08-23 07:36:00 INFO  StateMachineUpdater:153 - f1f7ad6c-7e44-4ce5-a205-092bafa6befd@group-BA9A63AB4C9D-StateMachineUpdater: set stopIndex = 3
2022-08-23 07:36:00 INFO  RaftServer$Division:429 - f1f7ad6c-7e44-4ce5-a205-092bafa6befd@group-BA9A63AB4C9D: closes. applyIndex: 3
2022-08-23 07:36:00 INFO  SegmentedRaftLogWorker:336 - f1f7ad6c-7e44-4ce5-a205-092bafa6befd@group-BA9A63AB4C9D-SegmentedRaftLogWorker was interrupted, exiting. There are 0 tasks remaining in the queue.
2022-08-23 07:36:00 INFO  SegmentedRaftLogWorker:246 - f1f7ad6c-7e44-4ce5-a205-092bafa6befd@group-BA9A63AB4C9D-SegmentedRaftLogWorker close()
2022-08-23 07:36:00 INFO  KeyValueContainer:436 - Container 1 is synced with bcsId 2.
2022-08-23 07:36:00 INFO  KeyValueContainer:436 - Container 1 is synced with bcsId 2.
2022-08-23 07:36:00 INFO  RaftServer$Division:404 - f1f7ad6c-7e44-4ce5-a205-092bafa6befd@group-BA9A63AB4C9D: Succeed to remove RaftStorageDirectory Storage Directory /data/metadata/ratis/d55b03a2-32f8-4942-a644-ba9a63ab4c9d
2022-08-23 07:36:00 INFO  ClosePipelineCommandHandler:78 - Close Pipeline PipelineID=d55b03a2-32f8-4942-a644-ba9a63ab4c9d command on datanode f1f7ad6c-7e44-4ce5-a205-092bafa6befd.
2022-08-23 07:36:00 INFO  RaftServer:107 - f1f7ad6c-7e44-4ce5-a205-092bafa6befd: remove  FOLLOWER f1f7ad6c-7e44-4ce5-a205-092bafa6befd@group-BD8B5627BFCF:t1, leader=null, voted=f1f7ad6c-7e44-4ce5-a205-092bafa6befd, raftlog=f1f7ad6c-7e44-4ce5-a205-092bafa6befd@group-BD8B5627BFCF-SegmentedRaftLog:OPENED:c0, conf=0: [f1f7ad6c-7e44-4ce5-a205-092bafa6befd|rpc:datanode-1.datanode.default.svc.cluster.local:9856|admin:datanode-1.datanode.default.svc.cluster.local:9857|client:datanode-1.datanode.default.svc.cluster.local:9858|dataStream:|priority:1], old=null RUNNING
2022-08-23 07:36:00 INFO  RaftServer$Division:434 - f1f7ad6c-7e44-4ce5-a205-092bafa6befd@group-BD8B5627BFCF: shutdown
2022-08-23 07:36:00 INFO  JmxRegister:73 - Successfully un-registered JMX Bean with object name Ratis:service=RaftServer,group=group-BD8B5627BFCF,id=f1f7ad6c-7e44-4ce5-a205-092bafa6befd
2022-08-23 07:36:00 INFO  RoleInfo:110 - f1f7ad6c-7e44-4ce5-a205-092bafa6befd: shutdown f1f7ad6c-7e44-4ce5-a205-092bafa6befd@group-BD8B5627BFCF-FollowerState
2022-08-23 07:36:00 INFO  FollowerState:152 - f1f7ad6c-7e44-4ce5-a205-092bafa6befd@group-BD8B5627BFCF-FollowerState was interrupted
2022-08-23 07:36:00 INFO  StateMachineUpdater:153 - f1f7ad6c-7e44-4ce5-a205-092bafa6befd@group-BD8B5627BFCF-StateMachineUpdater: set stopIndex = 0
2022-08-23 07:36:00 INFO  RaftServer$Division:429 - f1f7ad6c-7e44-4ce5-a205-092bafa6befd@group-BD8B5627BFCF: closes. applyIndex: 0
2022-08-23 07:36:00 INFO  SegmentedRaftLogWorker:336 - f1f7ad6c-7e44-4ce5-a205-092bafa6befd@group-BD8B5627BFCF-SegmentedRaftLogWorker was interrupted, exiting. There are 0 tasks remaining in the queue.
2022-08-23 07:36:00 INFO  SegmentedRaftLogWorker:246 - f1f7ad6c-7e44-4ce5-a205-092bafa6befd@group-BD8B5627BFCF-SegmentedRaftLogWorker close()
2022-08-23 07:36:00 INFO  RaftServer$Division:404 - f1f7ad6c-7e44-4ce5-a205-092bafa6befd@group-BD8B5627BFCF: Succeed to remove RaftStorageDirectory Storage Directory /data/metadata/ratis/16f2e223-9887-4472-a164-bd8b5627bfcf
2022-08-23 07:36:00 INFO  ClosePipelineCommandHandler:78 - Close Pipeline PipelineID=16f2e223-9887-4472-a164-bd8b5627bfcf command on datanode f1f7ad6c-7e44-4ce5-a205-092bafa6befd.
2022-08-23 07:36:00 INFO  RaftServer:107 - f1f7ad6c-7e44-4ce5-a205-092bafa6befd: remove  FOLLOWER f1f7ad6c-7e44-4ce5-a205-092bafa6befd@group-BDECF3B28DD5:t0, leader=null, voted=, raftlog=f1f7ad6c-7e44-4ce5-a205-092bafa6befd@group-BDECF3B28DD5-SegmentedRaftLog:OPENED:c-1, conf=-1: [84a3e63e-3d12-49d8-882a-eee2a60bf45e|rpc:datanode-2.datanode.default.svc.cluster.local:9856|admin:datanode-2.datanode.default.svc.cluster.local:9857|client:datanode-2.datanode.default.svc.cluster.local:9858|dataStream:|priority:1, f1f7ad6c-7e44-4ce5-a205-092bafa6befd|rpc:datanode-1.datanode.default.svc.cluster.local:9856|admin:datanode-1.datanode.default.svc.cluster.local:9857|client:datanode-1.datanode.default.svc.cluster.local:9858|dataStream:|priority:0, 5112ed30-49cf-4cda-aa94-ea658ed3d78b|rpc:datanode-0.datanode.default.svc.cluster.local:9856|admin:datanode-0.datanode.default.svc.cluster.local:9857|client:datanode-0.datanode.default.svc.cluster.local:9858|dataStream:|priority:0], old=null RUNNING
2022-08-23 07:36:00 INFO  RaftServer$Division:434 - f1f7ad6c-7e44-4ce5-a205-092bafa6befd@group-BDECF3B28DD5: shutdown
2022-08-23 07:36:00 INFO  JmxRegister:73 - Successfully un-registered JMX Bean with object name Ratis:service=RaftServer,group=group-BDECF3B28DD5,id=f1f7ad6c-7e44-4ce5-a205-092bafa6befd
2022-08-23 07:36:00 INFO  RoleInfo:110 - f1f7ad6c-7e44-4ce5-a205-092bafa6befd: shutdown f1f7ad6c-7e44-4ce5-a205-092bafa6befd@group-BDECF3B28DD5-FollowerState
2022-08-23 07:36:00 INFO  StateMachineUpdater:153 - f1f7ad6c-7e44-4ce5-a205-092bafa6befd@group-BDECF3B28DD5-StateMachineUpdater: set stopIndex = -1
2022-08-23 07:36:00 INFO  FollowerState:152 - f1f7ad6c-7e44-4ce5-a205-092bafa6befd@group-BDECF3B28DD5-FollowerState was interrupted
2022-08-23 07:36:00 INFO  RaftServer$Division:429 - f1f7ad6c-7e44-4ce5-a205-092bafa6befd@group-BDECF3B28DD5: closes. applyIndex: -1
2022-08-23 07:36:00 INFO  SegmentedRaftLogWorker:336 - f1f7ad6c-7e44-4ce5-a205-092bafa6befd@group-BDECF3B28DD5-SegmentedRaftLogWorker was interrupted, exiting. There are 0 tasks remaining in the queue.
2022-08-23 07:36:00 INFO  SegmentedRaftLogWorker:246 - f1f7ad6c-7e44-4ce5-a205-092bafa6befd@group-BDECF3B28DD5-SegmentedRaftLogWorker close()
2022-08-23 07:36:00 INFO  RaftServer$Division:404 - f1f7ad6c-7e44-4ce5-a205-092bafa6befd@group-BDECF3B28DD5: Succeed to remove RaftStorageDirectory Storage Directory /data/metadata/ratis/0b1b9ecf-e78c-4bd7-8c9b-bdecf3b28dd5
2022-08-23 07:36:00 INFO  ClosePipelineCommandHandler:78 - Close Pipeline PipelineID=0b1b9ecf-e78c-4bd7-8c9b-bdecf3b28dd5 command on datanode f1f7ad6c-7e44-4ce5-a205-092bafa6befd.
2022-08-23 07:36:00 INFO  RaftServer$Division:190 - f1f7ad6c-7e44-4ce5-a205-092bafa6befd: new RaftServerImpl for group-1C0ADC784C62:[f1f7ad6c-7e44-4ce5-a205-092bafa6befd|rpc:datanode-1.datanode.default.svc.cluster.local:9856|admin:datanode-1.datanode.default.svc.cluster.local:9857|client:datanode-1.datanode.default.svc.cluster.local:9858|priority:1] with ContainerStateMachine:uninitialized
2022-08-23 07:36:00 INFO  RaftServerConfigKeys:46 - raft.server.rpc.timeout.min = 5s (custom)
2022-08-23 07:36:00 INFO  RaftServerConfigKeys:46 - raft.server.rpc.timeout.max = 5200ms (custom)
2022-08-23 07:36:00 INFO  RaftServerConfigKeys:46 - raft.server.rpc.sleep.time = 25ms (default)
2022-08-23 07:36:00 INFO  RaftServerConfigKeys:46 - raft.server.rpc.slowness.timeout = 300s (custom)
2022-08-23 07:36:00 INFO  RaftServerConfigKeys:46 - raft.server.leaderelection.leader.step-down.wait-time = 10s (default)
2022-08-23 07:36:00 INFO  RaftServerConfigKeys:46 - raft.server.sleep.deviation.threshold = 300ms (default)
2022-08-23 07:36:00 INFO  RaftServer$Division:107 - f1f7ad6c-7e44-4ce5-a205-092bafa6befd@group-1C0ADC784C62: ConfigurationManager, init=-1: [f1f7ad6c-7e44-4ce5-a205-092bafa6befd|rpc:datanode-1.datanode.default.svc.cluster.local:9856|admin:datanode-1.datanode.default.svc.cluster.local:9857|client:datanode-1.datanode.default.svc.cluster.local:9858|priority:1], old=null, confs=<EMPTY_MAP>
2022-08-23 07:36:00 INFO  RaftServerConfigKeys:46 - raft.server.storage.dir = [/data/metadata/ratis] (custom)
2022-08-23 07:36:00 INFO  RaftServerConfigKeys:46 - raft.server.log.corruption.policy = EXCEPTION (default)
2022-08-23 07:36:00 INFO  RaftServerConfigKeys:46 - raft.server.storage.free-space.min = 0MB (=0) (default)
2022-08-23 07:36:00 INFO  RaftStorageDirectory:135 - The storage directory /data/metadata/ratis/3a0d0c13-aa9d-4869-9d95-1c0adc784c62 does not exist. Creating ...
2022-08-23 07:36:00 INFO  RaftStorageDirectory:230 - Lock on /data/metadata/ratis/3a0d0c13-aa9d-4869-9d95-1c0adc784c62/in_use.lock acquired by nodename 6@datanode-1
2022-08-23 07:36:00 INFO  RaftServer:96 - f1f7ad6c-7e44-4ce5-a205-092bafa6befd: addNew group-1C0ADC784C62:[f1f7ad6c-7e44-4ce5-a205-092bafa6befd|rpc:datanode-1.datanode.default.svc.cluster.local:9856|admin:datanode-1.datanode.default.svc.cluster.local:9857|client:datanode-1.datanode.default.svc.cluster.local:9858|priority:1] returns group-1C0ADC784C62:java.util.concurrent.CompletableFuture@1f12cef4[Not completed]
2022-08-23 07:36:00 INFO  RaftStorage:89 - Storage directory /data/metadata/ratis/3a0d0c13-aa9d-4869-9d95-1c0adc784c62 has been successfully formatted.
2022-08-23 07:36:00 INFO  ContainerStateMachine:236 - group-1C0ADC784C62: The snapshot info is null. Setting the last applied indexto:(t:0, i:~)
2022-08-23 07:36:00 INFO  RaftServerConfigKeys:46 - raft.server.notification.no-leader.timeout = 300s (custom)
2022-08-23 07:36:00 INFO  RaftServerConfigKeys:46 - raft.server.log.use.memory = false (default)
2022-08-23 07:36:00 INFO  RaftServerConfigKeys:46 - raft.server.log.purge.gap = 1000000 (custom)
2022-08-23 07:36:00 INFO  RaftServerConfigKeys:46 - raft.server.log.appender.buffer.byte-limit = 33554432 (custom)
2022-08-23 07:36:00 INFO  RaftServerConfigKeys:46 - raft.server.log.statemachine.data.read.timeout = 1000ms (default)
2022-08-23 07:36:00 INFO  RaftServerConfigKeys:46 - raft.server.log.segment.size.max = 1048576 (custom)
2022-08-23 07:36:00 INFO  RaftServerConfigKeys:46 - raft.server.log.segment.cache.num.max = 2 (custom)
2022-08-23 07:36:00 INFO  RaftServerConfigKeys:46 - raft.server.log.segment.cache.size.max = 200MB (=209715200) (default)
2022-08-23 07:36:00 INFO  SegmentedRaftLogWorker:187 - new f1f7ad6c-7e44-4ce5-a205-092bafa6befd@group-1C0ADC784C62-SegmentedRaftLogWorker for RaftStorageImpl:Storage Directory /data/metadata/ratis/3a0d0c13-aa9d-4869-9d95-1c0adc784c62
2022-08-23 07:36:00 INFO  RaftServerConfigKeys:46 - raft.server.log.queue.byte-limit = 4294967296 (custom)
2022-08-23 07:36:00 INFO  RaftServerConfigKeys:46 - raft.server.log.queue.element-limit = 1024 (custom)
2022-08-23 07:36:00 INFO  RaftServerConfigKeys:46 - raft.server.log.segment.size.max = 1048576 (custom)
2022-08-23 07:36:00 INFO  RaftServerConfigKeys:46 - raft.server.log.preallocated.size = 16384 (custom)
2022-08-23 07:36:00 INFO  RaftServerConfigKeys:46 - raft.server.log.force.sync.num = 128 (default)
2022-08-23 07:36:00 INFO  RaftServerConfigKeys:46 - raft.server.log.statemachine.data.sync = true (default)
2022-08-23 07:36:00 INFO  RaftServerConfigKeys:46 - raft.server.log.statemachine.data.sync.timeout = 10s (default)
2022-08-23 07:36:00 INFO  RaftServerConfigKeys:46 - raft.server.log.statemachine.data.sync.timeout.retry = -1 (default)
2022-08-23 07:36:00 INFO  RaftServerConfigKeys:46 - raft.server.log.write.buffer.size = 1048576 (custom)
2022-08-23 07:36:00 INFO  RaftServerConfigKeys:46 - raft.server.log.unsafe-flush.enabled = false (default)
2022-08-23 07:36:00 INFO  RaftServerConfigKeys:46 - raft.server.log.statemachine.data.caching.enabled = true (custom)
2022-08-23 07:36:00 INFO  SegmentedRaftLogWorker:135 - f1f7ad6c-7e44-4ce5-a205-092bafa6befd@group-1C0ADC784C62-SegmentedRaftLogWorker: flushIndex: setUnconditionally 0 -> -1
2022-08-23 07:36:00 INFO  SegmentedRaftLogWorker:135 - f1f7ad6c-7e44-4ce5-a205-092bafa6befd@group-1C0ADC784C62-SegmentedRaftLogWorker: safeCacheEvictIndex: setUnconditionally 0 -> -1
2022-08-23 07:36:00 INFO  RaftServerConfigKeys:46 - raft.server.snapshot.auto.trigger.enabled = true (custom)
2022-08-23 07:36:00 INFO  RaftServerConfigKeys:46 - raft.server.snapshot.auto.trigger.threshold = 10000 (custom)
2022-08-23 07:36:00 INFO  RaftServerConfigKeys:46 - raft.server.snapshot.retention.file.num = 5 (custom)
2022-08-23 07:36:00 INFO  RaftServerConfigKeys:46 - raft.server.log.purge.upto.snapshot.index = false (default)
2022-08-23 07:36:00 INFO  RaftServerConfigKeys:46 - raft.server.retrycache.expirytime = 600000ms (custom)
2022-08-23 07:36:00 INFO  RaftServerConfigKeys:46 - raft.server.retrycache.statistics.expirytime = 100?s (default)
2022-08-23 07:36:00 INFO  RaftServerConfigKeys:46 - raft.server.log.appender.install.snapshot.enabled = false (custom)
2022-08-23 07:36:00 INFO  RaftServerConfigKeys:46 - raft.server.threadpool.server.cached = true (default)
2022-08-23 07:36:00 INFO  RaftServerConfigKeys:46 - raft.server.threadpool.server.size = 0 (default)
2022-08-23 07:36:00 INFO  RaftServerConfigKeys:46 - raft.server.threadpool.client.cached = true (default)
2022-08-23 07:36:00 INFO  RaftServerConfigKeys:46 - raft.server.threadpool.client.size = 0 (default)
2022-08-23 07:36:00 INFO  RaftServer$Division:310 - f1f7ad6c-7e44-4ce5-a205-092bafa6befd@group-1C0ADC784C62: start as a follower, conf=-1: [f1f7ad6c-7e44-4ce5-a205-092bafa6befd|rpc:datanode-1.datanode.default.svc.cluster.local:9856|admin:datanode-1.datanode.default.svc.cluster.local:9857|client:datanode-1.datanode.default.svc.cluster.local:9858|priority:1], old=null
2022-08-23 07:36:00 INFO  RaftServer$Division:299 - f1f7ad6c-7e44-4ce5-a205-092bafa6befd@group-1C0ADC784C62: changes role from      null to FOLLOWER at term 0 for startAsFollower
2022-08-23 07:36:00 INFO  RoleInfo:139 - f1f7ad6c-7e44-4ce5-a205-092bafa6befd: start f1f7ad6c-7e44-4ce5-a205-092bafa6befd@group-1C0ADC784C62-FollowerState
2022-08-23 07:36:00 INFO  JmxRegister:44 - Successfully registered JMX Bean with object name Ratis:service=RaftServer,group=group-1C0ADC784C62,id=f1f7ad6c-7e44-4ce5-a205-092bafa6befd
2022-08-23 07:36:00 INFO  XceiverServerRatis:765 - Created group PipelineID=3a0d0c13-aa9d-4869-9d95-1c0adc784c62
2022-08-23 07:36:00 INFO  CreatePipelineCommandHandler:113 - Created Pipeline RATIS ONE PipelineID=3a0d0c13-aa9d-4869-9d95-1c0adc784c62.
2022-08-23 07:36:00 INFO  RaftServer:96 - f1f7ad6c-7e44-4ce5-a205-092bafa6befd: addNew group-D8673A506F76:[84a3e63e-3d12-49d8-882a-eee2a60bf45e|rpc:datanode-2.datanode.default.svc.cluster.local:9856|admin:datanode-2.datanode.default.svc.cluster.local:9857|client:datanode-2.datanode.default.svc.cluster.local:9858|priority:1, f1f7ad6c-7e44-4ce5-a205-092bafa6befd|rpc:datanode-1.datanode.default.svc.cluster.local:9856|admin:datanode-1.datanode.default.svc.cluster.local:9857|client:datanode-1.datanode.default.svc.cluster.local:9858|priority:0, 5112ed30-49cf-4cda-aa94-ea658ed3d78b|rpc:datanode-0.datanode.default.svc.cluster.local:9856|admin:datanode-0.datanode.default.svc.cluster.local:9857|client:datanode-0.datanode.default.svc.cluster.local:9858|priority:0] returns group-D8673A506F76:java.util.concurrent.CompletableFuture@633c3d43[Not completed]
2022-08-23 07:36:00 INFO  RaftServer$Division:190 - f1f7ad6c-7e44-4ce5-a205-092bafa6befd: new RaftServerImpl for group-D8673A506F76:[84a3e63e-3d12-49d8-882a-eee2a60bf45e|rpc:datanode-2.datanode.default.svc.cluster.local:9856|admin:datanode-2.datanode.default.svc.cluster.local:9857|client:datanode-2.datanode.default.svc.cluster.local:9858|priority:1, f1f7ad6c-7e44-4ce5-a205-092bafa6befd|rpc:datanode-1.datanode.default.svc.cluster.local:9856|admin:datanode-1.datanode.default.svc.cluster.local:9857|client:datanode-1.datanode.default.svc.cluster.local:9858|priority:0, 5112ed30-49cf-4cda-aa94-ea658ed3d78b|rpc:datanode-0.datanode.default.svc.cluster.local:9856|admin:datanode-0.datanode.default.svc.cluster.local:9857|client:datanode-0.datanode.default.svc.cluster.local:9858|priority:0] with ContainerStateMachine:uninitialized
2022-08-23 07:36:00 INFO  RaftServerConfigKeys:46 - raft.server.rpc.timeout.min = 5s (custom)
2022-08-23 07:36:00 INFO  RaftServerConfigKeys:46 - raft.server.rpc.timeout.max = 5200ms (custom)
2022-08-23 07:36:00 INFO  RaftServerConfigKeys:46 - raft.server.rpc.sleep.time = 25ms (default)
2022-08-23 07:36:00 INFO  RaftServerConfigKeys:46 - raft.server.rpc.slowness.timeout = 300s (custom)
2022-08-23 07:36:00 INFO  RaftServerConfigKeys:46 - raft.server.leaderelection.leader.step-down.wait-time = 10s (default)
2022-08-23 07:36:00 INFO  RaftServerConfigKeys:46 - raft.server.sleep.deviation.threshold = 300ms (default)
2022-08-23 07:36:00 INFO  RaftServer$Division:107 - f1f7ad6c-7e44-4ce5-a205-092bafa6befd@group-D8673A506F76: ConfigurationManager, init=-1: [84a3e63e-3d12-49d8-882a-eee2a60bf45e|rpc:datanode-2.datanode.default.svc.cluster.local:9856|admin:datanode-2.datanode.default.svc.cluster.local:9857|client:datanode-2.datanode.default.svc.cluster.local:9858|priority:1, f1f7ad6c-7e44-4ce5-a205-092bafa6befd|rpc:datanode-1.datanode.default.svc.cluster.local:9856|admin:datanode-1.datanode.default.svc.cluster.local:9857|client:datanode-1.datanode.default.svc.cluster.local:9858|priority:0, 5112ed30-49cf-4cda-aa94-ea658ed3d78b|rpc:datanode-0.datanode.default.svc.cluster.local:9856|admin:datanode-0.datanode.default.svc.cluster.local:9857|client:datanode-0.datanode.default.svc.cluster.local:9858|priority:0], old=null, confs=<EMPTY_MAP>
2022-08-23 07:36:00 INFO  RaftServerConfigKeys:46 - raft.server.storage.dir = [/data/metadata/ratis] (custom)
2022-08-23 07:36:00 INFO  RaftServerConfigKeys:46 - raft.server.log.corruption.policy = EXCEPTION (default)
2022-08-23 07:36:00 INFO  RaftServerConfigKeys:46 - raft.server.storage.free-space.min = 0MB (=0) (default)
2022-08-23 07:36:00 INFO  RaftStorageDirectory:135 - The storage directory /data/metadata/ratis/9a69d3f5-961c-4144-9dde-d8673a506f76 does not exist. Creating ...
2022-08-23 07:36:00 INFO  RaftStorageDirectory:230 - Lock on /data/metadata/ratis/9a69d3f5-961c-4144-9dde-d8673a506f76/in_use.lock acquired by nodename 6@datanode-1
2022-08-23 07:36:00 INFO  RaftStorage:89 - Storage directory /data/metadata/ratis/9a69d3f5-961c-4144-9dde-d8673a506f76 has been successfully formatted.
2022-08-23 07:36:00 INFO  ContainerStateMachine:236 - group-D8673A506F76: The snapshot info is null. Setting the last applied indexto:(t:0, i:~)
2022-08-23 07:36:00 INFO  RaftServerConfigKeys:46 - raft.server.notification.no-leader.timeout = 300s (custom)
2022-08-23 07:36:00 INFO  RaftServerConfigKeys:46 - raft.server.log.use.memory = false (default)
2022-08-23 07:36:00 INFO  RaftServerConfigKeys:46 - raft.server.log.purge.gap = 1000000 (custom)
2022-08-23 07:36:00 INFO  RaftServerConfigKeys:46 - raft.server.log.appender.buffer.byte-limit = 33554432 (custom)
2022-08-23 07:36:00 INFO  RaftServerConfigKeys:46 - raft.server.log.statemachine.data.read.timeout = 1000ms (default)
2022-08-23 07:36:00 INFO  RaftServerConfigKeys:46 - raft.server.log.segment.size.max = 1048576 (custom)
2022-08-23 07:36:00 INFO  RaftServerConfigKeys:46 - raft.server.log.segment.cache.num.max = 2 (custom)
2022-08-23 07:36:00 INFO  RaftServerConfigKeys:46 - raft.server.log.segment.cache.size.max = 200MB (=209715200) (default)
2022-08-23 07:36:00 INFO  SegmentedRaftLogWorker:187 - new f1f7ad6c-7e44-4ce5-a205-092bafa6befd@group-D8673A506F76-SegmentedRaftLogWorker for RaftStorageImpl:Storage Directory /data/metadata/ratis/9a69d3f5-961c-4144-9dde-d8673a506f76
2022-08-23 07:36:00 INFO  RaftServerConfigKeys:46 - raft.server.log.queue.byte-limit = 4294967296 (custom)
2022-08-23 07:36:00 INFO  RaftServerConfigKeys:46 - raft.server.log.queue.element-limit = 1024 (custom)
2022-08-23 07:36:00 INFO  RaftServerConfigKeys:46 - raft.server.log.segment.size.max = 1048576 (custom)
2022-08-23 07:36:00 INFO  RaftServerConfigKeys:46 - raft.server.log.preallocated.size = 16384 (custom)
2022-08-23 07:36:00 INFO  RaftServerConfigKeys:46 - raft.server.log.force.sync.num = 128 (default)
2022-08-23 07:36:00 INFO  RaftServerConfigKeys:46 - raft.server.log.statemachine.data.sync = true (default)
2022-08-23 07:36:00 INFO  RaftServerConfigKeys:46 - raft.server.log.statemachine.data.sync.timeout = 10s (default)
2022-08-23 07:36:00 INFO  RaftServerConfigKeys:46 - raft.server.log.statemachine.data.sync.timeout.retry = -1 (default)
2022-08-23 07:36:00 INFO  RaftServerConfigKeys:46 - raft.server.log.write.buffer.size = 1048576 (custom)
2022-08-23 07:36:00 INFO  RaftServerConfigKeys:46 - raft.server.log.unsafe-flush.enabled = false (default)
2022-08-23 07:36:00 INFO  RaftServerConfigKeys:46 - raft.server.log.statemachine.data.caching.enabled = true (custom)
2022-08-23 07:36:00 INFO  SegmentedRaftLogWorker:135 - f1f7ad6c-7e44-4ce5-a205-092bafa6befd@group-D8673A506F76-SegmentedRaftLogWorker: flushIndex: setUnconditionally 0 -> -1
2022-08-23 07:36:00 INFO  SegmentedRaftLogWorker:135 - f1f7ad6c-7e44-4ce5-a205-092bafa6befd@group-D8673A506F76-SegmentedRaftLogWorker: safeCacheEvictIndex: setUnconditionally 0 -> -1
2022-08-23 07:36:00 INFO  RaftServerConfigKeys:46 - raft.server.snapshot.auto.trigger.enabled = true (custom)
2022-08-23 07:36:00 INFO  RaftServerConfigKeys:46 - raft.server.snapshot.auto.trigger.threshold = 10000 (custom)
2022-08-23 07:36:00 INFO  RaftServerConfigKeys:46 - raft.server.snapshot.retention.file.num = 5 (custom)
2022-08-23 07:36:00 INFO  RaftServerConfigKeys:46 - raft.server.log.purge.upto.snapshot.index = false (default)
2022-08-23 07:36:00 INFO  RaftServerConfigKeys:46 - raft.server.retrycache.expirytime = 600000ms (custom)
2022-08-23 07:36:00 INFO  RaftServerConfigKeys:46 - raft.server.retrycache.statistics.expirytime = 100?s (default)
2022-08-23 07:36:00 INFO  RaftServerConfigKeys:46 - raft.server.log.appender.install.snapshot.enabled = false (custom)
2022-08-23 07:36:00 INFO  RaftServerConfigKeys:46 - raft.server.threadpool.server.cached = true (default)
2022-08-23 07:36:00 INFO  RaftServerConfigKeys:46 - raft.server.threadpool.server.size = 0 (default)
2022-08-23 07:36:00 INFO  RaftServerConfigKeys:46 - raft.server.threadpool.client.cached = true (default)
2022-08-23 07:36:00 INFO  RaftServerConfigKeys:46 - raft.server.threadpool.client.size = 0 (default)
2022-08-23 07:36:00 INFO  RaftServer$Division:310 - f1f7ad6c-7e44-4ce5-a205-092bafa6befd@group-D8673A506F76: start as a follower, conf=-1: [84a3e63e-3d12-49d8-882a-eee2a60bf45e|rpc:datanode-2.datanode.default.svc.cluster.local:9856|admin:datanode-2.datanode.default.svc.cluster.local:9857|client:datanode-2.datanode.default.svc.cluster.local:9858|priority:1, f1f7ad6c-7e44-4ce5-a205-092bafa6befd|rpc:datanode-1.datanode.default.svc.cluster.local:9856|admin:datanode-1.datanode.default.svc.cluster.local:9857|client:datanode-1.datanode.default.svc.cluster.local:9858|priority:0, 5112ed30-49cf-4cda-aa94-ea658ed3d78b|rpc:datanode-0.datanode.default.svc.cluster.local:9856|admin:datanode-0.datanode.default.svc.cluster.local:9857|client:datanode-0.datanode.default.svc.cluster.local:9858|priority:0], old=null
2022-08-23 07:36:00 INFO  RaftServer$Division:299 - f1f7ad6c-7e44-4ce5-a205-092bafa6befd@group-D8673A506F76: changes role from      null to FOLLOWER at term 0 for startAsFollower
2022-08-23 07:36:00 INFO  RoleInfo:139 - f1f7ad6c-7e44-4ce5-a205-092bafa6befd: start f1f7ad6c-7e44-4ce5-a205-092bafa6befd@group-D8673A506F76-FollowerState
2022-08-23 07:36:00 INFO  JmxRegister:44 - Successfully registered JMX Bean with object name Ratis:service=RaftServer,group=group-D8673A506F76,id=f1f7ad6c-7e44-4ce5-a205-092bafa6befd
2022-08-23 07:36:00 INFO  XceiverServerRatis:765 - Created group PipelineID=9a69d3f5-961c-4144-9dde-d8673a506f76
2022-08-23 07:36:00 INFO  CreatePipelineCommandHandler:113 - Created Pipeline RATIS THREE PipelineID=9a69d3f5-961c-4144-9dde-d8673a506f76.
2022-08-23 07:36:02 INFO  RaftServer:96 - f1f7ad6c-7e44-4ce5-a205-092bafa6befd: addNew group-594A29F3CC5E:[84a3e63e-3d12-49d8-882a-eee2a60bf45e|rpc:datanode-2.datanode.default.svc.cluster.local:9856|admin:datanode-2.datanode.default.svc.cluster.local:9857|client:datanode-2.datanode.default.svc.cluster.local:9858|dataStream:|priority:1, f1f7ad6c-7e44-4ce5-a205-092bafa6befd|rpc:datanode-1.datanode.default.svc.cluster.local:9856|admin:datanode-1.datanode.default.svc.cluster.local:9857|client:datanode-1.datanode.default.svc.cluster.local:9858|dataStream:|priority:0, 5112ed30-49cf-4cda-aa94-ea658ed3d78b|rpc:datanode-0.datanode.default.svc.cluster.local:9856|admin:datanode-0.datanode.default.svc.cluster.local:9857|client:datanode-0.datanode.default.svc.cluster.local:9858|dataStream:|priority:0] returns group-594A29F3CC5E:java.util.concurrent.CompletableFuture@77e92f96[Not completed]
2022-08-23 07:36:02 INFO  RaftServer$Division:190 - f1f7ad6c-7e44-4ce5-a205-092bafa6befd: new RaftServerImpl for group-594A29F3CC5E:[84a3e63e-3d12-49d8-882a-eee2a60bf45e|rpc:datanode-2.datanode.default.svc.cluster.local:9856|admin:datanode-2.datanode.default.svc.cluster.local:9857|client:datanode-2.datanode.default.svc.cluster.local:9858|dataStream:|priority:1, f1f7ad6c-7e44-4ce5-a205-092bafa6befd|rpc:datanode-1.datanode.default.svc.cluster.local:9856|admin:datanode-1.datanode.default.svc.cluster.local:9857|client:datanode-1.datanode.default.svc.cluster.local:9858|dataStream:|priority:0, 5112ed30-49cf-4cda-aa94-ea658ed3d78b|rpc:datanode-0.datanode.default.svc.cluster.local:9856|admin:datanode-0.datanode.default.svc.cluster.local:9857|client:datanode-0.datanode.default.svc.cluster.local:9858|dataStream:|priority:0] with ContainerStateMachine:uninitialized
2022-08-23 07:36:02 INFO  RaftServerConfigKeys:46 - raft.server.rpc.timeout.min = 5s (custom)
2022-08-23 07:36:02 INFO  RaftServerConfigKeys:46 - raft.server.rpc.timeout.max = 5200ms (custom)
2022-08-23 07:36:02 INFO  RaftServerConfigKeys:46 - raft.server.rpc.sleep.time = 25ms (default)
2022-08-23 07:36:02 INFO  RaftServerConfigKeys:46 - raft.server.rpc.slowness.timeout = 300s (custom)
2022-08-23 07:36:02 INFO  RaftServerConfigKeys:46 - raft.server.leaderelection.leader.step-down.wait-time = 10s (default)
2022-08-23 07:36:02 INFO  RaftServerConfigKeys:46 - raft.server.sleep.deviation.threshold = 300ms (default)
2022-08-23 07:36:02 INFO  RaftServer$Division:107 - f1f7ad6c-7e44-4ce5-a205-092bafa6befd@group-594A29F3CC5E: ConfigurationManager, init=-1: [84a3e63e-3d12-49d8-882a-eee2a60bf45e|rpc:datanode-2.datanode.default.svc.cluster.local:9856|admin:datanode-2.datanode.default.svc.cluster.local:9857|client:datanode-2.datanode.default.svc.cluster.local:9858|dataStream:|priority:1, f1f7ad6c-7e44-4ce5-a205-092bafa6befd|rpc:datanode-1.datanode.default.svc.cluster.local:9856|admin:datanode-1.datanode.default.svc.cluster.local:9857|client:datanode-1.datanode.default.svc.cluster.local:9858|dataStream:|priority:0, 5112ed30-49cf-4cda-aa94-ea658ed3d78b|rpc:datanode-0.datanode.default.svc.cluster.local:9856|admin:datanode-0.datanode.default.svc.cluster.local:9857|client:datanode-0.datanode.default.svc.cluster.local:9858|dataStream:|priority:0], old=null, confs=<EMPTY_MAP>
2022-08-23 07:36:02 INFO  RaftServerConfigKeys:46 - raft.server.storage.dir = [/data/metadata/ratis] (custom)
2022-08-23 07:36:02 INFO  RaftServerConfigKeys:46 - raft.server.log.corruption.policy = EXCEPTION (default)
2022-08-23 07:36:02 INFO  RaftServerConfigKeys:46 - raft.server.storage.free-space.min = 0MB (=0) (default)
2022-08-23 07:36:02 INFO  RaftStorageDirectory:135 - The storage directory /data/metadata/ratis/cbabc59c-27b9-48db-a319-594a29f3cc5e does not exist. Creating ...
2022-08-23 07:36:02 INFO  RaftStorageDirectory:230 - Lock on /data/metadata/ratis/cbabc59c-27b9-48db-a319-594a29f3cc5e/in_use.lock acquired by nodename 6@datanode-1
2022-08-23 07:36:02 INFO  RaftStorage:89 - Storage directory /data/metadata/ratis/cbabc59c-27b9-48db-a319-594a29f3cc5e has been successfully formatted.
2022-08-23 07:36:02 INFO  ContainerStateMachine:236 - group-594A29F3CC5E: The snapshot info is null. Setting the last applied indexto:(t:0, i:~)
2022-08-23 07:36:02 INFO  RaftServerConfigKeys:46 - raft.server.notification.no-leader.timeout = 300s (custom)
2022-08-23 07:36:02 INFO  RaftServerConfigKeys:46 - raft.server.log.use.memory = false (default)
2022-08-23 07:36:02 INFO  RaftServerConfigKeys:46 - raft.server.log.purge.gap = 1000000 (custom)
2022-08-23 07:36:02 INFO  RaftServerConfigKeys:46 - raft.server.log.appender.buffer.byte-limit = 33554432 (custom)
2022-08-23 07:36:02 INFO  RaftServerConfigKeys:46 - raft.server.log.statemachine.data.read.timeout = 1000ms (default)
2022-08-23 07:36:02 INFO  RaftServerConfigKeys:46 - raft.server.log.segment.size.max = 1048576 (custom)
2022-08-23 07:36:02 INFO  RaftServerConfigKeys:46 - raft.server.log.segment.cache.num.max = 2 (custom)
2022-08-23 07:36:02 INFO  RaftServerConfigKeys:46 - raft.server.log.segment.cache.size.max = 200MB (=209715200) (default)
2022-08-23 07:36:02 INFO  SegmentedRaftLogWorker:187 - new f1f7ad6c-7e44-4ce5-a205-092bafa6befd@group-594A29F3CC5E-SegmentedRaftLogWorker for RaftStorageImpl:Storage Directory /data/metadata/ratis/cbabc59c-27b9-48db-a319-594a29f3cc5e
2022-08-23 07:36:02 INFO  RaftServerConfigKeys:46 - raft.server.log.queue.byte-limit = 4294967296 (custom)
2022-08-23 07:36:02 INFO  RaftServerConfigKeys:46 - raft.server.log.queue.element-limit = 1024 (custom)
2022-08-23 07:36:02 INFO  RaftServerConfigKeys:46 - raft.server.log.segment.size.max = 1048576 (custom)
2022-08-23 07:36:02 INFO  RaftServerConfigKeys:46 - raft.server.log.preallocated.size = 16384 (custom)
2022-08-23 07:36:02 INFO  RaftServerConfigKeys:46 - raft.server.log.force.sync.num = 128 (default)
2022-08-23 07:36:02 INFO  RaftServerConfigKeys:46 - raft.server.log.statemachine.data.sync = true (default)
2022-08-23 07:36:02 INFO  RaftServerConfigKeys:46 - raft.server.log.statemachine.data.sync.timeout = 10s (default)
2022-08-23 07:36:02 INFO  RaftServerConfigKeys:46 - raft.server.log.statemachine.data.sync.timeout.retry = -1 (default)
2022-08-23 07:36:02 INFO  RaftServerConfigKeys:46 - raft.server.log.write.buffer.size = 1048576 (custom)
2022-08-23 07:36:02 INFO  RaftServerConfigKeys:46 - raft.server.log.unsafe-flush.enabled = false (default)
2022-08-23 07:36:02 INFO  RaftServerConfigKeys:46 - raft.server.log.statemachine.data.caching.enabled = true (custom)
2022-08-23 07:36:02 INFO  SegmentedRaftLogWorker:135 - f1f7ad6c-7e44-4ce5-a205-092bafa6befd@group-594A29F3CC5E-SegmentedRaftLogWorker: flushIndex: setUnconditionally 0 -> -1
2022-08-23 07:36:02 INFO  SegmentedRaftLogWorker:135 - f1f7ad6c-7e44-4ce5-a205-092bafa6befd@group-594A29F3CC5E-SegmentedRaftLogWorker: safeCacheEvictIndex: setUnconditionally 0 -> -1
2022-08-23 07:36:02 INFO  RaftServerConfigKeys:46 - raft.server.snapshot.auto.trigger.enabled = true (custom)
2022-08-23 07:36:02 INFO  RaftServerConfigKeys:46 - raft.server.snapshot.auto.trigger.threshold = 10000 (custom)
2022-08-23 07:36:02 INFO  RaftServerConfigKeys:46 - raft.server.snapshot.retention.file.num = 5 (custom)
2022-08-23 07:36:02 INFO  RaftServerConfigKeys:46 - raft.server.log.purge.upto.snapshot.index = false (default)
2022-08-23 07:36:02 INFO  RaftServerConfigKeys:46 - raft.server.retrycache.expirytime = 600000ms (custom)
2022-08-23 07:36:02 INFO  RaftServerConfigKeys:46 - raft.server.retrycache.statistics.expirytime = 100?s (default)
2022-08-23 07:36:02 INFO  RaftServerConfigKeys:46 - raft.server.log.appender.install.snapshot.enabled = false (custom)
2022-08-23 07:36:02 INFO  RaftServerConfigKeys:46 - raft.server.threadpool.server.cached = true (default)
2022-08-23 07:36:02 INFO  RaftServerConfigKeys:46 - raft.server.threadpool.server.size = 0 (default)
2022-08-23 07:36:02 INFO  RaftServerConfigKeys:46 - raft.server.threadpool.client.cached = true (default)
2022-08-23 07:36:02 INFO  RaftServerConfigKeys:46 - raft.server.threadpool.client.size = 0 (default)
2022-08-23 07:36:02 INFO  RaftServer$Division:310 - f1f7ad6c-7e44-4ce5-a205-092bafa6befd@group-594A29F3CC5E: start as a follower, conf=-1: [84a3e63e-3d12-49d8-882a-eee2a60bf45e|rpc:datanode-2.datanode.default.svc.cluster.local:9856|admin:datanode-2.datanode.default.svc.cluster.local:9857|client:datanode-2.datanode.default.svc.cluster.local:9858|dataStream:|priority:1, f1f7ad6c-7e44-4ce5-a205-092bafa6befd|rpc:datanode-1.datanode.default.svc.cluster.local:9856|admin:datanode-1.datanode.default.svc.cluster.local:9857|client:datanode-1.datanode.default.svc.cluster.local:9858|dataStream:|priority:0, 5112ed30-49cf-4cda-aa94-ea658ed3d78b|rpc:datanode-0.datanode.default.svc.cluster.local:9856|admin:datanode-0.datanode.default.svc.cluster.local:9857|client:datanode-0.datanode.default.svc.cluster.local:9858|dataStream:|priority:0], old=null
2022-08-23 07:36:02 INFO  RaftServer$Division:299 - f1f7ad6c-7e44-4ce5-a205-092bafa6befd@group-594A29F3CC5E: changes role from      null to FOLLOWER at term 0 for startAsFollower
2022-08-23 07:36:02 INFO  RoleInfo:139 - f1f7ad6c-7e44-4ce5-a205-092bafa6befd: start f1f7ad6c-7e44-4ce5-a205-092bafa6befd@group-594A29F3CC5E-FollowerState
2022-08-23 07:36:02 INFO  JmxRegister:44 - Successfully registered JMX Bean with object name Ratis:service=RaftServer,group=group-594A29F3CC5E,id=f1f7ad6c-7e44-4ce5-a205-092bafa6befd
2022-08-23 07:36:05 INFO  FollowerState:143 - f1f7ad6c-7e44-4ce5-a205-092bafa6befd@group-1C0ADC784C62-FollowerState: change to CANDIDATE, lastRpcElapsedTime:5140065020ns, electionTimeout:5138ms
2022-08-23 07:36:05 INFO  RoleInfo:110 - f1f7ad6c-7e44-4ce5-a205-092bafa6befd: shutdown f1f7ad6c-7e44-4ce5-a205-092bafa6befd@group-1C0ADC784C62-FollowerState
2022-08-23 07:36:05 INFO  RaftServer$Division:299 - f1f7ad6c-7e44-4ce5-a205-092bafa6befd@group-1C0ADC784C62: changes role from  FOLLOWER to CANDIDATE at term 0 for changeToCandidate
2022-08-23 07:36:05 INFO  RaftServerConfigKeys:46 - raft.server.leaderelection.pre-vote = false (custom)
2022-08-23 07:36:05 INFO  RoleInfo:139 - f1f7ad6c-7e44-4ce5-a205-092bafa6befd: start f1f7ad6c-7e44-4ce5-a205-092bafa6befd@group-1C0ADC784C62-LeaderElection1
2022-08-23 07:36:05 INFO  LeaderElection:310 - f1f7ad6c-7e44-4ce5-a205-092bafa6befd@group-1C0ADC784C62-LeaderElection1 ELECTION round 0: submit vote requests at term 1 for -1: [f1f7ad6c-7e44-4ce5-a205-092bafa6befd|rpc:datanode-1.datanode.default.svc.cluster.local:9856|admin:datanode-1.datanode.default.svc.cluster.local:9857|client:datanode-1.datanode.default.svc.cluster.local:9858|priority:1], old=null
2022-08-23 07:36:05 INFO  LeaderElection:312 - f1f7ad6c-7e44-4ce5-a205-092bafa6befd@group-1C0ADC784C62-LeaderElection1 ELECTION round 0: result PASSED (term=1)
2022-08-23 07:36:05 INFO  RoleInfo:130 - f1f7ad6c-7e44-4ce5-a205-092bafa6befd: shutdown f1f7ad6c-7e44-4ce5-a205-092bafa6befd@group-1C0ADC784C62-LeaderElection1
2022-08-23 07:36:05 INFO  RaftServer$Division:299 - f1f7ad6c-7e44-4ce5-a205-092bafa6befd@group-1C0ADC784C62: changes role from CANDIDATE to LEADER at term 1 for changeToLeader
2022-08-23 07:36:05 INFO  XceiverServerRatis:863 - Leader change notification received for group: group-1C0ADC784C62 with new leaderId: f1f7ad6c-7e44-4ce5-a205-092bafa6befd
2022-08-23 07:36:05 INFO  RaftServer$Division:287 - f1f7ad6c-7e44-4ce5-a205-092bafa6befd@group-1C0ADC784C62: change Leader from null to f1f7ad6c-7e44-4ce5-a205-092bafa6befd at term 1 for becomeLeader, leader elected after 5176ms
2022-08-23 07:36:05 INFO  RaftServerConfigKeys:46 - raft.server.staging.catchup.gap = 1000 (default)
2022-08-23 07:36:05 INFO  RaftServerConfigKeys:46 - raft.server.write.element-limit = 1024 (custom)
2022-08-23 07:36:05 INFO  RaftServerConfigKeys:46 - raft.server.write.byte-limit = 1024 M (=1073741824) (custom)
2022-08-23 07:36:05 INFO  RaftServerConfigKeys:46 - raft.server.watch.timeout = 180s (custom)
2022-08-23 07:36:05 INFO  RaftServerConfigKeys:46 - raft.server.watch.timeout.denomination = 1s (default)
2022-08-23 07:36:05 INFO  RaftServerConfigKeys:46 - raft.server.watch.element-limit = 65536 (default)
2022-08-23 07:36:05 INFO  RaftServerConfigKeys:46 - raft.server.write.element-limit = 1024 (custom)
2022-08-23 07:36:05 INFO  RaftServerConfigKeys:46 - raft.server.write.follower.gap.ratio.max = -1.0 (default)
2022-08-23 07:36:05 INFO  RoleInfo:139 - f1f7ad6c-7e44-4ce5-a205-092bafa6befd: start f1f7ad6c-7e44-4ce5-a205-092bafa6befd@group-1C0ADC784C62-LeaderStateImpl
2022-08-23 07:36:05 INFO  SegmentedRaftLogWorker:425 - f1f7ad6c-7e44-4ce5-a205-092bafa6befd@group-1C0ADC784C62-SegmentedRaftLogWorker: Starting segment from index:0
2022-08-23 07:36:05 INFO  SegmentedRaftLogWorker:629 - f1f7ad6c-7e44-4ce5-a205-092bafa6befd@group-1C0ADC784C62-SegmentedRaftLogWorker: created new log segment /data/metadata/ratis/3a0d0c13-aa9d-4869-9d95-1c0adc784c62/current/log_inprogress_0
2022-08-23 07:36:05 INFO  RaftServer$Division:393 - f1f7ad6c-7e44-4ce5-a205-092bafa6befd@group-1C0ADC784C62: set configuration 0: [f1f7ad6c-7e44-4ce5-a205-092bafa6befd|rpc:datanode-1.datanode.default.svc.cluster.local:9856|admin:datanode-1.datanode.default.svc.cluster.local:9857|client:datanode-1.datanode.default.svc.cluster.local:9858|dataStream:|priority:1], old=null
2022-08-23 07:36:05 INFO  FollowerState:143 - f1f7ad6c-7e44-4ce5-a205-092bafa6befd@group-D8673A506F76-FollowerState: change to CANDIDATE, lastRpcElapsedTime:5202853004ns, electionTimeout:5198ms
2022-08-23 07:36:05 INFO  RoleInfo:110 - f1f7ad6c-7e44-4ce5-a205-092bafa6befd: shutdown f1f7ad6c-7e44-4ce5-a205-092bafa6befd@group-D8673A506F76-FollowerState
2022-08-23 07:36:05 INFO  RaftServer$Division:299 - f1f7ad6c-7e44-4ce5-a205-092bafa6befd@group-D8673A506F76: changes role from  FOLLOWER to CANDIDATE at term 0 for changeToCandidate
2022-08-23 07:36:05 INFO  RaftServerConfigKeys:46 - raft.server.leaderelection.pre-vote = false (custom)
2022-08-23 07:36:05 INFO  RoleInfo:139 - f1f7ad6c-7e44-4ce5-a205-092bafa6befd: start f1f7ad6c-7e44-4ce5-a205-092bafa6befd@group-D8673A506F76-LeaderElection2
2022-08-23 07:36:05 INFO  LeaderElection:310 - f1f7ad6c-7e44-4ce5-a205-092bafa6befd@group-D8673A506F76-LeaderElection2 ELECTION round 0: submit vote requests at term 1 for -1: [84a3e63e-3d12-49d8-882a-eee2a60bf45e|rpc:datanode-2.datanode.default.svc.cluster.local:9856|admin:datanode-2.datanode.default.svc.cluster.local:9857|client:datanode-2.datanode.default.svc.cluster.local:9858|priority:1, f1f7ad6c-7e44-4ce5-a205-092bafa6befd|rpc:datanode-1.datanode.default.svc.cluster.local:9856|admin:datanode-1.datanode.default.svc.cluster.local:9857|client:datanode-1.datanode.default.svc.cluster.local:9858|priority:0, 5112ed30-49cf-4cda-aa94-ea658ed3d78b|rpc:datanode-0.datanode.default.svc.cluster.local:9856|admin:datanode-0.datanode.default.svc.cluster.local:9857|client:datanode-0.datanode.default.svc.cluster.local:9858|priority:0], old=null
2022-08-23 07:36:05 INFO  LeaderElection:137 - f1f7ad6c-7e44-4ce5-a205-092bafa6befd@group-D8673A506F76-LeaderElection2 got exception when requesting votes: java.util.concurrent.ExecutionException: org.apache.ratis.thirdparty.io.grpc.StatusRuntimeException: INTERNAL: 84a3e63e-3d12-49d8-882a-eee2a60bf45e: group-D8673A506F76 not found.
2022-08-23 07:36:05 INFO  LeaderElection:90 - f1f7ad6c-7e44-4ce5-a205-092bafa6befd@group-D8673A506F76-LeaderElection2: ELECTION PASSED received 1 response(s) and 1 exception(s):
2022-08-23 07:36:05 INFO  LeaderElection:94 -   Response 0: f1f7ad6c-7e44-4ce5-a205-092bafa6befd<-5112ed30-49cf-4cda-aa94-ea658ed3d78b#0:OK-t1
2022-08-23 07:36:05 INFO  LeaderElection:137 -   Exception 1: java.util.concurrent.ExecutionException: org.apache.ratis.thirdparty.io.grpc.StatusRuntimeException: INTERNAL: 84a3e63e-3d12-49d8-882a-eee2a60bf45e: group-D8673A506F76 not found.
2022-08-23 07:36:05 INFO  LeaderElection:312 - f1f7ad6c-7e44-4ce5-a205-092bafa6befd@group-D8673A506F76-LeaderElection2 ELECTION round 0: result PASSED
2022-08-23 07:36:05 INFO  RoleInfo:130 - f1f7ad6c-7e44-4ce5-a205-092bafa6befd: shutdown f1f7ad6c-7e44-4ce5-a205-092bafa6befd@group-D8673A506F76-LeaderElection2
2022-08-23 07:36:05 INFO  RaftServer$Division:299 - f1f7ad6c-7e44-4ce5-a205-092bafa6befd@group-D8673A506F76: changes role from CANDIDATE to LEADER at term 1 for changeToLeader
2022-08-23 07:36:05 INFO  XceiverServerRatis:863 - Leader change notification received for group: group-D8673A506F76 with new leaderId: f1f7ad6c-7e44-4ce5-a205-092bafa6befd
2022-08-23 07:36:05 INFO  RaftServer$Division:287 - f1f7ad6c-7e44-4ce5-a205-092bafa6befd@group-D8673A506F76: change Leader from null to f1f7ad6c-7e44-4ce5-a205-092bafa6befd at term 1 for becomeLeader, leader elected after 5282ms
2022-08-23 07:36:05 INFO  RaftServerConfigKeys:46 - raft.server.staging.catchup.gap = 1000 (default)
2022-08-23 07:36:05 INFO  RaftServerConfigKeys:46 - raft.server.write.element-limit = 1024 (custom)
2022-08-23 07:36:05 INFO  RaftServerConfigKeys:46 - raft.server.write.byte-limit = 1024 M (=1073741824) (custom)
2022-08-23 07:36:05 INFO  RaftServerConfigKeys:46 - raft.server.watch.timeout = 180s (custom)
2022-08-23 07:36:05 INFO  RaftServerConfigKeys:46 - raft.server.watch.timeout.denomination = 1s (default)
2022-08-23 07:36:05 INFO  RaftServerConfigKeys:46 - raft.server.watch.element-limit = 65536 (default)
2022-08-23 07:36:05 INFO  RaftServerConfigKeys:46 - raft.server.write.element-limit = 1024 (custom)
2022-08-23 07:36:05 INFO  RaftServerConfigKeys:46 - raft.server.write.follower.gap.ratio.max = -1.0 (default)
2022-08-23 07:36:05 INFO  RaftServerConfigKeys:46 - raft.server.log.appender.snapshot.chunk.size.max = 16MB (=16777216) (default)
2022-08-23 07:36:05 INFO  RaftServerConfigKeys:46 - raft.server.log.appender.buffer.byte-limit = 33554432 (custom)
2022-08-23 07:36:05 INFO  RaftServerConfigKeys:46 - raft.server.log.appender.buffer.element-limit = 1 (custom)
2022-08-23 07:36:05 INFO  GrpcConfigKeys:46 - raft.grpc.server.leader.outstanding.appends.max = 128 (default)
2022-08-23 07:36:05 INFO  RaftServerConfigKeys:46 - raft.server.rpc.request.timeout = 60s (custom)
2022-08-23 07:36:05 INFO  RaftServerConfigKeys:46 - raft.server.log.appender.install.snapshot.enabled = false (custom)
2022-08-23 07:36:05 INFO  RaftServerConfigKeys:46 - raft.server.log.appender.snapshot.chunk.size.max = 16MB (=16777216) (default)
2022-08-23 07:36:05 INFO  RaftServerConfigKeys:46 - raft.server.log.appender.buffer.byte-limit = 33554432 (custom)
2022-08-23 07:36:05 INFO  RaftServerConfigKeys:46 - raft.server.log.appender.buffer.element-limit = 1 (custom)
2022-08-23 07:36:05 INFO  GrpcConfigKeys:46 - raft.grpc.server.leader.outstanding.appends.max = 128 (default)
2022-08-23 07:36:05 INFO  RaftServerConfigKeys:46 - raft.server.rpc.request.timeout = 60s (custom)
2022-08-23 07:36:05 INFO  RaftServerConfigKeys:46 - raft.server.log.appender.install.snapshot.enabled = false (custom)
2022-08-23 07:36:05 INFO  RoleInfo:139 - f1f7ad6c-7e44-4ce5-a205-092bafa6befd: start f1f7ad6c-7e44-4ce5-a205-092bafa6befd@group-D8673A506F76-LeaderStateImpl
2022-08-23 07:36:05 INFO  SegmentedRaftLogWorker:425 - f1f7ad6c-7e44-4ce5-a205-092bafa6befd@group-D8673A506F76-SegmentedRaftLogWorker: Starting segment from index:0
2022-08-23 07:36:05 INFO  SegmentedRaftLogWorker:629 - f1f7ad6c-7e44-4ce5-a205-092bafa6befd@group-D8673A506F76-SegmentedRaftLogWorker: created new log segment /data/metadata/ratis/9a69d3f5-961c-4144-9dde-d8673a506f76/current/log_inprogress_0
2022-08-23 07:36:05 INFO  RaftServer$Division:393 - f1f7ad6c-7e44-4ce5-a205-092bafa6befd@group-D8673A506F76: set configuration 0: [84a3e63e-3d12-49d8-882a-eee2a60bf45e|rpc:datanode-2.datanode.default.svc.cluster.local:9856|admin:datanode-2.datanode.default.svc.cluster.local:9857|client:datanode-2.datanode.default.svc.cluster.local:9858|dataStream:|priority:1, f1f7ad6c-7e44-4ce5-a205-092bafa6befd|rpc:datanode-1.datanode.default.svc.cluster.local:9856|admin:datanode-1.datanode.default.svc.cluster.local:9857|client:datanode-1.datanode.default.svc.cluster.local:9858|dataStream:|priority:0, 5112ed30-49cf-4cda-aa94-ea658ed3d78b|rpc:datanode-0.datanode.default.svc.cluster.local:9856|admin:datanode-0.datanode.default.svc.cluster.local:9857|client:datanode-0.datanode.default.svc.cluster.local:9858|dataStream:|priority:0], old=null
2022-08-23 07:36:07 INFO  RaftServer$Division:1152 - f1f7ad6c-7e44-4ce5-a205-092bafa6befd@group-594A29F3CC5E: receive requestVote(ELECTION, 84a3e63e-3d12-49d8-882a-eee2a60bf45e, group-594A29F3CC5E, 1, (t:0, i:0))
2022-08-23 07:36:07 INFO  VoteContext:48 - f1f7ad6c-7e44-4ce5-a205-092bafa6befd@group-594A29F3CC5E-FOLLOWER: accept ELECTION from 84a3e63e-3d12-49d8-882a-eee2a60bf45e: our priority 0 <= candidate's priority 1
2022-08-23 07:36:07 INFO  RaftServer$Division:299 - f1f7ad6c-7e44-4ce5-a205-092bafa6befd@group-594A29F3CC5E: changes role from  FOLLOWER to FOLLOWER at term 1 for candidate:84a3e63e-3d12-49d8-882a-eee2a60bf45e
2022-08-23 07:36:07 INFO  RoleInfo:110 - f1f7ad6c-7e44-4ce5-a205-092bafa6befd: shutdown f1f7ad6c-7e44-4ce5-a205-092bafa6befd@group-594A29F3CC5E-FollowerState
2022-08-23 07:36:07 INFO  FollowerState:152 - f1f7ad6c-7e44-4ce5-a205-092bafa6befd@group-594A29F3CC5E-FollowerState was interrupted
2022-08-23 07:36:07 INFO  RoleInfo:139 - f1f7ad6c-7e44-4ce5-a205-092bafa6befd: start f1f7ad6c-7e44-4ce5-a205-092bafa6befd@group-594A29F3CC5E-FollowerState
2022-08-23 07:36:07 INFO  RaftServer$Division:1184 - f1f7ad6c-7e44-4ce5-a205-092bafa6befd@group-594A29F3CC5E replies to ELECTION vote request: 84a3e63e-3d12-49d8-882a-eee2a60bf45e<-f1f7ad6c-7e44-4ce5-a205-092bafa6befd#0:OK-t1. Peer's state: f1f7ad6c-7e44-4ce5-a205-092bafa6befd@group-594A29F3CC5E:t1, leader=null, voted=84a3e63e-3d12-49d8-882a-eee2a60bf45e, raftlog=f1f7ad6c-7e44-4ce5-a205-092bafa6befd@group-594A29F3CC5E-SegmentedRaftLog:OPENED:c-1, conf=-1: [84a3e63e-3d12-49d8-882a-eee2a60bf45e|rpc:datanode-2.datanode.default.svc.cluster.local:9856|admin:datanode-2.datanode.default.svc.cluster.local:9857|client:datanode-2.datanode.default.svc.cluster.local:9858|dataStream:|priority:1, f1f7ad6c-7e44-4ce5-a205-092bafa6befd|rpc:datanode-1.datanode.default.svc.cluster.local:9856|admin:datanode-1.datanode.default.svc.cluster.local:9857|client:datanode-1.datanode.default.svc.cluster.local:9858|dataStream:|priority:0, 5112ed30-49cf-4cda-aa94-ea658ed3d78b|rpc:datanode-0.datanode.default.svc.cluster.local:9856|admin:datanode-0.datanode.default.svc.cluster.local:9857|client:datanode-0.datanode.default.svc.cluster.local:9858|dataStream:|priority:0], old=null
2022-08-23 07:36:07 INFO  XceiverServerRatis:863 - Leader change notification received for group: group-594A29F3CC5E with new leaderId: 84a3e63e-3d12-49d8-882a-eee2a60bf45e
2022-08-23 07:36:07 INFO  RaftServer$Division:287 - f1f7ad6c-7e44-4ce5-a205-092bafa6befd@group-594A29F3CC5E: change Leader from null to 84a3e63e-3d12-49d8-882a-eee2a60bf45e at term 1 for appendEntries, leader elected after 5053ms
2022-08-23 07:36:07 INFO  RaftServer$Division:393 - f1f7ad6c-7e44-4ce5-a205-092bafa6befd@group-594A29F3CC5E: set configuration 0: [84a3e63e-3d12-49d8-882a-eee2a60bf45e|rpc:datanode-2.datanode.default.svc.cluster.local:9856|admin:datanode-2.datanode.default.svc.cluster.local:9857|client:datanode-2.datanode.default.svc.cluster.local:9858|dataStream:|priority:1, f1f7ad6c-7e44-4ce5-a205-092bafa6befd|rpc:datanode-1.datanode.default.svc.cluster.local:9856|admin:datanode-1.datanode.default.svc.cluster.local:9857|client:datanode-1.datanode.default.svc.cluster.local:9858|dataStream:|priority:0, 5112ed30-49cf-4cda-aa94-ea658ed3d78b|rpc:datanode-0.datanode.default.svc.cluster.local:9856|admin:datanode-0.datanode.default.svc.cluster.local:9857|client:datanode-0.datanode.default.svc.cluster.local:9858|dataStream:|priority:0], old=null
2022-08-23 07:36:07 INFO  SegmentedRaftLogWorker:425 - f1f7ad6c-7e44-4ce5-a205-092bafa6befd@group-594A29F3CC5E-SegmentedRaftLogWorker: Starting segment from index:0
2022-08-23 07:36:07 INFO  SegmentedRaftLogWorker:629 - f1f7ad6c-7e44-4ce5-a205-092bafa6befd@group-594A29F3CC5E-SegmentedRaftLogWorker: created new log segment /data/metadata/ratis/cbabc59c-27b9-48db-a319-594a29f3cc5e/current/log_inprogress_0
2022-08-23 07:36:10 INFO  RaftServer$Division:975 - f1f7ad6c-7e44-4ce5-a205-092bafa6befd@group-D8673A506F76-LeaderStateImpl send StartLeaderElectionRequest to follower:84a3e63e-3d12-49d8-882a-eee2a60bf45e on term:1 because follower's priority:1 is higher than leader's:0 and follower's lastEntry index:0 catch up with leader's:0
2022-08-23 07:36:15 INFO  RaftServer$Division:975 - f1f7ad6c-7e44-4ce5-a205-092bafa6befd@group-D8673A506F76-LeaderStateImpl send StartLeaderElectionRequest to follower:84a3e63e-3d12-49d8-882a-eee2a60bf45e on term:1 because follower's priority:1 is higher than leader's:0 and follower's lastEntry index:0 catch up with leader's:0
2022-08-23 07:36:21 INFO  RaftServer$Division:975 - f1f7ad6c-7e44-4ce5-a205-092bafa6befd@group-D8673A506F76-LeaderStateImpl send StartLeaderElectionRequest to follower:84a3e63e-3d12-49d8-882a-eee2a60bf45e on term:1 because follower's priority:1 is higher than leader's:0 and follower's lastEntry index:0 catch up with leader's:0
2022-08-23 07:36:26 INFO  RaftServer$Division:975 - f1f7ad6c-7e44-4ce5-a205-092bafa6befd@group-D8673A506F76-LeaderStateImpl send StartLeaderElectionRequest to follower:84a3e63e-3d12-49d8-882a-eee2a60bf45e on term:1 because follower's priority:1 is higher than leader's:0 and follower's lastEntry index:0 catch up with leader's:0
2022-08-23 07:36:31 INFO  RaftServer:107 - f1f7ad6c-7e44-4ce5-a205-092bafa6befd: remove    LEADER f1f7ad6c-7e44-4ce5-a205-092bafa6befd@group-D8673A506F76:t1, leader=f1f7ad6c-7e44-4ce5-a205-092bafa6befd, voted=f1f7ad6c-7e44-4ce5-a205-092bafa6befd, raftlog=f1f7ad6c-7e44-4ce5-a205-092bafa6befd@group-D8673A506F76-SegmentedRaftLog:OPENED:c0, conf=0: [84a3e63e-3d12-49d8-882a-eee2a60bf45e|rpc:datanode-2.datanode.default.svc.cluster.local:9856|admin:datanode-2.datanode.default.svc.cluster.local:9857|client:datanode-2.datanode.default.svc.cluster.local:9858|dataStream:|priority:1, f1f7ad6c-7e44-4ce5-a205-092bafa6befd|rpc:datanode-1.datanode.default.svc.cluster.local:9856|admin:datanode-1.datanode.default.svc.cluster.local:9857|client:datanode-1.datanode.default.svc.cluster.local:9858|dataStream:|priority:0, 5112ed30-49cf-4cda-aa94-ea658ed3d78b|rpc:datanode-0.datanode.default.svc.cluster.local:9856|admin:datanode-0.datanode.default.svc.cluster.local:9857|client:datanode-0.datanode.default.svc.cluster.local:9858|dataStream:|priority:0], old=null RUNNING
2022-08-23 07:36:31 INFO  RaftServer$Division:434 - f1f7ad6c-7e44-4ce5-a205-092bafa6befd@group-D8673A506F76: shutdown
2022-08-23 07:36:31 INFO  JmxRegister:73 - Successfully un-registered JMX Bean with object name Ratis:service=RaftServer,group=group-D8673A506F76,id=f1f7ad6c-7e44-4ce5-a205-092bafa6befd
2022-08-23 07:36:31 INFO  RoleInfo:93 - f1f7ad6c-7e44-4ce5-a205-092bafa6befd: shutdown f1f7ad6c-7e44-4ce5-a205-092bafa6befd@group-D8673A506F76-LeaderStateImpl
2022-08-23 07:36:31 WARN  GrpcLogAppender:171 - f1f7ad6c-7e44-4ce5-a205-092bafa6befd@group-D8673A506F76->84a3e63e-3d12-49d8-882a-eee2a60bf45e-GrpcLogAppender: Wait interrupted by java.lang.InterruptedException
2022-08-23 07:36:31 INFO  PendingRequests:282 - f1f7ad6c-7e44-4ce5-a205-092bafa6befd@group-D8673A506F76-PendingRequests: sendNotLeaderResponses
2022-08-23 07:36:31 INFO  StateMachineUpdater:153 - f1f7ad6c-7e44-4ce5-a205-092bafa6befd@group-D8673A506F76-StateMachineUpdater: set stopIndex = 0
2022-08-23 07:36:31 WARN  GrpcLogAppender:171 - f1f7ad6c-7e44-4ce5-a205-092bafa6befd@group-D8673A506F76->5112ed30-49cf-4cda-aa94-ea658ed3d78b-GrpcLogAppender: Wait interrupted by java.lang.InterruptedException
2022-08-23 07:36:31 INFO  ContainerStateMachine:304 - group-D8673A506F76: Taking a snapshot at:(t:1, i:0) file /data/metadata/ratis/9a69d3f5-961c-4144-9dde-d8673a506f76/sm/snapshot.1_0
2022-08-23 07:36:31 INFO  ContainerStateMachine:315 - group-D8673A506F76: Finished taking a snapshot at:(t:1, i:0) file:/data/metadata/ratis/9a69d3f5-961c-4144-9dde-d8673a506f76/sm/snapshot.1_0 took: 4 ms
2022-08-23 07:36:31 INFO  GrpcLogAppender:339 - f1f7ad6c-7e44-4ce5-a205-092bafa6befd@group-D8673A506F76->84a3e63e-3d12-49d8-882a-eee2a60bf45e-AppendLogResponseHandler: follower responses appendEntries COMPLETED
2022-08-23 07:36:31 INFO  FollowerInfo:48 - f1f7ad6c-7e44-4ce5-a205-092bafa6befd@group-D8673A506F76->84a3e63e-3d12-49d8-882a-eee2a60bf45e: nextIndex: updateUnconditionally 1 -> 0
2022-08-23 07:36:31 INFO  StateMachineUpdater:287 - f1f7ad6c-7e44-4ce5-a205-092bafa6befd@group-D8673A506F76-StateMachineUpdater: Took a snapshot at index 0
2022-08-23 07:36:31 INFO  StateMachineUpdater:92 - f1f7ad6c-7e44-4ce5-a205-092bafa6befd@group-D8673A506F76-StateMachineUpdater: snapshotIndex: updateIncreasingly -1 -> 0
2022-08-23 07:36:31 INFO  GrpcLogAppender:339 - f1f7ad6c-7e44-4ce5-a205-092bafa6befd@group-D8673A506F76->5112ed30-49cf-4cda-aa94-ea658ed3d78b-AppendLogResponseHandler: follower responses appendEntries COMPLETED
2022-08-23 07:36:31 INFO  RaftServer$Division:429 - f1f7ad6c-7e44-4ce5-a205-092bafa6befd@group-D8673A506F76: closes. applyIndex: 0
2022-08-23 07:36:31 INFO  SegmentedRaftLogWorker:336 - f1f7ad6c-7e44-4ce5-a205-092bafa6befd@group-D8673A506F76-SegmentedRaftLogWorker was interrupted, exiting. There are 0 tasks remaining in the queue.
2022-08-23 07:36:31 INFO  SegmentedRaftLogWorker:246 - f1f7ad6c-7e44-4ce5-a205-092bafa6befd@group-D8673A506F76-SegmentedRaftLogWorker close()
2022-08-23 07:36:31 INFO  FollowerInfo:48 - f1f7ad6c-7e44-4ce5-a205-092bafa6befd@group-D8673A506F76->5112ed30-49cf-4cda-aa94-ea658ed3d78b: nextIndex: updateUnconditionally 1 -> 0
2022-08-23 07:36:31 INFO  RaftServer$Division:404 - f1f7ad6c-7e44-4ce5-a205-092bafa6befd@group-D8673A506F76: Succeed to remove RaftStorageDirectory Storage Directory /data/metadata/ratis/9a69d3f5-961c-4144-9dde-d8673a506f76
2022-08-23 07:36:31 INFO  ClosePipelineCommandHandler:78 - Close Pipeline PipelineID=9a69d3f5-961c-4144-9dde-d8673a506f76 command on datanode f1f7ad6c-7e44-4ce5-a205-092bafa6befd.
