rm: cannot remove '/home/runner/work/ozone/ozone/hadoop-ozone/dist/target/ozone-1.3.0-SNAPSHOT/compose/result/*': No such file or directory
Executing test in ozonesecure
Removing network ozonesecure_default
Network ozonesecure_default not found.
Creating network "ozonesecure_default" with the default driver
Pulling kdc (apache/ozone-testkrb5:20210419-1)...
20210419-1: Pulling from apache/ozone-testkrb5
Digest: sha256:ba7a04b9f7605b9ac64f34400f426f1e9938ad2b5be93365685097ba962ed19a
Status: Downloaded newer image for apache/ozone-testkrb5:20210419-1
Pulling kms (apache/hadoop:3)...
3: Pulling from apache/hadoop
Digest: sha256:793348d0839a55d27fb9466d4a5f7e058744866f5ab2cb7aa32f541b4810b215
Status: Downloaded newer image for apache/hadoop:3
Pulling datanode (apache/ozone-runner:20220228-1)...
20220228-1: Pulling from apache/ozone-runner
Digest: sha256:4e7fac095177756b946899f202c1c5971ebc31e76cb6153695df453a84583487
Status: Downloaded newer image for apache/ozone-runner:20220228-1
Creating ozonesecure_kdc_1 ... 
Creating ozonesecure_kms_1 ... 
Creating ozonesecure_scm_1 ... 
Creating ozonesecure_s3g_1 ... 
Creating ozonesecure_datanode_1 ... 
Creating ozonesecure_datanode_2 ... 
Creating ozonesecure_datanode_3 ... 
Creating ozonesecure_om_1       ... 
Creating ozonesecure_recon_1    ... 
Creating ozonesecure_kdc_1      ... done
Creating ozonesecure_scm_1      ... done
Creating ozonesecure_recon_1    ... done
Creating ozonesecure_s3g_1      ... done
Creating ozonesecure_kms_1      ... done
Creating ozonesecure_datanode_1 ... done
Creating ozonesecure_datanode_3 ... done
Creating ozonesecure_datanode_2 ... done
Creating ozonesecure_om_1       ... done
SECONDS: 57
com.google.protobuf.ServiceException: java.net.ConnectException: Call From scm/172.18.0.4 to scm:9860 failed on connection exception: java.net.ConnectException: Connection refused; For more details see: http://wiki.apache.org/hadoop/ConnectionRefused, while invoking $Proxy20.submitRequest over nodeId=scmNodeId,nodeAddress=scm/172.18.0.4:9860 after 1 failover attempts. Trying to failover after sleeping for 2000ms. com.google.protobuf.ServiceException: java.net.ConnectException: Call From scm/172.18.0.4 to scm:9860 failed on connection exception: java.net.ConnectException: Connection refused; For more details see: http://wiki.apache.org/hadoop/ConnectionRefused, while invoking $Proxy20.submitRequest over nodeId=scmNodeId,nodeAddress=scm/172.18.0.4:9860 after 2 failover attempts. Trying to failover after sleeping for 2000ms. SCM is in safe mode. validated:false, DataNodeSafeModeRule, registered datanodes (=0) >= required datanodes (=3) validated:false, HealthyPipelineSafeModeRule, healthy Ratis/THREE pipelines (=0) >= healthyPipelineThresholdCount (=1) validated:true, ContainerSafeModeRule, % of containers with at least one reported replica (=1.00) >= safeModeCutoff (=0.99) validated:true, AtleastOneDatanodeReportedRule, reported Ratis/THREE pipelines with at least one datanode (=0) >= threshold (=0)
SECONDS: 90
SCM is in safe mode. validated:true, DataNodeSafeModeRule, registered datanodes (=3) >= required datanodes (=3) validated:false, HealthyPipelineSafeModeRule, healthy Ratis/THREE pipelines (=0) >= healthyPipelineThresholdCount (=1) validated:true, ContainerSafeModeRule, % of containers with at least one reported replica (=1.00) >= safeModeCutoff (=0.99) validated:true, AtleastOneDatanodeReportedRule, reported Ratis/THREE pipelines with at least one datanode (=0) >= threshold (=0)
SECONDS: 103
SCM is out of safe mode.
Safe mode is off
No OM HA service, no need to wait
key1 has been successfully created with options Options{cipher='AES/CTR/NoPadding', bitLength=128, description='null', attributes=null}.
org.apache.hadoop.crypto.key.kms.LoadBalancingKMSClientProvider@61386958 has been updated.
==============================================================================
Kinit :: Kinit test user                                                      
==============================================================================
Kinit                                                                 | PASS |
------------------------------------------------------------------------------
Kinit :: Kinit test user                                              | PASS |
1 test, 1 passed, 0 failed
==============================================================================
Output:  /tmp/smoketest/ozonesecure/result/robot-ozonesecure-ozonesecure-kinit-scm.xml
==============================================================================
Basic                                                                         
==============================================================================
Basic.Basic :: Smoketest ozone cluster startup                                
==============================================================================
Check webui static resources                                          | PASS |
------------------------------------------------------------------------------
Basic Freon smoketest                                                 | PASS |
------------------------------------------------------------------------------
Basic.Basic :: Smoketest ozone cluster startup                        | PASS |
2 tests, 2 passed, 0 failed
==============================================================================
Basic.Getconf :: Test 'ozone getconf' command                                 
==============================================================================
Get OM                                                                | PASS |
------------------------------------------------------------------------------
Get SCM                                                               | PASS |
------------------------------------------------------------------------------
Get existing config key                                               | PASS |
------------------------------------------------------------------------------
Get undefined config key                                              | PASS |
------------------------------------------------------------------------------
Basic.Getconf :: Test 'ozone getconf' command                         | PASS |
4 tests, 4 passed, 0 failed
==============================================================================
Basic.Links :: Test bucket links via Ozone CLI                                
==============================================================================
Link to non-existent bucket                                           | PASS |
------------------------------------------------------------------------------
Key create passthrough                                                | PASS |
------------------------------------------------------------------------------
Key read passthrough                                                  | PASS |
------------------------------------------------------------------------------
Key list passthrough                                                  | PASS |
------------------------------------------------------------------------------
Key delete passthrough                                                | PASS |
------------------------------------------------------------------------------
Bucket list contains links                                            | PASS |
------------------------------------------------------------------------------
Bucket info shows source                                              | PASS |
------------------------------------------------------------------------------
Source and target have separate ACLs                                  | PASS |
------------------------------------------------------------------------------
Buckets and links share namespace                                     | PASS |
------------------------------------------------------------------------------
Can follow link with read access                                      | PASS |
------------------------------------------------------------------------------
Cannot follow link without read access                                | PASS |
------------------------------------------------------------------------------
ACL verified on source bucket                                         | PASS |
------------------------------------------------------------------------------
Loop in link chain is detected                                        | PASS |
------------------------------------------------------------------------------
Multiple links to same bucket are allowed                             | PASS |
------------------------------------------------------------------------------
Source bucket not affected by deleting link                           | PASS |
------------------------------------------------------------------------------
Basic.Links :: Test bucket links via Ozone CLI                        | PASS |
15 tests, 15 passed, 0 failed
==============================================================================
Basic.Ozone-Shell-Single :: Test ozone shell CLI usage                        
==============================================================================
Test ozone shell                                                      | PASS |
------------------------------------------------------------------------------
Basic.Ozone-Shell-Single :: Test ozone shell CLI usage                | PASS |
1 test, 1 passed, 0 failed
==============================================================================
Basic.Ozone-Shell :: Test ozone shell CLI usage                               
==============================================================================
RpcClient with port                                                   | PASS |
------------------------------------------------------------------------------
RpcClient volume acls                                                 | PASS |
------------------------------------------------------------------------------
RpcClient bucket acls                                                 | PASS |
------------------------------------------------------------------------------
RpcClient key acls                                                    | PASS |
------------------------------------------------------------------------------
RpcClient prefix acls                                                 | PASS |
------------------------------------------------------------------------------
RpcClient without host                                                | PASS |
------------------------------------------------------------------------------
Basic.Ozone-Shell :: Test ozone shell CLI usage                       | PASS |
6 tests, 6 passed, 0 failed
==============================================================================
Basic.Single Node :: Smoketest for one datanode                               
==============================================================================
Basic Freon smoketest for one datanode                                | PASS |
------------------------------------------------------------------------------
Basic.Single Node :: Smoketest for one datanode                       | PASS |
1 test, 1 passed, 0 failed
==============================================================================
Basic                                                                 | PASS |
29 tests, 29 passed, 0 failed
==============================================================================
Output:  /tmp/smoketest/ozonesecure/result/robot-ozonesecure-ozonesecure-kinit-scm-1.xml
==============================================================================
Security                                                                      
==============================================================================
Security.Admin-Cert :: Test for ozone admin cert command                      
==============================================================================
List valid certificates                                               | PASS |
------------------------------------------------------------------------------
List revoked certificates                                             | PASS |
------------------------------------------------------------------------------
Info of the cert                                                      | PASS |
------------------------------------------------------------------------------
Security.Admin-Cert :: Test for ozone admin cert command              | PASS |
3 tests, 3 passed, 0 failed
==============================================================================
Security.Bucket-Encryption :: Test for bucket encryption                      
==============================================================================
Create Encrypted Bucket                                               | PASS |
------------------------------------------------------------------------------
Create Key in Encrypted Bucket                                        | PASS |
------------------------------------------------------------------------------
Security.Bucket-Encryption :: Test for bucket encryption              | PASS |
2 tests, 2 passed, 0 failed
==============================================================================
Security.Ozone-Secure-Fs :: Smoke test to start cluster with docker-compose...
==============================================================================
Create volume bucket with wrong credentials                           | PASS |
------------------------------------------------------------------------------
Create volume with non-admin user                                     | PASS |
------------------------------------------------------------------------------
Create bucket with non-admin owner(testuser2)                         | PASS |
------------------------------------------------------------------------------
Create volume bucket with credentials                                 | PASS |
------------------------------------------------------------------------------
Check volume from ozonefs                                             | PASS |
------------------------------------------------------------------------------
Test Volume Acls                                                      | PASS |
------------------------------------------------------------------------------
Test Bucket Acls                                                      | PASS |
------------------------------------------------------------------------------
Test key Acls                                                         | PASS |
------------------------------------------------------------------------------
Test native authorizer                                                | PASS |
------------------------------------------------------------------------------
Security.Ozone-Secure-Fs :: Smoke test to start cluster with docke... | PASS |
9 tests, 9 passed, 0 failed
==============================================================================
Security.Ozone-Secure-S3 :: Smoke test to start cluster with docker-compose...
==============================================================================
Secure S3 test Success                                                | PASS |
------------------------------------------------------------------------------
Secure S3 put-object test                                             | PASS |
------------------------------------------------------------------------------
Secure S3 test Failure                                                | PASS |
------------------------------------------------------------------------------
Security.Ozone-Secure-S3 :: Smoke test to start cluster with docke... | PASS |
3 tests, 3 passed, 0 failed
==============================================================================
Security.Ozone-Secure-Token :: Test token operations                          
==============================================================================
Token Test                                                            | PASS |
------------------------------------------------------------------------------
Security.Ozone-Secure-Token :: Test token operations                  | PASS |
1 test, 1 passed, 0 failed
==============================================================================
Security                                                              | PASS |
18 tests, 18 passed, 0 failed
==============================================================================
Output:  /tmp/smoketest/ozonesecure/result/robot-ozonesecure-ozonesecure-kinit-scm-2.xml
==============================================================================
ozonefs-ofs-bucket :: Ozone FS tests                                          
==============================================================================
List root                                                             | PASS |
------------------------------------------------------------------------------
List non-existent volume                                              | PASS |
------------------------------------------------------------------------------
List non-existent bucket                                              | PASS |
------------------------------------------------------------------------------
Create dir with parents                                               | PASS |
------------------------------------------------------------------------------
Copy from local                                                       | PASS |
------------------------------------------------------------------------------
Put                                                                   | PASS |
------------------------------------------------------------------------------
List                                                                  | PASS |
------------------------------------------------------------------------------
Move                                                                  | PASS |
------------------------------------------------------------------------------
Copy within FS                                                        | PASS |
------------------------------------------------------------------------------
Cat file                                                              | PASS |
------------------------------------------------------------------------------
Delete file                                                           | PASS |
------------------------------------------------------------------------------
Delete dir                                                            | PASS |
------------------------------------------------------------------------------
Touch file                                                            | PASS |
------------------------------------------------------------------------------
Delete file with Trash                                                | PASS |
------------------------------------------------------------------------------
Delete recursively                                                    | PASS |
------------------------------------------------------------------------------
List recursively                                                      | PASS |
------------------------------------------------------------------------------
Copy to other bucket                                                  | PASS |
------------------------------------------------------------------------------
Copy to other volume                                                  | PASS |
------------------------------------------------------------------------------
List file created via shell                                           | PASS |
------------------------------------------------------------------------------
Reject overwrite existing                                             | PASS |
------------------------------------------------------------------------------
Get file                                                              | PASS |
------------------------------------------------------------------------------
ozonefs-ofs-bucket :: Ozone FS tests                                  | PASS |
21 tests, 21 passed, 0 failed
==============================================================================
Output:  /tmp/smoketest/ozonesecure/result/robot-ozonesecure-ozonesecure-kinit-scm-3.xml
==============================================================================
ozonefs-o3fs-link :: Ozone FS tests                                           
==============================================================================
List root                                                             | PASS |
------------------------------------------------------------------------------
List non-existent volume                                              | PASS |
------------------------------------------------------------------------------
List non-existent bucket                                              | PASS |
------------------------------------------------------------------------------
Create dir with parents                                               | PASS |
------------------------------------------------------------------------------
Copy from local                                                       | PASS |
------------------------------------------------------------------------------
Put                                                                   | PASS |
------------------------------------------------------------------------------
List                                                                  | PASS |
------------------------------------------------------------------------------
Move                                                                  | PASS |
------------------------------------------------------------------------------
Copy within FS                                                        | PASS |
------------------------------------------------------------------------------
Cat file                                                              | PASS |
------------------------------------------------------------------------------
Delete file                                                           | PASS |
------------------------------------------------------------------------------
Delete dir                                                            | PASS |
------------------------------------------------------------------------------
Touch file                                                            | PASS |
------------------------------------------------------------------------------
Delete file with Trash                                                | PASS |
------------------------------------------------------------------------------
Delete recursively                                                    | PASS |
------------------------------------------------------------------------------
List recursively                                                      | PASS |
------------------------------------------------------------------------------
Copy to other bucket                                                  | PASS |
------------------------------------------------------------------------------
Copy to other volume                                                  | PASS |
------------------------------------------------------------------------------
List file created via shell                                           | PASS |
------------------------------------------------------------------------------
Reject overwrite existing                                             | PASS |
------------------------------------------------------------------------------
Get file                                                              | PASS |
------------------------------------------------------------------------------
ozonefs-o3fs-link :: Ozone FS tests                                   | PASS |
21 tests, 21 passed, 0 failed
==============================================================================
Output:  /tmp/smoketest/ozonesecure/result/robot-ozonesecure-ozonesecure-kinit-scm-4.xml
==============================================================================
s3-encrypted                                                                  
==============================================================================
s3-encrypted.Awss3 :: S3 gateway test with aws cli                            
==============================================================================
File upload and directory list                                        | FAIL |
Test timeout 5 minutes exceeded.
------------------------------------------------------------------------------
File upload with special chars                                        | FAIL |
Test timeout 5 minutes exceeded.
------------------------------------------------------------------------------
s3-encrypted.Awss3 :: S3 gateway test with aws cli                    | FAIL |
2 tests, 0 passed, 2 failed
==============================================================================
s3-encrypted.Boto3 :: S3 gateway test with Boto3 Client                       
==============================================================================
Boto3 Client Test                                                     | FAIL |
1 != 0
------------------------------------------------------------------------------
s3-encrypted.Boto3 :: S3 gateway test with Boto3 Client               | FAIL |
1 test, 0 passed, 1 failed
==============================================================================
s3-encrypted.Bucketcreate :: S3 gateway test with aws cli                     
==============================================================================
Create new bucket                                                     | PASS |
------------------------------------------------------------------------------
Create bucket which already exists                                    | PASS |
------------------------------------------------------------------------------
Create bucket with invalid bucket name                                | PASS |
------------------------------------------------------------------------------
s3-encrypted.Bucketcreate :: S3 gateway test with aws cli             | PASS |
3 tests, 3 passed, 0 failed
==============================================================================
s3-encrypted.Bucketdelete :: S3 gateway test with aws cli                     
==============================================================================
Delete existing bucket                                                | PASS |
------------------------------------------------------------------------------
Delete non-existent bucket                                            | PASS |
------------------------------------------------------------------------------
s3-encrypted.Bucketdelete :: S3 gateway test with aws cli             | PASS |
2 tests, 2 passed, 0 failed
==============================================================================
s3-encrypted.Buckethead :: S3 gateway test with aws cli                       
==============================================================================
Head Bucket                                                           | PASS |
------------------------------------------------------------------------------
Head Bucket not existent                                              | PASS |
------------------------------------------------------------------------------
s3-encrypted.Buckethead :: S3 gateway test with aws cli               | PASS |
2 tests, 2 passed, 0 failed
==============================================================================
s3-encrypted.Bucketlist :: S3 gateway test with aws cli                       
==============================================================================
List buckets                                                          | PASS |
------------------------------------------------------------------------------
Get bucket info with Ozone Shell to check the owner field             | PASS |
------------------------------------------------------------------------------
List buckets with empty access id                                     | PASS |
------------------------------------------------------------------------------
s3-encrypted.Bucketlist :: S3 gateway test with aws cli               | PASS |
3 tests, 3 passed, 0 failed
==============================================================================
s3-encrypted.MultipartUpload :: S3 gateway test with aws cli                  
==============================================================================
Test Multipart Upload With Adjusted Length                            | FAIL |
Test timeout 5 minutes exceeded.
------------------------------------------------------------------------------
Test Multipart Upload                                                 | FAIL |
Test timeout 5 minutes exceeded.
------------------------------------------------------------------------------
Test Multipart Upload Complete                                        | FAIL |
Test timeout 5 minutes exceeded.
------------------------------------------------------------------------------
Test Multipart Upload Complete Entity too small                       | FAIL |
Test timeout 5 minutes exceeded.
------------------------------------------------------------------------------
Test Multipart Upload Complete Invalid part errors and complete mp... | FAIL |
Test timeout 5 minutes exceeded.
------------------------------------------------------------------------------
Test abort Multipart upload                                           | PASS |
------------------------------------------------------------------------------
Test abort Multipart upload with invalid uploadId                     | PASS |
------------------------------------------------------------------------------
Upload part with Incorrect uploadID                                   | PASS |
------------------------------------------------------------------------------
Test list parts                                                       | FAIL |
Test timeout 5 minutes exceeded.
------------------------------------------------------------------------------
Test Multipart Upload with the simplified aws s3 cp API               | FAIL |
Test timeout 5 minutes exceeded.
------------------------------------------------------------------------------
Test Multipart Upload Put With Copy                                   | FAIL |
Test timeout 5 minutes exceeded.
------------------------------------------------------------------------------
Test Multipart Upload Put With Copy and range                         | FAIL |
Test timeout 5 minutes exceeded.
------------------------------------------------------------------------------
Test Multipart Upload Put With Copy and range with IfModifiedSince    | FAIL |
Test timeout 5 minutes exceeded.
------------------------------------------------------------------------------
Test Multipart Upload list                                            | PASS |
------------------------------------------------------------------------------
s3-encrypted.MultipartUpload :: S3 gateway test with aws cli          | FAIL |
14 tests, 4 passed, 10 failed
==============================================================================
s3-encrypted.Objectcopy :: S3 gateway test with aws cli                       
==============================================================================
Copy Object Happy Scenario                                            | FAIL |
Test timeout 5 minutes exceeded.
------------------------------------------------------------------------------
Copy Object Where Bucket is not available                             | PASS |
------------------------------------------------------------------------------
Copy Object Where both source and dest are same with change to sto... | PASS |
------------------------------------------------------------------------------
Copy Object Where Key not available                                   | PASS |
------------------------------------------------------------------------------
s3-encrypted.Objectcopy :: S3 gateway test with aws cli               | FAIL |
4 tests, 3 passed, 1 failed
==============================================================================
s3-encrypted.Objectdelete :: S3 gateway test with aws cli                     
==============================================================================
Delete file with s3api                                                | FAIL |
Test timeout 5 minutes exceeded.
------------------------------------------------------------------------------
Delete file with s3api, file doesn't exist                            | PASS |
------------------------------------------------------------------------------
Delete dir with s3api                                                 | FAIL |
Test timeout 5 minutes exceeded.
------------------------------------------------------------------------------
Delete file with s3api, file doesn't exist, prefix of a real file     | FAIL |
Test timeout 5 minutes exceeded.
------------------------------------------------------------------------------
Delete file with s3api, bucket doesn't exist                          | PASS |
------------------------------------------------------------------------------
s3-encrypted.Objectdelete :: S3 gateway test with aws cli             | FAIL |
5 tests, 2 passed, 3 failed
==============================================================================
s3-encrypted.Objectmultidelete :: S3 gateway test with aws cli                
==============================================================================
Delete file with multi delete                                         | FAIL |
Test timeout 5 minutes exceeded.
------------------------------------------------------------------------------
s3-encrypted.Objectmultidelete :: S3 gateway test with aws cli        | FAIL |
1 test, 0 passed, 1 failed
==============================================================================
s3-encrypted.Objectputget :: S3 gateway test with aws cli                     
==============================================================================
Put object to s3                                                      | FAIL |
Test timeout 5 minutes exceeded.
------------------------------------------------------------------------------
Get object from s3                                                    | PASS |
------------------------------------------------------------------------------
Get Partial object from s3 with both start and endoffset              | PASS |
------------------------------------------------------------------------------
Get Partial object from s3 with both start and endoffset(start off... | PASS |
------------------------------------------------------------------------------
Get Partial object from s3 with both start and endoffset(end offse... | PASS |
------------------------------------------------------------------------------
Get Partial object from s3 with only start offset                     | PASS |
------------------------------------------------------------------------------
Get Partial object from s3 with both start and endoffset which are... | PASS |
------------------------------------------------------------------------------
Get Partial object from s3 to get last n bytes                        | PASS |
------------------------------------------------------------------------------
Incorrect values for end and start offset                             | PASS |
------------------------------------------------------------------------------
Zero byte file                                                        | FAIL |
'
An error occurred (NoSuchKey) when calling the GetObject operation: The specified key does not exist' does not contain 'InvalidRange'
------------------------------------------------------------------------------
s3-encrypted.Objectputget :: S3 gateway test with aws cli             | FAIL |
10 tests, 8 passed, 2 failed
==============================================================================
s3-encrypted.Webui :: S3 gateway web ui test                                  
==============================================================================
S3 Gateway Web UI                                                     | PASS |
------------------------------------------------------------------------------
s3-encrypted.Webui :: S3 gateway web ui test                          | PASS |
1 test, 1 passed, 0 failed
==============================================================================
s3-encrypted                                                          | FAIL |
48 tests, 28 passed, 20 failed
==============================================================================
Output:  /tmp/smoketest/ozonesecure/result/robot-ozonesecure-ozonesecure-kinit-scm-5.xml
jstack 8 > /home/runner/work/ozone/ozone/hadoop-ozone/dist/target/ozone-1.3.0-SNAPSHOT/compose/ozonesecure/result/ozonesecure_datanode_1_HddsDatanodeService.stack
jstack 6 > /home/runner/work/ozone/ozone/hadoop-ozone/dist/target/ozone-1.3.0-SNAPSHOT/compose/ozonesecure/result/ozonesecure_datanode_2_HddsDatanodeService.stack
jstack 8 > /home/runner/work/ozone/ozone/hadoop-ozone/dist/target/ozone-1.3.0-SNAPSHOT/compose/ozonesecure/result/ozonesecure_datanode_3_HddsDatanodeService.stack
jstack 11 > /home/runner/work/ozone/ozone/hadoop-ozone/dist/target/ozone-1.3.0-SNAPSHOT/compose/ozonesecure/result/ozonesecure_om_1_OzoneManagerStarter.stack
jstack 6 > /home/runner/work/ozone/ozone/hadoop-ozone/dist/target/ozone-1.3.0-SNAPSHOT/compose/ozonesecure/result/ozonesecure_recon_1_ReconServer.stack
jstack 9 > /home/runner/work/ozone/ozone/hadoop-ozone/dist/target/ozone-1.3.0-SNAPSHOT/compose/ozonesecure/result/ozonesecure_s3g_1_Gateway.stack
jstack 8 > /home/runner/work/ozone/ozone/hadoop-ozone/dist/target/ozone-1.3.0-SNAPSHOT/compose/ozonesecure/result/ozonesecure_scm_1_StorageContainerManagerStarter.stack
Stopping ozonesecure_recon_1    ... 
Stopping ozonesecure_datanode_2 ... 
Stopping ozonesecure_om_1       ... 
Stopping ozonesecure_datanode_1 ... 
Stopping ozonesecure_datanode_3 ... 
Stopping ozonesecure_s3g_1      ... 
Stopping ozonesecure_kms_1      ... 
Stopping ozonesecure_scm_1      ... 
Stopping ozonesecure_kdc_1      ... 
Stopping ozonesecure_kdc_1      ... done
Stopping ozonesecure_kms_1      ... done
Stopping ozonesecure_om_1       ... done
Stopping ozonesecure_scm_1      ... done
Stopping ozonesecure_recon_1    ... done
Stopping ozonesecure_s3g_1      ... done
Stopping ozonesecure_datanode_2 ... done
Stopping ozonesecure_datanode_3 ... done
Stopping ozonesecure_datanode_1 ... done
Removing ozonesecure_recon_1    ... 
Removing ozonesecure_datanode_2 ... 
Removing ozonesecure_om_1       ... 
Removing ozonesecure_datanode_1 ... 
Removing ozonesecure_datanode_3 ... 
Removing ozonesecure_s3g_1      ... 
Removing ozonesecure_kms_1      ... 
Removing ozonesecure_scm_1      ... 
Removing ozonesecure_kdc_1      ... 
Removing ozonesecure_kms_1      ... done
Removing ozonesecure_recon_1    ... done
Removing ozonesecure_kdc_1      ... done
Removing ozonesecure_datanode_3 ... done
Removing ozonesecure_om_1       ... done
Removing ozonesecure_datanode_2 ... done
Removing ozonesecure_datanode_1 ... done
Removing ozonesecure_scm_1      ... done
Removing ozonesecure_s3g_1      ... done
Removing network ozonesecure_default
ERROR: Test execution of ozonesecure is FAILED!!!!
Output:  /home/runner/work/ozone/ozone/hadoop-ozone/dist/target/ozone-1.3.0-SNAPSHOT/compose/result/ozonesecure.xml
removed 'ozonesecure/result/robot-ozonesecure-ozonesecure-kinit-scm-1.xml'
removed 'ozonesecure/result/robot-ozonesecure-ozonesecure-kinit-scm-2.xml'
removed 'ozonesecure/result/robot-ozonesecure-ozonesecure-kinit-scm-3.xml'
removed 'ozonesecure/result/robot-ozonesecure-ozonesecure-kinit-scm-4.xml'
removed 'ozonesecure/result/robot-ozonesecure-ozonesecure-kinit-scm-5.xml'
removed 'ozonesecure/result/robot-ozonesecure-ozonesecure-kinit-scm.xml'
renamed 'ozonesecure/result/dn-audit-085af1fd76cd.log' -> '/home/runner/work/ozone/ozone/hadoop-ozone/dist/target/ozone-1.3.0-SNAPSHOT/compose/result/ozonesecure/dn-audit-085af1fd76cd.log'
renamed 'ozonesecure/result/dn-audit-6a062f08a58f.log' -> '/home/runner/work/ozone/ozone/hadoop-ozone/dist/target/ozone-1.3.0-SNAPSHOT/compose/result/ozonesecure/dn-audit-6a062f08a58f.log'
renamed 'ozonesecure/result/dn-audit-d07524d8b777.log' -> '/home/runner/work/ozone/ozone/hadoop-ozone/dist/target/ozone-1.3.0-SNAPSHOT/compose/result/ozonesecure/dn-audit-d07524d8b777.log'
renamed 'ozonesecure/result/docker-ozonesecure-ozonesecure-kinit-scm.log' -> '/home/runner/work/ozone/ozone/hadoop-ozone/dist/target/ozone-1.3.0-SNAPSHOT/compose/result/ozonesecure/docker-ozonesecure-ozonesecure-kinit-scm.log'
renamed 'ozonesecure/result/kms-audit.log' -> '/home/runner/work/ozone/ozone/hadoop-ozone/dist/target/ozone-1.3.0-SNAPSHOT/compose/result/ozonesecure/kms-audit.log'
renamed 'ozonesecure/result/om-audit-om.log' -> '/home/runner/work/ozone/ozone/hadoop-ozone/dist/target/ozone-1.3.0-SNAPSHOT/compose/result/ozonesecure/om-audit-om.log'
renamed 'ozonesecure/result/ozonesecure_datanode_1_HddsDatanodeService.stack' -> '/home/runner/work/ozone/ozone/hadoop-ozone/dist/target/ozone-1.3.0-SNAPSHOT/compose/result/ozonesecure/ozonesecure_datanode_1_HddsDatanodeService.stack'
renamed 'ozonesecure/result/ozonesecure_datanode_2_HddsDatanodeService.stack' -> '/home/runner/work/ozone/ozone/hadoop-ozone/dist/target/ozone-1.3.0-SNAPSHOT/compose/result/ozonesecure/ozonesecure_datanode_2_HddsDatanodeService.stack'
renamed 'ozonesecure/result/ozonesecure_datanode_3_HddsDatanodeService.stack' -> '/home/runner/work/ozone/ozone/hadoop-ozone/dist/target/ozone-1.3.0-SNAPSHOT/compose/result/ozonesecure/ozonesecure_datanode_3_HddsDatanodeService.stack'
renamed 'ozonesecure/result/ozonesecure_om_1_OzoneManagerStarter.stack' -> '/home/runner/work/ozone/ozone/hadoop-ozone/dist/target/ozone-1.3.0-SNAPSHOT/compose/result/ozonesecure/ozonesecure_om_1_OzoneManagerStarter.stack'
renamed 'ozonesecure/result/ozonesecure_recon_1_ReconServer.stack' -> '/home/runner/work/ozone/ozone/hadoop-ozone/dist/target/ozone-1.3.0-SNAPSHOT/compose/result/ozonesecure/ozonesecure_recon_1_ReconServer.stack'
renamed 'ozonesecure/result/ozonesecure_s3g_1_Gateway.stack' -> '/home/runner/work/ozone/ozone/hadoop-ozone/dist/target/ozone-1.3.0-SNAPSHOT/compose/result/ozonesecure/ozonesecure_s3g_1_Gateway.stack'
renamed 'ozonesecure/result/ozonesecure_scm_1_StorageContainerManagerStarter.stack' -> '/home/runner/work/ozone/ozone/hadoop-ozone/dist/target/ozone-1.3.0-SNAPSHOT/compose/result/ozonesecure/ozonesecure_scm_1_StorageContainerManagerStarter.stack'
renamed 'ozonesecure/result/s3g-audit-s3g.log' -> '/home/runner/work/ozone/ozone/hadoop-ozone/dist/target/ozone-1.3.0-SNAPSHOT/compose/result/ozonesecure/s3g-audit-s3g.log'
renamed 'ozonesecure/result/scm-audit-scm.log' -> '/home/runner/work/ozone/ozone/hadoop-ozone/dist/target/ozone-1.3.0-SNAPSHOT/compose/result/ozonesecure/scm-audit-scm.log'
Exception in thread "main" java.net.SocketException: Socket closed
	at java.net.PlainSocketImpl.socketAccept(Native Method)
	at java.net.AbstractPlainSocketImpl.accept(AbstractPlainSocketImpl.java:409)
	at java.net.ServerSocket.implAccept(ServerSocket.java:560)
	at java.net.ServerSocket.accept(ServerSocket.java:528)
	at org.apache.hadoop.test.JacocoServer.main(JacocoServer.java:60)
Log:     /home/runner/work/ozone/ozone/hadoop-ozone/dist/target/ozone-1.3.0-SNAPSHOT/compose/result/log.html
Report:  /home/runner/work/ozone/ozone/hadoop-ozone/dist/target/ozone-1.3.0-SNAPSHOT/compose/result/report.html
