WARNING: HADOOP_CONF_DIR has been deprecated by OZONE_CONF_DIR.
WARNING: HADOOP_LOG_DIR has been deprecated by OZONE_LOG_DIR.
No '-XX:...' jvm parameters are set. Adding safer GC settings '-XX:ParallelGCThreads=8 -XX:+UseConcMarkSweepGC -XX:CMSInitiatingOccupancyFraction=70 -XX:+CMSParallelRemarkEnabled' to the OZONE_OPTS
OpenJDK 64-Bit Server VM warning: Option UseConcMarkSweepGC was deprecated in version 9.0 and will likely be removed in a future release.
2021-07-25 01:04:50 INFO  StorageContainerManagerStarter:112 - STARTUP_MSG: 
/************************************************************
STARTUP_MSG: Starting StorageContainerManager
STARTUP_MSG:   host = scm-0/10.42.0.18
STARTUP_MSG:   args = []
STARTUP_MSG:   version = 1.2.0-SNAPSHOT
STARTUP_MSG:   classpath = /etc/hadoop:/opt/hadoop/share/ozone/lib/hdds-interface-admin-1.2.0-SNAPSHOT.jar:/opt/hadoop/share/ozone/lib/jackson-annotations-2.12.1.jar:/opt/hadoop/share/ozone/lib/kerb-simplekdc-1.0.1.jar:/opt/hadoop/share/ozone/lib/slf4j-log4j12-1.7.30.jar:/opt/hadoop/share/ozone/lib/protobuf-java-2.5.0.jar:/opt/hadoop/share/ozone/lib/jaxb-core-2.3.0.1.jar:/opt/hadoop/share/ozone/lib/log4j-api-2.13.3.jar:/opt/hadoop/share/ozone/lib/istack-commons-runtime-3.0.5.jar:/opt/hadoop/share/ozone/lib/commons-validator-1.6.jar:/opt/hadoop/share/ozone/lib/bcpkix-jdk15on-1.67.jar:/opt/hadoop/share/ozone/lib/hdds-server-framework-1.2.0-SNAPSHOT.jar:/opt/hadoop/share/ozone/lib/jetty-security-9.4.35.v20201120.jar:/opt/hadoop/share/ozone/lib/kerb-core-1.0.1.jar:/opt/hadoop/share/ozone/lib/rocksdbjni-6.20.3.jar:/opt/hadoop/share/ozone/lib/picocli-4.4.0.jar:/opt/hadoop/share/ozone/lib/hdds-interface-server-1.2.0-SNAPSHOT.jar:/opt/hadoop/share/ozone/lib/hadoop-shaded-protobuf_3_7-1.1.1.jar:/opt/hadoop/share/ozone/lib/ratis-server-2.1.0.jar:/opt/hadoop/share/ozone/lib/okhttp-4.9.0.jar:/opt/hadoop/share/ozone/lib/jsr305-3.0.0.jar:/opt/hadoop/share/ozone/lib/j2objc-annotations-1.3.jar:/opt/hadoop/share/ozone/lib/hdds-hadoop-dependency-server-1.2.0-SNAPSHOT.jar:/opt/hadoop/share/ozone/lib/javassist-3.21.0-GA.jar:/opt/hadoop/share/ozone/lib/jaxb-api-2.3.0.jar:/opt/hadoop/share/ozone/lib/htrace-core4-4.1.0-incubating.jar:/opt/hadoop/share/ozone/lib/commons-io-2.8.0.jar:/opt/hadoop/share/ozone/lib/kerb-util-1.0.1.jar:/opt/hadoop/share/ozone/lib/kotlin-stdlib-common-1.4.31.jar:/opt/hadoop/share/ozone/lib/checker-qual-3.8.0.jar:/opt/hadoop/share/ozone/lib/hadoop-shaded-guava-1.1.1.jar:/opt/hadoop/share/ozone/lib/commons-logging-1.2.jar:/opt/hadoop/share/ozone/lib/kerby-xdr-1.0.1.jar:/opt/hadoop/share/ozone/lib/netty-buffer-4.1.63.Final.jar:/opt/hadoop/share/ozone/lib/txw2-2.3.0.1.jar:/opt/hadoop/share/ozone/lib/jackson-datatype-jsr310-2.12.1.jar:/opt/hadoop/share/ozone/lib/httpcore-4.4.13.jar:/opt/hadoop/share/ozone/lib/opentracing-tracerresolver-0.1.8.jar:/opt/hadoop/share/ozone/lib/commons-net-3.6.jar:/opt/hadoop/share/ozone/lib/hdds-client-1.2.0-SNAPSHOT.jar:/opt/hadoop/share/ozone/lib/libthrift-0.14.1.jar:/opt/hadoop/share/ozone/lib/snakeyaml-1.26.jar:/opt/hadoop/share/ozone/lib/stax-ex-1.7.8.jar:/opt/hadoop/share/ozone/lib/error_prone_annotations-2.2.0.jar:/opt/hadoop/share/ozone/lib/httpclient-4.5.13.jar:/opt/hadoop/share/ozone/lib/jaeger-client-1.6.0.jar:/opt/hadoop/share/ozone/lib/kerby-config-1.0.1.jar:/opt/hadoop/share/ozone/lib/metrics-core-3.2.4.jar:/opt/hadoop/share/ozone/lib/kerby-pkix-1.0.1.jar:/opt/hadoop/share/ozone/lib/jetty-webapp-9.4.35.v20201120.jar:/opt/hadoop/share/ozone/lib/netty-codec-4.1.63.Final.jar:/opt/hadoop/share/ozone/lib/jsr311-api-1.1.1.jar:/opt/hadoop/share/ozone/lib/commons-beanutils-1.9.4.jar:/opt/hadoop/share/ozone/lib/javax.servlet-api-3.1.0.jar:/opt/hadoop/share/ozone/lib/kerb-server-1.0.1.jar:/opt/hadoop/share/ozone/lib/guava-30.1.1-jre.jar:/opt/hadoop/share/ozone/lib/jetty-server-9.4.35.v20201120.jar:/opt/hadoop/share/ozone/lib/jetty-util-9.4.35.v20201120.jar:/opt/hadoop/share/ozone/lib/kerb-client-1.0.1.jar:/opt/hadoop/share/ozone/lib/jackson-core-2.12.1.jar:/opt/hadoop/share/ozone/lib/netty-transport-4.1.63.Final.jar:/opt/hadoop/share/ozone/lib/netty-common-4.1.63.Final.jar:/opt/hadoop/share/ozone/lib/disruptor-3.4.2.jar:/opt/hadoop/share/ozone/lib/reflections-0.9.11.jar:/opt/hadoop/share/ozone/lib/log4j-core-2.13.3.jar:/opt/hadoop/share/ozone/lib/hadoop-hdfs-3.3.1.jar:/opt/hadoop/share/ozone/lib/annotations-13.0.jar:/opt/hadoop/share/ozone/lib/simpleclient_common-0.7.0.jar:/opt/hadoop/share/ozone/lib/jackson-databind-2.12.1.jar:/opt/hadoop/share/ozone/lib/jaeger-thrift-1.6.0.jar:/opt/hadoop/share/ozone/lib/hadoop-common-3.3.1.jar:/opt/hadoop/share/ozone/lib/dnsjava-2.1.7.jar:/opt/hadoop/share/ozone/lib/bcprov-jdk15on-1.67.jar:/opt/hadoop/share/ozone/lib/commons-configuration2-2.1.1.jar:/opt/hadoop/share/ozone/lib/json-smart-2.3.jar:/opt/hadoop/share/ozone/lib/token-provider-1.0.1.jar:/opt/hadoop/share/ozone/lib/log4j-1.2.17.jar:/opt/hadoop/share/ozone/lib/commons-daemon-1.0.13.jar:/opt/hadoop/share/ozone/lib/listenablefuture-9999.0-empty-to-avoid-conflict-with-guava.jar:/opt/hadoop/share/ozone/lib/jaeger-tracerresolver-1.6.0.jar:/opt/hadoop/share/ozone/lib/commons-lang3-3.7.jar:/opt/hadoop/share/ozone/lib/hdds-common-1.2.0-SNAPSHOT.jar:/opt/hadoop/share/ozone/lib/jetty-util-ajax-9.4.35.v20201120.jar:/opt/hadoop/share/ozone/lib/ratis-grpc-2.1.0.jar:/opt/hadoop/share/ozone/lib/accessors-smart-1.2.jar:/opt/hadoop/share/ozone/lib/ratis-common-2.1.0.jar:/opt/hadoop/share/ozone/lib/re2j-1.1.jar:/opt/hadoop/share/ozone/lib/jetty-io-9.4.35.v20201120.jar:/opt/hadoop/share/ozone/lib/jetty-xml-9.4.35.v20201120.jar:/opt/hadoop/share/ozone/lib/commons-math3-3.1.1.jar:/opt/hadoop/share/ozone/lib/ratis-thirdparty-misc-0.7.0.jar:/opt/hadoop/share/ozone/lib/simpleclient_dropwizard-0.7.0.jar:/opt/hadoop/share/ozone/lib/simpleclient-0.7.0.jar:/opt/hadoop/share/ozone/lib/asm-5.0.4.jar:/opt/hadoop/share/ozone/lib/kerby-util-1.0.1.jar:/opt/hadoop/share/ozone/lib/ratis-client-2.1.0.jar:/opt/hadoop/share/ozone/lib/hdds-hadoop-dependency-client-1.2.0-SNAPSHOT.jar:/opt/hadoop/share/ozone/lib/failureaccess-1.0.1.jar:/opt/hadoop/share/ozone/lib/okio-2.8.0.jar:/opt/hadoop/share/ozone/lib/ratis-proto-2.1.0.jar:/opt/hadoop/share/ozone/lib/ratis-netty-2.1.0.jar:/opt/hadoop/share/ozone/lib/hdds-config-1.2.0-SNAPSHOT.jar:/opt/hadoop/share/ozone/lib/jsp-api-2.1.jar:/opt/hadoop/share/ozone/lib/jsch-0.1.54.jar:/opt/hadoop/share/ozone/lib/jakarta.activation-api-1.2.1.jar:/opt/hadoop/share/ozone/lib/slf4j-api-1.7.30.jar:/opt/hadoop/share/ozone/lib/hadoop-hdfs-client-3.3.1.jar:/opt/hadoop/share/ozone/lib/nimbus-jose-jwt-7.9.jar:/opt/hadoop/share/ozone/lib/commons-codec-1.11.jar:/opt/hadoop/share/ozone/lib/commons-pool2-2.6.0.jar:/opt/hadoop/share/ozone/lib/gson-2.2.4.jar:/opt/hadoop/share/ozone/lib/netty-handler-4.1.63.Final.jar:/opt/hadoop/share/ozone/lib/opentracing-api-0.33.0.jar:/opt/hadoop/share/ozone/lib/hdds-interface-client-1.2.0-SNAPSHOT.jar:/opt/hadoop/share/ozone/lib/jcip-annotations-1.0-1.jar:/opt/hadoop/share/ozone/lib/kerb-admin-1.0.1.jar:/opt/hadoop/share/ozone/lib/netty-resolver-4.1.63.Final.jar:/opt/hadoop/share/ozone/lib/kotlin-stdlib-1.4.31.jar:/opt/hadoop/share/ozone/lib/opentracing-noop-0.33.0.jar:/opt/hadoop/share/ozone/lib/jersey-core-1.19.jar:/opt/hadoop/share/ozone/lib/jaxb-runtime-2.3.0.1.jar:/opt/hadoop/share/ozone/lib/opentracing-util-0.33.0.jar:/opt/hadoop/share/ozone/lib/snappy-java-1.1.8.2.jar:/opt/hadoop/share/ozone/lib/commons-cli-1.2.jar:/opt/hadoop/share/ozone/lib/woodstox-core-5.0.3.jar:/opt/hadoop/share/ozone/lib/javax.annotation-api-1.2.jar:/opt/hadoop/share/ozone/lib/jetty-servlet-9.4.35.v20201120.jar:/opt/hadoop/share/ozone/lib/kerby-asn1-1.0.1.jar:/opt/hadoop/share/ozone/lib/ratis-metrics-2.1.0.jar:/opt/hadoop/share/ozone/lib/hadoop-annotations-3.3.1.jar:/opt/hadoop/share/ozone/lib/hdds-container-service-1.2.0-SNAPSHOT.jar:/opt/hadoop/share/ozone/lib/stax2-api-3.1.4.jar:/opt/hadoop/share/ozone/lib/commons-digester-1.8.1.jar:/opt/hadoop/share/ozone/lib/commons-collections-3.2.2.jar:/opt/hadoop/share/ozone/lib/jaeger-core-1.6.0.jar:/opt/hadoop/share/ozone/lib/commons-text-1.4.jar:/opt/hadoop/share/ozone/lib/jersey-servlet-1.19.jar:/opt/hadoop/share/ozone/lib/hadoop-auth-3.3.1.jar:/opt/hadoop/share/ozone/lib/kerb-identity-1.0.1.jar:/opt/hadoop/share/ozone/lib/FastInfoset-1.2.13.jar:/opt/hadoop/share/ozone/lib/ratis-server-api-2.1.0.jar:/opt/hadoop/share/ozone/lib/kerb-common-1.0.1.jar:/opt/hadoop/share/ozone/lib/jersey-server-1.19.jar:/opt/hadoop/share/ozone/lib/commons-compress-1.20.jar:/opt/hadoop/share/ozone/lib/kerb-crypto-1.0.1.jar:/opt/hadoop/share/ozone/lib/jetty-http-9.4.35.v20201120.jar:/opt/hadoop/share/ozone/web:/opt/hadoop/share/ozone/lib/hdds-server-scm-1.2.0-SNAPSHOT.jar
STARTUP_MSG:   build = https://github.com/apache/ozone/839fc94e1b09f93a8fe3f3aee025332ad1997932 ; compiled by 'runner' on 2021-07-25T00:49Z
STARTUP_MSG:   java = 11.0.6
************************************************************/
2021-07-25 01:04:50 INFO  StorageContainerManagerStarter:90 - registered UNIX signal handlers for [TERM, HUP, INT]
2021-07-25 01:04:51 INFO  SCMHANodeDetails:157 - ServiceID for StorageContainerManager is null
2021-07-25 01:04:51 INFO  SCMHANodeDetails:162 - ozone.scm.default.service.id is not defined, falling back to ozone.scm.service.ids to find serviceID for StorageContainerManager if it is HA enabled cluster
2021-07-25 01:04:51 WARN  ServerUtils:148 - ozone.scm.db.dirs is not configured. We recommend adding this setting. Falling back to ozone.metadata.dirs instead.
2021-07-25 01:04:51 INFO  AbstractLayoutVersionManager:70 - Initializing Layout version manager with metadata layout = SCM_HA (version = 2), software layout = SCM_HA (version = 2)
2021-07-25 01:04:53 INFO  Reflections:232 - Reflections took 1046 ms to scan 3 urls, producing 103 keys and 210 values 
2021-07-25 01:04:55 WARN  HAUtils:342 - ozone.scm.db.dirs is not configured. We recommend adding this setting. Falling back to ozone.metadata.dirs instead.
2021-07-25 01:04:56 WARN  DBStoreBuilder:145 - ozone.scm.db.dirs is not configured. We recommend adding this setting. Falling back to ozone.metadata.dirs instead.
2021-07-25 01:04:57 INFO  NodeSchemaLoader:129 - Loading schema from [file:/etc/hadoop/network-topology-default.xml, jar:file:/opt/hadoop/share/ozone/lib/hdds-common-1.2.0-SNAPSHOT.jar!/network-topology-default.xml]
2021-07-25 01:04:57 INFO  NodeSchemaLoader:176 - Loading network topology layer schema file
2021-07-25 01:04:57 INFO  SequenceIdGenerator:327 - upgrade localId to 107544261427200000
2021-07-25 01:04:57 INFO  SequenceIdGenerator:337 - upgrade delTxnId to 0
2021-07-25 01:04:57 INFO  SequenceIdGenerator:351 - upgrade containerId to 0
2021-07-25 01:04:57 INFO  SequenceIdGenerator:217 - Init the HA SequenceIdGenerator.
2021-07-25 01:04:57 INFO  SCMNodeManager:141 - Entering startup safe mode.
2021-07-25 01:04:57 INFO  ContainerPlacementPolicyFactory:60 - Create container placement policy of type org.apache.hadoop.hdds.scm.container.placement.algorithms.SCMContainerPlacementRandom
2021-07-25 01:04:57 INFO  PipelineStateManager:78 - No pipeline exists in current db
2021-07-25 01:04:57 INFO  LeaderChoosePolicyFactory:57 - Create leader choose policy of type org.apache.hadoop.hdds.scm.pipeline.leader.choose.algorithms.MinLeaderCountChoosePolicy
2021-07-25 01:04:57 INFO  SCMServiceManager:43 - Registering service BackgroundPipelineCreator.
2021-07-25 01:04:57 INFO  BackgroundPipelineCreator:130 - Starting RatisPipelineUtilsThread.
2021-07-25 01:04:57 INFO  PipelineChoosePolicyFactory:73 - Create pipeline choose policy of type org.apache.hadoop.hdds.scm.pipeline.choose.algorithms.RandomPipelineChoosePolicy
2021-07-25 01:04:57 INFO  SCMServiceManager:43 - Registering service SCMBlockDeletingService.
2021-07-25 01:04:57 INFO  SCMServiceManager:43 - Registering service ReplicationManager.
2021-07-25 01:04:57 INFO  ReplicationManager:286 - Starting Replication Monitor Thread.
2021-07-25 01:04:57 INFO  ContainerSafeModeRule:89 - containers with one replica threshold count 0
2021-07-25 01:04:57 INFO  ReplicationManager:341 - Replication Monitor Thread took 27 milliseconds for processing 0 containers.
2021-07-25 01:04:57 INFO  HealthyPipelineSafeModeRule:156 - Total pipeline count is 0, healthy pipeline threshold count is 1
2021-07-25 01:04:57 INFO  OneReplicaPipelineSafeModeRule:180 - Total pipeline count is 0, pipeline's with at least one datanode reported threshold count is 0
2021-07-25 01:04:58 WARN  NativeCodeLoader:60 - Unable to load native-hadoop library for your platform... using builtin-java classes where applicable
2021-07-25 01:05:00 INFO  CallQueueManager:90 - Using callQueue: class java.util.concurrent.LinkedBlockingQueue, queueCapacity: 10000, scheduler: class org.apache.hadoop.ipc.DefaultRpcScheduler, ipcBackoff: false.
2021-07-25 01:05:00 INFO  Server:1265 - Starting Socket Reader #1 for port 9861
2021-07-25 01:05:01 INFO  CallQueueManager:90 - Using callQueue: class java.util.concurrent.LinkedBlockingQueue, queueCapacity: 10000, scheduler: class org.apache.hadoop.ipc.DefaultRpcScheduler, ipcBackoff: false.
2021-07-25 01:05:01 INFO  Server:1265 - Starting Socket Reader #1 for port 9863
2021-07-25 01:05:01 INFO  CallQueueManager:90 - Using callQueue: class java.util.concurrent.LinkedBlockingQueue, queueCapacity: 10000, scheduler: class org.apache.hadoop.ipc.DefaultRpcScheduler, ipcBackoff: false.
2021-07-25 01:05:01 INFO  Server:1265 - Starting Socket Reader #1 for port 9860
2021-07-25 01:05:01 INFO  StorageContainerManager:380 - 
Container Balancer status:
Key                            Value
Running                        true
Container Balancer Configuration values:
Key                            Value
Threshold                      0.1
Max Datanodes to Balance       5
Max Size to Move               10737418240B

2021-07-25 01:05:01 WARN  EventQueue:194 - No event handler registered for event TypedEvent{payloadType=SafeModeStatus, name='Safe mode status'}
2021-07-25 01:05:01 INFO  SCMContext:205 - Update SafeModeStatus from SafeModeStatus{safeModeStatus=true, preCheckPassed=false} to SafeModeStatus{safeModeStatus=true, preCheckPassed=false}.
2021-07-25 01:05:01 INFO  StorageContainerManager:1245 - StorageContainerLocationProtocol RPC server is listening at /0.0.0.0:9860
2021-07-25 01:05:01 INFO  MetricsConfig:120 - Loaded properties from hadoop-metrics2.properties
2021-07-25 01:05:01 INFO  MetricsSystemImpl:378 - Scheduled Metric snapshot period at 10 second(s).
2021-07-25 01:05:01 INFO  MetricsSystemImpl:191 - StorageContainerManager metrics system started
2021-07-25 01:05:02 INFO  SCMClientProtocolServer:165 - RPC server for Client  is listening at /0.0.0.0:9860
2021-07-25 01:05:02 INFO  Server:1507 - IPC Server Responder: starting
2021-07-25 01:05:02 INFO  Server:1344 - IPC Server listener on 9860: starting
2021-07-25 01:05:02 INFO  StorageContainerManager:1260 - ScmBlockLocationProtocol RPC server is listening at /0.0.0.0:9863
2021-07-25 01:05:02 INFO  SCMBlockProtocolServer:151 - RPC server for Block Protocol is listening at /0.0.0.0:9863
2021-07-25 01:05:02 INFO  Server:1507 - IPC Server Responder: starting
2021-07-25 01:05:02 INFO  Server:1344 - IPC Server listener on 9863: starting
2021-07-25 01:05:02 INFO  StorageContainerManager:1266 - ScmDatanodeProtocl RPC server is listening at /0.0.0.0:9861
2021-07-25 01:05:02 INFO  SCMDatanodeProtocolServer:181 - RPC server for DataNodes is listening at /0.0.0.0:9861
2021-07-25 01:05:02 INFO  Server:1507 - IPC Server Responder: starting
2021-07-25 01:05:02 INFO  Server:1344 - IPC Server listener on 9861: starting
2021-07-25 01:05:02 INFO  JvmPauseMonitor:188 - Starting JVM pause monitor
2021-07-25 01:05:02 INFO  BaseHttpServer:209 - Starting Web-server for scm at: http://0.0.0.0:9876
2021-07-25 01:05:02 INFO  BaseHttpServer:107 - Hadoop Security Enabled: false Ozone Security Enabled: false Ozone HTTP Security Enabled: false 
2021-07-25 01:05:02 INFO  log:169 - Logging initialized @17637ms to org.eclipse.jetty.util.log.Slf4jLog
2021-07-25 01:05:02 INFO  AuthenticationFilter:240 - Unable to initialize FileSignerSecretProvider, falling back to use random secrets.
2021-07-25 01:05:02 INFO  HttpRequestLog:86 - Http request log for http.requests.scm is not defined
2021-07-25 01:05:02 INFO  HttpServer2:1020 - Added global filter 'safety' (class=org.apache.hadoop.hdds.server.http.HttpServer2$QuotingInputFilter)
2021-07-25 01:05:02 INFO  HttpServer2:996 - Added filter static_user_filter (class=org.apache.hadoop.http.lib.StaticUserWebFilter$StaticUserFilter) to context scm
2021-07-25 01:05:02 INFO  HttpServer2:1004 - Added filter static_user_filter (class=org.apache.hadoop.http.lib.StaticUserWebFilter$StaticUserFilter) to context static
2021-07-25 01:05:02 INFO  HttpServer2:1004 - Added filter static_user_filter (class=org.apache.hadoop.http.lib.StaticUserWebFilter$StaticUserFilter) to context logs
2021-07-25 01:05:03 INFO  HttpServer2:1239 - Jetty bound to port 9876
2021-07-25 01:05:03 INFO  Server:375 - jetty-9.4.35.v20201120; built: 2020-11-20T21:17:03.964Z; git: bdc54f03a5e0a7e280fab27f55c3c75ee8da89fb; jvm 11.0.6+10-LTS
2021-07-25 01:05:03 INFO  session:334 - DefaultSessionIdManager workerName=node0
2021-07-25 01:05:03 INFO  session:339 - No SessionScavenger set, using defaults
2021-07-25 01:05:03 INFO  session:132 - node0 Scavenging every 660000ms
2021-07-25 01:05:03 INFO  ContextHandler:916 - Started o.e.j.s.ServletContextHandler@4cc7d00d{logs,/logs,file:///var/log/hadoop/,AVAILABLE}
2021-07-25 01:05:03 INFO  ContextHandler:916 - Started o.e.j.s.ServletContextHandler@2349f14d{static,/static,jar:file:/opt/hadoop/share/ozone/lib/hdds-server-scm-1.2.0-SNAPSHOT.jar!/webapps/static,AVAILABLE}
2021-07-25 01:05:03 INFO  ContextHandler:916 - Started o.e.j.w.WebAppContext@2213639b{scm,/,file:///tmp/jetty-0_0_0_0-9876-hdds-server-scm-1_2_0-SNAPSHOT_jar-_-any-10194228568463844250/webapp/,AVAILABLE}{jar:file:/opt/hadoop/share/ozone/lib/hdds-server-scm-1.2.0-SNAPSHOT.jar!/webapps/scm}
2021-07-25 01:05:03 INFO  AbstractConnector:331 - Started ServerConnector@3635099{HTTP/1.1, (http/1.1)}{0.0.0.0:9876}
2021-07-25 01:05:03 INFO  Server:415 - Started @18265ms
2021-07-25 01:05:03 INFO  MetricsSinkAdapter:204 - Sink prometheus started
2021-07-25 01:05:03 INFO  MetricsSystemImpl:305 - Registered sink prometheus
2021-07-25 01:05:03 INFO  BaseHttpServer:329 - HTTP server of scm listening at http://0.0.0.0:9876
2021-07-25 01:05:05 INFO  NetworkTopologyImpl:112 - Added a new node: /default-rack/b6eafe87-7dc0-43ba-87ca-be2e8ef276fc
2021-07-25 01:05:05 INFO  SCMNodeManager:386 - Registered Data node : b6eafe87-7dc0-43ba-87ca-be2e8ef276fc{ip: 10.42.0.15, host: 10-42-0-15.datanode-public.default.svc.cluster.local, ports: [REPLICATION=9886, RATIS=9858, RATIS_ADMIN=9857, RATIS_SERVER=9856, STANDALONE=9859], networkLocation: /default-rack, certSerialId: null, persistedOpState: null, persistedOpStateExpiryEpochSec: 0}
2021-07-25 01:05:05 INFO  SCMSafeModeManager:71 - SCM in safe mode. 1 DataNodes registered, 3 required.
2021-07-25 01:05:05 INFO  BackgroundPipelineCreator:285 - trigger a one-shot run on RatisPipelineUtilsThread.
2021-07-25 01:05:05 INFO  SCMSafeModeManager:204 - ContainerSafeModeRule rule is successfully validated
2021-07-25 01:05:05 INFO  SCMSafeModeManager:204 - AtleastOneDatanodeReportedRule rule is successfully validated
2021-07-25 01:05:05 INFO  RatisPipelineProvider:183 - Sending CreatePipelineCommand for pipeline:PipelineID=d9aa7611-4c14-439b-8866-db1604f83780 to datanode:b6eafe87-7dc0-43ba-87ca-be2e8ef276fc
2021-07-25 01:05:05 INFO  PipelineStateManager:101 - Created pipeline Pipeline[ Id: d9aa7611-4c14-439b-8866-db1604f83780, Nodes: b6eafe87-7dc0-43ba-87ca-be2e8ef276fc{ip: 10.42.0.15, host: 10-42-0-15.datanode-public.default.svc.cluster.local, ports: [REPLICATION=9886, RATIS=9858, RATIS_ADMIN=9857, RATIS_SERVER=9856, STANDALONE=9859], networkLocation: /default-rack, certSerialId: null, persistedOpState: IN_SERVICE, persistedOpStateExpiryEpochSec: 0}, ReplicationConfig: RATIS/ONE, State:ALLOCATED, leaderId:, CreationTimestamp2021-07-25T01:05:05.280Z[UTC]].
2021-07-25 01:05:05 INFO  NetworkTopologyImpl:112 - Added a new node: /default-rack/800fe636-2749-4a7d-adf7-f21291f4fe3f
2021-07-25 01:05:05 INFO  SCMNodeManager:386 - Registered Data node : 800fe636-2749-4a7d-adf7-f21291f4fe3f{ip: 10.42.0.19, host: 10-42-0-19.datanode-public.default.svc.cluster.local, ports: [REPLICATION=9886, RATIS=9858, RATIS_ADMIN=9857, RATIS_SERVER=9856, STANDALONE=9859], networkLocation: /default-rack, certSerialId: null, persistedOpState: null, persistedOpStateExpiryEpochSec: 0}
2021-07-25 01:05:05 INFO  BackgroundPipelineCreator:285 - trigger a one-shot run on RatisPipelineUtilsThread.
2021-07-25 01:05:05 INFO  SCMSafeModeManager:71 - SCM in safe mode. 2 DataNodes registered, 3 required.
2021-07-25 01:05:05 INFO  RatisPipelineProvider:183 - Sending CreatePipelineCommand for pipeline:PipelineID=3e3b1556-bf23-4341-852d-f60b9f54cc7a to datanode:800fe636-2749-4a7d-adf7-f21291f4fe3f
2021-07-25 01:05:05 INFO  PipelineStateManager:101 - Created pipeline Pipeline[ Id: 3e3b1556-bf23-4341-852d-f60b9f54cc7a, Nodes: 800fe636-2749-4a7d-adf7-f21291f4fe3f{ip: 10.42.0.19, host: 10-42-0-19.datanode-public.default.svc.cluster.local, ports: [REPLICATION=9886, RATIS=9858, RATIS_ADMIN=9857, RATIS_SERVER=9856, STANDALONE=9859], networkLocation: /default-rack, certSerialId: null, persistedOpState: IN_SERVICE, persistedOpStateExpiryEpochSec: 0}, ReplicationConfig: RATIS/ONE, State:ALLOCATED, leaderId:, CreationTimestamp2021-07-25T01:05:05.570Z[UTC]].
2021-07-25 01:05:06 INFO  NetworkTopologyImpl:112 - Added a new node: /default-rack/9e25ff41-c5eb-46d2-9107-58183d0a861a
2021-07-25 01:05:06 INFO  SCMNodeManager:386 - Registered Data node : 9e25ff41-c5eb-46d2-9107-58183d0a861a{ip: 10.42.0.20, host: 10-42-0-20.datanode-public.default.svc.cluster.local, ports: [REPLICATION=9886, RATIS=9858, RATIS_ADMIN=9857, RATIS_SERVER=9856, STANDALONE=9859], networkLocation: /default-rack, certSerialId: null, persistedOpState: null, persistedOpStateExpiryEpochSec: 0}
2021-07-25 01:05:06 INFO  BackgroundPipelineCreator:285 - trigger a one-shot run on RatisPipelineUtilsThread.
2021-07-25 01:05:06 INFO  RatisPipelineProvider:183 - Sending CreatePipelineCommand for pipeline:PipelineID=eec2a3dc-408b-446c-8d39-8607591fbcce to datanode:9e25ff41-c5eb-46d2-9107-58183d0a861a
2021-07-25 01:05:06 INFO  SCMSafeModeManager:71 - SCM in safe mode. 3 DataNodes registered, 3 required.
2021-07-25 01:05:06 INFO  PipelineStateManager:101 - Created pipeline Pipeline[ Id: eec2a3dc-408b-446c-8d39-8607591fbcce, Nodes: 9e25ff41-c5eb-46d2-9107-58183d0a861a{ip: 10.42.0.20, host: 10-42-0-20.datanode-public.default.svc.cluster.local, ports: [REPLICATION=9886, RATIS=9858, RATIS_ADMIN=9857, RATIS_SERVER=9856, STANDALONE=9859], networkLocation: /default-rack, certSerialId: null, persistedOpState: IN_SERVICE, persistedOpStateExpiryEpochSec: 0}, ReplicationConfig: RATIS/ONE, State:ALLOCATED, leaderId:, CreationTimestamp2021-07-25T01:05:06.085Z[UTC]].
2021-07-25 01:05:06 INFO  SCMSafeModeManager:204 - DataNodeSafeModeRule rule is successfully validated
2021-07-25 01:05:06 INFO  SCMSafeModeManager:233 - All SCM safe mode pre check rules have passed
2021-07-25 01:05:06 WARN  EventQueue:194 - No event handler registered for event TypedEvent{payloadType=SafeModeStatus, name='Safe mode status'}
2021-07-25 01:05:06 INFO  SCMContext:205 - Update SafeModeStatus from SafeModeStatus{safeModeStatus=true, preCheckPassed=false} to SafeModeStatus{safeModeStatus=true, preCheckPassed=true}.
2021-07-25 01:05:06 INFO  BackgroundPipelineCreator:285 - trigger a one-shot run on RatisPipelineUtilsThread.
2021-07-25 01:05:06 INFO  RatisPipelineProvider:183 - Sending CreatePipelineCommand for pipeline:PipelineID=544b143f-5115-4e51-8e60-b2c4b98d9292 to datanode:b6eafe87-7dc0-43ba-87ca-be2e8ef276fc
2021-07-25 01:05:06 INFO  RatisPipelineProvider:183 - Sending CreatePipelineCommand for pipeline:PipelineID=544b143f-5115-4e51-8e60-b2c4b98d9292 to datanode:800fe636-2749-4a7d-adf7-f21291f4fe3f
2021-07-25 01:05:06 INFO  RatisPipelineProvider:183 - Sending CreatePipelineCommand for pipeline:PipelineID=544b143f-5115-4e51-8e60-b2c4b98d9292 to datanode:9e25ff41-c5eb-46d2-9107-58183d0a861a
2021-07-25 01:05:06 INFO  PipelineStateManager:101 - Created pipeline Pipeline[ Id: 544b143f-5115-4e51-8e60-b2c4b98d9292, Nodes: b6eafe87-7dc0-43ba-87ca-be2e8ef276fc{ip: 10.42.0.15, host: 10-42-0-15.datanode-public.default.svc.cluster.local, ports: [REPLICATION=9886, RATIS=9858, RATIS_ADMIN=9857, RATIS_SERVER=9856, STANDALONE=9859], networkLocation: /default-rack, certSerialId: null, persistedOpState: IN_SERVICE, persistedOpStateExpiryEpochSec: 0}800fe636-2749-4a7d-adf7-f21291f4fe3f{ip: 10.42.0.19, host: 10-42-0-19.datanode-public.default.svc.cluster.local, ports: [REPLICATION=9886, RATIS=9858, RATIS_ADMIN=9857, RATIS_SERVER=9856, STANDALONE=9859], networkLocation: /default-rack, certSerialId: null, persistedOpState: IN_SERVICE, persistedOpStateExpiryEpochSec: 0}9e25ff41-c5eb-46d2-9107-58183d0a861a{ip: 10.42.0.20, host: 10-42-0-20.datanode-public.default.svc.cluster.local, ports: [REPLICATION=9886, RATIS=9858, RATIS_ADMIN=9857, RATIS_SERVER=9856, STANDALONE=9859], networkLocation: /default-rack, certSerialId: null, persistedOpState: IN_SERVICE, persistedOpStateExpiryEpochSec: 0}, ReplicationConfig: RATIS/THREE, State:ALLOCATED, leaderId:, CreationTimestamp2021-07-25T01:05:06.122Z[UTC]].
2021-07-25 01:05:08 INFO  PipelineManagerV2Impl:283 - Pipeline Pipeline[ Id: d9aa7611-4c14-439b-8866-db1604f83780, Nodes: b6eafe87-7dc0-43ba-87ca-be2e8ef276fc{ip: 10.42.0.15, host: 10-42-0-15.datanode-public.default.svc.cluster.local, ports: [REPLICATION=9886, RATIS=9858, RATIS_ADMIN=9857, RATIS_SERVER=9856, STANDALONE=9859], networkLocation: /default-rack, certSerialId: null, persistedOpState: IN_SERVICE, persistedOpStateExpiryEpochSec: 0}, ReplicationConfig: RATIS/ONE, State:ALLOCATED, leaderId:b6eafe87-7dc0-43ba-87ca-be2e8ef276fc, CreationTimestamp2021-07-25T01:05:05.280Z[UTC]] moved to OPEN state
2021-07-25 01:05:08 INFO  SCMSafeModeManager:124 - SCM in safe mode. Healthy pipelines reported count is 0, required healthy pipeline reported count is 1
2021-07-25 01:05:08 INFO  SCMSafeModeManager:124 - SCM in safe mode. Healthy pipelines reported count is 0, required healthy pipeline reported count is 1
2021-07-25 01:05:08 INFO  PipelineManagerV2Impl:283 - Pipeline Pipeline[ Id: 3e3b1556-bf23-4341-852d-f60b9f54cc7a, Nodes: 800fe636-2749-4a7d-adf7-f21291f4fe3f{ip: 10.42.0.19, host: 10-42-0-19.datanode-public.default.svc.cluster.local, ports: [REPLICATION=9886, RATIS=9858, RATIS_ADMIN=9857, RATIS_SERVER=9856, STANDALONE=9859], networkLocation: /default-rack, certSerialId: null, persistedOpState: IN_SERVICE, persistedOpStateExpiryEpochSec: 0}, ReplicationConfig: RATIS/ONE, State:ALLOCATED, leaderId:800fe636-2749-4a7d-adf7-f21291f4fe3f, CreationTimestamp2021-07-25T01:05:05.570Z[UTC]] moved to OPEN state
2021-07-25 01:05:08 INFO  SCMSafeModeManager:124 - SCM in safe mode. Healthy pipelines reported count is 0, required healthy pipeline reported count is 1
2021-07-25 01:05:09 INFO  PipelineManagerV2Impl:283 - Pipeline Pipeline[ Id: eec2a3dc-408b-446c-8d39-8607591fbcce, Nodes: 9e25ff41-c5eb-46d2-9107-58183d0a861a{ip: 10.42.0.20, host: 10-42-0-20.datanode-public.default.svc.cluster.local, ports: [REPLICATION=9886, RATIS=9858, RATIS_ADMIN=9857, RATIS_SERVER=9856, STANDALONE=9859], networkLocation: /default-rack, certSerialId: null, persistedOpState: IN_SERVICE, persistedOpStateExpiryEpochSec: 0}, ReplicationConfig: RATIS/ONE, State:ALLOCATED, leaderId:9e25ff41-c5eb-46d2-9107-58183d0a861a, CreationTimestamp2021-07-25T01:05:06.085Z[UTC]] moved to OPEN state
2021-07-25 01:05:09 INFO  SCMSafeModeManager:124 - SCM in safe mode. Healthy pipelines reported count is 0, required healthy pipeline reported count is 1
2021-07-25 01:05:09 INFO  SCMSafeModeManager:124 - SCM in safe mode. Healthy pipelines reported count is 0, required healthy pipeline reported count is 1
2021-07-25 01:05:09 INFO  SCMSafeModeManager:124 - SCM in safe mode. Healthy pipelines reported count is 0, required healthy pipeline reported count is 1
2021-07-25 01:05:13 INFO  SCMSafeModeManager:124 - SCM in safe mode. Healthy pipelines reported count is 0, required healthy pipeline reported count is 1
2021-07-25 01:05:14 INFO  SCMSafeModeManager:124 - SCM in safe mode. Healthy pipelines reported count is 0, required healthy pipeline reported count is 1
2021-07-25 01:05:14 INFO  SCMSafeModeManager:124 - SCM in safe mode. Healthy pipelines reported count is 0, required healthy pipeline reported count is 1
2021-07-25 01:05:24 INFO  PipelineManagerV2Impl:283 - Pipeline Pipeline[ Id: 544b143f-5115-4e51-8e60-b2c4b98d9292, Nodes: b6eafe87-7dc0-43ba-87ca-be2e8ef276fc{ip: 10.42.0.15, host: 10-42-0-15.datanode-public.default.svc.cluster.local, ports: [REPLICATION=9886, RATIS=9858, RATIS_ADMIN=9857, RATIS_SERVER=9856, STANDALONE=9859], networkLocation: /default-rack, certSerialId: null, persistedOpState: IN_SERVICE, persistedOpStateExpiryEpochSec: 0}800fe636-2749-4a7d-adf7-f21291f4fe3f{ip: 10.42.0.19, host: 10-42-0-19.datanode-public.default.svc.cluster.local, ports: [REPLICATION=9886, RATIS=9858, RATIS_ADMIN=9857, RATIS_SERVER=9856, STANDALONE=9859], networkLocation: /default-rack, certSerialId: null, persistedOpState: IN_SERVICE, persistedOpStateExpiryEpochSec: 0}9e25ff41-c5eb-46d2-9107-58183d0a861a{ip: 10.42.0.20, host: 10-42-0-20.datanode-public.default.svc.cluster.local, ports: [REPLICATION=9886, RATIS=9858, RATIS_ADMIN=9857, RATIS_SERVER=9856, STANDALONE=9859], networkLocation: /default-rack, certSerialId: null, persistedOpState: IN_SERVICE, persistedOpStateExpiryEpochSec: 0}, ReplicationConfig: RATIS/THREE, State:ALLOCATED, leaderId:9e25ff41-c5eb-46d2-9107-58183d0a861a, CreationTimestamp2021-07-25T01:05:06.122Z[UTC]] moved to OPEN state
2021-07-25 01:05:24 INFO  SCMSafeModeManager:124 - SCM in safe mode. Healthy pipelines reported count is 0, required healthy pipeline reported count is 1
2021-07-25 01:05:24 INFO  SCMSafeModeManager:124 - SCM in safe mode. Healthy pipelines reported count is 1, required healthy pipeline reported count is 1
2021-07-25 01:05:24 INFO  SCMSafeModeManager:204 - HealthyPipelineSafeModeRule rule is successfully validated
2021-07-25 01:05:24 INFO  SCMSafeModeManager:219 - ScmSafeModeManager, all rules are successfully validated
2021-07-25 01:05:24 INFO  SCMSafeModeManager:248 - SCM exiting safe mode.
2021-07-25 01:05:24 WARN  EventQueue:194 - No event handler registered for event TypedEvent{payloadType=SafeModeStatus, name='Safe mode status'}
2021-07-25 01:05:24 INFO  SCMContext:205 - Update SafeModeStatus from SafeModeStatus{safeModeStatus=true, preCheckPassed=true} to SafeModeStatus{safeModeStatus=false, preCheckPassed=true}.
2021-07-25 01:05:24 INFO  BackgroundPipelineCreator:264 - Service BackgroundPipelineCreator transitions to RUNNING.
2021-07-25 01:05:24 INFO  ReplicationManager:1686 - Service ReplicationManager transitions to RUNNING.
2021-07-25 01:05:31 INFO  SequenceIdGenerator:127 - Allocate a batch for containerId, change lastId from 0 to 1000.
2021-07-25 01:05:31 WARN  SequenceIdGenerator:234 - Failed to allocate a batch for localId, expected lastId is 0, actual lastId is 107544261427200000.
2021-07-25 01:05:31 INFO  SequenceIdGenerator:127 - Allocate a batch for localId, change lastId from 107544261427200000 to 107544261427201000.
