rm: cannot remove '/home/runner/work/ozone/ozone/hadoop-ozone/dist/target/ozone-1.3.0-SNAPSHOT/compose/result/*': No such file or directory
Executing test in ozone
Removing network ozone_default
Network ozone_default not found.
Creating network "ozone_default" with the default driver
Pulling datanode (apache/ozone-runner:20220623-1)...
20220623-1: Pulling from apache/ozone-runner
Digest: sha256:ba2ed07322bc8f888150fa2a1ec0523fca85e09c8eb9779445f8bca0d58cff97
Status: Downloaded newer image for apache/ozone-runner:20220623-1
Creating ozone_scm_1 ... 
Creating ozone_s3g_1   ... 
Creating ozone_recon_1 ... 
Creating ozone_datanode_1 ... 
Creating ozone_datanode_2 ... 
Creating ozone_datanode_3 ... 
Creating ozone_datanode_4 ... 
Creating ozone_datanode_5 ... 
Creating ozone_om_1    ... 
Creating ozone_datanode_1 ... done
Creating ozone_om_1       ... done
Creating ozone_recon_1    ... done
Creating ozone_s3g_1      ... done
Creating ozone_datanode_2 ... done
Creating ozone_datanode_3 ... done
Creating ozone_scm_1      ... done
Creating ozone_datanode_4 ... done
Creating ozone_datanode_5 ... done
SECONDS: 55
com.google.protobuf.ServiceException: java.net.ConnectException: Call From f0091802c624/172.18.0.3 to scm:9860 failed on connection exception: java.net.ConnectException: Connection refused; For more details see: http://wiki.apache.org/hadoop/ConnectionRefused, while invoking $Proxy20.submitRequest over nodeId=scmNodeId,nodeAddress=scm/172.18.0.3:9860 after 1 failover attempts. Trying to failover after sleeping for 2000ms. com.google.protobuf.ServiceException: java.net.ConnectException: Call From f0091802c624/172.18.0.3 to scm:9860 failed on connection exception: java.net.ConnectException: Connection refused; For more details see: http://wiki.apache.org/hadoop/ConnectionRefused, while invoking $Proxy20.submitRequest over nodeId=scmNodeId,nodeAddress=scm/172.18.0.3:9860 after 2 failover attempts. Trying to failover after sleeping for 2000ms. com.google.protobuf.ServiceException: java.net.ConnectException: Call From f0091802c624/172.18.0.3 to scm:9860 failed on connection exception: java.net.ConnectException: Connection refused; For more details see: http://wiki.apache.org/hadoop/ConnectionRefused, while invoking $Proxy20.submitRequest over nodeId=scmNodeId,nodeAddress=scm/172.18.0.3:9860 after 3 failover attempts. Trying to failover after sleeping for 2000ms. com.google.protobuf.ServiceException: java.net.ConnectException: Call From f0091802c624/172.18.0.3 to scm:9860 failed on connection exception: java.net.ConnectException: Connection refused; For more details see: http://wiki.apache.org/hadoop/ConnectionRefused, while invoking $Proxy20.submitRequest over nodeId=scmNodeId,nodeAddress=scm/172.18.0.3:9860 after 4 failover attempts. Trying to failover after sleeping for 2000ms. com.google.protobuf.ServiceException: org.apache.hadoop.ipc.RemoteException(org.apache.hadoop.hdds.ratis.ServerNotLeaderException): Server:ea7d6e5e-6c7e-45bb-bca6-f307c894633c is not the leader. Could not determine the leader node. at org.apache.hadoop.hdds.ratis.ServerNotLeaderException.convertToNotLeaderException(ServerNotLeaderException.java:109) at org.apache.hadoop.hdds.scm.ha.RatisUtil.checkRatisException(RatisUtil.java:246) at org.apache.hadoop.hdds.scm.protocol.StorageContainerLocationProtocolServerSideTranslatorPB.submitRequest(StorageContainerLocationProtocolServerSideTranslatorPB.java:191) at org.apache.hadoop.hdds.protocol.proto.StorageContainerLocationProtocolProtos$StorageContainerLocationProtocolService$2.callBlockingMethod(StorageContainerLocationProtocolProtos.java:61195) at org.apache.hadoop.ipc.ProtobufRpcEngine$Server.processCall(ProtobufRpcEngine.java:466) at org.apache.hadoop.ipc.ProtobufRpcEngine2$Server$ProtoBufRpcInvoker.call(ProtobufRpcEngine2.java:574) at org.apache.hadoop.ipc.ProtobufRpcEngine2$Server$ProtoBufRpcInvoker.call(ProtobufRpcEngine2.java:552) at org.apache.hadoop.ipc.RPC$Server.call(RPC.java:1093) at org.apache.hadoop.ipc.Server$RpcCall.run(Server.java:1035) at org.apache.hadoop.ipc.Server$RpcCall.run(Server.java:963) at java.base/java.security.AccessController.doPrivileged(Native Method) at java.base/javax.security.auth.Subject.doAs(Subject.java:423) at org.apache.hadoop.security.UserGroupInformation.doAs(UserGroupInformation.java:1878) at org.apache.hadoop.ipc.Server$Handler.run(Server.java:2966) , while invoking $Proxy20.submitRequest over nodeId=scmNodeId,nodeAddress=scm/172.18.0.3:9860 after 5 failover attempts. Trying to failover after sleeping for 2000ms. com.google.protobuf.ServiceException: org.apache.hadoop.ipc.RemoteException(org.apache.hadoop.hdds.ratis.ServerNotLeaderException): Server:ea7d6e5e-6c7e-45bb-bca6-f307c894633c is not the leader. Could not determine the leader node. at org.apache.hadoop.hdds.ratis.ServerNotLeaderException.convertToNotLeaderException(ServerNotLeaderException.java:109) at org.apache.hadoop.hdds.scm.ha.RatisUtil.checkRatisException(RatisUtil.java:246) at org.apache.hadoop.hdds.scm.protocol.StorageContainerLocationProtocolServerSideTranslatorPB.submitRequest(StorageContainerLocationProtocolServerSideTranslatorPB.java:191) at org.apache.hadoop.hdds.protocol.proto.StorageContainerLocationProtocolProtos$StorageContainerLocationProtocolService$2.callBlockingMethod(StorageContainerLocationProtocolProtos.java:61195) at org.apache.hadoop.ipc.ProtobufRpcEngine$Server.processCall(ProtobufRpcEngine.java:466) at org.apache.hadoop.ipc.ProtobufRpcEngine2$Server$ProtoBufRpcInvoker.call(ProtobufRpcEngine2.java:574) at org.apache.hadoop.ipc.ProtobufRpcEngine2$Server$ProtoBufRpcInvoker.call(ProtobufRpcEngine2.java:552) at org.apache.hadoop.ipc.RPC$Server.call(RPC.java:1093) at org.apache.hadoop.ipc.Server$RpcCall.run(Server.java:1035) at org.apache.hadoop.ipc.Server$RpcCall.run(Server.java:963) at java.base/java.security.AccessController.doPrivileged(Native Method) at java.base/javax.security.auth.Subject.doAs(Subject.java:423) at org.apache.hadoop.security.UserGroupInformation.doAs(UserGroupInformation.java:1878) at org.apache.hadoop.ipc.Server$Handler.run(Server.java:2966) , while invoking $Proxy20.submitRequest over nodeId=scmNodeId,nodeAddress=scm/172.18.0.3:9860 after 6 failover attempts. Trying to failover after sleeping for 2000ms. SCM is in safe mode. validated:false, DataNodeSafeModeRule, registered datanodes (=0) >= required datanodes (=5) validated:false, HealthyPipelineSafeModeRule, healthy Ratis/THREE pipelines (=0) >= healthyPipelineThresholdCount (=1) validated:true, ContainerSafeModeRule, % of containers with at least one reported replica (=1.00) >= safeModeCutoff (=0.99) validated:true, AtleastOneDatanodeReportedRule, reported Ratis/THREE pipelines with at least one datanode (=0) >= threshold (=0)
SECONDS: 69
SCM is out of safe mode.
Safe mode is off
No OM HA service, no need to wait
==============================================================================
Lib                                                                           
==============================================================================
Lib.Fs Tests                                                                  
==============================================================================
Format o3fs URL without path                                          | PASS |
------------------------------------------------------------------------------
Format o3fs URL with path                                             | PASS |
------------------------------------------------------------------------------
Format o3fs URL with OM                                               | PASS |
------------------------------------------------------------------------------
Format ofs URL without path                                           | PASS |
------------------------------------------------------------------------------
Format ofs URL with path                                              | PASS |
------------------------------------------------------------------------------
Format ofs URL with OM                                                | PASS |
------------------------------------------------------------------------------
Format FS URL with ofs scheme                                         | PASS |
------------------------------------------------------------------------------
Format FS URL with o3fs scheme                                        | PASS |
------------------------------------------------------------------------------
Format FS URL with unsupported scheme                                 | PASS |
------------------------------------------------------------------------------
Lib.Fs Tests                                                          | PASS |
9 tests, 9 passed, 0 failed
==============================================================================
Lib.Os Tests                                                                  
==============================================================================
Execute                                                               | PASS |
------------------------------------------------------------------------------
Execute failing command                                               | PASS |
------------------------------------------------------------------------------
Execute And Ignore Error                                              | PASS |
------------------------------------------------------------------------------
Execute and checkrc                                                   | PASS |
------------------------------------------------------------------------------
Execute and checkrc RC mismatch                                       | PASS |
------------------------------------------------------------------------------
Lib.Os Tests                                                          | PASS |
5 tests, 5 passed, 0 failed
==============================================================================
Lib.String Tests                                                              
==============================================================================
Ensure Leading without Leading                                        | PASS |
------------------------------------------------------------------------------
Ensure Leading with Leading                                           | PASS |
------------------------------------------------------------------------------
Ensure Leading for empty                                              | PASS |
------------------------------------------------------------------------------
Ensure Trailing without Trailing                                      | PASS |
------------------------------------------------------------------------------
Ensure Trailing with Trailing                                         | PASS |
------------------------------------------------------------------------------
Ensure Trailing for empty                                             | PASS |
------------------------------------------------------------------------------
Lib.String Tests                                                      | PASS |
6 tests, 6 passed, 0 failed
==============================================================================
Lib                                                                   | PASS |
20 tests, 20 passed, 0 failed
==============================================================================
Output:  /tmp/smoketest/ozone/result/robot-ozone-ozone-lib-scm.xml
==============================================================================
Ozone-Lib                                                                     
==============================================================================
Ozone-Lib.Shell Tests                                                         
==============================================================================
Bucket Exists should not if No Such Volume                            | PASS |
------------------------------------------------------------------------------
Bucket Exists should not if No Such Bucket                            | PASS |
------------------------------------------------------------------------------
Bucket Exists                                                         | PASS |
------------------------------------------------------------------------------
Bucket Exists should not if No Such OM service                        | PASS |
------------------------------------------------------------------------------
Key Should Match Local File                                           | PASS |
------------------------------------------------------------------------------
Compare Key With Local File with Different File                       | PASS |
------------------------------------------------------------------------------
Compare Key With Local File if File Does Not Exist                    | PASS |
------------------------------------------------------------------------------
Ozone-Lib.Shell Tests                                                 | PASS |
7 tests, 7 passed, 0 failed
==============================================================================
Ozone-Lib                                                             | PASS |
7 tests, 7 passed, 0 failed
==============================================================================
Output:  /tmp/smoketest/ozone/result/robot-ozone-ozone-lib-scm-1.xml
==============================================================================
Auditparser                                                                   
==============================================================================
Auditparser.Auditparser :: Smoketest ozone cluster startup                    
==============================================================================
Testing audit parser                                                  | PASS |
------------------------------------------------------------------------------
Auditparser.Auditparser :: Smoketest ozone cluster startup            | PASS |
1 test, 1 passed, 0 failed
==============================================================================
Auditparser                                                           | PASS |
1 test, 1 passed, 0 failed
==============================================================================
Output:  /tmp/smoketest/ozone/result/robot-ozone-ozone-lib-scm-2.xml
==============================================================================
Basic                                                                         
==============================================================================
Basic.Basic :: Smoketest ozone cluster startup                                
==============================================================================
Check webui static resources                                          | PASS |
------------------------------------------------------------------------------
Basic Freon smoketest                                                 | PASS |
------------------------------------------------------------------------------
Basic.Basic :: Smoketest ozone cluster startup                        | PASS |
2 tests, 2 passed, 0 failed
==============================================================================
Basic.Getconf :: Test 'ozone getconf' command                                 
==============================================================================
Get OM                                                                | PASS |
------------------------------------------------------------------------------
Get SCM                                                               | PASS |
------------------------------------------------------------------------------
Get existing config key                                               | PASS |
------------------------------------------------------------------------------
Get undefined config key                                              | PASS |
------------------------------------------------------------------------------
Basic.Getconf :: Test 'ozone getconf' command                         | PASS |
4 tests, 4 passed, 0 failed
==============================================================================
Basic.Links :: Test bucket links via Ozone CLI                                
==============================================================================
Link to non-existent bucket                                           | PASS |
------------------------------------------------------------------------------
Key create passthrough                                                | PASS |
------------------------------------------------------------------------------
Key read passthrough                                                  | PASS |
------------------------------------------------------------------------------
Key list passthrough                                                  | PASS |
------------------------------------------------------------------------------
Key delete passthrough                                                | PASS |
------------------------------------------------------------------------------
Bucket list contains links                                            | PASS |
------------------------------------------------------------------------------
Bucket info shows source                                              | PASS |
------------------------------------------------------------------------------
Source and target have separate ACLs                                  | PASS |
------------------------------------------------------------------------------
Buckets and links share namespace                                     | PASS |
------------------------------------------------------------------------------
Can follow link with read access                                      | PASS |
------------------------------------------------------------------------------
Cannot follow link without read access                                | PASS |
------------------------------------------------------------------------------
ACL verified on source bucket                                         | PASS |
------------------------------------------------------------------------------
Loop in link chain is detected                                        | PASS |
------------------------------------------------------------------------------
Multiple links to same bucket are allowed                             | PASS |
------------------------------------------------------------------------------
Source bucket not affected by deleting link                           | PASS |
------------------------------------------------------------------------------
Setting bucket property on link not allowed                           | PASS |
------------------------------------------------------------------------------
Basic.Links :: Test bucket links via Ozone CLI                        | PASS |
16 tests, 16 passed, 0 failed
==============================================================================
Basic.Ozone-Shell-Single :: Test ozone shell CLI usage                        
==============================================================================
Test ozone shell                                                      | PASS |
------------------------------------------------------------------------------
Basic.Ozone-Shell-Single :: Test ozone shell CLI usage                | PASS |
1 test, 1 passed, 0 failed
==============================================================================
Basic.Ozone-Shell :: Test ozone shell CLI usage                               
==============================================================================
RpcClient with port                                                   | PASS |
------------------------------------------------------------------------------
RpcClient with execution errors                                       | PASS |
------------------------------------------------------------------------------
RpcClient volume acls                                                 | PASS |
------------------------------------------------------------------------------
RpcClient bucket acls                                                 | PASS |
------------------------------------------------------------------------------
RpcClient key acls                                                    | PASS |
------------------------------------------------------------------------------
RpcClient prefix acls                                                 | PASS |
------------------------------------------------------------------------------
RpcClient without host                                                | PASS |
------------------------------------------------------------------------------
Basic.Ozone-Shell :: Test ozone shell CLI usage                       | PASS |
7 tests, 7 passed, 0 failed
==============================================================================
Basic.Single Node :: Smoketest for one datanode                               
==============================================================================
Basic Freon smoketest for one datanode                                | PASS |
------------------------------------------------------------------------------
Basic.Single Node :: Smoketest for one datanode                       | PASS |
1 test, 1 passed, 0 failed
==============================================================================
Basic                                                                 | PASS |
31 tests, 31 passed, 0 failed
==============================================================================
Output:  /tmp/smoketest/ozone/result/robot-ozone-ozone-lib-scm-3.xml
==============================================================================
Gdpr                                                                          
==============================================================================
Gdpr.Gdpr :: Smoketest Ozone GDPR Feature                                     
==============================================================================
Test GDPR disabled                                                    | PASS |
------------------------------------------------------------------------------
Test GDPR --enforcegdpr=true                                          | PASS |
------------------------------------------------------------------------------
Test GDPR -g=true                                                     | PASS |
------------------------------------------------------------------------------
Test GDPR -g=false                                                    | PASS |
------------------------------------------------------------------------------
Gdpr.Gdpr :: Smoketest Ozone GDPR Feature                             | PASS |
4 tests, 4 passed, 0 failed
==============================================================================
Gdpr                                                                  | PASS |
4 tests, 4 passed, 0 failed
==============================================================================
Output:  /tmp/smoketest/ozone/result/robot-ozone-ozone-lib-scm-4.xml
==============================================================================
Ozone-Secure-Token :: Test token operations                                   
==============================================================================
Token Test                                                            | PASS |
------------------------------------------------------------------------------
Ozone-Secure-Token :: Test token operations                           | PASS |
1 test, 1 passed, 0 failed
==============================================================================
Output:  /tmp/smoketest/ozone/result/robot-ozone-ozone-lib-scm-5.xml
==============================================================================
s3-erasure                                                                    
==============================================================================
s3-erasure.Awss3 :: S3 gateway test with aws cli                              
==============================================================================
File upload and directory list                                        | PASS |
------------------------------------------------------------------------------
File upload with special chars                                        | PASS |
------------------------------------------------------------------------------
s3-erasure.Awss3 :: S3 gateway test with aws cli                      | PASS |
2 tests, 2 passed, 0 failed
==============================================================================
s3-erasure.Boto3 :: S3 gateway test with Boto3 Client                         
==============================================================================
Boto3 Client Test                                                     | PASS |
------------------------------------------------------------------------------
s3-erasure.Boto3 :: S3 gateway test with Boto3 Client                 | PASS |
1 test, 1 passed, 0 failed
==============================================================================
s3-erasure.Bucketcreate :: S3 gateway test with aws cli                       
==============================================================================
Create new bucket                                                     | PASS |
------------------------------------------------------------------------------
Create bucket which already exists                                    | PASS |
------------------------------------------------------------------------------
Create bucket with invalid bucket name                                | PASS |
------------------------------------------------------------------------------
Create new bucket and check no group ACL                              | PASS |
------------------------------------------------------------------------------
s3-erasure.Bucketcreate :: S3 gateway test with aws cli               | PASS |
4 tests, 4 passed, 0 failed
==============================================================================
s3-erasure.Bucketdelete :: S3 gateway test with aws cli                       
==============================================================================
Delete existing bucket                                                | PASS |
------------------------------------------------------------------------------
Delete non-existent bucket                                            | PASS |
------------------------------------------------------------------------------
s3-erasure.Bucketdelete :: S3 gateway test with aws cli               | PASS |
2 tests, 2 passed, 0 failed
==============================================================================
s3-erasure.Buckethead :: S3 gateway test with aws cli                         
==============================================================================
Head Bucket                                                           | PASS |
------------------------------------------------------------------------------
Head Bucket not existent                                              | PASS |
------------------------------------------------------------------------------
s3-erasure.Buckethead :: S3 gateway test with aws cli                 | PASS |
2 tests, 2 passed, 0 failed
==============================================================================
s3-erasure.Bucketlist :: S3 gateway test with aws cli                         
==============================================================================
List buckets                                                          | PASS |
------------------------------------------------------------------------------
Get bucket info with Ozone Shell to check the owner field             | PASS |
Skipping this check as security is not enabled
------------------------------------------------------------------------------
List buckets with empty access id                                     | PASS |
------------------------------------------------------------------------------
s3-erasure.Bucketlist :: S3 gateway test with aws cli                 | PASS |
3 tests, 3 passed, 0 failed
==============================================================================
s3-erasure.MultipartUpload :: S3 gateway test with aws cli                    
==============================================================================
Test Multipart Upload With Adjusted Length                            | PASS |
------------------------------------------------------------------------------
Test Multipart Upload                                                 | PASS |
------------------------------------------------------------------------------
Test Multipart Upload Complete                                        | PASS |
------------------------------------------------------------------------------
Test Multipart Upload Complete Entity too small                       | PASS |
------------------------------------------------------------------------------
Test Multipart Upload Complete Invalid part errors and complete mp... | PASS |
------------------------------------------------------------------------------
Test abort Multipart upload                                           | PASS |
------------------------------------------------------------------------------
Test abort Multipart upload with invalid uploadId                     | PASS |
------------------------------------------------------------------------------
Upload part with Incorrect uploadID                                   | PASS |
------------------------------------------------------------------------------
Test list parts                                                       | PASS |
------------------------------------------------------------------------------
Test Multipart Upload with the simplified aws s3 cp API               | PASS |
------------------------------------------------------------------------------
Test Multipart Upload Put With Copy                                   | PASS |
------------------------------------------------------------------------------
Test Multipart Upload Put With Copy and range                         | PASS |
------------------------------------------------------------------------------
Test Multipart Upload Put With Copy and range with IfModifiedSince    | PASS |
------------------------------------------------------------------------------
Test Multipart Upload list                                            | PASS |
------------------------------------------------------------------------------
s3-erasure.MultipartUpload :: S3 gateway test with aws cli            | PASS |
14 tests, 14 passed, 0 failed
==============================================================================
s3-erasure.Objectcopy :: S3 gateway test with aws cli                         
==============================================================================
Copy Object Happy Scenario                                            | PASS |
------------------------------------------------------------------------------
Copy Object Where Bucket is not available                             | PASS |
------------------------------------------------------------------------------
Copy Object Where both source and dest are same with change to sto... | PASS |
------------------------------------------------------------------------------
Copy Object Where Key not available                                   | PASS |
------------------------------------------------------------------------------
s3-erasure.Objectcopy :: S3 gateway test with aws cli                 | PASS |
4 tests, 4 passed, 0 failed
==============================================================================
s3-erasure.Objectdelete :: S3 gateway test with aws cli                       
==============================================================================
Delete file with s3api                                                | PASS |
------------------------------------------------------------------------------
Delete file with s3api, file doesn't exist                            | PASS |
------------------------------------------------------------------------------
Delete dir with s3api                                                 | PASS |
------------------------------------------------------------------------------
Delete file with s3api, file doesn't exist, prefix of a real file     | PASS |
------------------------------------------------------------------------------
Delete file with s3api, bucket doesn't exist                          | PASS |
------------------------------------------------------------------------------
s3-erasure.Objectdelete :: S3 gateway test with aws cli               | PASS |
5 tests, 5 passed, 0 failed
==============================================================================
s3-erasure.Objecthead :: S3 gateway test with aws cli                         
==============================================================================
Head existing object                                                  | PASS |
------------------------------------------------------------------------------
Head object in non existing bucket                                    | PASS |
------------------------------------------------------------------------------
Head non existing key                                                 | PASS |
------------------------------------------------------------------------------
s3-erasure.Objecthead :: S3 gateway test with aws cli                 | PASS |
3 tests, 3 passed, 0 failed
==============================================================================
s3-erasure.Objectmultidelete :: S3 gateway test with aws cli                  
==============================================================================
Delete file with multi delete                                         | PASS |
------------------------------------------------------------------------------
s3-erasure.Objectmultidelete :: S3 gateway test with aws cli          | PASS |
1 test, 1 passed, 0 failed
==============================================================================
s3-erasure.Objectputget :: S3 gateway test with aws cli                       
==============================================================================
Put object to s3                                                      | PASS |
------------------------------------------------------------------------------
Get object from s3                                                    | PASS |
------------------------------------------------------------------------------
Get Partial object from s3 with both start and endoffset              | PASS |
------------------------------------------------------------------------------
Get Partial object from s3 with both start and endoffset(start off... | PASS |
------------------------------------------------------------------------------
Get Partial object from s3 with both start and endoffset(end offse... | PASS |
------------------------------------------------------------------------------
Get Partial object from s3 with only start offset                     | PASS |
------------------------------------------------------------------------------
Get Partial object from s3 with both start and endoffset which are... | PASS |
------------------------------------------------------------------------------
Get Partial object from s3 to get last n bytes                        | PASS |
------------------------------------------------------------------------------
Incorrect values for end and start offset                             | PASS |
------------------------------------------------------------------------------
Zero byte file                                                        | PASS |
------------------------------------------------------------------------------
s3-erasure.Objectputget :: S3 gateway test with aws cli               | PASS |
10 tests, 10 passed, 0 failed
==============================================================================
s3-erasure.Webui :: S3 gateway web ui test                                    
==============================================================================
S3 Gateway Web UI                                                     | PASS |
------------------------------------------------------------------------------
s3-erasure.Webui :: S3 gateway web ui test                            | PASS |
1 test, 1 passed, 0 failed
==============================================================================
s3-erasure                                                            | PASS |
52 tests, 52 passed, 0 failed
==============================================================================
Output:  /tmp/smoketest/ozone/result/robot-ozone-ozone-lib-scm-6.xml
==============================================================================
s3-link                                                                       
==============================================================================
s3-link.Awss3 :: S3 gateway test with aws cli                                 
==============================================================================
File upload and directory list                                        | PASS |
------------------------------------------------------------------------------
File upload with special chars                                        | PASS |
------------------------------------------------------------------------------
s3-link.Awss3 :: S3 gateway test with aws cli                         | PASS |
2 tests, 2 passed, 0 failed
==============================================================================
s3-link.Boto3 :: S3 gateway test with Boto3 Client                            
==============================================================================
Boto3 Client Test                                                     | PASS |
------------------------------------------------------------------------------
s3-link.Boto3 :: S3 gateway test with Boto3 Client                    | PASS |
1 test, 1 passed, 0 failed
==============================================================================
s3-link.Bucketdelete :: S3 gateway test with aws cli                          
==============================================================================
Delete existing bucket                                                | PASS |
------------------------------------------------------------------------------
s3-link.Bucketdelete :: S3 gateway test with aws cli                  | PASS |
1 test, 1 passed, 0 failed
==============================================================================
s3-link.Buckethead :: S3 gateway test with aws cli                            
==============================================================================
Head Bucket                                                           | PASS |
------------------------------------------------------------------------------
s3-link.Buckethead :: S3 gateway test with aws cli                    | PASS |
1 test, 1 passed, 0 failed
==============================================================================
s3-link.Bucketlist :: S3 gateway test with aws cli                            
==============================================================================
List buckets                                                          | PASS |
------------------------------------------------------------------------------
Get bucket info with Ozone Shell to check the owner field             | PASS |
Skipping this check as security is not enabled
------------------------------------------------------------------------------
List buckets with empty access id                                     | PASS |
------------------------------------------------------------------------------
s3-link.Bucketlist :: S3 gateway test with aws cli                    | PASS |
3 tests, 3 passed, 0 failed
==============================================================================
s3-link.MultipartUpload :: S3 gateway test with aws cli                       
==============================================================================
Test Multipart Upload With Adjusted Length                            | PASS |
------------------------------------------------------------------------------
Test Multipart Upload                                                 | PASS |
------------------------------------------------------------------------------
Test Multipart Upload Complete                                        | PASS |
------------------------------------------------------------------------------
Test Multipart Upload Complete Entity too small                       | PASS |
------------------------------------------------------------------------------
Test Multipart Upload Complete Invalid part errors and complete mp... | PASS |
------------------------------------------------------------------------------
Test abort Multipart upload                                           | PASS |
------------------------------------------------------------------------------
Test abort Multipart upload with invalid uploadId                     | PASS |
------------------------------------------------------------------------------
Upload part with Incorrect uploadID                                   | PASS |
------------------------------------------------------------------------------
Test list parts                                                       | PASS |
------------------------------------------------------------------------------
Test Multipart Upload with the simplified aws s3 cp API               | PASS |
------------------------------------------------------------------------------
Test Multipart Upload Put With Copy                                   | PASS |
------------------------------------------------------------------------------
Test Multipart Upload Put With Copy and range                         | PASS |
------------------------------------------------------------------------------
Test Multipart Upload Put With Copy and range with IfModifiedSince    | PASS |
------------------------------------------------------------------------------
Test Multipart Upload list                                            | PASS |
------------------------------------------------------------------------------
s3-link.MultipartUpload :: S3 gateway test with aws cli               | PASS |
14 tests, 14 passed, 0 failed
==============================================================================
s3-link.Objectcopy :: S3 gateway test with aws cli                            
==============================================================================
Copy Object Happy Scenario                                            | PASS |
------------------------------------------------------------------------------
Copy Object Where Bucket is not available                             | PASS |
------------------------------------------------------------------------------
Copy Object Where both source and dest are same with change to sto... | PASS |
------------------------------------------------------------------------------
Copy Object Where Key not available                                   | PASS |
------------------------------------------------------------------------------
s3-link.Objectcopy :: S3 gateway test with aws cli                    | PASS |
4 tests, 4 passed, 0 failed
==============================================================================
s3-link.Objectdelete :: S3 gateway test with aws cli                          
==============================================================================
Delete file with s3api                                                | PASS |
------------------------------------------------------------------------------
Delete file with s3api, file doesn't exist                            | PASS |
------------------------------------------------------------------------------
Delete dir with s3api                                                 | PASS |
------------------------------------------------------------------------------
Delete file with s3api, file doesn't exist, prefix of a real file     | PASS |
------------------------------------------------------------------------------
Delete file with s3api, bucket doesn't exist                          | PASS |
------------------------------------------------------------------------------
s3-link.Objectdelete :: S3 gateway test with aws cli                  | PASS |
5 tests, 5 passed, 0 failed
==============================================================================
s3-link.Objecthead :: S3 gateway test with aws cli                            
==============================================================================
Head existing object                                                  | PASS |
------------------------------------------------------------------------------
Head object in non existing bucket                                    | PASS |
------------------------------------------------------------------------------
Head non existing key                                                 | PASS |
------------------------------------------------------------------------------
s3-link.Objecthead :: S3 gateway test with aws cli                    | PASS |
3 tests, 3 passed, 0 failed
==============================================================================
s3-link.Objectmultidelete :: S3 gateway test with aws cli                     
==============================================================================
Delete file with multi delete                                         | PASS |
------------------------------------------------------------------------------
s3-link.Objectmultidelete :: S3 gateway test with aws cli             | PASS |
1 test, 1 passed, 0 failed
==============================================================================
s3-link.Objectputget :: S3 gateway test with aws cli                          
==============================================================================
Put object to s3                                                      | PASS |
------------------------------------------------------------------------------
Get object from s3                                                    | PASS |
------------------------------------------------------------------------------
Get Partial object from s3 with both start and endoffset              | PASS |
------------------------------------------------------------------------------
Get Partial object from s3 with both start and endoffset(start off... | PASS |
------------------------------------------------------------------------------
Get Partial object from s3 with both start and endoffset(end offse... | PASS |
------------------------------------------------------------------------------
Get Partial object from s3 with only start offset                     | PASS |
------------------------------------------------------------------------------
Get Partial object from s3 with both start and endoffset which are... | PASS |
------------------------------------------------------------------------------
Get Partial object from s3 to get last n bytes                        | PASS |
------------------------------------------------------------------------------
Incorrect values for end and start offset                             | PASS |
------------------------------------------------------------------------------
Zero byte file                                                        | PASS |
------------------------------------------------------------------------------
s3-link.Objectputget :: S3 gateway test with aws cli                  | PASS |
10 tests, 10 passed, 0 failed
==============================================================================
s3-link                                                               | PASS |
45 tests, 45 passed, 0 failed
==============================================================================
Output:  /tmp/smoketest/ozone/result/robot-ozone-ozone-lib-scm-7.xml
==============================================================================
s3-generated                                                                  
==============================================================================
s3-generated.Awss3 :: S3 gateway test with aws cli                            
==============================================================================
File upload and directory list                                        | PASS |
------------------------------------------------------------------------------
File upload with special chars                                        | PASS |
------------------------------------------------------------------------------
s3-generated.Awss3 :: S3 gateway test with aws cli                    | PASS |
2 tests, 2 passed, 0 failed
==============================================================================
s3-generated.Boto3 :: S3 gateway test with Boto3 Client                       
==============================================================================
Boto3 Client Test                                                     | PASS |
------------------------------------------------------------------------------
s3-generated.Boto3 :: S3 gateway test with Boto3 Client               | PASS |
1 test, 1 passed, 0 failed
==============================================================================
s3-generated.Bucketdelete :: S3 gateway test with aws cli                     
==============================================================================
Delete existing bucket                                                | PASS |
------------------------------------------------------------------------------
s3-generated.Bucketdelete :: S3 gateway test with aws cli             | PASS |
1 test, 1 passed, 0 failed
==============================================================================
s3-generated.Buckethead :: S3 gateway test with aws cli                       
==============================================================================
Head Bucket                                                           | PASS |
------------------------------------------------------------------------------
s3-generated.Buckethead :: S3 gateway test with aws cli               | PASS |
1 test, 1 passed, 0 failed
==============================================================================
s3-generated.Bucketlist :: S3 gateway test with aws cli                       
==============================================================================
List buckets                                                          | PASS |
------------------------------------------------------------------------------
Get bucket info with Ozone Shell to check the owner field             | PASS |
Skipping this check as security is not enabled
------------------------------------------------------------------------------
List buckets with empty access id                                     | PASS |
------------------------------------------------------------------------------
s3-generated.Bucketlist :: S3 gateway test with aws cli               | PASS |
3 tests, 3 passed, 0 failed
==============================================================================
s3-generated.MultipartUpload :: S3 gateway test with aws cli                  
==============================================================================
Test Multipart Upload With Adjusted Length                            | PASS |
------------------------------------------------------------------------------
Test Multipart Upload                                                 | PASS |
------------------------------------------------------------------------------
Test Multipart Upload Complete                                        | PASS |
------------------------------------------------------------------------------
Test Multipart Upload Complete Entity too small                       | PASS |
------------------------------------------------------------------------------
Test Multipart Upload Complete Invalid part errors and complete mp... | PASS |
------------------------------------------------------------------------------
Test abort Multipart upload                                           | PASS |
------------------------------------------------------------------------------
Test abort Multipart upload with invalid uploadId                     | PASS |
------------------------------------------------------------------------------
Upload part with Incorrect uploadID                                   | PASS |
------------------------------------------------------------------------------
Test list parts                                                       | PASS |
------------------------------------------------------------------------------
Test Multipart Upload with the simplified aws s3 cp API               | PASS |
------------------------------------------------------------------------------
Test Multipart Upload Put With Copy                                   | PASS |
------------------------------------------------------------------------------
Test Multipart Upload Put With Copy and range                         | PASS |
------------------------------------------------------------------------------
Test Multipart Upload Put With Copy and range with IfModifiedSince    | PASS |
------------------------------------------------------------------------------
Test Multipart Upload list                                            | PASS |
------------------------------------------------------------------------------
s3-generated.MultipartUpload :: S3 gateway test with aws cli          | PASS |
14 tests, 14 passed, 0 failed
==============================================================================
s3-generated.Objectcopy :: S3 gateway test with aws cli                       
==============================================================================
Copy Object Happy Scenario                                            | PASS |
------------------------------------------------------------------------------
Copy Object Where Bucket is not available                             | PASS |
------------------------------------------------------------------------------
Copy Object Where both source and dest are same with change to sto... | PASS |
------------------------------------------------------------------------------
Copy Object Where Key not available                                   | PASS |
------------------------------------------------------------------------------
s3-generated.Objectcopy :: S3 gateway test with aws cli               | PASS |
4 tests, 4 passed, 0 failed
==============================================================================
s3-generated.Objectdelete :: S3 gateway test with aws cli                     
==============================================================================
Delete file with s3api                                                | PASS |
------------------------------------------------------------------------------
Delete file with s3api, file doesn't exist                            | PASS |
------------------------------------------------------------------------------
Delete dir with s3api                                                 | PASS |
------------------------------------------------------------------------------
Delete file with s3api, file doesn't exist, prefix of a real file     | PASS |
------------------------------------------------------------------------------
Delete file with s3api, bucket doesn't exist                          | PASS |
------------------------------------------------------------------------------
s3-generated.Objectdelete :: S3 gateway test with aws cli             | PASS |
5 tests, 5 passed, 0 failed
==============================================================================
s3-generated.Objecthead :: S3 gateway test with aws cli                       
==============================================================================
Head existing object                                                  | PASS |
------------------------------------------------------------------------------
Head object in non existing bucket                                    | PASS |
------------------------------------------------------------------------------
Head non existing key                                                 | PASS |
------------------------------------------------------------------------------
s3-generated.Objecthead :: S3 gateway test with aws cli               | PASS |
3 tests, 3 passed, 0 failed
==============================================================================
s3-generated.Objectmultidelete :: S3 gateway test with aws cli                
==============================================================================
Delete file with multi delete                                         | PASS |
------------------------------------------------------------------------------
s3-generated.Objectmultidelete :: S3 gateway test with aws cli        | PASS |
1 test, 1 passed, 0 failed
==============================================================================
s3-generated.Objectputget :: S3 gateway test with aws cli                     
==============================================================================
Put object to s3                                                      | PASS |
------------------------------------------------------------------------------
Get object from s3                                                    | PASS |
------------------------------------------------------------------------------
Get Partial object from s3 with both start and endoffset              | PASS |
------------------------------------------------------------------------------
Get Partial object from s3 with both start and endoffset(start off... | PASS |
------------------------------------------------------------------------------
Get Partial object from s3 with both start and endoffset(end offse... | PASS |
------------------------------------------------------------------------------
Get Partial object from s3 with only start offset                     | PASS |
------------------------------------------------------------------------------
Get Partial object from s3 with both start and endoffset which are... | PASS |
------------------------------------------------------------------------------
Get Partial object from s3 to get last n bytes                        | PASS |
------------------------------------------------------------------------------
Incorrect values for end and start offset                             | PASS |
------------------------------------------------------------------------------
Zero byte file                                                        | PASS |
------------------------------------------------------------------------------
s3-generated.Objectputget :: S3 gateway test with aws cli             | PASS |
10 tests, 10 passed, 0 failed
==============================================================================
s3-generated                                                          | PASS |
45 tests, 45 passed, 0 failed
==============================================================================
Output:  /tmp/smoketest/ozone/result/robot-ozone-ozone-lib-scm-8.xml
==============================================================================
Recon                                                                         
==============================================================================
Recon.Recon-Api :: Smoke test to start cluster with docker-compose environm...
==============================================================================
Check if Recon picks up OM data                                       | PASS |
------------------------------------------------------------------------------
Check if Recon picks up DN heartbeats                                 | PASS |
------------------------------------------------------------------------------
Check if Recon Web UI is up                                           | PASS |
------------------------------------------------------------------------------
Check web UI access                                                   | PASS |
------------------------------------------------------------------------------
Check admin only api access                                           | PASS |
------------------------------------------------------------------------------
Check normal api access                                               | PASS |
------------------------------------------------------------------------------
Recon.Recon-Api :: Smoke test to start cluster with docker-compose... | PASS |
6 tests, 6 passed, 0 failed
==============================================================================
Recon                                                                 | PASS |
6 tests, 6 passed, 0 failed
==============================================================================
Output:  /tmp/smoketest/ozone/result/robot-ozone-ozone-lib-scm-9.xml
==============================================================================
Om-Ratis                                                                      
==============================================================================
Om-Ratis.testOMAdminCmd :: Smoketest ozone cluster startup                    
==============================================================================
Check om admin command                                                | PASS |
------------------------------------------------------------------------------
Om-Ratis.testOMAdminCmd :: Smoketest ozone cluster startup            | PASS |
1 test, 1 passed, 0 failed
==============================================================================
Om-Ratis                                                              | PASS |
1 test, 1 passed, 0 failed
==============================================================================
Output:  /tmp/smoketest/ozone/result/robot-ozone-ozone-lib-scm-10.xml
==============================================================================
Freon                                                                         
==============================================================================
Freon.Generate-Chunk :: Test freon chunk generation commands                  
==============================================================================
DN Chunk Generator                                                    | PASS |
------------------------------------------------------------------------------
Freon.Generate-Chunk :: Test freon chunk generation commands          | PASS |
1 test, 1 passed, 0 failed
==============================================================================
Freon.Generate :: Test freon data generation commands                         
==============================================================================
Ozone Client Key Generator                                            | PASS |
------------------------------------------------------------------------------
OM Key Generator                                                      | PASS |
------------------------------------------------------------------------------
OM Bucket Generator                                                   | PASS |
------------------------------------------------------------------------------
Freon.Generate :: Test freon data generation commands                 | PASS |
3 tests, 3 passed, 0 failed
==============================================================================
Freon.Remove :: Test freon data remove commands                               
==============================================================================
Ozone Client Key Remover                                              | PASS |
------------------------------------------------------------------------------
OM Bucket Remover                                                     | PASS |
------------------------------------------------------------------------------
Freon.Remove :: Test freon data remove commands                       | PASS |
2 tests, 2 passed, 0 failed
==============================================================================
Freon.Validate-Chunk :: Test freon chunk validation commands                  
==============================================================================
DN Chunk Validator                                                    | PASS |
------------------------------------------------------------------------------
Freon.Validate-Chunk :: Test freon chunk validation commands          | PASS |
1 test, 1 passed, 0 failed
==============================================================================
Freon.Validate :: Test freon data validation commands                         
==============================================================================
Ozone Client Key Validator                                            | PASS |
------------------------------------------------------------------------------
Freon.Validate :: Test freon data validation commands                 | PASS |
1 test, 1 passed, 0 failed
==============================================================================
Freon                                                                 | PASS |
8 tests, 8 passed, 0 failed
==============================================================================
Output:  /tmp/smoketest/ozone/result/robot-ozone-ozone-lib-scm-11.xml
==============================================================================
Cli                                                                           
==============================================================================
Cli.Classpath :: Test ozone classpath command                                 
==============================================================================
Ignores HADOOP_CLASSPATH if OZONE_CLASSPATH is set                    | PASS |
------------------------------------------------------------------------------
Picks up items from OZONE_CLASSPATH                                   | PASS |
------------------------------------------------------------------------------
Adds optional dir entries                                             | PASS |
------------------------------------------------------------------------------
Cli.Classpath :: Test ozone classpath command                         | PASS |
3 tests, 3 passed, 0 failed
==============================================================================
Cli.Envvars :: Test ozone envvars command                                     
==============================================================================
Ignores deprecated vars if new ones are set                           | PASS |
------------------------------------------------------------------------------
Find valid dirs                                                       | PASS |
------------------------------------------------------------------------------
Picks up deprecated vars if valid                                     | PASS |
------------------------------------------------------------------------------
Warning for deprecated vars can be suppressed                         | PASS |
------------------------------------------------------------------------------
Works with only OZONE_HOME defined                                    | PASS |
------------------------------------------------------------------------------
Cli.Envvars :: Test ozone envvars command                             | PASS |
5 tests, 5 passed, 0 failed
==============================================================================
Cli                                                                   | PASS |
8 tests, 8 passed, 0 failed
==============================================================================
Output:  /tmp/smoketest/ozone/result/robot-ozone-ozone-lib-scm-12.xml
==============================================================================
Admincli                                                                      
==============================================================================
Admincli.Admin :: Test ozone admin command                                    
==============================================================================
Incomplete command                                                    | PASS |
------------------------------------------------------------------------------
Admincli.Admin :: Test ozone admin command                            | PASS |
1 test, 1 passed, 0 failed
==============================================================================
Admincli.Container :: Test ozone admin container command                      
==============================================================================
Create container                                                      | PASS |
------------------------------------------------------------------------------
List containers                                                       | PASS |
------------------------------------------------------------------------------
List containers with explicit host                                    | PASS |
------------------------------------------------------------------------------
List containers with container state                                  | PASS |
------------------------------------------------------------------------------
List containers with replication factor ONE                           | PASS |
------------------------------------------------------------------------------
List containers with replication factor THREE                         | PASS |
------------------------------------------------------------------------------
Container info                                                        | PASS |
------------------------------------------------------------------------------
Verbose container info                                                | PASS |
------------------------------------------------------------------------------
Close container                                                       | PASS |
------------------------------------------------------------------------------
Incomplete command                                                    | PASS |
------------------------------------------------------------------------------
Cannot close container without admin privilege                        | PASS |
Skip privilege check in unsecure cluster
------------------------------------------------------------------------------
Cannot create container without admin privilege                       | PASS |
Skip privilege check in unsecure cluster
------------------------------------------------------------------------------
Admincli.Container :: Test ozone admin container command              | PASS |
12 tests, 12 passed, 0 failed
==============================================================================
Admincli.Datanode :: Test ozone admin datanode command                        
==============================================================================
List datanodes                                                        | PASS |
------------------------------------------------------------------------------
Filter list by UUID                                                   | PASS |
------------------------------------------------------------------------------
Filter list by NodeOperationalState                                   | PASS |
------------------------------------------------------------------------------
Filter list by NodeState                                              | PASS |
------------------------------------------------------------------------------
Incomplete command                                                    | PASS |
------------------------------------------------------------------------------
Admincli.Datanode :: Test ozone admin datanode command                | PASS |
5 tests, 5 passed, 0 failed
==============================================================================
Admincli.Pipeline :: Test ozone admin pipeline command                        
==============================================================================
Create pipeline                                                       | PASS |
------------------------------------------------------------------------------
List pipelines                                                        | PASS |
------------------------------------------------------------------------------
List pipelines with explicit host                                     | PASS |
------------------------------------------------------------------------------
Deactivate pipeline                                                   | PASS |
------------------------------------------------------------------------------
Activate pipeline                                                     | PASS |
------------------------------------------------------------------------------
Close pipeline                                                        | FAIL |
1 != 0
------------------------------------------------------------------------------
Incomplete command                                                    | PASS |
------------------------------------------------------------------------------
Admincli.Pipeline :: Test ozone admin pipeline command                | FAIL |
7 tests, 6 passed, 1 failed
==============================================================================
Admincli.Replicationmanager :: Test ozone admin replicationmanager command    
==============================================================================
Check replicationmanager                                              | PASS |
------------------------------------------------------------------------------
Check replicationmanager with explicit host                           | PASS |
------------------------------------------------------------------------------
Stop replicationmanager                                               | PASS |
------------------------------------------------------------------------------
Start replicationmanager                                              | PASS |
------------------------------------------------------------------------------
Incomplete command                                                    | PASS |
------------------------------------------------------------------------------
Admincli.Replicationmanager :: Test ozone admin replicationmanager... | PASS |
5 tests, 5 passed, 0 failed
==============================================================================
Admincli.Safemode :: Test ozone admin safemode command                        
==============================================================================
Check safemode                                                        | PASS |
------------------------------------------------------------------------------
Check safemode with explicit host                                     | PASS |
------------------------------------------------------------------------------
Wait for safemode exit                                                | PASS |
------------------------------------------------------------------------------
Incomplete command                                                    | PASS |
------------------------------------------------------------------------------
Admincli.Safemode :: Test ozone admin safemode command                | PASS |
4 tests, 4 passed, 0 failed
==============================================================================
Admincli.Scmha :: Smoketest ozone cluster startup                             
==============================================================================
Run scm roles                                                         | PASS |
------------------------------------------------------------------------------
Admincli.Scmha :: Smoketest ozone cluster startup                     | PASS |
1 test, 1 passed, 0 failed
==============================================================================
Admincli                                                              | FAIL |
35 tests, 34 passed, 1 failed
==============================================================================
Output:  /tmp/smoketest/ozone/result/robot-ozone-ozone-lib-scm-13.xml
jstack 9 > /home/runner/work/ozone/ozone/hadoop-ozone/dist/target/ozone-1.3.0-SNAPSHOT/compose/ozone/result/ozone_datanode_1_HddsDatanodeService.stack
jstack 7 > /home/runner/work/ozone/ozone/hadoop-ozone/dist/target/ozone-1.3.0-SNAPSHOT/compose/ozone/result/ozone_datanode_2_HddsDatanodeService.stack
jstack 7 > /home/runner/work/ozone/ozone/hadoop-ozone/dist/target/ozone-1.3.0-SNAPSHOT/compose/ozone/result/ozone_datanode_3_HddsDatanodeService.stack
jstack 6 > /home/runner/work/ozone/ozone/hadoop-ozone/dist/target/ozone-1.3.0-SNAPSHOT/compose/ozone/result/ozone_datanode_4_HddsDatanodeService.stack
jstack 7 > /home/runner/work/ozone/ozone/hadoop-ozone/dist/target/ozone-1.3.0-SNAPSHOT/compose/ozone/result/ozone_datanode_5_HddsDatanodeService.stack
jstack 7 > /home/runner/work/ozone/ozone/hadoop-ozone/dist/target/ozone-1.3.0-SNAPSHOT/compose/ozone/result/ozone_om_1_OzoneManagerStarter.stack
jstack 7 > /home/runner/work/ozone/ozone/hadoop-ozone/dist/target/ozone-1.3.0-SNAPSHOT/compose/ozone/result/ozone_recon_1_ReconServer.stack
jstack 7 > /home/runner/work/ozone/ozone/hadoop-ozone/dist/target/ozone-1.3.0-SNAPSHOT/compose/ozone/result/ozone_s3g_1_Gateway.stack
jstack 7 > /home/runner/work/ozone/ozone/hadoop-ozone/dist/target/ozone-1.3.0-SNAPSHOT/compose/ozone/result/ozone_scm_1_StorageContainerManagerStarter.stack
Stopping ozone_datanode_5 ... 
Stopping ozone_datanode_3 ... 
Stopping ozone_s3g_1      ... 
Stopping ozone_datanode_1 ... 
Stopping ozone_datanode_2 ... 
Stopping ozone_datanode_4 ... 
Stopping ozone_scm_1      ... 
Stopping ozone_recon_1    ... 
Stopping ozone_om_1       ... 
Stopping ozone_s3g_1      ... done
Stopping ozone_om_1       ... done
Stopping ozone_recon_1    ... done
Stopping ozone_datanode_5 ... done
Stopping ozone_datanode_4 ... done
Stopping ozone_datanode_2 ... done
Stopping ozone_datanode_3 ... done
Stopping ozone_datanode_1 ... done
Stopping ozone_scm_1      ... done
Removing ozone_datanode_5 ... 
Removing ozone_datanode_3 ... 
Removing ozone_s3g_1      ... 
Removing ozone_datanode_1 ... 
Removing ozone_datanode_2 ... 
Removing ozone_datanode_4 ... 
Removing ozone_scm_1      ... 
Removing ozone_recon_1    ... 
Removing ozone_om_1       ... 
Removing ozone_om_1       ... done
Removing ozone_s3g_1      ... done
Removing ozone_recon_1    ... done
Removing ozone_datanode_2 ... done
Removing ozone_datanode_3 ... done
Removing ozone_datanode_5 ... done
Removing ozone_datanode_4 ... done
Removing ozone_datanode_1 ... done
Removing ozone_scm_1      ... done
Removing network ozone_default
ERROR: Test execution of ozone is FAILED!!!!
Output:  /home/runner/work/ozone/ozone/hadoop-ozone/dist/target/ozone-1.3.0-SNAPSHOT/compose/result/ozone.xml
removed 'ozone/result/robot-ozone-ozone-lib-scm-1.xml'
removed 'ozone/result/robot-ozone-ozone-lib-scm-10.xml'
removed 'ozone/result/robot-ozone-ozone-lib-scm-11.xml'
removed 'ozone/result/robot-ozone-ozone-lib-scm-12.xml'
removed 'ozone/result/robot-ozone-ozone-lib-scm-13.xml'
removed 'ozone/result/robot-ozone-ozone-lib-scm-2.xml'
removed 'ozone/result/robot-ozone-ozone-lib-scm-3.xml'
removed 'ozone/result/robot-ozone-ozone-lib-scm-4.xml'
removed 'ozone/result/robot-ozone-ozone-lib-scm-5.xml'
removed 'ozone/result/robot-ozone-ozone-lib-scm-6.xml'
removed 'ozone/result/robot-ozone-ozone-lib-scm-7.xml'
removed 'ozone/result/robot-ozone-ozone-lib-scm-8.xml'
removed 'ozone/result/robot-ozone-ozone-lib-scm-9.xml'
removed 'ozone/result/robot-ozone-ozone-lib-scm.xml'
renamed 'ozone/result/dn-audit-615b211d0776.log' -> '/home/runner/work/ozone/ozone/hadoop-ozone/dist/target/ozone-1.3.0-SNAPSHOT/compose/result/ozone/dn-audit-615b211d0776.log'
renamed 'ozone/result/dn-audit-6d26951e50c7.log' -> '/home/runner/work/ozone/ozone/hadoop-ozone/dist/target/ozone-1.3.0-SNAPSHOT/compose/result/ozone/dn-audit-6d26951e50c7.log'
renamed 'ozone/result/dn-audit-c29e413536d0.log' -> '/home/runner/work/ozone/ozone/hadoop-ozone/dist/target/ozone-1.3.0-SNAPSHOT/compose/result/ozone/dn-audit-c29e413536d0.log'
renamed 'ozone/result/dn-audit-c4d364bf02c2.log' -> '/home/runner/work/ozone/ozone/hadoop-ozone/dist/target/ozone-1.3.0-SNAPSHOT/compose/result/ozone/dn-audit-c4d364bf02c2.log'
renamed 'ozone/result/dn-audit-ce6d3335cc32.log' -> '/home/runner/work/ozone/ozone/hadoop-ozone/dist/target/ozone-1.3.0-SNAPSHOT/compose/result/ozone/dn-audit-ce6d3335cc32.log'
renamed 'ozone/result/docker-ozone-ozone-lib-scm.log' -> '/home/runner/work/ozone/ozone/hadoop-ozone/dist/target/ozone-1.3.0-SNAPSHOT/compose/result/ozone/docker-ozone-ozone-lib-scm.log'
renamed 'ozone/result/om-audit-f1677c395a5f.log' -> '/home/runner/work/ozone/ozone/hadoop-ozone/dist/target/ozone-1.3.0-SNAPSHOT/compose/result/ozone/om-audit-f1677c395a5f.log'
renamed 'ozone/result/ozone_datanode_1_HddsDatanodeService.stack' -> '/home/runner/work/ozone/ozone/hadoop-ozone/dist/target/ozone-1.3.0-SNAPSHOT/compose/result/ozone/ozone_datanode_1_HddsDatanodeService.stack'
renamed 'ozone/result/ozone_datanode_2_HddsDatanodeService.stack' -> '/home/runner/work/ozone/ozone/hadoop-ozone/dist/target/ozone-1.3.0-SNAPSHOT/compose/result/ozone/ozone_datanode_2_HddsDatanodeService.stack'
renamed 'ozone/result/ozone_datanode_3_HddsDatanodeService.stack' -> '/home/runner/work/ozone/ozone/hadoop-ozone/dist/target/ozone-1.3.0-SNAPSHOT/compose/result/ozone/ozone_datanode_3_HddsDatanodeService.stack'
renamed 'ozone/result/ozone_datanode_4_HddsDatanodeService.stack' -> '/home/runner/work/ozone/ozone/hadoop-ozone/dist/target/ozone-1.3.0-SNAPSHOT/compose/result/ozone/ozone_datanode_4_HddsDatanodeService.stack'
renamed 'ozone/result/ozone_datanode_5_HddsDatanodeService.stack' -> '/home/runner/work/ozone/ozone/hadoop-ozone/dist/target/ozone-1.3.0-SNAPSHOT/compose/result/ozone/ozone_datanode_5_HddsDatanodeService.stack'
renamed 'ozone/result/ozone_om_1_OzoneManagerStarter.stack' -> '/home/runner/work/ozone/ozone/hadoop-ozone/dist/target/ozone-1.3.0-SNAPSHOT/compose/result/ozone/ozone_om_1_OzoneManagerStarter.stack'
renamed 'ozone/result/ozone_recon_1_ReconServer.stack' -> '/home/runner/work/ozone/ozone/hadoop-ozone/dist/target/ozone-1.3.0-SNAPSHOT/compose/result/ozone/ozone_recon_1_ReconServer.stack'
renamed 'ozone/result/ozone_s3g_1_Gateway.stack' -> '/home/runner/work/ozone/ozone/hadoop-ozone/dist/target/ozone-1.3.0-SNAPSHOT/compose/result/ozone/ozone_s3g_1_Gateway.stack'
renamed 'ozone/result/ozone_scm_1_StorageContainerManagerStarter.stack' -> '/home/runner/work/ozone/ozone/hadoop-ozone/dist/target/ozone-1.3.0-SNAPSHOT/compose/result/ozone/ozone_scm_1_StorageContainerManagerStarter.stack'
renamed 'ozone/result/s3g-audit-74edc20a15c9.log' -> '/home/runner/work/ozone/ozone/hadoop-ozone/dist/target/ozone-1.3.0-SNAPSHOT/compose/result/ozone/s3g-audit-74edc20a15c9.log'
renamed 'ozone/result/scm-audit-f0091802c624.log' -> '/home/runner/work/ozone/ozone/hadoop-ozone/dist/target/ozone-1.3.0-SNAPSHOT/compose/result/ozone/scm-audit-f0091802c624.log'
Exception in thread "main" java.net.SocketException: Socket closed
	at java.net.PlainSocketImpl.socketAccept(Native Method)
	at java.net.AbstractPlainSocketImpl.accept(AbstractPlainSocketImpl.java:409)
	at java.net.ServerSocket.implAccept(ServerSocket.java:560)
	at java.net.ServerSocket.accept(ServerSocket.java:528)
	at org.apache.hadoop.test.JacocoServer.main(JacocoServer.java:60)
Log:     /home/runner/work/ozone/ozone/hadoop-ozone/dist/target/ozone-1.3.0-SNAPSHOT/compose/result/log.html
Report:  /home/runner/work/ozone/ozone/hadoop-ozone/dist/target/ozone-1.3.0-SNAPSHOT/compose/result/report.html
