No '-XX:...' jvm parameters are set. Adding safer GC settings '-XX:ParallelGCThreads=8 -XX:+UseConcMarkSweepGC -XX:CMSInitiatingOccupancyFraction=70 -XX:+CMSParallelRemarkEnabled' to the OZONE_OPTS
OpenJDK 64-Bit Server VM warning: Option UseConcMarkSweepGC was deprecated in version 9.0 and will likely be removed in a future release.
2022-09-05 01:06:29 INFO  HddsDatanodeService:112 - STARTUP_MSG: 
/************************************************************
STARTUP_MSG: Starting HddsDatanodeService
STARTUP_MSG:   host = datanode-1/10.42.0.19
STARTUP_MSG:   args = []
STARTUP_MSG:   version = 1.3.0-SNAPSHOT
STARTUP_MSG:   classpath = /etc/hadoop:/opt/hadoop/share/ozone/lib/kerb-simplekdc-1.0.1.jar:/opt/hadoop/share/ozone/lib/slf4j-log4j12-1.7.30.jar:/opt/hadoop/share/ozone/lib/protobuf-java-2.5.0.jar:/opt/hadoop/share/ozone/lib/jaxb-core-2.3.0.1.jar:/opt/hadoop/share/ozone/lib/netty-handler-4.1.79.Final.jar:/opt/hadoop/share/ozone/lib/istack-commons-runtime-3.0.5.jar:/opt/hadoop/share/ozone/lib/commons-validator-1.6.jar:/opt/hadoop/share/ozone/lib/bcpkix-jdk15on-1.67.jar:/opt/hadoop/share/ozone/lib/hdds-interface-admin-1.3.0-SNAPSHOT.jar:/opt/hadoop/share/ozone/lib/jackson-annotations-2.13.2.jar:/opt/hadoop/share/ozone/lib/jetty-security-9.4.43.v20210629.jar:/opt/hadoop/share/ozone/lib/kerb-core-1.0.1.jar:/opt/hadoop/share/ozone/lib/hadoop-shaded-protobuf_3_7-1.1.1.jar:/opt/hadoop/share/ozone/lib/netty-common-4.1.79.Final.jar:/opt/hadoop/share/ozone/lib/hdds-container-service-1.3.0-SNAPSHOT.jar:/opt/hadoop/share/ozone/lib/okhttp-4.9.0.jar:/opt/hadoop/share/ozone/lib/jsr305-3.0.0.jar:/opt/hadoop/share/ozone/lib/j2objc-annotations-1.3.jar:/opt/hadoop/share/ozone/lib/htrace-core4-4.1.0-incubating.jar:/opt/hadoop/share/ozone/lib/picocli-4.6.1.jar:/opt/hadoop/share/ozone/lib/jackson-datatype-jsr310-2.13.2.jar:/opt/hadoop/share/ozone/lib/javassist-3.21.0-GA.jar:/opt/hadoop/share/ozone/lib/jaxb-api-2.3.0.jar:/opt/hadoop/share/ozone/lib/kerb-util-1.0.1.jar:/opt/hadoop/share/ozone/lib/hadoop-shaded-guava-1.1.1.jar:/opt/hadoop/share/ozone/lib/ratis-metrics-2.3.0.jar:/opt/hadoop/share/ozone/lib/kotlin-stdlib-1.6.21.jar:/opt/hadoop/share/ozone/lib/log4j-core-2.17.1.jar:/opt/hadoop/share/ozone/lib/commons-logging-1.2.jar:/opt/hadoop/share/ozone/lib/accessors-smart-2.4.7.jar:/opt/hadoop/share/ozone/lib/kerby-xdr-1.0.1.jar:/opt/hadoop/share/ozone/lib/txw2-2.3.0.1.jar:/opt/hadoop/share/ozone/lib/httpcore-4.4.13.jar:/opt/hadoop/share/ozone/lib/guava-31.1-jre.jar:/opt/hadoop/share/ozone/lib/opentracing-tracerresolver-0.1.8.jar:/opt/hadoop/share/ozone/lib/commons-net-3.6.jar:/opt/hadoop/share/ozone/lib/netty-transport-4.1.79.Final.jar:/opt/hadoop/share/ozone/lib/libthrift-0.14.1.jar:/opt/hadoop/share/ozone/lib/snakeyaml-1.26.jar:/opt/hadoop/share/ozone/lib/stax-ex-1.7.8.jar:/opt/hadoop/share/ozone/lib/httpclient-4.5.13.jar:/opt/hadoop/share/ozone/lib/jetty-servlet-9.4.43.v20210629.jar:/opt/hadoop/share/ozone/lib/kerby-config-1.0.1.jar:/opt/hadoop/share/ozone/lib/ratis-common-2.3.0.jar:/opt/hadoop/share/ozone/lib/jaeger-client-1.6.0.jar:/opt/hadoop/share/ozone/lib/commons-io-2.11.0.jar:/opt/hadoop/share/ozone/lib/metrics-core-3.2.4.jar:/opt/hadoop/share/ozone/lib/kerby-pkix-1.0.1.jar:/opt/hadoop/share/ozone/lib/activation-1.1.1.jar:/opt/hadoop/share/ozone/lib/json-smart-2.4.7.jar:/opt/hadoop/share/ozone/lib/hdds-interface-client-1.3.0-SNAPSHOT.jar:/opt/hadoop/share/ozone/lib/jsr311-api-1.1.1.jar:/opt/hadoop/share/ozone/lib/ratis-grpc-2.3.0.jar:/opt/hadoop/share/ozone/lib/hdds-annotation-processing-1.3.0-SNAPSHOT.jar:/opt/hadoop/share/ozone/lib/jetty-webapp-9.4.43.v20210629.jar:/opt/hadoop/share/ozone/lib/commons-beanutils-1.9.4.jar:/opt/hadoop/share/ozone/lib/jackson-core-2.13.2.jar:/opt/hadoop/share/ozone/lib/hdds-server-framework-1.3.0-SNAPSHOT.jar:/opt/hadoop/share/ozone/lib/javax.servlet-api-3.1.0.jar:/opt/hadoop/share/ozone/lib/kerb-server-1.0.1.jar:/opt/hadoop/share/ozone/lib/hdds-common-1.3.0-SNAPSHOT.jar:/opt/hadoop/share/ozone/lib/rocksdbjni-7.4.5.jar:/opt/hadoop/share/ozone/lib/kerb-client-1.0.1.jar:/opt/hadoop/share/ozone/lib/disruptor-3.4.2.jar:/opt/hadoop/share/ozone/lib/gson-2.9.0.jar:/opt/hadoop/share/ozone/lib/reflections-0.9.11.jar:/opt/hadoop/share/ozone/lib/hdds-erasurecode-1.3.0-SNAPSHOT.jar:/opt/hadoop/share/ozone/lib/jetty-io-9.4.43.v20210629.jar:/opt/hadoop/share/ozone/lib/hdds-interface-server-1.3.0-SNAPSHOT.jar:/opt/hadoop/share/ozone/lib/hadoop-hdfs-3.3.1.jar:/opt/hadoop/share/ozone/lib/ratis-proto-2.3.0.jar:/opt/hadoop/share/ozone/lib/annotations-13.0.jar:/opt/hadoop/share/ozone/lib/jetty-server-9.4.43.v20210629.jar:/opt/hadoop/share/ozone/lib/simpleclient_common-0.7.0.jar:/opt/hadoop/share/ozone/lib/hadoop-common-3.3.1.jar:/opt/hadoop/share/ozone/lib/dnsjava-2.1.7.jar:/opt/hadoop/share/ozone/lib/jaeger-thrift-1.6.0.jar:/opt/hadoop/share/ozone/lib/bcprov-jdk15on-1.67.jar:/opt/hadoop/share/ozone/lib/commons-configuration2-2.1.1.jar:/opt/hadoop/share/ozone/lib/token-provider-1.0.1.jar:/opt/hadoop/share/ozone/lib/log4j-1.2.17.jar:/opt/hadoop/share/ozone/lib/commons-daemon-1.0.13.jar:/opt/hadoop/share/ozone/lib/listenablefuture-9999.0-empty-to-avoid-conflict-with-guava.jar:/opt/hadoop/share/ozone/lib/netty-buffer-4.1.79.Final.jar:/opt/hadoop/share/ozone/lib/jetty-xml-9.4.43.v20210629.jar:/opt/hadoop/share/ozone/lib/jaeger-tracerresolver-1.6.0.jar:/opt/hadoop/share/ozone/lib/commons-lang3-3.7.jar:/opt/hadoop/share/ozone/lib/ratis-netty-2.3.0.jar:/opt/hadoop/share/ozone/lib/re2j-1.1.jar:/opt/hadoop/share/ozone/lib/commons-math3-3.1.1.jar:/opt/hadoop/share/ozone/lib/jackson-databind-2.13.2.2.jar:/opt/hadoop/share/ozone/lib/simpleclient_dropwizard-0.7.0.jar:/opt/hadoop/share/ozone/lib/simpleclient-0.7.0.jar:/opt/hadoop/share/ozone/lib/asm-5.0.4.jar:/opt/hadoop/share/ozone/lib/kerby-util-1.0.1.jar:/opt/hadoop/share/ozone/lib/netty-codec-4.1.79.Final.jar:/opt/hadoop/share/ozone/lib/failureaccess-1.0.1.jar:/opt/hadoop/share/ozone/lib/okio-2.8.0.jar:/opt/hadoop/share/ozone/lib/hdds-config-1.3.0-SNAPSHOT.jar:/opt/hadoop/share/ozone/lib/jsp-api-2.1.jar:/opt/hadoop/share/ozone/lib/jetty-http-9.4.43.v20210629.jar:/opt/hadoop/share/ozone/lib/jsch-0.1.54.jar:/opt/hadoop/share/ozone/lib/jakarta.activation-api-1.2.1.jar:/opt/hadoop/share/ozone/lib/slf4j-api-1.7.30.jar:/opt/hadoop/share/ozone/lib/hadoop-hdfs-client-3.3.1.jar:/opt/hadoop/share/ozone/lib/nimbus-jose-jwt-7.9.jar:/opt/hadoop/share/ozone/lib/commons-codec-1.11.jar:/opt/hadoop/share/ozone/lib/commons-pool2-2.6.0.jar:/opt/hadoop/share/ozone/lib/netty-resolver-4.1.79.Final.jar:/opt/hadoop/share/ozone/lib/jetty-util-9.4.43.v20210629.jar:/opt/hadoop/share/ozone/lib/jetty-util-ajax-9.4.43.v20210629.jar:/opt/hadoop/share/ozone/lib/opentracing-api-0.33.0.jar:/opt/hadoop/share/ozone/lib/jcip-annotations-1.0-1.jar:/opt/hadoop/share/ozone/lib/kerb-admin-1.0.1.jar:/opt/hadoop/share/ozone/lib/ratis-thirdparty-misc-1.0.0.jar:/opt/hadoop/share/ozone/lib/kotlin-stdlib-common-1.6.21.jar:/opt/hadoop/share/ozone/lib/opentracing-noop-0.33.0.jar:/opt/hadoop/share/ozone/lib/netty-transport-native-unix-common-4.1.79.Final.jar:/opt/hadoop/share/ozone/lib/jersey-core-1.19.jar:/opt/hadoop/share/ozone/lib/commons-compress-1.21.jar:/opt/hadoop/share/ozone/lib/jaxb-runtime-2.3.0.1.jar:/opt/hadoop/share/ozone/lib/ratis-server-api-2.3.0.jar:/opt/hadoop/share/ozone/lib/opentracing-util-0.33.0.jar:/opt/hadoop/share/ozone/lib/hdds-client-1.3.0-SNAPSHOT.jar:/opt/hadoop/share/ozone/lib/snappy-java-1.1.8.2.jar:/opt/hadoop/share/ozone/lib/hdds-hadoop-dependency-client-1.3.0-SNAPSHOT.jar:/opt/hadoop/share/ozone/lib/commons-cli-1.2.jar:/opt/hadoop/share/ozone/lib/woodstox-core-5.0.3.jar:/opt/hadoop/share/ozone/lib/ratis-server-2.3.0.jar:/opt/hadoop/share/ozone/lib/log4j-api-2.17.1.jar:/opt/hadoop/share/ozone/lib/javax.annotation-api-1.2.jar:/opt/hadoop/share/ozone/lib/kerby-asn1-1.0.1.jar:/opt/hadoop/share/ozone/lib/hadoop-annotations-3.3.1.jar:/opt/hadoop/share/ozone/lib/checker-qual-3.12.0.jar:/opt/hadoop/share/ozone/lib/stax2-api-3.1.4.jar:/opt/hadoop/share/ozone/lib/commons-collections-3.2.2.jar:/opt/hadoop/share/ozone/lib/commons-digester-1.8.1.jar:/opt/hadoop/share/ozone/lib/jaeger-core-1.6.0.jar:/opt/hadoop/share/ozone/lib/commons-text-1.4.jar:/opt/hadoop/share/ozone/lib/jersey-servlet-1.19.jar:/opt/hadoop/share/ozone/lib/hadoop-auth-3.3.1.jar:/opt/hadoop/share/ozone/lib/kerb-identity-1.0.1.jar:/opt/hadoop/share/ozone/lib/FastInfoset-1.2.13.jar:/opt/hadoop/share/ozone/lib/kerb-common-1.0.1.jar:/opt/hadoop/share/ozone/lib/ratis-client-2.3.0.jar:/opt/hadoop/share/ozone/lib/jersey-server-1.19.jar:/opt/hadoop/share/ozone/lib/hdds-hadoop-dependency-server-1.3.0-SNAPSHOT.jar:/opt/hadoop/share/ozone/lib/kerb-crypto-1.0.1.jar:/opt/hadoop/share/ozone/web:/opt/hadoop/share/ozone/lib/ozone-datanode-1.3.0-SNAPSHOT.jar
STARTUP_MSG:   build = https://github.com/apache/ozone/492ae919a27c59f41ab658c5615863ecfc2425e6 ; compiled by 'runner' on 2022-09-05T00:51Z
STARTUP_MSG:   java = 11.0.14.1
************************************************************/
2022-09-05 01:06:29 INFO  HddsDatanodeService:90 - registered UNIX signal handlers for [TERM, HUP, INT]
2022-09-05 01:06:29 INFO  MetricRegistries:64 - Loaded MetricRegistries class org.apache.ratis.metrics.impl.MetricRegistriesImpl
2022-09-05 01:06:30 INFO  MetricsConfig:120 - Loaded properties from hadoop-metrics2.properties
2022-09-05 01:06:31 INFO  MetricsSystemImpl:378 - Scheduled Metric snapshot period at 10 second(s).
2022-09-05 01:06:31 INFO  MetricsSystemImpl:191 - HddsDatanode metrics system started
2022-09-05 01:06:31 INFO  HddsDatanodeService:236 - HddsDatanodeService host:datanode-1.datanode.default.svc.cluster.local ip:10.42.0.19
2022-09-05 01:06:32 INFO  AbstractLayoutVersionManager:83 - Initializing Layout version manager with metadata layout = DATANODE_SCHEMA_V3 (version = 4), software layout = DATANODE_SCHEMA_V3 (version = 4)
2022-09-05 01:06:33 INFO  Reflections:232 - Reflections took 559 ms to scan 2 urls, producing 90 keys and 199 values 
2022-09-05 01:06:34 INFO  DatanodeStateMachine:237 - Datanode State Machine Task Thread Pool size 2
2022-09-05 01:06:34 INFO  SaveSpaceUsageToFile:94 - Cached usage info file /data/storage/scmUsed not found
2022-09-05 01:06:34 INFO  HddsVolume:117 - Creating HddsVolume: /data/storage/hdds of storage type : DISK capacity : 89297309696
2022-09-05 01:06:34 INFO  MutableVolumeSet:174 - Added Volume : /data/storage/hdds to VolumeSet
2022-09-05 01:06:34 INFO  ThrottledAsyncChecker:141 - Scheduling a check for /data/storage/hdds
2022-09-05 01:06:34 INFO  StorageVolumeChecker:202 - Scheduled health check for volume /data/storage/hdds
2022-09-05 01:06:34 WARN  ServerUtils:237 - Storage directory for Ratis is not configured. It is a good idea to map this to an SSD disk. Falling back to ozone.metadata.dirs
2022-09-05 01:06:34 INFO  SaveSpaceUsageToFile:94 - Cached usage info file /data/metadata/ratis/scmUsed not found
2022-09-05 01:06:34 INFO  MutableVolumeSet:174 - Added Volume : /data/metadata/ratis to VolumeSet
2022-09-05 01:06:34 INFO  ThrottledAsyncChecker:141 - Scheduling a check for /data/metadata/ratis
2022-09-05 01:06:34 INFO  StorageVolumeChecker:202 - Scheduled health check for volume /data/metadata/ratis
2022-09-05 01:06:34 INFO  ContainerReader:175 - Finish verifying containers on volume /data/storage/hdds
2022-09-05 01:06:34 INFO  OzoneContainer:300 - Build ContainerSet costs 0s
2022-09-05 01:06:39 INFO  AuditLogger:126 - Refresh DebugCmdSet for DNAudit to [].
2022-09-05 01:06:40 WARN  ServerUtils:237 - Storage directory for Ratis is not configured. It is a good idea to map this to an SSD disk. Falling back to ozone.metadata.dirs
2022-09-05 01:06:40 INFO  RaftServer:46 - raft.rpc.type = GRPC (default)
2022-09-05 01:06:40 INFO  GrpcConfigKeys:46 - raft.grpc.admin.port = 9857 (custom)
2022-09-05 01:06:40 INFO  GrpcConfigKeys:46 - raft.grpc.client.port = 9858 (custom)
2022-09-05 01:06:40 INFO  GrpcConfigKeys:46 - raft.grpc.server.port = 9856 (custom)
2022-09-05 01:06:40 INFO  GrpcService:46 - raft.grpc.message.size.max = 32MB (=33554432) (custom)
2022-09-05 01:06:40 INFO  RaftServerConfigKeys:46 - raft.server.log.appender.buffer.byte-limit = 33554432 (custom)
2022-09-05 01:06:40 INFO  GrpcService:46 - raft.grpc.flow.control.window = 5MB (=5242880) (custom)
2022-09-05 01:06:40 INFO  RaftServerConfigKeys:46 - raft.server.rpc.request.timeout = 60s (custom)
2022-09-05 01:06:40 INFO  GrpcConfigKeys:46 - raft.grpc.server.async.request.thread.pool.cached = true (default)
2022-09-05 01:06:40 INFO  GrpcConfigKeys:46 - raft.grpc.server.async.request.thread.pool.size = 32 (default)
2022-09-05 01:06:42 INFO  DataStreamServerImpl:46 - raft.datastream.type = DISABLED (default)
2022-09-05 01:06:42 INFO  RaftServerConfigKeys:46 - raft.server.threadpool.proxy.cached = true (default)
2022-09-05 01:06:42 INFO  RaftServerConfigKeys:46 - raft.server.threadpool.proxy.size = 0 (default)
2022-09-05 01:06:42 INFO  RaftServerConfigKeys:46 - raft.server.rpc.slowness.timeout = 300s (custom)
2022-09-05 01:06:42 INFO  RaftServerConfigKeys:46 - raft.server.leaderelection.leader.step-down.wait-time = 10s (default)
2022-09-05 01:06:42 INFO  RaftServerConfigKeys:46 - raft.server.storage.dir = [/data/metadata/ratis] (custom)
2022-09-05 01:06:42 INFO  XceiverServerGrpc:132 - GrpcServer channel type EpollServerSocketChannel
2022-09-05 01:06:42 WARN  NativeCodeLoader:60 - Unable to load native-hadoop library for your platform... using builtin-java classes where applicable
2022-09-05 01:06:42 INFO  BaseHttpServer:213 - Starting Web-server for hddsDatanode at: http://0.0.0.0:9882
2022-09-05 01:06:42 INFO  BaseHttpServer:108 - Hadoop Security Enabled: false Ozone Security Enabled: false Ozone HTTP Security Enabled: false 
2022-09-05 01:06:42 INFO  log:170 - Logging initialized @20317ms to org.eclipse.jetty.util.log.Slf4jLog
2022-09-05 01:06:43 INFO  AuthenticationFilter:240 - Unable to initialize FileSignerSecretProvider, falling back to use random secrets.
2022-09-05 01:06:43 INFO  HttpRequestLog:86 - Http request log for http.requests.hddsDatanode is not defined
2022-09-05 01:06:43 INFO  HttpServer2:1029 - Added global filter 'safety' (class=org.apache.hadoop.hdds.server.http.HttpServer2$QuotingInputFilter)
2022-09-05 01:06:43 INFO  HttpServer2:1005 - Added filter static_user_filter (class=org.apache.hadoop.http.lib.StaticUserWebFilter$StaticUserFilter) to context hddsDatanode
2022-09-05 01:06:43 INFO  HttpServer2:1013 - Added filter static_user_filter (class=org.apache.hadoop.http.lib.StaticUserWebFilter$StaticUserFilter) to context static
2022-09-05 01:06:43 INFO  HttpServer2:1013 - Added filter static_user_filter (class=org.apache.hadoop.http.lib.StaticUserWebFilter$StaticUserFilter) to context logs
2022-09-05 01:06:44 INFO  HttpServer2:1248 - Jetty bound to port 9882
2022-09-05 01:06:44 INFO  Server:375 - jetty-9.4.43.v20210629; built: 2021-06-30T11:07:22.254Z; git: 526006ecfa3af7f1a27ef3a288e2bef7ea9dd7e8; jvm 11.0.14.1+1-LTS
2022-09-05 01:06:44 INFO  session:334 - DefaultSessionIdManager workerName=node0
2022-09-05 01:06:44 INFO  session:339 - No SessionScavenger set, using defaults
2022-09-05 01:06:44 INFO  session:132 - node0 Scavenging every 660000ms
2022-09-05 01:06:44 INFO  ContextHandler:915 - Started o.e.j.s.ServletContextHandler@2506e949{logs,/logs,file:///var/log/hadoop/,AVAILABLE}
2022-09-05 01:06:44 INFO  ContextHandler:915 - Started o.e.j.s.ServletContextHandler@236fdf{static,/static,jar:file:/opt/hadoop/share/ozone/lib/hdds-container-service-1.3.0-SNAPSHOT.jar!/webapps/static,AVAILABLE}
2022-09-05 01:06:44 INFO  ContextHandler:915 - Started o.e.j.w.WebAppContext@20a24edf{hddsDatanode,/,file:///tmp/jetty-0_0_0_0-9882-hdds-container-service-1_3_0-SNAPSHOT_jar-_-any-12694540979779070134/webapp/,AVAILABLE}{jar:file:/opt/hadoop/share/ozone/lib/hdds-container-service-1.3.0-SNAPSHOT.jar!/webapps/hddsDatanode}
2022-09-05 01:06:44 INFO  AbstractConnector:331 - Started ServerConnector@2c18a3ea{HTTP/1.1, (http/1.1)}{0.0.0.0:9882}
2022-09-05 01:06:44 INFO  Server:415 - Started @22067ms
2022-09-05 01:06:44 INFO  MetricsSinkAdapter:204 - Sink prometheus started
2022-09-05 01:06:44 INFO  MetricsSystemImpl:305 - Registered sink prometheus
2022-09-05 01:06:44 INFO  BaseHttpServer:333 - HTTP server of hddsDatanode listening at http://0.0.0.0:9882
2022-09-05 01:06:44 INFO  DatanodeStateMachine:492 - Ozone container server started.
2022-09-05 01:06:44 INFO  JvmPauseMonitor:188 - Starting JVM pause monitor
2022-09-05 01:06:45 INFO  InitDatanodeState:138 - DatanodeDetails is persisted to /data/datanode.id
2022-09-05 01:06:47 INFO  Client:977 - Retrying connect to server: scm-0.scm/10.42.0.18:9861. Already tried 0 time(s); retry policy is RetryUpToMaximumCountWithFixedSleep(maxRetries=15, sleepTime=1000 MILLISECONDS)
2022-09-05 01:06:48 ERROR RunningDatanodeState:207 - Error in executing end point task.
java.util.concurrent.ExecutionException: java.util.concurrent.TimeoutException
	at java.base/java.util.concurrent.FutureTask.report(FutureTask.java:122)
	at java.base/java.util.concurrent.FutureTask.get(FutureTask.java:191)
	at org.apache.hadoop.ozone.container.common.states.datanode.RunningDatanodeState.computeNextContainerState(RunningDatanodeState.java:199)
	at org.apache.hadoop.ozone.container.common.states.datanode.RunningDatanodeState.await(RunningDatanodeState.java:239)
	at org.apache.hadoop.ozone.container.common.states.datanode.RunningDatanodeState.await(RunningDatanodeState.java:50)
	at org.apache.hadoop.ozone.container.common.statemachine.StateContext.execute(StateContext.java:660)
	at org.apache.hadoop.ozone.container.common.statemachine.DatanodeStateMachine.startStateMachineThread(DatanodeStateMachine.java:298)
	at org.apache.hadoop.ozone.container.common.statemachine.DatanodeStateMachine.lambda$startDaemon$0(DatanodeStateMachine.java:493)
	at java.base/java.lang.Thread.run(Thread.java:829)
Caused by: java.util.concurrent.TimeoutException
	at java.base/java.util.concurrent.FutureTask.get(FutureTask.java:204)
	at org.apache.hadoop.ozone.container.common.states.datanode.RunningDatanodeState.lambda$execute$0(RunningDatanodeState.java:157)
	at java.base/java.util.concurrent.FutureTask.run(FutureTask.java:264)
	at java.base/java.util.concurrent.Executors$RunnableAdapter.call(Executors.java:515)
	at java.base/java.util.concurrent.FutureTask.run(FutureTask.java:264)
	at java.base/java.util.concurrent.ThreadPoolExecutor.runWorker(ThreadPoolExecutor.java:1128)
	at java.base/java.util.concurrent.ThreadPoolExecutor$Worker.run(ThreadPoolExecutor.java:628)
	... 1 more
2022-09-05 01:06:48 INFO  Client:977 - Retrying connect to server: scm-0.scm/10.42.0.18:9861. Already tried 1 time(s); retry policy is RetryUpToMaximumCountWithFixedSleep(maxRetries=15, sleepTime=1000 MILLISECONDS)
2022-09-05 01:06:49 INFO  Client:977 - Retrying connect to server: scm-0.scm/10.42.0.18:9861. Already tried 2 time(s); retry policy is RetryUpToMaximumCountWithFixedSleep(maxRetries=15, sleepTime=1000 MILLISECONDS)
2022-09-05 01:06:54 INFO  HddsVolume:310 - SchemaV3 db is created and loaded at /data/storage/hdds/CID-4abecf02-ea67-4678-9a2c-e522c37341ea/DS-389411b2-663f-43d2-bdb0-41a50da2d90f/container.db for volume DS-389411b2-663f-43d2-bdb0-41a50da2d90f
2022-09-05 01:06:54 INFO  HddsVolume:341 - SchemaV3 db is stopped at /data/storage/hdds/CID-4abecf02-ea67-4678-9a2c-e522c37341ea/DS-389411b2-663f-43d2-bdb0-41a50da2d90f/container.db for volume DS-389411b2-663f-43d2-bdb0-41a50da2d90f
2022-09-05 01:06:54 INFO  OzoneContainer:378 - Attempting to start container services.
2022-09-05 01:06:54 INFO  OzoneContainer:313 - Background container scanner has been disabled.
2022-09-05 01:06:55 INFO  XceiverServerRatis:481 - Starting XceiverServerRatis 07483d4d-fb96-4d23-b264-121c90420072
2022-09-05 01:06:55 INFO  RaftServer:382 - 07483d4d-fb96-4d23-b264-121c90420072: start RPC server
2022-09-05 01:06:55 INFO  GrpcService:260 - 07483d4d-fb96-4d23-b264-121c90420072: GrpcService started, listening on 9856
2022-09-05 01:06:55 INFO  GrpcService:260 - 07483d4d-fb96-4d23-b264-121c90420072: GrpcService started, listening on 9857
2022-09-05 01:06:55 INFO  GrpcService:260 - 07483d4d-fb96-4d23-b264-121c90420072: GrpcService started, listening on 9858
2022-09-05 01:06:55 INFO  XceiverServerRatis:502 - XceiverServerRatis 07483d4d-fb96-4d23-b264-121c90420072 is started using port 9858 for RATIS
2022-09-05 01:06:55 INFO  XceiverServerRatis:502 - XceiverServerRatis 07483d4d-fb96-4d23-b264-121c90420072 is started using port 9857 for RATIS_ADMIN
2022-09-05 01:06:55 INFO  XceiverServerRatis:502 - XceiverServerRatis 07483d4d-fb96-4d23-b264-121c90420072 is started using port 9856 for RATIS_SERVER
2022-09-05 01:06:55 INFO  JvmPauseMonitor:103 - JvmPauseMonitor-07483d4d-fb96-4d23-b264-121c90420072: Started
2022-09-05 01:07:00 INFO  RaftServer:96 - 07483d4d-fb96-4d23-b264-121c90420072: addNew group-D0CEF6B84EF4:[75c5bc7c-284e-4ecb-994e-2955cf5a35bf|rpc:datanode-2.datanode.default.svc.cluster.local:9856|admin:datanode-2.datanode.default.svc.cluster.local:9857|client:datanode-2.datanode.default.svc.cluster.local:9858|priority:1, 07483d4d-fb96-4d23-b264-121c90420072|rpc:datanode-1.datanode.default.svc.cluster.local:9856|admin:datanode-1.datanode.default.svc.cluster.local:9857|client:datanode-1.datanode.default.svc.cluster.local:9858|priority:0, 74f3f5ad-b0fb-494d-affd-02300fdc990c|rpc:datanode-0.datanode.default.svc.cluster.local:9856|admin:datanode-0.datanode.default.svc.cluster.local:9857|client:datanode-0.datanode.default.svc.cluster.local:9858|priority:0] returns group-D0CEF6B84EF4:java.util.concurrent.CompletableFuture@76c05691[Not completed]
2022-09-05 01:07:00 INFO  RaftServer$Division:190 - 07483d4d-fb96-4d23-b264-121c90420072: new RaftServerImpl for group-D0CEF6B84EF4:[75c5bc7c-284e-4ecb-994e-2955cf5a35bf|rpc:datanode-2.datanode.default.svc.cluster.local:9856|admin:datanode-2.datanode.default.svc.cluster.local:9857|client:datanode-2.datanode.default.svc.cluster.local:9858|priority:1, 07483d4d-fb96-4d23-b264-121c90420072|rpc:datanode-1.datanode.default.svc.cluster.local:9856|admin:datanode-1.datanode.default.svc.cluster.local:9857|client:datanode-1.datanode.default.svc.cluster.local:9858|priority:0, 74f3f5ad-b0fb-494d-affd-02300fdc990c|rpc:datanode-0.datanode.default.svc.cluster.local:9856|admin:datanode-0.datanode.default.svc.cluster.local:9857|client:datanode-0.datanode.default.svc.cluster.local:9858|priority:0] with ContainerStateMachine:uninitialized
2022-09-05 01:07:00 INFO  RaftServerConfigKeys:46 - raft.server.rpc.timeout.min = 5s (custom)
2022-09-05 01:07:00 INFO  RaftServerConfigKeys:46 - raft.server.rpc.timeout.max = 5200ms (custom)
2022-09-05 01:07:00 INFO  RaftServerConfigKeys:46 - raft.server.rpc.sleep.time = 25ms (default)
2022-09-05 01:07:00 INFO  RaftServerConfigKeys:46 - raft.server.rpc.slowness.timeout = 300s (custom)
2022-09-05 01:07:00 INFO  RaftServerConfigKeys:46 - raft.server.leaderelection.leader.step-down.wait-time = 10s (default)
2022-09-05 01:07:00 INFO  RaftServerConfigKeys:46 - raft.server.sleep.deviation.threshold = 300ms (default)
2022-09-05 01:07:00 INFO  RaftServer$Division:107 - 07483d4d-fb96-4d23-b264-121c90420072@group-D0CEF6B84EF4: ConfigurationManager, init=-1: [75c5bc7c-284e-4ecb-994e-2955cf5a35bf|rpc:datanode-2.datanode.default.svc.cluster.local:9856|admin:datanode-2.datanode.default.svc.cluster.local:9857|client:datanode-2.datanode.default.svc.cluster.local:9858|priority:1, 07483d4d-fb96-4d23-b264-121c90420072|rpc:datanode-1.datanode.default.svc.cluster.local:9856|admin:datanode-1.datanode.default.svc.cluster.local:9857|client:datanode-1.datanode.default.svc.cluster.local:9858|priority:0, 74f3f5ad-b0fb-494d-affd-02300fdc990c|rpc:datanode-0.datanode.default.svc.cluster.local:9856|admin:datanode-0.datanode.default.svc.cluster.local:9857|client:datanode-0.datanode.default.svc.cluster.local:9858|priority:0], old=null, confs=<EMPTY_MAP>
2022-09-05 01:07:00 INFO  RaftServerConfigKeys:46 - raft.server.storage.dir = [/data/metadata/ratis] (custom)
2022-09-05 01:07:00 INFO  RaftServerConfigKeys:46 - raft.server.log.corruption.policy = EXCEPTION (default)
2022-09-05 01:07:00 INFO  RaftServerConfigKeys:46 - raft.server.storage.free-space.min = 0MB (=0) (default)
2022-09-05 01:07:00 INFO  RaftStorageDirectory:135 - The storage directory /data/metadata/ratis/b8d7c84c-46ca-4d04-9f44-d0cef6b84ef4 does not exist. Creating ...
2022-09-05 01:07:00 INFO  RaftStorageDirectory:230 - Lock on /data/metadata/ratis/b8d7c84c-46ca-4d04-9f44-d0cef6b84ef4/in_use.lock acquired by nodename 10@datanode-1
2022-09-05 01:07:00 INFO  RaftStorage:89 - Storage directory /data/metadata/ratis/b8d7c84c-46ca-4d04-9f44-d0cef6b84ef4 has been successfully formatted.
2022-09-05 01:07:00 INFO  ContainerStateMachine:236 - group-D0CEF6B84EF4: The snapshot info is null. Setting the last applied indexto:(t:0, i:~)
2022-09-05 01:07:00 INFO  RaftServerConfigKeys:46 - raft.server.notification.no-leader.timeout = 300s (custom)
2022-09-05 01:07:00 INFO  RaftServerConfigKeys:46 - raft.server.log.use.memory = false (default)
2022-09-05 01:07:00 INFO  RaftServerConfigKeys:46 - raft.server.log.purge.gap = 1000000 (custom)
2022-09-05 01:07:00 INFO  RaftServerConfigKeys:46 - raft.server.log.appender.buffer.byte-limit = 33554432 (custom)
2022-09-05 01:07:00 INFO  RaftServerConfigKeys:46 - raft.server.log.statemachine.data.read.timeout = 1000ms (default)
2022-09-05 01:07:00 INFO  RaftServerConfigKeys:46 - raft.server.log.segment.size.max = 1048576 (custom)
2022-09-05 01:07:00 INFO  RaftServerConfigKeys:46 - raft.server.log.segment.cache.num.max = 2 (custom)
2022-09-05 01:07:00 INFO  RaftServerConfigKeys:46 - raft.server.log.segment.cache.size.max = 200MB (=209715200) (default)
2022-09-05 01:07:00 INFO  SegmentedRaftLogWorker:187 - new 07483d4d-fb96-4d23-b264-121c90420072@group-D0CEF6B84EF4-SegmentedRaftLogWorker for RaftStorageImpl:Storage Directory /data/metadata/ratis/b8d7c84c-46ca-4d04-9f44-d0cef6b84ef4
2022-09-05 01:07:00 INFO  RaftServerConfigKeys:46 - raft.server.log.queue.byte-limit = 4294967296 (custom)
2022-09-05 01:07:00 INFO  RaftServerConfigKeys:46 - raft.server.log.queue.element-limit = 1024 (custom)
2022-09-05 01:07:00 INFO  RaftServerConfigKeys:46 - raft.server.log.segment.size.max = 1048576 (custom)
2022-09-05 01:07:00 INFO  RaftServerConfigKeys:46 - raft.server.log.preallocated.size = 16384 (custom)
2022-09-05 01:07:00 INFO  RaftServerConfigKeys:46 - raft.server.log.force.sync.num = 128 (default)
2022-09-05 01:07:00 INFO  RaftServerConfigKeys:46 - raft.server.log.statemachine.data.sync = true (default)
2022-09-05 01:07:00 INFO  RaftServerConfigKeys:46 - raft.server.log.statemachine.data.sync.timeout = 10s (default)
2022-09-05 01:07:00 INFO  RaftServerConfigKeys:46 - raft.server.log.statemachine.data.sync.timeout.retry = -1 (default)
2022-09-05 01:07:00 INFO  RaftServerConfigKeys:46 - raft.server.log.write.buffer.size = 1048576 (custom)
2022-09-05 01:07:00 INFO  RaftServerConfigKeys:46 - raft.server.log.unsafe-flush.enabled = false (default)
2022-09-05 01:07:00 INFO  RaftServerConfigKeys:46 - raft.server.log.statemachine.data.caching.enabled = true (custom)
2022-09-05 01:07:00 INFO  SegmentedRaftLogWorker:135 - 07483d4d-fb96-4d23-b264-121c90420072@group-D0CEF6B84EF4-SegmentedRaftLogWorker: flushIndex: setUnconditionally 0 -> -1
2022-09-05 01:07:00 INFO  SegmentedRaftLogWorker:135 - 07483d4d-fb96-4d23-b264-121c90420072@group-D0CEF6B84EF4-SegmentedRaftLogWorker: safeCacheEvictIndex: setUnconditionally 0 -> -1
2022-09-05 01:07:00 INFO  RaftServerConfigKeys:46 - raft.server.snapshot.auto.trigger.enabled = true (custom)
2022-09-05 01:07:00 INFO  RaftServerConfigKeys:46 - raft.server.snapshot.auto.trigger.threshold = 10000 (custom)
2022-09-05 01:07:00 INFO  RaftServerConfigKeys:46 - raft.server.snapshot.retention.file.num = 5 (custom)
2022-09-05 01:07:00 INFO  RaftServerConfigKeys:46 - raft.server.log.purge.upto.snapshot.index = false (default)
2022-09-05 01:07:00 INFO  RaftServerConfigKeys:46 - raft.server.retrycache.expirytime = 600000ms (custom)
2022-09-05 01:07:00 INFO  RaftServerConfigKeys:46 - raft.server.retrycache.statistics.expirytime = 100?s (default)
2022-09-05 01:07:00 INFO  RaftServerConfigKeys:46 - raft.server.log.appender.install.snapshot.enabled = false (custom)
2022-09-05 01:07:00 INFO  RaftServerConfigKeys:46 - raft.server.threadpool.server.cached = true (default)
2022-09-05 01:07:00 INFO  RaftServerConfigKeys:46 - raft.server.threadpool.server.size = 0 (default)
2022-09-05 01:07:00 INFO  RaftServerConfigKeys:46 - raft.server.threadpool.client.cached = true (default)
2022-09-05 01:07:00 INFO  RaftServerConfigKeys:46 - raft.server.threadpool.client.size = 0 (default)
2022-09-05 01:07:00 INFO  RaftServer$Division:310 - 07483d4d-fb96-4d23-b264-121c90420072@group-D0CEF6B84EF4: start as a follower, conf=-1: [75c5bc7c-284e-4ecb-994e-2955cf5a35bf|rpc:datanode-2.datanode.default.svc.cluster.local:9856|admin:datanode-2.datanode.default.svc.cluster.local:9857|client:datanode-2.datanode.default.svc.cluster.local:9858|priority:1, 07483d4d-fb96-4d23-b264-121c90420072|rpc:datanode-1.datanode.default.svc.cluster.local:9856|admin:datanode-1.datanode.default.svc.cluster.local:9857|client:datanode-1.datanode.default.svc.cluster.local:9858|priority:0, 74f3f5ad-b0fb-494d-affd-02300fdc990c|rpc:datanode-0.datanode.default.svc.cluster.local:9856|admin:datanode-0.datanode.default.svc.cluster.local:9857|client:datanode-0.datanode.default.svc.cluster.local:9858|priority:0], old=null
2022-09-05 01:07:00 INFO  RaftServer$Division:299 - 07483d4d-fb96-4d23-b264-121c90420072@group-D0CEF6B84EF4: changes role from      null to FOLLOWER at term 0 for startAsFollower
2022-09-05 01:07:00 INFO  RoleInfo:139 - 07483d4d-fb96-4d23-b264-121c90420072: start 07483d4d-fb96-4d23-b264-121c90420072@group-D0CEF6B84EF4-FollowerState
2022-09-05 01:07:00 INFO  JmxRegister:44 - Successfully registered JMX Bean with object name Ratis:service=RaftServer,group=group-D0CEF6B84EF4,id=07483d4d-fb96-4d23-b264-121c90420072
2022-09-05 01:07:00 INFO  XceiverServerRatis:765 - Created group PipelineID=b8d7c84c-46ca-4d04-9f44-d0cef6b84ef4
2022-09-05 01:07:01 WARN  JvmPauseMonitor:124 - JvmPauseMonitor-07483d4d-fb96-4d23-b264-121c90420072: Detected pause in JVM or host machine (eg GC): pause of approximately 136859569ns.
GC pool 'ParNew' had collection(s): count=1 time=161ms
2022-09-05 01:07:03 INFO  CreatePipelineCommandHandler:113 - Created Pipeline RATIS THREE PipelineID=b8d7c84c-46ca-4d04-9f44-d0cef6b84ef4.
2022-09-05 01:07:03 INFO  RaftServer$Division:190 - 07483d4d-fb96-4d23-b264-121c90420072: new RaftServerImpl for group-45CEE815FC94:[07483d4d-fb96-4d23-b264-121c90420072|rpc:datanode-1.datanode.default.svc.cluster.local:9856|admin:datanode-1.datanode.default.svc.cluster.local:9857|client:datanode-1.datanode.default.svc.cluster.local:9858|priority:1] with ContainerStateMachine:uninitialized
2022-09-05 01:07:03 INFO  RaftServerConfigKeys:46 - raft.server.rpc.timeout.min = 5s (custom)
2022-09-05 01:07:03 INFO  RaftServerConfigKeys:46 - raft.server.rpc.timeout.max = 5200ms (custom)
2022-09-05 01:07:03 INFO  RaftServer:96 - 07483d4d-fb96-4d23-b264-121c90420072: addNew group-45CEE815FC94:[07483d4d-fb96-4d23-b264-121c90420072|rpc:datanode-1.datanode.default.svc.cluster.local:9856|admin:datanode-1.datanode.default.svc.cluster.local:9857|client:datanode-1.datanode.default.svc.cluster.local:9858|priority:1] returns group-45CEE815FC94:java.util.concurrent.CompletableFuture@6b4e57d6[Not completed]
2022-09-05 01:07:03 INFO  RaftServerConfigKeys:46 - raft.server.rpc.sleep.time = 25ms (default)
2022-09-05 01:07:03 INFO  RaftServerConfigKeys:46 - raft.server.rpc.slowness.timeout = 300s (custom)
2022-09-05 01:07:03 INFO  RaftServerConfigKeys:46 - raft.server.leaderelection.leader.step-down.wait-time = 10s (default)
2022-09-05 01:07:03 INFO  RaftServerConfigKeys:46 - raft.server.sleep.deviation.threshold = 300ms (default)
2022-09-05 01:07:03 INFO  RaftServer$Division:107 - 07483d4d-fb96-4d23-b264-121c90420072@group-45CEE815FC94: ConfigurationManager, init=-1: [07483d4d-fb96-4d23-b264-121c90420072|rpc:datanode-1.datanode.default.svc.cluster.local:9856|admin:datanode-1.datanode.default.svc.cluster.local:9857|client:datanode-1.datanode.default.svc.cluster.local:9858|priority:1], old=null, confs=<EMPTY_MAP>
2022-09-05 01:07:03 INFO  RaftServerConfigKeys:46 - raft.server.storage.dir = [/data/metadata/ratis] (custom)
2022-09-05 01:07:03 INFO  RaftServerConfigKeys:46 - raft.server.log.corruption.policy = EXCEPTION (default)
2022-09-05 01:07:03 INFO  RaftServerConfigKeys:46 - raft.server.storage.free-space.min = 0MB (=0) (default)
2022-09-05 01:07:03 INFO  RaftStorageDirectory:135 - The storage directory /data/metadata/ratis/46573a36-76a4-4c3c-9aa7-45cee815fc94 does not exist. Creating ...
2022-09-05 01:07:03 INFO  RaftStorageDirectory:230 - Lock on /data/metadata/ratis/46573a36-76a4-4c3c-9aa7-45cee815fc94/in_use.lock acquired by nodename 10@datanode-1
2022-09-05 01:07:03 INFO  RaftStorage:89 - Storage directory /data/metadata/ratis/46573a36-76a4-4c3c-9aa7-45cee815fc94 has been successfully formatted.
2022-09-05 01:07:03 INFO  ContainerStateMachine:236 - group-45CEE815FC94: The snapshot info is null. Setting the last applied indexto:(t:0, i:~)
2022-09-05 01:07:03 INFO  RaftServerConfigKeys:46 - raft.server.notification.no-leader.timeout = 300s (custom)
2022-09-05 01:07:03 INFO  RaftServerConfigKeys:46 - raft.server.log.use.memory = false (default)
2022-09-05 01:07:03 INFO  RaftServerConfigKeys:46 - raft.server.log.purge.gap = 1000000 (custom)
2022-09-05 01:07:03 INFO  RaftServerConfigKeys:46 - raft.server.log.appender.buffer.byte-limit = 33554432 (custom)
2022-09-05 01:07:03 INFO  RaftServerConfigKeys:46 - raft.server.log.statemachine.data.read.timeout = 1000ms (default)
2022-09-05 01:07:03 INFO  RaftServerConfigKeys:46 - raft.server.log.segment.size.max = 1048576 (custom)
2022-09-05 01:07:03 INFO  RaftServerConfigKeys:46 - raft.server.log.segment.cache.num.max = 2 (custom)
2022-09-05 01:07:03 INFO  RaftServerConfigKeys:46 - raft.server.log.segment.cache.size.max = 200MB (=209715200) (default)
2022-09-05 01:07:03 INFO  SegmentedRaftLogWorker:187 - new 07483d4d-fb96-4d23-b264-121c90420072@group-45CEE815FC94-SegmentedRaftLogWorker for RaftStorageImpl:Storage Directory /data/metadata/ratis/46573a36-76a4-4c3c-9aa7-45cee815fc94
2022-09-05 01:07:03 INFO  RaftServerConfigKeys:46 - raft.server.log.queue.byte-limit = 4294967296 (custom)
2022-09-05 01:07:03 INFO  RaftServerConfigKeys:46 - raft.server.log.queue.element-limit = 1024 (custom)
2022-09-05 01:07:03 INFO  RaftServerConfigKeys:46 - raft.server.log.segment.size.max = 1048576 (custom)
2022-09-05 01:07:03 INFO  RaftServerConfigKeys:46 - raft.server.log.preallocated.size = 16384 (custom)
2022-09-05 01:07:03 INFO  RaftServerConfigKeys:46 - raft.server.log.force.sync.num = 128 (default)
2022-09-05 01:07:03 INFO  RaftServerConfigKeys:46 - raft.server.log.statemachine.data.sync = true (default)
2022-09-05 01:07:03 INFO  RaftServerConfigKeys:46 - raft.server.log.statemachine.data.sync.timeout = 10s (default)
2022-09-05 01:07:03 INFO  RaftServerConfigKeys:46 - raft.server.log.statemachine.data.sync.timeout.retry = -1 (default)
2022-09-05 01:07:03 INFO  RaftServerConfigKeys:46 - raft.server.log.write.buffer.size = 1048576 (custom)
2022-09-05 01:07:03 INFO  RaftServerConfigKeys:46 - raft.server.log.unsafe-flush.enabled = false (default)
2022-09-05 01:07:03 INFO  RaftServerConfigKeys:46 - raft.server.log.statemachine.data.caching.enabled = true (custom)
2022-09-05 01:07:03 INFO  SegmentedRaftLogWorker:135 - 07483d4d-fb96-4d23-b264-121c90420072@group-45CEE815FC94-SegmentedRaftLogWorker: flushIndex: setUnconditionally 0 -> -1
2022-09-05 01:07:03 INFO  SegmentedRaftLogWorker:135 - 07483d4d-fb96-4d23-b264-121c90420072@group-45CEE815FC94-SegmentedRaftLogWorker: safeCacheEvictIndex: setUnconditionally 0 -> -1
2022-09-05 01:07:03 INFO  RaftServerConfigKeys:46 - raft.server.snapshot.auto.trigger.enabled = true (custom)
2022-09-05 01:07:03 INFO  RaftServerConfigKeys:46 - raft.server.snapshot.auto.trigger.threshold = 10000 (custom)
2022-09-05 01:07:03 INFO  RaftServerConfigKeys:46 - raft.server.snapshot.retention.file.num = 5 (custom)
2022-09-05 01:07:03 INFO  RaftServerConfigKeys:46 - raft.server.log.purge.upto.snapshot.index = false (default)
2022-09-05 01:07:03 INFO  RaftServerConfigKeys:46 - raft.server.retrycache.expirytime = 600000ms (custom)
2022-09-05 01:07:03 INFO  RaftServerConfigKeys:46 - raft.server.retrycache.statistics.expirytime = 100?s (default)
2022-09-05 01:07:03 INFO  RaftServerConfigKeys:46 - raft.server.log.appender.install.snapshot.enabled = false (custom)
2022-09-05 01:07:03 INFO  RaftServerConfigKeys:46 - raft.server.threadpool.server.cached = true (default)
2022-09-05 01:07:03 INFO  RaftServerConfigKeys:46 - raft.server.threadpool.server.size = 0 (default)
2022-09-05 01:07:03 INFO  RaftServerConfigKeys:46 - raft.server.threadpool.client.cached = true (default)
2022-09-05 01:07:03 INFO  RaftServerConfigKeys:46 - raft.server.threadpool.client.size = 0 (default)
2022-09-05 01:07:03 INFO  RaftServer$Division:310 - 07483d4d-fb96-4d23-b264-121c90420072@group-45CEE815FC94: start as a follower, conf=-1: [07483d4d-fb96-4d23-b264-121c90420072|rpc:datanode-1.datanode.default.svc.cluster.local:9856|admin:datanode-1.datanode.default.svc.cluster.local:9857|client:datanode-1.datanode.default.svc.cluster.local:9858|priority:1], old=null
2022-09-05 01:07:03 INFO  RaftServer$Division:299 - 07483d4d-fb96-4d23-b264-121c90420072@group-45CEE815FC94: changes role from      null to FOLLOWER at term 0 for startAsFollower
2022-09-05 01:07:03 INFO  RoleInfo:139 - 07483d4d-fb96-4d23-b264-121c90420072: start 07483d4d-fb96-4d23-b264-121c90420072@group-45CEE815FC94-FollowerState
2022-09-05 01:07:03 INFO  JmxRegister:44 - Successfully registered JMX Bean with object name Ratis:service=RaftServer,group=group-45CEE815FC94,id=07483d4d-fb96-4d23-b264-121c90420072
2022-09-05 01:07:03 INFO  XceiverServerRatis:765 - Created group PipelineID=46573a36-76a4-4c3c-9aa7-45cee815fc94
2022-09-05 01:07:03 INFO  CreatePipelineCommandHandler:113 - Created Pipeline RATIS ONE PipelineID=46573a36-76a4-4c3c-9aa7-45cee815fc94.
2022-09-05 01:07:05 INFO  FollowerState:143 - 07483d4d-fb96-4d23-b264-121c90420072@group-D0CEF6B84EF4-FollowerState: change to CANDIDATE, lastRpcElapsedTime:5185278081ns, electionTimeout:5181ms
2022-09-05 01:07:05 INFO  RoleInfo:110 - 07483d4d-fb96-4d23-b264-121c90420072: shutdown 07483d4d-fb96-4d23-b264-121c90420072@group-D0CEF6B84EF4-FollowerState
2022-09-05 01:07:05 INFO  RaftServer$Division:299 - 07483d4d-fb96-4d23-b264-121c90420072@group-D0CEF6B84EF4: changes role from  FOLLOWER to CANDIDATE at term 0 for changeToCandidate
2022-09-05 01:07:05 INFO  RaftServerConfigKeys:46 - raft.server.leaderelection.pre-vote = false (custom)
2022-09-05 01:07:05 INFO  RoleInfo:139 - 07483d4d-fb96-4d23-b264-121c90420072: start 07483d4d-fb96-4d23-b264-121c90420072@group-D0CEF6B84EF4-LeaderElection1
2022-09-05 01:07:05 INFO  LeaderElection:310 - 07483d4d-fb96-4d23-b264-121c90420072@group-D0CEF6B84EF4-LeaderElection1 ELECTION round 0: submit vote requests at term 1 for -1: [75c5bc7c-284e-4ecb-994e-2955cf5a35bf|rpc:datanode-2.datanode.default.svc.cluster.local:9856|admin:datanode-2.datanode.default.svc.cluster.local:9857|client:datanode-2.datanode.default.svc.cluster.local:9858|priority:1, 07483d4d-fb96-4d23-b264-121c90420072|rpc:datanode-1.datanode.default.svc.cluster.local:9856|admin:datanode-1.datanode.default.svc.cluster.local:9857|client:datanode-1.datanode.default.svc.cluster.local:9858|priority:0, 74f3f5ad-b0fb-494d-affd-02300fdc990c|rpc:datanode-0.datanode.default.svc.cluster.local:9856|admin:datanode-0.datanode.default.svc.cluster.local:9857|client:datanode-0.datanode.default.svc.cluster.local:9858|priority:0], old=null
2022-09-05 01:07:06 INFO  RaftServer$Division:1152 - 07483d4d-fb96-4d23-b264-121c90420072@group-D0CEF6B84EF4: receive requestVote(ELECTION, 75c5bc7c-284e-4ecb-994e-2955cf5a35bf, group-D0CEF6B84EF4, 1, (t:0, i:0))
2022-09-05 01:07:06 INFO  VoteContext:48 - 07483d4d-fb96-4d23-b264-121c90420072@group-D0CEF6B84EF4-CANDIDATE: reject ELECTION from 75c5bc7c-284e-4ecb-994e-2955cf5a35bf: already has voted for 07483d4d-fb96-4d23-b264-121c90420072 at current term 1
2022-09-05 01:07:06 INFO  LeaderElection:90 - 07483d4d-fb96-4d23-b264-121c90420072@group-D0CEF6B84EF4-LeaderElection1: ELECTION REJECTED received 2 response(s) and 0 exception(s):
2022-09-05 01:07:06 INFO  LeaderElection:94 -   Response 0: 07483d4d-fb96-4d23-b264-121c90420072<-75c5bc7c-284e-4ecb-994e-2955cf5a35bf#0:FAIL-t1
2022-09-05 01:07:06 INFO  LeaderElection:94 -   Response 1: 07483d4d-fb96-4d23-b264-121c90420072<-74f3f5ad-b0fb-494d-affd-02300fdc990c#0:OK-t1
2022-09-05 01:07:06 INFO  LeaderElection:312 - 07483d4d-fb96-4d23-b264-121c90420072@group-D0CEF6B84EF4-LeaderElection1 ELECTION round 0: result REJECTED
2022-09-05 01:07:06 INFO  RaftServer$Division:1184 - 07483d4d-fb96-4d23-b264-121c90420072@group-D0CEF6B84EF4 replies to ELECTION vote request: 75c5bc7c-284e-4ecb-994e-2955cf5a35bf<-07483d4d-fb96-4d23-b264-121c90420072#0:FAIL-t1. Peer's state: 07483d4d-fb96-4d23-b264-121c90420072@group-D0CEF6B84EF4:t1, leader=null, voted=07483d4d-fb96-4d23-b264-121c90420072, raftlog=07483d4d-fb96-4d23-b264-121c90420072@group-D0CEF6B84EF4-SegmentedRaftLog:OPENED:c-1, conf=-1: [75c5bc7c-284e-4ecb-994e-2955cf5a35bf|rpc:datanode-2.datanode.default.svc.cluster.local:9856|admin:datanode-2.datanode.default.svc.cluster.local:9857|client:datanode-2.datanode.default.svc.cluster.local:9858|priority:1, 07483d4d-fb96-4d23-b264-121c90420072|rpc:datanode-1.datanode.default.svc.cluster.local:9856|admin:datanode-1.datanode.default.svc.cluster.local:9857|client:datanode-1.datanode.default.svc.cluster.local:9858|priority:0, 74f3f5ad-b0fb-494d-affd-02300fdc990c|rpc:datanode-0.datanode.default.svc.cluster.local:9856|admin:datanode-0.datanode.default.svc.cluster.local:9857|client:datanode-0.datanode.default.svc.cluster.local:9858|priority:0], old=null
2022-09-05 01:07:06 INFO  RaftServer$Division:299 - 07483d4d-fb96-4d23-b264-121c90420072@group-D0CEF6B84EF4: changes role from CANDIDATE to FOLLOWER at term 1 for REJECTED
2022-09-05 01:07:06 INFO  RoleInfo:130 - 07483d4d-fb96-4d23-b264-121c90420072: shutdown 07483d4d-fb96-4d23-b264-121c90420072@group-D0CEF6B84EF4-LeaderElection1
2022-09-05 01:07:06 INFO  RoleInfo:139 - 07483d4d-fb96-4d23-b264-121c90420072: start 07483d4d-fb96-4d23-b264-121c90420072@group-D0CEF6B84EF4-FollowerState
2022-09-05 01:07:08 INFO  FollowerState:143 - 07483d4d-fb96-4d23-b264-121c90420072@group-45CEE815FC94-FollowerState: change to CANDIDATE, lastRpcElapsedTime:5210930800ns, electionTimeout:5198ms
2022-09-05 01:07:08 INFO  RoleInfo:110 - 07483d4d-fb96-4d23-b264-121c90420072: shutdown 07483d4d-fb96-4d23-b264-121c90420072@group-45CEE815FC94-FollowerState
2022-09-05 01:07:08 INFO  RaftServer$Division:299 - 07483d4d-fb96-4d23-b264-121c90420072@group-45CEE815FC94: changes role from  FOLLOWER to CANDIDATE at term 0 for changeToCandidate
2022-09-05 01:07:08 INFO  RaftServerConfigKeys:46 - raft.server.leaderelection.pre-vote = false (custom)
2022-09-05 01:07:08 INFO  RoleInfo:139 - 07483d4d-fb96-4d23-b264-121c90420072: start 07483d4d-fb96-4d23-b264-121c90420072@group-45CEE815FC94-LeaderElection2
2022-09-05 01:07:08 INFO  LeaderElection:310 - 07483d4d-fb96-4d23-b264-121c90420072@group-45CEE815FC94-LeaderElection2 ELECTION round 0: submit vote requests at term 1 for -1: [07483d4d-fb96-4d23-b264-121c90420072|rpc:datanode-1.datanode.default.svc.cluster.local:9856|admin:datanode-1.datanode.default.svc.cluster.local:9857|client:datanode-1.datanode.default.svc.cluster.local:9858|priority:1], old=null
2022-09-05 01:07:08 INFO  LeaderElection:312 - 07483d4d-fb96-4d23-b264-121c90420072@group-45CEE815FC94-LeaderElection2 ELECTION round 0: result PASSED (term=1)
2022-09-05 01:07:08 INFO  RoleInfo:130 - 07483d4d-fb96-4d23-b264-121c90420072: shutdown 07483d4d-fb96-4d23-b264-121c90420072@group-45CEE815FC94-LeaderElection2
2022-09-05 01:07:08 INFO  RaftServer$Division:299 - 07483d4d-fb96-4d23-b264-121c90420072@group-45CEE815FC94: changes role from CANDIDATE to LEADER at term 1 for changeToLeader
2022-09-05 01:07:08 INFO  XceiverServerRatis:863 - Leader change notification received for group: group-45CEE815FC94 with new leaderId: 07483d4d-fb96-4d23-b264-121c90420072
2022-09-05 01:07:08 INFO  RaftServer$Division:287 - 07483d4d-fb96-4d23-b264-121c90420072@group-45CEE815FC94: change Leader from null to 07483d4d-fb96-4d23-b264-121c90420072 at term 1 for becomeLeader, leader elected after 5276ms
2022-09-05 01:07:08 INFO  RaftServerConfigKeys:46 - raft.server.staging.catchup.gap = 1000 (default)
2022-09-05 01:07:08 INFO  RaftServerConfigKeys:46 - raft.server.write.element-limit = 1024 (custom)
2022-09-05 01:07:08 INFO  RaftServerConfigKeys:46 - raft.server.write.byte-limit = 1024 M (=1073741824) (custom)
2022-09-05 01:07:08 INFO  RaftServerConfigKeys:46 - raft.server.watch.timeout = 180s (custom)
2022-09-05 01:07:08 INFO  RaftServerConfigKeys:46 - raft.server.watch.timeout.denomination = 1s (default)
2022-09-05 01:07:08 INFO  RaftServerConfigKeys:46 - raft.server.watch.element-limit = 65536 (default)
2022-09-05 01:07:08 INFO  RaftServerConfigKeys:46 - raft.server.write.element-limit = 1024 (custom)
2022-09-05 01:07:08 INFO  RaftServerConfigKeys:46 - raft.server.write.follower.gap.ratio.max = -1.0 (default)
2022-09-05 01:07:08 INFO  RoleInfo:139 - 07483d4d-fb96-4d23-b264-121c90420072: start 07483d4d-fb96-4d23-b264-121c90420072@group-45CEE815FC94-LeaderStateImpl
2022-09-05 01:07:08 INFO  SegmentedRaftLogWorker:425 - 07483d4d-fb96-4d23-b264-121c90420072@group-45CEE815FC94-SegmentedRaftLogWorker: Starting segment from index:0
2022-09-05 01:07:09 INFO  RaftServer$Division:393 - 07483d4d-fb96-4d23-b264-121c90420072@group-45CEE815FC94: set configuration 0: [07483d4d-fb96-4d23-b264-121c90420072|rpc:datanode-1.datanode.default.svc.cluster.local:9856|admin:datanode-1.datanode.default.svc.cluster.local:9857|client:datanode-1.datanode.default.svc.cluster.local:9858|dataStream:|priority:1], old=null
2022-09-05 01:07:09 INFO  SegmentedRaftLogWorker:629 - 07483d4d-fb96-4d23-b264-121c90420072@group-45CEE815FC94-SegmentedRaftLogWorker: created new log segment /data/metadata/ratis/46573a36-76a4-4c3c-9aa7-45cee815fc94/current/log_inprogress_0
2022-09-05 01:07:11 INFO  FollowerState:143 - 07483d4d-fb96-4d23-b264-121c90420072@group-D0CEF6B84EF4-FollowerState: change to CANDIDATE, lastRpcElapsedTime:5088990555ns, electionTimeout:5072ms
2022-09-05 01:07:11 INFO  RoleInfo:110 - 07483d4d-fb96-4d23-b264-121c90420072: shutdown 07483d4d-fb96-4d23-b264-121c90420072@group-D0CEF6B84EF4-FollowerState
2022-09-05 01:07:11 INFO  RaftServer$Division:299 - 07483d4d-fb96-4d23-b264-121c90420072@group-D0CEF6B84EF4: changes role from  FOLLOWER to CANDIDATE at term 1 for changeToCandidate
2022-09-05 01:07:11 INFO  RaftServerConfigKeys:46 - raft.server.leaderelection.pre-vote = false (custom)
2022-09-05 01:07:11 INFO  RoleInfo:139 - 07483d4d-fb96-4d23-b264-121c90420072: start 07483d4d-fb96-4d23-b264-121c90420072@group-D0CEF6B84EF4-LeaderElection3
2022-09-05 01:07:11 INFO  LeaderElection:310 - 07483d4d-fb96-4d23-b264-121c90420072@group-D0CEF6B84EF4-LeaderElection3 ELECTION round 0: submit vote requests at term 2 for -1: [75c5bc7c-284e-4ecb-994e-2955cf5a35bf|rpc:datanode-2.datanode.default.svc.cluster.local:9856|admin:datanode-2.datanode.default.svc.cluster.local:9857|client:datanode-2.datanode.default.svc.cluster.local:9858|priority:1, 07483d4d-fb96-4d23-b264-121c90420072|rpc:datanode-1.datanode.default.svc.cluster.local:9856|admin:datanode-1.datanode.default.svc.cluster.local:9857|client:datanode-1.datanode.default.svc.cluster.local:9858|priority:0, 74f3f5ad-b0fb-494d-affd-02300fdc990c|rpc:datanode-0.datanode.default.svc.cluster.local:9856|admin:datanode-0.datanode.default.svc.cluster.local:9857|client:datanode-0.datanode.default.svc.cluster.local:9858|priority:0], old=null
2022-09-05 01:07:11 INFO  LeaderElection:90 - 07483d4d-fb96-4d23-b264-121c90420072@group-D0CEF6B84EF4-LeaderElection3: ELECTION REJECTED received 1 response(s) and 0 exception(s):
2022-09-05 01:07:11 INFO  LeaderElection:94 -   Response 0: 07483d4d-fb96-4d23-b264-121c90420072<-75c5bc7c-284e-4ecb-994e-2955cf5a35bf#0:FAIL-t2
2022-09-05 01:07:11 INFO  LeaderElection:312 - 07483d4d-fb96-4d23-b264-121c90420072@group-D0CEF6B84EF4-LeaderElection3 ELECTION round 0: result REJECTED
2022-09-05 01:07:11 INFO  RaftServer$Division:299 - 07483d4d-fb96-4d23-b264-121c90420072@group-D0CEF6B84EF4: changes role from CANDIDATE to FOLLOWER at term 2 for REJECTED
2022-09-05 01:07:11 INFO  RoleInfo:130 - 07483d4d-fb96-4d23-b264-121c90420072: shutdown 07483d4d-fb96-4d23-b264-121c90420072@group-D0CEF6B84EF4-LeaderElection3
2022-09-05 01:07:11 INFO  RoleInfo:139 - 07483d4d-fb96-4d23-b264-121c90420072: start 07483d4d-fb96-4d23-b264-121c90420072@group-D0CEF6B84EF4-FollowerState
2022-09-05 01:07:16 INFO  FollowerState:143 - 07483d4d-fb96-4d23-b264-121c90420072@group-D0CEF6B84EF4-FollowerState: change to CANDIDATE, lastRpcElapsedTime:5006380397ns, electionTimeout:5000ms
2022-09-05 01:07:16 INFO  RoleInfo:110 - 07483d4d-fb96-4d23-b264-121c90420072: shutdown 07483d4d-fb96-4d23-b264-121c90420072@group-D0CEF6B84EF4-FollowerState
2022-09-05 01:07:16 INFO  RaftServer$Division:299 - 07483d4d-fb96-4d23-b264-121c90420072@group-D0CEF6B84EF4: changes role from  FOLLOWER to CANDIDATE at term 2 for changeToCandidate
2022-09-05 01:07:16 INFO  RaftServerConfigKeys:46 - raft.server.leaderelection.pre-vote = false (custom)
2022-09-05 01:07:16 INFO  RoleInfo:139 - 07483d4d-fb96-4d23-b264-121c90420072: start 07483d4d-fb96-4d23-b264-121c90420072@group-D0CEF6B84EF4-LeaderElection4
2022-09-05 01:07:16 INFO  LeaderElection:310 - 07483d4d-fb96-4d23-b264-121c90420072@group-D0CEF6B84EF4-LeaderElection4 ELECTION round 0: submit vote requests at term 3 for -1: [75c5bc7c-284e-4ecb-994e-2955cf5a35bf|rpc:datanode-2.datanode.default.svc.cluster.local:9856|admin:datanode-2.datanode.default.svc.cluster.local:9857|client:datanode-2.datanode.default.svc.cluster.local:9858|priority:1, 07483d4d-fb96-4d23-b264-121c90420072|rpc:datanode-1.datanode.default.svc.cluster.local:9856|admin:datanode-1.datanode.default.svc.cluster.local:9857|client:datanode-1.datanode.default.svc.cluster.local:9858|priority:0, 74f3f5ad-b0fb-494d-affd-02300fdc990c|rpc:datanode-0.datanode.default.svc.cluster.local:9856|admin:datanode-0.datanode.default.svc.cluster.local:9857|client:datanode-0.datanode.default.svc.cluster.local:9858|priority:0], old=null
2022-09-05 01:07:16 INFO  LeaderElection:90 - 07483d4d-fb96-4d23-b264-121c90420072@group-D0CEF6B84EF4-LeaderElection4: ELECTION REJECTED received 2 response(s) and 0 exception(s):
2022-09-05 01:07:16 INFO  LeaderElection:94 -   Response 0: 07483d4d-fb96-4d23-b264-121c90420072<-75c5bc7c-284e-4ecb-994e-2955cf5a35bf#0:FAIL-t3
2022-09-05 01:07:16 INFO  LeaderElection:94 -   Response 1: 07483d4d-fb96-4d23-b264-121c90420072<-74f3f5ad-b0fb-494d-affd-02300fdc990c#0:OK-t3
2022-09-05 01:07:16 INFO  LeaderElection:312 - 07483d4d-fb96-4d23-b264-121c90420072@group-D0CEF6B84EF4-LeaderElection4 ELECTION round 0: result REJECTED
2022-09-05 01:07:16 INFO  RaftServer$Division:299 - 07483d4d-fb96-4d23-b264-121c90420072@group-D0CEF6B84EF4: changes role from CANDIDATE to FOLLOWER at term 3 for REJECTED
2022-09-05 01:07:16 INFO  RoleInfo:130 - 07483d4d-fb96-4d23-b264-121c90420072: shutdown 07483d4d-fb96-4d23-b264-121c90420072@group-D0CEF6B84EF4-LeaderElection4
2022-09-05 01:07:16 INFO  RoleInfo:139 - 07483d4d-fb96-4d23-b264-121c90420072: start 07483d4d-fb96-4d23-b264-121c90420072@group-D0CEF6B84EF4-FollowerState
2022-09-05 01:07:21 INFO  FollowerState:143 - 07483d4d-fb96-4d23-b264-121c90420072@group-D0CEF6B84EF4-FollowerState: change to CANDIDATE, lastRpcElapsedTime:5028263786ns, electionTimeout:5025ms
2022-09-05 01:07:21 INFO  RoleInfo:110 - 07483d4d-fb96-4d23-b264-121c90420072: shutdown 07483d4d-fb96-4d23-b264-121c90420072@group-D0CEF6B84EF4-FollowerState
2022-09-05 01:07:21 INFO  RaftServer$Division:299 - 07483d4d-fb96-4d23-b264-121c90420072@group-D0CEF6B84EF4: changes role from  FOLLOWER to CANDIDATE at term 3 for changeToCandidate
2022-09-05 01:07:21 INFO  RaftServerConfigKeys:46 - raft.server.leaderelection.pre-vote = false (custom)
2022-09-05 01:07:21 INFO  RoleInfo:139 - 07483d4d-fb96-4d23-b264-121c90420072: start 07483d4d-fb96-4d23-b264-121c90420072@group-D0CEF6B84EF4-LeaderElection5
2022-09-05 01:07:21 INFO  LeaderElection:310 - 07483d4d-fb96-4d23-b264-121c90420072@group-D0CEF6B84EF4-LeaderElection5 ELECTION round 0: submit vote requests at term 4 for -1: [75c5bc7c-284e-4ecb-994e-2955cf5a35bf|rpc:datanode-2.datanode.default.svc.cluster.local:9856|admin:datanode-2.datanode.default.svc.cluster.local:9857|client:datanode-2.datanode.default.svc.cluster.local:9858|priority:1, 07483d4d-fb96-4d23-b264-121c90420072|rpc:datanode-1.datanode.default.svc.cluster.local:9856|admin:datanode-1.datanode.default.svc.cluster.local:9857|client:datanode-1.datanode.default.svc.cluster.local:9858|priority:0, 74f3f5ad-b0fb-494d-affd-02300fdc990c|rpc:datanode-0.datanode.default.svc.cluster.local:9856|admin:datanode-0.datanode.default.svc.cluster.local:9857|client:datanode-0.datanode.default.svc.cluster.local:9858|priority:0], old=null
2022-09-05 01:07:21 INFO  LeaderElection:90 - 07483d4d-fb96-4d23-b264-121c90420072@group-D0CEF6B84EF4-LeaderElection5: ELECTION REJECTED received 2 response(s) and 0 exception(s):
2022-09-05 01:07:21 INFO  LeaderElection:94 -   Response 0: 07483d4d-fb96-4d23-b264-121c90420072<-75c5bc7c-284e-4ecb-994e-2955cf5a35bf#0:FAIL-t4
2022-09-05 01:07:21 INFO  LeaderElection:94 -   Response 1: 07483d4d-fb96-4d23-b264-121c90420072<-74f3f5ad-b0fb-494d-affd-02300fdc990c#0:OK-t4
2022-09-05 01:07:21 INFO  LeaderElection:312 - 07483d4d-fb96-4d23-b264-121c90420072@group-D0CEF6B84EF4-LeaderElection5 ELECTION round 0: result REJECTED
2022-09-05 01:07:21 INFO  RaftServer$Division:299 - 07483d4d-fb96-4d23-b264-121c90420072@group-D0CEF6B84EF4: changes role from CANDIDATE to FOLLOWER at term 4 for REJECTED
2022-09-05 01:07:21 INFO  RoleInfo:130 - 07483d4d-fb96-4d23-b264-121c90420072: shutdown 07483d4d-fb96-4d23-b264-121c90420072@group-D0CEF6B84EF4-LeaderElection5
2022-09-05 01:07:21 INFO  RoleInfo:139 - 07483d4d-fb96-4d23-b264-121c90420072: start 07483d4d-fb96-4d23-b264-121c90420072@group-D0CEF6B84EF4-FollowerState
2022-09-05 01:07:21 INFO  RaftServer$Division:1152 - 07483d4d-fb96-4d23-b264-121c90420072@group-D0CEF6B84EF4: receive requestVote(ELECTION, 75c5bc7c-284e-4ecb-994e-2955cf5a35bf, group-D0CEF6B84EF4, 4, (t:0, i:0))
2022-09-05 01:07:21 INFO  VoteContext:48 - 07483d4d-fb96-4d23-b264-121c90420072@group-D0CEF6B84EF4-FOLLOWER: reject ELECTION from 75c5bc7c-284e-4ecb-994e-2955cf5a35bf: already has voted for 07483d4d-fb96-4d23-b264-121c90420072 at current term 4
2022-09-05 01:07:21 INFO  RaftServer$Division:1184 - 07483d4d-fb96-4d23-b264-121c90420072@group-D0CEF6B84EF4 replies to ELECTION vote request: 75c5bc7c-284e-4ecb-994e-2955cf5a35bf<-07483d4d-fb96-4d23-b264-121c90420072#0:FAIL-t4. Peer's state: 07483d4d-fb96-4d23-b264-121c90420072@group-D0CEF6B84EF4:t4, leader=null, voted=07483d4d-fb96-4d23-b264-121c90420072, raftlog=07483d4d-fb96-4d23-b264-121c90420072@group-D0CEF6B84EF4-SegmentedRaftLog:OPENED:c-1, conf=-1: [75c5bc7c-284e-4ecb-994e-2955cf5a35bf|rpc:datanode-2.datanode.default.svc.cluster.local:9856|admin:datanode-2.datanode.default.svc.cluster.local:9857|client:datanode-2.datanode.default.svc.cluster.local:9858|priority:1, 07483d4d-fb96-4d23-b264-121c90420072|rpc:datanode-1.datanode.default.svc.cluster.local:9856|admin:datanode-1.datanode.default.svc.cluster.local:9857|client:datanode-1.datanode.default.svc.cluster.local:9858|priority:0, 74f3f5ad-b0fb-494d-affd-02300fdc990c|rpc:datanode-0.datanode.default.svc.cluster.local:9856|admin:datanode-0.datanode.default.svc.cluster.local:9857|client:datanode-0.datanode.default.svc.cluster.local:9858|priority:0], old=null
2022-09-05 01:07:26 INFO  FollowerState:143 - 07483d4d-fb96-4d23-b264-121c90420072@group-D0CEF6B84EF4-FollowerState: change to CANDIDATE, lastRpcElapsedTime:5082750455ns, electionTimeout:5074ms
2022-09-05 01:07:26 INFO  RoleInfo:110 - 07483d4d-fb96-4d23-b264-121c90420072: shutdown 07483d4d-fb96-4d23-b264-121c90420072@group-D0CEF6B84EF4-FollowerState
2022-09-05 01:07:26 INFO  RaftServer$Division:299 - 07483d4d-fb96-4d23-b264-121c90420072@group-D0CEF6B84EF4: changes role from  FOLLOWER to CANDIDATE at term 4 for changeToCandidate
2022-09-05 01:07:26 INFO  RaftServerConfigKeys:46 - raft.server.leaderelection.pre-vote = false (custom)
2022-09-05 01:07:26 INFO  RoleInfo:139 - 07483d4d-fb96-4d23-b264-121c90420072: start 07483d4d-fb96-4d23-b264-121c90420072@group-D0CEF6B84EF4-LeaderElection6
2022-09-05 01:07:26 INFO  RaftServer$Division:1152 - 07483d4d-fb96-4d23-b264-121c90420072@group-D0CEF6B84EF4: receive requestVote(ELECTION, 75c5bc7c-284e-4ecb-994e-2955cf5a35bf, group-D0CEF6B84EF4, 5, (t:0, i:0))
2022-09-05 01:07:26 INFO  VoteContext:48 - 07483d4d-fb96-4d23-b264-121c90420072@group-D0CEF6B84EF4-CANDIDATE: reject ELECTION from 75c5bc7c-284e-4ecb-994e-2955cf5a35bf: already has voted for 07483d4d-fb96-4d23-b264-121c90420072 at current term 5
2022-09-05 01:07:26 INFO  RaftServer$Division:1184 - 07483d4d-fb96-4d23-b264-121c90420072@group-D0CEF6B84EF4 replies to ELECTION vote request: 75c5bc7c-284e-4ecb-994e-2955cf5a35bf<-07483d4d-fb96-4d23-b264-121c90420072#0:FAIL-t5. Peer's state: 07483d4d-fb96-4d23-b264-121c90420072@group-D0CEF6B84EF4:t5, leader=null, voted=07483d4d-fb96-4d23-b264-121c90420072, raftlog=07483d4d-fb96-4d23-b264-121c90420072@group-D0CEF6B84EF4-SegmentedRaftLog:OPENED:c-1, conf=-1: [75c5bc7c-284e-4ecb-994e-2955cf5a35bf|rpc:datanode-2.datanode.default.svc.cluster.local:9856|admin:datanode-2.datanode.default.svc.cluster.local:9857|client:datanode-2.datanode.default.svc.cluster.local:9858|priority:1, 07483d4d-fb96-4d23-b264-121c90420072|rpc:datanode-1.datanode.default.svc.cluster.local:9856|admin:datanode-1.datanode.default.svc.cluster.local:9857|client:datanode-1.datanode.default.svc.cluster.local:9858|priority:0, 74f3f5ad-b0fb-494d-affd-02300fdc990c|rpc:datanode-0.datanode.default.svc.cluster.local:9856|admin:datanode-0.datanode.default.svc.cluster.local:9857|client:datanode-0.datanode.default.svc.cluster.local:9858|priority:0], old=null
2022-09-05 01:07:26 INFO  LeaderElection:310 - 07483d4d-fb96-4d23-b264-121c90420072@group-D0CEF6B84EF4-LeaderElection6 ELECTION round 0: submit vote requests at term 5 for -1: [75c5bc7c-284e-4ecb-994e-2955cf5a35bf|rpc:datanode-2.datanode.default.svc.cluster.local:9856|admin:datanode-2.datanode.default.svc.cluster.local:9857|client:datanode-2.datanode.default.svc.cluster.local:9858|priority:1, 07483d4d-fb96-4d23-b264-121c90420072|rpc:datanode-1.datanode.default.svc.cluster.local:9856|admin:datanode-1.datanode.default.svc.cluster.local:9857|client:datanode-1.datanode.default.svc.cluster.local:9858|priority:0, 74f3f5ad-b0fb-494d-affd-02300fdc990c|rpc:datanode-0.datanode.default.svc.cluster.local:9856|admin:datanode-0.datanode.default.svc.cluster.local:9857|client:datanode-0.datanode.default.svc.cluster.local:9858|priority:0], old=null
2022-09-05 01:07:26 INFO  LeaderElection:90 - 07483d4d-fb96-4d23-b264-121c90420072@group-D0CEF6B84EF4-LeaderElection6: ELECTION REJECTED received 1 response(s) and 0 exception(s):
2022-09-05 01:07:26 INFO  LeaderElection:94 -   Response 0: 07483d4d-fb96-4d23-b264-121c90420072<-75c5bc7c-284e-4ecb-994e-2955cf5a35bf#0:FAIL-t5
2022-09-05 01:07:26 INFO  LeaderElection:312 - 07483d4d-fb96-4d23-b264-121c90420072@group-D0CEF6B84EF4-LeaderElection6 ELECTION round 0: result REJECTED
2022-09-05 01:07:26 INFO  RaftServer$Division:299 - 07483d4d-fb96-4d23-b264-121c90420072@group-D0CEF6B84EF4: changes role from CANDIDATE to FOLLOWER at term 5 for REJECTED
2022-09-05 01:07:26 INFO  RoleInfo:130 - 07483d4d-fb96-4d23-b264-121c90420072: shutdown 07483d4d-fb96-4d23-b264-121c90420072@group-D0CEF6B84EF4-LeaderElection6
2022-09-05 01:07:26 INFO  RoleInfo:139 - 07483d4d-fb96-4d23-b264-121c90420072: start 07483d4d-fb96-4d23-b264-121c90420072@group-D0CEF6B84EF4-FollowerState
2022-09-05 01:07:26 INFO  XceiverServerRatis:863 - Leader change notification received for group: group-D0CEF6B84EF4 with new leaderId: 75c5bc7c-284e-4ecb-994e-2955cf5a35bf
2022-09-05 01:07:26 INFO  RaftServer$Division:287 - 07483d4d-fb96-4d23-b264-121c90420072@group-D0CEF6B84EF4: change Leader from null to 75c5bc7c-284e-4ecb-994e-2955cf5a35bf at term 5 for appendEntries, leader elected after 26084ms
2022-09-05 01:07:26 INFO  RaftServer$Division:393 - 07483d4d-fb96-4d23-b264-121c90420072@group-D0CEF6B84EF4: set configuration 0: [75c5bc7c-284e-4ecb-994e-2955cf5a35bf|rpc:datanode-2.datanode.default.svc.cluster.local:9856|admin:datanode-2.datanode.default.svc.cluster.local:9857|client:datanode-2.datanode.default.svc.cluster.local:9858|dataStream:|priority:1, 07483d4d-fb96-4d23-b264-121c90420072|rpc:datanode-1.datanode.default.svc.cluster.local:9856|admin:datanode-1.datanode.default.svc.cluster.local:9857|client:datanode-1.datanode.default.svc.cluster.local:9858|dataStream:|priority:0, 74f3f5ad-b0fb-494d-affd-02300fdc990c|rpc:datanode-0.datanode.default.svc.cluster.local:9856|admin:datanode-0.datanode.default.svc.cluster.local:9857|client:datanode-0.datanode.default.svc.cluster.local:9858|dataStream:|priority:0], old=null
2022-09-05 01:07:26 INFO  SegmentedRaftLogWorker:425 - 07483d4d-fb96-4d23-b264-121c90420072@group-D0CEF6B84EF4-SegmentedRaftLogWorker: Starting segment from index:0
2022-09-05 01:07:26 INFO  SegmentedRaftLogWorker:629 - 07483d4d-fb96-4d23-b264-121c90420072@group-D0CEF6B84EF4-SegmentedRaftLogWorker: created new log segment /data/metadata/ratis/b8d7c84c-46ca-4d04-9f44-d0cef6b84ef4/current/log_inprogress_0
