Executing test in ozone-mr
Executing test in hadoop27
20210329-1: Pulling from apache/ozone-runner
Digest: sha256:ecaa3a054403c869d4410688e927d316583a7707694bddd53037963df24edb04
Status: Downloaded newer image for apache/ozone-runner:20210329-1
2.7.3: Pulling from flokkr/hadoop
Digest: sha256:e791dc9bfa858e24443e1f1d70bfacf8382e0b8b9c4063fee38a460c26967b8e
Status: Downloaded newer image for flokkr/hadoop:2.7.3
SECONDS: 34
com.google.protobuf.ServiceException: java.net.ConnectException: Call From scm/172.18.0.2 to scm:9860 failed on connection exception: java.net.ConnectException: Connection refused; For more details see: http://wiki.apache.org/hadoop/ConnectionRefused, while invoking $Proxy19.submitRequest over nodeId=scmNodeId,nodeAddress=scm/172.18.0.2:9860 after 1 failover attempts. Trying to failover after sleeping for 2000ms. SCM is in safe mode. validated:false, DataNodeSafeModeRule, registered datanodes (=1) >= required datanodes (=3) validated:false, HealthyPipelineSafeModeRule, healthy Ratis/THREE pipelines (=0) >= healthyPipelineThresholdCount (=1) validated:true, ContainerSafeModeRule, % of containers with at least one reported replica (=1.00) >= safeModeCutoff (=0.99) validated:true, AtleastOneDatanodeReportedRule, reported Ratis/THREE pipelines with at least one datanode (=0) >= threshold (=0)
SECONDS: 45
SCM is in safe mode. validated:true, DataNodeSafeModeRule, registered datanodes (=3) >= required datanodes (=3) validated:false, HealthyPipelineSafeModeRule, healthy Ratis/THREE pipelines (=0) >= healthyPipelineThresholdCount (=1) validated:true, ContainerSafeModeRule, % of containers with at least one reported replica (=1.00) >= safeModeCutoff (=0.99) validated:true, AtleastOneDatanodeReportedRule, reported Ratis/THREE pipelines with at least one datanode (=0) >= threshold (=0)
SECONDS: 51
SCM is out of safe mode.
Safe mode is off
No OM HA service, no need to wait
==============================================================================
Createmrenv :: Create directories required for MR test                        
==============================================================================
Create test volume, bucket and key                                    | PASS |
------------------------------------------------------------------------------
Create user dir for hadoop                                            | PASS |
------------------------------------------------------------------------------
Createmrenv :: Create directories required for MR test                | PASS |
2 tests, 2 passed, 0 failed
==============================================================================
Output:  /tmp/smoketest/hadoop27/result/robot-hadoop27-hadoop27-createmrenv-scm.xml
==============================================================================
hadoopfs-o3fs :: Test ozone fs with hadoopfs                                  
==============================================================================
Test hadoop dfs                                                       | PASS |
------------------------------------------------------------------------------
hadoopfs-o3fs :: Test ozone fs with hadoopfs                          | PASS |
1 critical test, 1 passed, 0 failed
1 test total, 1 passed, 0 failed
==============================================================================
Output:  /tmp/smoketest/hadoop27/result/robot-hadoop27-hadoop27-createmrenv-scm-1.xml
==============================================================================
mapreduce-o3fs :: Execute MR jobs                                             
==============================================================================
Execute PI calculation                                                | PASS |
------------------------------------------------------------------------------
Execute WordCount                                                     | PASS |
------------------------------------------------------------------------------
mapreduce-o3fs :: Execute MR jobs                                     | PASS |
2 critical tests, 2 passed, 0 failed
2 tests total, 2 passed, 0 failed
==============================================================================
Output:  /tmp/smoketest/hadoop27/result/robot-hadoop27-hadoop27-createmrenv-scm-2.xml
==============================================================================
hadoopfs-ofs :: Test ozone fs with hadoopfs                                   
==============================================================================
Test hadoop dfs                                                       | PASS |
------------------------------------------------------------------------------
hadoopfs-ofs :: Test ozone fs with hadoopfs                           | PASS |
1 critical test, 1 passed, 0 failed
1 test total, 1 passed, 0 failed
==============================================================================
Output:  /tmp/smoketest/hadoop27/result/robot-hadoop27-hadoop27-createmrenv-scm-3.xml
==============================================================================
mapreduce-ofs :: Execute MR jobs                                              
==============================================================================
Execute PI calculation                                                | PASS |
------------------------------------------------------------------------------
Execute WordCount                                                     | PASS |
------------------------------------------------------------------------------
mapreduce-ofs :: Execute MR jobs                                      | PASS |
2 critical tests, 2 passed, 0 failed
2 tests total, 2 passed, 0 failed
==============================================================================
Output:  /tmp/smoketest/hadoop27/result/robot-hadoop27-hadoop27-createmrenv-scm-4.xml
Log:     /home/runner/work/ozone/ozone/hadoop-ozone/dist/target/ozone-1.3.0-SNAPSHOT/compose/ozone-mr/hadoop27/result/log.html
Report:  /home/runner/work/ozone/ozone/hadoop-ozone/dist/target/ozone-1.3.0-SNAPSHOT/compose/ozone-mr/hadoop27/result/report.html
Output:  /home/runner/work/ozone/ozone/hadoop-ozone/dist/target/ozone-1.3.0-SNAPSHOT/compose/ozone-mr/result/hadoop27.xml
Executing test in hadoop31
ERROR: Test execution of hadoop31 is FAILED!!!!
Executing test in hadoop32
3.2.2: Pulling from flokkr/hadoop
Digest: sha256:958a6c5a3af4a01b3347ccc57052df78033e401fd9dff965148b0939782e2c9e
Status: Downloaded newer image for flokkr/hadoop:3.2.2
SECONDS: 40
com.google.protobuf.ServiceException: java.net.ConnectException: Call From scm/172.20.0.3 to scm:9860 failed on connection exception: java.net.ConnectException: Connection refused; For more details see: http://wiki.apache.org/hadoop/ConnectionRefused, while invoking $Proxy20.submitRequest over nodeId=scmNodeId,nodeAddress=scm/172.20.0.3:9860 after 1 failover attempts. Trying to failover after sleeping for 2000ms. SCM is in safe mode. validated:false, DataNodeSafeModeRule, registered datanodes (=1) >= required datanodes (=3) validated:false, HealthyPipelineSafeModeRule, healthy Ratis/THREE pipelines (=0) >= healthyPipelineThresholdCount (=1) validated:true, ContainerSafeModeRule, % of containers with at least one reported replica (=1.00) >= safeModeCutoff (=0.99) validated:true, AtleastOneDatanodeReportedRule, reported Ratis/THREE pipelines with at least one datanode (=0) >= threshold (=0)
SECONDS: 53
SCM is in safe mode. validated:true, DataNodeSafeModeRule, registered datanodes (=3) >= required datanodes (=3) validated:false, HealthyPipelineSafeModeRule, healthy Ratis/THREE pipelines (=0) >= healthyPipelineThresholdCount (=1) validated:true, ContainerSafeModeRule, % of containers with at least one reported replica (=1.00) >= safeModeCutoff (=0.99) validated:true, AtleastOneDatanodeReportedRule, reported Ratis/THREE pipelines with at least one datanode (=0) >= threshold (=0)
SECONDS: 62
SCM is out of safe mode.
Safe mode is off
No OM HA service, no need to wait
==============================================================================
Createmrenv :: Create directories required for MR test                        
==============================================================================
Create test volume, bucket and key                                    | PASS |
------------------------------------------------------------------------------
Create user dir for hadoop                                            | PASS |
------------------------------------------------------------------------------
Createmrenv :: Create directories required for MR test                | PASS |
2 tests, 2 passed, 0 failed
==============================================================================
Output:  /tmp/smoketest/hadoop32/result/robot-hadoop32-hadoop32-createmrenv-scm.xml
==============================================================================
hadoopfs-o3fs :: Test ozone fs with hadoopfs                                  
==============================================================================
Test hadoop dfs                                                       | PASS |
------------------------------------------------------------------------------
hadoopfs-o3fs :: Test ozone fs with hadoopfs                          | PASS |
1 critical test, 1 passed, 0 failed
1 test total, 1 passed, 0 failed
==============================================================================
Output:  /tmp/smoketest/hadoop32/result/robot-hadoop32-hadoop32-createmrenv-scm-1.xml
==============================================================================
mapreduce-o3fs :: Execute MR jobs                                             
==============================================================================
Execute PI calculation                                                | PASS |
------------------------------------------------------------------------------
Execute WordCount                                                     | PASS |
------------------------------------------------------------------------------
mapreduce-o3fs :: Execute MR jobs                                     | PASS |
2 critical tests, 2 passed, 0 failed
2 tests total, 2 passed, 0 failed
==============================================================================
Output:  /tmp/smoketest/hadoop32/result/robot-hadoop32-hadoop32-createmrenv-scm-2.xml
==============================================================================
hadoopfs-ofs :: Test ozone fs with hadoopfs                                   
==============================================================================
Test hadoop dfs                                                       | PASS |
------------------------------------------------------------------------------
hadoopfs-ofs :: Test ozone fs with hadoopfs                           | PASS |
1 critical test, 1 passed, 0 failed
1 test total, 1 passed, 0 failed
==============================================================================
Output:  /tmp/smoketest/hadoop32/result/robot-hadoop32-hadoop32-createmrenv-scm-3.xml
==============================================================================
mapreduce-ofs :: Execute MR jobs                                              
==============================================================================
Execute PI calculation                                                | PASS |
------------------------------------------------------------------------------
Execute WordCount                                                     | PASS |
------------------------------------------------------------------------------
mapreduce-ofs :: Execute MR jobs                                      | PASS |
2 critical tests, 2 passed, 0 failed
2 tests total, 2 passed, 0 failed
==============================================================================
Output:  /tmp/smoketest/hadoop32/result/robot-hadoop32-hadoop32-createmrenv-scm-4.xml
Log:     /home/runner/work/ozone/ozone/hadoop-ozone/dist/target/ozone-1.3.0-SNAPSHOT/compose/ozone-mr/hadoop32/result/log.html
Report:  /home/runner/work/ozone/ozone/hadoop-ozone/dist/target/ozone-1.3.0-SNAPSHOT/compose/ozone-mr/hadoop32/result/report.html
Output:  /home/runner/work/ozone/ozone/hadoop-ozone/dist/target/ozone-1.3.0-SNAPSHOT/compose/ozone-mr/result/hadoop32.xml
Executing test in hadoop33
3.3.1: Pulling from flokkr/hadoop
Digest: sha256:2dd21ee3789687f6c297b43d618a0ff2b7ffd9e8a97a77b08643603ab8c3556d
Status: Downloaded newer image for flokkr/hadoop:3.3.1
SECONDS: 40
com.google.protobuf.ServiceException: java.net.ConnectException: Call From scm/172.21.0.2 to scm:9860 failed on connection exception: java.net.ConnectException: Connection refused; For more details see: http://wiki.apache.org/hadoop/ConnectionRefused, while invoking $Proxy20.submitRequest over nodeId=scmNodeId,nodeAddress=scm/172.21.0.2:9860 after 1 failover attempts. Trying to failover after sleeping for 2000ms. SCM is in safe mode. validated:true, DataNodeSafeModeRule, registered datanodes (=3) >= required datanodes (=3) validated:false, HealthyPipelineSafeModeRule, healthy Ratis/THREE pipelines (=0) >= healthyPipelineThresholdCount (=1) validated:true, ContainerSafeModeRule, % of containers with at least one reported replica (=1.00) >= safeModeCutoff (=0.99) validated:true, AtleastOneDatanodeReportedRule, reported Ratis/THREE pipelines with at least one datanode (=0) >= threshold (=0)
SECONDS: 53
SCM is out of safe mode.
Safe mode is off
No OM HA service, no need to wait
==============================================================================
Createmrenv :: Create directories required for MR test                        
==============================================================================
Create test volume, bucket and key                                    | PASS |
------------------------------------------------------------------------------
Create user dir for hadoop                                            | PASS |
------------------------------------------------------------------------------
Createmrenv :: Create directories required for MR test                | PASS |
2 tests, 2 passed, 0 failed
==============================================================================
Output:  /tmp/smoketest/hadoop33/result/robot-hadoop33-hadoop33-createmrenv-scm.xml
==============================================================================
hadoopfs-o3fs :: Test ozone fs with hadoopfs                                  
==============================================================================
Test hadoop dfs                                                       | PASS |
------------------------------------------------------------------------------
hadoopfs-o3fs :: Test ozone fs with hadoopfs                          | PASS |
1 critical test, 1 passed, 0 failed
1 test total, 1 passed, 0 failed
==============================================================================
Output:  /tmp/smoketest/hadoop33/result/robot-hadoop33-hadoop33-createmrenv-scm-1.xml
==============================================================================
mapreduce-o3fs :: Execute MR jobs                                             
==============================================================================
Execute PI calculation                                                | PASS |
------------------------------------------------------------------------------
Execute WordCount                                                     | PASS |
------------------------------------------------------------------------------
mapreduce-o3fs :: Execute MR jobs                                     | PASS |
2 critical tests, 2 passed, 0 failed
2 tests total, 2 passed, 0 failed
==============================================================================
Output:  /tmp/smoketest/hadoop33/result/robot-hadoop33-hadoop33-createmrenv-scm-2.xml
==============================================================================
hadoopfs-ofs :: Test ozone fs with hadoopfs                                   
==============================================================================
Test hadoop dfs                                                       | PASS |
------------------------------------------------------------------------------
hadoopfs-ofs :: Test ozone fs with hadoopfs                           | PASS |
1 critical test, 1 passed, 0 failed
1 test total, 1 passed, 0 failed
==============================================================================
Output:  /tmp/smoketest/hadoop33/result/robot-hadoop33-hadoop33-createmrenv-scm-3.xml
==============================================================================
mapreduce-ofs :: Execute MR jobs                                              
==============================================================================
Execute PI calculation                                                | PASS |
------------------------------------------------------------------------------
Execute WordCount                                                     | PASS |
------------------------------------------------------------------------------
mapreduce-ofs :: Execute MR jobs                                      | PASS |
2 critical tests, 2 passed, 0 failed
2 tests total, 2 passed, 0 failed
==============================================================================
Output:  /tmp/smoketest/hadoop33/result/robot-hadoop33-hadoop33-createmrenv-scm-4.xml
Log:     /home/runner/work/ozone/ozone/hadoop-ozone/dist/target/ozone-1.3.0-SNAPSHOT/compose/ozone-mr/hadoop33/result/log.html
Report:  /home/runner/work/ozone/ozone/hadoop-ozone/dist/target/ozone-1.3.0-SNAPSHOT/compose/ozone-mr/hadoop33/result/report.html
Output:  /home/runner/work/ozone/ozone/hadoop-ozone/dist/target/ozone-1.3.0-SNAPSHOT/compose/ozone-mr/result/hadoop33.xml
Log:     /home/runner/work/ozone/ozone/hadoop-ozone/dist/target/ozone-1.3.0-SNAPSHOT/compose/ozone-mr/result/log.html
Report:  /home/runner/work/ozone/ozone/hadoop-ozone/dist/target/ozone-1.3.0-SNAPSHOT/compose/ozone-mr/result/report.html
ERROR: Test execution of ozone-mr is FAILED!!!!
Output:  /home/runner/work/ozone/ozone/hadoop-ozone/dist/target/ozone-1.3.0-SNAPSHOT/compose/result/ozone-mr.xml
Executing test in ozonesecure-mr
20210419-1: Pulling from apache/ozone-testkrb5
Digest: sha256:ba7a04b9f7605b9ac64f34400f426f1e9938ad2b5be93365685097ba962ed19a
Status: Downloaded newer image for apache/ozone-testkrb5:20210419-1
SECONDS: 10

SECONDS: 67
com.google.protobuf.ServiceException: java.net.ConnectException: Call From scm/172.22.0.8 to scm:9860 failed on connection exception: java.net.ConnectException: Connection refused; For more details see: http://wiki.apache.org/hadoop/ConnectionRefused, while invoking $Proxy20.submitRequest over nodeId=scmNodeId,nodeAddress=scm/172.22.0.8:9860 after 1 failover attempts. Trying to failover after sleeping for 2000ms. com.google.protobuf.ServiceException: java.net.ConnectException: Call From scm/172.22.0.8 to scm:9860 failed on connection exception: java.net.ConnectException: Connection refused; For more details see: http://wiki.apache.org/hadoop/ConnectionRefused, while invoking $Proxy20.submitRequest over nodeId=scmNodeId,nodeAddress=scm/172.22.0.8:9860 after 2 failover attempts. Trying to failover after sleeping for 2000ms. com.google.protobuf.ServiceException: java.net.ConnectException: Call From scm/172.22.0.8 to scm:9860 failed on connection exception: java.net.ConnectException: Connection refused; For more details see: http://wiki.apache.org/hadoop/ConnectionRefused, while invoking $Proxy20.submitRequest over nodeId=scmNodeId,nodeAddress=scm/172.22.0.8:9860 after 3 failover attempts. Trying to failover after sleeping for 2000ms. com.google.protobuf.ServiceException: java.net.ConnectException: Call From scm/172.22.0.8 to scm:9860 failed on connection exception: java.net.ConnectException: Connection refused; For more details see: http://wiki.apache.org/hadoop/ConnectionRefused, while invoking $Proxy20.submitRequest over nodeId=scmNodeId,nodeAddress=scm/172.22.0.8:9860 after 4 failover attempts. Trying to failover after sleeping for 2000ms. SCM is in safe mode. validated:false, DataNodeSafeModeRule, registered datanodes (=0) >= required datanodes (=3) validated:false, HealthyPipelineSafeModeRule, healthy Ratis/THREE pipelines (=0) >= healthyPipelineThresholdCount (=1) validated:true, ContainerSafeModeRule, % of containers with at least one reported replica (=1.00) >= safeModeCutoff (=0.99) validated:true, AtleastOneDatanodeReportedRule, reported Ratis/THREE pipelines with at least one datanode (=0) >= threshold (=0)
SECONDS: 98
SCM is in safe mode. validated:true, DataNodeSafeModeRule, registered datanodes (=3) >= required datanodes (=3) validated:false, HealthyPipelineSafeModeRule, healthy Ratis/THREE pipelines (=0) >= healthyPipelineThresholdCount (=1) validated:true, ContainerSafeModeRule, % of containers with at least one reported replica (=1.00) >= safeModeCutoff (=0.99) validated:true, AtleastOneDatanodeReportedRule, reported Ratis/THREE pipelines with at least one datanode (=0) >= threshold (=0)
SECONDS: 113
SCM is out of safe mode.
Safe mode is off
No OM HA service, no need to wait
==============================================================================
Kinit :: Kinit test user                                                      
==============================================================================
Kinit                                                                 | PASS |
------------------------------------------------------------------------------
Kinit :: Kinit test user                                              | PASS |
1 test, 1 passed, 0 failed
==============================================================================
Output:  /tmp/smoketest/ozonesecure-mr/result/robot-ozonesecure-mr-ozonesecure-mr-kinit-om.xml
==============================================================================
Createmrenv :: Create directories required for MR test                        
==============================================================================
Create test volume, bucket and key                                    | PASS |
------------------------------------------------------------------------------
Create user dir for hadoop                                            | PASS |
------------------------------------------------------------------------------
Createmrenv :: Create directories required for MR test                | PASS |
2 tests, 2 passed, 0 failed
==============================================================================
Output:  /tmp/smoketest/ozonesecure-mr/result/robot-ozonesecure-mr-ozonesecure-mr-kinit-om-1.xml
CentOS-8 - AppStream                             22 MB/s | 8.4 MB     00:00    
CentOS-8 - Base                                  10 MB/s | 3.6 MB     00:00    
CentOS-8 - Extras                                13 kB/s |  10 kB     00:00    
Extra Packages for Enterprise Linux Modular 8 - 3.0 MB/s | 980 kB     00:00    
Extra Packages for Enterprise Linux 8 - x86_64   10 MB/s |  11 MB     00:01    
Package krb5-workstation-1.17-18.el8.x86_64 is already installed.
Dependencies resolved.
================================================================================
 Package                 Architecture  Version              Repository     Size
================================================================================
Upgrading:
 krb5-libs               x86_64        1.18.2-14.el8        BaseOS        840 k
 krb5-workstation        x86_64        1.18.2-14.el8        BaseOS        957 k
 libkadm5                x86_64        1.18.2-14.el8        BaseOS        187 k

Transaction Summary
================================================================================
Upgrade  3 Packages

Total download size: 1.9 M
Downloading Packages:
(1/3): libkadm5-1.18.2-14.el8.x86_64.rpm        482 kB/s | 187 kB     00:00    
(2/3): krb5-libs-1.18.2-14.el8.x86_64.rpm       1.7 MB/s | 840 kB     00:00    
(3/3): krb5-workstation-1.18.2-14.el8.x86_64.rp 1.9 MB/s | 957 kB     00:00    
--------------------------------------------------------------------------------
Total                                           3.1 MB/s | 1.9 MB     00:00     
Running transaction check
Transaction check succeeded.
Running transaction test
Transaction test succeeded.
Running transaction
  Preparing        :                                                        1/1 
  Upgrading        : krb5-libs-1.18.2-14.el8.x86_64                         1/6 
  Upgrading        : libkadm5-1.18.2-14.el8.x86_64                          2/6 
  Upgrading        : krb5-workstation-1.18.2-14.el8.x86_64                  3/6 
  Cleanup          : krb5-workstation-1.17-18.el8.x86_64                    4/6 
  Cleanup          : libkadm5-1.17-18.el8.x86_64                            5/6 
  Cleanup          : krb5-libs-1.17-18.el8.x86_64                           6/6 
  Running scriptlet: krb5-libs-1.17-18.el8.x86_64                           6/6 
  Verifying        : krb5-libs-1.18.2-14.el8.x86_64                         1/6 
  Verifying        : krb5-libs-1.17-18.el8.x86_64                           2/6 
  Verifying        : krb5-workstation-1.18.2-14.el8.x86_64                  3/6 
  Verifying        : krb5-workstation-1.17-18.el8.x86_64                    4/6 
  Verifying        : libkadm5-1.18.2-14.el8.x86_64                          5/6 
  Verifying        : libkadm5-1.17-18.el8.x86_64                            6/6 

Upgraded:
  krb5-libs-1.18.2-14.el8.x86_64      krb5-workstation-1.18.2-14.el8.x86_64     
  libkadm5-1.18.2-14.el8.x86_64      

Complete!
==============================================================================
Kinit-Hadoop :: Kinit test user                                               
==============================================================================
Kinit                                                                 | PASS |
------------------------------------------------------------------------------
Kinit-Hadoop :: Kinit test user                                       | PASS |
1 critical test, 1 passed, 0 failed
1 test total, 1 passed, 0 failed
==============================================================================
Output:  /tmp/smoketest/ozonesecure-mr/result/robot-ozonesecure-mr-ozonesecure-mr-kinit-om-2.xml
==============================================================================
hadoopfs-o3fs :: Test ozone fs with hadoopfs                                  
==============================================================================
Test hadoop dfs                                                       | PASS |
------------------------------------------------------------------------------
hadoopfs-o3fs :: Test ozone fs with hadoopfs                          | PASS |
1 critical test, 1 passed, 0 failed
1 test total, 1 passed, 0 failed
==============================================================================
Output:  /tmp/smoketest/ozonesecure-mr/result/robot-ozonesecure-mr-ozonesecure-mr-kinit-om-3.xml
==============================================================================
mapreduce-o3fs :: Execute MR jobs                                             
==============================================================================
Execute PI calculation                                                | PASS |
------------------------------------------------------------------------------
Execute WordCount                                                     | PASS |
------------------------------------------------------------------------------
mapreduce-o3fs :: Execute MR jobs                                     | PASS |
2 critical tests, 2 passed, 0 failed
2 tests total, 2 passed, 0 failed
==============================================================================
Output:  /tmp/smoketest/ozonesecure-mr/result/robot-ozonesecure-mr-ozonesecure-mr-kinit-om-4.xml
==============================================================================
hadoopfs-ofs :: Test ozone fs with hadoopfs                                   
==============================================================================
Test hadoop dfs                                                       | PASS |
------------------------------------------------------------------------------
hadoopfs-ofs :: Test ozone fs with hadoopfs                           | PASS |
1 critical test, 1 passed, 0 failed
1 test total, 1 passed, 0 failed
==============================================================================
Output:  /tmp/smoketest/ozonesecure-mr/result/robot-ozonesecure-mr-ozonesecure-mr-kinit-om-5.xml
==============================================================================
mapreduce-ofs :: Execute MR jobs                                              
==============================================================================
Execute PI calculation                                                | PASS |
------------------------------------------------------------------------------
Execute WordCount                                                     | PASS |
------------------------------------------------------------------------------
mapreduce-ofs :: Execute MR jobs                                      | PASS |
2 critical tests, 2 passed, 0 failed
2 tests total, 2 passed, 0 failed
==============================================================================
Output:  /tmp/smoketest/ozonesecure-mr/result/robot-ozonesecure-mr-ozonesecure-mr-kinit-om-6.xml
Log:     /home/runner/work/ozone/ozone/hadoop-ozone/dist/target/ozone-1.3.0-SNAPSHOT/compose/ozonesecure-mr/result/log.html
Report:  /home/runner/work/ozone/ozone/hadoop-ozone/dist/target/ozone-1.3.0-SNAPSHOT/compose/ozonesecure-mr/result/report.html
Output:  /home/runner/work/ozone/ozone/hadoop-ozone/dist/target/ozone-1.3.0-SNAPSHOT/compose/result/ozonesecure-mr.xml
Log:     /home/runner/work/ozone/ozone/hadoop-ozone/dist/target/ozone-1.3.0-SNAPSHOT/compose/result/log.html
Report:  /home/runner/work/ozone/ozone/hadoop-ozone/dist/target/ozone-1.3.0-SNAPSHOT/compose/result/report.html
