[INFO] Scanning for projects...
[INFO] ------------------------------------------------------------------------
[INFO] Detecting the operating system and CPU architecture
[INFO] ------------------------------------------------------------------------
[INFO] os.detected.name: linux
[INFO] os.detected.arch: x86_64
[INFO] os.detected.version: 5.4
[INFO] os.detected.version.major: 5
[INFO] os.detected.version.minor: 4
[INFO] os.detected.release: ubuntu
[INFO] os.detected.release.version: 18.04
[INFO] os.detected.release.like.ubuntu: true
[INFO] os.detected.release.like.debian: true
[INFO] os.detected.classifier: linux-x86_64
[INFO] ------------------------------------------------------------------------
[INFO] Reactor Build Order:
[INFO] 
[INFO] Apache Ozone Integration Tests                                     [jar]
[INFO] Apache Ozone Mini Ozone Chaos Tests                                [jar]
[INFO] 
[INFO] --------------< org.apache.ozone:ozone-integration-test >---------------
[INFO] Building Apache Ozone Integration Tests 1.3.0-SNAPSHOT             [1/2]
[INFO] --------------------------------[ jar ]---------------------------------
[INFO] 
[INFO] --- maven-antrun-plugin:1.3:run (create-testdirs) @ ozone-integration-test ---
[INFO] Executing tasks
[INFO] Executed tasks
[INFO] 
[INFO] --- jacoco-maven-plugin:0.8.5:prepare-agent (default-prepare-agent) @ ozone-integration-test ---
[INFO] argLine set to -javaagent:/home/runner/.m2/repository/org/jacoco/org.jacoco.agent/0.8.5/org.jacoco.agent-0.8.5-runtime.jar=destfile=/home/runner/work/ozone/ozone/hadoop-ozone/integration-test/target/jacoco.exec,includes=org.apache.hadoop.hdds.*:org.apache.hadoop.ozone.*:org.apache.hadoop.fs.ozone.*
[INFO] 
[INFO] --- maven-remote-resources-plugin:1.5:process (default) @ ozone-integration-test ---
[INFO] 
[INFO] --- maven-resources-plugin:3.1.0:resources (default-resources) @ ozone-integration-test ---
[INFO] Using 'UTF-8' encoding to copy filtered resources.
[INFO] skip non existing resourceDirectory /home/runner/work/ozone/ozone/hadoop-ozone/integration-test/src/main/resources
[INFO] Copying 2 resources
[INFO] 
[INFO] --- maven-compiler-plugin:3.1:compile (default-compile) @ ozone-integration-test ---
[INFO] No sources to compile
[INFO] 
[INFO] --- maven-resources-plugin:3.1.0:testResources (default-testResources) @ ozone-integration-test ---
[INFO] Using 'UTF-8' encoding to copy filtered resources.
[INFO] Copying 21 resources
[INFO] Copying 2 resources
[INFO] 
[INFO] --- maven-compiler-plugin:3.1:testCompile (default-testCompile) @ ozone-integration-test ---
[INFO] Compiling 11 source files to /home/runner/work/ozone/ozone/hadoop-ozone/integration-test/target/test-classes
[INFO] 
[INFO] --- maven-surefire-plugin:3.0.0-M5:test (default-test) @ ozone-integration-test ---
[INFO] 
[INFO] -------------------------------------------------------
[INFO]  T E S T S
[INFO] -------------------------------------------------------
[INFO] Running org.apache.hadoop.fs.ozone.TestOzoneFSInputStream
[INFO] Tests run: 3, Failures: 0, Errors: 0, Skipped: 0, Time elapsed: 67.716 s - in org.apache.hadoop.fs.ozone.TestOzoneFSInputStream
[INFO] Running org.apache.hadoop.fs.ozone.TestOzoneFileInterfaces
[WARNING] Tests run: 20, Failures: 0, Errors: 0, Skipped: 2, Time elapsed: 132.072 s - in org.apache.hadoop.fs.ozone.TestOzoneFileInterfaces
[INFO] Running org.apache.hadoop.fs.ozone.contract.ITestOzoneContractRootDir
[INFO] Tests run: 18, Failures: 0, Errors: 0, Skipped: 0, Time elapsed: 124.126 s - in org.apache.hadoop.fs.ozone.contract.ITestOzoneContractRootDir
[INFO] Running org.apache.hadoop.fs.ozone.contract.ITestOzoneContractUnbuffer
[INFO] Tests run: 6, Failures: 0, Errors: 0, Skipped: 0, Time elapsed: 63.127 s - in org.apache.hadoop.fs.ozone.contract.ITestOzoneContractUnbuffer
[INFO] Running org.apache.hadoop.fs.ozone.contract.ITestOzoneContractMkdir
[INFO] Tests run: 16, Failures: 0, Errors: 0, Skipped: 0, Time elapsed: 127.039 s - in org.apache.hadoop.fs.ozone.contract.ITestOzoneContractMkdir
[INFO] Running org.apache.hadoop.fs.ozone.contract.ITestOzoneContractOpen
[INFO] Tests run: 34, Failures: 0, Errors: 0, Skipped: 0, Time elapsed: 127.663 s - in org.apache.hadoop.fs.ozone.contract.ITestOzoneContractOpen
[INFO] Running org.apache.hadoop.fs.ozone.contract.ITestOzoneContractDelete
[INFO] Tests run: 16, Failures: 0, Errors: 0, Skipped: 0, Time elapsed: 129.33 s - in org.apache.hadoop.fs.ozone.contract.ITestOzoneContractDelete
[INFO] Running org.apache.hadoop.fs.ozone.contract.ITestOzoneContractCreate
[WARNING] Tests run: 32, Failures: 0, Errors: 0, Skipped: 4, Time elapsed: 135.052 s - in org.apache.hadoop.fs.ozone.contract.ITestOzoneContractCreate
[INFO] Running org.apache.hadoop.fs.ozone.contract.rooted.ITestRootedOzoneContractRename
[INFO] Tests run: 10, Failures: 0, Errors: 0, Skipped: 0, Time elapsed: 63.706 s - in org.apache.hadoop.fs.ozone.contract.rooted.ITestRootedOzoneContractRename
[INFO] Running org.apache.hadoop.fs.ozone.contract.rooted.ITestRootedOzoneContractSeek
[INFO] Tests run: 18, Failures: 0, Errors: 0, Skipped: 0, Time elapsed: 68.491 s - in org.apache.hadoop.fs.ozone.contract.rooted.ITestRootedOzoneContractSeek
[INFO] Running org.apache.hadoop.fs.ozone.contract.rooted.ITestRootedOzoneContractGetFileStatus
[INFO] Tests run: 20, Failures: 0, Errors: 0, Skipped: 0, Time elapsed: 68.825 s - in org.apache.hadoop.fs.ozone.contract.rooted.ITestRootedOzoneContractGetFileStatus
[INFO] Running org.apache.hadoop.fs.ozone.contract.rooted.ITestRootedOzoneContractDistCp
[INFO] Tests run: 10, Failures: 0, Errors: 0, Skipped: 0, Time elapsed: 146.717 s - in org.apache.hadoop.fs.ozone.contract.rooted.ITestRootedOzoneContractDistCp
[INFO] Running org.apache.hadoop.fs.ozone.contract.rooted.ITestRootedOzoneContractRootDir
[INFO] Tests run: 9, Failures: 0, Errors: 0, Skipped: 0, Time elapsed: 61.932 s - in org.apache.hadoop.fs.ozone.contract.rooted.ITestRootedOzoneContractRootDir
[INFO] Running org.apache.hadoop.fs.ozone.contract.rooted.ITestRootedOzoneContractMkdir
[INFO] Tests run: 8, Failures: 0, Errors: 0, Skipped: 0, Time elapsed: 68.992 s - in org.apache.hadoop.fs.ozone.contract.rooted.ITestRootedOzoneContractMkdir
[INFO] Running org.apache.hadoop.fs.ozone.contract.rooted.ITestRootedOzoneContractOpen
[INFO] Tests run: 17, Failures: 0, Errors: 0, Skipped: 0, Time elapsed: 62.79 s - in org.apache.hadoop.fs.ozone.contract.rooted.ITestRootedOzoneContractOpen
[INFO] Running org.apache.hadoop.fs.ozone.contract.rooted.ITestRootedOzoneContractCreate
[WARNING] Tests run: 16, Failures: 0, Errors: 0, Skipped: 2, Time elapsed: 73.469 s - in org.apache.hadoop.fs.ozone.contract.rooted.ITestRootedOzoneContractCreate
[INFO] Running org.apache.hadoop.fs.ozone.contract.rooted.ITestRootedOzoneContractUnbuffer
[INFO] Tests run: 6, Failures: 0, Errors: 0, Skipped: 0, Time elapsed: 65.45 s - in org.apache.hadoop.fs.ozone.contract.rooted.ITestRootedOzoneContractUnbuffer
[INFO] Running org.apache.hadoop.fs.ozone.contract.rooted.ITestRootedOzoneContractDelete
[INFO] Tests run: 8, Failures: 0, Errors: 0, Skipped: 0, Time elapsed: 62.13 s - in org.apache.hadoop.fs.ozone.contract.rooted.ITestRootedOzoneContractDelete
[INFO] Running org.apache.hadoop.fs.ozone.contract.ITestOzoneContractDistCp
[INFO] Tests run: 10, Failures: 0, Errors: 0, Skipped: 0, Time elapsed: 140.209 s - in org.apache.hadoop.fs.ozone.contract.ITestOzoneContractDistCp
[INFO] Running org.apache.hadoop.fs.ozone.contract.ITestOzoneContractRename
[INFO] Tests run: 20, Failures: 0, Errors: 0, Skipped: 0, Time elapsed: 138.351 s - in org.apache.hadoop.fs.ozone.contract.ITestOzoneContractRename
[INFO] Running org.apache.hadoop.fs.ozone.contract.ITestOzoneContractSeek
[INFO] Tests run: 18, Failures: 0, Errors: 0, Skipped: 0, Time elapsed: 65.644 s - in org.apache.hadoop.fs.ozone.contract.ITestOzoneContractSeek
[INFO] Running org.apache.hadoop.fs.ozone.contract.ITestOzoneContractDistCpWithFSO
[INFO] Tests run: 10, Failures: 0, Errors: 0, Skipped: 0, Time elapsed: 143.592 s - in org.apache.hadoop.fs.ozone.contract.ITestOzoneContractDistCpWithFSO
[INFO] Running org.apache.hadoop.fs.ozone.contract.ITestOzoneContractGetFileStatus
[INFO] Tests run: 40, Failures: 0, Errors: 0, Skipped: 0, Time elapsed: 133.446 s - in org.apache.hadoop.fs.ozone.contract.ITestOzoneContractGetFileStatus
[INFO] Running org.apache.hadoop.fs.ozone.TestRootedOzoneFileSystem
[WARNING] Tests run: 165, Failures: 0, Errors: 0, Skipped: 14, Time elapsed: 433.542 s - in org.apache.hadoop.fs.ozone.TestRootedOzoneFileSystem
[INFO] Running org.apache.hadoop.fs.ozone.TestDirectoryDeletingServiceWithFSO
[INFO] Tests run: 4, Failures: 0, Errors: 0, Skipped: 0, Time elapsed: 85.995 s - in org.apache.hadoop.fs.ozone.TestDirectoryDeletingServiceWithFSO
[INFO] Running org.apache.hadoop.fs.ozone.TestOzoneFileInterfacesWithFSO
[WARNING] Tests run: 20, Failures: 0, Errors: 0, Skipped: 12, Time elapsed: 100.278 s - in org.apache.hadoop.fs.ozone.TestOzoneFileInterfacesWithFSO
[INFO] Running org.apache.hadoop.fs.ozone.TestOzoneFileSystemWithLinks
[INFO] Tests run: 1, Failures: 0, Errors: 0, Skipped: 0, Time elapsed: 65.632 s - in org.apache.hadoop.fs.ozone.TestOzoneFileSystemWithLinks
[INFO] Running org.apache.hadoop.fs.ozone.TestOzoneFileSystemWithFSO
[WARNING] Tests run: 76, Failures: 0, Errors: 0, Skipped: 10, Time elapsed: 129.465 s - in org.apache.hadoop.fs.ozone.TestOzoneFileSystemWithFSO
[INFO] Running org.apache.hadoop.fs.ozone.TestOzoneFileSystemMetrics
[INFO] Tests run: 3, Failures: 0, Errors: 0, Skipped: 0, Time elapsed: 56.774 s - in org.apache.hadoop.fs.ozone.TestOzoneFileSystemMetrics
[INFO] Running org.apache.hadoop.fs.ozone.TestOzoneFSWithObjectStoreCreate
[INFO] Tests run: 6, Failures: 0, Errors: 0, Skipped: 0, Time elapsed: 58.249 s - in org.apache.hadoop.fs.ozone.TestOzoneFSWithObjectStoreCreate
[INFO] Running org.apache.hadoop.fs.ozone.TestRootedDDSWithFSO
[INFO] Tests run: 1, Failures: 0, Errors: 0, Skipped: 0, Time elapsed: 61.254 s - in org.apache.hadoop.fs.ozone.TestRootedDDSWithFSO
[INFO] Running org.apache.hadoop.fs.ozone.TestOzoneFileSystem
[INFO] Tests run: 136, Failures: 0, Errors: 0, Skipped: 0, Time elapsed: 309.047 s - in org.apache.hadoop.fs.ozone.TestOzoneFileSystem
[INFO] Running org.apache.hadoop.fs.ozone.TestOzoneFileSystemMissingParent
[INFO] Tests run: 2, Failures: 0, Errors: 0, Skipped: 0, Time elapsed: 51.842 s - in org.apache.hadoop.fs.ozone.TestOzoneFileSystemMissingParent
[INFO] Running org.apache.hadoop.fs.ozone.TestOzoneFileSystemPrefixParser
[INFO] Tests run: 1, Failures: 0, Errors: 0, Skipped: 0, Time elapsed: 50.894 s - in org.apache.hadoop.fs.ozone.TestOzoneFileSystemPrefixParser
[INFO] Running org.apache.hadoop.fs.ozone.TestOzoneFsHAURLs
[INFO] Tests run: 2, Failures: 0, Errors: 0, Skipped: 0, Time elapsed: 73.47 s - in org.apache.hadoop.fs.ozone.TestOzoneFsHAURLs
[INFO] Running org.apache.hadoop.fs.ozone.TestRootedOzoneFileSystemWithFSO
[ERROR] Tests run: 68, Failures: 1, Errors: 0, Skipped: 18, Time elapsed: 157.788 s <<< FAILURE! - in org.apache.hadoop.fs.ozone.TestRootedOzoneFileSystemWithFSO
[ERROR] TestRootedOzoneFileSystemWithFSO.testRenameToTrashEnabled  Time elapsed: 0.139 s  <<< FAILURE!
java.lang.AssertionError
	at org.junit.Assert.fail(Assert.java:87)
	at org.junit.Assert.assertTrue(Assert.java:42)
	at org.junit.Assert.assertTrue(Assert.java:53)
	at org.apache.hadoop.fs.ozone.TestRootedOzoneFileSystem.testRenameToTrashEnabled(TestRootedOzoneFileSystem.java:1282)
	at sun.reflect.NativeMethodAccessorImpl.invoke0(Native Method)
	at sun.reflect.NativeMethodAccessorImpl.invoke(NativeMethodAccessorImpl.java:62)
	at sun.reflect.DelegatingMethodAccessorImpl.invoke(DelegatingMethodAccessorImpl.java:43)
	at java.lang.reflect.Method.invoke(Method.java:498)
	at org.junit.runners.model.FrameworkMethod$1.runReflectiveCall(FrameworkMethod.java:59)
	at org.junit.internal.runners.model.ReflectiveCallable.run(ReflectiveCallable.java:12)
	at org.junit.runners.model.FrameworkMethod.invokeExplosively(FrameworkMethod.java:56)
	at org.junit.internal.runners.statements.InvokeMethod.evaluate(InvokeMethod.java:17)
	at org.junit.internal.runners.statements.RunBefores.evaluate(RunBefores.java:26)
	at org.junit.internal.runners.statements.RunAfters.evaluate(RunAfters.java:27)
	at org.junit.internal.runners.statements.FailOnTimeout$CallableStatement.call(FailOnTimeout.java:288)
	at org.junit.internal.runners.statements.FailOnTimeout$CallableStatement.call(FailOnTimeout.java:282)
	at java.util.concurrent.FutureTask.run(FutureTask.java:266)
	at java.lang.Thread.run(Thread.java:750)

[INFO] Running org.apache.hadoop.hdds.scm.container.metrics.TestSCMContainerManagerMetrics
[INFO] Tests run: 2, Failures: 0, Errors: 0, Skipped: 0, Time elapsed: 66.674 s - in org.apache.hadoop.hdds.scm.container.metrics.TestSCMContainerManagerMetrics
[INFO] Running org.apache.hadoop.hdds.scm.container.TestContainerStateManagerIntegration
[INFO] Tests run: 6, Failures: 0, Errors: 0, Skipped: 0, Time elapsed: 350.001 s - in org.apache.hadoop.hdds.scm.container.TestContainerStateManagerIntegration
[INFO] Running org.apache.hadoop.hdds.scm.TestSCMDbCheckpointServlet
[INFO] Tests run: 1, Failures: 0, Errors: 0, Skipped: 0, Time elapsed: 50.954 s - in org.apache.hadoop.hdds.scm.TestSCMDbCheckpointServlet
[INFO] Running org.apache.hadoop.hdds.scm.TestSCMSnapshot
[INFO] Tests run: 1, Failures: 0, Errors: 0, Skipped: 0, Time elapsed: 52.403 s - in org.apache.hadoop.hdds.scm.TestSCMSnapshot
[INFO] Running org.apache.hadoop.hdds.scm.TestSCMInstallSnapshot
[INFO] Tests run: 1, Failures: 0, Errors: 0, Skipped: 0, Time elapsed: 60.402 s - in org.apache.hadoop.hdds.scm.TestSCMInstallSnapshot
[INFO] Running org.apache.hadoop.hdds.scm.pipeline.TestMultiRaftSetup
[INFO] Tests run: 3, Failures: 0, Errors: 0, Skipped: 0, Time elapsed: 191.453 s - in org.apache.hadoop.hdds.scm.pipeline.TestMultiRaftSetup
[INFO] Running org.apache.hadoop.hdds.scm.pipeline.TestNodeFailure
[INFO] Tests run: 1, Failures: 0, Errors: 0, Skipped: 0, Time elapsed: 85.627 s - in org.apache.hadoop.hdds.scm.pipeline.TestNodeFailure
[INFO] Running org.apache.hadoop.hdds.scm.pipeline.TestNode2PipelineMap
[INFO] Tests run: 1, Failures: 0, Errors: 0, Skipped: 0, Time elapsed: 59.713 s - in org.apache.hadoop.hdds.scm.pipeline.TestNode2PipelineMap
[INFO] Running org.apache.hadoop.hdds.scm.pipeline.TestPipelineClose
[INFO] Tests run: 3, Failures: 0, Errors: 0, Skipped: 0, Time elapsed: 156.741 s - in org.apache.hadoop.hdds.scm.pipeline.TestPipelineClose
[INFO] Running org.apache.hadoop.hdds.scm.pipeline.TestSCMRestart
[INFO] Tests run: 1, Failures: 0, Errors: 0, Skipped: 0, Time elapsed: 103.477 s - in org.apache.hadoop.hdds.scm.pipeline.TestSCMRestart
[INFO] 
[INFO] Results:
[INFO] 
[ERROR] Failures: 
[ERROR] TestRootedOzoneFileSystemWithFSO.testRenameToTrashEnabled
[ERROR]   Run 1: null
[INFO]   Run 2: PASS
[INFO] 
[INFO] 
[ERROR] Tests run: 833, Failures: 1, Errors: 0, Skipped: 26
[INFO] 
[INFO] 
[INFO] ------------------------------------------------------------------------
[INFO] Skipping Apache Ozone Mini Ozone Chaos Tests
[INFO] This project has been banned from the build due to previous failures.
[INFO] ------------------------------------------------------------------------
[INFO] ------------------------------------------------------------------------
[INFO] Reactor Summary for Apache Ozone Integration Tests 1.3.0-SNAPSHOT:
[INFO] 
[INFO] Apache Ozone Integration Tests ..................... FAILURE [  01:26 h]
[INFO] Apache Ozone Mini Ozone Chaos Tests ................ SKIPPED
[INFO] ------------------------------------------------------------------------
[INFO] BUILD FAILURE
[INFO] ------------------------------------------------------------------------
[INFO] Total time:  01:26 h
[INFO] Finished at: 2022-04-23T14:15:30Z
[INFO] ------------------------------------------------------------------------
[ERROR] Failed to execute goal org.apache.maven.plugins:maven-surefire-plugin:3.0.0-M5:test (default-test) on project ozone-integration-test: There are test failures.
[ERROR] 
[ERROR] Please refer to /home/runner/work/ozone/ozone/hadoop-ozone/integration-test/target/surefire-reports for the individual test results.
[ERROR] Please refer to dump files (if any exist) [date].dump, [date]-jvmRun[N].dump and [date].dumpstream.
[ERROR] -> [Help 1]
[ERROR] 
[ERROR] To see the full stack trace of the errors, re-run Maven with the -e switch.
[ERROR] Re-run Maven using the -X switch to enable full debug logging.
[ERROR] 
[ERROR] For more information about the errors and possible solutions, please read the following articles:
[ERROR] [Help 1] http://cwiki.apache.org/confluence/display/MAVEN/MojoFailureException
