No '-XX:...' jvm parameters are set. Adding safer GC settings '-XX:ParallelGCThreads=8 -XX:+UseConcMarkSweepGC -XX:CMSInitiatingOccupancyFraction=70 -XX:+CMSParallelRemarkEnabled' to the OZONE_OPTS
OpenJDK 64-Bit Server VM warning: Option UseConcMarkSweepGC was deprecated in version 9.0 and will likely be removed in a future release.
2022-07-27 18:24:35 INFO  HddsDatanodeService:112 - STARTUP_MSG: 
/************************************************************
STARTUP_MSG: Starting HddsDatanodeService
STARTUP_MSG:   host = datanode-0/10.42.0.41
STARTUP_MSG:   args = []
STARTUP_MSG:   version = 1.3.0-SNAPSHOT
STARTUP_MSG:   classpath = /etc/hadoop:/opt/hadoop/share/ozone/lib/kerb-simplekdc-1.0.1.jar:/opt/hadoop/share/ozone/lib/slf4j-log4j12-1.7.30.jar:/opt/hadoop/share/ozone/lib/protobuf-java-2.5.0.jar:/opt/hadoop/share/ozone/lib/jaxb-core-2.3.0.1.jar:/opt/hadoop/share/ozone/lib/netty-handler-4.1.79.Final.jar:/opt/hadoop/share/ozone/lib/istack-commons-runtime-3.0.5.jar:/opt/hadoop/share/ozone/lib/commons-validator-1.6.jar:/opt/hadoop/share/ozone/lib/bcpkix-jdk15on-1.67.jar:/opt/hadoop/share/ozone/lib/hdds-interface-admin-1.3.0-SNAPSHOT.jar:/opt/hadoop/share/ozone/lib/jackson-annotations-2.13.2.jar:/opt/hadoop/share/ozone/lib/jetty-security-9.4.43.v20210629.jar:/opt/hadoop/share/ozone/lib/kerb-core-1.0.1.jar:/opt/hadoop/share/ozone/lib/hadoop-shaded-protobuf_3_7-1.1.1.jar:/opt/hadoop/share/ozone/lib/netty-common-4.1.79.Final.jar:/opt/hadoop/share/ozone/lib/ozone-annotation-processing-1.3.0-SNAPSHOT.jar:/opt/hadoop/share/ozone/lib/hdds-container-service-1.3.0-SNAPSHOT.jar:/opt/hadoop/share/ozone/lib/okhttp-4.9.0.jar:/opt/hadoop/share/ozone/lib/jsr305-3.0.0.jar:/opt/hadoop/share/ozone/lib/j2objc-annotations-1.3.jar:/opt/hadoop/share/ozone/lib/htrace-core4-4.1.0-incubating.jar:/opt/hadoop/share/ozone/lib/picocli-4.6.1.jar:/opt/hadoop/share/ozone/lib/jackson-datatype-jsr310-2.13.2.jar:/opt/hadoop/share/ozone/lib/javassist-3.21.0-GA.jar:/opt/hadoop/share/ozone/lib/jaxb-api-2.3.0.jar:/opt/hadoop/share/ozone/lib/kerb-util-1.0.1.jar:/opt/hadoop/share/ozone/lib/hadoop-shaded-guava-1.1.1.jar:/opt/hadoop/share/ozone/lib/ratis-metrics-2.3.0.jar:/opt/hadoop/share/ozone/lib/kotlin-stdlib-1.6.21.jar:/opt/hadoop/share/ozone/lib/log4j-core-2.17.1.jar:/opt/hadoop/share/ozone/lib/commons-logging-1.2.jar:/opt/hadoop/share/ozone/lib/accessors-smart-2.4.7.jar:/opt/hadoop/share/ozone/lib/kerby-xdr-1.0.1.jar:/opt/hadoop/share/ozone/lib/txw2-2.3.0.1.jar:/opt/hadoop/share/ozone/lib/httpcore-4.4.13.jar:/opt/hadoop/share/ozone/lib/guava-31.1-jre.jar:/opt/hadoop/share/ozone/lib/opentracing-tracerresolver-0.1.8.jar:/opt/hadoop/share/ozone/lib/commons-net-3.6.jar:/opt/hadoop/share/ozone/lib/netty-transport-4.1.79.Final.jar:/opt/hadoop/share/ozone/lib/rocksdbjni-6.29.5.jar:/opt/hadoop/share/ozone/lib/libthrift-0.14.1.jar:/opt/hadoop/share/ozone/lib/snakeyaml-1.26.jar:/opt/hadoop/share/ozone/lib/stax-ex-1.7.8.jar:/opt/hadoop/share/ozone/lib/httpclient-4.5.13.jar:/opt/hadoop/share/ozone/lib/jetty-servlet-9.4.43.v20210629.jar:/opt/hadoop/share/ozone/lib/kerby-config-1.0.1.jar:/opt/hadoop/share/ozone/lib/ratis-common-2.3.0.jar:/opt/hadoop/share/ozone/lib/jaeger-client-1.6.0.jar:/opt/hadoop/share/ozone/lib/commons-io-2.11.0.jar:/opt/hadoop/share/ozone/lib/metrics-core-3.2.4.jar:/opt/hadoop/share/ozone/lib/kerby-pkix-1.0.1.jar:/opt/hadoop/share/ozone/lib/activation-1.1.1.jar:/opt/hadoop/share/ozone/lib/json-smart-2.4.7.jar:/opt/hadoop/share/ozone/lib/hdds-interface-client-1.3.0-SNAPSHOT.jar:/opt/hadoop/share/ozone/lib/jsr311-api-1.1.1.jar:/opt/hadoop/share/ozone/lib/ratis-grpc-2.3.0.jar:/opt/hadoop/share/ozone/lib/jetty-webapp-9.4.43.v20210629.jar:/opt/hadoop/share/ozone/lib/commons-beanutils-1.9.4.jar:/opt/hadoop/share/ozone/lib/jackson-core-2.13.2.jar:/opt/hadoop/share/ozone/lib/hdds-server-framework-1.3.0-SNAPSHOT.jar:/opt/hadoop/share/ozone/lib/javax.servlet-api-3.1.0.jar:/opt/hadoop/share/ozone/lib/kerb-server-1.0.1.jar:/opt/hadoop/share/ozone/lib/hdds-common-1.3.0-SNAPSHOT.jar:/opt/hadoop/share/ozone/lib/kerb-client-1.0.1.jar:/opt/hadoop/share/ozone/lib/disruptor-3.4.2.jar:/opt/hadoop/share/ozone/lib/gson-2.9.0.jar:/opt/hadoop/share/ozone/lib/reflections-0.9.11.jar:/opt/hadoop/share/ozone/lib/hdds-erasurecode-1.3.0-SNAPSHOT.jar:/opt/hadoop/share/ozone/lib/jetty-io-9.4.43.v20210629.jar:/opt/hadoop/share/ozone/lib/hdds-interface-server-1.3.0-SNAPSHOT.jar:/opt/hadoop/share/ozone/lib/hadoop-hdfs-3.3.1.jar:/opt/hadoop/share/ozone/lib/ratis-proto-2.3.0.jar:/opt/hadoop/share/ozone/lib/annotations-13.0.jar:/opt/hadoop/share/ozone/lib/jetty-server-9.4.43.v20210629.jar:/opt/hadoop/share/ozone/lib/simpleclient_common-0.7.0.jar:/opt/hadoop/share/ozone/lib/hadoop-common-3.3.1.jar:/opt/hadoop/share/ozone/lib/dnsjava-2.1.7.jar:/opt/hadoop/share/ozone/lib/jaeger-thrift-1.6.0.jar:/opt/hadoop/share/ozone/lib/bcprov-jdk15on-1.67.jar:/opt/hadoop/share/ozone/lib/commons-configuration2-2.1.1.jar:/opt/hadoop/share/ozone/lib/token-provider-1.0.1.jar:/opt/hadoop/share/ozone/lib/log4j-1.2.17.jar:/opt/hadoop/share/ozone/lib/commons-daemon-1.0.13.jar:/opt/hadoop/share/ozone/lib/listenablefuture-9999.0-empty-to-avoid-conflict-with-guava.jar:/opt/hadoop/share/ozone/lib/netty-buffer-4.1.79.Final.jar:/opt/hadoop/share/ozone/lib/jetty-xml-9.4.43.v20210629.jar:/opt/hadoop/share/ozone/lib/jaeger-tracerresolver-1.6.0.jar:/opt/hadoop/share/ozone/lib/commons-lang3-3.7.jar:/opt/hadoop/share/ozone/lib/ratis-netty-2.3.0.jar:/opt/hadoop/share/ozone/lib/re2j-1.1.jar:/opt/hadoop/share/ozone/lib/commons-math3-3.1.1.jar:/opt/hadoop/share/ozone/lib/jackson-databind-2.13.2.2.jar:/opt/hadoop/share/ozone/lib/simpleclient_dropwizard-0.7.0.jar:/opt/hadoop/share/ozone/lib/simpleclient-0.7.0.jar:/opt/hadoop/share/ozone/lib/asm-5.0.4.jar:/opt/hadoop/share/ozone/lib/kerby-util-1.0.1.jar:/opt/hadoop/share/ozone/lib/netty-codec-4.1.79.Final.jar:/opt/hadoop/share/ozone/lib/failureaccess-1.0.1.jar:/opt/hadoop/share/ozone/lib/okio-2.8.0.jar:/opt/hadoop/share/ozone/lib/hdds-config-1.3.0-SNAPSHOT.jar:/opt/hadoop/share/ozone/lib/jsp-api-2.1.jar:/opt/hadoop/share/ozone/lib/jetty-http-9.4.43.v20210629.jar:/opt/hadoop/share/ozone/lib/jsch-0.1.54.jar:/opt/hadoop/share/ozone/lib/jakarta.activation-api-1.2.1.jar:/opt/hadoop/share/ozone/lib/slf4j-api-1.7.30.jar:/opt/hadoop/share/ozone/lib/hadoop-hdfs-client-3.3.1.jar:/opt/hadoop/share/ozone/lib/nimbus-jose-jwt-7.9.jar:/opt/hadoop/share/ozone/lib/commons-codec-1.11.jar:/opt/hadoop/share/ozone/lib/commons-pool2-2.6.0.jar:/opt/hadoop/share/ozone/lib/netty-resolver-4.1.79.Final.jar:/opt/hadoop/share/ozone/lib/jetty-util-9.4.43.v20210629.jar:/opt/hadoop/share/ozone/lib/jetty-util-ajax-9.4.43.v20210629.jar:/opt/hadoop/share/ozone/lib/opentracing-api-0.33.0.jar:/opt/hadoop/share/ozone/lib/jcip-annotations-1.0-1.jar:/opt/hadoop/share/ozone/lib/kerb-admin-1.0.1.jar:/opt/hadoop/share/ozone/lib/ratis-thirdparty-misc-1.0.0.jar:/opt/hadoop/share/ozone/lib/kotlin-stdlib-common-1.6.21.jar:/opt/hadoop/share/ozone/lib/opentracing-noop-0.33.0.jar:/opt/hadoop/share/ozone/lib/netty-transport-native-unix-common-4.1.79.Final.jar:/opt/hadoop/share/ozone/lib/jersey-core-1.19.jar:/opt/hadoop/share/ozone/lib/commons-compress-1.21.jar:/opt/hadoop/share/ozone/lib/jaxb-runtime-2.3.0.1.jar:/opt/hadoop/share/ozone/lib/ratis-server-api-2.3.0.jar:/opt/hadoop/share/ozone/lib/opentracing-util-0.33.0.jar:/opt/hadoop/share/ozone/lib/hdds-client-1.3.0-SNAPSHOT.jar:/opt/hadoop/share/ozone/lib/snappy-java-1.1.8.2.jar:/opt/hadoop/share/ozone/lib/hdds-hadoop-dependency-client-1.3.0-SNAPSHOT.jar:/opt/hadoop/share/ozone/lib/commons-cli-1.2.jar:/opt/hadoop/share/ozone/lib/woodstox-core-5.0.3.jar:/opt/hadoop/share/ozone/lib/ratis-server-2.3.0.jar:/opt/hadoop/share/ozone/lib/log4j-api-2.17.1.jar:/opt/hadoop/share/ozone/lib/javax.annotation-api-1.2.jar:/opt/hadoop/share/ozone/lib/kerby-asn1-1.0.1.jar:/opt/hadoop/share/ozone/lib/hadoop-annotations-3.3.1.jar:/opt/hadoop/share/ozone/lib/checker-qual-3.12.0.jar:/opt/hadoop/share/ozone/lib/stax2-api-3.1.4.jar:/opt/hadoop/share/ozone/lib/commons-collections-3.2.2.jar:/opt/hadoop/share/ozone/lib/commons-digester-1.8.1.jar:/opt/hadoop/share/ozone/lib/jaeger-core-1.6.0.jar:/opt/hadoop/share/ozone/lib/commons-text-1.4.jar:/opt/hadoop/share/ozone/lib/jersey-servlet-1.19.jar:/opt/hadoop/share/ozone/lib/hadoop-auth-3.3.1.jar:/opt/hadoop/share/ozone/lib/kerb-identity-1.0.1.jar:/opt/hadoop/share/ozone/lib/FastInfoset-1.2.13.jar:/opt/hadoop/share/ozone/lib/kerb-common-1.0.1.jar:/opt/hadoop/share/ozone/lib/ratis-client-2.3.0.jar:/opt/hadoop/share/ozone/lib/jersey-server-1.19.jar:/opt/hadoop/share/ozone/lib/hdds-hadoop-dependency-server-1.3.0-SNAPSHOT.jar:/opt/hadoop/share/ozone/lib/kerb-crypto-1.0.1.jar:/opt/hadoop/share/ozone/web:/opt/hadoop/share/ozone/lib/ozone-datanode-1.3.0-SNAPSHOT.jar
STARTUP_MSG:   build = https://github.com/apache/ozone/c913760611c8a2ed6679ef2183cf953b12c06776 ; compiled by 'runner' on 2022-07-27T17:55Z
STARTUP_MSG:   java = 11.0.14.1
************************************************************/
2022-07-27 18:24:35 INFO  HddsDatanodeService:90 - registered UNIX signal handlers for [TERM, HUP, INT]
2022-07-27 18:24:35 INFO  MetricRegistries:64 - Loaded MetricRegistries class org.apache.ratis.metrics.impl.MetricRegistriesImpl
2022-07-27 18:24:35 INFO  MetricsConfig:120 - Loaded properties from hadoop-metrics2.properties
2022-07-27 18:24:36 INFO  MetricsSystemImpl:378 - Scheduled Metric snapshot period at 10 second(s).
2022-07-27 18:24:36 INFO  MetricsSystemImpl:191 - HddsDatanode metrics system started
2022-07-27 18:24:36 INFO  HddsDatanodeService:236 - HddsDatanodeService host:datanode-0.datanode.default.svc.cluster.local ip:10.42.0.41
2022-07-27 18:24:36 INFO  AbstractLayoutVersionManager:83 - Initializing Layout version manager with metadata layout = DATANODE_SCHEMA_V3 (version = 4), software layout = DATANODE_SCHEMA_V3 (version = 4)
2022-07-27 18:24:37 INFO  Reflections:232 - Reflections took 409 ms to scan 2 urls, producing 89 keys and 198 values 
2022-07-27 18:24:37 INFO  DatanodeStateMachine:237 - Datanode State Machine Task Thread Pool size 2
2022-07-27 18:24:37 INFO  SaveSpaceUsageToFile:89 - Cached usage info found in /data/storage/scmUsed: 14336 at 2022-07-27T18:24:10.396Z
2022-07-27 18:24:37 INFO  HddsVolume:116 - Creating HddsVolume: /data/storage/hdds of storage type : DISK capacity : 89297309696
2022-07-27 18:24:37 INFO  MutableVolumeSet:174 - Added Volume : /data/storage/hdds to VolumeSet
2022-07-27 18:24:37 INFO  ThrottledAsyncChecker:141 - Scheduling a check for /data/storage/hdds
2022-07-27 18:24:37 INFO  StorageVolumeChecker:202 - Scheduled health check for volume /data/storage/hdds
2022-07-27 18:24:37 WARN  ServerUtils:237 - Storage directory for Ratis is not configured. It is a good idea to map this to an SSD disk. Falling back to ozone.metadata.dirs
2022-07-27 18:24:37 INFO  SaveSpaceUsageToFile:89 - Cached usage info found in /data/metadata/ratis/scmUsed: 4096 at 2022-07-27T18:24:10.398Z
2022-07-27 18:24:37 INFO  MutableVolumeSet:174 - Added Volume : /data/metadata/ratis to VolumeSet
2022-07-27 18:24:37 INFO  ThrottledAsyncChecker:141 - Scheduling a check for /data/metadata/ratis
2022-07-27 18:24:37 INFO  StorageVolumeChecker:202 - Scheduled health check for volume /data/metadata/ratis
2022-07-27 18:24:37 INFO  ContainerReader:145 - Start to verify containers on volume /data/storage/hdds
2022-07-27 18:24:38 INFO  ContainerReader:175 - Finish verifying containers on volume /data/storage/hdds
2022-07-27 18:24:38 INFO  OzoneContainer:299 - Build ContainerSet costs 0s
2022-07-27 18:24:42 INFO  AuditLogger:126 - Refresh DebugCmdSet for DNAudit to [].
2022-07-27 18:24:42 WARN  ServerUtils:237 - Storage directory for Ratis is not configured. It is a good idea to map this to an SSD disk. Falling back to ozone.metadata.dirs
2022-07-27 18:24:42 INFO  RaftServer:46 - raft.rpc.type = GRPC (default)
2022-07-27 18:24:43 INFO  GrpcConfigKeys:46 - raft.grpc.admin.port = 9857 (custom)
2022-07-27 18:24:43 INFO  GrpcConfigKeys:46 - raft.grpc.client.port = 9858 (custom)
2022-07-27 18:24:43 INFO  GrpcConfigKeys:46 - raft.grpc.server.port = 9856 (custom)
2022-07-27 18:24:43 INFO  GrpcService:46 - raft.grpc.message.size.max = 32MB (=33554432) (custom)
2022-07-27 18:24:43 INFO  RaftServerConfigKeys:46 - raft.server.log.appender.buffer.byte-limit = 33554432 (custom)
2022-07-27 18:24:43 INFO  GrpcService:46 - raft.grpc.flow.control.window = 5MB (=5242880) (custom)
2022-07-27 18:24:43 INFO  RaftServerConfigKeys:46 - raft.server.rpc.request.timeout = 60s (custom)
2022-07-27 18:24:43 INFO  GrpcConfigKeys:46 - raft.grpc.server.async.request.thread.pool.cached = true (default)
2022-07-27 18:24:43 INFO  GrpcConfigKeys:46 - raft.grpc.server.async.request.thread.pool.size = 32 (default)
2022-07-27 18:24:44 INFO  DataStreamServerImpl:46 - raft.datastream.type = DISABLED (default)
2022-07-27 18:24:44 INFO  RaftServerConfigKeys:46 - raft.server.threadpool.proxy.cached = true (default)
2022-07-27 18:24:44 INFO  RaftServerConfigKeys:46 - raft.server.threadpool.proxy.size = 0 (default)
2022-07-27 18:24:44 INFO  RaftServerConfigKeys:46 - raft.server.rpc.slowness.timeout = 300s (custom)
2022-07-27 18:24:44 INFO  RaftServerConfigKeys:46 - raft.server.leaderelection.leader.step-down.wait-time = 10s (default)
2022-07-27 18:24:44 INFO  RaftServerConfigKeys:46 - raft.server.storage.dir = [/data/metadata/ratis] (custom)
2022-07-27 18:24:44 INFO  RaftServer:247 - 409b4a67-cd37-4914-b2f5-9af190b75b22: found a subdirectory /data/metadata/ratis/df75098d-7538-4903-9ee1-4ed8cb6d8c2e
2022-07-27 18:24:44 INFO  RaftServer:96 - 409b4a67-cd37-4914-b2f5-9af190b75b22: addNew group-4ED8CB6D8C2E:[] returns group-4ED8CB6D8C2E:java.util.concurrent.CompletableFuture@1521f188[Not completed]
2022-07-27 18:24:44 INFO  RaftServer:247 - 409b4a67-cd37-4914-b2f5-9af190b75b22: found a subdirectory /data/metadata/ratis/1f0a3519-0eeb-4036-a09d-1344abedda8b
2022-07-27 18:24:44 INFO  RaftServer:96 - 409b4a67-cd37-4914-b2f5-9af190b75b22: addNew group-1344ABEDDA8B:[] returns group-1344ABEDDA8B:java.util.concurrent.CompletableFuture@6b0538f[Not completed]
2022-07-27 18:24:44 INFO  XceiverServerGrpc:132 - GrpcServer channel type EpollServerSocketChannel
2022-07-27 18:24:45 INFO  RaftServer$Division:190 - 409b4a67-cd37-4914-b2f5-9af190b75b22: new RaftServerImpl for group-4ED8CB6D8C2E:[] with ContainerStateMachine:uninitialized
2022-07-27 18:24:45 INFO  RaftServerConfigKeys:46 - raft.server.rpc.timeout.min = 5s (custom)
2022-07-27 18:24:45 INFO  RaftServerConfigKeys:46 - raft.server.rpc.timeout.max = 5200ms (custom)
2022-07-27 18:24:45 INFO  RaftServerConfigKeys:46 - raft.server.rpc.sleep.time = 25ms (default)
2022-07-27 18:24:45 INFO  RaftServerConfigKeys:46 - raft.server.rpc.slowness.timeout = 300s (custom)
2022-07-27 18:24:45 INFO  RaftServerConfigKeys:46 - raft.server.leaderelection.leader.step-down.wait-time = 10s (default)
2022-07-27 18:24:45 INFO  RaftServerConfigKeys:46 - raft.server.sleep.deviation.threshold = 300ms (default)
2022-07-27 18:24:45 INFO  RaftServer$Division:107 - 409b4a67-cd37-4914-b2f5-9af190b75b22@group-4ED8CB6D8C2E: ConfigurationManager, init=-1: [], old=null, confs=<EMPTY_MAP>
2022-07-27 18:24:45 INFO  RaftServerConfigKeys:46 - raft.server.storage.dir = [/data/metadata/ratis] (custom)
2022-07-27 18:24:45 INFO  RaftServerConfigKeys:46 - raft.server.log.corruption.policy = EXCEPTION (default)
2022-07-27 18:24:45 INFO  RaftServerConfigKeys:46 - raft.server.storage.free-space.min = 0MB (=0) (default)
2022-07-27 18:24:45 INFO  RaftStorageDirectory:230 - Lock on /data/metadata/ratis/df75098d-7538-4903-9ee1-4ed8cb6d8c2e/in_use.lock acquired by nodename 7@datanode-0
2022-07-27 18:24:45 INFO  RaftStorage:110 - Read RaftStorageMetadata{term=1, votedFor=2d1805ee-9bed-4a7f-b83c-cbbb20f1742b} from /data/metadata/ratis/df75098d-7538-4903-9ee1-4ed8cb6d8c2e/current/raft-meta
2022-07-27 18:24:45 INFO  ContainerStateMachine:245 - group-4ED8CB6D8C2E: Setting the last applied index to (t:1, i:4)
2022-07-27 18:24:45 WARN  NativeCodeLoader:60 - Unable to load native-hadoop library for your platform... using builtin-java classes where applicable
2022-07-27 18:24:45 INFO  BaseHttpServer:209 - Starting Web-server for hddsDatanode at: http://0.0.0.0:9882
2022-07-27 18:24:45 INFO  BaseHttpServer:107 - Hadoop Security Enabled: false Ozone Security Enabled: false Ozone HTTP Security Enabled: false 
2022-07-27 18:24:45 INFO  log:170 - Logging initialized @11711ms to org.eclipse.jetty.util.log.Slf4jLog
2022-07-27 18:24:46 INFO  RaftServer$Division:393 - 409b4a67-cd37-4914-b2f5-9af190b75b22@group-4ED8CB6D8C2E: set configuration 0: [7d3ee3a1-7ba5-4fb0-8e9e-fa1537176bf9|rpc:datanode-2.datanode.default.svc.cluster.local:9856|admin:datanode-2.datanode.default.svc.cluster.local:9857|client:datanode-2.datanode.default.svc.cluster.local:9858|dataStream:|priority:0, 409b4a67-cd37-4914-b2f5-9af190b75b22|rpc:datanode-0.datanode.default.svc.cluster.local:9856|admin:datanode-0.datanode.default.svc.cluster.local:9857|client:datanode-0.datanode.default.svc.cluster.local:9858|dataStream:|priority:0, 2d1805ee-9bed-4a7f-b83c-cbbb20f1742b|rpc:datanode-1.datanode.default.svc.cluster.local:9856|admin:datanode-1.datanode.default.svc.cluster.local:9857|client:datanode-1.datanode.default.svc.cluster.local:9858|dataStream:|priority:1], old=null
2022-07-27 18:24:46 INFO  RaftServerConfigKeys:46 - raft.server.notification.no-leader.timeout = 300s (custom)
2022-07-27 18:24:46 INFO  RaftServerConfigKeys:46 - raft.server.log.use.memory = false (default)
2022-07-27 18:24:46 INFO  RaftServerConfigKeys:46 - raft.server.log.purge.gap = 1000000 (custom)
2022-07-27 18:24:46 INFO  RaftServerConfigKeys:46 - raft.server.log.appender.buffer.byte-limit = 33554432 (custom)
2022-07-27 18:24:46 INFO  RaftServerConfigKeys:46 - raft.server.log.statemachine.data.read.timeout = 1000ms (default)
2022-07-27 18:24:46 INFO  RaftServerConfigKeys:46 - raft.server.log.segment.size.max = 1048576 (custom)
2022-07-27 18:24:47 INFO  RaftServerConfigKeys:46 - raft.server.log.segment.cache.num.max = 2 (custom)
2022-07-27 18:24:47 INFO  RaftServerConfigKeys:46 - raft.server.log.segment.cache.size.max = 200MB (=209715200) (default)
2022-07-27 18:24:47 INFO  SegmentedRaftLogWorker:187 - new 409b4a67-cd37-4914-b2f5-9af190b75b22@group-4ED8CB6D8C2E-SegmentedRaftLogWorker for RaftStorageImpl:Storage Directory /data/metadata/ratis/df75098d-7538-4903-9ee1-4ed8cb6d8c2e
2022-07-27 18:24:47 INFO  RaftServerConfigKeys:46 - raft.server.log.queue.byte-limit = 4294967296 (custom)
2022-07-27 18:24:47 INFO  RaftServerConfigKeys:46 - raft.server.log.queue.element-limit = 1024 (custom)
2022-07-27 18:24:47 INFO  RaftServerConfigKeys:46 - raft.server.log.segment.size.max = 1048576 (custom)
2022-07-27 18:24:47 INFO  RaftServerConfigKeys:46 - raft.server.log.preallocated.size = 16384 (custom)
2022-07-27 18:24:47 INFO  RaftServerConfigKeys:46 - raft.server.log.force.sync.num = 128 (default)
2022-07-27 18:24:47 INFO  RaftServerConfigKeys:46 - raft.server.log.statemachine.data.sync = true (default)
2022-07-27 18:24:47 INFO  RaftServerConfigKeys:46 - raft.server.log.statemachine.data.sync.timeout = 10s (default)
2022-07-27 18:24:47 INFO  RaftServerConfigKeys:46 - raft.server.log.statemachine.data.sync.timeout.retry = -1 (default)
2022-07-27 18:24:47 INFO  RaftServerConfigKeys:46 - raft.server.log.write.buffer.size = 1048576 (custom)
2022-07-27 18:24:47 INFO  RaftServerConfigKeys:46 - raft.server.log.unsafe-flush.enabled = false (default)
2022-07-27 18:24:47 INFO  RaftServerConfigKeys:46 - raft.server.log.statemachine.data.caching.enabled = true (custom)
2022-07-27 18:24:47 INFO  AuthenticationFilter:240 - Unable to initialize FileSignerSecretProvider, falling back to use random secrets.
2022-07-27 18:24:47 INFO  HttpRequestLog:86 - Http request log for http.requests.hddsDatanode is not defined
2022-07-27 18:24:47 INFO  HttpServer2:1029 - Added global filter 'safety' (class=org.apache.hadoop.hdds.server.http.HttpServer2$QuotingInputFilter)
2022-07-27 18:24:47 INFO  HttpServer2:1005 - Added filter static_user_filter (class=org.apache.hadoop.http.lib.StaticUserWebFilter$StaticUserFilter) to context hddsDatanode
2022-07-27 18:24:47 INFO  RaftServer$Division:393 - 409b4a67-cd37-4914-b2f5-9af190b75b22@group-4ED8CB6D8C2E: set configuration 0: [7d3ee3a1-7ba5-4fb0-8e9e-fa1537176bf9|rpc:datanode-2.datanode.default.svc.cluster.local:9856|admin:datanode-2.datanode.default.svc.cluster.local:9857|client:datanode-2.datanode.default.svc.cluster.local:9858|dataStream:|priority:0, 409b4a67-cd37-4914-b2f5-9af190b75b22|rpc:datanode-0.datanode.default.svc.cluster.local:9856|admin:datanode-0.datanode.default.svc.cluster.local:9857|client:datanode-0.datanode.default.svc.cluster.local:9858|dataStream:|priority:0, 2d1805ee-9bed-4a7f-b83c-cbbb20f1742b|rpc:datanode-1.datanode.default.svc.cluster.local:9856|admin:datanode-1.datanode.default.svc.cluster.local:9857|client:datanode-1.datanode.default.svc.cluster.local:9858|dataStream:|priority:1], old=null
2022-07-27 18:24:47 INFO  HttpServer2:1013 - Added filter static_user_filter (class=org.apache.hadoop.http.lib.StaticUserWebFilter$StaticUserFilter) to context logs
2022-07-27 18:24:47 INFO  HttpServer2:1013 - Added filter static_user_filter (class=org.apache.hadoop.http.lib.StaticUserWebFilter$StaticUserFilter) to context static
2022-07-27 18:24:47 INFO  LogSegment:173 - Successfully read 5 entries from segment file /data/metadata/ratis/df75098d-7538-4903-9ee1-4ed8cb6d8c2e/current/log_inprogress_0
2022-07-27 18:24:47 INFO  SegmentedRaftLogWorker:135 - 409b4a67-cd37-4914-b2f5-9af190b75b22@group-4ED8CB6D8C2E-SegmentedRaftLogWorker: flushIndex: setUnconditionally 0 -> 4
2022-07-27 18:24:47 INFO  SegmentedRaftLogWorker:135 - 409b4a67-cd37-4914-b2f5-9af190b75b22@group-4ED8CB6D8C2E-SegmentedRaftLogWorker: safeCacheEvictIndex: setUnconditionally 0 -> -1
2022-07-27 18:24:47 INFO  HttpServer2:1248 - Jetty bound to port 9882
2022-07-27 18:24:47 INFO  Server:375 - jetty-9.4.43.v20210629; built: 2021-06-30T11:07:22.254Z; git: 526006ecfa3af7f1a27ef3a288e2bef7ea9dd7e8; jvm 11.0.14.1+1-LTS
2022-07-27 18:24:47 INFO  RaftLog:53 - 409b4a67-cd37-4914-b2f5-9af190b75b22@group-4ED8CB6D8C2E-SegmentedRaftLog: commitIndex: updateToMax old=4, new=2, updated? false
2022-07-27 18:24:47 INFO  RaftServerConfigKeys:46 - raft.server.snapshot.auto.trigger.enabled = true (custom)
2022-07-27 18:24:47 INFO  RaftServerConfigKeys:46 - raft.server.snapshot.auto.trigger.threshold = 10000 (custom)
2022-07-27 18:24:47 INFO  RaftServerConfigKeys:46 - raft.server.snapshot.retention.file.num = 5 (custom)
2022-07-27 18:24:47 INFO  RaftServerConfigKeys:46 - raft.server.log.purge.upto.snapshot.index = false (default)
2022-07-27 18:24:47 INFO  RaftServerConfigKeys:46 - raft.server.retrycache.expirytime = 600000ms (custom)
2022-07-27 18:24:47 INFO  RaftServerConfigKeys:46 - raft.server.retrycache.statistics.expirytime = 100?s (default)
2022-07-27 18:24:47 INFO  session:334 - DefaultSessionIdManager workerName=node0
2022-07-27 18:24:47 INFO  session:339 - No SessionScavenger set, using defaults
2022-07-27 18:24:47 INFO  session:132 - node0 Scavenging every 660000ms
2022-07-27 18:24:47 INFO  RaftServerConfigKeys:46 - raft.server.log.appender.install.snapshot.enabled = false (custom)
2022-07-27 18:24:47 INFO  RaftServerConfigKeys:46 - raft.server.threadpool.server.cached = true (default)
2022-07-27 18:24:47 INFO  ContextHandler:915 - Started o.e.j.s.ServletContextHandler@7675c171{logs,/logs,file:///var/log/hadoop/,AVAILABLE}
2022-07-27 18:24:47 INFO  ContextHandler:915 - Started o.e.j.s.ServletContextHandler@110b7837{static,/static,jar:file:/opt/hadoop/share/ozone/lib/hdds-container-service-1.3.0-SNAPSHOT.jar!/webapps/static,AVAILABLE}
2022-07-27 18:24:47 INFO  RaftServerConfigKeys:46 - raft.server.threadpool.server.size = 0 (default)
2022-07-27 18:24:47 INFO  RaftServerConfigKeys:46 - raft.server.threadpool.client.cached = true (default)
2022-07-27 18:24:47 INFO  RaftServerConfigKeys:46 - raft.server.threadpool.client.size = 0 (default)
2022-07-27 18:24:47 INFO  RaftServer$Division:190 - 409b4a67-cd37-4914-b2f5-9af190b75b22: new RaftServerImpl for group-1344ABEDDA8B:[] with ContainerStateMachine:uninitialized
2022-07-27 18:24:47 INFO  RaftServerConfigKeys:46 - raft.server.rpc.timeout.min = 5s (custom)
2022-07-27 18:24:47 INFO  RaftServerConfigKeys:46 - raft.server.rpc.timeout.max = 5200ms (custom)
2022-07-27 18:24:47 INFO  RaftServerConfigKeys:46 - raft.server.rpc.sleep.time = 25ms (default)
2022-07-27 18:24:47 INFO  RaftServerConfigKeys:46 - raft.server.rpc.slowness.timeout = 300s (custom)
2022-07-27 18:24:47 INFO  RaftServerConfigKeys:46 - raft.server.leaderelection.leader.step-down.wait-time = 10s (default)
2022-07-27 18:24:47 INFO  RaftServerConfigKeys:46 - raft.server.sleep.deviation.threshold = 300ms (default)
2022-07-27 18:24:47 INFO  RaftServer$Division:107 - 409b4a67-cd37-4914-b2f5-9af190b75b22@group-1344ABEDDA8B: ConfigurationManager, init=-1: [], old=null, confs=<EMPTY_MAP>
2022-07-27 18:24:47 INFO  RaftServerConfigKeys:46 - raft.server.storage.dir = [/data/metadata/ratis] (custom)
2022-07-27 18:24:47 INFO  RaftServerConfigKeys:46 - raft.server.log.corruption.policy = EXCEPTION (default)
2022-07-27 18:24:47 INFO  RaftServerConfigKeys:46 - raft.server.storage.free-space.min = 0MB (=0) (default)
2022-07-27 18:24:47 INFO  RaftStorageDirectory:230 - Lock on /data/metadata/ratis/1f0a3519-0eeb-4036-a09d-1344abedda8b/in_use.lock acquired by nodename 7@datanode-0
2022-07-27 18:24:47 INFO  RaftStorage:110 - Read RaftStorageMetadata{term=1, votedFor=409b4a67-cd37-4914-b2f5-9af190b75b22} from /data/metadata/ratis/1f0a3519-0eeb-4036-a09d-1344abedda8b/current/raft-meta
2022-07-27 18:24:47 INFO  ContainerStateMachine:245 - group-1344ABEDDA8B: Setting the last applied index to (t:1, i:0)
2022-07-27 18:24:47 INFO  RaftServer$Division:393 - 409b4a67-cd37-4914-b2f5-9af190b75b22@group-1344ABEDDA8B: set configuration 0: [409b4a67-cd37-4914-b2f5-9af190b75b22|rpc:datanode-0.datanode.default.svc.cluster.local:9856|admin:datanode-0.datanode.default.svc.cluster.local:9857|client:datanode-0.datanode.default.svc.cluster.local:9858|dataStream:|priority:1], old=null
2022-07-27 18:24:47 INFO  RaftServerConfigKeys:46 - raft.server.notification.no-leader.timeout = 300s (custom)
2022-07-27 18:24:47 INFO  RaftServerConfigKeys:46 - raft.server.log.use.memory = false (default)
2022-07-27 18:24:47 INFO  RaftServerConfigKeys:46 - raft.server.log.purge.gap = 1000000 (custom)
2022-07-27 18:24:47 INFO  RaftServerConfigKeys:46 - raft.server.log.appender.buffer.byte-limit = 33554432 (custom)
2022-07-27 18:24:47 INFO  RaftServerConfigKeys:46 - raft.server.log.statemachine.data.read.timeout = 1000ms (default)
2022-07-27 18:24:47 INFO  RaftServerConfigKeys:46 - raft.server.log.segment.size.max = 1048576 (custom)
2022-07-27 18:24:47 INFO  RaftServerConfigKeys:46 - raft.server.log.segment.cache.num.max = 2 (custom)
2022-07-27 18:24:47 INFO  RaftServerConfigKeys:46 - raft.server.log.segment.cache.size.max = 200MB (=209715200) (default)
2022-07-27 18:24:47 INFO  SegmentedRaftLogWorker:187 - new 409b4a67-cd37-4914-b2f5-9af190b75b22@group-1344ABEDDA8B-SegmentedRaftLogWorker for RaftStorageImpl:Storage Directory /data/metadata/ratis/1f0a3519-0eeb-4036-a09d-1344abedda8b
2022-07-27 18:24:47 INFO  RaftServerConfigKeys:46 - raft.server.log.queue.byte-limit = 4294967296 (custom)
2022-07-27 18:24:47 INFO  RaftServerConfigKeys:46 - raft.server.log.queue.element-limit = 1024 (custom)
2022-07-27 18:24:47 INFO  RaftServerConfigKeys:46 - raft.server.log.segment.size.max = 1048576 (custom)
2022-07-27 18:24:47 INFO  RaftServerConfigKeys:46 - raft.server.log.preallocated.size = 16384 (custom)
2022-07-27 18:24:47 INFO  RaftServerConfigKeys:46 - raft.server.log.force.sync.num = 128 (default)
2022-07-27 18:24:47 INFO  RaftServerConfigKeys:46 - raft.server.log.statemachine.data.sync = true (default)
2022-07-27 18:24:47 INFO  RaftServerConfigKeys:46 - raft.server.log.statemachine.data.sync.timeout = 10s (default)
2022-07-27 18:24:47 INFO  RaftServerConfigKeys:46 - raft.server.log.statemachine.data.sync.timeout.retry = -1 (default)
2022-07-27 18:24:47 INFO  RaftServerConfigKeys:46 - raft.server.log.write.buffer.size = 1048576 (custom)
2022-07-27 18:24:47 INFO  RaftServerConfigKeys:46 - raft.server.log.unsafe-flush.enabled = false (default)
2022-07-27 18:24:47 INFO  RaftServerConfigKeys:46 - raft.server.log.statemachine.data.caching.enabled = true (custom)
2022-07-27 18:24:47 INFO  RaftServer$Division:393 - 409b4a67-cd37-4914-b2f5-9af190b75b22@group-1344ABEDDA8B: set configuration 0: [409b4a67-cd37-4914-b2f5-9af190b75b22|rpc:datanode-0.datanode.default.svc.cluster.local:9856|admin:datanode-0.datanode.default.svc.cluster.local:9857|client:datanode-0.datanode.default.svc.cluster.local:9858|dataStream:|priority:1], old=null
2022-07-27 18:24:47 INFO  LogSegment:173 - Successfully read 1 entries from segment file /data/metadata/ratis/1f0a3519-0eeb-4036-a09d-1344abedda8b/current/log_inprogress_0
2022-07-27 18:24:47 INFO  SegmentedRaftLogWorker:135 - 409b4a67-cd37-4914-b2f5-9af190b75b22@group-1344ABEDDA8B-SegmentedRaftLogWorker: flushIndex: setUnconditionally 0 -> 0
2022-07-27 18:24:47 INFO  SegmentedRaftLogWorker:135 - 409b4a67-cd37-4914-b2f5-9af190b75b22@group-1344ABEDDA8B-SegmentedRaftLogWorker: safeCacheEvictIndex: setUnconditionally 0 -> -1
2022-07-27 18:24:47 INFO  RaftServerConfigKeys:46 - raft.server.snapshot.auto.trigger.enabled = true (custom)
2022-07-27 18:24:47 INFO  RaftServerConfigKeys:46 - raft.server.snapshot.auto.trigger.threshold = 10000 (custom)
2022-07-27 18:24:47 INFO  RaftServerConfigKeys:46 - raft.server.snapshot.retention.file.num = 5 (custom)
2022-07-27 18:24:47 INFO  RaftServerConfigKeys:46 - raft.server.log.purge.upto.snapshot.index = false (default)
2022-07-27 18:24:47 INFO  RaftServerConfigKeys:46 - raft.server.retrycache.expirytime = 600000ms (custom)
2022-07-27 18:24:47 INFO  RaftServerConfigKeys:46 - raft.server.retrycache.statistics.expirytime = 100?s (default)
2022-07-27 18:24:47 INFO  RaftServerConfigKeys:46 - raft.server.log.appender.install.snapshot.enabled = false (custom)
2022-07-27 18:24:47 INFO  RaftServerConfigKeys:46 - raft.server.threadpool.server.cached = true (default)
2022-07-27 18:24:47 INFO  RaftServerConfigKeys:46 - raft.server.threadpool.server.size = 0 (default)
2022-07-27 18:24:47 INFO  RaftServerConfigKeys:46 - raft.server.threadpool.client.cached = true (default)
2022-07-27 18:24:47 INFO  RaftServerConfigKeys:46 - raft.server.threadpool.client.size = 0 (default)
2022-07-27 18:24:48 INFO  ContextHandler:915 - Started o.e.j.w.WebAppContext@33ec2c0c{hddsDatanode,/,file:///tmp/jetty-0_0_0_0-9882-hdds-container-service-1_3_0-SNAPSHOT_jar-_-any-17477324487133606434/webapp/,AVAILABLE}{jar:file:/opt/hadoop/share/ozone/lib/hdds-container-service-1.3.0-SNAPSHOT.jar!/webapps/hddsDatanode}
2022-07-27 18:24:48 INFO  AbstractConnector:331 - Started ServerConnector@101bdd1c{HTTP/1.1, (http/1.1)}{0.0.0.0:9882}
2022-07-27 18:24:48 INFO  Server:415 - Started @14182ms
2022-07-27 18:24:48 INFO  MetricsSinkAdapter:204 - Sink prometheus started
2022-07-27 18:24:48 INFO  MetricsSystemImpl:305 - Registered sink prometheus
2022-07-27 18:24:48 INFO  BaseHttpServer:329 - HTTP server of hddsDatanode listening at http://0.0.0.0:9882
2022-07-27 18:24:48 INFO  DatanodeStateMachine:492 - Ozone container server started.
2022-07-27 18:24:48 INFO  JvmPauseMonitor:188 - Starting JVM pause monitor
2022-07-27 18:24:48 INFO  InitDatanodeState:138 - DatanodeDetails is persisted to /data/datanode.id
2022-07-27 18:24:51 INFO  OzoneContainer:377 - Attempting to start container services.
2022-07-27 18:24:51 INFO  OzoneContainer:312 - Background container scanner has been disabled.
2022-07-27 18:24:51 INFO  XceiverServerRatis:481 - Starting XceiverServerRatis 409b4a67-cd37-4914-b2f5-9af190b75b22
2022-07-27 18:24:51 INFO  RaftServer$Division:310 - 409b4a67-cd37-4914-b2f5-9af190b75b22@group-4ED8CB6D8C2E: start as a follower, conf=0: [7d3ee3a1-7ba5-4fb0-8e9e-fa1537176bf9|rpc:datanode-2.datanode.default.svc.cluster.local:9856|admin:datanode-2.datanode.default.svc.cluster.local:9857|client:datanode-2.datanode.default.svc.cluster.local:9858|dataStream:|priority:0, 409b4a67-cd37-4914-b2f5-9af190b75b22|rpc:datanode-0.datanode.default.svc.cluster.local:9856|admin:datanode-0.datanode.default.svc.cluster.local:9857|client:datanode-0.datanode.default.svc.cluster.local:9858|dataStream:|priority:0, 2d1805ee-9bed-4a7f-b83c-cbbb20f1742b|rpc:datanode-1.datanode.default.svc.cluster.local:9856|admin:datanode-1.datanode.default.svc.cluster.local:9857|client:datanode-1.datanode.default.svc.cluster.local:9858|dataStream:|priority:1], old=null
2022-07-27 18:24:51 INFO  RaftServer$Division:310 - 409b4a67-cd37-4914-b2f5-9af190b75b22@group-1344ABEDDA8B: start as a follower, conf=0: [409b4a67-cd37-4914-b2f5-9af190b75b22|rpc:datanode-0.datanode.default.svc.cluster.local:9856|admin:datanode-0.datanode.default.svc.cluster.local:9857|client:datanode-0.datanode.default.svc.cluster.local:9858|dataStream:|priority:1], old=null
2022-07-27 18:24:51 INFO  RaftServer$Division:299 - 409b4a67-cd37-4914-b2f5-9af190b75b22@group-4ED8CB6D8C2E: changes role from      null to FOLLOWER at term 1 for startAsFollower
2022-07-27 18:24:51 INFO  RaftServer$Division:299 - 409b4a67-cd37-4914-b2f5-9af190b75b22@group-1344ABEDDA8B: changes role from      null to FOLLOWER at term 1 for startAsFollower
2022-07-27 18:24:51 INFO  RoleInfo:139 - 409b4a67-cd37-4914-b2f5-9af190b75b22: start 409b4a67-cd37-4914-b2f5-9af190b75b22@group-4ED8CB6D8C2E-FollowerState
2022-07-27 18:24:51 INFO  RoleInfo:139 - 409b4a67-cd37-4914-b2f5-9af190b75b22: start 409b4a67-cd37-4914-b2f5-9af190b75b22@group-1344ABEDDA8B-FollowerState
2022-07-27 18:24:51 INFO  JmxRegister:44 - Successfully registered JMX Bean with object name Ratis:service=RaftServer,group=group-1344ABEDDA8B,id=409b4a67-cd37-4914-b2f5-9af190b75b22
2022-07-27 18:24:51 INFO  JmxRegister:44 - Successfully registered JMX Bean with object name Ratis:service=RaftServer,group=group-4ED8CB6D8C2E,id=409b4a67-cd37-4914-b2f5-9af190b75b22
2022-07-27 18:24:51 INFO  RaftServer:382 - 409b4a67-cd37-4914-b2f5-9af190b75b22: start RPC server
2022-07-27 18:24:51 INFO  GrpcService:260 - 409b4a67-cd37-4914-b2f5-9af190b75b22: GrpcService started, listening on 9856
2022-07-27 18:24:51 INFO  GrpcService:260 - 409b4a67-cd37-4914-b2f5-9af190b75b22: GrpcService started, listening on 9857
2022-07-27 18:24:51 INFO  GrpcService:260 - 409b4a67-cd37-4914-b2f5-9af190b75b22: GrpcService started, listening on 9858
2022-07-27 18:24:51 INFO  XceiverServerRatis:502 - XceiverServerRatis 409b4a67-cd37-4914-b2f5-9af190b75b22 is started using port 9858 for RATIS
2022-07-27 18:24:51 INFO  XceiverServerRatis:502 - XceiverServerRatis 409b4a67-cd37-4914-b2f5-9af190b75b22 is started using port 9857 for RATIS_ADMIN
2022-07-27 18:24:51 INFO  XceiverServerRatis:502 - XceiverServerRatis 409b4a67-cd37-4914-b2f5-9af190b75b22 is started using port 9856 for RATIS_SERVER
2022-07-27 18:24:51 INFO  JvmPauseMonitor:103 - JvmPauseMonitor-409b4a67-cd37-4914-b2f5-9af190b75b22: Started
2022-07-27 18:24:55 INFO  RaftServer:107 - 409b4a67-cd37-4914-b2f5-9af190b75b22: remove  FOLLOWER 409b4a67-cd37-4914-b2f5-9af190b75b22@group-1344ABEDDA8B:t1, leader=null, voted=409b4a67-cd37-4914-b2f5-9af190b75b22, raftlog=409b4a67-cd37-4914-b2f5-9af190b75b22@group-1344ABEDDA8B-SegmentedRaftLog:OPENED:c0, conf=0: [409b4a67-cd37-4914-b2f5-9af190b75b22|rpc:datanode-0.datanode.default.svc.cluster.local:9856|admin:datanode-0.datanode.default.svc.cluster.local:9857|client:datanode-0.datanode.default.svc.cluster.local:9858|dataStream:|priority:1], old=null RUNNING
2022-07-27 18:24:55 INFO  RaftServer$Division:434 - 409b4a67-cd37-4914-b2f5-9af190b75b22@group-1344ABEDDA8B: shutdown
2022-07-27 18:24:55 INFO  JmxRegister:73 - Successfully un-registered JMX Bean with object name Ratis:service=RaftServer,group=group-1344ABEDDA8B,id=409b4a67-cd37-4914-b2f5-9af190b75b22
2022-07-27 18:24:55 INFO  RoleInfo:110 - 409b4a67-cd37-4914-b2f5-9af190b75b22: shutdown 409b4a67-cd37-4914-b2f5-9af190b75b22@group-1344ABEDDA8B-FollowerState
2022-07-27 18:24:55 INFO  StateMachineUpdater:153 - 409b4a67-cd37-4914-b2f5-9af190b75b22@group-1344ABEDDA8B-StateMachineUpdater: set stopIndex = 0
2022-07-27 18:24:55 INFO  FollowerState:152 - 409b4a67-cd37-4914-b2f5-9af190b75b22@group-1344ABEDDA8B-FollowerState was interrupted
2022-07-27 18:24:55 INFO  RaftServer$Division:429 - 409b4a67-cd37-4914-b2f5-9af190b75b22@group-1344ABEDDA8B: closes. applyIndex: 0
2022-07-27 18:24:55 INFO  SegmentedRaftLogWorker:336 - 409b4a67-cd37-4914-b2f5-9af190b75b22@group-1344ABEDDA8B-SegmentedRaftLogWorker was interrupted, exiting. There are 0 tasks remaining in the queue.
2022-07-27 18:24:55 INFO  SegmentedRaftLogWorker:246 - 409b4a67-cd37-4914-b2f5-9af190b75b22@group-1344ABEDDA8B-SegmentedRaftLogWorker close()
2022-07-27 18:24:55 INFO  RaftServer$Division:404 - 409b4a67-cd37-4914-b2f5-9af190b75b22@group-1344ABEDDA8B: Succeed to remove RaftStorageDirectory Storage Directory /data/metadata/ratis/1f0a3519-0eeb-4036-a09d-1344abedda8b
2022-07-27 18:24:55 INFO  ClosePipelineCommandHandler:78 - Close Pipeline PipelineID=1f0a3519-0eeb-4036-a09d-1344abedda8b command on datanode 409b4a67-cd37-4914-b2f5-9af190b75b22.
2022-07-27 18:24:55 INFO  RaftServer:107 - 409b4a67-cd37-4914-b2f5-9af190b75b22: remove  FOLLOWER 409b4a67-cd37-4914-b2f5-9af190b75b22@group-4ED8CB6D8C2E:t1, leader=null, voted=2d1805ee-9bed-4a7f-b83c-cbbb20f1742b, raftlog=409b4a67-cd37-4914-b2f5-9af190b75b22@group-4ED8CB6D8C2E-SegmentedRaftLog:OPENED:c4, conf=0: [7d3ee3a1-7ba5-4fb0-8e9e-fa1537176bf9|rpc:datanode-2.datanode.default.svc.cluster.local:9856|admin:datanode-2.datanode.default.svc.cluster.local:9857|client:datanode-2.datanode.default.svc.cluster.local:9858|dataStream:|priority:0, 409b4a67-cd37-4914-b2f5-9af190b75b22|rpc:datanode-0.datanode.default.svc.cluster.local:9856|admin:datanode-0.datanode.default.svc.cluster.local:9857|client:datanode-0.datanode.default.svc.cluster.local:9858|dataStream:|priority:0, 2d1805ee-9bed-4a7f-b83c-cbbb20f1742b|rpc:datanode-1.datanode.default.svc.cluster.local:9856|admin:datanode-1.datanode.default.svc.cluster.local:9857|client:datanode-1.datanode.default.svc.cluster.local:9858|dataStream:|priority:1], old=null RUNNING
2022-07-27 18:24:55 INFO  RaftServer$Division:434 - 409b4a67-cd37-4914-b2f5-9af190b75b22@group-4ED8CB6D8C2E: shutdown
2022-07-27 18:24:55 INFO  JmxRegister:73 - Successfully un-registered JMX Bean with object name Ratis:service=RaftServer,group=group-4ED8CB6D8C2E,id=409b4a67-cd37-4914-b2f5-9af190b75b22
2022-07-27 18:24:55 INFO  RoleInfo:110 - 409b4a67-cd37-4914-b2f5-9af190b75b22: shutdown 409b4a67-cd37-4914-b2f5-9af190b75b22@group-4ED8CB6D8C2E-FollowerState
2022-07-27 18:24:55 INFO  StateMachineUpdater:153 - 409b4a67-cd37-4914-b2f5-9af190b75b22@group-4ED8CB6D8C2E-StateMachineUpdater: set stopIndex = 4
2022-07-27 18:24:55 INFO  FollowerState:152 - 409b4a67-cd37-4914-b2f5-9af190b75b22@group-4ED8CB6D8C2E-FollowerState was interrupted
2022-07-27 18:24:55 INFO  RaftServer$Division:429 - 409b4a67-cd37-4914-b2f5-9af190b75b22@group-4ED8CB6D8C2E: closes. applyIndex: 4
2022-07-27 18:24:55 INFO  SegmentedRaftLogWorker:336 - 409b4a67-cd37-4914-b2f5-9af190b75b22@group-4ED8CB6D8C2E-SegmentedRaftLogWorker was interrupted, exiting. There are 0 tasks remaining in the queue.
2022-07-27 18:24:55 INFO  SegmentedRaftLogWorker:246 - 409b4a67-cd37-4914-b2f5-9af190b75b22@group-4ED8CB6D8C2E-SegmentedRaftLogWorker close()
2022-07-27 18:24:56 INFO  KeyValueContainer:431 - Container 1 is synced with bcsId 2.
2022-07-27 18:24:56 INFO  KeyValueContainer:431 - Container 1 is synced with bcsId 2.
2022-07-27 18:24:56 INFO  RaftServer$Division:404 - 409b4a67-cd37-4914-b2f5-9af190b75b22@group-4ED8CB6D8C2E: Succeed to remove RaftStorageDirectory Storage Directory /data/metadata/ratis/df75098d-7538-4903-9ee1-4ed8cb6d8c2e
2022-07-27 18:24:56 INFO  ClosePipelineCommandHandler:78 - Close Pipeline PipelineID=df75098d-7538-4903-9ee1-4ed8cb6d8c2e command on datanode 409b4a67-cd37-4914-b2f5-9af190b75b22.
2022-07-27 18:24:56 INFO  RaftServer$Division:190 - 409b4a67-cd37-4914-b2f5-9af190b75b22: new RaftServerImpl for group-81E9F3E4D712:[409b4a67-cd37-4914-b2f5-9af190b75b22|rpc:datanode-0.datanode.default.svc.cluster.local:9856|admin:datanode-0.datanode.default.svc.cluster.local:9857|client:datanode-0.datanode.default.svc.cluster.local:9858|priority:1] with ContainerStateMachine:uninitialized
2022-07-27 18:24:56 INFO  RaftServerConfigKeys:46 - raft.server.rpc.timeout.min = 5s (custom)
2022-07-27 18:24:56 INFO  RaftServerConfigKeys:46 - raft.server.rpc.timeout.max = 5200ms (custom)
2022-07-27 18:24:56 INFO  RaftServerConfigKeys:46 - raft.server.rpc.sleep.time = 25ms (default)
2022-07-27 18:24:56 INFO  RaftServerConfigKeys:46 - raft.server.rpc.slowness.timeout = 300s (custom)
2022-07-27 18:24:56 INFO  RaftServerConfigKeys:46 - raft.server.leaderelection.leader.step-down.wait-time = 10s (default)
2022-07-27 18:24:56 INFO  RaftServerConfigKeys:46 - raft.server.sleep.deviation.threshold = 300ms (default)
2022-07-27 18:24:56 INFO  RaftServer$Division:107 - 409b4a67-cd37-4914-b2f5-9af190b75b22@group-81E9F3E4D712: ConfigurationManager, init=-1: [409b4a67-cd37-4914-b2f5-9af190b75b22|rpc:datanode-0.datanode.default.svc.cluster.local:9856|admin:datanode-0.datanode.default.svc.cluster.local:9857|client:datanode-0.datanode.default.svc.cluster.local:9858|priority:1], old=null, confs=<EMPTY_MAP>
2022-07-27 18:24:56 INFO  RaftServerConfigKeys:46 - raft.server.storage.dir = [/data/metadata/ratis] (custom)
2022-07-27 18:24:56 INFO  RaftServerConfigKeys:46 - raft.server.log.corruption.policy = EXCEPTION (default)
2022-07-27 18:24:56 INFO  RaftServerConfigKeys:46 - raft.server.storage.free-space.min = 0MB (=0) (default)
2022-07-27 18:24:56 INFO  RaftStorageDirectory:135 - The storage directory /data/metadata/ratis/e7d550ae-60e3-4977-8948-81e9f3e4d712 does not exist. Creating ...
2022-07-27 18:24:56 INFO  RaftServer:96 - 409b4a67-cd37-4914-b2f5-9af190b75b22: addNew group-81E9F3E4D712:[409b4a67-cd37-4914-b2f5-9af190b75b22|rpc:datanode-0.datanode.default.svc.cluster.local:9856|admin:datanode-0.datanode.default.svc.cluster.local:9857|client:datanode-0.datanode.default.svc.cluster.local:9858|priority:1] returns group-81E9F3E4D712:java.util.concurrent.CompletableFuture@550340d4[Not completed]
2022-07-27 18:24:56 INFO  RaftStorageDirectory:230 - Lock on /data/metadata/ratis/e7d550ae-60e3-4977-8948-81e9f3e4d712/in_use.lock acquired by nodename 7@datanode-0
2022-07-27 18:24:56 INFO  RaftStorage:89 - Storage directory /data/metadata/ratis/e7d550ae-60e3-4977-8948-81e9f3e4d712 has been successfully formatted.
2022-07-27 18:24:56 INFO  ContainerStateMachine:236 - group-81E9F3E4D712: The snapshot info is null. Setting the last applied indexto:(t:0, i:~)
2022-07-27 18:24:56 INFO  RaftServerConfigKeys:46 - raft.server.notification.no-leader.timeout = 300s (custom)
2022-07-27 18:24:56 INFO  RaftServerConfigKeys:46 - raft.server.log.use.memory = false (default)
2022-07-27 18:24:56 INFO  RaftServerConfigKeys:46 - raft.server.log.purge.gap = 1000000 (custom)
2022-07-27 18:24:56 INFO  RaftServerConfigKeys:46 - raft.server.log.appender.buffer.byte-limit = 33554432 (custom)
2022-07-27 18:24:56 INFO  RaftServerConfigKeys:46 - raft.server.log.statemachine.data.read.timeout = 1000ms (default)
2022-07-27 18:24:56 INFO  RaftServerConfigKeys:46 - raft.server.log.segment.size.max = 1048576 (custom)
2022-07-27 18:24:56 INFO  RaftServerConfigKeys:46 - raft.server.log.segment.cache.num.max = 2 (custom)
2022-07-27 18:24:56 INFO  RaftServerConfigKeys:46 - raft.server.log.segment.cache.size.max = 200MB (=209715200) (default)
2022-07-27 18:24:56 INFO  SegmentedRaftLogWorker:187 - new 409b4a67-cd37-4914-b2f5-9af190b75b22@group-81E9F3E4D712-SegmentedRaftLogWorker for RaftStorageImpl:Storage Directory /data/metadata/ratis/e7d550ae-60e3-4977-8948-81e9f3e4d712
2022-07-27 18:24:56 INFO  RaftServerConfigKeys:46 - raft.server.log.queue.byte-limit = 4294967296 (custom)
2022-07-27 18:24:56 INFO  RaftServerConfigKeys:46 - raft.server.log.queue.element-limit = 1024 (custom)
2022-07-27 18:24:56 INFO  RaftServerConfigKeys:46 - raft.server.log.segment.size.max = 1048576 (custom)
2022-07-27 18:24:56 INFO  RaftServerConfigKeys:46 - raft.server.log.preallocated.size = 16384 (custom)
2022-07-27 18:24:56 INFO  RaftServerConfigKeys:46 - raft.server.log.force.sync.num = 128 (default)
2022-07-27 18:24:56 INFO  RaftServerConfigKeys:46 - raft.server.log.statemachine.data.sync = true (default)
2022-07-27 18:24:56 INFO  RaftServerConfigKeys:46 - raft.server.log.statemachine.data.sync.timeout = 10s (default)
2022-07-27 18:24:56 INFO  RaftServerConfigKeys:46 - raft.server.log.statemachine.data.sync.timeout.retry = -1 (default)
2022-07-27 18:24:56 INFO  RaftServerConfigKeys:46 - raft.server.log.write.buffer.size = 1048576 (custom)
2022-07-27 18:24:56 INFO  RaftServerConfigKeys:46 - raft.server.log.unsafe-flush.enabled = false (default)
2022-07-27 18:24:56 INFO  RaftServerConfigKeys:46 - raft.server.log.statemachine.data.caching.enabled = true (custom)
2022-07-27 18:24:56 INFO  SegmentedRaftLogWorker:135 - 409b4a67-cd37-4914-b2f5-9af190b75b22@group-81E9F3E4D712-SegmentedRaftLogWorker: flushIndex: setUnconditionally 0 -> -1
2022-07-27 18:24:56 INFO  SegmentedRaftLogWorker:135 - 409b4a67-cd37-4914-b2f5-9af190b75b22@group-81E9F3E4D712-SegmentedRaftLogWorker: safeCacheEvictIndex: setUnconditionally 0 -> -1
2022-07-27 18:24:56 INFO  RaftServerConfigKeys:46 - raft.server.snapshot.auto.trigger.enabled = true (custom)
2022-07-27 18:24:56 INFO  RaftServerConfigKeys:46 - raft.server.snapshot.auto.trigger.threshold = 10000 (custom)
2022-07-27 18:24:56 INFO  RaftServerConfigKeys:46 - raft.server.snapshot.retention.file.num = 5 (custom)
2022-07-27 18:24:56 INFO  RaftServerConfigKeys:46 - raft.server.log.purge.upto.snapshot.index = false (default)
2022-07-27 18:24:56 INFO  RaftServerConfigKeys:46 - raft.server.retrycache.expirytime = 600000ms (custom)
2022-07-27 18:24:56 INFO  RaftServerConfigKeys:46 - raft.server.retrycache.statistics.expirytime = 100?s (default)
2022-07-27 18:24:56 INFO  RaftServerConfigKeys:46 - raft.server.log.appender.install.snapshot.enabled = false (custom)
2022-07-27 18:24:56 INFO  RaftServerConfigKeys:46 - raft.server.threadpool.server.cached = true (default)
2022-07-27 18:24:56 INFO  RaftServerConfigKeys:46 - raft.server.threadpool.server.size = 0 (default)
2022-07-27 18:24:56 INFO  RaftServerConfigKeys:46 - raft.server.threadpool.client.cached = true (default)
2022-07-27 18:24:56 INFO  RaftServerConfigKeys:46 - raft.server.threadpool.client.size = 0 (default)
2022-07-27 18:24:56 INFO  RaftServer$Division:310 - 409b4a67-cd37-4914-b2f5-9af190b75b22@group-81E9F3E4D712: start as a follower, conf=-1: [409b4a67-cd37-4914-b2f5-9af190b75b22|rpc:datanode-0.datanode.default.svc.cluster.local:9856|admin:datanode-0.datanode.default.svc.cluster.local:9857|client:datanode-0.datanode.default.svc.cluster.local:9858|priority:1], old=null
2022-07-27 18:24:56 INFO  RaftServer$Division:299 - 409b4a67-cd37-4914-b2f5-9af190b75b22@group-81E9F3E4D712: changes role from      null to FOLLOWER at term 0 for startAsFollower
2022-07-27 18:24:56 INFO  RoleInfo:139 - 409b4a67-cd37-4914-b2f5-9af190b75b22: start 409b4a67-cd37-4914-b2f5-9af190b75b22@group-81E9F3E4D712-FollowerState
2022-07-27 18:24:56 INFO  JmxRegister:44 - Successfully registered JMX Bean with object name Ratis:service=RaftServer,group=group-81E9F3E4D712,id=409b4a67-cd37-4914-b2f5-9af190b75b22
2022-07-27 18:24:56 INFO  XceiverServerRatis:765 - Created group PipelineID=e7d550ae-60e3-4977-8948-81e9f3e4d712
2022-07-27 18:24:56 INFO  CreatePipelineCommandHandler:113 - Created Pipeline RATIS ONE PipelineID=e7d550ae-60e3-4977-8948-81e9f3e4d712.
2022-07-27 18:24:56 INFO  RaftServer:96 - 409b4a67-cd37-4914-b2f5-9af190b75b22: addNew group-6A930DEADE83:[7d3ee3a1-7ba5-4fb0-8e9e-fa1537176bf9|rpc:datanode-2.datanode.default.svc.cluster.local:9856|admin:datanode-2.datanode.default.svc.cluster.local:9857|client:datanode-2.datanode.default.svc.cluster.local:9858|priority:0, 409b4a67-cd37-4914-b2f5-9af190b75b22|rpc:datanode-0.datanode.default.svc.cluster.local:9856|admin:datanode-0.datanode.default.svc.cluster.local:9857|client:datanode-0.datanode.default.svc.cluster.local:9858|priority:0, 2d1805ee-9bed-4a7f-b83c-cbbb20f1742b|rpc:datanode-1.datanode.default.svc.cluster.local:9856|admin:datanode-1.datanode.default.svc.cluster.local:9857|client:datanode-1.datanode.default.svc.cluster.local:9858|priority:1] returns group-6A930DEADE83:java.util.concurrent.CompletableFuture@6c1438bf[Not completed]
2022-07-27 18:24:56 INFO  RaftServer$Division:190 - 409b4a67-cd37-4914-b2f5-9af190b75b22: new RaftServerImpl for group-6A930DEADE83:[7d3ee3a1-7ba5-4fb0-8e9e-fa1537176bf9|rpc:datanode-2.datanode.default.svc.cluster.local:9856|admin:datanode-2.datanode.default.svc.cluster.local:9857|client:datanode-2.datanode.default.svc.cluster.local:9858|priority:0, 409b4a67-cd37-4914-b2f5-9af190b75b22|rpc:datanode-0.datanode.default.svc.cluster.local:9856|admin:datanode-0.datanode.default.svc.cluster.local:9857|client:datanode-0.datanode.default.svc.cluster.local:9858|priority:0, 2d1805ee-9bed-4a7f-b83c-cbbb20f1742b|rpc:datanode-1.datanode.default.svc.cluster.local:9856|admin:datanode-1.datanode.default.svc.cluster.local:9857|client:datanode-1.datanode.default.svc.cluster.local:9858|priority:1] with ContainerStateMachine:uninitialized
2022-07-27 18:24:56 INFO  RaftServerConfigKeys:46 - raft.server.rpc.timeout.min = 5s (custom)
2022-07-27 18:24:56 INFO  RaftServerConfigKeys:46 - raft.server.rpc.timeout.max = 5200ms (custom)
2022-07-27 18:24:56 INFO  RaftServerConfigKeys:46 - raft.server.rpc.sleep.time = 25ms (default)
2022-07-27 18:24:56 INFO  RaftServerConfigKeys:46 - raft.server.rpc.slowness.timeout = 300s (custom)
2022-07-27 18:24:56 INFO  RaftServerConfigKeys:46 - raft.server.leaderelection.leader.step-down.wait-time = 10s (default)
2022-07-27 18:24:56 INFO  RaftServerConfigKeys:46 - raft.server.sleep.deviation.threshold = 300ms (default)
2022-07-27 18:24:56 INFO  RaftServer$Division:107 - 409b4a67-cd37-4914-b2f5-9af190b75b22@group-6A930DEADE83: ConfigurationManager, init=-1: [7d3ee3a1-7ba5-4fb0-8e9e-fa1537176bf9|rpc:datanode-2.datanode.default.svc.cluster.local:9856|admin:datanode-2.datanode.default.svc.cluster.local:9857|client:datanode-2.datanode.default.svc.cluster.local:9858|priority:0, 409b4a67-cd37-4914-b2f5-9af190b75b22|rpc:datanode-0.datanode.default.svc.cluster.local:9856|admin:datanode-0.datanode.default.svc.cluster.local:9857|client:datanode-0.datanode.default.svc.cluster.local:9858|priority:0, 2d1805ee-9bed-4a7f-b83c-cbbb20f1742b|rpc:datanode-1.datanode.default.svc.cluster.local:9856|admin:datanode-1.datanode.default.svc.cluster.local:9857|client:datanode-1.datanode.default.svc.cluster.local:9858|priority:1], old=null, confs=<EMPTY_MAP>
2022-07-27 18:24:56 INFO  RaftServerConfigKeys:46 - raft.server.storage.dir = [/data/metadata/ratis] (custom)
2022-07-27 18:24:56 INFO  RaftServerConfigKeys:46 - raft.server.log.corruption.policy = EXCEPTION (default)
2022-07-27 18:24:56 INFO  RaftServerConfigKeys:46 - raft.server.storage.free-space.min = 0MB (=0) (default)
2022-07-27 18:24:56 INFO  RaftStorageDirectory:135 - The storage directory /data/metadata/ratis/fce268cf-166e-4cef-9a86-6a930deade83 does not exist. Creating ...
2022-07-27 18:24:56 INFO  RaftStorageDirectory:230 - Lock on /data/metadata/ratis/fce268cf-166e-4cef-9a86-6a930deade83/in_use.lock acquired by nodename 7@datanode-0
2022-07-27 18:24:56 INFO  RaftStorage:89 - Storage directory /data/metadata/ratis/fce268cf-166e-4cef-9a86-6a930deade83 has been successfully formatted.
2022-07-27 18:24:56 INFO  ContainerStateMachine:236 - group-6A930DEADE83: The snapshot info is null. Setting the last applied indexto:(t:0, i:~)
2022-07-27 18:24:56 INFO  RaftServerConfigKeys:46 - raft.server.notification.no-leader.timeout = 300s (custom)
2022-07-27 18:24:56 INFO  RaftServerConfigKeys:46 - raft.server.log.use.memory = false (default)
2022-07-27 18:24:56 INFO  RaftServerConfigKeys:46 - raft.server.log.purge.gap = 1000000 (custom)
2022-07-27 18:24:56 INFO  RaftServerConfigKeys:46 - raft.server.log.appender.buffer.byte-limit = 33554432 (custom)
2022-07-27 18:24:56 INFO  RaftServerConfigKeys:46 - raft.server.log.statemachine.data.read.timeout = 1000ms (default)
2022-07-27 18:24:56 INFO  RaftServerConfigKeys:46 - raft.server.log.segment.size.max = 1048576 (custom)
2022-07-27 18:24:56 INFO  RaftServerConfigKeys:46 - raft.server.log.segment.cache.num.max = 2 (custom)
2022-07-27 18:24:56 INFO  RaftServerConfigKeys:46 - raft.server.log.segment.cache.size.max = 200MB (=209715200) (default)
2022-07-27 18:24:56 INFO  SegmentedRaftLogWorker:187 - new 409b4a67-cd37-4914-b2f5-9af190b75b22@group-6A930DEADE83-SegmentedRaftLogWorker for RaftStorageImpl:Storage Directory /data/metadata/ratis/fce268cf-166e-4cef-9a86-6a930deade83
2022-07-27 18:24:56 INFO  RaftServerConfigKeys:46 - raft.server.log.queue.byte-limit = 4294967296 (custom)
2022-07-27 18:24:56 INFO  RaftServerConfigKeys:46 - raft.server.log.queue.element-limit = 1024 (custom)
2022-07-27 18:24:56 INFO  RaftServerConfigKeys:46 - raft.server.log.segment.size.max = 1048576 (custom)
2022-07-27 18:24:56 INFO  RaftServerConfigKeys:46 - raft.server.log.preallocated.size = 16384 (custom)
2022-07-27 18:24:56 INFO  RaftServerConfigKeys:46 - raft.server.log.force.sync.num = 128 (default)
2022-07-27 18:24:56 INFO  RaftServerConfigKeys:46 - raft.server.log.statemachine.data.sync = true (default)
2022-07-27 18:24:56 INFO  RaftServerConfigKeys:46 - raft.server.log.statemachine.data.sync.timeout = 10s (default)
2022-07-27 18:24:56 INFO  RaftServerConfigKeys:46 - raft.server.log.statemachine.data.sync.timeout.retry = -1 (default)
2022-07-27 18:24:56 INFO  RaftServerConfigKeys:46 - raft.server.log.write.buffer.size = 1048576 (custom)
2022-07-27 18:24:56 INFO  RaftServerConfigKeys:46 - raft.server.log.unsafe-flush.enabled = false (default)
2022-07-27 18:24:56 INFO  RaftServerConfigKeys:46 - raft.server.log.statemachine.data.caching.enabled = true (custom)
2022-07-27 18:24:56 INFO  SegmentedRaftLogWorker:135 - 409b4a67-cd37-4914-b2f5-9af190b75b22@group-6A930DEADE83-SegmentedRaftLogWorker: flushIndex: setUnconditionally 0 -> -1
2022-07-27 18:24:56 INFO  SegmentedRaftLogWorker:135 - 409b4a67-cd37-4914-b2f5-9af190b75b22@group-6A930DEADE83-SegmentedRaftLogWorker: safeCacheEvictIndex: setUnconditionally 0 -> -1
2022-07-27 18:24:56 INFO  RaftServerConfigKeys:46 - raft.server.snapshot.auto.trigger.enabled = true (custom)
2022-07-27 18:24:56 INFO  RaftServerConfigKeys:46 - raft.server.snapshot.auto.trigger.threshold = 10000 (custom)
2022-07-27 18:24:56 INFO  RaftServerConfigKeys:46 - raft.server.snapshot.retention.file.num = 5 (custom)
2022-07-27 18:24:56 INFO  RaftServerConfigKeys:46 - raft.server.log.purge.upto.snapshot.index = false (default)
2022-07-27 18:24:56 INFO  RaftServerConfigKeys:46 - raft.server.retrycache.expirytime = 600000ms (custom)
2022-07-27 18:24:56 INFO  RaftServerConfigKeys:46 - raft.server.retrycache.statistics.expirytime = 100?s (default)
2022-07-27 18:24:56 INFO  RaftServerConfigKeys:46 - raft.server.log.appender.install.snapshot.enabled = false (custom)
2022-07-27 18:24:56 INFO  RaftServerConfigKeys:46 - raft.server.threadpool.server.cached = true (default)
2022-07-27 18:24:56 INFO  RaftServerConfigKeys:46 - raft.server.threadpool.server.size = 0 (default)
2022-07-27 18:24:56 INFO  RaftServerConfigKeys:46 - raft.server.threadpool.client.cached = true (default)
2022-07-27 18:24:56 INFO  RaftServerConfigKeys:46 - raft.server.threadpool.client.size = 0 (default)
2022-07-27 18:24:56 INFO  RaftServer$Division:310 - 409b4a67-cd37-4914-b2f5-9af190b75b22@group-6A930DEADE83: start as a follower, conf=-1: [7d3ee3a1-7ba5-4fb0-8e9e-fa1537176bf9|rpc:datanode-2.datanode.default.svc.cluster.local:9856|admin:datanode-2.datanode.default.svc.cluster.local:9857|client:datanode-2.datanode.default.svc.cluster.local:9858|priority:0, 409b4a67-cd37-4914-b2f5-9af190b75b22|rpc:datanode-0.datanode.default.svc.cluster.local:9856|admin:datanode-0.datanode.default.svc.cluster.local:9857|client:datanode-0.datanode.default.svc.cluster.local:9858|priority:0, 2d1805ee-9bed-4a7f-b83c-cbbb20f1742b|rpc:datanode-1.datanode.default.svc.cluster.local:9856|admin:datanode-1.datanode.default.svc.cluster.local:9857|client:datanode-1.datanode.default.svc.cluster.local:9858|priority:1], old=null
2022-07-27 18:24:56 INFO  RaftServer$Division:299 - 409b4a67-cd37-4914-b2f5-9af190b75b22@group-6A930DEADE83: changes role from      null to FOLLOWER at term 0 for startAsFollower
2022-07-27 18:24:56 INFO  RoleInfo:139 - 409b4a67-cd37-4914-b2f5-9af190b75b22: start 409b4a67-cd37-4914-b2f5-9af190b75b22@group-6A930DEADE83-FollowerState
2022-07-27 18:24:56 INFO  JmxRegister:44 - Successfully registered JMX Bean with object name Ratis:service=RaftServer,group=group-6A930DEADE83,id=409b4a67-cd37-4914-b2f5-9af190b75b22
2022-07-27 18:24:56 INFO  XceiverServerRatis:765 - Created group PipelineID=fce268cf-166e-4cef-9a86-6a930deade83
2022-07-27 18:25:01 INFO  FollowerState:143 - 409b4a67-cd37-4914-b2f5-9af190b75b22@group-81E9F3E4D712-FollowerState: change to CANDIDATE, lastRpcElapsedTime:5034485765ns, electionTimeout:5004ms
2022-07-27 18:25:01 INFO  RoleInfo:110 - 409b4a67-cd37-4914-b2f5-9af190b75b22: shutdown 409b4a67-cd37-4914-b2f5-9af190b75b22@group-81E9F3E4D712-FollowerState
2022-07-27 18:25:01 INFO  RaftServer$Division:299 - 409b4a67-cd37-4914-b2f5-9af190b75b22@group-81E9F3E4D712: changes role from  FOLLOWER to CANDIDATE at term 0 for changeToCandidate
2022-07-27 18:25:01 INFO  RaftServerConfigKeys:46 - raft.server.leaderelection.pre-vote = false (custom)
2022-07-27 18:25:01 INFO  RoleInfo:139 - 409b4a67-cd37-4914-b2f5-9af190b75b22: start 409b4a67-cd37-4914-b2f5-9af190b75b22@group-81E9F3E4D712-LeaderElection1
2022-07-27 18:25:01 INFO  LeaderElection:310 - 409b4a67-cd37-4914-b2f5-9af190b75b22@group-81E9F3E4D712-LeaderElection1 ELECTION round 0: submit vote requests at term 1 for -1: [409b4a67-cd37-4914-b2f5-9af190b75b22|rpc:datanode-0.datanode.default.svc.cluster.local:9856|admin:datanode-0.datanode.default.svc.cluster.local:9857|client:datanode-0.datanode.default.svc.cluster.local:9858|priority:1], old=null
2022-07-27 18:25:01 INFO  LeaderElection:312 - 409b4a67-cd37-4914-b2f5-9af190b75b22@group-81E9F3E4D712-LeaderElection1 ELECTION round 0: result PASSED (term=1)
2022-07-27 18:25:01 INFO  RoleInfo:130 - 409b4a67-cd37-4914-b2f5-9af190b75b22: shutdown 409b4a67-cd37-4914-b2f5-9af190b75b22@group-81E9F3E4D712-LeaderElection1
2022-07-27 18:25:01 INFO  RaftServer$Division:299 - 409b4a67-cd37-4914-b2f5-9af190b75b22@group-81E9F3E4D712: changes role from CANDIDATE to LEADER at term 1 for changeToLeader
2022-07-27 18:25:01 INFO  XceiverServerRatis:863 - Leader change notification received for group: group-81E9F3E4D712 with new leaderId: 409b4a67-cd37-4914-b2f5-9af190b75b22
2022-07-27 18:25:01 INFO  RaftServer$Division:287 - 409b4a67-cd37-4914-b2f5-9af190b75b22@group-81E9F3E4D712: change Leader from null to 409b4a67-cd37-4914-b2f5-9af190b75b22 at term 1 for becomeLeader, leader elected after 5167ms
2022-07-27 18:25:01 INFO  RaftServerConfigKeys:46 - raft.server.staging.catchup.gap = 1000 (default)
2022-07-27 18:25:01 INFO  RaftServerConfigKeys:46 - raft.server.write.element-limit = 1024 (custom)
2022-07-27 18:25:01 INFO  RaftServerConfigKeys:46 - raft.server.write.byte-limit = 1024 M (=1073741824) (custom)
2022-07-27 18:25:01 INFO  RaftServerConfigKeys:46 - raft.server.watch.timeout = 180s (custom)
2022-07-27 18:25:01 INFO  RaftServerConfigKeys:46 - raft.server.watch.timeout.denomination = 1s (default)
2022-07-27 18:25:01 INFO  RaftServerConfigKeys:46 - raft.server.watch.element-limit = 65536 (default)
2022-07-27 18:25:01 INFO  RaftServerConfigKeys:46 - raft.server.write.element-limit = 1024 (custom)
2022-07-27 18:25:01 INFO  RaftServerConfigKeys:46 - raft.server.write.follower.gap.ratio.max = -1.0 (default)
2022-07-27 18:25:01 INFO  RoleInfo:139 - 409b4a67-cd37-4914-b2f5-9af190b75b22: start 409b4a67-cd37-4914-b2f5-9af190b75b22@group-81E9F3E4D712-LeaderStateImpl
2022-07-27 18:25:01 INFO  SegmentedRaftLogWorker:425 - 409b4a67-cd37-4914-b2f5-9af190b75b22@group-81E9F3E4D712-SegmentedRaftLogWorker: Starting segment from index:0
2022-07-27 18:25:01 INFO  SegmentedRaftLogWorker:629 - 409b4a67-cd37-4914-b2f5-9af190b75b22@group-81E9F3E4D712-SegmentedRaftLogWorker: created new log segment /data/metadata/ratis/e7d550ae-60e3-4977-8948-81e9f3e4d712/current/log_inprogress_0
2022-07-27 18:25:01 INFO  RaftServer$Division:393 - 409b4a67-cd37-4914-b2f5-9af190b75b22@group-81E9F3E4D712: set configuration 0: [409b4a67-cd37-4914-b2f5-9af190b75b22|rpc:datanode-0.datanode.default.svc.cluster.local:9856|admin:datanode-0.datanode.default.svc.cluster.local:9857|client:datanode-0.datanode.default.svc.cluster.local:9858|dataStream:|priority:1], old=null
2022-07-27 18:25:01 INFO  FollowerState:143 - 409b4a67-cd37-4914-b2f5-9af190b75b22@group-6A930DEADE83-FollowerState: change to CANDIDATE, lastRpcElapsedTime:5192484748ns, electionTimeout:5183ms
2022-07-27 18:25:01 INFO  RoleInfo:110 - 409b4a67-cd37-4914-b2f5-9af190b75b22: shutdown 409b4a67-cd37-4914-b2f5-9af190b75b22@group-6A930DEADE83-FollowerState
2022-07-27 18:25:01 INFO  RaftServer$Division:299 - 409b4a67-cd37-4914-b2f5-9af190b75b22@group-6A930DEADE83: changes role from  FOLLOWER to CANDIDATE at term 0 for changeToCandidate
2022-07-27 18:25:01 INFO  RaftServerConfigKeys:46 - raft.server.leaderelection.pre-vote = false (custom)
2022-07-27 18:25:01 INFO  RoleInfo:139 - 409b4a67-cd37-4914-b2f5-9af190b75b22: start 409b4a67-cd37-4914-b2f5-9af190b75b22@group-6A930DEADE83-LeaderElection2
2022-07-27 18:25:01 INFO  LeaderElection:310 - 409b4a67-cd37-4914-b2f5-9af190b75b22@group-6A930DEADE83-LeaderElection2 ELECTION round 0: submit vote requests at term 1 for -1: [7d3ee3a1-7ba5-4fb0-8e9e-fa1537176bf9|rpc:datanode-2.datanode.default.svc.cluster.local:9856|admin:datanode-2.datanode.default.svc.cluster.local:9857|client:datanode-2.datanode.default.svc.cluster.local:9858|priority:0, 409b4a67-cd37-4914-b2f5-9af190b75b22|rpc:datanode-0.datanode.default.svc.cluster.local:9856|admin:datanode-0.datanode.default.svc.cluster.local:9857|client:datanode-0.datanode.default.svc.cluster.local:9858|priority:0, 2d1805ee-9bed-4a7f-b83c-cbbb20f1742b|rpc:datanode-1.datanode.default.svc.cluster.local:9856|admin:datanode-1.datanode.default.svc.cluster.local:9857|client:datanode-1.datanode.default.svc.cluster.local:9858|priority:1], old=null
2022-07-27 18:25:02 INFO  LeaderElection:137 - 409b4a67-cd37-4914-b2f5-9af190b75b22@group-6A930DEADE83-LeaderElection2 got exception when requesting votes: java.util.concurrent.ExecutionException: org.apache.ratis.thirdparty.io.grpc.StatusRuntimeException: INTERNAL: 7d3ee3a1-7ba5-4fb0-8e9e-fa1537176bf9: group-6A930DEADE83 not found.
2022-07-27 18:25:02 INFO  LeaderElection:90 - 409b4a67-cd37-4914-b2f5-9af190b75b22@group-6A930DEADE83-LeaderElection2: ELECTION REJECTED received 1 response(s) and 1 exception(s):
2022-07-27 18:25:02 INFO  LeaderElection:94 -   Response 0: 409b4a67-cd37-4914-b2f5-9af190b75b22<-2d1805ee-9bed-4a7f-b83c-cbbb20f1742b#0:FAIL-t1
2022-07-27 18:25:02 INFO  LeaderElection:137 -   Exception 1: java.util.concurrent.ExecutionException: org.apache.ratis.thirdparty.io.grpc.StatusRuntimeException: INTERNAL: 7d3ee3a1-7ba5-4fb0-8e9e-fa1537176bf9: group-6A930DEADE83 not found.
2022-07-27 18:25:02 INFO  LeaderElection:312 - 409b4a67-cd37-4914-b2f5-9af190b75b22@group-6A930DEADE83-LeaderElection2 ELECTION round 0: result REJECTED
2022-07-27 18:25:02 INFO  RaftServer$Division:299 - 409b4a67-cd37-4914-b2f5-9af190b75b22@group-6A930DEADE83: changes role from CANDIDATE to FOLLOWER at term 1 for REJECTED
2022-07-27 18:25:02 INFO  RoleInfo:130 - 409b4a67-cd37-4914-b2f5-9af190b75b22: shutdown 409b4a67-cd37-4914-b2f5-9af190b75b22@group-6A930DEADE83-LeaderElection2
2022-07-27 18:25:02 INFO  RoleInfo:139 - 409b4a67-cd37-4914-b2f5-9af190b75b22: start 409b4a67-cd37-4914-b2f5-9af190b75b22@group-6A930DEADE83-FollowerState
2022-07-27 18:25:02 INFO  RaftServer:96 - 409b4a67-cd37-4914-b2f5-9af190b75b22: addNew group-D9208D3B42CE:[7d3ee3a1-7ba5-4fb0-8e9e-fa1537176bf9|rpc:datanode-2.datanode.default.svc.cluster.local:9856|admin:datanode-2.datanode.default.svc.cluster.local:9857|client:datanode-2.datanode.default.svc.cluster.local:9858|dataStream:|priority:0, 409b4a67-cd37-4914-b2f5-9af190b75b22|rpc:datanode-0.datanode.default.svc.cluster.local:9856|admin:datanode-0.datanode.default.svc.cluster.local:9857|client:datanode-0.datanode.default.svc.cluster.local:9858|dataStream:|priority:0, 2d1805ee-9bed-4a7f-b83c-cbbb20f1742b|rpc:datanode-1.datanode.default.svc.cluster.local:9856|admin:datanode-1.datanode.default.svc.cluster.local:9857|client:datanode-1.datanode.default.svc.cluster.local:9858|dataStream:|priority:1] returns group-D9208D3B42CE:java.util.concurrent.CompletableFuture@708316e5[Not completed]
2022-07-27 18:25:02 INFO  RaftServer$Division:190 - 409b4a67-cd37-4914-b2f5-9af190b75b22: new RaftServerImpl for group-D9208D3B42CE:[7d3ee3a1-7ba5-4fb0-8e9e-fa1537176bf9|rpc:datanode-2.datanode.default.svc.cluster.local:9856|admin:datanode-2.datanode.default.svc.cluster.local:9857|client:datanode-2.datanode.default.svc.cluster.local:9858|dataStream:|priority:0, 409b4a67-cd37-4914-b2f5-9af190b75b22|rpc:datanode-0.datanode.default.svc.cluster.local:9856|admin:datanode-0.datanode.default.svc.cluster.local:9857|client:datanode-0.datanode.default.svc.cluster.local:9858|dataStream:|priority:0, 2d1805ee-9bed-4a7f-b83c-cbbb20f1742b|rpc:datanode-1.datanode.default.svc.cluster.local:9856|admin:datanode-1.datanode.default.svc.cluster.local:9857|client:datanode-1.datanode.default.svc.cluster.local:9858|dataStream:|priority:1] with ContainerStateMachine:uninitialized
2022-07-27 18:25:02 INFO  RaftServerConfigKeys:46 - raft.server.rpc.timeout.min = 5s (custom)
2022-07-27 18:25:02 INFO  RaftServerConfigKeys:46 - raft.server.rpc.timeout.max = 5200ms (custom)
2022-07-27 18:25:02 INFO  RaftServerConfigKeys:46 - raft.server.rpc.sleep.time = 25ms (default)
2022-07-27 18:25:02 INFO  RaftServerConfigKeys:46 - raft.server.rpc.slowness.timeout = 300s (custom)
2022-07-27 18:25:02 INFO  RaftServerConfigKeys:46 - raft.server.leaderelection.leader.step-down.wait-time = 10s (default)
2022-07-27 18:25:02 INFO  RaftServerConfigKeys:46 - raft.server.sleep.deviation.threshold = 300ms (default)
2022-07-27 18:25:02 INFO  RaftServer$Division:107 - 409b4a67-cd37-4914-b2f5-9af190b75b22@group-D9208D3B42CE: ConfigurationManager, init=-1: [7d3ee3a1-7ba5-4fb0-8e9e-fa1537176bf9|rpc:datanode-2.datanode.default.svc.cluster.local:9856|admin:datanode-2.datanode.default.svc.cluster.local:9857|client:datanode-2.datanode.default.svc.cluster.local:9858|dataStream:|priority:0, 409b4a67-cd37-4914-b2f5-9af190b75b22|rpc:datanode-0.datanode.default.svc.cluster.local:9856|admin:datanode-0.datanode.default.svc.cluster.local:9857|client:datanode-0.datanode.default.svc.cluster.local:9858|dataStream:|priority:0, 2d1805ee-9bed-4a7f-b83c-cbbb20f1742b|rpc:datanode-1.datanode.default.svc.cluster.local:9856|admin:datanode-1.datanode.default.svc.cluster.local:9857|client:datanode-1.datanode.default.svc.cluster.local:9858|dataStream:|priority:1], old=null, confs=<EMPTY_MAP>
2022-07-27 18:25:02 INFO  RaftServerConfigKeys:46 - raft.server.storage.dir = [/data/metadata/ratis] (custom)
2022-07-27 18:25:02 INFO  RaftServerConfigKeys:46 - raft.server.log.corruption.policy = EXCEPTION (default)
2022-07-27 18:25:02 INFO  RaftServerConfigKeys:46 - raft.server.storage.free-space.min = 0MB (=0) (default)
2022-07-27 18:25:02 INFO  RaftStorageDirectory:135 - The storage directory /data/metadata/ratis/307f83aa-e559-4f75-84ff-d9208d3b42ce does not exist. Creating ...
2022-07-27 18:25:02 INFO  RaftStorageDirectory:230 - Lock on /data/metadata/ratis/307f83aa-e559-4f75-84ff-d9208d3b42ce/in_use.lock acquired by nodename 7@datanode-0
2022-07-27 18:25:02 INFO  RaftStorage:89 - Storage directory /data/metadata/ratis/307f83aa-e559-4f75-84ff-d9208d3b42ce has been successfully formatted.
2022-07-27 18:25:02 INFO  ContainerStateMachine:236 - group-D9208D3B42CE: The snapshot info is null. Setting the last applied indexto:(t:0, i:~)
2022-07-27 18:25:02 INFO  RaftServerConfigKeys:46 - raft.server.notification.no-leader.timeout = 300s (custom)
2022-07-27 18:25:02 INFO  RaftServerConfigKeys:46 - raft.server.log.use.memory = false (default)
2022-07-27 18:25:02 INFO  RaftServerConfigKeys:46 - raft.server.log.purge.gap = 1000000 (custom)
2022-07-27 18:25:02 INFO  RaftServerConfigKeys:46 - raft.server.log.appender.buffer.byte-limit = 33554432 (custom)
2022-07-27 18:25:02 INFO  RaftServerConfigKeys:46 - raft.server.log.statemachine.data.read.timeout = 1000ms (default)
2022-07-27 18:25:02 INFO  RaftServerConfigKeys:46 - raft.server.log.segment.size.max = 1048576 (custom)
2022-07-27 18:25:02 INFO  RaftServerConfigKeys:46 - raft.server.log.segment.cache.num.max = 2 (custom)
2022-07-27 18:25:02 INFO  RaftServerConfigKeys:46 - raft.server.log.segment.cache.size.max = 200MB (=209715200) (default)
2022-07-27 18:25:02 INFO  SegmentedRaftLogWorker:187 - new 409b4a67-cd37-4914-b2f5-9af190b75b22@group-D9208D3B42CE-SegmentedRaftLogWorker for RaftStorageImpl:Storage Directory /data/metadata/ratis/307f83aa-e559-4f75-84ff-d9208d3b42ce
2022-07-27 18:25:02 INFO  RaftServerConfigKeys:46 - raft.server.log.queue.byte-limit = 4294967296 (custom)
2022-07-27 18:25:02 INFO  RaftServerConfigKeys:46 - raft.server.log.queue.element-limit = 1024 (custom)
2022-07-27 18:25:02 INFO  RaftServerConfigKeys:46 - raft.server.log.segment.size.max = 1048576 (custom)
2022-07-27 18:25:02 INFO  RaftServerConfigKeys:46 - raft.server.log.preallocated.size = 16384 (custom)
2022-07-27 18:25:02 INFO  RaftServerConfigKeys:46 - raft.server.log.force.sync.num = 128 (default)
2022-07-27 18:25:02 INFO  RaftServerConfigKeys:46 - raft.server.log.statemachine.data.sync = true (default)
2022-07-27 18:25:02 INFO  RaftServerConfigKeys:46 - raft.server.log.statemachine.data.sync.timeout = 10s (default)
2022-07-27 18:25:02 INFO  RaftServerConfigKeys:46 - raft.server.log.statemachine.data.sync.timeout.retry = -1 (default)
2022-07-27 18:25:02 INFO  RaftServerConfigKeys:46 - raft.server.log.write.buffer.size = 1048576 (custom)
2022-07-27 18:25:02 INFO  RaftServerConfigKeys:46 - raft.server.log.unsafe-flush.enabled = false (default)
2022-07-27 18:25:02 INFO  RaftServerConfigKeys:46 - raft.server.log.statemachine.data.caching.enabled = true (custom)
2022-07-27 18:25:02 INFO  SegmentedRaftLogWorker:135 - 409b4a67-cd37-4914-b2f5-9af190b75b22@group-D9208D3B42CE-SegmentedRaftLogWorker: flushIndex: setUnconditionally 0 -> -1
2022-07-27 18:25:02 INFO  SegmentedRaftLogWorker:135 - 409b4a67-cd37-4914-b2f5-9af190b75b22@group-D9208D3B42CE-SegmentedRaftLogWorker: safeCacheEvictIndex: setUnconditionally 0 -> -1
2022-07-27 18:25:02 INFO  RaftServerConfigKeys:46 - raft.server.snapshot.auto.trigger.enabled = true (custom)
2022-07-27 18:25:02 INFO  RaftServerConfigKeys:46 - raft.server.snapshot.auto.trigger.threshold = 10000 (custom)
2022-07-27 18:25:02 INFO  RaftServerConfigKeys:46 - raft.server.snapshot.retention.file.num = 5 (custom)
2022-07-27 18:25:02 INFO  RaftServerConfigKeys:46 - raft.server.log.purge.upto.snapshot.index = false (default)
2022-07-27 18:25:02 INFO  RaftServerConfigKeys:46 - raft.server.retrycache.expirytime = 600000ms (custom)
2022-07-27 18:25:02 INFO  RaftServerConfigKeys:46 - raft.server.retrycache.statistics.expirytime = 100?s (default)
2022-07-27 18:25:02 INFO  RaftServerConfigKeys:46 - raft.server.log.appender.install.snapshot.enabled = false (custom)
2022-07-27 18:25:02 INFO  RaftServerConfigKeys:46 - raft.server.threadpool.server.cached = true (default)
2022-07-27 18:25:02 INFO  RaftServerConfigKeys:46 - raft.server.threadpool.server.size = 0 (default)
2022-07-27 18:25:02 INFO  RaftServerConfigKeys:46 - raft.server.threadpool.client.cached = true (default)
2022-07-27 18:25:02 INFO  RaftServerConfigKeys:46 - raft.server.threadpool.client.size = 0 (default)
2022-07-27 18:25:02 INFO  RaftServer$Division:310 - 409b4a67-cd37-4914-b2f5-9af190b75b22@group-D9208D3B42CE: start as a follower, conf=-1: [7d3ee3a1-7ba5-4fb0-8e9e-fa1537176bf9|rpc:datanode-2.datanode.default.svc.cluster.local:9856|admin:datanode-2.datanode.default.svc.cluster.local:9857|client:datanode-2.datanode.default.svc.cluster.local:9858|dataStream:|priority:0, 409b4a67-cd37-4914-b2f5-9af190b75b22|rpc:datanode-0.datanode.default.svc.cluster.local:9856|admin:datanode-0.datanode.default.svc.cluster.local:9857|client:datanode-0.datanode.default.svc.cluster.local:9858|dataStream:|priority:0, 2d1805ee-9bed-4a7f-b83c-cbbb20f1742b|rpc:datanode-1.datanode.default.svc.cluster.local:9856|admin:datanode-1.datanode.default.svc.cluster.local:9857|client:datanode-1.datanode.default.svc.cluster.local:9858|dataStream:|priority:1], old=null
2022-07-27 18:25:02 INFO  RaftServer$Division:299 - 409b4a67-cd37-4914-b2f5-9af190b75b22@group-D9208D3B42CE: changes role from      null to FOLLOWER at term 0 for startAsFollower
2022-07-27 18:25:02 INFO  RoleInfo:139 - 409b4a67-cd37-4914-b2f5-9af190b75b22: start 409b4a67-cd37-4914-b2f5-9af190b75b22@group-D9208D3B42CE-FollowerState
2022-07-27 18:25:02 INFO  JmxRegister:44 - Successfully registered JMX Bean with object name Ratis:service=RaftServer,group=group-D9208D3B42CE,id=409b4a67-cd37-4914-b2f5-9af190b75b22
2022-07-27 18:25:03 INFO  RaftServer:96 - 409b4a67-cd37-4914-b2f5-9af190b75b22: addNew group-DC546DB8723A:[7d3ee3a1-7ba5-4fb0-8e9e-fa1537176bf9|rpc:datanode-2.datanode.default.svc.cluster.local:9856|admin:datanode-2.datanode.default.svc.cluster.local:9857|client:datanode-2.datanode.default.svc.cluster.local:9858|dataStream:|priority:0, 409b4a67-cd37-4914-b2f5-9af190b75b22|rpc:datanode-0.datanode.default.svc.cluster.local:9856|admin:datanode-0.datanode.default.svc.cluster.local:9857|client:datanode-0.datanode.default.svc.cluster.local:9858|dataStream:|priority:0, 2d1805ee-9bed-4a7f-b83c-cbbb20f1742b|rpc:datanode-1.datanode.default.svc.cluster.local:9856|admin:datanode-1.datanode.default.svc.cluster.local:9857|client:datanode-1.datanode.default.svc.cluster.local:9858|dataStream:|priority:1] returns group-DC546DB8723A:java.util.concurrent.CompletableFuture@53f678eb[Not completed]
2022-07-27 18:25:03 INFO  RaftServer$Division:190 - 409b4a67-cd37-4914-b2f5-9af190b75b22: new RaftServerImpl for group-DC546DB8723A:[7d3ee3a1-7ba5-4fb0-8e9e-fa1537176bf9|rpc:datanode-2.datanode.default.svc.cluster.local:9856|admin:datanode-2.datanode.default.svc.cluster.local:9857|client:datanode-2.datanode.default.svc.cluster.local:9858|dataStream:|priority:0, 409b4a67-cd37-4914-b2f5-9af190b75b22|rpc:datanode-0.datanode.default.svc.cluster.local:9856|admin:datanode-0.datanode.default.svc.cluster.local:9857|client:datanode-0.datanode.default.svc.cluster.local:9858|dataStream:|priority:0, 2d1805ee-9bed-4a7f-b83c-cbbb20f1742b|rpc:datanode-1.datanode.default.svc.cluster.local:9856|admin:datanode-1.datanode.default.svc.cluster.local:9857|client:datanode-1.datanode.default.svc.cluster.local:9858|dataStream:|priority:1] with ContainerStateMachine:uninitialized
2022-07-27 18:25:03 INFO  RaftServerConfigKeys:46 - raft.server.rpc.timeout.min = 5s (custom)
2022-07-27 18:25:03 INFO  RaftServerConfigKeys:46 - raft.server.rpc.timeout.max = 5200ms (custom)
2022-07-27 18:25:03 INFO  RaftServerConfigKeys:46 - raft.server.rpc.sleep.time = 25ms (default)
2022-07-27 18:25:03 INFO  RaftServerConfigKeys:46 - raft.server.rpc.slowness.timeout = 300s (custom)
2022-07-27 18:25:03 INFO  RaftServerConfigKeys:46 - raft.server.leaderelection.leader.step-down.wait-time = 10s (default)
2022-07-27 18:25:03 INFO  RaftServerConfigKeys:46 - raft.server.sleep.deviation.threshold = 300ms (default)
2022-07-27 18:25:03 INFO  RaftServer$Division:107 - 409b4a67-cd37-4914-b2f5-9af190b75b22@group-DC546DB8723A: ConfigurationManager, init=-1: [7d3ee3a1-7ba5-4fb0-8e9e-fa1537176bf9|rpc:datanode-2.datanode.default.svc.cluster.local:9856|admin:datanode-2.datanode.default.svc.cluster.local:9857|client:datanode-2.datanode.default.svc.cluster.local:9858|dataStream:|priority:0, 409b4a67-cd37-4914-b2f5-9af190b75b22|rpc:datanode-0.datanode.default.svc.cluster.local:9856|admin:datanode-0.datanode.default.svc.cluster.local:9857|client:datanode-0.datanode.default.svc.cluster.local:9858|dataStream:|priority:0, 2d1805ee-9bed-4a7f-b83c-cbbb20f1742b|rpc:datanode-1.datanode.default.svc.cluster.local:9856|admin:datanode-1.datanode.default.svc.cluster.local:9857|client:datanode-1.datanode.default.svc.cluster.local:9858|dataStream:|priority:1], old=null, confs=<EMPTY_MAP>
2022-07-27 18:25:03 INFO  RaftServerConfigKeys:46 - raft.server.storage.dir = [/data/metadata/ratis] (custom)
2022-07-27 18:25:03 INFO  RaftServerConfigKeys:46 - raft.server.log.corruption.policy = EXCEPTION (default)
2022-07-27 18:25:03 INFO  RaftServerConfigKeys:46 - raft.server.storage.free-space.min = 0MB (=0) (default)
2022-07-27 18:25:03 INFO  RaftStorageDirectory:135 - The storage directory /data/metadata/ratis/64584aa6-ba80-4e11-ace6-dc546db8723a does not exist. Creating ...
2022-07-27 18:25:03 INFO  RaftStorageDirectory:230 - Lock on /data/metadata/ratis/64584aa6-ba80-4e11-ace6-dc546db8723a/in_use.lock acquired by nodename 7@datanode-0
2022-07-27 18:25:03 INFO  RaftStorage:89 - Storage directory /data/metadata/ratis/64584aa6-ba80-4e11-ace6-dc546db8723a has been successfully formatted.
2022-07-27 18:25:03 INFO  ContainerStateMachine:236 - group-DC546DB8723A: The snapshot info is null. Setting the last applied indexto:(t:0, i:~)
2022-07-27 18:25:03 INFO  RaftServerConfigKeys:46 - raft.server.notification.no-leader.timeout = 300s (custom)
2022-07-27 18:25:03 INFO  RaftServerConfigKeys:46 - raft.server.log.use.memory = false (default)
2022-07-27 18:25:03 INFO  RaftServerConfigKeys:46 - raft.server.log.purge.gap = 1000000 (custom)
2022-07-27 18:25:03 INFO  RaftServerConfigKeys:46 - raft.server.log.appender.buffer.byte-limit = 33554432 (custom)
2022-07-27 18:25:03 INFO  RaftServerConfigKeys:46 - raft.server.log.statemachine.data.read.timeout = 1000ms (default)
2022-07-27 18:25:03 INFO  RaftServerConfigKeys:46 - raft.server.log.segment.size.max = 1048576 (custom)
2022-07-27 18:25:03 INFO  RaftServerConfigKeys:46 - raft.server.log.segment.cache.num.max = 2 (custom)
2022-07-27 18:25:03 INFO  RaftServerConfigKeys:46 - raft.server.log.segment.cache.size.max = 200MB (=209715200) (default)
2022-07-27 18:25:03 INFO  SegmentedRaftLogWorker:187 - new 409b4a67-cd37-4914-b2f5-9af190b75b22@group-DC546DB8723A-SegmentedRaftLogWorker for RaftStorageImpl:Storage Directory /data/metadata/ratis/64584aa6-ba80-4e11-ace6-dc546db8723a
2022-07-27 18:25:03 INFO  RaftServerConfigKeys:46 - raft.server.log.queue.byte-limit = 4294967296 (custom)
2022-07-27 18:25:03 INFO  RaftServerConfigKeys:46 - raft.server.log.queue.element-limit = 1024 (custom)
2022-07-27 18:25:03 INFO  RaftServerConfigKeys:46 - raft.server.log.segment.size.max = 1048576 (custom)
2022-07-27 18:25:03 INFO  RaftServerConfigKeys:46 - raft.server.log.preallocated.size = 16384 (custom)
2022-07-27 18:25:03 INFO  RaftServerConfigKeys:46 - raft.server.log.force.sync.num = 128 (default)
2022-07-27 18:25:03 INFO  RaftServerConfigKeys:46 - raft.server.log.statemachine.data.sync = true (default)
2022-07-27 18:25:03 INFO  RaftServerConfigKeys:46 - raft.server.log.statemachine.data.sync.timeout = 10s (default)
2022-07-27 18:25:03 INFO  RaftServerConfigKeys:46 - raft.server.log.statemachine.data.sync.timeout.retry = -1 (default)
2022-07-27 18:25:03 INFO  RaftServerConfigKeys:46 - raft.server.log.write.buffer.size = 1048576 (custom)
2022-07-27 18:25:03 INFO  RaftServerConfigKeys:46 - raft.server.log.unsafe-flush.enabled = false (default)
2022-07-27 18:25:03 INFO  RaftServerConfigKeys:46 - raft.server.log.statemachine.data.caching.enabled = true (custom)
2022-07-27 18:25:03 INFO  SegmentedRaftLogWorker:135 - 409b4a67-cd37-4914-b2f5-9af190b75b22@group-DC546DB8723A-SegmentedRaftLogWorker: flushIndex: setUnconditionally 0 -> -1
2022-07-27 18:25:03 INFO  SegmentedRaftLogWorker:135 - 409b4a67-cd37-4914-b2f5-9af190b75b22@group-DC546DB8723A-SegmentedRaftLogWorker: safeCacheEvictIndex: setUnconditionally 0 -> -1
2022-07-27 18:25:03 INFO  RaftServerConfigKeys:46 - raft.server.snapshot.auto.trigger.enabled = true (custom)
2022-07-27 18:25:03 INFO  RaftServerConfigKeys:46 - raft.server.snapshot.auto.trigger.threshold = 10000 (custom)
2022-07-27 18:25:03 INFO  RaftServerConfigKeys:46 - raft.server.snapshot.retention.file.num = 5 (custom)
2022-07-27 18:25:03 INFO  RaftServerConfigKeys:46 - raft.server.log.purge.upto.snapshot.index = false (default)
2022-07-27 18:25:03 INFO  RaftServerConfigKeys:46 - raft.server.retrycache.expirytime = 600000ms (custom)
2022-07-27 18:25:03 INFO  RaftServerConfigKeys:46 - raft.server.retrycache.statistics.expirytime = 100?s (default)
2022-07-27 18:25:03 INFO  RaftServerConfigKeys:46 - raft.server.log.appender.install.snapshot.enabled = false (custom)
2022-07-27 18:25:03 INFO  RaftServerConfigKeys:46 - raft.server.threadpool.server.cached = true (default)
2022-07-27 18:25:03 INFO  RaftServerConfigKeys:46 - raft.server.threadpool.server.size = 0 (default)
2022-07-27 18:25:03 INFO  RaftServerConfigKeys:46 - raft.server.threadpool.client.cached = true (default)
2022-07-27 18:25:03 INFO  RaftServerConfigKeys:46 - raft.server.threadpool.client.size = 0 (default)
2022-07-27 18:25:03 INFO  RaftServer$Division:310 - 409b4a67-cd37-4914-b2f5-9af190b75b22@group-DC546DB8723A: start as a follower, conf=-1: [7d3ee3a1-7ba5-4fb0-8e9e-fa1537176bf9|rpc:datanode-2.datanode.default.svc.cluster.local:9856|admin:datanode-2.datanode.default.svc.cluster.local:9857|client:datanode-2.datanode.default.svc.cluster.local:9858|dataStream:|priority:0, 409b4a67-cd37-4914-b2f5-9af190b75b22|rpc:datanode-0.datanode.default.svc.cluster.local:9856|admin:datanode-0.datanode.default.svc.cluster.local:9857|client:datanode-0.datanode.default.svc.cluster.local:9858|dataStream:|priority:0, 2d1805ee-9bed-4a7f-b83c-cbbb20f1742b|rpc:datanode-1.datanode.default.svc.cluster.local:9856|admin:datanode-1.datanode.default.svc.cluster.local:9857|client:datanode-1.datanode.default.svc.cluster.local:9858|dataStream:|priority:1], old=null
2022-07-27 18:25:03 INFO  RaftServer$Division:299 - 409b4a67-cd37-4914-b2f5-9af190b75b22@group-DC546DB8723A: changes role from      null to FOLLOWER at term 0 for startAsFollower
2022-07-27 18:25:03 INFO  RoleInfo:139 - 409b4a67-cd37-4914-b2f5-9af190b75b22: start 409b4a67-cd37-4914-b2f5-9af190b75b22@group-DC546DB8723A-FollowerState
2022-07-27 18:25:03 INFO  JmxRegister:44 - Successfully registered JMX Bean with object name Ratis:service=RaftServer,group=group-DC546DB8723A,id=409b4a67-cd37-4914-b2f5-9af190b75b22
2022-07-27 18:25:07 INFO  CreatePipelineCommandHandler:113 - Created Pipeline RATIS THREE PipelineID=fce268cf-166e-4cef-9a86-6a930deade83.
2022-07-27 18:25:07 INFO  RaftServer:107 - 409b4a67-cd37-4914-b2f5-9af190b75b22: remove  FOLLOWER 409b4a67-cd37-4914-b2f5-9af190b75b22@group-6A930DEADE83:t1, leader=null, voted=409b4a67-cd37-4914-b2f5-9af190b75b22, raftlog=409b4a67-cd37-4914-b2f5-9af190b75b22@group-6A930DEADE83-SegmentedRaftLog:OPENED:c-1, conf=-1: [7d3ee3a1-7ba5-4fb0-8e9e-fa1537176bf9|rpc:datanode-2.datanode.default.svc.cluster.local:9856|admin:datanode-2.datanode.default.svc.cluster.local:9857|client:datanode-2.datanode.default.svc.cluster.local:9858|priority:0, 409b4a67-cd37-4914-b2f5-9af190b75b22|rpc:datanode-0.datanode.default.svc.cluster.local:9856|admin:datanode-0.datanode.default.svc.cluster.local:9857|client:datanode-0.datanode.default.svc.cluster.local:9858|priority:0, 2d1805ee-9bed-4a7f-b83c-cbbb20f1742b|rpc:datanode-1.datanode.default.svc.cluster.local:9856|admin:datanode-1.datanode.default.svc.cluster.local:9857|client:datanode-1.datanode.default.svc.cluster.local:9858|priority:1], old=null RUNNING
2022-07-27 18:25:07 INFO  RaftServer$Division:434 - 409b4a67-cd37-4914-b2f5-9af190b75b22@group-6A930DEADE83: shutdown
2022-07-27 18:25:07 INFO  JmxRegister:73 - Successfully un-registered JMX Bean with object name Ratis:service=RaftServer,group=group-6A930DEADE83,id=409b4a67-cd37-4914-b2f5-9af190b75b22
2022-07-27 18:25:07 INFO  RoleInfo:110 - 409b4a67-cd37-4914-b2f5-9af190b75b22: shutdown 409b4a67-cd37-4914-b2f5-9af190b75b22@group-6A930DEADE83-FollowerState
2022-07-27 18:25:07 INFO  FollowerState:152 - 409b4a67-cd37-4914-b2f5-9af190b75b22@group-6A930DEADE83-FollowerState was interrupted
2022-07-27 18:25:07 INFO  StateMachineUpdater:153 - 409b4a67-cd37-4914-b2f5-9af190b75b22@group-6A930DEADE83-StateMachineUpdater: set stopIndex = -1
2022-07-27 18:25:07 INFO  RaftServer$Division:429 - 409b4a67-cd37-4914-b2f5-9af190b75b22@group-6A930DEADE83: closes. applyIndex: -1
2022-07-27 18:25:07 INFO  SegmentedRaftLogWorker:336 - 409b4a67-cd37-4914-b2f5-9af190b75b22@group-6A930DEADE83-SegmentedRaftLogWorker was interrupted, exiting. There are 0 tasks remaining in the queue.
2022-07-27 18:25:07 INFO  SegmentedRaftLogWorker:246 - 409b4a67-cd37-4914-b2f5-9af190b75b22@group-6A930DEADE83-SegmentedRaftLogWorker close()
2022-07-27 18:25:07 INFO  RaftServer$Division:404 - 409b4a67-cd37-4914-b2f5-9af190b75b22@group-6A930DEADE83: Succeed to remove RaftStorageDirectory Storage Directory /data/metadata/ratis/fce268cf-166e-4cef-9a86-6a930deade83
2022-07-27 18:25:07 INFO  ClosePipelineCommandHandler:78 - Close Pipeline PipelineID=fce268cf-166e-4cef-9a86-6a930deade83 command on datanode 409b4a67-cd37-4914-b2f5-9af190b75b22.
2022-07-27 18:25:07 INFO  RaftServer:107 - 409b4a67-cd37-4914-b2f5-9af190b75b22: remove  FOLLOWER 409b4a67-cd37-4914-b2f5-9af190b75b22@group-D9208D3B42CE:t0, leader=null, voted=, raftlog=409b4a67-cd37-4914-b2f5-9af190b75b22@group-D9208D3B42CE-SegmentedRaftLog:OPENED:c-1, conf=-1: [7d3ee3a1-7ba5-4fb0-8e9e-fa1537176bf9|rpc:datanode-2.datanode.default.svc.cluster.local:9856|admin:datanode-2.datanode.default.svc.cluster.local:9857|client:datanode-2.datanode.default.svc.cluster.local:9858|dataStream:|priority:0, 409b4a67-cd37-4914-b2f5-9af190b75b22|rpc:datanode-0.datanode.default.svc.cluster.local:9856|admin:datanode-0.datanode.default.svc.cluster.local:9857|client:datanode-0.datanode.default.svc.cluster.local:9858|dataStream:|priority:0, 2d1805ee-9bed-4a7f-b83c-cbbb20f1742b|rpc:datanode-1.datanode.default.svc.cluster.local:9856|admin:datanode-1.datanode.default.svc.cluster.local:9857|client:datanode-1.datanode.default.svc.cluster.local:9858|dataStream:|priority:1], old=null RUNNING
2022-07-27 18:25:07 INFO  RaftServer$Division:434 - 409b4a67-cd37-4914-b2f5-9af190b75b22@group-D9208D3B42CE: shutdown
2022-07-27 18:25:07 INFO  JmxRegister:73 - Successfully un-registered JMX Bean with object name Ratis:service=RaftServer,group=group-D9208D3B42CE,id=409b4a67-cd37-4914-b2f5-9af190b75b22
2022-07-27 18:25:07 INFO  RoleInfo:110 - 409b4a67-cd37-4914-b2f5-9af190b75b22: shutdown 409b4a67-cd37-4914-b2f5-9af190b75b22@group-D9208D3B42CE-FollowerState
2022-07-27 18:25:07 INFO  FollowerState:152 - 409b4a67-cd37-4914-b2f5-9af190b75b22@group-D9208D3B42CE-FollowerState was interrupted
2022-07-27 18:25:07 INFO  StateMachineUpdater:153 - 409b4a67-cd37-4914-b2f5-9af190b75b22@group-D9208D3B42CE-StateMachineUpdater: set stopIndex = -1
2022-07-27 18:25:07 INFO  RaftServer$Division:429 - 409b4a67-cd37-4914-b2f5-9af190b75b22@group-D9208D3B42CE: closes. applyIndex: -1
2022-07-27 18:25:07 INFO  SegmentedRaftLogWorker:336 - 409b4a67-cd37-4914-b2f5-9af190b75b22@group-D9208D3B42CE-SegmentedRaftLogWorker was interrupted, exiting. There are 0 tasks remaining in the queue.
2022-07-27 18:25:07 INFO  SegmentedRaftLogWorker:246 - 409b4a67-cd37-4914-b2f5-9af190b75b22@group-D9208D3B42CE-SegmentedRaftLogWorker close()
2022-07-27 18:25:07 INFO  RaftServer$Division:404 - 409b4a67-cd37-4914-b2f5-9af190b75b22@group-D9208D3B42CE: Succeed to remove RaftStorageDirectory Storage Directory /data/metadata/ratis/307f83aa-e559-4f75-84ff-d9208d3b42ce
2022-07-27 18:25:07 INFO  ClosePipelineCommandHandler:78 - Close Pipeline PipelineID=307f83aa-e559-4f75-84ff-d9208d3b42ce command on datanode 409b4a67-cd37-4914-b2f5-9af190b75b22.
2022-07-27 18:25:08 INFO  RaftServer$Division:1152 - 409b4a67-cd37-4914-b2f5-9af190b75b22@group-DC546DB8723A: receive requestVote(ELECTION, 2d1805ee-9bed-4a7f-b83c-cbbb20f1742b, group-DC546DB8723A, 1, (t:0, i:0))
2022-07-27 18:25:08 INFO  VoteContext:48 - 409b4a67-cd37-4914-b2f5-9af190b75b22@group-DC546DB8723A-FOLLOWER: accept ELECTION from 2d1805ee-9bed-4a7f-b83c-cbbb20f1742b: our priority 0 <= candidate's priority 1
2022-07-27 18:25:08 INFO  RaftServer$Division:299 - 409b4a67-cd37-4914-b2f5-9af190b75b22@group-DC546DB8723A: changes role from  FOLLOWER to FOLLOWER at term 1 for candidate:2d1805ee-9bed-4a7f-b83c-cbbb20f1742b
2022-07-27 18:25:08 INFO  RoleInfo:110 - 409b4a67-cd37-4914-b2f5-9af190b75b22: shutdown 409b4a67-cd37-4914-b2f5-9af190b75b22@group-DC546DB8723A-FollowerState
2022-07-27 18:25:08 INFO  FollowerState:152 - 409b4a67-cd37-4914-b2f5-9af190b75b22@group-DC546DB8723A-FollowerState was interrupted
2022-07-27 18:25:08 INFO  RoleInfo:139 - 409b4a67-cd37-4914-b2f5-9af190b75b22: start 409b4a67-cd37-4914-b2f5-9af190b75b22@group-DC546DB8723A-FollowerState
2022-07-27 18:25:08 INFO  RaftServer$Division:1184 - 409b4a67-cd37-4914-b2f5-9af190b75b22@group-DC546DB8723A replies to ELECTION vote request: 2d1805ee-9bed-4a7f-b83c-cbbb20f1742b<-409b4a67-cd37-4914-b2f5-9af190b75b22#0:OK-t1. Peer's state: 409b4a67-cd37-4914-b2f5-9af190b75b22@group-DC546DB8723A:t1, leader=null, voted=2d1805ee-9bed-4a7f-b83c-cbbb20f1742b, raftlog=409b4a67-cd37-4914-b2f5-9af190b75b22@group-DC546DB8723A-SegmentedRaftLog:OPENED:c-1, conf=-1: [7d3ee3a1-7ba5-4fb0-8e9e-fa1537176bf9|rpc:datanode-2.datanode.default.svc.cluster.local:9856|admin:datanode-2.datanode.default.svc.cluster.local:9857|client:datanode-2.datanode.default.svc.cluster.local:9858|dataStream:|priority:0, 409b4a67-cd37-4914-b2f5-9af190b75b22|rpc:datanode-0.datanode.default.svc.cluster.local:9856|admin:datanode-0.datanode.default.svc.cluster.local:9857|client:datanode-0.datanode.default.svc.cluster.local:9858|dataStream:|priority:0, 2d1805ee-9bed-4a7f-b83c-cbbb20f1742b|rpc:datanode-1.datanode.default.svc.cluster.local:9856|admin:datanode-1.datanode.default.svc.cluster.local:9857|client:datanode-1.datanode.default.svc.cluster.local:9858|dataStream:|priority:1], old=null
2022-07-27 18:25:08 INFO  XceiverServerRatis:863 - Leader change notification received for group: group-DC546DB8723A with new leaderId: 2d1805ee-9bed-4a7f-b83c-cbbb20f1742b
2022-07-27 18:25:08 INFO  RaftServer$Division:287 - 409b4a67-cd37-4914-b2f5-9af190b75b22@group-DC546DB8723A: change Leader from null to 2d1805ee-9bed-4a7f-b83c-cbbb20f1742b at term 1 for appendEntries, leader elected after 5097ms
2022-07-27 18:25:08 INFO  RaftServer$Division:393 - 409b4a67-cd37-4914-b2f5-9af190b75b22@group-DC546DB8723A: set configuration 0: [7d3ee3a1-7ba5-4fb0-8e9e-fa1537176bf9|rpc:datanode-2.datanode.default.svc.cluster.local:9856|admin:datanode-2.datanode.default.svc.cluster.local:9857|client:datanode-2.datanode.default.svc.cluster.local:9858|dataStream:|priority:0, 409b4a67-cd37-4914-b2f5-9af190b75b22|rpc:datanode-0.datanode.default.svc.cluster.local:9856|admin:datanode-0.datanode.default.svc.cluster.local:9857|client:datanode-0.datanode.default.svc.cluster.local:9858|dataStream:|priority:0, 2d1805ee-9bed-4a7f-b83c-cbbb20f1742b|rpc:datanode-1.datanode.default.svc.cluster.local:9856|admin:datanode-1.datanode.default.svc.cluster.local:9857|client:datanode-1.datanode.default.svc.cluster.local:9858|dataStream:|priority:1], old=null
2022-07-27 18:25:08 INFO  SegmentedRaftLogWorker:425 - 409b4a67-cd37-4914-b2f5-9af190b75b22@group-DC546DB8723A-SegmentedRaftLogWorker: Starting segment from index:0
2022-07-27 18:25:08 INFO  SegmentedRaftLogWorker:629 - 409b4a67-cd37-4914-b2f5-9af190b75b22@group-DC546DB8723A-SegmentedRaftLogWorker: created new log segment /data/metadata/ratis/64584aa6-ba80-4e11-ace6-dc546db8723a/current/log_inprogress_0
