No '-XX:...' jvm parameters are set. Adding safer GC settings '-XX:ParallelGCThreads=8 -XX:+UseConcMarkSweepGC -XX:CMSInitiatingOccupancyFraction=70 -XX:+CMSParallelRemarkEnabled' to the OZONE_OPTS
OpenJDK 64-Bit Server VM warning: Option UseConcMarkSweepGC was deprecated in version 9.0 and will likely be removed in a future release.
2022-07-27 18:24:40 INFO  HddsDatanodeService:112 - STARTUP_MSG: 
/************************************************************
STARTUP_MSG: Starting HddsDatanodeService
STARTUP_MSG:   host = datanode-1/10.42.0.42
STARTUP_MSG:   args = []
STARTUP_MSG:   version = 1.3.0-SNAPSHOT
STARTUP_MSG:   classpath = /etc/hadoop:/opt/hadoop/share/ozone/lib/kerb-simplekdc-1.0.1.jar:/opt/hadoop/share/ozone/lib/slf4j-log4j12-1.7.30.jar:/opt/hadoop/share/ozone/lib/protobuf-java-2.5.0.jar:/opt/hadoop/share/ozone/lib/jaxb-core-2.3.0.1.jar:/opt/hadoop/share/ozone/lib/netty-handler-4.1.79.Final.jar:/opt/hadoop/share/ozone/lib/istack-commons-runtime-3.0.5.jar:/opt/hadoop/share/ozone/lib/commons-validator-1.6.jar:/opt/hadoop/share/ozone/lib/bcpkix-jdk15on-1.67.jar:/opt/hadoop/share/ozone/lib/hdds-interface-admin-1.3.0-SNAPSHOT.jar:/opt/hadoop/share/ozone/lib/jackson-annotations-2.13.2.jar:/opt/hadoop/share/ozone/lib/jetty-security-9.4.43.v20210629.jar:/opt/hadoop/share/ozone/lib/kerb-core-1.0.1.jar:/opt/hadoop/share/ozone/lib/hadoop-shaded-protobuf_3_7-1.1.1.jar:/opt/hadoop/share/ozone/lib/netty-common-4.1.79.Final.jar:/opt/hadoop/share/ozone/lib/ozone-annotation-processing-1.3.0-SNAPSHOT.jar:/opt/hadoop/share/ozone/lib/hdds-container-service-1.3.0-SNAPSHOT.jar:/opt/hadoop/share/ozone/lib/okhttp-4.9.0.jar:/opt/hadoop/share/ozone/lib/jsr305-3.0.0.jar:/opt/hadoop/share/ozone/lib/j2objc-annotations-1.3.jar:/opt/hadoop/share/ozone/lib/htrace-core4-4.1.0-incubating.jar:/opt/hadoop/share/ozone/lib/picocli-4.6.1.jar:/opt/hadoop/share/ozone/lib/jackson-datatype-jsr310-2.13.2.jar:/opt/hadoop/share/ozone/lib/javassist-3.21.0-GA.jar:/opt/hadoop/share/ozone/lib/jaxb-api-2.3.0.jar:/opt/hadoop/share/ozone/lib/kerb-util-1.0.1.jar:/opt/hadoop/share/ozone/lib/hadoop-shaded-guava-1.1.1.jar:/opt/hadoop/share/ozone/lib/ratis-metrics-2.3.0.jar:/opt/hadoop/share/ozone/lib/kotlin-stdlib-1.6.21.jar:/opt/hadoop/share/ozone/lib/log4j-core-2.17.1.jar:/opt/hadoop/share/ozone/lib/commons-logging-1.2.jar:/opt/hadoop/share/ozone/lib/accessors-smart-2.4.7.jar:/opt/hadoop/share/ozone/lib/kerby-xdr-1.0.1.jar:/opt/hadoop/share/ozone/lib/txw2-2.3.0.1.jar:/opt/hadoop/share/ozone/lib/httpcore-4.4.13.jar:/opt/hadoop/share/ozone/lib/guava-31.1-jre.jar:/opt/hadoop/share/ozone/lib/opentracing-tracerresolver-0.1.8.jar:/opt/hadoop/share/ozone/lib/commons-net-3.6.jar:/opt/hadoop/share/ozone/lib/netty-transport-4.1.79.Final.jar:/opt/hadoop/share/ozone/lib/rocksdbjni-6.29.5.jar:/opt/hadoop/share/ozone/lib/libthrift-0.14.1.jar:/opt/hadoop/share/ozone/lib/snakeyaml-1.26.jar:/opt/hadoop/share/ozone/lib/stax-ex-1.7.8.jar:/opt/hadoop/share/ozone/lib/httpclient-4.5.13.jar:/opt/hadoop/share/ozone/lib/jetty-servlet-9.4.43.v20210629.jar:/opt/hadoop/share/ozone/lib/kerby-config-1.0.1.jar:/opt/hadoop/share/ozone/lib/ratis-common-2.3.0.jar:/opt/hadoop/share/ozone/lib/jaeger-client-1.6.0.jar:/opt/hadoop/share/ozone/lib/commons-io-2.11.0.jar:/opt/hadoop/share/ozone/lib/metrics-core-3.2.4.jar:/opt/hadoop/share/ozone/lib/kerby-pkix-1.0.1.jar:/opt/hadoop/share/ozone/lib/activation-1.1.1.jar:/opt/hadoop/share/ozone/lib/json-smart-2.4.7.jar:/opt/hadoop/share/ozone/lib/hdds-interface-client-1.3.0-SNAPSHOT.jar:/opt/hadoop/share/ozone/lib/jsr311-api-1.1.1.jar:/opt/hadoop/share/ozone/lib/ratis-grpc-2.3.0.jar:/opt/hadoop/share/ozone/lib/jetty-webapp-9.4.43.v20210629.jar:/opt/hadoop/share/ozone/lib/commons-beanutils-1.9.4.jar:/opt/hadoop/share/ozone/lib/jackson-core-2.13.2.jar:/opt/hadoop/share/ozone/lib/hdds-server-framework-1.3.0-SNAPSHOT.jar:/opt/hadoop/share/ozone/lib/javax.servlet-api-3.1.0.jar:/opt/hadoop/share/ozone/lib/kerb-server-1.0.1.jar:/opt/hadoop/share/ozone/lib/hdds-common-1.3.0-SNAPSHOT.jar:/opt/hadoop/share/ozone/lib/kerb-client-1.0.1.jar:/opt/hadoop/share/ozone/lib/disruptor-3.4.2.jar:/opt/hadoop/share/ozone/lib/gson-2.9.0.jar:/opt/hadoop/share/ozone/lib/reflections-0.9.11.jar:/opt/hadoop/share/ozone/lib/hdds-erasurecode-1.3.0-SNAPSHOT.jar:/opt/hadoop/share/ozone/lib/jetty-io-9.4.43.v20210629.jar:/opt/hadoop/share/ozone/lib/hdds-interface-server-1.3.0-SNAPSHOT.jar:/opt/hadoop/share/ozone/lib/hadoop-hdfs-3.3.1.jar:/opt/hadoop/share/ozone/lib/ratis-proto-2.3.0.jar:/opt/hadoop/share/ozone/lib/annotations-13.0.jar:/opt/hadoop/share/ozone/lib/jetty-server-9.4.43.v20210629.jar:/opt/hadoop/share/ozone/lib/simpleclient_common-0.7.0.jar:/opt/hadoop/share/ozone/lib/hadoop-common-3.3.1.jar:/opt/hadoop/share/ozone/lib/dnsjava-2.1.7.jar:/opt/hadoop/share/ozone/lib/jaeger-thrift-1.6.0.jar:/opt/hadoop/share/ozone/lib/bcprov-jdk15on-1.67.jar:/opt/hadoop/share/ozone/lib/commons-configuration2-2.1.1.jar:/opt/hadoop/share/ozone/lib/token-provider-1.0.1.jar:/opt/hadoop/share/ozone/lib/log4j-1.2.17.jar:/opt/hadoop/share/ozone/lib/commons-daemon-1.0.13.jar:/opt/hadoop/share/ozone/lib/listenablefuture-9999.0-empty-to-avoid-conflict-with-guava.jar:/opt/hadoop/share/ozone/lib/netty-buffer-4.1.79.Final.jar:/opt/hadoop/share/ozone/lib/jetty-xml-9.4.43.v20210629.jar:/opt/hadoop/share/ozone/lib/jaeger-tracerresolver-1.6.0.jar:/opt/hadoop/share/ozone/lib/commons-lang3-3.7.jar:/opt/hadoop/share/ozone/lib/ratis-netty-2.3.0.jar:/opt/hadoop/share/ozone/lib/re2j-1.1.jar:/opt/hadoop/share/ozone/lib/commons-math3-3.1.1.jar:/opt/hadoop/share/ozone/lib/jackson-databind-2.13.2.2.jar:/opt/hadoop/share/ozone/lib/simpleclient_dropwizard-0.7.0.jar:/opt/hadoop/share/ozone/lib/simpleclient-0.7.0.jar:/opt/hadoop/share/ozone/lib/asm-5.0.4.jar:/opt/hadoop/share/ozone/lib/kerby-util-1.0.1.jar:/opt/hadoop/share/ozone/lib/netty-codec-4.1.79.Final.jar:/opt/hadoop/share/ozone/lib/failureaccess-1.0.1.jar:/opt/hadoop/share/ozone/lib/okio-2.8.0.jar:/opt/hadoop/share/ozone/lib/hdds-config-1.3.0-SNAPSHOT.jar:/opt/hadoop/share/ozone/lib/jsp-api-2.1.jar:/opt/hadoop/share/ozone/lib/jetty-http-9.4.43.v20210629.jar:/opt/hadoop/share/ozone/lib/jsch-0.1.54.jar:/opt/hadoop/share/ozone/lib/jakarta.activation-api-1.2.1.jar:/opt/hadoop/share/ozone/lib/slf4j-api-1.7.30.jar:/opt/hadoop/share/ozone/lib/hadoop-hdfs-client-3.3.1.jar:/opt/hadoop/share/ozone/lib/nimbus-jose-jwt-7.9.jar:/opt/hadoop/share/ozone/lib/commons-codec-1.11.jar:/opt/hadoop/share/ozone/lib/commons-pool2-2.6.0.jar:/opt/hadoop/share/ozone/lib/netty-resolver-4.1.79.Final.jar:/opt/hadoop/share/ozone/lib/jetty-util-9.4.43.v20210629.jar:/opt/hadoop/share/ozone/lib/jetty-util-ajax-9.4.43.v20210629.jar:/opt/hadoop/share/ozone/lib/opentracing-api-0.33.0.jar:/opt/hadoop/share/ozone/lib/jcip-annotations-1.0-1.jar:/opt/hadoop/share/ozone/lib/kerb-admin-1.0.1.jar:/opt/hadoop/share/ozone/lib/ratis-thirdparty-misc-1.0.0.jar:/opt/hadoop/share/ozone/lib/kotlin-stdlib-common-1.6.21.jar:/opt/hadoop/share/ozone/lib/opentracing-noop-0.33.0.jar:/opt/hadoop/share/ozone/lib/netty-transport-native-unix-common-4.1.79.Final.jar:/opt/hadoop/share/ozone/lib/jersey-core-1.19.jar:/opt/hadoop/share/ozone/lib/commons-compress-1.21.jar:/opt/hadoop/share/ozone/lib/jaxb-runtime-2.3.0.1.jar:/opt/hadoop/share/ozone/lib/ratis-server-api-2.3.0.jar:/opt/hadoop/share/ozone/lib/opentracing-util-0.33.0.jar:/opt/hadoop/share/ozone/lib/hdds-client-1.3.0-SNAPSHOT.jar:/opt/hadoop/share/ozone/lib/snappy-java-1.1.8.2.jar:/opt/hadoop/share/ozone/lib/hdds-hadoop-dependency-client-1.3.0-SNAPSHOT.jar:/opt/hadoop/share/ozone/lib/commons-cli-1.2.jar:/opt/hadoop/share/ozone/lib/woodstox-core-5.0.3.jar:/opt/hadoop/share/ozone/lib/ratis-server-2.3.0.jar:/opt/hadoop/share/ozone/lib/log4j-api-2.17.1.jar:/opt/hadoop/share/ozone/lib/javax.annotation-api-1.2.jar:/opt/hadoop/share/ozone/lib/kerby-asn1-1.0.1.jar:/opt/hadoop/share/ozone/lib/hadoop-annotations-3.3.1.jar:/opt/hadoop/share/ozone/lib/checker-qual-3.12.0.jar:/opt/hadoop/share/ozone/lib/stax2-api-3.1.4.jar:/opt/hadoop/share/ozone/lib/commons-collections-3.2.2.jar:/opt/hadoop/share/ozone/lib/commons-digester-1.8.1.jar:/opt/hadoop/share/ozone/lib/jaeger-core-1.6.0.jar:/opt/hadoop/share/ozone/lib/commons-text-1.4.jar:/opt/hadoop/share/ozone/lib/jersey-servlet-1.19.jar:/opt/hadoop/share/ozone/lib/hadoop-auth-3.3.1.jar:/opt/hadoop/share/ozone/lib/kerb-identity-1.0.1.jar:/opt/hadoop/share/ozone/lib/FastInfoset-1.2.13.jar:/opt/hadoop/share/ozone/lib/kerb-common-1.0.1.jar:/opt/hadoop/share/ozone/lib/ratis-client-2.3.0.jar:/opt/hadoop/share/ozone/lib/jersey-server-1.19.jar:/opt/hadoop/share/ozone/lib/hdds-hadoop-dependency-server-1.3.0-SNAPSHOT.jar:/opt/hadoop/share/ozone/lib/kerb-crypto-1.0.1.jar:/opt/hadoop/share/ozone/web:/opt/hadoop/share/ozone/lib/ozone-datanode-1.3.0-SNAPSHOT.jar
STARTUP_MSG:   build = https://github.com/apache/ozone/c913760611c8a2ed6679ef2183cf953b12c06776 ; compiled by 'runner' on 2022-07-27T17:55Z
STARTUP_MSG:   java = 11.0.14.1
************************************************************/
2022-07-27 18:24:40 INFO  HddsDatanodeService:90 - registered UNIX signal handlers for [TERM, HUP, INT]
2022-07-27 18:24:40 INFO  MetricRegistries:64 - Loaded MetricRegistries class org.apache.ratis.metrics.impl.MetricRegistriesImpl
2022-07-27 18:24:40 INFO  MetricsConfig:120 - Loaded properties from hadoop-metrics2.properties
2022-07-27 18:24:41 INFO  MetricsSystemImpl:378 - Scheduled Metric snapshot period at 10 second(s).
2022-07-27 18:24:41 INFO  MetricsSystemImpl:191 - HddsDatanode metrics system started
2022-07-27 18:24:42 INFO  HddsDatanodeService:236 - HddsDatanodeService host:datanode-1.datanode.default.svc.cluster.local ip:10.42.0.42
2022-07-27 18:24:42 INFO  AbstractLayoutVersionManager:83 - Initializing Layout version manager with metadata layout = DATANODE_SCHEMA_V3 (version = 4), software layout = DATANODE_SCHEMA_V3 (version = 4)
2022-07-27 18:24:43 INFO  Reflections:232 - Reflections took 133 ms to scan 2 urls, producing 89 keys and 198 values 
2022-07-27 18:24:43 INFO  DatanodeStateMachine:237 - Datanode State Machine Task Thread Pool size 2
2022-07-27 18:24:43 INFO  SaveSpaceUsageToFile:89 - Cached usage info found in /data/storage/scmUsed: 14336 at 2022-07-27T18:24:10.457Z
2022-07-27 18:24:43 INFO  HddsVolume:116 - Creating HddsVolume: /data/storage/hdds of storage type : DISK capacity : 89297309696
2022-07-27 18:24:43 INFO  MutableVolumeSet:174 - Added Volume : /data/storage/hdds to VolumeSet
2022-07-27 18:24:43 INFO  ThrottledAsyncChecker:141 - Scheduling a check for /data/storage/hdds
2022-07-27 18:24:43 INFO  StorageVolumeChecker:202 - Scheduled health check for volume /data/storage/hdds
2022-07-27 18:24:44 WARN  ServerUtils:237 - Storage directory for Ratis is not configured. It is a good idea to map this to an SSD disk. Falling back to ozone.metadata.dirs
2022-07-27 18:24:44 INFO  SaveSpaceUsageToFile:89 - Cached usage info found in /data/metadata/ratis/scmUsed: 4096 at 2022-07-27T18:24:10.456Z
2022-07-27 18:24:44 INFO  MutableVolumeSet:174 - Added Volume : /data/metadata/ratis to VolumeSet
2022-07-27 18:24:44 INFO  ThrottledAsyncChecker:141 - Scheduling a check for /data/metadata/ratis
2022-07-27 18:24:44 INFO  StorageVolumeChecker:202 - Scheduled health check for volume /data/metadata/ratis
2022-07-27 18:24:44 INFO  ContainerReader:145 - Start to verify containers on volume /data/storage/hdds
2022-07-27 18:24:44 INFO  ContainerReader:175 - Finish verifying containers on volume /data/storage/hdds
2022-07-27 18:24:44 INFO  OzoneContainer:299 - Build ContainerSet costs 0s
2022-07-27 18:24:48 INFO  AuditLogger:126 - Refresh DebugCmdSet for DNAudit to [].
2022-07-27 18:24:48 WARN  ServerUtils:237 - Storage directory for Ratis is not configured. It is a good idea to map this to an SSD disk. Falling back to ozone.metadata.dirs
2022-07-27 18:24:49 INFO  RaftServer:46 - raft.rpc.type = GRPC (default)
2022-07-27 18:24:49 INFO  GrpcConfigKeys:46 - raft.grpc.admin.port = 9857 (custom)
2022-07-27 18:24:49 INFO  GrpcConfigKeys:46 - raft.grpc.client.port = 9858 (custom)
2022-07-27 18:24:49 INFO  GrpcConfigKeys:46 - raft.grpc.server.port = 9856 (custom)
2022-07-27 18:24:49 INFO  GrpcService:46 - raft.grpc.message.size.max = 32MB (=33554432) (custom)
2022-07-27 18:24:49 INFO  RaftServerConfigKeys:46 - raft.server.log.appender.buffer.byte-limit = 33554432 (custom)
2022-07-27 18:24:49 INFO  GrpcService:46 - raft.grpc.flow.control.window = 5MB (=5242880) (custom)
2022-07-27 18:24:49 INFO  RaftServerConfigKeys:46 - raft.server.rpc.request.timeout = 60s (custom)
2022-07-27 18:24:49 INFO  GrpcConfigKeys:46 - raft.grpc.server.async.request.thread.pool.cached = true (default)
2022-07-27 18:24:49 INFO  GrpcConfigKeys:46 - raft.grpc.server.async.request.thread.pool.size = 32 (default)
2022-07-27 18:24:50 INFO  DataStreamServerImpl:46 - raft.datastream.type = DISABLED (default)
2022-07-27 18:24:50 INFO  RaftServerConfigKeys:46 - raft.server.threadpool.proxy.cached = true (default)
2022-07-27 18:24:50 INFO  RaftServerConfigKeys:46 - raft.server.threadpool.proxy.size = 0 (default)
2022-07-27 18:24:50 INFO  RaftServerConfigKeys:46 - raft.server.rpc.slowness.timeout = 300s (custom)
2022-07-27 18:24:50 INFO  RaftServerConfigKeys:46 - raft.server.leaderelection.leader.step-down.wait-time = 10s (default)
2022-07-27 18:24:50 INFO  RaftServerConfigKeys:46 - raft.server.storage.dir = [/data/metadata/ratis] (custom)
2022-07-27 18:24:50 INFO  RaftServer:247 - 2d1805ee-9bed-4a7f-b83c-cbbb20f1742b: found a subdirectory /data/metadata/ratis/df75098d-7538-4903-9ee1-4ed8cb6d8c2e
2022-07-27 18:24:50 INFO  RaftServer:96 - 2d1805ee-9bed-4a7f-b83c-cbbb20f1742b: addNew group-4ED8CB6D8C2E:[] returns group-4ED8CB6D8C2E:java.util.concurrent.CompletableFuture@487b710b[Not completed]
2022-07-27 18:24:50 INFO  RaftServer:247 - 2d1805ee-9bed-4a7f-b83c-cbbb20f1742b: found a subdirectory /data/metadata/ratis/ad827d72-dfb2-4166-9f9a-ee2ab5d75b12
2022-07-27 18:24:50 INFO  RaftServer:96 - 2d1805ee-9bed-4a7f-b83c-cbbb20f1742b: addNew group-EE2AB5D75B12:[] returns group-EE2AB5D75B12:java.util.concurrent.CompletableFuture@b4becf5[Not completed]
2022-07-27 18:24:51 INFO  XceiverServerGrpc:132 - GrpcServer channel type EpollServerSocketChannel
2022-07-27 18:24:51 INFO  RaftServer$Division:190 - 2d1805ee-9bed-4a7f-b83c-cbbb20f1742b: new RaftServerImpl for group-4ED8CB6D8C2E:[] with ContainerStateMachine:uninitialized
2022-07-27 18:24:51 INFO  RaftServerConfigKeys:46 - raft.server.rpc.timeout.min = 5s (custom)
2022-07-27 18:24:51 INFO  RaftServerConfigKeys:46 - raft.server.rpc.timeout.max = 5200ms (custom)
2022-07-27 18:24:51 INFO  RaftServerConfigKeys:46 - raft.server.rpc.sleep.time = 25ms (default)
2022-07-27 18:24:51 INFO  RaftServerConfigKeys:46 - raft.server.rpc.slowness.timeout = 300s (custom)
2022-07-27 18:24:51 INFO  RaftServerConfigKeys:46 - raft.server.leaderelection.leader.step-down.wait-time = 10s (default)
2022-07-27 18:24:51 INFO  RaftServerConfigKeys:46 - raft.server.sleep.deviation.threshold = 300ms (default)
2022-07-27 18:24:51 INFO  RaftServer$Division:107 - 2d1805ee-9bed-4a7f-b83c-cbbb20f1742b@group-4ED8CB6D8C2E: ConfigurationManager, init=-1: [], old=null, confs=<EMPTY_MAP>
2022-07-27 18:24:51 INFO  RaftServerConfigKeys:46 - raft.server.storage.dir = [/data/metadata/ratis] (custom)
2022-07-27 18:24:51 INFO  RaftServerConfigKeys:46 - raft.server.log.corruption.policy = EXCEPTION (default)
2022-07-27 18:24:51 INFO  RaftServerConfigKeys:46 - raft.server.storage.free-space.min = 0MB (=0) (default)
2022-07-27 18:24:51 INFO  RaftStorageDirectory:230 - Lock on /data/metadata/ratis/df75098d-7538-4903-9ee1-4ed8cb6d8c2e/in_use.lock acquired by nodename 8@datanode-1
2022-07-27 18:24:51 INFO  RaftStorage:110 - Read RaftStorageMetadata{term=1, votedFor=2d1805ee-9bed-4a7f-b83c-cbbb20f1742b} from /data/metadata/ratis/df75098d-7538-4903-9ee1-4ed8cb6d8c2e/current/raft-meta
2022-07-27 18:24:51 INFO  ContainerStateMachine:245 - group-4ED8CB6D8C2E: Setting the last applied index to (t:1, i:4)
2022-07-27 18:24:51 WARN  NativeCodeLoader:60 - Unable to load native-hadoop library for your platform... using builtin-java classes where applicable
2022-07-27 18:24:51 INFO  BaseHttpServer:209 - Starting Web-server for hddsDatanode at: http://0.0.0.0:9882
2022-07-27 18:24:51 INFO  BaseHttpServer:107 - Hadoop Security Enabled: false Ozone Security Enabled: false Ozone HTTP Security Enabled: false 
2022-07-27 18:24:51 INFO  log:170 - Logging initialized @15368ms to org.eclipse.jetty.util.log.Slf4jLog
2022-07-27 18:24:52 INFO  RaftServer$Division:393 - 2d1805ee-9bed-4a7f-b83c-cbbb20f1742b@group-4ED8CB6D8C2E: set configuration 0: [7d3ee3a1-7ba5-4fb0-8e9e-fa1537176bf9|rpc:datanode-2.datanode.default.svc.cluster.local:9856|admin:datanode-2.datanode.default.svc.cluster.local:9857|client:datanode-2.datanode.default.svc.cluster.local:9858|dataStream:|priority:0, 409b4a67-cd37-4914-b2f5-9af190b75b22|rpc:datanode-0.datanode.default.svc.cluster.local:9856|admin:datanode-0.datanode.default.svc.cluster.local:9857|client:datanode-0.datanode.default.svc.cluster.local:9858|dataStream:|priority:0, 2d1805ee-9bed-4a7f-b83c-cbbb20f1742b|rpc:datanode-1.datanode.default.svc.cluster.local:9856|admin:datanode-1.datanode.default.svc.cluster.local:9857|client:datanode-1.datanode.default.svc.cluster.local:9858|dataStream:|priority:1], old=null
2022-07-27 18:24:52 INFO  RaftServerConfigKeys:46 - raft.server.notification.no-leader.timeout = 300s (custom)
2022-07-27 18:24:52 INFO  RaftServerConfigKeys:46 - raft.server.log.use.memory = false (default)
2022-07-27 18:24:52 INFO  RaftServerConfigKeys:46 - raft.server.log.purge.gap = 1000000 (custom)
2022-07-27 18:24:52 INFO  RaftServerConfigKeys:46 - raft.server.log.appender.buffer.byte-limit = 33554432 (custom)
2022-07-27 18:24:52 INFO  RaftServerConfigKeys:46 - raft.server.log.statemachine.data.read.timeout = 1000ms (default)
2022-07-27 18:24:52 INFO  AuthenticationFilter:240 - Unable to initialize FileSignerSecretProvider, falling back to use random secrets.
2022-07-27 18:24:52 INFO  HttpRequestLog:86 - Http request log for http.requests.hddsDatanode is not defined
2022-07-27 18:24:52 INFO  RaftServerConfigKeys:46 - raft.server.log.segment.size.max = 1048576 (custom)
2022-07-27 18:24:52 INFO  HttpServer2:1029 - Added global filter 'safety' (class=org.apache.hadoop.hdds.server.http.HttpServer2$QuotingInputFilter)
2022-07-27 18:24:52 INFO  HttpServer2:1005 - Added filter static_user_filter (class=org.apache.hadoop.http.lib.StaticUserWebFilter$StaticUserFilter) to context hddsDatanode
2022-07-27 18:24:52 INFO  HttpServer2:1013 - Added filter static_user_filter (class=org.apache.hadoop.http.lib.StaticUserWebFilter$StaticUserFilter) to context logs
2022-07-27 18:24:52 INFO  HttpServer2:1013 - Added filter static_user_filter (class=org.apache.hadoop.http.lib.StaticUserWebFilter$StaticUserFilter) to context static
2022-07-27 18:24:52 INFO  RaftServerConfigKeys:46 - raft.server.log.segment.cache.num.max = 2 (custom)
2022-07-27 18:24:52 INFO  RaftServerConfigKeys:46 - raft.server.log.segment.cache.size.max = 200MB (=209715200) (default)
2022-07-27 18:24:52 INFO  SegmentedRaftLogWorker:187 - new 2d1805ee-9bed-4a7f-b83c-cbbb20f1742b@group-4ED8CB6D8C2E-SegmentedRaftLogWorker for RaftStorageImpl:Storage Directory /data/metadata/ratis/df75098d-7538-4903-9ee1-4ed8cb6d8c2e
2022-07-27 18:24:52 INFO  RaftServerConfigKeys:46 - raft.server.log.queue.byte-limit = 4294967296 (custom)
2022-07-27 18:24:52 INFO  RaftServerConfigKeys:46 - raft.server.log.queue.element-limit = 1024 (custom)
2022-07-27 18:24:52 INFO  RaftServerConfigKeys:46 - raft.server.log.segment.size.max = 1048576 (custom)
2022-07-27 18:24:52 INFO  RaftServerConfigKeys:46 - raft.server.log.preallocated.size = 16384 (custom)
2022-07-27 18:24:52 INFO  HttpServer2:1248 - Jetty bound to port 9882
2022-07-27 18:24:52 INFO  Server:375 - jetty-9.4.43.v20210629; built: 2021-06-30T11:07:22.254Z; git: 526006ecfa3af7f1a27ef3a288e2bef7ea9dd7e8; jvm 11.0.14.1+1-LTS
2022-07-27 18:24:52 INFO  RaftServerConfigKeys:46 - raft.server.log.force.sync.num = 128 (default)
2022-07-27 18:24:52 INFO  RaftServerConfigKeys:46 - raft.server.log.statemachine.data.sync = true (default)
2022-07-27 18:24:52 INFO  RaftServerConfigKeys:46 - raft.server.log.statemachine.data.sync.timeout = 10s (default)
2022-07-27 18:24:52 INFO  RaftServerConfigKeys:46 - raft.server.log.statemachine.data.sync.timeout.retry = -1 (default)
2022-07-27 18:24:52 INFO  RaftServerConfigKeys:46 - raft.server.log.write.buffer.size = 1048576 (custom)
2022-07-27 18:24:52 INFO  RaftServerConfigKeys:46 - raft.server.log.unsafe-flush.enabled = false (default)
2022-07-27 18:24:52 INFO  RaftServerConfigKeys:46 - raft.server.log.statemachine.data.caching.enabled = true (custom)
2022-07-27 18:24:52 INFO  session:334 - DefaultSessionIdManager workerName=node0
2022-07-27 18:24:52 INFO  session:339 - No SessionScavenger set, using defaults
2022-07-27 18:24:52 INFO  session:132 - node0 Scavenging every 600000ms
2022-07-27 18:24:52 INFO  RaftServer$Division:393 - 2d1805ee-9bed-4a7f-b83c-cbbb20f1742b@group-4ED8CB6D8C2E: set configuration 0: [7d3ee3a1-7ba5-4fb0-8e9e-fa1537176bf9|rpc:datanode-2.datanode.default.svc.cluster.local:9856|admin:datanode-2.datanode.default.svc.cluster.local:9857|client:datanode-2.datanode.default.svc.cluster.local:9858|dataStream:|priority:0, 409b4a67-cd37-4914-b2f5-9af190b75b22|rpc:datanode-0.datanode.default.svc.cluster.local:9856|admin:datanode-0.datanode.default.svc.cluster.local:9857|client:datanode-0.datanode.default.svc.cluster.local:9858|dataStream:|priority:0, 2d1805ee-9bed-4a7f-b83c-cbbb20f1742b|rpc:datanode-1.datanode.default.svc.cluster.local:9856|admin:datanode-1.datanode.default.svc.cluster.local:9857|client:datanode-1.datanode.default.svc.cluster.local:9858|dataStream:|priority:1], old=null
2022-07-27 18:24:52 INFO  ContextHandler:915 - Started o.e.j.s.ServletContextHandler@2f9a10df{logs,/logs,file:///var/log/hadoop/,AVAILABLE}
2022-07-27 18:24:52 INFO  LogSegment:173 - Successfully read 5 entries from segment file /data/metadata/ratis/df75098d-7538-4903-9ee1-4ed8cb6d8c2e/current/log_inprogress_0
2022-07-27 18:24:52 INFO  SegmentedRaftLogWorker:135 - 2d1805ee-9bed-4a7f-b83c-cbbb20f1742b@group-4ED8CB6D8C2E-SegmentedRaftLogWorker: flushIndex: setUnconditionally 0 -> 4
2022-07-27 18:24:52 INFO  SegmentedRaftLogWorker:135 - 2d1805ee-9bed-4a7f-b83c-cbbb20f1742b@group-4ED8CB6D8C2E-SegmentedRaftLogWorker: safeCacheEvictIndex: setUnconditionally 0 -> -1
2022-07-27 18:24:52 INFO  ContextHandler:915 - Started o.e.j.s.ServletContextHandler@626e0c86{static,/static,jar:file:/opt/hadoop/share/ozone/lib/hdds-container-service-1.3.0-SNAPSHOT.jar!/webapps/static,AVAILABLE}
2022-07-27 18:24:53 INFO  RaftLog:53 - 2d1805ee-9bed-4a7f-b83c-cbbb20f1742b@group-4ED8CB6D8C2E-SegmentedRaftLog: commitIndex: updateToMax old=4, new=2, updated? false
2022-07-27 18:24:53 INFO  RaftServerConfigKeys:46 - raft.server.snapshot.auto.trigger.enabled = true (custom)
2022-07-27 18:24:53 INFO  ContextHandler:915 - Started o.e.j.w.WebAppContext@b1b471{hddsDatanode,/,file:///tmp/jetty-0_0_0_0-9882-hdds-container-service-1_3_0-SNAPSHOT_jar-_-any-6036945544540933367/webapp/,AVAILABLE}{jar:file:/opt/hadoop/share/ozone/lib/hdds-container-service-1.3.0-SNAPSHOT.jar!/webapps/hddsDatanode}
2022-07-27 18:24:53 INFO  RaftServerConfigKeys:46 - raft.server.snapshot.auto.trigger.threshold = 10000 (custom)
2022-07-27 18:24:53 INFO  RaftServerConfigKeys:46 - raft.server.snapshot.retention.file.num = 5 (custom)
2022-07-27 18:24:53 INFO  RaftServerConfigKeys:46 - raft.server.log.purge.upto.snapshot.index = false (default)
2022-07-27 18:24:53 INFO  RaftServerConfigKeys:46 - raft.server.retrycache.expirytime = 600000ms (custom)
2022-07-27 18:24:53 INFO  RaftServerConfigKeys:46 - raft.server.retrycache.statistics.expirytime = 100?s (default)
2022-07-27 18:24:53 INFO  AbstractConnector:331 - Started ServerConnector@62c3f556{HTTP/1.1, (http/1.1)}{0.0.0.0:9882}
2022-07-27 18:24:53 INFO  Server:415 - Started @17340ms
2022-07-27 18:24:53 INFO  MetricsSinkAdapter:204 - Sink prometheus started
2022-07-27 18:24:53 INFO  MetricsSystemImpl:305 - Registered sink prometheus
2022-07-27 18:24:53 INFO  BaseHttpServer:329 - HTTP server of hddsDatanode listening at http://0.0.0.0:9882
2022-07-27 18:24:53 INFO  DatanodeStateMachine:492 - Ozone container server started.
2022-07-27 18:24:54 INFO  JvmPauseMonitor:188 - Starting JVM pause monitor
2022-07-27 18:24:54 INFO  RaftServerConfigKeys:46 - raft.server.log.appender.install.snapshot.enabled = false (custom)
2022-07-27 18:24:54 INFO  RaftServerConfigKeys:46 - raft.server.threadpool.server.cached = true (default)
2022-07-27 18:24:54 INFO  RaftServerConfigKeys:46 - raft.server.threadpool.server.size = 0 (default)
2022-07-27 18:24:54 INFO  RaftServerConfigKeys:46 - raft.server.threadpool.client.cached = true (default)
2022-07-27 18:24:54 INFO  RaftServerConfigKeys:46 - raft.server.threadpool.client.size = 0 (default)
2022-07-27 18:24:54 INFO  RaftServer$Division:190 - 2d1805ee-9bed-4a7f-b83c-cbbb20f1742b: new RaftServerImpl for group-EE2AB5D75B12:[] with ContainerStateMachine:uninitialized
2022-07-27 18:24:54 INFO  RaftServerConfigKeys:46 - raft.server.rpc.timeout.min = 5s (custom)
2022-07-27 18:24:54 INFO  RaftServerConfigKeys:46 - raft.server.rpc.timeout.max = 5200ms (custom)
2022-07-27 18:24:54 INFO  RaftServerConfigKeys:46 - raft.server.rpc.sleep.time = 25ms (default)
2022-07-27 18:24:54 INFO  RaftServerConfigKeys:46 - raft.server.rpc.slowness.timeout = 300s (custom)
2022-07-27 18:24:54 INFO  RaftServerConfigKeys:46 - raft.server.leaderelection.leader.step-down.wait-time = 10s (default)
2022-07-27 18:24:54 INFO  RaftServerConfigKeys:46 - raft.server.sleep.deviation.threshold = 300ms (default)
2022-07-27 18:24:54 INFO  RaftServer$Division:107 - 2d1805ee-9bed-4a7f-b83c-cbbb20f1742b@group-EE2AB5D75B12: ConfigurationManager, init=-1: [], old=null, confs=<EMPTY_MAP>
2022-07-27 18:24:54 INFO  RaftServerConfigKeys:46 - raft.server.storage.dir = [/data/metadata/ratis] (custom)
2022-07-27 18:24:54 INFO  RaftServerConfigKeys:46 - raft.server.log.corruption.policy = EXCEPTION (default)
2022-07-27 18:24:54 INFO  RaftServerConfigKeys:46 - raft.server.storage.free-space.min = 0MB (=0) (default)
2022-07-27 18:24:54 INFO  RaftStorageDirectory:230 - Lock on /data/metadata/ratis/ad827d72-dfb2-4166-9f9a-ee2ab5d75b12/in_use.lock acquired by nodename 8@datanode-1
2022-07-27 18:24:54 INFO  RaftStorage:110 - Read RaftStorageMetadata{term=1, votedFor=2d1805ee-9bed-4a7f-b83c-cbbb20f1742b} from /data/metadata/ratis/ad827d72-dfb2-4166-9f9a-ee2ab5d75b12/current/raft-meta
2022-07-27 18:24:54 INFO  ContainerStateMachine:245 - group-EE2AB5D75B12: Setting the last applied index to (t:1, i:0)
2022-07-27 18:24:54 INFO  RaftServer$Division:393 - 2d1805ee-9bed-4a7f-b83c-cbbb20f1742b@group-EE2AB5D75B12: set configuration 0: [2d1805ee-9bed-4a7f-b83c-cbbb20f1742b|rpc:datanode-1.datanode.default.svc.cluster.local:9856|admin:datanode-1.datanode.default.svc.cluster.local:9857|client:datanode-1.datanode.default.svc.cluster.local:9858|dataStream:|priority:1], old=null
2022-07-27 18:24:54 INFO  RaftServerConfigKeys:46 - raft.server.notification.no-leader.timeout = 300s (custom)
2022-07-27 18:24:54 INFO  RaftServerConfigKeys:46 - raft.server.log.use.memory = false (default)
2022-07-27 18:24:54 INFO  RaftServerConfigKeys:46 - raft.server.log.purge.gap = 1000000 (custom)
2022-07-27 18:24:54 INFO  RaftServerConfigKeys:46 - raft.server.log.appender.buffer.byte-limit = 33554432 (custom)
2022-07-27 18:24:54 INFO  RaftServerConfigKeys:46 - raft.server.log.statemachine.data.read.timeout = 1000ms (default)
2022-07-27 18:24:54 INFO  RaftServerConfigKeys:46 - raft.server.log.segment.size.max = 1048576 (custom)
2022-07-27 18:24:54 INFO  RaftServerConfigKeys:46 - raft.server.log.segment.cache.num.max = 2 (custom)
2022-07-27 18:24:54 INFO  RaftServerConfigKeys:46 - raft.server.log.segment.cache.size.max = 200MB (=209715200) (default)
2022-07-27 18:24:54 INFO  SegmentedRaftLogWorker:187 - new 2d1805ee-9bed-4a7f-b83c-cbbb20f1742b@group-EE2AB5D75B12-SegmentedRaftLogWorker for RaftStorageImpl:Storage Directory /data/metadata/ratis/ad827d72-dfb2-4166-9f9a-ee2ab5d75b12
2022-07-27 18:24:54 INFO  RaftServerConfigKeys:46 - raft.server.log.queue.byte-limit = 4294967296 (custom)
2022-07-27 18:24:54 INFO  RaftServerConfigKeys:46 - raft.server.log.queue.element-limit = 1024 (custom)
2022-07-27 18:24:54 INFO  RaftServerConfigKeys:46 - raft.server.log.segment.size.max = 1048576 (custom)
2022-07-27 18:24:54 INFO  RaftServerConfigKeys:46 - raft.server.log.preallocated.size = 16384 (custom)
2022-07-27 18:24:54 INFO  RaftServerConfigKeys:46 - raft.server.log.force.sync.num = 128 (default)
2022-07-27 18:24:54 INFO  RaftServerConfigKeys:46 - raft.server.log.statemachine.data.sync = true (default)
2022-07-27 18:24:54 INFO  RaftServerConfigKeys:46 - raft.server.log.statemachine.data.sync.timeout = 10s (default)
2022-07-27 18:24:54 INFO  RaftServerConfigKeys:46 - raft.server.log.statemachine.data.sync.timeout.retry = -1 (default)
2022-07-27 18:24:54 INFO  RaftServerConfigKeys:46 - raft.server.log.write.buffer.size = 1048576 (custom)
2022-07-27 18:24:54 INFO  RaftServerConfigKeys:46 - raft.server.log.unsafe-flush.enabled = false (default)
2022-07-27 18:24:54 INFO  RaftServerConfigKeys:46 - raft.server.log.statemachine.data.caching.enabled = true (custom)
2022-07-27 18:24:54 INFO  RaftServer$Division:393 - 2d1805ee-9bed-4a7f-b83c-cbbb20f1742b@group-EE2AB5D75B12: set configuration 0: [2d1805ee-9bed-4a7f-b83c-cbbb20f1742b|rpc:datanode-1.datanode.default.svc.cluster.local:9856|admin:datanode-1.datanode.default.svc.cluster.local:9857|client:datanode-1.datanode.default.svc.cluster.local:9858|dataStream:|priority:1], old=null
2022-07-27 18:24:54 INFO  LogSegment:173 - Successfully read 1 entries from segment file /data/metadata/ratis/ad827d72-dfb2-4166-9f9a-ee2ab5d75b12/current/log_inprogress_0
2022-07-27 18:24:54 INFO  SegmentedRaftLogWorker:135 - 2d1805ee-9bed-4a7f-b83c-cbbb20f1742b@group-EE2AB5D75B12-SegmentedRaftLogWorker: flushIndex: setUnconditionally 0 -> 0
2022-07-27 18:24:54 INFO  SegmentedRaftLogWorker:135 - 2d1805ee-9bed-4a7f-b83c-cbbb20f1742b@group-EE2AB5D75B12-SegmentedRaftLogWorker: safeCacheEvictIndex: setUnconditionally 0 -> -1
2022-07-27 18:24:54 INFO  RaftServerConfigKeys:46 - raft.server.snapshot.auto.trigger.enabled = true (custom)
2022-07-27 18:24:54 INFO  RaftServerConfigKeys:46 - raft.server.snapshot.auto.trigger.threshold = 10000 (custom)
2022-07-27 18:24:54 INFO  RaftServerConfigKeys:46 - raft.server.snapshot.retention.file.num = 5 (custom)
2022-07-27 18:24:54 INFO  RaftServerConfigKeys:46 - raft.server.log.purge.upto.snapshot.index = false (default)
2022-07-27 18:24:54 INFO  RaftServerConfigKeys:46 - raft.server.retrycache.expirytime = 600000ms (custom)
2022-07-27 18:24:54 INFO  RaftServerConfigKeys:46 - raft.server.retrycache.statistics.expirytime = 100?s (default)
2022-07-27 18:24:54 INFO  RaftServerConfigKeys:46 - raft.server.log.appender.install.snapshot.enabled = false (custom)
2022-07-27 18:24:54 INFO  RaftServerConfigKeys:46 - raft.server.threadpool.server.cached = true (default)
2022-07-27 18:24:54 INFO  RaftServerConfigKeys:46 - raft.server.threadpool.server.size = 0 (default)
2022-07-27 18:24:54 INFO  RaftServerConfigKeys:46 - raft.server.threadpool.client.cached = true (default)
2022-07-27 18:24:54 INFO  RaftServerConfigKeys:46 - raft.server.threadpool.client.size = 0 (default)
2022-07-27 18:24:54 WARN  SCMConnectionManager:139 - Trying to add an existing SCM Machine to Machines group. Ignoring the request.
2022-07-27 18:24:54 INFO  InitDatanodeState:138 - DatanodeDetails is persisted to /data/datanode.id
2022-07-27 18:24:54 INFO  InitDatanodeState:138 - DatanodeDetails is persisted to /data/datanode.id
2022-07-27 18:24:56 INFO  OzoneContainer:377 - Attempting to start container services.
2022-07-27 18:24:56 INFO  OzoneContainer:312 - Background container scanner has been disabled.
2022-07-27 18:24:56 INFO  XceiverServerRatis:481 - Starting XceiverServerRatis 2d1805ee-9bed-4a7f-b83c-cbbb20f1742b
2022-07-27 18:24:56 INFO  RaftServer$Division:310 - 2d1805ee-9bed-4a7f-b83c-cbbb20f1742b@group-EE2AB5D75B12: start as a follower, conf=0: [2d1805ee-9bed-4a7f-b83c-cbbb20f1742b|rpc:datanode-1.datanode.default.svc.cluster.local:9856|admin:datanode-1.datanode.default.svc.cluster.local:9857|client:datanode-1.datanode.default.svc.cluster.local:9858|dataStream:|priority:1], old=null
2022-07-27 18:24:56 INFO  RaftServer$Division:299 - 2d1805ee-9bed-4a7f-b83c-cbbb20f1742b@group-EE2AB5D75B12: changes role from      null to FOLLOWER at term 1 for startAsFollower
2022-07-27 18:24:56 INFO  RoleInfo:139 - 2d1805ee-9bed-4a7f-b83c-cbbb20f1742b: start 2d1805ee-9bed-4a7f-b83c-cbbb20f1742b@group-EE2AB5D75B12-FollowerState
2022-07-27 18:24:56 INFO  JmxRegister:44 - Successfully registered JMX Bean with object name Ratis:service=RaftServer,group=group-EE2AB5D75B12,id=2d1805ee-9bed-4a7f-b83c-cbbb20f1742b
2022-07-27 18:24:56 INFO  RaftServer$Division:310 - 2d1805ee-9bed-4a7f-b83c-cbbb20f1742b@group-4ED8CB6D8C2E: start as a follower, conf=0: [7d3ee3a1-7ba5-4fb0-8e9e-fa1537176bf9|rpc:datanode-2.datanode.default.svc.cluster.local:9856|admin:datanode-2.datanode.default.svc.cluster.local:9857|client:datanode-2.datanode.default.svc.cluster.local:9858|dataStream:|priority:0, 409b4a67-cd37-4914-b2f5-9af190b75b22|rpc:datanode-0.datanode.default.svc.cluster.local:9856|admin:datanode-0.datanode.default.svc.cluster.local:9857|client:datanode-0.datanode.default.svc.cluster.local:9858|dataStream:|priority:0, 2d1805ee-9bed-4a7f-b83c-cbbb20f1742b|rpc:datanode-1.datanode.default.svc.cluster.local:9856|admin:datanode-1.datanode.default.svc.cluster.local:9857|client:datanode-1.datanode.default.svc.cluster.local:9858|dataStream:|priority:1], old=null
2022-07-27 18:24:56 INFO  RaftServer$Division:299 - 2d1805ee-9bed-4a7f-b83c-cbbb20f1742b@group-4ED8CB6D8C2E: changes role from      null to FOLLOWER at term 1 for startAsFollower
2022-07-27 18:24:56 INFO  RoleInfo:139 - 2d1805ee-9bed-4a7f-b83c-cbbb20f1742b: start 2d1805ee-9bed-4a7f-b83c-cbbb20f1742b@group-4ED8CB6D8C2E-FollowerState
2022-07-27 18:24:56 INFO  JmxRegister:44 - Successfully registered JMX Bean with object name Ratis:service=RaftServer,group=group-4ED8CB6D8C2E,id=2d1805ee-9bed-4a7f-b83c-cbbb20f1742b
2022-07-27 18:24:56 INFO  RaftServer:382 - 2d1805ee-9bed-4a7f-b83c-cbbb20f1742b: start RPC server
2022-07-27 18:24:56 INFO  GrpcService:260 - 2d1805ee-9bed-4a7f-b83c-cbbb20f1742b: GrpcService started, listening on 9856
2022-07-27 18:24:56 INFO  GrpcService:260 - 2d1805ee-9bed-4a7f-b83c-cbbb20f1742b: GrpcService started, listening on 9857
2022-07-27 18:24:56 INFO  GrpcService:260 - 2d1805ee-9bed-4a7f-b83c-cbbb20f1742b: GrpcService started, listening on 9858
2022-07-27 18:24:56 INFO  XceiverServerRatis:502 - XceiverServerRatis 2d1805ee-9bed-4a7f-b83c-cbbb20f1742b is started using port 9858 for RATIS
2022-07-27 18:24:56 INFO  XceiverServerRatis:502 - XceiverServerRatis 2d1805ee-9bed-4a7f-b83c-cbbb20f1742b is started using port 9857 for RATIS_ADMIN
2022-07-27 18:24:56 INFO  XceiverServerRatis:502 - XceiverServerRatis 2d1805ee-9bed-4a7f-b83c-cbbb20f1742b is started using port 9856 for RATIS_SERVER
2022-07-27 18:24:56 INFO  JvmPauseMonitor:103 - JvmPauseMonitor-2d1805ee-9bed-4a7f-b83c-cbbb20f1742b: Started
2022-07-27 18:25:01 INFO  RaftServer:107 - 2d1805ee-9bed-4a7f-b83c-cbbb20f1742b: remove  FOLLOWER 2d1805ee-9bed-4a7f-b83c-cbbb20f1742b@group-4ED8CB6D8C2E:t1, leader=null, voted=2d1805ee-9bed-4a7f-b83c-cbbb20f1742b, raftlog=2d1805ee-9bed-4a7f-b83c-cbbb20f1742b@group-4ED8CB6D8C2E-SegmentedRaftLog:OPENED:c4, conf=0: [7d3ee3a1-7ba5-4fb0-8e9e-fa1537176bf9|rpc:datanode-2.datanode.default.svc.cluster.local:9856|admin:datanode-2.datanode.default.svc.cluster.local:9857|client:datanode-2.datanode.default.svc.cluster.local:9858|dataStream:|priority:0, 409b4a67-cd37-4914-b2f5-9af190b75b22|rpc:datanode-0.datanode.default.svc.cluster.local:9856|admin:datanode-0.datanode.default.svc.cluster.local:9857|client:datanode-0.datanode.default.svc.cluster.local:9858|dataStream:|priority:0, 2d1805ee-9bed-4a7f-b83c-cbbb20f1742b|rpc:datanode-1.datanode.default.svc.cluster.local:9856|admin:datanode-1.datanode.default.svc.cluster.local:9857|client:datanode-1.datanode.default.svc.cluster.local:9858|dataStream:|priority:1], old=null RUNNING
2022-07-27 18:25:01 INFO  RaftServer$Division:434 - 2d1805ee-9bed-4a7f-b83c-cbbb20f1742b@group-4ED8CB6D8C2E: shutdown
2022-07-27 18:25:01 INFO  JmxRegister:73 - Successfully un-registered JMX Bean with object name Ratis:service=RaftServer,group=group-4ED8CB6D8C2E,id=2d1805ee-9bed-4a7f-b83c-cbbb20f1742b
2022-07-27 18:25:01 INFO  RoleInfo:110 - 2d1805ee-9bed-4a7f-b83c-cbbb20f1742b: shutdown 2d1805ee-9bed-4a7f-b83c-cbbb20f1742b@group-4ED8CB6D8C2E-FollowerState
2022-07-27 18:25:01 INFO  StateMachineUpdater:153 - 2d1805ee-9bed-4a7f-b83c-cbbb20f1742b@group-4ED8CB6D8C2E-StateMachineUpdater: set stopIndex = 4
2022-07-27 18:25:01 INFO  FollowerState:152 - 2d1805ee-9bed-4a7f-b83c-cbbb20f1742b@group-4ED8CB6D8C2E-FollowerState was interrupted
2022-07-27 18:25:01 INFO  RaftServer$Division:429 - 2d1805ee-9bed-4a7f-b83c-cbbb20f1742b@group-4ED8CB6D8C2E: closes. applyIndex: 4
2022-07-27 18:25:01 INFO  SegmentedRaftLogWorker:336 - 2d1805ee-9bed-4a7f-b83c-cbbb20f1742b@group-4ED8CB6D8C2E-SegmentedRaftLogWorker was interrupted, exiting. There are 0 tasks remaining in the queue.
2022-07-27 18:25:01 INFO  SegmentedRaftLogWorker:246 - 2d1805ee-9bed-4a7f-b83c-cbbb20f1742b@group-4ED8CB6D8C2E-SegmentedRaftLogWorker close()
2022-07-27 18:25:01 INFO  KeyValueContainer:431 - Container 1 is synced with bcsId 2.
2022-07-27 18:25:01 INFO  KeyValueContainer:431 - Container 1 is synced with bcsId 2.
2022-07-27 18:25:01 INFO  RaftServer$Division:404 - 2d1805ee-9bed-4a7f-b83c-cbbb20f1742b@group-4ED8CB6D8C2E: Succeed to remove RaftStorageDirectory Storage Directory /data/metadata/ratis/df75098d-7538-4903-9ee1-4ed8cb6d8c2e
2022-07-27 18:25:01 INFO  ClosePipelineCommandHandler:78 - Close Pipeline PipelineID=df75098d-7538-4903-9ee1-4ed8cb6d8c2e command on datanode 2d1805ee-9bed-4a7f-b83c-cbbb20f1742b.
2022-07-27 18:25:01 INFO  RaftServer:96 - 2d1805ee-9bed-4a7f-b83c-cbbb20f1742b: addNew group-6A930DEADE83:[7d3ee3a1-7ba5-4fb0-8e9e-fa1537176bf9|rpc:datanode-2.datanode.default.svc.cluster.local:9856|admin:datanode-2.datanode.default.svc.cluster.local:9857|client:datanode-2.datanode.default.svc.cluster.local:9858|priority:0, 409b4a67-cd37-4914-b2f5-9af190b75b22|rpc:datanode-0.datanode.default.svc.cluster.local:9856|admin:datanode-0.datanode.default.svc.cluster.local:9857|client:datanode-0.datanode.default.svc.cluster.local:9858|priority:0, 2d1805ee-9bed-4a7f-b83c-cbbb20f1742b|rpc:datanode-1.datanode.default.svc.cluster.local:9856|admin:datanode-1.datanode.default.svc.cluster.local:9857|client:datanode-1.datanode.default.svc.cluster.local:9858|priority:1] returns group-6A930DEADE83:java.util.concurrent.CompletableFuture@28e213bb[Not completed]
2022-07-27 18:25:01 INFO  RaftServer$Division:190 - 2d1805ee-9bed-4a7f-b83c-cbbb20f1742b: new RaftServerImpl for group-6A930DEADE83:[7d3ee3a1-7ba5-4fb0-8e9e-fa1537176bf9|rpc:datanode-2.datanode.default.svc.cluster.local:9856|admin:datanode-2.datanode.default.svc.cluster.local:9857|client:datanode-2.datanode.default.svc.cluster.local:9858|priority:0, 409b4a67-cd37-4914-b2f5-9af190b75b22|rpc:datanode-0.datanode.default.svc.cluster.local:9856|admin:datanode-0.datanode.default.svc.cluster.local:9857|client:datanode-0.datanode.default.svc.cluster.local:9858|priority:0, 2d1805ee-9bed-4a7f-b83c-cbbb20f1742b|rpc:datanode-1.datanode.default.svc.cluster.local:9856|admin:datanode-1.datanode.default.svc.cluster.local:9857|client:datanode-1.datanode.default.svc.cluster.local:9858|priority:1] with ContainerStateMachine:uninitialized
2022-07-27 18:25:01 INFO  RaftServerConfigKeys:46 - raft.server.rpc.timeout.min = 5s (custom)
2022-07-27 18:25:01 INFO  RaftServerConfigKeys:46 - raft.server.rpc.timeout.max = 5200ms (custom)
2022-07-27 18:25:01 INFO  RaftServerConfigKeys:46 - raft.server.rpc.sleep.time = 25ms (default)
2022-07-27 18:25:01 INFO  RaftServerConfigKeys:46 - raft.server.rpc.slowness.timeout = 300s (custom)
2022-07-27 18:25:01 INFO  RaftServerConfigKeys:46 - raft.server.leaderelection.leader.step-down.wait-time = 10s (default)
2022-07-27 18:25:01 INFO  RaftServerConfigKeys:46 - raft.server.sleep.deviation.threshold = 300ms (default)
2022-07-27 18:25:01 INFO  RaftServer$Division:107 - 2d1805ee-9bed-4a7f-b83c-cbbb20f1742b@group-6A930DEADE83: ConfigurationManager, init=-1: [7d3ee3a1-7ba5-4fb0-8e9e-fa1537176bf9|rpc:datanode-2.datanode.default.svc.cluster.local:9856|admin:datanode-2.datanode.default.svc.cluster.local:9857|client:datanode-2.datanode.default.svc.cluster.local:9858|priority:0, 409b4a67-cd37-4914-b2f5-9af190b75b22|rpc:datanode-0.datanode.default.svc.cluster.local:9856|admin:datanode-0.datanode.default.svc.cluster.local:9857|client:datanode-0.datanode.default.svc.cluster.local:9858|priority:0, 2d1805ee-9bed-4a7f-b83c-cbbb20f1742b|rpc:datanode-1.datanode.default.svc.cluster.local:9856|admin:datanode-1.datanode.default.svc.cluster.local:9857|client:datanode-1.datanode.default.svc.cluster.local:9858|priority:1], old=null, confs=<EMPTY_MAP>
2022-07-27 18:25:01 INFO  RaftServerConfigKeys:46 - raft.server.storage.dir = [/data/metadata/ratis] (custom)
2022-07-27 18:25:01 INFO  RaftServerConfigKeys:46 - raft.server.log.corruption.policy = EXCEPTION (default)
2022-07-27 18:25:01 INFO  RaftServerConfigKeys:46 - raft.server.storage.free-space.min = 0MB (=0) (default)
2022-07-27 18:25:01 INFO  RaftStorageDirectory:135 - The storage directory /data/metadata/ratis/fce268cf-166e-4cef-9a86-6a930deade83 does not exist. Creating ...
2022-07-27 18:25:01 INFO  RaftStorageDirectory:230 - Lock on /data/metadata/ratis/fce268cf-166e-4cef-9a86-6a930deade83/in_use.lock acquired by nodename 8@datanode-1
2022-07-27 18:25:01 INFO  RaftStorage:89 - Storage directory /data/metadata/ratis/fce268cf-166e-4cef-9a86-6a930deade83 has been successfully formatted.
2022-07-27 18:25:01 INFO  ContainerStateMachine:236 - group-6A930DEADE83: The snapshot info is null. Setting the last applied indexto:(t:0, i:~)
2022-07-27 18:25:01 INFO  RaftServerConfigKeys:46 - raft.server.notification.no-leader.timeout = 300s (custom)
2022-07-27 18:25:01 INFO  RaftServerConfigKeys:46 - raft.server.log.use.memory = false (default)
2022-07-27 18:25:01 INFO  RaftServerConfigKeys:46 - raft.server.log.purge.gap = 1000000 (custom)
2022-07-27 18:25:01 INFO  RaftServerConfigKeys:46 - raft.server.log.appender.buffer.byte-limit = 33554432 (custom)
2022-07-27 18:25:01 INFO  RaftServerConfigKeys:46 - raft.server.log.statemachine.data.read.timeout = 1000ms (default)
2022-07-27 18:25:01 INFO  RaftServerConfigKeys:46 - raft.server.log.segment.size.max = 1048576 (custom)
2022-07-27 18:25:01 INFO  RaftServerConfigKeys:46 - raft.server.log.segment.cache.num.max = 2 (custom)
2022-07-27 18:25:01 INFO  RaftServerConfigKeys:46 - raft.server.log.segment.cache.size.max = 200MB (=209715200) (default)
2022-07-27 18:25:01 INFO  SegmentedRaftLogWorker:187 - new 2d1805ee-9bed-4a7f-b83c-cbbb20f1742b@group-6A930DEADE83-SegmentedRaftLogWorker for RaftStorageImpl:Storage Directory /data/metadata/ratis/fce268cf-166e-4cef-9a86-6a930deade83
2022-07-27 18:25:01 INFO  RaftServerConfigKeys:46 - raft.server.log.queue.byte-limit = 4294967296 (custom)
2022-07-27 18:25:01 INFO  RaftServerConfigKeys:46 - raft.server.log.queue.element-limit = 1024 (custom)
2022-07-27 18:25:01 INFO  RaftServerConfigKeys:46 - raft.server.log.segment.size.max = 1048576 (custom)
2022-07-27 18:25:01 INFO  RaftServerConfigKeys:46 - raft.server.log.preallocated.size = 16384 (custom)
2022-07-27 18:25:01 INFO  RaftServerConfigKeys:46 - raft.server.log.force.sync.num = 128 (default)
2022-07-27 18:25:01 INFO  RaftServerConfigKeys:46 - raft.server.log.statemachine.data.sync = true (default)
2022-07-27 18:25:01 INFO  RaftServerConfigKeys:46 - raft.server.log.statemachine.data.sync.timeout = 10s (default)
2022-07-27 18:25:01 INFO  RaftServerConfigKeys:46 - raft.server.log.statemachine.data.sync.timeout.retry = -1 (default)
2022-07-27 18:25:01 INFO  RaftServerConfigKeys:46 - raft.server.log.write.buffer.size = 1048576 (custom)
2022-07-27 18:25:01 INFO  RaftServerConfigKeys:46 - raft.server.log.unsafe-flush.enabled = false (default)
2022-07-27 18:25:01 INFO  RaftServerConfigKeys:46 - raft.server.log.statemachine.data.caching.enabled = true (custom)
2022-07-27 18:25:01 INFO  SegmentedRaftLogWorker:135 - 2d1805ee-9bed-4a7f-b83c-cbbb20f1742b@group-6A930DEADE83-SegmentedRaftLogWorker: flushIndex: setUnconditionally 0 -> -1
2022-07-27 18:25:01 INFO  SegmentedRaftLogWorker:135 - 2d1805ee-9bed-4a7f-b83c-cbbb20f1742b@group-6A930DEADE83-SegmentedRaftLogWorker: safeCacheEvictIndex: setUnconditionally 0 -> -1
2022-07-27 18:25:01 INFO  RaftServerConfigKeys:46 - raft.server.snapshot.auto.trigger.enabled = true (custom)
2022-07-27 18:25:01 INFO  RaftServerConfigKeys:46 - raft.server.snapshot.auto.trigger.threshold = 10000 (custom)
2022-07-27 18:25:01 INFO  RaftServerConfigKeys:46 - raft.server.snapshot.retention.file.num = 5 (custom)
2022-07-27 18:25:01 INFO  RaftServerConfigKeys:46 - raft.server.log.purge.upto.snapshot.index = false (default)
2022-07-27 18:25:01 INFO  RaftServerConfigKeys:46 - raft.server.retrycache.expirytime = 600000ms (custom)
2022-07-27 18:25:01 INFO  RaftServerConfigKeys:46 - raft.server.retrycache.statistics.expirytime = 100?s (default)
2022-07-27 18:25:01 INFO  RaftServerConfigKeys:46 - raft.server.log.appender.install.snapshot.enabled = false (custom)
2022-07-27 18:25:01 INFO  RaftServerConfigKeys:46 - raft.server.threadpool.server.cached = true (default)
2022-07-27 18:25:01 INFO  RaftServerConfigKeys:46 - raft.server.threadpool.server.size = 0 (default)
2022-07-27 18:25:01 INFO  RaftServerConfigKeys:46 - raft.server.threadpool.client.cached = true (default)
2022-07-27 18:25:01 INFO  RaftServerConfigKeys:46 - raft.server.threadpool.client.size = 0 (default)
2022-07-27 18:25:01 INFO  RaftServer$Division:310 - 2d1805ee-9bed-4a7f-b83c-cbbb20f1742b@group-6A930DEADE83: start as a follower, conf=-1: [7d3ee3a1-7ba5-4fb0-8e9e-fa1537176bf9|rpc:datanode-2.datanode.default.svc.cluster.local:9856|admin:datanode-2.datanode.default.svc.cluster.local:9857|client:datanode-2.datanode.default.svc.cluster.local:9858|priority:0, 409b4a67-cd37-4914-b2f5-9af190b75b22|rpc:datanode-0.datanode.default.svc.cluster.local:9856|admin:datanode-0.datanode.default.svc.cluster.local:9857|client:datanode-0.datanode.default.svc.cluster.local:9858|priority:0, 2d1805ee-9bed-4a7f-b83c-cbbb20f1742b|rpc:datanode-1.datanode.default.svc.cluster.local:9856|admin:datanode-1.datanode.default.svc.cluster.local:9857|client:datanode-1.datanode.default.svc.cluster.local:9858|priority:1], old=null
2022-07-27 18:25:01 INFO  RaftServer$Division:299 - 2d1805ee-9bed-4a7f-b83c-cbbb20f1742b@group-6A930DEADE83: changes role from      null to FOLLOWER at term 0 for startAsFollower
2022-07-27 18:25:01 INFO  RoleInfo:139 - 2d1805ee-9bed-4a7f-b83c-cbbb20f1742b: start 2d1805ee-9bed-4a7f-b83c-cbbb20f1742b@group-6A930DEADE83-FollowerState
2022-07-27 18:25:01 INFO  JmxRegister:44 - Successfully registered JMX Bean with object name Ratis:service=RaftServer,group=group-6A930DEADE83,id=2d1805ee-9bed-4a7f-b83c-cbbb20f1742b
2022-07-27 18:25:01 INFO  XceiverServerRatis:765 - Created group PipelineID=fce268cf-166e-4cef-9a86-6a930deade83
2022-07-27 18:25:01 INFO  FollowerState:143 - 2d1805ee-9bed-4a7f-b83c-cbbb20f1742b@group-EE2AB5D75B12-FollowerState: change to CANDIDATE, lastRpcElapsedTime:5159530790ns, electionTimeout:5121ms
2022-07-27 18:25:01 INFO  RoleInfo:110 - 2d1805ee-9bed-4a7f-b83c-cbbb20f1742b: shutdown 2d1805ee-9bed-4a7f-b83c-cbbb20f1742b@group-EE2AB5D75B12-FollowerState
2022-07-27 18:25:01 INFO  RaftServer$Division:299 - 2d1805ee-9bed-4a7f-b83c-cbbb20f1742b@group-EE2AB5D75B12: changes role from  FOLLOWER to CANDIDATE at term 1 for changeToCandidate
2022-07-27 18:25:01 INFO  RaftServerConfigKeys:46 - raft.server.leaderelection.pre-vote = false (custom)
2022-07-27 18:25:01 INFO  RoleInfo:139 - 2d1805ee-9bed-4a7f-b83c-cbbb20f1742b: start 2d1805ee-9bed-4a7f-b83c-cbbb20f1742b@group-EE2AB5D75B12-LeaderElection1
2022-07-27 18:25:01 INFO  LeaderElection:310 - 2d1805ee-9bed-4a7f-b83c-cbbb20f1742b@group-EE2AB5D75B12-LeaderElection1 ELECTION round 0: submit vote requests at term 2 for 0: [2d1805ee-9bed-4a7f-b83c-cbbb20f1742b|rpc:datanode-1.datanode.default.svc.cluster.local:9856|admin:datanode-1.datanode.default.svc.cluster.local:9857|client:datanode-1.datanode.default.svc.cluster.local:9858|dataStream:|priority:1], old=null
2022-07-27 18:25:01 INFO  LeaderElection:312 - 2d1805ee-9bed-4a7f-b83c-cbbb20f1742b@group-EE2AB5D75B12-LeaderElection1 ELECTION round 0: result PASSED (term=2)
2022-07-27 18:25:01 INFO  RoleInfo:130 - 2d1805ee-9bed-4a7f-b83c-cbbb20f1742b: shutdown 2d1805ee-9bed-4a7f-b83c-cbbb20f1742b@group-EE2AB5D75B12-LeaderElection1
2022-07-27 18:25:01 INFO  RaftServer$Division:299 - 2d1805ee-9bed-4a7f-b83c-cbbb20f1742b@group-EE2AB5D75B12: changes role from CANDIDATE to LEADER at term 2 for changeToLeader
2022-07-27 18:25:01 INFO  XceiverServerRatis:863 - Leader change notification received for group: group-EE2AB5D75B12 with new leaderId: 2d1805ee-9bed-4a7f-b83c-cbbb20f1742b
2022-07-27 18:25:01 INFO  RaftServer$Division:287 - 2d1805ee-9bed-4a7f-b83c-cbbb20f1742b@group-EE2AB5D75B12: change Leader from null to 2d1805ee-9bed-4a7f-b83c-cbbb20f1742b at term 2 for becomeLeader, leader elected after 7651ms
2022-07-27 18:25:01 INFO  RaftServerConfigKeys:46 - raft.server.staging.catchup.gap = 1000 (default)
2022-07-27 18:25:01 INFO  RaftServerConfigKeys:46 - raft.server.write.element-limit = 1024 (custom)
2022-07-27 18:25:01 INFO  RaftServerConfigKeys:46 - raft.server.write.byte-limit = 1024 M (=1073741824) (custom)
2022-07-27 18:25:01 INFO  RaftServerConfigKeys:46 - raft.server.watch.timeout = 180s (custom)
2022-07-27 18:25:01 INFO  RaftServerConfigKeys:46 - raft.server.watch.timeout.denomination = 1s (default)
2022-07-27 18:25:01 INFO  RaftServerConfigKeys:46 - raft.server.watch.element-limit = 65536 (default)
2022-07-27 18:25:02 INFO  RaftServerConfigKeys:46 - raft.server.write.element-limit = 1024 (custom)
2022-07-27 18:25:02 INFO  RaftServerConfigKeys:46 - raft.server.write.follower.gap.ratio.max = -1.0 (default)
2022-07-27 18:25:02 INFO  RoleInfo:139 - 2d1805ee-9bed-4a7f-b83c-cbbb20f1742b: start 2d1805ee-9bed-4a7f-b83c-cbbb20f1742b@group-EE2AB5D75B12-LeaderStateImpl
2022-07-27 18:25:02 INFO  SegmentedRaftLogWorker:430 - 2d1805ee-9bed-4a7f-b83c-cbbb20f1742b@group-EE2AB5D75B12-SegmentedRaftLogWorker: Rolling segment log-0_0 to index:0
2022-07-27 18:25:02 INFO  SegmentedRaftLogWorker:586 - 2d1805ee-9bed-4a7f-b83c-cbbb20f1742b@group-EE2AB5D75B12-SegmentedRaftLogWorker: Rolled log segment from /data/metadata/ratis/ad827d72-dfb2-4166-9f9a-ee2ab5d75b12/current/log_inprogress_0 to /data/metadata/ratis/ad827d72-dfb2-4166-9f9a-ee2ab5d75b12/current/log_0-0
2022-07-27 18:25:02 INFO  SegmentedRaftLogWorker:629 - 2d1805ee-9bed-4a7f-b83c-cbbb20f1742b@group-EE2AB5D75B12-SegmentedRaftLogWorker: created new log segment /data/metadata/ratis/ad827d72-dfb2-4166-9f9a-ee2ab5d75b12/current/log_inprogress_1
2022-07-27 18:25:02 INFO  RaftServer$Division:393 - 2d1805ee-9bed-4a7f-b83c-cbbb20f1742b@group-EE2AB5D75B12: set configuration 1: [2d1805ee-9bed-4a7f-b83c-cbbb20f1742b|rpc:datanode-1.datanode.default.svc.cluster.local:9856|admin:datanode-1.datanode.default.svc.cluster.local:9857|client:datanode-1.datanode.default.svc.cluster.local:9858|dataStream:|priority:1], old=null
2022-07-27 18:25:02 INFO  RaftServer$Division:1152 - 2d1805ee-9bed-4a7f-b83c-cbbb20f1742b@group-6A930DEADE83: receive requestVote(ELECTION, 409b4a67-cd37-4914-b2f5-9af190b75b22, group-6A930DEADE83, 1, (t:0, i:0))
2022-07-27 18:25:02 INFO  VoteContext:48 - 2d1805ee-9bed-4a7f-b83c-cbbb20f1742b@group-6A930DEADE83-FOLLOWER: reject ELECTION from 409b4a67-cd37-4914-b2f5-9af190b75b22: our priority 1 > candidate's priority 0
2022-07-27 18:25:02 INFO  RaftServer$Division:299 - 2d1805ee-9bed-4a7f-b83c-cbbb20f1742b@group-6A930DEADE83: changes role from  FOLLOWER to FOLLOWER at term 1 for candidate:409b4a67-cd37-4914-b2f5-9af190b75b22
2022-07-27 18:25:02 INFO  RoleInfo:110 - 2d1805ee-9bed-4a7f-b83c-cbbb20f1742b: shutdown 2d1805ee-9bed-4a7f-b83c-cbbb20f1742b@group-6A930DEADE83-FollowerState
2022-07-27 18:25:02 INFO  FollowerState:152 - 2d1805ee-9bed-4a7f-b83c-cbbb20f1742b@group-6A930DEADE83-FollowerState was interrupted
2022-07-27 18:25:02 INFO  RoleInfo:139 - 2d1805ee-9bed-4a7f-b83c-cbbb20f1742b: start 2d1805ee-9bed-4a7f-b83c-cbbb20f1742b@group-6A930DEADE83-FollowerState
2022-07-27 18:25:02 INFO  RaftServer$Division:1184 - 2d1805ee-9bed-4a7f-b83c-cbbb20f1742b@group-6A930DEADE83 replies to ELECTION vote request: 409b4a67-cd37-4914-b2f5-9af190b75b22<-2d1805ee-9bed-4a7f-b83c-cbbb20f1742b#0:FAIL-t1. Peer's state: 2d1805ee-9bed-4a7f-b83c-cbbb20f1742b@group-6A930DEADE83:t1, leader=null, voted=null, raftlog=2d1805ee-9bed-4a7f-b83c-cbbb20f1742b@group-6A930DEADE83-SegmentedRaftLog:OPENED:c-1, conf=-1: [7d3ee3a1-7ba5-4fb0-8e9e-fa1537176bf9|rpc:datanode-2.datanode.default.svc.cluster.local:9856|admin:datanode-2.datanode.default.svc.cluster.local:9857|client:datanode-2.datanode.default.svc.cluster.local:9858|priority:0, 409b4a67-cd37-4914-b2f5-9af190b75b22|rpc:datanode-0.datanode.default.svc.cluster.local:9856|admin:datanode-0.datanode.default.svc.cluster.local:9857|client:datanode-0.datanode.default.svc.cluster.local:9858|priority:0, 2d1805ee-9bed-4a7f-b83c-cbbb20f1742b|rpc:datanode-1.datanode.default.svc.cluster.local:9856|admin:datanode-1.datanode.default.svc.cluster.local:9857|client:datanode-1.datanode.default.svc.cluster.local:9858|priority:1], old=null
2022-07-27 18:25:02 INFO  CreatePipelineCommandHandler:113 - Created Pipeline RATIS THREE PipelineID=fce268cf-166e-4cef-9a86-6a930deade83.
2022-07-27 18:25:02 INFO  RaftServer:107 - 2d1805ee-9bed-4a7f-b83c-cbbb20f1742b: remove  FOLLOWER 2d1805ee-9bed-4a7f-b83c-cbbb20f1742b@group-6A930DEADE83:t1, leader=null, voted=null, raftlog=2d1805ee-9bed-4a7f-b83c-cbbb20f1742b@group-6A930DEADE83-SegmentedRaftLog:OPENED:c-1, conf=-1: [7d3ee3a1-7ba5-4fb0-8e9e-fa1537176bf9|rpc:datanode-2.datanode.default.svc.cluster.local:9856|admin:datanode-2.datanode.default.svc.cluster.local:9857|client:datanode-2.datanode.default.svc.cluster.local:9858|priority:0, 409b4a67-cd37-4914-b2f5-9af190b75b22|rpc:datanode-0.datanode.default.svc.cluster.local:9856|admin:datanode-0.datanode.default.svc.cluster.local:9857|client:datanode-0.datanode.default.svc.cluster.local:9858|priority:0, 2d1805ee-9bed-4a7f-b83c-cbbb20f1742b|rpc:datanode-1.datanode.default.svc.cluster.local:9856|admin:datanode-1.datanode.default.svc.cluster.local:9857|client:datanode-1.datanode.default.svc.cluster.local:9858|priority:1], old=null RUNNING
2022-07-27 18:25:02 INFO  RaftServer$Division:434 - 2d1805ee-9bed-4a7f-b83c-cbbb20f1742b@group-6A930DEADE83: shutdown
2022-07-27 18:25:02 INFO  JmxRegister:73 - Successfully un-registered JMX Bean with object name Ratis:service=RaftServer,group=group-6A930DEADE83,id=2d1805ee-9bed-4a7f-b83c-cbbb20f1742b
2022-07-27 18:25:02 INFO  RoleInfo:110 - 2d1805ee-9bed-4a7f-b83c-cbbb20f1742b: shutdown 2d1805ee-9bed-4a7f-b83c-cbbb20f1742b@group-6A930DEADE83-FollowerState
2022-07-27 18:25:02 INFO  FollowerState:152 - 2d1805ee-9bed-4a7f-b83c-cbbb20f1742b@group-6A930DEADE83-FollowerState was interrupted
2022-07-27 18:25:02 INFO  StateMachineUpdater:153 - 2d1805ee-9bed-4a7f-b83c-cbbb20f1742b@group-6A930DEADE83-StateMachineUpdater: set stopIndex = -1
2022-07-27 18:25:02 INFO  RaftServer$Division:429 - 2d1805ee-9bed-4a7f-b83c-cbbb20f1742b@group-6A930DEADE83: closes. applyIndex: -1
2022-07-27 18:25:02 INFO  SegmentedRaftLogWorker:336 - 2d1805ee-9bed-4a7f-b83c-cbbb20f1742b@group-6A930DEADE83-SegmentedRaftLogWorker was interrupted, exiting. There are 0 tasks remaining in the queue.
2022-07-27 18:25:02 INFO  SegmentedRaftLogWorker:246 - 2d1805ee-9bed-4a7f-b83c-cbbb20f1742b@group-6A930DEADE83-SegmentedRaftLogWorker close()
2022-07-27 18:25:02 INFO  RaftServer$Division:404 - 2d1805ee-9bed-4a7f-b83c-cbbb20f1742b@group-6A930DEADE83: Succeed to remove RaftStorageDirectory Storage Directory /data/metadata/ratis/fce268cf-166e-4cef-9a86-6a930deade83
2022-07-27 18:25:02 INFO  ClosePipelineCommandHandler:78 - Close Pipeline PipelineID=fce268cf-166e-4cef-9a86-6a930deade83 command on datanode 2d1805ee-9bed-4a7f-b83c-cbbb20f1742b.
2022-07-27 18:25:02 INFO  RaftServer:107 - 2d1805ee-9bed-4a7f-b83c-cbbb20f1742b: remove    LEADER 2d1805ee-9bed-4a7f-b83c-cbbb20f1742b@group-EE2AB5D75B12:t2, leader=2d1805ee-9bed-4a7f-b83c-cbbb20f1742b, voted=2d1805ee-9bed-4a7f-b83c-cbbb20f1742b, raftlog=2d1805ee-9bed-4a7f-b83c-cbbb20f1742b@group-EE2AB5D75B12-SegmentedRaftLog:OPENED:c2, conf=1: [2d1805ee-9bed-4a7f-b83c-cbbb20f1742b|rpc:datanode-1.datanode.default.svc.cluster.local:9856|admin:datanode-1.datanode.default.svc.cluster.local:9857|client:datanode-1.datanode.default.svc.cluster.local:9858|dataStream:|priority:1], old=null RUNNING
2022-07-27 18:25:02 INFO  RaftServer$Division:434 - 2d1805ee-9bed-4a7f-b83c-cbbb20f1742b@group-EE2AB5D75B12: shutdown
2022-07-27 18:25:02 INFO  JmxRegister:73 - Successfully un-registered JMX Bean with object name Ratis:service=RaftServer,group=group-EE2AB5D75B12,id=2d1805ee-9bed-4a7f-b83c-cbbb20f1742b
2022-07-27 18:25:02 INFO  RoleInfo:93 - 2d1805ee-9bed-4a7f-b83c-cbbb20f1742b: shutdown 2d1805ee-9bed-4a7f-b83c-cbbb20f1742b@group-EE2AB5D75B12-LeaderStateImpl
2022-07-27 18:25:02 INFO  PendingRequests:282 - 2d1805ee-9bed-4a7f-b83c-cbbb20f1742b@group-EE2AB5D75B12-PendingRequests: sendNotLeaderResponses
2022-07-27 18:25:02 INFO  ContainerStateMachine:304 - group-EE2AB5D75B12: Taking a snapshot at:(t:2, i:2) file /data/metadata/ratis/ad827d72-dfb2-4166-9f9a-ee2ab5d75b12/sm/snapshot.2_2
2022-07-27 18:25:02 INFO  StateMachineUpdater:153 - 2d1805ee-9bed-4a7f-b83c-cbbb20f1742b@group-EE2AB5D75B12-StateMachineUpdater: set stopIndex = 2
2022-07-27 18:25:02 INFO  ContainerStateMachine:315 - group-EE2AB5D75B12: Finished taking a snapshot at:(t:2, i:2) file:/data/metadata/ratis/ad827d72-dfb2-4166-9f9a-ee2ab5d75b12/sm/snapshot.2_2 took: 3 ms
2022-07-27 18:25:02 INFO  StateMachineUpdater:287 - 2d1805ee-9bed-4a7f-b83c-cbbb20f1742b@group-EE2AB5D75B12-StateMachineUpdater: Took a snapshot at index 2
2022-07-27 18:25:02 INFO  StateMachineUpdater:92 - 2d1805ee-9bed-4a7f-b83c-cbbb20f1742b@group-EE2AB5D75B12-StateMachineUpdater: snapshotIndex: updateIncreasingly 0 -> 2
2022-07-27 18:25:02 INFO  RaftServer$Division:429 - 2d1805ee-9bed-4a7f-b83c-cbbb20f1742b@group-EE2AB5D75B12: closes. applyIndex: 2
2022-07-27 18:25:02 INFO  SegmentedRaftLogWorker:336 - 2d1805ee-9bed-4a7f-b83c-cbbb20f1742b@group-EE2AB5D75B12-SegmentedRaftLogWorker was interrupted, exiting. There are 0 tasks remaining in the queue.
2022-07-27 18:25:02 INFO  SegmentedRaftLogWorker:246 - 2d1805ee-9bed-4a7f-b83c-cbbb20f1742b@group-EE2AB5D75B12-SegmentedRaftLogWorker close()
2022-07-27 18:25:02 INFO  RaftServer$Division:404 - 2d1805ee-9bed-4a7f-b83c-cbbb20f1742b@group-EE2AB5D75B12: Succeed to remove RaftStorageDirectory Storage Directory /data/metadata/ratis/ad827d72-dfb2-4166-9f9a-ee2ab5d75b12
2022-07-27 18:25:02 INFO  ClosePipelineCommandHandler:78 - Close Pipeline PipelineID=ad827d72-dfb2-4166-9f9a-ee2ab5d75b12 command on datanode 2d1805ee-9bed-4a7f-b83c-cbbb20f1742b.
2022-07-27 18:25:02 INFO  RaftServer$Division:190 - 2d1805ee-9bed-4a7f-b83c-cbbb20f1742b: new RaftServerImpl for group-126D1C43A6B7:[2d1805ee-9bed-4a7f-b83c-cbbb20f1742b|rpc:datanode-1.datanode.default.svc.cluster.local:9856|admin:datanode-1.datanode.default.svc.cluster.local:9857|client:datanode-1.datanode.default.svc.cluster.local:9858|priority:1] with ContainerStateMachine:uninitialized
2022-07-27 18:25:02 INFO  RaftServerConfigKeys:46 - raft.server.rpc.timeout.min = 5s (custom)
2022-07-27 18:25:02 INFO  RaftServerConfigKeys:46 - raft.server.rpc.timeout.max = 5200ms (custom)
2022-07-27 18:25:02 INFO  RaftServerConfigKeys:46 - raft.server.rpc.sleep.time = 25ms (default)
2022-07-27 18:25:02 INFO  RaftServerConfigKeys:46 - raft.server.rpc.slowness.timeout = 300s (custom)
2022-07-27 18:25:02 INFO  RaftServerConfigKeys:46 - raft.server.leaderelection.leader.step-down.wait-time = 10s (default)
2022-07-27 18:25:02 INFO  RaftServerConfigKeys:46 - raft.server.sleep.deviation.threshold = 300ms (default)
2022-07-27 18:25:02 INFO  RaftServer$Division:107 - 2d1805ee-9bed-4a7f-b83c-cbbb20f1742b@group-126D1C43A6B7: ConfigurationManager, init=-1: [2d1805ee-9bed-4a7f-b83c-cbbb20f1742b|rpc:datanode-1.datanode.default.svc.cluster.local:9856|admin:datanode-1.datanode.default.svc.cluster.local:9857|client:datanode-1.datanode.default.svc.cluster.local:9858|priority:1], old=null, confs=<EMPTY_MAP>
2022-07-27 18:25:02 INFO  RaftServerConfigKeys:46 - raft.server.storage.dir = [/data/metadata/ratis] (custom)
2022-07-27 18:25:02 INFO  RaftServerConfigKeys:46 - raft.server.log.corruption.policy = EXCEPTION (default)
2022-07-27 18:25:02 INFO  RaftServerConfigKeys:46 - raft.server.storage.free-space.min = 0MB (=0) (default)
2022-07-27 18:25:02 INFO  RaftStorageDirectory:135 - The storage directory /data/metadata/ratis/e5db1cf6-ac2e-45d8-bd5f-126d1c43a6b7 does not exist. Creating ...
2022-07-27 18:25:02 INFO  RaftServer:96 - 2d1805ee-9bed-4a7f-b83c-cbbb20f1742b: addNew group-126D1C43A6B7:[2d1805ee-9bed-4a7f-b83c-cbbb20f1742b|rpc:datanode-1.datanode.default.svc.cluster.local:9856|admin:datanode-1.datanode.default.svc.cluster.local:9857|client:datanode-1.datanode.default.svc.cluster.local:9858|priority:1] returns group-126D1C43A6B7:java.util.concurrent.CompletableFuture@2290c230[Not completed]
2022-07-27 18:25:02 INFO  RaftStorageDirectory:230 - Lock on /data/metadata/ratis/e5db1cf6-ac2e-45d8-bd5f-126d1c43a6b7/in_use.lock acquired by nodename 8@datanode-1
2022-07-27 18:25:02 INFO  RaftStorage:89 - Storage directory /data/metadata/ratis/e5db1cf6-ac2e-45d8-bd5f-126d1c43a6b7 has been successfully formatted.
2022-07-27 18:25:02 INFO  ContainerStateMachine:236 - group-126D1C43A6B7: The snapshot info is null. Setting the last applied indexto:(t:0, i:~)
2022-07-27 18:25:02 INFO  RaftServerConfigKeys:46 - raft.server.notification.no-leader.timeout = 300s (custom)
2022-07-27 18:25:02 INFO  RaftServerConfigKeys:46 - raft.server.log.use.memory = false (default)
2022-07-27 18:25:02 INFO  RaftServerConfigKeys:46 - raft.server.log.purge.gap = 1000000 (custom)
2022-07-27 18:25:02 INFO  RaftServerConfigKeys:46 - raft.server.log.appender.buffer.byte-limit = 33554432 (custom)
2022-07-27 18:25:02 INFO  RaftServerConfigKeys:46 - raft.server.log.statemachine.data.read.timeout = 1000ms (default)
2022-07-27 18:25:02 INFO  RaftServerConfigKeys:46 - raft.server.log.segment.size.max = 1048576 (custom)
2022-07-27 18:25:02 INFO  RaftServerConfigKeys:46 - raft.server.log.segment.cache.num.max = 2 (custom)
2022-07-27 18:25:02 INFO  RaftServerConfigKeys:46 - raft.server.log.segment.cache.size.max = 200MB (=209715200) (default)
2022-07-27 18:25:02 INFO  SegmentedRaftLogWorker:187 - new 2d1805ee-9bed-4a7f-b83c-cbbb20f1742b@group-126D1C43A6B7-SegmentedRaftLogWorker for RaftStorageImpl:Storage Directory /data/metadata/ratis/e5db1cf6-ac2e-45d8-bd5f-126d1c43a6b7
2022-07-27 18:25:02 INFO  RaftServerConfigKeys:46 - raft.server.log.queue.byte-limit = 4294967296 (custom)
2022-07-27 18:25:02 INFO  RaftServerConfigKeys:46 - raft.server.log.queue.element-limit = 1024 (custom)
2022-07-27 18:25:02 INFO  RaftServerConfigKeys:46 - raft.server.log.segment.size.max = 1048576 (custom)
2022-07-27 18:25:02 INFO  RaftServerConfigKeys:46 - raft.server.log.preallocated.size = 16384 (custom)
2022-07-27 18:25:02 INFO  RaftServerConfigKeys:46 - raft.server.log.force.sync.num = 128 (default)
2022-07-27 18:25:02 INFO  RaftServerConfigKeys:46 - raft.server.log.statemachine.data.sync = true (default)
2022-07-27 18:25:02 INFO  RaftServerConfigKeys:46 - raft.server.log.statemachine.data.sync.timeout = 10s (default)
2022-07-27 18:25:02 INFO  RaftServerConfigKeys:46 - raft.server.log.statemachine.data.sync.timeout.retry = -1 (default)
2022-07-27 18:25:02 INFO  RaftServerConfigKeys:46 - raft.server.log.write.buffer.size = 1048576 (custom)
2022-07-27 18:25:02 INFO  RaftServerConfigKeys:46 - raft.server.log.unsafe-flush.enabled = false (default)
2022-07-27 18:25:02 INFO  RaftServerConfigKeys:46 - raft.server.log.statemachine.data.caching.enabled = true (custom)
2022-07-27 18:25:02 INFO  SegmentedRaftLogWorker:135 - 2d1805ee-9bed-4a7f-b83c-cbbb20f1742b@group-126D1C43A6B7-SegmentedRaftLogWorker: flushIndex: setUnconditionally 0 -> -1
2022-07-27 18:25:02 INFO  SegmentedRaftLogWorker:135 - 2d1805ee-9bed-4a7f-b83c-cbbb20f1742b@group-126D1C43A6B7-SegmentedRaftLogWorker: safeCacheEvictIndex: setUnconditionally 0 -> -1
2022-07-27 18:25:02 INFO  RaftServerConfigKeys:46 - raft.server.snapshot.auto.trigger.enabled = true (custom)
2022-07-27 18:25:02 INFO  RaftServerConfigKeys:46 - raft.server.snapshot.auto.trigger.threshold = 10000 (custom)
2022-07-27 18:25:02 INFO  RaftServerConfigKeys:46 - raft.server.snapshot.retention.file.num = 5 (custom)
2022-07-27 18:25:02 INFO  RaftServerConfigKeys:46 - raft.server.log.purge.upto.snapshot.index = false (default)
2022-07-27 18:25:02 INFO  RaftServerConfigKeys:46 - raft.server.retrycache.expirytime = 600000ms (custom)
2022-07-27 18:25:02 INFO  RaftServerConfigKeys:46 - raft.server.retrycache.statistics.expirytime = 100?s (default)
2022-07-27 18:25:02 INFO  RaftServerConfigKeys:46 - raft.server.log.appender.install.snapshot.enabled = false (custom)
2022-07-27 18:25:02 INFO  RaftServerConfigKeys:46 - raft.server.threadpool.server.cached = true (default)
2022-07-27 18:25:02 INFO  RaftServerConfigKeys:46 - raft.server.threadpool.server.size = 0 (default)
2022-07-27 18:25:02 INFO  RaftServerConfigKeys:46 - raft.server.threadpool.client.cached = true (default)
2022-07-27 18:25:02 INFO  RaftServerConfigKeys:46 - raft.server.threadpool.client.size = 0 (default)
2022-07-27 18:25:02 INFO  RaftServer$Division:310 - 2d1805ee-9bed-4a7f-b83c-cbbb20f1742b@group-126D1C43A6B7: start as a follower, conf=-1: [2d1805ee-9bed-4a7f-b83c-cbbb20f1742b|rpc:datanode-1.datanode.default.svc.cluster.local:9856|admin:datanode-1.datanode.default.svc.cluster.local:9857|client:datanode-1.datanode.default.svc.cluster.local:9858|priority:1], old=null
2022-07-27 18:25:02 INFO  RaftServer$Division:299 - 2d1805ee-9bed-4a7f-b83c-cbbb20f1742b@group-126D1C43A6B7: changes role from      null to FOLLOWER at term 0 for startAsFollower
2022-07-27 18:25:02 INFO  RoleInfo:139 - 2d1805ee-9bed-4a7f-b83c-cbbb20f1742b: start 2d1805ee-9bed-4a7f-b83c-cbbb20f1742b@group-126D1C43A6B7-FollowerState
2022-07-27 18:25:02 INFO  JmxRegister:44 - Successfully registered JMX Bean with object name Ratis:service=RaftServer,group=group-126D1C43A6B7,id=2d1805ee-9bed-4a7f-b83c-cbbb20f1742b
2022-07-27 18:25:02 INFO  XceiverServerRatis:765 - Created group PipelineID=e5db1cf6-ac2e-45d8-bd5f-126d1c43a6b7
2022-07-27 18:25:02 INFO  CreatePipelineCommandHandler:113 - Created Pipeline RATIS ONE PipelineID=e5db1cf6-ac2e-45d8-bd5f-126d1c43a6b7.
2022-07-27 18:25:02 INFO  RaftServer:96 - 2d1805ee-9bed-4a7f-b83c-cbbb20f1742b: addNew group-D9208D3B42CE:[7d3ee3a1-7ba5-4fb0-8e9e-fa1537176bf9|rpc:datanode-2.datanode.default.svc.cluster.local:9856|admin:datanode-2.datanode.default.svc.cluster.local:9857|client:datanode-2.datanode.default.svc.cluster.local:9858|priority:0, 409b4a67-cd37-4914-b2f5-9af190b75b22|rpc:datanode-0.datanode.default.svc.cluster.local:9856|admin:datanode-0.datanode.default.svc.cluster.local:9857|client:datanode-0.datanode.default.svc.cluster.local:9858|priority:0, 2d1805ee-9bed-4a7f-b83c-cbbb20f1742b|rpc:datanode-1.datanode.default.svc.cluster.local:9856|admin:datanode-1.datanode.default.svc.cluster.local:9857|client:datanode-1.datanode.default.svc.cluster.local:9858|priority:1] returns group-D9208D3B42CE:java.util.concurrent.CompletableFuture@710f9e80[Not completed]
2022-07-27 18:25:02 INFO  RaftServer$Division:190 - 2d1805ee-9bed-4a7f-b83c-cbbb20f1742b: new RaftServerImpl for group-D9208D3B42CE:[7d3ee3a1-7ba5-4fb0-8e9e-fa1537176bf9|rpc:datanode-2.datanode.default.svc.cluster.local:9856|admin:datanode-2.datanode.default.svc.cluster.local:9857|client:datanode-2.datanode.default.svc.cluster.local:9858|priority:0, 409b4a67-cd37-4914-b2f5-9af190b75b22|rpc:datanode-0.datanode.default.svc.cluster.local:9856|admin:datanode-0.datanode.default.svc.cluster.local:9857|client:datanode-0.datanode.default.svc.cluster.local:9858|priority:0, 2d1805ee-9bed-4a7f-b83c-cbbb20f1742b|rpc:datanode-1.datanode.default.svc.cluster.local:9856|admin:datanode-1.datanode.default.svc.cluster.local:9857|client:datanode-1.datanode.default.svc.cluster.local:9858|priority:1] with ContainerStateMachine:uninitialized
2022-07-27 18:25:02 INFO  RaftServerConfigKeys:46 - raft.server.rpc.timeout.min = 5s (custom)
2022-07-27 18:25:02 INFO  RaftServerConfigKeys:46 - raft.server.rpc.timeout.max = 5200ms (custom)
2022-07-27 18:25:02 INFO  RaftServerConfigKeys:46 - raft.server.rpc.sleep.time = 25ms (default)
2022-07-27 18:25:02 INFO  RaftServerConfigKeys:46 - raft.server.rpc.slowness.timeout = 300s (custom)
2022-07-27 18:25:02 INFO  RaftServerConfigKeys:46 - raft.server.leaderelection.leader.step-down.wait-time = 10s (default)
2022-07-27 18:25:02 INFO  RaftServerConfigKeys:46 - raft.server.sleep.deviation.threshold = 300ms (default)
2022-07-27 18:25:02 INFO  RaftServer$Division:107 - 2d1805ee-9bed-4a7f-b83c-cbbb20f1742b@group-D9208D3B42CE: ConfigurationManager, init=-1: [7d3ee3a1-7ba5-4fb0-8e9e-fa1537176bf9|rpc:datanode-2.datanode.default.svc.cluster.local:9856|admin:datanode-2.datanode.default.svc.cluster.local:9857|client:datanode-2.datanode.default.svc.cluster.local:9858|priority:0, 409b4a67-cd37-4914-b2f5-9af190b75b22|rpc:datanode-0.datanode.default.svc.cluster.local:9856|admin:datanode-0.datanode.default.svc.cluster.local:9857|client:datanode-0.datanode.default.svc.cluster.local:9858|priority:0, 2d1805ee-9bed-4a7f-b83c-cbbb20f1742b|rpc:datanode-1.datanode.default.svc.cluster.local:9856|admin:datanode-1.datanode.default.svc.cluster.local:9857|client:datanode-1.datanode.default.svc.cluster.local:9858|priority:1], old=null, confs=<EMPTY_MAP>
2022-07-27 18:25:02 INFO  RaftServerConfigKeys:46 - raft.server.storage.dir = [/data/metadata/ratis] (custom)
2022-07-27 18:25:02 INFO  RaftServerConfigKeys:46 - raft.server.log.corruption.policy = EXCEPTION (default)
2022-07-27 18:25:02 INFO  RaftServerConfigKeys:46 - raft.server.storage.free-space.min = 0MB (=0) (default)
2022-07-27 18:25:02 INFO  RaftStorageDirectory:135 - The storage directory /data/metadata/ratis/307f83aa-e559-4f75-84ff-d9208d3b42ce does not exist. Creating ...
2022-07-27 18:25:02 INFO  RaftStorageDirectory:230 - Lock on /data/metadata/ratis/307f83aa-e559-4f75-84ff-d9208d3b42ce/in_use.lock acquired by nodename 8@datanode-1
2022-07-27 18:25:02 INFO  RaftStorage:89 - Storage directory /data/metadata/ratis/307f83aa-e559-4f75-84ff-d9208d3b42ce has been successfully formatted.
2022-07-27 18:25:02 INFO  ContainerStateMachine:236 - group-D9208D3B42CE: The snapshot info is null. Setting the last applied indexto:(t:0, i:~)
2022-07-27 18:25:02 INFO  RaftServerConfigKeys:46 - raft.server.notification.no-leader.timeout = 300s (custom)
2022-07-27 18:25:02 INFO  RaftServerConfigKeys:46 - raft.server.log.use.memory = false (default)
2022-07-27 18:25:02 INFO  RaftServerConfigKeys:46 - raft.server.log.purge.gap = 1000000 (custom)
2022-07-27 18:25:02 INFO  RaftServerConfigKeys:46 - raft.server.log.appender.buffer.byte-limit = 33554432 (custom)
2022-07-27 18:25:02 INFO  RaftServerConfigKeys:46 - raft.server.log.statemachine.data.read.timeout = 1000ms (default)
2022-07-27 18:25:02 INFO  RaftServerConfigKeys:46 - raft.server.log.segment.size.max = 1048576 (custom)
2022-07-27 18:25:02 INFO  RaftServerConfigKeys:46 - raft.server.log.segment.cache.num.max = 2 (custom)
2022-07-27 18:25:02 INFO  RaftServerConfigKeys:46 - raft.server.log.segment.cache.size.max = 200MB (=209715200) (default)
2022-07-27 18:25:02 INFO  SegmentedRaftLogWorker:187 - new 2d1805ee-9bed-4a7f-b83c-cbbb20f1742b@group-D9208D3B42CE-SegmentedRaftLogWorker for RaftStorageImpl:Storage Directory /data/metadata/ratis/307f83aa-e559-4f75-84ff-d9208d3b42ce
2022-07-27 18:25:02 INFO  RaftServerConfigKeys:46 - raft.server.log.queue.byte-limit = 4294967296 (custom)
2022-07-27 18:25:02 INFO  RaftServerConfigKeys:46 - raft.server.log.queue.element-limit = 1024 (custom)
2022-07-27 18:25:02 INFO  RaftServerConfigKeys:46 - raft.server.log.segment.size.max = 1048576 (custom)
2022-07-27 18:25:02 INFO  RaftServerConfigKeys:46 - raft.server.log.preallocated.size = 16384 (custom)
2022-07-27 18:25:02 INFO  RaftServerConfigKeys:46 - raft.server.log.force.sync.num = 128 (default)
2022-07-27 18:25:02 INFO  RaftServerConfigKeys:46 - raft.server.log.statemachine.data.sync = true (default)
2022-07-27 18:25:02 INFO  RaftServerConfigKeys:46 - raft.server.log.statemachine.data.sync.timeout = 10s (default)
2022-07-27 18:25:02 INFO  RaftServerConfigKeys:46 - raft.server.log.statemachine.data.sync.timeout.retry = -1 (default)
2022-07-27 18:25:02 INFO  RaftServerConfigKeys:46 - raft.server.log.write.buffer.size = 1048576 (custom)
2022-07-27 18:25:02 INFO  RaftServerConfigKeys:46 - raft.server.log.unsafe-flush.enabled = false (default)
2022-07-27 18:25:02 INFO  RaftServerConfigKeys:46 - raft.server.log.statemachine.data.caching.enabled = true (custom)
2022-07-27 18:25:02 INFO  SegmentedRaftLogWorker:135 - 2d1805ee-9bed-4a7f-b83c-cbbb20f1742b@group-D9208D3B42CE-SegmentedRaftLogWorker: flushIndex: setUnconditionally 0 -> -1
2022-07-27 18:25:02 INFO  SegmentedRaftLogWorker:135 - 2d1805ee-9bed-4a7f-b83c-cbbb20f1742b@group-D9208D3B42CE-SegmentedRaftLogWorker: safeCacheEvictIndex: setUnconditionally 0 -> -1
2022-07-27 18:25:02 INFO  RaftServerConfigKeys:46 - raft.server.snapshot.auto.trigger.enabled = true (custom)
2022-07-27 18:25:02 INFO  RaftServerConfigKeys:46 - raft.server.snapshot.auto.trigger.threshold = 10000 (custom)
2022-07-27 18:25:02 INFO  RaftServerConfigKeys:46 - raft.server.snapshot.retention.file.num = 5 (custom)
2022-07-27 18:25:02 INFO  RaftServerConfigKeys:46 - raft.server.log.purge.upto.snapshot.index = false (default)
2022-07-27 18:25:02 INFO  RaftServerConfigKeys:46 - raft.server.retrycache.expirytime = 600000ms (custom)
2022-07-27 18:25:02 INFO  RaftServerConfigKeys:46 - raft.server.retrycache.statistics.expirytime = 100?s (default)
2022-07-27 18:25:02 INFO  RaftServerConfigKeys:46 - raft.server.log.appender.install.snapshot.enabled = false (custom)
2022-07-27 18:25:02 INFO  RaftServerConfigKeys:46 - raft.server.threadpool.server.cached = true (default)
2022-07-27 18:25:02 INFO  RaftServerConfigKeys:46 - raft.server.threadpool.server.size = 0 (default)
2022-07-27 18:25:02 INFO  RaftServerConfigKeys:46 - raft.server.threadpool.client.cached = true (default)
2022-07-27 18:25:02 INFO  RaftServerConfigKeys:46 - raft.server.threadpool.client.size = 0 (default)
2022-07-27 18:25:02 INFO  RaftServer$Division:310 - 2d1805ee-9bed-4a7f-b83c-cbbb20f1742b@group-D9208D3B42CE: start as a follower, conf=-1: [7d3ee3a1-7ba5-4fb0-8e9e-fa1537176bf9|rpc:datanode-2.datanode.default.svc.cluster.local:9856|admin:datanode-2.datanode.default.svc.cluster.local:9857|client:datanode-2.datanode.default.svc.cluster.local:9858|priority:0, 409b4a67-cd37-4914-b2f5-9af190b75b22|rpc:datanode-0.datanode.default.svc.cluster.local:9856|admin:datanode-0.datanode.default.svc.cluster.local:9857|client:datanode-0.datanode.default.svc.cluster.local:9858|priority:0, 2d1805ee-9bed-4a7f-b83c-cbbb20f1742b|rpc:datanode-1.datanode.default.svc.cluster.local:9856|admin:datanode-1.datanode.default.svc.cluster.local:9857|client:datanode-1.datanode.default.svc.cluster.local:9858|priority:1], old=null
2022-07-27 18:25:02 INFO  RaftServer$Division:299 - 2d1805ee-9bed-4a7f-b83c-cbbb20f1742b@group-D9208D3B42CE: changes role from      null to FOLLOWER at term 0 for startAsFollower
2022-07-27 18:25:02 INFO  RoleInfo:139 - 2d1805ee-9bed-4a7f-b83c-cbbb20f1742b: start 2d1805ee-9bed-4a7f-b83c-cbbb20f1742b@group-D9208D3B42CE-FollowerState
2022-07-27 18:25:02 INFO  JmxRegister:44 - Successfully registered JMX Bean with object name Ratis:service=RaftServer,group=group-D9208D3B42CE,id=2d1805ee-9bed-4a7f-b83c-cbbb20f1742b
2022-07-27 18:25:02 INFO  XceiverServerRatis:765 - Created group PipelineID=307f83aa-e559-4f75-84ff-d9208d3b42ce
2022-07-27 18:25:03 INFO  CreatePipelineCommandHandler:113 - Created Pipeline RATIS THREE PipelineID=307f83aa-e559-4f75-84ff-d9208d3b42ce.
2022-07-27 18:25:03 INFO  RaftServer:107 - 2d1805ee-9bed-4a7f-b83c-cbbb20f1742b: remove  FOLLOWER 2d1805ee-9bed-4a7f-b83c-cbbb20f1742b@group-D9208D3B42CE:t0, leader=null, voted=, raftlog=2d1805ee-9bed-4a7f-b83c-cbbb20f1742b@group-D9208D3B42CE-SegmentedRaftLog:OPENED:c-1, conf=-1: [7d3ee3a1-7ba5-4fb0-8e9e-fa1537176bf9|rpc:datanode-2.datanode.default.svc.cluster.local:9856|admin:datanode-2.datanode.default.svc.cluster.local:9857|client:datanode-2.datanode.default.svc.cluster.local:9858|priority:0, 409b4a67-cd37-4914-b2f5-9af190b75b22|rpc:datanode-0.datanode.default.svc.cluster.local:9856|admin:datanode-0.datanode.default.svc.cluster.local:9857|client:datanode-0.datanode.default.svc.cluster.local:9858|priority:0, 2d1805ee-9bed-4a7f-b83c-cbbb20f1742b|rpc:datanode-1.datanode.default.svc.cluster.local:9856|admin:datanode-1.datanode.default.svc.cluster.local:9857|client:datanode-1.datanode.default.svc.cluster.local:9858|priority:1], old=null RUNNING
2022-07-27 18:25:03 INFO  RaftServer$Division:434 - 2d1805ee-9bed-4a7f-b83c-cbbb20f1742b@group-D9208D3B42CE: shutdown
2022-07-27 18:25:03 INFO  JmxRegister:73 - Successfully un-registered JMX Bean with object name Ratis:service=RaftServer,group=group-D9208D3B42CE,id=2d1805ee-9bed-4a7f-b83c-cbbb20f1742b
2022-07-27 18:25:03 INFO  RoleInfo:110 - 2d1805ee-9bed-4a7f-b83c-cbbb20f1742b: shutdown 2d1805ee-9bed-4a7f-b83c-cbbb20f1742b@group-D9208D3B42CE-FollowerState
2022-07-27 18:25:03 INFO  StateMachineUpdater:153 - 2d1805ee-9bed-4a7f-b83c-cbbb20f1742b@group-D9208D3B42CE-StateMachineUpdater: set stopIndex = -1
2022-07-27 18:25:03 INFO  FollowerState:152 - 2d1805ee-9bed-4a7f-b83c-cbbb20f1742b@group-D9208D3B42CE-FollowerState was interrupted
2022-07-27 18:25:03 INFO  RaftServer$Division:429 - 2d1805ee-9bed-4a7f-b83c-cbbb20f1742b@group-D9208D3B42CE: closes. applyIndex: -1
2022-07-27 18:25:03 INFO  SegmentedRaftLogWorker:336 - 2d1805ee-9bed-4a7f-b83c-cbbb20f1742b@group-D9208D3B42CE-SegmentedRaftLogWorker was interrupted, exiting. There are 0 tasks remaining in the queue.
2022-07-27 18:25:03 INFO  SegmentedRaftLogWorker:246 - 2d1805ee-9bed-4a7f-b83c-cbbb20f1742b@group-D9208D3B42CE-SegmentedRaftLogWorker close()
2022-07-27 18:25:03 INFO  RaftServer$Division:404 - 2d1805ee-9bed-4a7f-b83c-cbbb20f1742b@group-D9208D3B42CE: Succeed to remove RaftStorageDirectory Storage Directory /data/metadata/ratis/307f83aa-e559-4f75-84ff-d9208d3b42ce
2022-07-27 18:25:03 INFO  ClosePipelineCommandHandler:78 - Close Pipeline PipelineID=307f83aa-e559-4f75-84ff-d9208d3b42ce command on datanode 2d1805ee-9bed-4a7f-b83c-cbbb20f1742b.
2022-07-27 18:25:03 INFO  RaftServer:96 - 2d1805ee-9bed-4a7f-b83c-cbbb20f1742b: addNew group-DC546DB8723A:[7d3ee3a1-7ba5-4fb0-8e9e-fa1537176bf9|rpc:datanode-2.datanode.default.svc.cluster.local:9856|admin:datanode-2.datanode.default.svc.cluster.local:9857|client:datanode-2.datanode.default.svc.cluster.local:9858|priority:0, 409b4a67-cd37-4914-b2f5-9af190b75b22|rpc:datanode-0.datanode.default.svc.cluster.local:9856|admin:datanode-0.datanode.default.svc.cluster.local:9857|client:datanode-0.datanode.default.svc.cluster.local:9858|priority:0, 2d1805ee-9bed-4a7f-b83c-cbbb20f1742b|rpc:datanode-1.datanode.default.svc.cluster.local:9856|admin:datanode-1.datanode.default.svc.cluster.local:9857|client:datanode-1.datanode.default.svc.cluster.local:9858|priority:1] returns group-DC546DB8723A:java.util.concurrent.CompletableFuture@66bab57a[Not completed]
2022-07-27 18:25:03 INFO  RaftServer$Division:190 - 2d1805ee-9bed-4a7f-b83c-cbbb20f1742b: new RaftServerImpl for group-DC546DB8723A:[7d3ee3a1-7ba5-4fb0-8e9e-fa1537176bf9|rpc:datanode-2.datanode.default.svc.cluster.local:9856|admin:datanode-2.datanode.default.svc.cluster.local:9857|client:datanode-2.datanode.default.svc.cluster.local:9858|priority:0, 409b4a67-cd37-4914-b2f5-9af190b75b22|rpc:datanode-0.datanode.default.svc.cluster.local:9856|admin:datanode-0.datanode.default.svc.cluster.local:9857|client:datanode-0.datanode.default.svc.cluster.local:9858|priority:0, 2d1805ee-9bed-4a7f-b83c-cbbb20f1742b|rpc:datanode-1.datanode.default.svc.cluster.local:9856|admin:datanode-1.datanode.default.svc.cluster.local:9857|client:datanode-1.datanode.default.svc.cluster.local:9858|priority:1] with ContainerStateMachine:uninitialized
2022-07-27 18:25:03 INFO  RaftServerConfigKeys:46 - raft.server.rpc.timeout.min = 5s (custom)
2022-07-27 18:25:03 INFO  RaftServerConfigKeys:46 - raft.server.rpc.timeout.max = 5200ms (custom)
2022-07-27 18:25:03 INFO  RaftServerConfigKeys:46 - raft.server.rpc.sleep.time = 25ms (default)
2022-07-27 18:25:03 INFO  RaftServerConfigKeys:46 - raft.server.rpc.slowness.timeout = 300s (custom)
2022-07-27 18:25:03 INFO  RaftServerConfigKeys:46 - raft.server.leaderelection.leader.step-down.wait-time = 10s (default)
2022-07-27 18:25:03 INFO  RaftServerConfigKeys:46 - raft.server.sleep.deviation.threshold = 300ms (default)
2022-07-27 18:25:03 INFO  RaftServer$Division:107 - 2d1805ee-9bed-4a7f-b83c-cbbb20f1742b@group-DC546DB8723A: ConfigurationManager, init=-1: [7d3ee3a1-7ba5-4fb0-8e9e-fa1537176bf9|rpc:datanode-2.datanode.default.svc.cluster.local:9856|admin:datanode-2.datanode.default.svc.cluster.local:9857|client:datanode-2.datanode.default.svc.cluster.local:9858|priority:0, 409b4a67-cd37-4914-b2f5-9af190b75b22|rpc:datanode-0.datanode.default.svc.cluster.local:9856|admin:datanode-0.datanode.default.svc.cluster.local:9857|client:datanode-0.datanode.default.svc.cluster.local:9858|priority:0, 2d1805ee-9bed-4a7f-b83c-cbbb20f1742b|rpc:datanode-1.datanode.default.svc.cluster.local:9856|admin:datanode-1.datanode.default.svc.cluster.local:9857|client:datanode-1.datanode.default.svc.cluster.local:9858|priority:1], old=null, confs=<EMPTY_MAP>
2022-07-27 18:25:03 INFO  RaftServerConfigKeys:46 - raft.server.storage.dir = [/data/metadata/ratis] (custom)
2022-07-27 18:25:03 INFO  RaftServerConfigKeys:46 - raft.server.log.corruption.policy = EXCEPTION (default)
2022-07-27 18:25:03 INFO  RaftServerConfigKeys:46 - raft.server.storage.free-space.min = 0MB (=0) (default)
2022-07-27 18:25:03 INFO  RaftStorageDirectory:135 - The storage directory /data/metadata/ratis/64584aa6-ba80-4e11-ace6-dc546db8723a does not exist. Creating ...
2022-07-27 18:25:03 INFO  RaftStorageDirectory:230 - Lock on /data/metadata/ratis/64584aa6-ba80-4e11-ace6-dc546db8723a/in_use.lock acquired by nodename 8@datanode-1
2022-07-27 18:25:03 INFO  RaftStorage:89 - Storage directory /data/metadata/ratis/64584aa6-ba80-4e11-ace6-dc546db8723a has been successfully formatted.
2022-07-27 18:25:03 INFO  ContainerStateMachine:236 - group-DC546DB8723A: The snapshot info is null. Setting the last applied indexto:(t:0, i:~)
2022-07-27 18:25:03 INFO  RaftServerConfigKeys:46 - raft.server.notification.no-leader.timeout = 300s (custom)
2022-07-27 18:25:03 INFO  RaftServerConfigKeys:46 - raft.server.log.use.memory = false (default)
2022-07-27 18:25:03 INFO  RaftServerConfigKeys:46 - raft.server.log.purge.gap = 1000000 (custom)
2022-07-27 18:25:03 INFO  RaftServerConfigKeys:46 - raft.server.log.appender.buffer.byte-limit = 33554432 (custom)
2022-07-27 18:25:03 INFO  RaftServerConfigKeys:46 - raft.server.log.statemachine.data.read.timeout = 1000ms (default)
2022-07-27 18:25:03 INFO  RaftServerConfigKeys:46 - raft.server.log.segment.size.max = 1048576 (custom)
2022-07-27 18:25:03 INFO  RaftServerConfigKeys:46 - raft.server.log.segment.cache.num.max = 2 (custom)
2022-07-27 18:25:03 INFO  RaftServerConfigKeys:46 - raft.server.log.segment.cache.size.max = 200MB (=209715200) (default)
2022-07-27 18:25:03 INFO  SegmentedRaftLogWorker:187 - new 2d1805ee-9bed-4a7f-b83c-cbbb20f1742b@group-DC546DB8723A-SegmentedRaftLogWorker for RaftStorageImpl:Storage Directory /data/metadata/ratis/64584aa6-ba80-4e11-ace6-dc546db8723a
2022-07-27 18:25:03 INFO  RaftServerConfigKeys:46 - raft.server.log.queue.byte-limit = 4294967296 (custom)
2022-07-27 18:25:03 INFO  RaftServerConfigKeys:46 - raft.server.log.queue.element-limit = 1024 (custom)
2022-07-27 18:25:03 INFO  RaftServerConfigKeys:46 - raft.server.log.segment.size.max = 1048576 (custom)
2022-07-27 18:25:03 INFO  RaftServerConfigKeys:46 - raft.server.log.preallocated.size = 16384 (custom)
2022-07-27 18:25:03 INFO  RaftServerConfigKeys:46 - raft.server.log.force.sync.num = 128 (default)
2022-07-27 18:25:03 INFO  RaftServerConfigKeys:46 - raft.server.log.statemachine.data.sync = true (default)
2022-07-27 18:25:03 INFO  RaftServerConfigKeys:46 - raft.server.log.statemachine.data.sync.timeout = 10s (default)
2022-07-27 18:25:03 INFO  RaftServerConfigKeys:46 - raft.server.log.statemachine.data.sync.timeout.retry = -1 (default)
2022-07-27 18:25:03 INFO  RaftServerConfigKeys:46 - raft.server.log.write.buffer.size = 1048576 (custom)
2022-07-27 18:25:03 INFO  RaftServerConfigKeys:46 - raft.server.log.unsafe-flush.enabled = false (default)
2022-07-27 18:25:03 INFO  RaftServerConfigKeys:46 - raft.server.log.statemachine.data.caching.enabled = true (custom)
2022-07-27 18:25:03 INFO  SegmentedRaftLogWorker:135 - 2d1805ee-9bed-4a7f-b83c-cbbb20f1742b@group-DC546DB8723A-SegmentedRaftLogWorker: flushIndex: setUnconditionally 0 -> -1
2022-07-27 18:25:03 INFO  SegmentedRaftLogWorker:135 - 2d1805ee-9bed-4a7f-b83c-cbbb20f1742b@group-DC546DB8723A-SegmentedRaftLogWorker: safeCacheEvictIndex: setUnconditionally 0 -> -1
2022-07-27 18:25:03 INFO  RaftServerConfigKeys:46 - raft.server.snapshot.auto.trigger.enabled = true (custom)
2022-07-27 18:25:03 INFO  RaftServerConfigKeys:46 - raft.server.snapshot.auto.trigger.threshold = 10000 (custom)
2022-07-27 18:25:03 INFO  RaftServerConfigKeys:46 - raft.server.snapshot.retention.file.num = 5 (custom)
2022-07-27 18:25:03 INFO  RaftServerConfigKeys:46 - raft.server.log.purge.upto.snapshot.index = false (default)
2022-07-27 18:25:03 INFO  RaftServerConfigKeys:46 - raft.server.retrycache.expirytime = 600000ms (custom)
2022-07-27 18:25:03 INFO  RaftServerConfigKeys:46 - raft.server.retrycache.statistics.expirytime = 100?s (default)
2022-07-27 18:25:03 INFO  RaftServerConfigKeys:46 - raft.server.log.appender.install.snapshot.enabled = false (custom)
2022-07-27 18:25:03 INFO  RaftServerConfigKeys:46 - raft.server.threadpool.server.cached = true (default)
2022-07-27 18:25:03 INFO  RaftServerConfigKeys:46 - raft.server.threadpool.server.size = 0 (default)
2022-07-27 18:25:03 INFO  RaftServerConfigKeys:46 - raft.server.threadpool.client.cached = true (default)
2022-07-27 18:25:03 INFO  RaftServerConfigKeys:46 - raft.server.threadpool.client.size = 0 (default)
2022-07-27 18:25:03 INFO  RaftServer$Division:310 - 2d1805ee-9bed-4a7f-b83c-cbbb20f1742b@group-DC546DB8723A: start as a follower, conf=-1: [7d3ee3a1-7ba5-4fb0-8e9e-fa1537176bf9|rpc:datanode-2.datanode.default.svc.cluster.local:9856|admin:datanode-2.datanode.default.svc.cluster.local:9857|client:datanode-2.datanode.default.svc.cluster.local:9858|priority:0, 409b4a67-cd37-4914-b2f5-9af190b75b22|rpc:datanode-0.datanode.default.svc.cluster.local:9856|admin:datanode-0.datanode.default.svc.cluster.local:9857|client:datanode-0.datanode.default.svc.cluster.local:9858|priority:0, 2d1805ee-9bed-4a7f-b83c-cbbb20f1742b|rpc:datanode-1.datanode.default.svc.cluster.local:9856|admin:datanode-1.datanode.default.svc.cluster.local:9857|client:datanode-1.datanode.default.svc.cluster.local:9858|priority:1], old=null
2022-07-27 18:25:03 INFO  RaftServer$Division:299 - 2d1805ee-9bed-4a7f-b83c-cbbb20f1742b@group-DC546DB8723A: changes role from      null to FOLLOWER at term 0 for startAsFollower
2022-07-27 18:25:03 INFO  RoleInfo:139 - 2d1805ee-9bed-4a7f-b83c-cbbb20f1742b: start 2d1805ee-9bed-4a7f-b83c-cbbb20f1742b@group-DC546DB8723A-FollowerState
2022-07-27 18:25:03 INFO  JmxRegister:44 - Successfully registered JMX Bean with object name Ratis:service=RaftServer,group=group-DC546DB8723A,id=2d1805ee-9bed-4a7f-b83c-cbbb20f1742b
2022-07-27 18:25:03 INFO  XceiverServerRatis:765 - Created group PipelineID=64584aa6-ba80-4e11-ace6-dc546db8723a
2022-07-27 18:25:03 INFO  CreatePipelineCommandHandler:113 - Created Pipeline RATIS THREE PipelineID=64584aa6-ba80-4e11-ace6-dc546db8723a.
2022-07-27 18:25:07 INFO  FollowerState:143 - 2d1805ee-9bed-4a7f-b83c-cbbb20f1742b@group-126D1C43A6B7-FollowerState: change to CANDIDATE, lastRpcElapsedTime:5037254752ns, electionTimeout:5036ms
2022-07-27 18:25:07 INFO  RoleInfo:110 - 2d1805ee-9bed-4a7f-b83c-cbbb20f1742b: shutdown 2d1805ee-9bed-4a7f-b83c-cbbb20f1742b@group-126D1C43A6B7-FollowerState
2022-07-27 18:25:07 INFO  RaftServer$Division:299 - 2d1805ee-9bed-4a7f-b83c-cbbb20f1742b@group-126D1C43A6B7: changes role from  FOLLOWER to CANDIDATE at term 0 for changeToCandidate
2022-07-27 18:25:07 INFO  RaftServerConfigKeys:46 - raft.server.leaderelection.pre-vote = false (custom)
2022-07-27 18:25:07 INFO  RoleInfo:139 - 2d1805ee-9bed-4a7f-b83c-cbbb20f1742b: start 2d1805ee-9bed-4a7f-b83c-cbbb20f1742b@group-126D1C43A6B7-LeaderElection2
2022-07-27 18:25:07 INFO  LeaderElection:310 - 2d1805ee-9bed-4a7f-b83c-cbbb20f1742b@group-126D1C43A6B7-LeaderElection2 ELECTION round 0: submit vote requests at term 1 for -1: [2d1805ee-9bed-4a7f-b83c-cbbb20f1742b|rpc:datanode-1.datanode.default.svc.cluster.local:9856|admin:datanode-1.datanode.default.svc.cluster.local:9857|client:datanode-1.datanode.default.svc.cluster.local:9858|priority:1], old=null
2022-07-27 18:25:07 INFO  LeaderElection:312 - 2d1805ee-9bed-4a7f-b83c-cbbb20f1742b@group-126D1C43A6B7-LeaderElection2 ELECTION round 0: result PASSED (term=1)
2022-07-27 18:25:07 INFO  RoleInfo:130 - 2d1805ee-9bed-4a7f-b83c-cbbb20f1742b: shutdown 2d1805ee-9bed-4a7f-b83c-cbbb20f1742b@group-126D1C43A6B7-LeaderElection2
2022-07-27 18:25:07 INFO  RaftServer$Division:299 - 2d1805ee-9bed-4a7f-b83c-cbbb20f1742b@group-126D1C43A6B7: changes role from CANDIDATE to LEADER at term 1 for changeToLeader
2022-07-27 18:25:07 INFO  XceiverServerRatis:863 - Leader change notification received for group: group-126D1C43A6B7 with new leaderId: 2d1805ee-9bed-4a7f-b83c-cbbb20f1742b
2022-07-27 18:25:07 INFO  RaftServer$Division:287 - 2d1805ee-9bed-4a7f-b83c-cbbb20f1742b@group-126D1C43A6B7: change Leader from null to 2d1805ee-9bed-4a7f-b83c-cbbb20f1742b at term 1 for becomeLeader, leader elected after 5066ms
2022-07-27 18:25:07 INFO  RaftServerConfigKeys:46 - raft.server.staging.catchup.gap = 1000 (default)
2022-07-27 18:25:07 INFO  RaftServerConfigKeys:46 - raft.server.write.element-limit = 1024 (custom)
2022-07-27 18:25:07 INFO  RaftServerConfigKeys:46 - raft.server.write.byte-limit = 1024 M (=1073741824) (custom)
2022-07-27 18:25:07 INFO  RaftServerConfigKeys:46 - raft.server.watch.timeout = 180s (custom)
2022-07-27 18:25:07 INFO  RaftServerConfigKeys:46 - raft.server.watch.timeout.denomination = 1s (default)
2022-07-27 18:25:07 INFO  RaftServerConfigKeys:46 - raft.server.watch.element-limit = 65536 (default)
2022-07-27 18:25:07 INFO  RaftServerConfigKeys:46 - raft.server.write.element-limit = 1024 (custom)
2022-07-27 18:25:07 INFO  RaftServerConfigKeys:46 - raft.server.write.follower.gap.ratio.max = -1.0 (default)
2022-07-27 18:25:07 INFO  RoleInfo:139 - 2d1805ee-9bed-4a7f-b83c-cbbb20f1742b: start 2d1805ee-9bed-4a7f-b83c-cbbb20f1742b@group-126D1C43A6B7-LeaderStateImpl
2022-07-27 18:25:07 INFO  SegmentedRaftLogWorker:425 - 2d1805ee-9bed-4a7f-b83c-cbbb20f1742b@group-126D1C43A6B7-SegmentedRaftLogWorker: Starting segment from index:0
2022-07-27 18:25:07 INFO  SegmentedRaftLogWorker:629 - 2d1805ee-9bed-4a7f-b83c-cbbb20f1742b@group-126D1C43A6B7-SegmentedRaftLogWorker: created new log segment /data/metadata/ratis/e5db1cf6-ac2e-45d8-bd5f-126d1c43a6b7/current/log_inprogress_0
2022-07-27 18:25:07 INFO  RaftServer$Division:393 - 2d1805ee-9bed-4a7f-b83c-cbbb20f1742b@group-126D1C43A6B7: set configuration 0: [2d1805ee-9bed-4a7f-b83c-cbbb20f1742b|rpc:datanode-1.datanode.default.svc.cluster.local:9856|admin:datanode-1.datanode.default.svc.cluster.local:9857|client:datanode-1.datanode.default.svc.cluster.local:9858|dataStream:|priority:1], old=null
2022-07-27 18:25:08 INFO  FollowerState:143 - 2d1805ee-9bed-4a7f-b83c-cbbb20f1742b@group-DC546DB8723A-FollowerState: change to CANDIDATE, lastRpcElapsedTime:5007814427ns, electionTimeout:5007ms
2022-07-27 18:25:08 INFO  RoleInfo:110 - 2d1805ee-9bed-4a7f-b83c-cbbb20f1742b: shutdown 2d1805ee-9bed-4a7f-b83c-cbbb20f1742b@group-DC546DB8723A-FollowerState
2022-07-27 18:25:08 INFO  RaftServer$Division:299 - 2d1805ee-9bed-4a7f-b83c-cbbb20f1742b@group-DC546DB8723A: changes role from  FOLLOWER to CANDIDATE at term 0 for changeToCandidate
2022-07-27 18:25:08 INFO  RaftServerConfigKeys:46 - raft.server.leaderelection.pre-vote = false (custom)
2022-07-27 18:25:08 INFO  RoleInfo:139 - 2d1805ee-9bed-4a7f-b83c-cbbb20f1742b: start 2d1805ee-9bed-4a7f-b83c-cbbb20f1742b@group-DC546DB8723A-LeaderElection3
2022-07-27 18:25:08 INFO  LeaderElection:310 - 2d1805ee-9bed-4a7f-b83c-cbbb20f1742b@group-DC546DB8723A-LeaderElection3 ELECTION round 0: submit vote requests at term 1 for -1: [7d3ee3a1-7ba5-4fb0-8e9e-fa1537176bf9|rpc:datanode-2.datanode.default.svc.cluster.local:9856|admin:datanode-2.datanode.default.svc.cluster.local:9857|client:datanode-2.datanode.default.svc.cluster.local:9858|priority:0, 409b4a67-cd37-4914-b2f5-9af190b75b22|rpc:datanode-0.datanode.default.svc.cluster.local:9856|admin:datanode-0.datanode.default.svc.cluster.local:9857|client:datanode-0.datanode.default.svc.cluster.local:9858|priority:0, 2d1805ee-9bed-4a7f-b83c-cbbb20f1742b|rpc:datanode-1.datanode.default.svc.cluster.local:9856|admin:datanode-1.datanode.default.svc.cluster.local:9857|client:datanode-1.datanode.default.svc.cluster.local:9858|priority:1], old=null
2022-07-27 18:25:08 INFO  LeaderElection:90 - 2d1805ee-9bed-4a7f-b83c-cbbb20f1742b@group-DC546DB8723A-LeaderElection3: ELECTION PASSED received 1 response(s) and 0 exception(s):
2022-07-27 18:25:08 INFO  LeaderElection:94 -   Response 0: 2d1805ee-9bed-4a7f-b83c-cbbb20f1742b<-409b4a67-cd37-4914-b2f5-9af190b75b22#0:OK-t1
2022-07-27 18:25:08 INFO  LeaderElection:312 - 2d1805ee-9bed-4a7f-b83c-cbbb20f1742b@group-DC546DB8723A-LeaderElection3 ELECTION round 0: result PASSED
2022-07-27 18:25:08 INFO  RoleInfo:130 - 2d1805ee-9bed-4a7f-b83c-cbbb20f1742b: shutdown 2d1805ee-9bed-4a7f-b83c-cbbb20f1742b@group-DC546DB8723A-LeaderElection3
2022-07-27 18:25:08 INFO  RaftServer$Division:299 - 2d1805ee-9bed-4a7f-b83c-cbbb20f1742b@group-DC546DB8723A: changes role from CANDIDATE to LEADER at term 1 for changeToLeader
2022-07-27 18:25:08 INFO  XceiverServerRatis:863 - Leader change notification received for group: group-DC546DB8723A with new leaderId: 2d1805ee-9bed-4a7f-b83c-cbbb20f1742b
2022-07-27 18:25:08 INFO  RaftServer$Division:287 - 2d1805ee-9bed-4a7f-b83c-cbbb20f1742b@group-DC546DB8723A: change Leader from null to 2d1805ee-9bed-4a7f-b83c-cbbb20f1742b at term 1 for becomeLeader, leader elected after 5062ms
2022-07-27 18:25:08 INFO  RaftServerConfigKeys:46 - raft.server.staging.catchup.gap = 1000 (default)
2022-07-27 18:25:08 INFO  RaftServerConfigKeys:46 - raft.server.write.element-limit = 1024 (custom)
2022-07-27 18:25:08 INFO  RaftServerConfigKeys:46 - raft.server.write.byte-limit = 1024 M (=1073741824) (custom)
2022-07-27 18:25:08 INFO  RaftServerConfigKeys:46 - raft.server.watch.timeout = 180s (custom)
2022-07-27 18:25:08 INFO  RaftServerConfigKeys:46 - raft.server.watch.timeout.denomination = 1s (default)
2022-07-27 18:25:08 INFO  RaftServerConfigKeys:46 - raft.server.watch.element-limit = 65536 (default)
2022-07-27 18:25:08 INFO  RaftServerConfigKeys:46 - raft.server.write.element-limit = 1024 (custom)
2022-07-27 18:25:08 INFO  RaftServerConfigKeys:46 - raft.server.write.follower.gap.ratio.max = -1.0 (default)
2022-07-27 18:25:08 INFO  RaftServerConfigKeys:46 - raft.server.log.appender.snapshot.chunk.size.max = 16MB (=16777216) (default)
2022-07-27 18:25:08 INFO  RaftServerConfigKeys:46 - raft.server.log.appender.buffer.byte-limit = 33554432 (custom)
2022-07-27 18:25:08 INFO  RaftServerConfigKeys:46 - raft.server.log.appender.buffer.element-limit = 1 (custom)
2022-07-27 18:25:08 INFO  GrpcConfigKeys:46 - raft.grpc.server.leader.outstanding.appends.max = 128 (default)
2022-07-27 18:25:08 INFO  RaftServerConfigKeys:46 - raft.server.rpc.request.timeout = 60s (custom)
2022-07-27 18:25:08 INFO  RaftServerConfigKeys:46 - raft.server.log.appender.install.snapshot.enabled = false (custom)
2022-07-27 18:25:08 INFO  RaftServerConfigKeys:46 - raft.server.log.appender.snapshot.chunk.size.max = 16MB (=16777216) (default)
2022-07-27 18:25:08 INFO  RaftServerConfigKeys:46 - raft.server.log.appender.buffer.byte-limit = 33554432 (custom)
2022-07-27 18:25:08 INFO  RaftServerConfigKeys:46 - raft.server.log.appender.buffer.element-limit = 1 (custom)
2022-07-27 18:25:08 INFO  GrpcConfigKeys:46 - raft.grpc.server.leader.outstanding.appends.max = 128 (default)
2022-07-27 18:25:08 INFO  RaftServerConfigKeys:46 - raft.server.rpc.request.timeout = 60s (custom)
2022-07-27 18:25:08 INFO  RaftServerConfigKeys:46 - raft.server.log.appender.install.snapshot.enabled = false (custom)
2022-07-27 18:25:08 INFO  RoleInfo:139 - 2d1805ee-9bed-4a7f-b83c-cbbb20f1742b: start 2d1805ee-9bed-4a7f-b83c-cbbb20f1742b@group-DC546DB8723A-LeaderStateImpl
2022-07-27 18:25:08 INFO  SegmentedRaftLogWorker:425 - 2d1805ee-9bed-4a7f-b83c-cbbb20f1742b@group-DC546DB8723A-SegmentedRaftLogWorker: Starting segment from index:0
2022-07-27 18:25:08 INFO  SegmentedRaftLogWorker:629 - 2d1805ee-9bed-4a7f-b83c-cbbb20f1742b@group-DC546DB8723A-SegmentedRaftLogWorker: created new log segment /data/metadata/ratis/64584aa6-ba80-4e11-ace6-dc546db8723a/current/log_inprogress_0
2022-07-27 18:25:08 INFO  RaftServer$Division:393 - 2d1805ee-9bed-4a7f-b83c-cbbb20f1742b@group-DC546DB8723A: set configuration 0: [7d3ee3a1-7ba5-4fb0-8e9e-fa1537176bf9|rpc:datanode-2.datanode.default.svc.cluster.local:9856|admin:datanode-2.datanode.default.svc.cluster.local:9857|client:datanode-2.datanode.default.svc.cluster.local:9858|dataStream:|priority:0, 409b4a67-cd37-4914-b2f5-9af190b75b22|rpc:datanode-0.datanode.default.svc.cluster.local:9856|admin:datanode-0.datanode.default.svc.cluster.local:9857|client:datanode-0.datanode.default.svc.cluster.local:9858|dataStream:|priority:0, 2d1805ee-9bed-4a7f-b83c-cbbb20f1742b|rpc:datanode-1.datanode.default.svc.cluster.local:9856|admin:datanode-1.datanode.default.svc.cluster.local:9857|client:datanode-1.datanode.default.svc.cluster.local:9858|dataStream:|priority:1], old=null
