rm: cannot remove '/home/runner/work/ozone/ozone/hadoop-ozone/dist/target/ozone-1.3.0-SNAPSHOT/compose/result/*': No such file or directory
Executing test in ozonesecure
Removing network ozonesecure_default
Network ozonesecure_default not found.
Creating network "ozonesecure_default" with the default driver
Pulling kdc (apache/ozone-testkrb5:20210419-1)...
20210419-1: Pulling from apache/ozone-testkrb5
Digest: sha256:ba7a04b9f7605b9ac64f34400f426f1e9938ad2b5be93365685097ba962ed19a
Status: Downloaded newer image for apache/ozone-testkrb5:20210419-1
Pulling kms (apache/hadoop:3)...
3: Pulling from apache/hadoop
Digest: sha256:793348d0839a55d27fb9466d4a5f7e058744866f5ab2cb7aa32f541b4810b215
Status: Downloaded newer image for apache/hadoop:3
Pulling datanode (apache/ozone-runner:20220623-1)...
Head "https://registry-1.docker.io/v2/apache/ozone-runner/manifests/20220623-1": received unexpected HTTP status: 503 Service Unavailable
Removing network ozonesecure_default
ERROR: Test execution of ozonesecure is FAILED!!!!
renamed 'ozonesecure/result/docker-ozonesecure.log' -> '/home/runner/work/ozone/ozone/hadoop-ozone/dist/target/ozone-1.3.0-SNAPSHOT/compose/result/ozonesecure/docker-ozonesecure.log'
[ ERROR ] Reading XML source '/home/runner/work/ozone/ozone/hadoop-ozone/dist/target/ozone-1.3.0-SNAPSHOT/compose/result/*.xml' failed: No such file or directory

Try --help for usage information.
