No '-XX:...' jvm parameters are set. Adding safer GC settings '-XX:ParallelGCThreads=8 -XX:+UseConcMarkSweepGC -XX:CMSInitiatingOccupancyFraction=70 -XX:+CMSParallelRemarkEnabled' to the OZONE_OPTS
OpenJDK 64-Bit Server VM warning: Option UseConcMarkSweepGC was deprecated in version 9.0 and will likely be removed in a future release.
2022-09-29 13:26:49 INFO  StorageContainerManagerStarter:112 - STARTUP_MSG: 
/************************************************************
STARTUP_MSG: Starting StorageContainerManager
STARTUP_MSG:   host = scm-0/10.42.0.18
STARTUP_MSG:   args = [--init]
STARTUP_MSG:   version = 1.3.0-SNAPSHOT
STARTUP_MSG:   classpath = /etc/hadoop:/opt/hadoop/share/ozone/lib/kerb-simplekdc-1.0.1.jar:/opt/hadoop/share/ozone/lib/slf4j-reload4j-1.7.36.jar:/opt/hadoop/share/ozone/lib/protobuf-java-2.5.0.jar:/opt/hadoop/share/ozone/lib/jaxb-core-2.3.0.1.jar:/opt/hadoop/share/ozone/lib/istack-commons-runtime-3.0.5.jar:/opt/hadoop/share/ozone/lib/netty-handler-4.1.79.Final.jar:/opt/hadoop/share/ozone/lib/commons-validator-1.6.jar:/opt/hadoop/share/ozone/lib/bcpkix-jdk15on-1.67.jar:/opt/hadoop/share/ozone/lib/hdds-interface-admin-1.3.0-SNAPSHOT.jar:/opt/hadoop/share/ozone/lib/jackson-annotations-2.13.2.jar:/opt/hadoop/share/ozone/lib/jetty-security-9.4.43.v20210629.jar:/opt/hadoop/share/ozone/lib/kerb-core-1.0.1.jar:/opt/hadoop/share/ozone/lib/hadoop-shaded-protobuf_3_7-1.1.1.jar:/opt/hadoop/share/ozone/lib/netty-common-4.1.79.Final.jar:/opt/hadoop/share/ozone/lib/hdds-container-service-1.3.0-SNAPSHOT.jar:/opt/hadoop/share/ozone/lib/okhttp-4.9.0.jar:/opt/hadoop/share/ozone/lib/jsr305-3.0.0.jar:/opt/hadoop/share/ozone/lib/j2objc-annotations-1.3.jar:/opt/hadoop/share/ozone/lib/picocli-4.6.1.jar:/opt/hadoop/share/ozone/lib/jackson-datatype-jsr310-2.13.2.jar:/opt/hadoop/share/ozone/lib/javassist-3.21.0-GA.jar:/opt/hadoop/share/ozone/lib/jaxb-api-2.3.0.jar:/opt/hadoop/share/ozone/lib/htrace-core4-4.1.0-incubating.jar:/opt/hadoop/share/ozone/lib/kerb-util-1.0.1.jar:/opt/hadoop/share/ozone/lib/hadoop-shaded-guava-1.1.1.jar:/opt/hadoop/share/ozone/lib/ratis-metrics-2.3.0.jar:/opt/hadoop/share/ozone/lib/kotlin-stdlib-1.6.21.jar:/opt/hadoop/share/ozone/lib/log4j-core-2.17.1.jar:/opt/hadoop/share/ozone/lib/commons-logging-1.2.jar:/opt/hadoop/share/ozone/lib/accessors-smart-2.4.7.jar:/opt/hadoop/share/ozone/lib/kerby-xdr-1.0.1.jar:/opt/hadoop/share/ozone/lib/txw2-2.3.0.1.jar:/opt/hadoop/share/ozone/lib/httpcore-4.4.13.jar:/opt/hadoop/share/ozone/lib/guava-31.1-jre.jar:/opt/hadoop/share/ozone/lib/opentracing-tracerresolver-0.1.8.jar:/opt/hadoop/share/ozone/lib/commons-net-3.6.jar:/opt/hadoop/share/ozone/lib/netty-transport-4.1.79.Final.jar:/opt/hadoop/share/ozone/lib/libthrift-0.14.1.jar:/opt/hadoop/share/ozone/lib/stax-ex-1.7.8.jar:/opt/hadoop/share/ozone/lib/error_prone_annotations-2.2.0.jar:/opt/hadoop/share/ozone/lib/httpclient-4.5.13.jar:/opt/hadoop/share/ozone/lib/jetty-servlet-9.4.43.v20210629.jar:/opt/hadoop/share/ozone/lib/ratis-common-2.3.0.jar:/opt/hadoop/share/ozone/lib/jaeger-client-1.6.0.jar:/opt/hadoop/share/ozone/lib/kerby-config-1.0.1.jar:/opt/hadoop/share/ozone/lib/commons-io-2.11.0.jar:/opt/hadoop/share/ozone/lib/metrics-core-3.2.4.jar:/opt/hadoop/share/ozone/lib/kerby-pkix-1.0.1.jar:/opt/hadoop/share/ozone/lib/json-smart-2.4.7.jar:/opt/hadoop/share/ozone/lib/snakeyaml-1.32.jar:/opt/hadoop/share/ozone/lib/hdds-interface-client-1.3.0-SNAPSHOT.jar:/opt/hadoop/share/ozone/lib/ratis-grpc-2.3.0.jar:/opt/hadoop/share/ozone/lib/jsr311-api-1.1.1.jar:/opt/hadoop/share/ozone/lib/hdds-annotation-processing-1.3.0-SNAPSHOT.jar:/opt/hadoop/share/ozone/lib/commons-beanutils-1.9.4.jar:/opt/hadoop/share/ozone/lib/jetty-webapp-9.4.43.v20210629.jar:/opt/hadoop/share/ozone/lib/jackson-core-2.13.2.jar:/opt/hadoop/share/ozone/lib/hdds-server-framework-1.3.0-SNAPSHOT.jar:/opt/hadoop/share/ozone/lib/javax.servlet-api-3.1.0.jar:/opt/hadoop/share/ozone/lib/kerb-server-1.0.1.jar:/opt/hadoop/share/ozone/lib/hdds-common-1.3.0-SNAPSHOT.jar:/opt/hadoop/share/ozone/lib/rocksdbjni-7.4.5.jar:/opt/hadoop/share/ozone/lib/kerb-client-1.0.1.jar:/opt/hadoop/share/ozone/lib/disruptor-3.4.2.jar:/opt/hadoop/share/ozone/lib/reflections-0.9.11.jar:/opt/hadoop/share/ozone/lib/gson-2.9.0.jar:/opt/hadoop/share/ozone/lib/hdds-erasurecode-1.3.0-SNAPSHOT.jar:/opt/hadoop/share/ozone/lib/jetty-io-9.4.43.v20210629.jar:/opt/hadoop/share/ozone/lib/hdds-interface-server-1.3.0-SNAPSHOT.jar:/opt/hadoop/share/ozone/lib/hadoop-hdfs-3.3.1.jar:/opt/hadoop/share/ozone/lib/ratis-proto-2.3.0.jar:/opt/hadoop/share/ozone/lib/annotations-13.0.jar:/opt/hadoop/share/ozone/lib/jetty-server-9.4.43.v20210629.jar:/opt/hadoop/share/ozone/lib/simpleclient_common-0.7.0.jar:/opt/hadoop/share/ozone/lib/jaeger-thrift-1.6.0.jar:/opt/hadoop/share/ozone/lib/hadoop-common-3.3.1.jar:/opt/hadoop/share/ozone/lib/dnsjava-2.1.7.jar:/opt/hadoop/share/ozone/lib/bcprov-jdk15on-1.67.jar:/opt/hadoop/share/ozone/lib/commons-configuration2-2.1.1.jar:/opt/hadoop/share/ozone/lib/token-provider-1.0.1.jar:/opt/hadoop/share/ozone/lib/commons-daemon-1.0.13.jar:/opt/hadoop/share/ozone/lib/listenablefuture-9999.0-empty-to-avoid-conflict-with-guava.jar:/opt/hadoop/share/ozone/lib/netty-buffer-4.1.79.Final.jar:/opt/hadoop/share/ozone/lib/jaeger-tracerresolver-1.6.0.jar:/opt/hadoop/share/ozone/lib/jetty-xml-9.4.43.v20210629.jar:/opt/hadoop/share/ozone/lib/slf4j-api-1.7.36.jar:/opt/hadoop/share/ozone/lib/commons-lang3-3.7.jar:/opt/hadoop/share/ozone/lib/ratis-netty-2.3.0.jar:/opt/hadoop/share/ozone/lib/re2j-1.1.jar:/opt/hadoop/share/ozone/lib/commons-math3-3.1.1.jar:/opt/hadoop/share/ozone/lib/simpleclient_dropwizard-0.7.0.jar:/opt/hadoop/share/ozone/lib/jackson-databind-2.13.2.2.jar:/opt/hadoop/share/ozone/lib/simpleclient-0.7.0.jar:/opt/hadoop/share/ozone/lib/asm-5.0.4.jar:/opt/hadoop/share/ozone/lib/kerby-util-1.0.1.jar:/opt/hadoop/share/ozone/lib/netty-codec-4.1.79.Final.jar:/opt/hadoop/share/ozone/lib/failureaccess-1.0.1.jar:/opt/hadoop/share/ozone/lib/okio-2.8.0.jar:/opt/hadoop/share/ozone/lib/hdds-config-1.3.0-SNAPSHOT.jar:/opt/hadoop/share/ozone/lib/jsp-api-2.1.jar:/opt/hadoop/share/ozone/lib/jsch-0.1.54.jar:/opt/hadoop/share/ozone/lib/jetty-http-9.4.43.v20210629.jar:/opt/hadoop/share/ozone/lib/jakarta.activation-api-1.2.1.jar:/opt/hadoop/share/ozone/lib/hadoop-hdfs-client-3.3.1.jar:/opt/hadoop/share/ozone/lib/reload4j-1.2.22.jar:/opt/hadoop/share/ozone/lib/nimbus-jose-jwt-7.9.jar:/opt/hadoop/share/ozone/lib/commons-codec-1.11.jar:/opt/hadoop/share/ozone/lib/commons-pool2-2.6.0.jar:/opt/hadoop/share/ozone/lib/netty-resolver-4.1.79.Final.jar:/opt/hadoop/share/ozone/lib/jetty-util-9.4.43.v20210629.jar:/opt/hadoop/share/ozone/lib/opentracing-api-0.33.0.jar:/opt/hadoop/share/ozone/lib/jetty-util-ajax-9.4.43.v20210629.jar:/opt/hadoop/share/ozone/lib/jcip-annotations-1.0-1.jar:/opt/hadoop/share/ozone/lib/kerb-admin-1.0.1.jar:/opt/hadoop/share/ozone/lib/ratis-thirdparty-misc-1.0.0.jar:/opt/hadoop/share/ozone/lib/kotlin-stdlib-common-1.6.21.jar:/opt/hadoop/share/ozone/lib/opentracing-noop-0.33.0.jar:/opt/hadoop/share/ozone/lib/netty-transport-native-unix-common-4.1.79.Final.jar:/opt/hadoop/share/ozone/lib/jersey-core-1.19.jar:/opt/hadoop/share/ozone/lib/commons-compress-1.21.jar:/opt/hadoop/share/ozone/lib/jaxb-runtime-2.3.0.1.jar:/opt/hadoop/share/ozone/lib/ratis-server-api-2.3.0.jar:/opt/hadoop/share/ozone/lib/opentracing-util-0.33.0.jar:/opt/hadoop/share/ozone/lib/hdds-client-1.3.0-SNAPSHOT.jar:/opt/hadoop/share/ozone/lib/hdds-hadoop-dependency-client-1.3.0-SNAPSHOT.jar:/opt/hadoop/share/ozone/lib/snappy-java-1.1.8.2.jar:/opt/hadoop/share/ozone/lib/commons-cli-1.2.jar:/opt/hadoop/share/ozone/lib/ratis-server-2.3.0.jar:/opt/hadoop/share/ozone/lib/log4j-api-2.17.1.jar:/opt/hadoop/share/ozone/lib/woodstox-core-5.0.3.jar:/opt/hadoop/share/ozone/lib/javax.annotation-api-1.2.jar:/opt/hadoop/share/ozone/lib/kerby-asn1-1.0.1.jar:/opt/hadoop/share/ozone/lib/hadoop-annotations-3.3.1.jar:/opt/hadoop/share/ozone/lib/checker-qual-3.12.0.jar:/opt/hadoop/share/ozone/lib/stax2-api-3.1.4.jar:/opt/hadoop/share/ozone/lib/commons-digester-1.8.1.jar:/opt/hadoop/share/ozone/lib/commons-collections-3.2.2.jar:/opt/hadoop/share/ozone/lib/jaeger-core-1.6.0.jar:/opt/hadoop/share/ozone/lib/commons-text-1.4.jar:/opt/hadoop/share/ozone/lib/jersey-servlet-1.19.jar:/opt/hadoop/share/ozone/lib/hadoop-auth-3.3.1.jar:/opt/hadoop/share/ozone/lib/kerb-identity-1.0.1.jar:/opt/hadoop/share/ozone/lib/FastInfoset-1.2.13.jar:/opt/hadoop/share/ozone/lib/ratis-client-2.3.0.jar:/opt/hadoop/share/ozone/lib/kerb-common-1.0.1.jar:/opt/hadoop/share/ozone/lib/jersey-server-1.19.jar:/opt/hadoop/share/ozone/lib/hdds-hadoop-dependency-server-1.3.0-SNAPSHOT.jar:/opt/hadoop/share/ozone/lib/kerb-crypto-1.0.1.jar:/opt/hadoop/share/ozone/web:/opt/hadoop/share/ozone/lib/hdds-server-scm-1.3.0-SNAPSHOT.jar
STARTUP_MSG:   build = https://github.com/apache/ozone/1ff97328b7de88bc35c1665f1c90c0782b3cf7e2 ; compiled by 'runner' on 2022-09-29T12:57Z
STARTUP_MSG:   java = 11.0.14.1
************************************************************/
2022-09-29 13:26:50 INFO  StorageContainerManagerStarter:90 - registered UNIX signal handlers for [TERM, HUP, INT]
2022-09-29 13:26:50 WARN  ServerUtils:148 - ozone.scm.db.dirs is not configured. We recommend adding this setting. Falling back to ozone.metadata.dirs instead.
2022-09-29 13:26:50 INFO  SCMHANodeDetails:209 - ServiceID for StorageContainerManager is null
2022-09-29 13:26:50 INFO  SCMHANodeDetails:214 - ozone.scm.default.service.id is not defined, falling back to ozone.scm.service.ids to find serviceID for StorageContainerManager if it is HA enabled cluster
2022-09-29 13:26:51 INFO  RaftServer:46 - raft.rpc.type = GRPC (default)
2022-09-29 13:26:52 INFO  GrpcConfigKeys:46 - raft.grpc.admin.port = -1 (default)
2022-09-29 13:26:52 INFO  GrpcConfigKeys:46 - raft.grpc.server.port = 9894 (custom)
2022-09-29 13:26:52 INFO  GrpcConfigKeys:46 - raft.grpc.client.port = -1 (default)
2022-09-29 13:26:52 INFO  GrpcConfigKeys:46 - raft.grpc.server.port = 9894 (custom)
2022-09-29 13:26:52 INFO  GrpcConfigKeys:46 - raft.grpc.server.port = 9894 (custom)
2022-09-29 13:26:52 INFO  GrpcService:46 - raft.grpc.message.size.max = 32m (=33554432) (custom)
2022-09-29 13:26:52 INFO  RaftServerConfigKeys:46 - raft.server.log.appender.buffer.byte-limit = 33554432 (custom)
2022-09-29 13:26:52 INFO  GrpcService:46 - raft.grpc.flow.control.window = 1MB (=1048576) (default)
2022-09-29 13:26:52 INFO  RaftServerConfigKeys:46 - raft.server.rpc.request.timeout = 30000ms (custom)
2022-09-29 13:26:52 INFO  GrpcConfigKeys:46 - raft.grpc.server.async.request.thread.pool.cached = true (default)
2022-09-29 13:26:52 INFO  GrpcConfigKeys:46 - raft.grpc.server.async.request.thread.pool.size = 32 (default)
2022-09-29 13:26:54 INFO  DataStreamServerImpl:46 - raft.datastream.type = DISABLED (default)
2022-09-29 13:26:54 INFO  RaftServerConfigKeys:46 - raft.server.threadpool.proxy.cached = true (default)
2022-09-29 13:26:54 INFO  RaftServerConfigKeys:46 - raft.server.threadpool.proxy.size = 0 (default)
2022-09-29 13:26:54 INFO  RaftServerConfigKeys:46 - raft.server.rpc.slowness.timeout = 120000ms (custom)
2022-09-29 13:26:54 INFO  RaftServerConfigKeys:46 - raft.server.leaderelection.leader.step-down.wait-time = 10s (default)
2022-09-29 13:26:54 INFO  RaftServerConfigKeys:46 - raft.server.storage.dir = [/data/metadata/scm-ha] (custom)
2022-09-29 13:26:54 INFO  RaftServer:96 - f78463d1-3c3b-43de-a913-46c28e5c0a2f: addNew group-1D7CB8562BB1:[f78463d1-3c3b-43de-a913-46c28e5c0a2f|rpc:scm-0:9894|priority:0] returns group-1D7CB8562BB1:java.util.concurrent.CompletableFuture@21d8bcbe[Not completed]
2022-09-29 13:26:54 INFO  RaftServer$Division:190 - f78463d1-3c3b-43de-a913-46c28e5c0a2f: new RaftServerImpl for group-1D7CB8562BB1:[f78463d1-3c3b-43de-a913-46c28e5c0a2f|rpc:scm-0:9894|priority:0] with SCMStateMachine:uninitialized
2022-09-29 13:26:54 INFO  RaftServerConfigKeys:46 - raft.server.rpc.timeout.min = 5000ms (custom)
2022-09-29 13:26:54 INFO  RaftServerConfigKeys:46 - raft.server.rpc.timeout.max = 5200ms (custom)
2022-09-29 13:26:54 INFO  RaftServerConfigKeys:46 - raft.server.rpc.sleep.time = 25ms (default)
2022-09-29 13:26:54 INFO  RaftServerConfigKeys:46 - raft.server.rpc.slowness.timeout = 120000ms (custom)
2022-09-29 13:26:54 INFO  RaftServerConfigKeys:46 - raft.server.leaderelection.leader.step-down.wait-time = 10s (default)
2022-09-29 13:26:54 INFO  RaftServerConfigKeys:46 - raft.server.sleep.deviation.threshold = 300ms (default)
2022-09-29 13:26:54 INFO  RaftServer$Division:107 - f78463d1-3c3b-43de-a913-46c28e5c0a2f@group-1D7CB8562BB1: ConfigurationManager, init=-1: [f78463d1-3c3b-43de-a913-46c28e5c0a2f|rpc:scm-0:9894|priority:0], old=null, confs=<EMPTY_MAP>
2022-09-29 13:26:54 INFO  RaftServerConfigKeys:46 - raft.server.storage.dir = [/data/metadata/scm-ha] (custom)
2022-09-29 13:26:54 INFO  RaftServerConfigKeys:46 - raft.server.log.corruption.policy = EXCEPTION (default)
2022-09-29 13:26:54 INFO  RaftServerConfigKeys:46 - raft.server.storage.free-space.min = 0MB (=0) (default)
2022-09-29 13:26:54 INFO  RaftStorageDirectory:135 - The storage directory /data/metadata/scm-ha/13abdb17-570b-488c-b052-1d7cb8562bb1 does not exist. Creating ...
2022-09-29 13:26:54 INFO  RaftStorageDirectory:230 - Lock on /data/metadata/scm-ha/13abdb17-570b-488c-b052-1d7cb8562bb1/in_use.lock acquired by nodename 6@scm-0
2022-09-29 13:26:54 INFO  RaftStorage:89 - Storage directory /data/metadata/scm-ha/13abdb17-570b-488c-b052-1d7cb8562bb1 has been successfully formatted.
2022-09-29 13:26:54 INFO  RaftServerConfigKeys:46 - raft.server.notification.no-leader.timeout = 60s (default)
2022-09-29 13:26:54 INFO  RaftServerConfigKeys:46 - raft.server.log.use.memory = false (default)
2022-09-29 13:26:54 INFO  RaftServerConfigKeys:46 - raft.server.log.purge.gap = 1000000 (custom)
2022-09-29 13:26:54 INFO  RaftServerConfigKeys:46 - raft.server.log.appender.buffer.byte-limit = 33554432 (custom)
2022-09-29 13:26:54 INFO  RaftServerConfigKeys:46 - raft.server.log.statemachine.data.read.timeout = 1000ms (default)
2022-09-29 13:26:54 INFO  MetricRegistries:64 - Loaded MetricRegistries class org.apache.ratis.metrics.impl.MetricRegistriesImpl
2022-09-29 13:26:55 INFO  RaftServerConfigKeys:46 - raft.server.log.segment.size.max = 4194304 (custom)
2022-09-29 13:26:55 INFO  RaftServerConfigKeys:46 - raft.server.log.segment.cache.num.max = 2 (custom)
2022-09-29 13:26:55 INFO  RaftServerConfigKeys:46 - raft.server.log.segment.cache.size.max = 200MB (=209715200) (default)
2022-09-29 13:26:55 INFO  SegmentedRaftLogWorker:187 - new f78463d1-3c3b-43de-a913-46c28e5c0a2f@group-1D7CB8562BB1-SegmentedRaftLogWorker for RaftStorageImpl:Storage Directory /data/metadata/scm-ha/13abdb17-570b-488c-b052-1d7cb8562bb1
2022-09-29 13:26:55 INFO  RaftServerConfigKeys:46 - raft.server.log.queue.byte-limit = 64MB (=67108864) (default)
2022-09-29 13:26:55 INFO  RaftServerConfigKeys:46 - raft.server.log.queue.element-limit = 4096 (default)
2022-09-29 13:26:55 INFO  RaftServerConfigKeys:46 - raft.server.log.segment.size.max = 4194304 (custom)
2022-09-29 13:26:55 INFO  RaftServerConfigKeys:46 - raft.server.log.preallocated.size = 4194304 (custom)
2022-09-29 13:26:55 INFO  RaftServerConfigKeys:46 - raft.server.log.force.sync.num = 128 (default)
2022-09-29 13:26:55 INFO  RaftServerConfigKeys:46 - raft.server.log.statemachine.data.sync = true (default)
2022-09-29 13:26:55 INFO  RaftServerConfigKeys:46 - raft.server.log.statemachine.data.sync.timeout = 10s (default)
2022-09-29 13:26:55 INFO  RaftServerConfigKeys:46 - raft.server.log.statemachine.data.sync.timeout.retry = -1 (default)
2022-09-29 13:26:55 INFO  RaftServerConfigKeys:46 - raft.server.log.write.buffer.size = 64KB (=65536) (default)
2022-09-29 13:26:55 INFO  RaftServerConfigKeys:46 - raft.server.log.unsafe-flush.enabled = false (default)
2022-09-29 13:26:55 INFO  RaftServerConfigKeys:46 - raft.server.log.statemachine.data.caching.enabled = false (default)
2022-09-29 13:26:55 INFO  SegmentedRaftLogWorker:135 - f78463d1-3c3b-43de-a913-46c28e5c0a2f@group-1D7CB8562BB1-SegmentedRaftLogWorker: flushIndex: setUnconditionally 0 -> -1
2022-09-29 13:26:55 INFO  SegmentedRaftLogWorker:135 - f78463d1-3c3b-43de-a913-46c28e5c0a2f@group-1D7CB8562BB1-SegmentedRaftLogWorker: safeCacheEvictIndex: setUnconditionally 0 -> -1
2022-09-29 13:26:55 INFO  RaftServerConfigKeys:46 - raft.server.snapshot.auto.trigger.enabled = true (custom)
2022-09-29 13:26:55 INFO  RaftServerConfigKeys:46 - raft.server.snapshot.auto.trigger.threshold = 1000 (custom)
2022-09-29 13:26:55 INFO  RaftServerConfigKeys:46 - raft.server.snapshot.retention.file.num = -1 (default)
2022-09-29 13:26:55 INFO  RaftServerConfigKeys:46 - raft.server.log.purge.upto.snapshot.index = false (default)
2022-09-29 13:26:55 INFO  RaftServerConfigKeys:46 - raft.server.retrycache.expirytime = 60000ms (default)
2022-09-29 13:26:55 INFO  RaftServerConfigKeys:46 - raft.server.retrycache.statistics.expirytime = 100?s (default)
2022-09-29 13:26:55 INFO  RaftServerConfigKeys:46 - raft.server.log.appender.install.snapshot.enabled = false (custom)
2022-09-29 13:26:55 INFO  RaftServerConfigKeys:46 - raft.server.threadpool.server.cached = true (default)
2022-09-29 13:26:55 INFO  RaftServerConfigKeys:46 - raft.server.threadpool.server.size = 0 (default)
2022-09-29 13:26:55 INFO  RaftServerConfigKeys:46 - raft.server.threadpool.client.cached = true (default)
2022-09-29 13:26:55 INFO  RaftServerConfigKeys:46 - raft.server.threadpool.client.size = 0 (default)
2022-09-29 13:26:56 INFO  RaftServer$Division:310 - f78463d1-3c3b-43de-a913-46c28e5c0a2f@group-1D7CB8562BB1: start as a follower, conf=-1: [f78463d1-3c3b-43de-a913-46c28e5c0a2f|rpc:scm-0:9894|priority:0], old=null
2022-09-29 13:26:56 INFO  RaftServer$Division:299 - f78463d1-3c3b-43de-a913-46c28e5c0a2f@group-1D7CB8562BB1: changes role from      null to FOLLOWER at term 0 for startAsFollower
2022-09-29 13:26:56 INFO  RoleInfo:139 - f78463d1-3c3b-43de-a913-46c28e5c0a2f: start f78463d1-3c3b-43de-a913-46c28e5c0a2f@group-1D7CB8562BB1-FollowerState
2022-09-29 13:26:56 INFO  JmxRegister:44 - Successfully registered JMX Bean with object name Ratis:service=RaftServer,group=group-1D7CB8562BB1,id=f78463d1-3c3b-43de-a913-46c28e5c0a2f
2022-09-29 13:26:56 INFO  RaftServer:382 - f78463d1-3c3b-43de-a913-46c28e5c0a2f: start RPC server
2022-09-29 13:26:56 INFO  GrpcService:260 - f78463d1-3c3b-43de-a913-46c28e5c0a2f: GrpcService started, listening on 9894
2022-09-29 13:26:56 INFO  JvmPauseMonitor:103 - JvmPauseMonitor-f78463d1-3c3b-43de-a913-46c28e5c0a2f: Started
2022-09-29 13:27:01 INFO  FollowerState:143 - f78463d1-3c3b-43de-a913-46c28e5c0a2f@group-1D7CB8562BB1-FollowerState: change to CANDIDATE, lastRpcElapsedTime:5135887527ns, electionTimeout:5093ms
2022-09-29 13:27:01 INFO  RoleInfo:110 - f78463d1-3c3b-43de-a913-46c28e5c0a2f: shutdown f78463d1-3c3b-43de-a913-46c28e5c0a2f@group-1D7CB8562BB1-FollowerState
2022-09-29 13:27:01 INFO  RaftServer$Division:299 - f78463d1-3c3b-43de-a913-46c28e5c0a2f@group-1D7CB8562BB1: changes role from  FOLLOWER to CANDIDATE at term 0 for changeToCandidate
2022-09-29 13:27:01 INFO  RaftServerConfigKeys:46 - raft.server.leaderelection.pre-vote = false (custom)
2022-09-29 13:27:01 INFO  RoleInfo:139 - f78463d1-3c3b-43de-a913-46c28e5c0a2f: start f78463d1-3c3b-43de-a913-46c28e5c0a2f@group-1D7CB8562BB1-LeaderElection1
2022-09-29 13:27:01 INFO  LeaderElection:310 - f78463d1-3c3b-43de-a913-46c28e5c0a2f@group-1D7CB8562BB1-LeaderElection1 ELECTION round 0: submit vote requests at term 1 for -1: [f78463d1-3c3b-43de-a913-46c28e5c0a2f|rpc:scm-0:9894|priority:0], old=null
2022-09-29 13:27:01 INFO  LeaderElection:312 - f78463d1-3c3b-43de-a913-46c28e5c0a2f@group-1D7CB8562BB1-LeaderElection1 ELECTION round 0: result PASSED (term=1)
2022-09-29 13:27:01 INFO  RoleInfo:130 - f78463d1-3c3b-43de-a913-46c28e5c0a2f: shutdown f78463d1-3c3b-43de-a913-46c28e5c0a2f@group-1D7CB8562BB1-LeaderElection1
2022-09-29 13:27:01 INFO  RaftServer$Division:299 - f78463d1-3c3b-43de-a913-46c28e5c0a2f@group-1D7CB8562BB1: changes role from CANDIDATE to LEADER at term 1 for changeToLeader
2022-09-29 13:27:01 INFO  RaftServer$Division:287 - f78463d1-3c3b-43de-a913-46c28e5c0a2f@group-1D7CB8562BB1: change Leader from null to f78463d1-3c3b-43de-a913-46c28e5c0a2f at term 1 for becomeLeader, leader elected after 6788ms
2022-09-29 13:27:01 INFO  RaftServerConfigKeys:46 - raft.server.staging.catchup.gap = 1000 (default)
2022-09-29 13:27:01 INFO  RaftServerConfigKeys:46 - raft.server.write.element-limit = 4096 (default)
2022-09-29 13:27:01 INFO  RaftServerConfigKeys:46 - raft.server.write.byte-limit = 64MB (=67108864) (default)
2022-09-29 13:27:01 INFO  RaftServerConfigKeys:46 - raft.server.watch.timeout = 10s (default)
2022-09-29 13:27:01 INFO  RaftServerConfigKeys:46 - raft.server.watch.timeout.denomination = 1s (default)
2022-09-29 13:27:01 INFO  RaftServerConfigKeys:46 - raft.server.watch.element-limit = 65536 (default)
2022-09-29 13:27:01 INFO  RaftServerConfigKeys:46 - raft.server.write.element-limit = 4096 (default)
2022-09-29 13:27:01 INFO  RaftServerConfigKeys:46 - raft.server.write.follower.gap.ratio.max = -1.0 (default)
2022-09-29 13:27:01 INFO  RoleInfo:139 - f78463d1-3c3b-43de-a913-46c28e5c0a2f: start f78463d1-3c3b-43de-a913-46c28e5c0a2f@group-1D7CB8562BB1-LeaderStateImpl
2022-09-29 13:27:01 INFO  SegmentedRaftLogWorker:425 - f78463d1-3c3b-43de-a913-46c28e5c0a2f@group-1D7CB8562BB1-SegmentedRaftLogWorker: Starting segment from index:0
2022-09-29 13:27:02 INFO  RaftServer$Division:393 - f78463d1-3c3b-43de-a913-46c28e5c0a2f@group-1D7CB8562BB1: set configuration 0: [f78463d1-3c3b-43de-a913-46c28e5c0a2f|rpc:scm-0:9894|admin:|client:|dataStream:|priority:0], old=null
2022-09-29 13:27:02 INFO  SegmentedRaftLogWorker:629 - f78463d1-3c3b-43de-a913-46c28e5c0a2f@group-1D7CB8562BB1-SegmentedRaftLogWorker: created new log segment /data/metadata/scm-ha/13abdb17-570b-488c-b052-1d7cb8562bb1/current/log_inprogress_0
2022-09-29 13:27:02 INFO  RaftServer:398 - f78463d1-3c3b-43de-a913-46c28e5c0a2f: close
2022-09-29 13:27:02 INFO  RaftServer$Division:434 - f78463d1-3c3b-43de-a913-46c28e5c0a2f@group-1D7CB8562BB1: shutdown
2022-09-29 13:27:02 INFO  JmxRegister:73 - Successfully un-registered JMX Bean with object name Ratis:service=RaftServer,group=group-1D7CB8562BB1,id=f78463d1-3c3b-43de-a913-46c28e5c0a2f
2022-09-29 13:27:02 INFO  RoleInfo:93 - f78463d1-3c3b-43de-a913-46c28e5c0a2f: shutdown f78463d1-3c3b-43de-a913-46c28e5c0a2f@group-1D7CB8562BB1-LeaderStateImpl
2022-09-29 13:27:02 INFO  PendingRequests:282 - f78463d1-3c3b-43de-a913-46c28e5c0a2f@group-1D7CB8562BB1-PendingRequests: sendNotLeaderResponses
2022-09-29 13:27:02 INFO  StateMachineUpdater:287 - f78463d1-3c3b-43de-a913-46c28e5c0a2f@group-1D7CB8562BB1-StateMachineUpdater: Took a snapshot at index 0
2022-09-29 13:27:02 INFO  StateMachineUpdater:92 - f78463d1-3c3b-43de-a913-46c28e5c0a2f@group-1D7CB8562BB1-StateMachineUpdater: snapshotIndex: updateIncreasingly -1 -> 0
2022-09-29 13:27:02 INFO  StateMachineUpdater:153 - f78463d1-3c3b-43de-a913-46c28e5c0a2f@group-1D7CB8562BB1-StateMachineUpdater: set stopIndex = 0
2022-09-29 13:27:02 INFO  RaftServer$Division:429 - f78463d1-3c3b-43de-a913-46c28e5c0a2f@group-1D7CB8562BB1: closes. applyIndex: 0
2022-09-29 13:27:02 INFO  SegmentedRaftLogWorker:336 - f78463d1-3c3b-43de-a913-46c28e5c0a2f@group-1D7CB8562BB1-SegmentedRaftLogWorker was interrupted, exiting. There are 0 tasks remaining in the queue.
2022-09-29 13:27:02 INFO  SegmentedRaftLogWorker:246 - f78463d1-3c3b-43de-a913-46c28e5c0a2f@group-1D7CB8562BB1-SegmentedRaftLogWorker close()
2022-09-29 13:27:02 INFO  GrpcService:269 - f78463d1-3c3b-43de-a913-46c28e5c0a2f: shutdown server with port 9894 now
2022-09-29 13:27:02 INFO  GrpcService:278 - f78463d1-3c3b-43de-a913-46c28e5c0a2f: shutdown server with port 9894 successfully
2022-09-29 13:27:02 INFO  JvmPauseMonitor:109 - JvmPauseMonitor-f78463d1-3c3b-43de-a913-46c28e5c0a2f: Stopped
2022-09-29 13:27:02 WARN  ServerUtils:148 - ozone.scm.db.dirs is not configured. We recommend adding this setting. Falling back to ozone.metadata.dirs instead.
2022-09-29 13:27:02 INFO  StorageContainerManager:1216 - SCM initialization succeeded. Current cluster id for sd=/data/metadata/scm; cid=CID-13abdb17-570b-488c-b052-1d7cb8562bb1; layoutVersion=4; scmId=f78463d1-3c3b-43de-a913-46c28e5c0a2f
2022-09-29 13:27:02 INFO  StorageContainerManagerStarter:124 - SHUTDOWN_MSG: 
/************************************************************
SHUTDOWN_MSG: Shutting down StorageContainerManager at scm-0/10.42.0.18
************************************************************/
