No '-XX:...' jvm parameters are set. Adding safer GC settings '-XX:ParallelGCThreads=8 -XX:+UseConcMarkSweepGC -XX:CMSInitiatingOccupancyFraction=70 -XX:+CMSParallelRemarkEnabled' to the HADOOP_OPTS
OpenJDK 64-Bit Server VM warning: Option UseConcMarkSweepGC was deprecated in version 9.0 and will likely be removed in a future release.
2020-11-14 15:52:03 INFO  HddsDatanodeService:112 - STARTUP_MSG: 
/************************************************************
STARTUP_MSG: Starting HddsDatanodeService
STARTUP_MSG:   host = datanode-1/10.42.0.13
STARTUP_MSG:   args = []
STARTUP_MSG:   version = 1.1.0-SNAPSHOT
STARTUP_MSG:   classpath = /etc/hadoop:/opt/hadoop/share/hadoop/common/*:/opt/hadoop/share/ozone/lib/kerb-simplekdc-1.0.1.jar:/opt/hadoop/share/ozone/lib/okhttp-4.2.2.jar:/opt/hadoop/share/ozone/lib/jackson-databind-2.10.3.jar:/opt/hadoop/share/ozone/lib/hadoop-hdds-container-service-1.1.0-SNAPSHOT.jar:/opt/hadoop/share/ozone/lib/protobuf-java-2.5.0.jar:/opt/hadoop/share/ozone/lib/ratis-netty-1.1.0-11689cd-SNAPSHOT.jar:/opt/hadoop/share/ozone/lib/bcpkix-jdk15on-1.60.jar:/opt/hadoop/share/ozone/lib/jetty-util-ajax-9.4.34.v20201102.jar:/opt/hadoop/share/ozone/lib/log4j-api-2.13.3.jar:/opt/hadoop/share/ozone/lib/netty-3.10.5.Final.jar:/opt/hadoop/share/ozone/lib/commons-validator-1.6.jar:/opt/hadoop/share/ozone/lib/jaxb-impl-2.3.0.1.jar:/opt/hadoop/share/ozone/lib/kotlin-stdlib-common-1.3.50.jar:/opt/hadoop/share/ozone/lib/kerb-core-1.0.1.jar:/opt/hadoop/share/ozone/lib/picocli-4.4.0.jar:/opt/hadoop/share/ozone/lib/ratis-grpc-1.1.0-11689cd-SNAPSHOT.jar:/opt/hadoop/share/ozone/lib/jsr305-3.0.0.jar:/opt/hadoop/share/ozone/lib/j2objc-annotations-1.3.jar:/opt/hadoop/share/ozone/lib/jetty-http-9.4.34.v20201102.jar:/opt/hadoop/share/ozone/lib/leveldbjni-all-1.8.jar:/opt/hadoop/share/ozone/lib/hadoop-auth-3.2.1.jar:/opt/hadoop/share/ozone/lib/jaeger-tracerresolver-1.2.0.jar:/opt/hadoop/share/ozone/lib/hadoop-hdds-interface-server-1.1.0-SNAPSHOT.jar:/opt/hadoop/share/ozone/lib/htrace-core4-4.1.0-incubating.jar:/opt/hadoop/share/ozone/lib/jaxb-api-2.3.0.jar:/opt/hadoop/share/ozone/lib/kerb-util-1.0.1.jar:/opt/hadoop/share/ozone/lib/jetty-server-9.4.34.v20201102.jar:/opt/hadoop/share/ozone/lib/jaeger-thrift-1.2.0.jar:/opt/hadoop/share/ozone/lib/jetty-xml-9.4.34.v20201102.jar:/opt/hadoop/share/ozone/lib/commons-logging-1.2.jar:/opt/hadoop/share/ozone/lib/kerby-xdr-1.0.1.jar:/opt/hadoop/share/ozone/lib/jetty-io-9.4.34.v20201102.jar:/opt/hadoop/share/ozone/lib/opentracing-tracerresolver-0.1.8.jar:/opt/hadoop/share/ozone/lib/commons-net-3.6.jar:/opt/hadoop/share/ozone/lib/jaeger-core-1.2.0.jar:/opt/hadoop/share/ozone/lib/jetty-webapp-9.4.34.v20201102.jar:/opt/hadoop/share/ozone/lib/error_prone_annotations-2.2.0.jar:/opt/hadoop/share/ozone/lib/ratis-thirdparty-misc-0.6.0-SNAPSHOT.jar:/opt/hadoop/share/ozone/lib/slf4j-log4j12-1.7.25.jar:/opt/hadoop/share/ozone/lib/kerby-config-1.0.1.jar:/opt/hadoop/share/ozone/lib/okio-2.2.2.jar:/opt/hadoop/share/ozone/lib/metrics-core-3.2.4.jar:/opt/hadoop/share/ozone/lib/kerby-pkix-1.0.1.jar:/opt/hadoop/share/ozone/lib/guava-28.2-jre.jar:/opt/hadoop/share/ozone/lib/xz-1.0.jar:/opt/hadoop/share/ozone/lib/activation-1.1.1.jar:/opt/hadoop/share/ozone/lib/ratis-proto-1.1.0-11689cd-SNAPSHOT.jar:/opt/hadoop/share/ozone/lib/jsr311-api-1.1.1.jar:/opt/hadoop/share/ozone/lib/jetty-servlet-9.4.34.v20201102.jar:/opt/hadoop/share/ozone/lib/hadoop-hdds-client-1.1.0-SNAPSHOT.jar:/opt/hadoop/share/ozone/lib/commons-beanutils-1.9.4.jar:/opt/hadoop/share/ozone/lib/kerb-server-1.0.1.jar:/opt/hadoop/share/ozone/lib/javax.servlet-api-3.1.0.jar:/opt/hadoop/share/ozone/lib/kerb-client-1.0.1.jar:/opt/hadoop/share/ozone/lib/disruptor-3.4.2.jar:/opt/hadoop/share/ozone/lib/libthrift-0.13.0.jar:/opt/hadoop/share/ozone/lib/log4j-core-2.13.3.jar:/opt/hadoop/share/ozone/lib/annotations-13.0.jar:/opt/hadoop/share/ozone/lib/simpleclient_common-0.7.0.jar:/opt/hadoop/share/ozone/lib/dnsjava-2.1.7.jar:/opt/hadoop/share/ozone/lib/jackson-annotations-2.10.3.jar:/opt/hadoop/share/ozone/lib/commons-configuration2-2.1.1.jar:/opt/hadoop/share/ozone/lib/ratis-server-1.1.0-11689cd-SNAPSHOT.jar:/opt/hadoop/share/ozone/lib/json-smart-2.3.jar:/opt/hadoop/share/ozone/lib/token-provider-1.0.1.jar:/opt/hadoop/share/ozone/lib/log4j-1.2.17.jar:/opt/hadoop/share/ozone/lib/commons-daemon-1.0.13.jar:/opt/hadoop/share/ozone/lib/listenablefuture-9999.0-empty-to-avoid-conflict-with-guava.jar:/opt/hadoop/share/ozone/lib/jetty-security-9.4.34.v20201102.jar:/opt/hadoop/share/ozone/lib/bcprov-jdk15on-1.60.jar:/opt/hadoop/share/ozone/lib/hadoop-hdds-config-1.1.0-SNAPSHOT.jar:/opt/hadoop/share/ozone/lib/hadoop-hdds-common-1.1.0-SNAPSHOT.jar:/opt/hadoop/share/ozone/lib/hadoop-hdfs-client-3.2.1.jar:/opt/hadoop/share/ozone/lib/commons-lang3-3.7.jar:/opt/hadoop/share/ozone/lib/commons-compress-1.4.1.jar:/opt/hadoop/share/ozone/lib/accessors-smart-1.2.jar:/opt/hadoop/share/ozone/lib/re2j-1.1.jar:/opt/hadoop/share/ozone/lib/hadoop-hdfs-3.2.1.jar:/opt/hadoop/share/ozone/lib/commons-math3-3.1.1.jar:/opt/hadoop/share/ozone/lib/simpleclient_dropwizard-0.7.0.jar:/opt/hadoop/share/ozone/lib/hadoop-common-3.2.1.jar:/opt/hadoop/share/ozone/lib/simpleclient-0.7.0.jar:/opt/hadoop/share/ozone/lib/httpclient-4.5.2.jar:/opt/hadoop/share/ozone/lib/rocksdbjni-6.8.1.jar:/opt/hadoop/share/ozone/lib/asm-5.0.4.jar:/opt/hadoop/share/ozone/lib/kerby-util-1.0.1.jar:/opt/hadoop/share/ozone/lib/failureaccess-1.0.1.jar:/opt/hadoop/share/ozone/lib/ratis-metrics-1.1.0-11689cd-SNAPSHOT.jar:/opt/hadoop/share/ozone/lib/jsp-api-2.1.jar:/opt/hadoop/share/ozone/lib/jsch-0.1.54.jar:/opt/hadoop/share/ozone/lib/nimbus-jose-jwt-7.9.jar:/opt/hadoop/share/ozone/lib/commons-codec-1.11.jar:/opt/hadoop/share/ozone/lib/kotlin-stdlib-1.3.50.jar:/opt/hadoop/share/ozone/lib/ratis-common-1.1.0-11689cd-SNAPSHOT.jar:/opt/hadoop/share/ozone/lib/commons-pool2-2.6.0.jar:/opt/hadoop/share/ozone/lib/jackson-datatype-jsr310-2.10.3.jar:/opt/hadoop/share/ozone/lib/gson-2.2.4.jar:/opt/hadoop/share/ozone/lib/opentracing-api-0.33.0.jar:/opt/hadoop/share/ozone/lib/jcip-annotations-1.0-1.jar:/opt/hadoop/share/ozone/lib/kerb-admin-1.0.1.jar:/opt/hadoop/share/ozone/lib/commons-io-2.5.jar:/opt/hadoop/share/ozone/lib/snakeyaml-1.16.jar:/opt/hadoop/share/ozone/lib/opentracing-noop-0.33.0.jar:/opt/hadoop/share/ozone/lib/jersey-core-1.19.jar:/opt/hadoop/share/ozone/lib/checker-qual-2.10.0.jar:/opt/hadoop/share/ozone/lib/opentracing-util-0.33.0.jar:/opt/hadoop/share/ozone/lib/commons-cli-1.2.jar:/opt/hadoop/share/ozone/lib/woodstox-core-5.0.3.jar:/opt/hadoop/share/ozone/lib/javax.annotation-api-1.2.jar:/opt/hadoop/share/ozone/lib/hadoop-hdds-interface-client-1.1.0-SNAPSHOT.jar:/opt/hadoop/share/ozone/lib/kerby-asn1-1.0.1.jar:/opt/hadoop/share/ozone/lib/netty-all-4.1.48.Final.jar:/opt/hadoop/share/ozone/lib/hadoop-hdds-hadoop-dependency-client-1.1.0-SNAPSHOT.jar:/opt/hadoop/share/ozone/lib/stax2-api-3.1.4.jar:/opt/hadoop/share/ozone/lib/commons-collections-3.2.2.jar:/opt/hadoop/share/ozone/lib/commons-digester-1.8.1.jar:/opt/hadoop/share/ozone/lib/commons-text-1.4.jar:/opt/hadoop/share/ozone/lib/jackson-core-2.10.3.jar:/opt/hadoop/share/ozone/lib/jersey-servlet-1.19.jar:/opt/hadoop/share/ozone/lib/jetty-util-9.4.34.v20201102.jar:/opt/hadoop/share/ozone/lib/slf4j-api-1.7.25.jar:/opt/hadoop/share/ozone/lib/kerb-identity-1.0.1.jar:/opt/hadoop/share/ozone/lib/hadoop-hdds-server-framework-1.1.0-SNAPSHOT.jar:/opt/hadoop/share/ozone/lib/hadoop-hdds-common-1.1.0-SNAPSHOT-tests.jar:/opt/hadoop/share/ozone/lib/hadoop-hdds-hadoop-dependency-server-1.1.0-SNAPSHOT.jar:/opt/hadoop/share/ozone/lib/kerb-common-1.0.1.jar:/opt/hadoop/share/ozone/lib/jaeger-client-1.2.0.jar:/opt/hadoop/share/ozone/lib/jaxb-core-2.3.0.1.jar:/opt/hadoop/share/ozone/lib/hadoop-hdds-interface-admin-1.1.0-SNAPSHOT.jar:/opt/hadoop/share/ozone/lib/jersey-server-1.19.jar:/opt/hadoop/share/ozone/lib/kerb-crypto-1.0.1.jar:/opt/hadoop/share/ozone/lib/hadoop-annotations-3.2.1.jar:/opt/hadoop/share/ozone/lib/httpcore-4.4.4.jar:/opt/hadoop/share/ozone/lib/ratis-client-1.1.0-11689cd-SNAPSHOT.jar:/opt/hadoop/share/ozone/web:/opt/hadoop/share/ozone/lib/hadoop-ozone-datanode-1.1.0-SNAPSHOT.jar
STARTUP_MSG:   build = https://github.com/apache/ozone.git/5f43814f2a24f6916fd42f511a68fd5567c8cfd4 ; compiled by 'runner' on 2020-11-14T15:40Z
STARTUP_MSG:   java = 11.0.6
************************************************************/
2020-11-14 15:52:03 INFO  HddsDatanodeService:90 - registered UNIX signal handlers for [TERM, HUP, INT]
2020-11-14 15:52:05 INFO  MetricRegistries:64 - Loaded MetricRegistries class org.apache.ratis.metrics.impl.MetricRegistriesImpl
2020-11-14 15:52:06 INFO  MetricsConfig:118 - Loaded properties from hadoop-metrics2.properties
2020-11-14 15:52:07 INFO  MetricsSystemImpl:374 - Scheduled Metric snapshot period at 10 second(s).
2020-11-14 15:52:07 INFO  MetricsSystemImpl:191 - HddsDatanode metrics system started
2020-11-14 15:52:07 INFO  HddsDatanodeService:217 - HddsDatanodeService host:datanode-1.datanode.default.svc.cluster.local ip:10.42.0.13
2020-11-14 15:52:08 INFO  SaveSpaceUsageToFile:94 - Cached usage info file /data/storage/scmUsed not found
2020-11-14 15:52:08 INFO  HddsVolume:176 - Creating Volume: /data/storage/hdds of storage type : DISK and capacity : 89311358976
2020-11-14 15:52:08 INFO  MutableVolumeSet:179 - Added Volume : /data/storage/hdds to VolumeSet
2020-11-14 15:52:08 INFO  ThrottledAsyncChecker:141 - Scheduling a check for /data/storage/hdds
2020-11-14 15:52:08 INFO  HddsVolumeChecker:200 - Scheduled health check for volume /data/storage/hdds
2020-11-14 15:52:08 INFO  ContainerReader:123 - Start to verify containers on volume /data/storage/hdds
2020-11-14 15:52:08 INFO  ContainerReader:148 - Finish verifying containers on volume /data/storage/hdds
2020-11-14 15:52:08 INFO  OzoneContainer:196 - Build ContainerSet costs 0s
2020-11-14 15:52:13 WARN  ServerUtils:237 - Storage directory for Ratis is not configured. It is a good idea to map this to an SSD disk. Falling back to ozone.metadata.dirs
2020-11-14 15:52:13 INFO  RaftServerProxy:44 - raft.rpc.type = GRPC (default)
2020-11-14 15:52:13 INFO  GrpcConfigKeys:44 - raft.grpc.server.port = 9858 (custom)
2020-11-14 15:52:13 INFO  GrpcService:44 - raft.grpc.message.size.max = 32MB (=33554432) (custom)
2020-11-14 15:52:13 INFO  RaftServerConfigKeys:44 - raft.server.log.appender.buffer.byte-limit = 33554432 (custom)
2020-11-14 15:52:14 INFO  GrpcService:44 - raft.grpc.flow.control.window = 5MB (=5242880) (custom)
2020-11-14 15:52:14 INFO  RaftServerConfigKeys:44 - raft.server.rpc.request.timeout = 60s (custom)
2020-11-14 15:52:14 INFO  RaftServerConfigKeys:44 - raft.server.storage.dir = [/data/metadata/ratis] (custom)
2020-11-14 15:52:14 WARN  ServerUtils:237 - Storage directory for Ratis is not configured. It is a good idea to map this to an SSD disk. Falling back to ozone.metadata.dirs
2020-11-14 15:52:14 WARN  NativeCodeLoader:60 - Unable to load native-hadoop library for your platform... using builtin-java classes where applicable
2020-11-14 15:52:14 INFO  BaseHttpServer:207 - Starting Web-server for hddsDatanode at: http://0.0.0.0:9882
2020-11-14 15:52:14 INFO  BaseHttpServer:106 - Hadoop Security Enabled: false Ozone Security Enabled: false Ozone HTTP Security Enabled: false 
2020-11-14 15:52:15 INFO  log:169 - Logging initialized @15603ms to org.eclipse.jetty.util.log.Slf4jLog
2020-11-14 15:52:15 INFO  AuthenticationFilter:240 - Unable to initialize FileSignerSecretProvider, falling back to use random secrets.
2020-11-14 15:52:15 INFO  HttpRequestLog:86 - Http request log for http.requests.hddsDatanode is not defined
2020-11-14 15:52:15 INFO  HttpServer2:1019 - Added global filter 'safety' (class=org.apache.hadoop.hdds.server.http.HttpServer2$QuotingInputFilter)
2020-11-14 15:52:15 INFO  HttpServer2:995 - Added filter static_user_filter (class=org.apache.hadoop.http.lib.StaticUserWebFilter$StaticUserFilter) to context hddsDatanode
2020-11-14 15:52:15 INFO  HttpServer2:1003 - Added filter static_user_filter (class=org.apache.hadoop.http.lib.StaticUserWebFilter$StaticUserFilter) to context logs
2020-11-14 15:52:15 INFO  HttpServer2:1003 - Added filter static_user_filter (class=org.apache.hadoop.http.lib.StaticUserWebFilter$StaticUserFilter) to context static
2020-11-14 15:52:16 INFO  HttpServer2:1237 - Jetty bound to port 9882
2020-11-14 15:52:16 INFO  Server:375 - jetty-9.4.34.v20201102; built: 2020-11-02T14:15:39.302Z; git: e46af88704a893fc12cb0e3bf46e2c7b48a009e7; jvm 11.0.6+10-LTS
2020-11-14 15:52:16 INFO  session:334 - DefaultSessionIdManager workerName=node0
2020-11-14 15:52:16 INFO  session:339 - No SessionScavenger set, using defaults
2020-11-14 15:52:16 INFO  session:132 - node0 Scavenging every 660000ms
2020-11-14 15:52:16 INFO  ContextHandler:916 - Started o.e.j.s.ServletContextHandler@31c628e7{logs,/logs,file:///var/log/hadoop/,AVAILABLE}
2020-11-14 15:52:16 INFO  ContextHandler:916 - Started o.e.j.s.ServletContextHandler@885e7ff{static,/static,jar:file:/opt/hadoop/share/ozone/lib/hadoop-hdds-container-service-1.1.0-SNAPSHOT.jar!/webapps/static,AVAILABLE}
2020-11-14 15:52:16 INFO  ContextHandler:916 - Started o.e.j.w.WebAppContext@6f2e1024{hddsDatanode,/,file:///tmp/jetty-0_0_0_0-9882-hadoop-hdds-container-service-1_1_0-SNAPSHOT_jar-_-any-6572110943492730400/webapp/,AVAILABLE}{jar:file:/opt/hadoop/share/ozone/lib/hadoop-hdds-container-service-1.1.0-SNAPSHOT.jar!/webapps/hddsDatanode}
2020-11-14 15:52:16 INFO  AbstractConnector:331 - Started ServerConnector@7e0bc8a3{HTTP/1.1, (http/1.1)}{0.0.0.0:9882}
2020-11-14 15:52:16 INFO  Server:415 - Started @17520ms
2020-11-14 15:52:17 INFO  MetricsSinkAdapter:204 - Sink prometheus started
2020-11-14 15:52:17 INFO  MetricsSystemImpl:301 - Registered sink prometheus
2020-11-14 15:52:17 INFO  BaseHttpServer:327 - HTTP server of hddsDatanode listening at http://0.0.0.0:9882
2020-11-14 15:52:17 INFO  JvmPauseMonitor:188 - Starting JVM pause monitor
2020-11-14 15:52:17 INFO  InitDatanodeState:145 - DatanodeDetails is persisted to /data/datanode.id
2020-11-14 15:52:20 WARN  EndpointStateMachine:233 - Unable to communicate to SCM server at scm-0.scm:9861 for past 0 seconds.
java.net.SocketTimeoutException: Call From datanode-1/10.42.0.13 to scm-0.scm:9861 failed on socket timeout exception: java.net.SocketTimeoutException: 1000 millis timeout while waiting for channel to be ready for read. ch : java.nio.channels.SocketChannel[connected local=/10.42.0.13:40110 remote=scm-0.scm/10.42.0.12:9861]; For more details see:  http://wiki.apache.org/hadoop/SocketTimeout
	at java.base/jdk.internal.reflect.NativeConstructorAccessorImpl.newInstance0(Native Method)
	at java.base/jdk.internal.reflect.NativeConstructorAccessorImpl.newInstance(NativeConstructorAccessorImpl.java:62)
	at java.base/jdk.internal.reflect.DelegatingConstructorAccessorImpl.newInstance(DelegatingConstructorAccessorImpl.java:45)
	at java.base/java.lang.reflect.Constructor.newInstance(Constructor.java:490)
	at org.apache.hadoop.net.NetUtils.wrapWithMessage(NetUtils.java:833)
	at org.apache.hadoop.net.NetUtils.wrapException(NetUtils.java:777)
	at org.apache.hadoop.ipc.Client.getRpcResponse(Client.java:1549)
	at org.apache.hadoop.ipc.Client.call(Client.java:1491)
	at org.apache.hadoop.ipc.Client.call(Client.java:1388)
	at org.apache.hadoop.ipc.ProtobufRpcEngine$Invoker.invoke(ProtobufRpcEngine.java:233)
	at org.apache.hadoop.ipc.ProtobufRpcEngine$Invoker.invoke(ProtobufRpcEngine.java:118)
	at com.sun.proxy.$Proxy37.submitRequest(Unknown Source)
	at org.apache.hadoop.ozone.protocolPB.StorageContainerDatanodeProtocolClientSideTranslatorPB.submitRequest(StorageContainerDatanodeProtocolClientSideTranslatorPB.java:117)
	at org.apache.hadoop.ozone.protocolPB.StorageContainerDatanodeProtocolClientSideTranslatorPB.getVersion(StorageContainerDatanodeProtocolClientSideTranslatorPB.java:133)
	at org.apache.hadoop.ozone.container.common.states.endpoint.VersionEndpointTask.call(VersionEndpointTask.java:70)
	at org.apache.hadoop.ozone.container.common.states.endpoint.VersionEndpointTask.call(VersionEndpointTask.java:41)
	at java.base/java.util.concurrent.FutureTask.run(FutureTask.java:264)
	at java.base/java.util.concurrent.ThreadPoolExecutor.runWorker(ThreadPoolExecutor.java:1128)
	at java.base/java.util.concurrent.ThreadPoolExecutor$Worker.run(ThreadPoolExecutor.java:628)
	at java.base/java.lang.Thread.run(Thread.java:834)
Caused by: java.net.SocketTimeoutException: 1000 millis timeout while waiting for channel to be ready for read. ch : java.nio.channels.SocketChannel[connected local=/10.42.0.13:40110 remote=scm-0.scm/10.42.0.12:9861]
	at org.apache.hadoop.net.SocketIOWithTimeout.doIO(SocketIOWithTimeout.java:164)
	at org.apache.hadoop.net.SocketInputStream.read(SocketInputStream.java:161)
	at org.apache.hadoop.net.SocketInputStream.read(SocketInputStream.java:131)
	at java.base/java.io.FilterInputStream.read(FilterInputStream.java:133)
	at java.base/java.io.BufferedInputStream.fill(BufferedInputStream.java:252)
	at java.base/java.io.BufferedInputStream.read(BufferedInputStream.java:271)
	at java.base/java.io.FilterInputStream.read(FilterInputStream.java:83)
	at java.base/java.io.FilterInputStream.read(FilterInputStream.java:83)
	at org.apache.hadoop.ipc.Client$Connection$PingInputStream.read(Client.java:567)
	at java.base/java.io.DataInputStream.readInt(DataInputStream.java:392)
	at org.apache.hadoop.ipc.Client$IpcStreams.readResponse(Client.java:1850)
	at org.apache.hadoop.ipc.Client$Connection.receiveRpcResponse(Client.java:1183)
	at org.apache.hadoop.ipc.Client$Connection.run(Client.java:1079)
2020-11-14 15:52:21 INFO  OzoneContainer:245 - Attempting to start container services.
2020-11-14 15:52:21 INFO  OzoneContainer:209 - Background container scanner has been disabled.
2020-11-14 15:52:21 INFO  XceiverServerRatis:456 - Starting XceiverServerRatis 37641240-dfb8-4df2-92b2-c48677f15bdc at port 9858
2020-11-14 15:52:21 INFO  RaftServerProxy:307 - 37641240-dfb8-4df2-92b2-c48677f15bdc: start RPC server
2020-11-14 15:52:21 INFO  GrpcService:177 - 37641240-dfb8-4df2-92b2-c48677f15bdc: GrpcService started, listening on 0.0.0.0/0.0.0.0:9858
2020-11-14 15:52:26 INFO  RaftServerProxy:92 - 37641240-dfb8-4df2-92b2-c48677f15bdc: addNew group-ECF274ACE589:[37641240-dfb8-4df2-92b2-c48677f15bdc:10.42.0.13:9858:0] returns group-ECF274ACE589:java.util.concurrent.CompletableFuture@3726d0f[Not completed]
2020-11-14 15:52:26 INFO  RaftServerImpl:120 - 37641240-dfb8-4df2-92b2-c48677f15bdc: new RaftServerImpl for group-ECF274ACE589:[37641240-dfb8-4df2-92b2-c48677f15bdc:10.42.0.13:9858:0] with ContainerStateMachine:uninitialized
2020-11-14 15:52:26 INFO  RaftServerConfigKeys:44 - raft.server.rpc.timeout.min = 5s (custom)
2020-11-14 15:52:26 INFO  RaftServerConfigKeys:44 - raft.server.rpc.timeout.max = 5200ms (custom)
2020-11-14 15:52:26 INFO  RaftServerConfigKeys:44 - raft.server.rpcslowness.timeout = 300s (custom)
2020-11-14 15:52:26 INFO  RaftServerConfigKeys:44 - raft.server.sleep.deviation.threshold = 300 (default)
2020-11-14 15:52:26 INFO  RaftServerConfigKeys:44 - raft.server.log.appender.install.snapshot.enabled = false (custom)
2020-11-14 15:52:26 INFO  RaftServerImpl:104 - 37641240-dfb8-4df2-92b2-c48677f15bdc@group-ECF274ACE589: ConfigurationManager, init=-1: [37641240-dfb8-4df2-92b2-c48677f15bdc:10.42.0.13:9858:0], old=null, confs=<EMPTY_MAP>
2020-11-14 15:52:26 INFO  RaftServerConfigKeys:44 - raft.server.storage.dir = [/data/metadata/ratis] (custom)
2020-11-14 15:52:26 INFO  RaftServerConfigKeys:44 - raft.server.log.corruption.policy = EXCEPTION (default)
2020-11-14 15:52:26 INFO  RaftStorageDirectory:261 - The storage directory /data/metadata/ratis/e8d5a683-9c61-4c5c-bfb7-ecf274ace589 does not exist. Creating ...
2020-11-14 15:52:26 INFO  RaftStorageDirectory:343 - Lock on /data/metadata/ratis/e8d5a683-9c61-4c5c-bfb7-ecf274ace589/in_use.lock acquired by nodename 7@datanode-1
2020-11-14 15:52:26 INFO  RaftStorage:84 - Storage directory /data/metadata/ratis/e8d5a683-9c61-4c5c-bfb7-ecf274ace589 has been successfully formatted.
2020-11-14 15:52:26 INFO  ContainerStateMachine:225 - group-ECF274ACE589: The snapshot info is null. Setting the last applied indexto:(t:0, i:~)
2020-11-14 15:52:26 INFO  RaftServerConfigKeys:44 - raft.server.notification.no-leader.timeout = 300s (custom)
2020-11-14 15:52:26 INFO  RaftServerConfigKeys:44 - raft.server.log.use.memory = false (default)
2020-11-14 15:52:26 INFO  RaftServerConfigKeys:44 - raft.server.log.purge.gap = 1000000 (custom)
2020-11-14 15:52:26 INFO  RatisMetrics:36 - Creating Metrics Registry : ratis.log_worker.37641240-dfb8-4df2-92b2-c48677f15bdc@group-ECF274ACE589
2020-11-14 15:52:26 INFO  RaftServerConfigKeys:44 - raft.server.log.appender.buffer.byte-limit = 33554432 (custom)
2020-11-14 15:52:26 INFO  RaftServerConfigKeys:44 - raft.server.log.segment.size.max = 1048576 (custom)
2020-11-14 15:52:26 INFO  RaftServerConfigKeys:44 - raft.server.log.segment.cache.num.max = 2 (custom)
2020-11-14 15:52:26 INFO  SegmentedRaftLogWorker:180 - new 37641240-dfb8-4df2-92b2-c48677f15bdc@group-ECF274ACE589-SegmentedRaftLogWorker for RaftStorage:Storage Directory /data/metadata/ratis/e8d5a683-9c61-4c5c-bfb7-ecf274ace589
2020-11-14 15:52:26 INFO  RaftServerConfigKeys:44 - raft.server.log.queue.byte-limit = 2147483647 (custom)
2020-11-14 15:52:26 INFO  RaftServerConfigKeys:44 - raft.server.log.queue.element-limit = 1024 (custom)
2020-11-14 15:52:26 INFO  RaftServerConfigKeys:44 - raft.server.log.segment.size.max = 1048576 (custom)
2020-11-14 15:52:26 INFO  RaftServerConfigKeys:44 - raft.server.log.preallocated.size = 16384 (custom)
2020-11-14 15:52:26 INFO  RaftServerConfigKeys:44 - raft.server.log.write.buffer.size = 1048576 (custom)
2020-11-14 15:52:26 INFO  RaftServerConfigKeys:44 - raft.server.log.force.sync.num = 128 (default)
2020-11-14 15:52:26 INFO  RaftServerConfigKeys:44 - raft.server.log.statemachine.data.sync = true (default)
2020-11-14 15:52:26 INFO  RaftServerConfigKeys:44 - raft.server.log.statemachine.data.sync.timeout = 10s (default)
2020-11-14 15:52:26 INFO  RaftServerConfigKeys:44 - raft.server.log.statemachine.data.sync.timeout.retry = -1 (default)
2020-11-14 15:52:26 INFO  RaftServerConfigKeys:44 - raft.server.log.statemachine.data.caching.enabled = true (custom)
2020-11-14 15:52:26 INFO  SegmentedRaftLogWorker:129 - 37641240-dfb8-4df2-92b2-c48677f15bdc@group-ECF274ACE589-SegmentedRaftLogWorker: flushIndex: setUnconditionally 0 -> -1
2020-11-14 15:52:26 INFO  SegmentedRaftLogWorker:129 - 37641240-dfb8-4df2-92b2-c48677f15bdc@group-ECF274ACE589-SegmentedRaftLogWorker: safeCacheEvictIndex: setUnconditionally 0 -> -1
2020-11-14 15:52:26 INFO  RaftServerConfigKeys:44 - raft.server.snapshot.auto.trigger.enabled = true (custom)
2020-11-14 15:52:26 INFO  RaftServerConfigKeys:44 - raft.server.snapshot.auto.trigger.threshold = 10000 (custom)
2020-11-14 15:52:26 INFO  RaftServerConfigKeys:44 - raft.server.snapshot.retention.file.num = 5 (custom)
2020-11-14 15:52:26 INFO  RaftServerConfigKeys:44 - raft.server.log.purge.upto.snapshot.index = false (default)
2020-11-14 15:52:26 INFO  RaftServerConfigKeys:44 - raft.server.retrycache.expirytime = 600000ms (custom)
2020-11-14 15:52:26 INFO  RatisMetrics:36 - Creating Metrics Registry : ratis.leader_election.37641240-dfb8-4df2-92b2-c48677f15bdc@group-ECF274ACE589
2020-11-14 15:52:26 INFO  RatisMetrics:36 - Creating Metrics Registry : ratis.server.37641240-dfb8-4df2-92b2-c48677f15bdc@group-ECF274ACE589
2020-11-14 15:52:26 INFO  RaftServerImpl:209 - 37641240-dfb8-4df2-92b2-c48677f15bdc@group-ECF274ACE589: start as a follower, conf=-1: [37641240-dfb8-4df2-92b2-c48677f15bdc:10.42.0.13:9858:0], old=null
2020-11-14 15:52:26 INFO  RaftServerImpl:198 - 37641240-dfb8-4df2-92b2-c48677f15bdc@group-ECF274ACE589: changes role from      null to FOLLOWER at term 0 for startAsFollower
2020-11-14 15:52:26 INFO  RoleInfo:143 - 37641240-dfb8-4df2-92b2-c48677f15bdc: start FollowerState
2020-11-14 15:52:26 INFO  JmxRegister:44 - Successfully registered JMX Bean with object name Ratis:service=RaftServer,group=group-ECF274ACE589,id=37641240-dfb8-4df2-92b2-c48677f15bdc
2020-11-14 15:52:26 INFO  RatisMetrics:36 - Creating Metrics Registry : ratis.state_machine.37641240-dfb8-4df2-92b2-c48677f15bdc@group-ECF274ACE589
2020-11-14 15:52:26 INFO  CreatePipelineCommandHandler:106 - Created Pipeline RATIS ONE PipelineID=e8d5a683-9c61-4c5c-bfb7-ecf274ace589.
2020-11-14 15:52:26 INFO  RaftServerProxy:92 - 37641240-dfb8-4df2-92b2-c48677f15bdc: addNew group-00D7853BC14E:[e0a8c9bf-e5d3-4fe7-ab56-c6911f16d7d1:10.42.0.9:9858:0, 415d8189-0e87-43ac-bde2-698d6dfdf50e:10.42.0.14:9858:0, 37641240-dfb8-4df2-92b2-c48677f15bdc:10.42.0.13:9858:0] returns group-00D7853BC14E:java.util.concurrent.CompletableFuture@5ebba4df[Not completed]
2020-11-14 15:52:26 INFO  RaftServerImpl:120 - 37641240-dfb8-4df2-92b2-c48677f15bdc: new RaftServerImpl for group-00D7853BC14E:[e0a8c9bf-e5d3-4fe7-ab56-c6911f16d7d1:10.42.0.9:9858:0, 415d8189-0e87-43ac-bde2-698d6dfdf50e:10.42.0.14:9858:0, 37641240-dfb8-4df2-92b2-c48677f15bdc:10.42.0.13:9858:0] with ContainerStateMachine:uninitialized
2020-11-14 15:52:26 INFO  RaftServerConfigKeys:44 - raft.server.rpc.timeout.min = 5s (custom)
2020-11-14 15:52:26 INFO  RaftServerConfigKeys:44 - raft.server.rpc.timeout.max = 5200ms (custom)
2020-11-14 15:52:26 INFO  RaftServerConfigKeys:44 - raft.server.rpcslowness.timeout = 300s (custom)
2020-11-14 15:52:26 INFO  RaftServerConfigKeys:44 - raft.server.sleep.deviation.threshold = 300 (default)
2020-11-14 15:52:26 INFO  RaftServerConfigKeys:44 - raft.server.log.appender.install.snapshot.enabled = false (custom)
2020-11-14 15:52:26 INFO  RaftServerImpl:104 - 37641240-dfb8-4df2-92b2-c48677f15bdc@group-00D7853BC14E: ConfigurationManager, init=-1: [e0a8c9bf-e5d3-4fe7-ab56-c6911f16d7d1:10.42.0.9:9858:0, 415d8189-0e87-43ac-bde2-698d6dfdf50e:10.42.0.14:9858:0, 37641240-dfb8-4df2-92b2-c48677f15bdc:10.42.0.13:9858:0], old=null, confs=<EMPTY_MAP>
2020-11-14 15:52:26 INFO  RaftServerConfigKeys:44 - raft.server.storage.dir = [/data/metadata/ratis] (custom)
2020-11-14 15:52:26 INFO  RaftServerConfigKeys:44 - raft.server.log.corruption.policy = EXCEPTION (default)
2020-11-14 15:52:26 INFO  RaftStorageDirectory:261 - The storage directory /data/metadata/ratis/3e18df51-c2cf-4da9-abbf-00d7853bc14e does not exist. Creating ...
2020-11-14 15:52:26 INFO  RaftStorageDirectory:343 - Lock on /data/metadata/ratis/3e18df51-c2cf-4da9-abbf-00d7853bc14e/in_use.lock acquired by nodename 7@datanode-1
2020-11-14 15:52:26 INFO  RaftStorage:84 - Storage directory /data/metadata/ratis/3e18df51-c2cf-4da9-abbf-00d7853bc14e has been successfully formatted.
2020-11-14 15:52:26 INFO  ContainerStateMachine:225 - group-00D7853BC14E: The snapshot info is null. Setting the last applied indexto:(t:0, i:~)
2020-11-14 15:52:26 INFO  RaftServerConfigKeys:44 - raft.server.notification.no-leader.timeout = 300s (custom)
2020-11-14 15:52:26 INFO  RaftServerConfigKeys:44 - raft.server.log.use.memory = false (default)
2020-11-14 15:52:26 INFO  RaftServerConfigKeys:44 - raft.server.log.purge.gap = 1000000 (custom)
2020-11-14 15:52:26 INFO  RatisMetrics:36 - Creating Metrics Registry : ratis.log_worker.37641240-dfb8-4df2-92b2-c48677f15bdc@group-00D7853BC14E
2020-11-14 15:52:26 INFO  RaftServerConfigKeys:44 - raft.server.log.appender.buffer.byte-limit = 33554432 (custom)
2020-11-14 15:52:26 INFO  RaftServerConfigKeys:44 - raft.server.log.segment.size.max = 1048576 (custom)
2020-11-14 15:52:26 INFO  RaftServerConfigKeys:44 - raft.server.log.segment.cache.num.max = 2 (custom)
2020-11-14 15:52:26 INFO  SegmentedRaftLogWorker:180 - new 37641240-dfb8-4df2-92b2-c48677f15bdc@group-00D7853BC14E-SegmentedRaftLogWorker for RaftStorage:Storage Directory /data/metadata/ratis/3e18df51-c2cf-4da9-abbf-00d7853bc14e
2020-11-14 15:52:26 INFO  RaftServerConfigKeys:44 - raft.server.log.queue.byte-limit = 2147483647 (custom)
2020-11-14 15:52:26 INFO  RaftServerConfigKeys:44 - raft.server.log.queue.element-limit = 1024 (custom)
2020-11-14 15:52:26 INFO  RaftServerConfigKeys:44 - raft.server.log.segment.size.max = 1048576 (custom)
2020-11-14 15:52:26 INFO  RaftServerConfigKeys:44 - raft.server.log.preallocated.size = 16384 (custom)
2020-11-14 15:52:26 INFO  RaftServerConfigKeys:44 - raft.server.log.write.buffer.size = 1048576 (custom)
2020-11-14 15:52:26 INFO  RaftServerConfigKeys:44 - raft.server.log.force.sync.num = 128 (default)
2020-11-14 15:52:26 INFO  RaftServerConfigKeys:44 - raft.server.log.statemachine.data.sync = true (default)
2020-11-14 15:52:26 INFO  RaftServerConfigKeys:44 - raft.server.log.statemachine.data.sync.timeout = 10s (default)
2020-11-14 15:52:26 INFO  RaftServerConfigKeys:44 - raft.server.log.statemachine.data.sync.timeout.retry = -1 (default)
2020-11-14 15:52:26 INFO  RaftServerConfigKeys:44 - raft.server.log.statemachine.data.caching.enabled = true (custom)
2020-11-14 15:52:26 INFO  SegmentedRaftLogWorker:129 - 37641240-dfb8-4df2-92b2-c48677f15bdc@group-00D7853BC14E-SegmentedRaftLogWorker: flushIndex: setUnconditionally 0 -> -1
2020-11-14 15:52:26 INFO  SegmentedRaftLogWorker:129 - 37641240-dfb8-4df2-92b2-c48677f15bdc@group-00D7853BC14E-SegmentedRaftLogWorker: safeCacheEvictIndex: setUnconditionally 0 -> -1
2020-11-14 15:52:26 INFO  RaftServerConfigKeys:44 - raft.server.snapshot.auto.trigger.enabled = true (custom)
2020-11-14 15:52:26 INFO  RaftServerConfigKeys:44 - raft.server.snapshot.auto.trigger.threshold = 10000 (custom)
2020-11-14 15:52:26 INFO  RaftServerConfigKeys:44 - raft.server.snapshot.retention.file.num = 5 (custom)
2020-11-14 15:52:26 INFO  RaftServerConfigKeys:44 - raft.server.log.purge.upto.snapshot.index = false (default)
2020-11-14 15:52:26 INFO  RaftServerConfigKeys:44 - raft.server.retrycache.expirytime = 600000ms (custom)
2020-11-14 15:52:26 INFO  RatisMetrics:36 - Creating Metrics Registry : ratis.leader_election.37641240-dfb8-4df2-92b2-c48677f15bdc@group-00D7853BC14E
2020-11-14 15:52:26 INFO  RatisMetrics:36 - Creating Metrics Registry : ratis.server.37641240-dfb8-4df2-92b2-c48677f15bdc@group-00D7853BC14E
2020-11-14 15:52:26 INFO  RaftServerImpl:209 - 37641240-dfb8-4df2-92b2-c48677f15bdc@group-00D7853BC14E: start as a follower, conf=-1: [e0a8c9bf-e5d3-4fe7-ab56-c6911f16d7d1:10.42.0.9:9858:0, 415d8189-0e87-43ac-bde2-698d6dfdf50e:10.42.0.14:9858:0, 37641240-dfb8-4df2-92b2-c48677f15bdc:10.42.0.13:9858:0], old=null
2020-11-14 15:52:26 INFO  RaftServerImpl:198 - 37641240-dfb8-4df2-92b2-c48677f15bdc@group-00D7853BC14E: changes role from      null to FOLLOWER at term 0 for startAsFollower
2020-11-14 15:52:26 INFO  RoleInfo:143 - 37641240-dfb8-4df2-92b2-c48677f15bdc: start FollowerState
2020-11-14 15:52:26 INFO  JmxRegister:44 - Successfully registered JMX Bean with object name Ratis:service=RaftServer,group=group-00D7853BC14E,id=37641240-dfb8-4df2-92b2-c48677f15bdc
2020-11-14 15:52:26 INFO  RatisMetrics:36 - Creating Metrics Registry : ratis.state_machine.37641240-dfb8-4df2-92b2-c48677f15bdc@group-00D7853BC14E
2020-11-14 15:52:27 INFO  RatisMetrics:36 - Creating Metrics Registry : ratis.client_message_metrics.client-893C17589135->e0a8c9bf-e5d3-4fe7-ab56-c6911f16d7d1
2020-11-14 15:52:29 INFO  RatisMetrics:36 - Creating Metrics Registry : ratis.client_message_metrics.client-21AB7535B18A->415d8189-0e87-43ac-bde2-698d6dfdf50e
2020-11-14 15:52:30 INFO  RatisMetrics:36 - Creating Metrics Registry : ratis.server_message_metrics.37641240-dfb8-4df2-92b2-c48677f15bdc
2020-11-14 15:52:30 INFO  CreatePipelineCommandHandler:106 - Created Pipeline RATIS THREE PipelineID=3e18df51-c2cf-4da9-abbf-00d7853bc14e.
2020-11-14 15:52:31 INFO  FollowerState:108 - 37641240-dfb8-4df2-92b2-c48677f15bdc@group-ECF274ACE589-FollowerState: change to CANDIDATE, lastRpcTime:5195ms, electionTimeout:5186ms
2020-11-14 15:52:31 INFO  RoleInfo:121 - 37641240-dfb8-4df2-92b2-c48677f15bdc: shutdown FollowerState
2020-11-14 15:52:31 INFO  RaftServerImpl:198 - 37641240-dfb8-4df2-92b2-c48677f15bdc@group-ECF274ACE589: changes role from  FOLLOWER to CANDIDATE at term 0 for changeToCandidate
2020-11-14 15:52:31 INFO  RoleInfo:143 - 37641240-dfb8-4df2-92b2-c48677f15bdc: start LeaderElection
2020-11-14 15:52:31 INFO  LeaderElection:210 - 37641240-dfb8-4df2-92b2-c48677f15bdc@group-ECF274ACE589-LeaderElection1: begin an election at term 1 for -1: [37641240-dfb8-4df2-92b2-c48677f15bdc:10.42.0.13:9858:0], old=null
2020-11-14 15:52:31 INFO  RoleInfo:134 - 37641240-dfb8-4df2-92b2-c48677f15bdc: shutdown LeaderElection
2020-11-14 15:52:31 INFO  RaftServerImpl:198 - 37641240-dfb8-4df2-92b2-c48677f15bdc@group-ECF274ACE589: changes role from CANDIDATE to LEADER at term 1 for changeToLeader
2020-11-14 15:52:31 INFO  XceiverServerRatis:854 - Leader change notification received for group: group-ECF274ACE589 with new leaderId: 37641240-dfb8-4df2-92b2-c48677f15bdc
2020-11-14 15:52:31 INFO  RaftServerImpl:256 - 37641240-dfb8-4df2-92b2-c48677f15bdc@group-ECF274ACE589: change Leader from null to 37641240-dfb8-4df2-92b2-c48677f15bdc at term 1 for becomeLeader, leader elected after 5519ms
2020-11-14 15:52:31 INFO  RaftServerConfigKeys:44 - raft.server.staging.catchup.gap = 1000 (default)
2020-11-14 15:52:31 INFO  RaftServerConfigKeys:44 - raft.server.rpc.sleep.time = 25ms (default)
2020-11-14 15:52:31 INFO  RatisMetrics:36 - Creating Metrics Registry : ratis.log_appender.37641240-dfb8-4df2-92b2-c48677f15bdc@group-ECF274ACE589
2020-11-14 15:52:31 INFO  RaftServerConfigKeys:44 - raft.server.write.element-limit = 1024 (custom)
2020-11-14 15:52:31 INFO  RaftServerConfigKeys:44 - raft.server.write.byte-limit = 1073741824 (custom)
2020-11-14 15:52:31 INFO  RaftServerConfigKeys:44 - raft.server.watch.timeout = 180s (custom)
2020-11-14 15:52:31 INFO  RaftServerConfigKeys:44 - raft.server.watch.timeout.denomination = 1s (default)
2020-11-14 15:52:31 INFO  RaftServerConfigKeys:44 - raft.server.watch.element-limit = 65536 (default)
2020-11-14 15:52:31 INFO  RoleInfo:143 - 37641240-dfb8-4df2-92b2-c48677f15bdc: start LeaderState
2020-11-14 15:52:31 INFO  SegmentedRaftLogWorker:397 - 37641240-dfb8-4df2-92b2-c48677f15bdc@group-ECF274ACE589-SegmentedRaftLogWorker: Starting segment from index:0
2020-11-14 15:52:31 INFO  RaftServerImpl:374 - 37641240-dfb8-4df2-92b2-c48677f15bdc@group-ECF274ACE589: set configuration 0: [37641240-dfb8-4df2-92b2-c48677f15bdc:10.42.0.13:9858:0], old=null at 0
2020-11-14 15:52:31 INFO  SegmentedRaftLogWorker:596 - 37641240-dfb8-4df2-92b2-c48677f15bdc@group-ECF274ACE589-SegmentedRaftLogWorker: created new log segment /data/metadata/ratis/e8d5a683-9c61-4c5c-bfb7-ecf274ace589/current/log_inprogress_0
2020-11-14 15:52:31 INFO  FollowerState:108 - 37641240-dfb8-4df2-92b2-c48677f15bdc@group-00D7853BC14E-FollowerState: change to CANDIDATE, lastRpcTime:5070ms, electionTimeout:5069ms
2020-11-14 15:52:31 INFO  RoleInfo:121 - 37641240-dfb8-4df2-92b2-c48677f15bdc: shutdown FollowerState
2020-11-14 15:52:31 INFO  RaftServerImpl:198 - 37641240-dfb8-4df2-92b2-c48677f15bdc@group-00D7853BC14E: changes role from  FOLLOWER to CANDIDATE at term 0 for changeToCandidate
2020-11-14 15:52:31 INFO  RoleInfo:143 - 37641240-dfb8-4df2-92b2-c48677f15bdc: start LeaderElection
2020-11-14 15:52:31 INFO  LeaderElection:210 - 37641240-dfb8-4df2-92b2-c48677f15bdc@group-00D7853BC14E-LeaderElection2: begin an election at term 1 for -1: [e0a8c9bf-e5d3-4fe7-ab56-c6911f16d7d1:10.42.0.9:9858:0, 415d8189-0e87-43ac-bde2-698d6dfdf50e:10.42.0.14:9858:0, 37641240-dfb8-4df2-92b2-c48677f15bdc:10.42.0.13:9858:0], old=null
2020-11-14 15:52:31 INFO  LeaderElection:62 - 37641240-dfb8-4df2-92b2-c48677f15bdc@group-00D7853BC14E-LeaderElection2: Election PASSED; received 1 response(s) [37641240-dfb8-4df2-92b2-c48677f15bdc<-e0a8c9bf-e5d3-4fe7-ab56-c6911f16d7d1#0:OK-t1] and 0 exception(s); 37641240-dfb8-4df2-92b2-c48677f15bdc@group-00D7853BC14E:t1, leader=null, voted=37641240-dfb8-4df2-92b2-c48677f15bdc, raftlog=37641240-dfb8-4df2-92b2-c48677f15bdc@group-00D7853BC14E-SegmentedRaftLog:OPENED:c-1,f-1,i0, conf=-1: [e0a8c9bf-e5d3-4fe7-ab56-c6911f16d7d1:10.42.0.9:9858:0, 415d8189-0e87-43ac-bde2-698d6dfdf50e:10.42.0.14:9858:0, 37641240-dfb8-4df2-92b2-c48677f15bdc:10.42.0.13:9858:0], old=null
2020-11-14 15:52:31 INFO  RoleInfo:134 - 37641240-dfb8-4df2-92b2-c48677f15bdc: shutdown LeaderElection
2020-11-14 15:52:31 INFO  RaftServerImpl:198 - 37641240-dfb8-4df2-92b2-c48677f15bdc@group-00D7853BC14E: changes role from CANDIDATE to LEADER at term 1 for changeToLeader
2020-11-14 15:52:31 INFO  XceiverServerRatis:854 - Leader change notification received for group: group-00D7853BC14E with new leaderId: 37641240-dfb8-4df2-92b2-c48677f15bdc
2020-11-14 15:52:31 INFO  RaftServerImpl:256 - 37641240-dfb8-4df2-92b2-c48677f15bdc@group-00D7853BC14E: change Leader from null to 37641240-dfb8-4df2-92b2-c48677f15bdc at term 1 for becomeLeader, leader elected after 5272ms
2020-11-14 15:52:31 INFO  RaftServerConfigKeys:44 - raft.server.staging.catchup.gap = 1000 (default)
2020-11-14 15:52:31 INFO  RaftServerConfigKeys:44 - raft.server.rpc.sleep.time = 25ms (default)
2020-11-14 15:52:31 INFO  RatisMetrics:36 - Creating Metrics Registry : ratis.log_appender.37641240-dfb8-4df2-92b2-c48677f15bdc@group-00D7853BC14E
2020-11-14 15:52:31 INFO  RaftServerConfigKeys:44 - raft.server.write.element-limit = 1024 (custom)
2020-11-14 15:52:31 INFO  RaftServerConfigKeys:44 - raft.server.write.byte-limit = 1073741824 (custom)
2020-11-14 15:52:31 INFO  RaftServerConfigKeys:44 - raft.server.watch.timeout = 180s (custom)
2020-11-14 15:52:31 INFO  RaftServerConfigKeys:44 - raft.server.watch.timeout.denomination = 1s (default)
2020-11-14 15:52:31 INFO  RaftServerConfigKeys:44 - raft.server.watch.element-limit = 65536 (default)
2020-11-14 15:52:31 INFO  RaftServerConfigKeys:44 - raft.server.log.appender.snapshot.chunk.size.max = 16MB (=16777216) (default)
2020-11-14 15:52:31 INFO  RaftServerConfigKeys:44 - raft.server.log.appender.buffer.byte-limit = 33554432 (custom)
2020-11-14 15:52:31 INFO  RaftServerConfigKeys:44 - raft.server.log.appender.buffer.element-limit = 1 (custom)
2020-11-14 15:52:31 INFO  GrpcConfigKeys:44 - raft.grpc.server.leader.outstanding.appends.max = 128 (default)
2020-11-14 15:52:32 INFO  RaftServerConfigKeys:44 - raft.server.rpc.request.timeout = 60s (custom)
2020-11-14 15:52:32 INFO  RaftServerConfigKeys:44 - raft.server.log.appender.install.snapshot.enabled = false (custom)
2020-11-14 15:52:32 INFO  RatisMetrics:36 - Creating Metrics Registry : ratis_grpc.log_appender.37641240-dfb8-4df2-92b2-c48677f15bdc@group-00D7853BC14E
2020-11-14 15:52:32 INFO  RaftServerConfigKeys:44 - raft.server.log.appender.snapshot.chunk.size.max = 16MB (=16777216) (default)
2020-11-14 15:52:32 INFO  RaftServerConfigKeys:44 - raft.server.log.appender.buffer.byte-limit = 33554432 (custom)
2020-11-14 15:52:32 INFO  RaftServerConfigKeys:44 - raft.server.log.appender.buffer.element-limit = 1 (custom)
2020-11-14 15:52:32 INFO  GrpcConfigKeys:44 - raft.grpc.server.leader.outstanding.appends.max = 128 (default)
2020-11-14 15:52:32 INFO  RaftServerConfigKeys:44 - raft.server.rpc.request.timeout = 60s (custom)
2020-11-14 15:52:32 INFO  RaftServerConfigKeys:44 - raft.server.log.appender.install.snapshot.enabled = false (custom)
2020-11-14 15:52:32 INFO  RoleInfo:143 - 37641240-dfb8-4df2-92b2-c48677f15bdc: start LeaderState
2020-11-14 15:52:32 INFO  SegmentedRaftLogWorker:397 - 37641240-dfb8-4df2-92b2-c48677f15bdc@group-00D7853BC14E-SegmentedRaftLogWorker: Starting segment from index:0
2020-11-14 15:52:32 INFO  RaftServerImpl:374 - 37641240-dfb8-4df2-92b2-c48677f15bdc@group-00D7853BC14E: set configuration 0: [e0a8c9bf-e5d3-4fe7-ab56-c6911f16d7d1:10.42.0.9:9858:0, 415d8189-0e87-43ac-bde2-698d6dfdf50e:10.42.0.14:9858:0, 37641240-dfb8-4df2-92b2-c48677f15bdc:10.42.0.13:9858:0], old=null at 0
2020-11-14 15:52:32 INFO  SegmentedRaftLogWorker:596 - 37641240-dfb8-4df2-92b2-c48677f15bdc@group-00D7853BC14E-SegmentedRaftLogWorker: created new log segment /data/metadata/ratis/3e18df51-c2cf-4da9-abbf-00d7853bc14e/current/log_inprogress_0
