No '-XX:...' jvm parameters are set. Adding safer GC settings '-XX:ParallelGCThreads=8 -XX:+UseConcMarkSweepGC -XX:CMSInitiatingOccupancyFraction=70 -XX:+CMSParallelRemarkEnabled' to the HADOOP_OPTS
OpenJDK 64-Bit Server VM warning: Option UseConcMarkSweepGC was deprecated in version 9.0 and will likely be removed in a future release.
2020-11-14 15:52:09 INFO  StorageContainerManagerStarter:112 - STARTUP_MSG: 
/************************************************************
STARTUP_MSG: Starting StorageContainerManager
STARTUP_MSG:   host = scm-0/10.42.0.12
STARTUP_MSG:   args = []
STARTUP_MSG:   version = 1.1.0-SNAPSHOT
STARTUP_MSG:   classpath = /etc/hadoop:/opt/hadoop/share/hadoop/common/*:/opt/hadoop/share/ozone/lib/kerb-simplekdc-1.0.1.jar:/opt/hadoop/share/ozone/lib/okhttp-4.2.2.jar:/opt/hadoop/share/ozone/lib/hadoop-hdds-container-service-1.1.0-SNAPSHOT.jar:/opt/hadoop/share/ozone/lib/jackson-databind-2.10.3.jar:/opt/hadoop/share/ozone/lib/protobuf-java-2.5.0.jar:/opt/hadoop/share/ozone/lib/ratis-netty-1.1.0-11689cd-SNAPSHOT.jar:/opt/hadoop/share/ozone/lib/bcpkix-jdk15on-1.60.jar:/opt/hadoop/share/ozone/lib/log4j-api-2.13.3.jar:/opt/hadoop/share/ozone/lib/jetty-util-ajax-9.4.34.v20201102.jar:/opt/hadoop/share/ozone/lib/commons-validator-1.6.jar:/opt/hadoop/share/ozone/lib/netty-3.10.5.Final.jar:/opt/hadoop/share/ozone/lib/kotlin-stdlib-common-1.3.50.jar:/opt/hadoop/share/ozone/lib/kerb-core-1.0.1.jar:/opt/hadoop/share/ozone/lib/picocli-4.4.0.jar:/opt/hadoop/share/ozone/lib/ratis-grpc-1.1.0-11689cd-SNAPSHOT.jar:/opt/hadoop/share/ozone/lib/jsr305-3.0.0.jar:/opt/hadoop/share/ozone/lib/j2objc-annotations-1.3.jar:/opt/hadoop/share/ozone/lib/leveldbjni-all-1.8.jar:/opt/hadoop/share/ozone/lib/jetty-http-9.4.34.v20201102.jar:/opt/hadoop/share/ozone/lib/jaeger-tracerresolver-1.2.0.jar:/opt/hadoop/share/ozone/lib/hadoop-auth-3.2.1.jar:/opt/hadoop/share/ozone/lib/hadoop-hdds-interface-server-1.1.0-SNAPSHOT.jar:/opt/hadoop/share/ozone/lib/htrace-core4-4.1.0-incubating.jar:/opt/hadoop/share/ozone/lib/kerb-util-1.0.1.jar:/opt/hadoop/share/ozone/lib/jetty-server-9.4.34.v20201102.jar:/opt/hadoop/share/ozone/lib/jaeger-thrift-1.2.0.jar:/opt/hadoop/share/ozone/lib/commons-logging-1.2.jar:/opt/hadoop/share/ozone/lib/jetty-xml-9.4.34.v20201102.jar:/opt/hadoop/share/ozone/lib/kerby-xdr-1.0.1.jar:/opt/hadoop/share/ozone/lib/jetty-io-9.4.34.v20201102.jar:/opt/hadoop/share/ozone/lib/opentracing-tracerresolver-0.1.8.jar:/opt/hadoop/share/ozone/lib/commons-net-3.6.jar:/opt/hadoop/share/ozone/lib/jaeger-core-1.2.0.jar:/opt/hadoop/share/ozone/lib/error_prone_annotations-2.2.0.jar:/opt/hadoop/share/ozone/lib/jetty-webapp-9.4.34.v20201102.jar:/opt/hadoop/share/ozone/lib/ratis-thirdparty-misc-0.6.0-SNAPSHOT.jar:/opt/hadoop/share/ozone/lib/slf4j-log4j12-1.7.25.jar:/opt/hadoop/share/ozone/lib/okio-2.2.2.jar:/opt/hadoop/share/ozone/lib/kerby-config-1.0.1.jar:/opt/hadoop/share/ozone/lib/metrics-core-3.2.4.jar:/opt/hadoop/share/ozone/lib/guava-28.2-jre.jar:/opt/hadoop/share/ozone/lib/kerby-pkix-1.0.1.jar:/opt/hadoop/share/ozone/lib/xz-1.0.jar:/opt/hadoop/share/ozone/lib/ratis-proto-1.1.0-11689cd-SNAPSHOT.jar:/opt/hadoop/share/ozone/lib/jsr311-api-1.1.1.jar:/opt/hadoop/share/ozone/lib/hadoop-hdds-client-1.1.0-SNAPSHOT.jar:/opt/hadoop/share/ozone/lib/jetty-servlet-9.4.34.v20201102.jar:/opt/hadoop/share/ozone/lib/commons-beanutils-1.9.4.jar:/opt/hadoop/share/ozone/lib/javax.servlet-api-3.1.0.jar:/opt/hadoop/share/ozone/lib/kerb-server-1.0.1.jar:/opt/hadoop/share/ozone/lib/kerb-client-1.0.1.jar:/opt/hadoop/share/ozone/lib/disruptor-3.4.2.jar:/opt/hadoop/share/ozone/lib/libthrift-0.13.0.jar:/opt/hadoop/share/ozone/lib/log4j-core-2.13.3.jar:/opt/hadoop/share/ozone/lib/annotations-13.0.jar:/opt/hadoop/share/ozone/lib/simpleclient_common-0.7.0.jar:/opt/hadoop/share/ozone/lib/dnsjava-2.1.7.jar:/opt/hadoop/share/ozone/lib/jackson-annotations-2.10.3.jar:/opt/hadoop/share/ozone/lib/ratis-server-1.1.0-11689cd-SNAPSHOT.jar:/opt/hadoop/share/ozone/lib/commons-configuration2-2.1.1.jar:/opt/hadoop/share/ozone/lib/json-smart-2.3.jar:/opt/hadoop/share/ozone/lib/token-provider-1.0.1.jar:/opt/hadoop/share/ozone/lib/log4j-1.2.17.jar:/opt/hadoop/share/ozone/lib/commons-daemon-1.0.13.jar:/opt/hadoop/share/ozone/lib/listenablefuture-9999.0-empty-to-avoid-conflict-with-guava.jar:/opt/hadoop/share/ozone/lib/jetty-security-9.4.34.v20201102.jar:/opt/hadoop/share/ozone/lib/bcprov-jdk15on-1.60.jar:/opt/hadoop/share/ozone/lib/hadoop-hdds-config-1.1.0-SNAPSHOT.jar:/opt/hadoop/share/ozone/lib/hadoop-hdds-common-1.1.0-SNAPSHOT.jar:/opt/hadoop/share/ozone/lib/hadoop-hdfs-client-3.2.1.jar:/opt/hadoop/share/ozone/lib/commons-lang3-3.7.jar:/opt/hadoop/share/ozone/lib/commons-compress-1.4.1.jar:/opt/hadoop/share/ozone/lib/accessors-smart-1.2.jar:/opt/hadoop/share/ozone/lib/re2j-1.1.jar:/opt/hadoop/share/ozone/lib/hadoop-hdfs-3.2.1.jar:/opt/hadoop/share/ozone/lib/commons-math3-3.1.1.jar:/opt/hadoop/share/ozone/lib/simpleclient_dropwizard-0.7.0.jar:/opt/hadoop/share/ozone/lib/hadoop-common-3.2.1.jar:/opt/hadoop/share/ozone/lib/simpleclient-0.7.0.jar:/opt/hadoop/share/ozone/lib/httpclient-4.5.2.jar:/opt/hadoop/share/ozone/lib/rocksdbjni-6.8.1.jar:/opt/hadoop/share/ozone/lib/asm-5.0.4.jar:/opt/hadoop/share/ozone/lib/kerby-util-1.0.1.jar:/opt/hadoop/share/ozone/lib/failureaccess-1.0.1.jar:/opt/hadoop/share/ozone/lib/ratis-metrics-1.1.0-11689cd-SNAPSHOT.jar:/opt/hadoop/share/ozone/lib/jsp-api-2.1.jar:/opt/hadoop/share/ozone/lib/jsch-0.1.54.jar:/opt/hadoop/share/ozone/lib/nimbus-jose-jwt-7.9.jar:/opt/hadoop/share/ozone/lib/kotlin-stdlib-1.3.50.jar:/opt/hadoop/share/ozone/lib/commons-codec-1.11.jar:/opt/hadoop/share/ozone/lib/ratis-common-1.1.0-11689cd-SNAPSHOT.jar:/opt/hadoop/share/ozone/lib/commons-pool2-2.6.0.jar:/opt/hadoop/share/ozone/lib/jackson-datatype-jsr310-2.10.3.jar:/opt/hadoop/share/ozone/lib/gson-2.2.4.jar:/opt/hadoop/share/ozone/lib/opentracing-api-0.33.0.jar:/opt/hadoop/share/ozone/lib/jcip-annotations-1.0-1.jar:/opt/hadoop/share/ozone/lib/kerb-admin-1.0.1.jar:/opt/hadoop/share/ozone/lib/commons-io-2.5.jar:/opt/hadoop/share/ozone/lib/snakeyaml-1.16.jar:/opt/hadoop/share/ozone/lib/opentracing-noop-0.33.0.jar:/opt/hadoop/share/ozone/lib/jersey-core-1.19.jar:/opt/hadoop/share/ozone/lib/checker-qual-2.10.0.jar:/opt/hadoop/share/ozone/lib/opentracing-util-0.33.0.jar:/opt/hadoop/share/ozone/lib/commons-cli-1.2.jar:/opt/hadoop/share/ozone/lib/woodstox-core-5.0.3.jar:/opt/hadoop/share/ozone/lib/javax.annotation-api-1.2.jar:/opt/hadoop/share/ozone/lib/hadoop-hdds-interface-client-1.1.0-SNAPSHOT.jar:/opt/hadoop/share/ozone/lib/netty-all-4.1.48.Final.jar:/opt/hadoop/share/ozone/lib/kerby-asn1-1.0.1.jar:/opt/hadoop/share/ozone/lib/hadoop-hdds-hadoop-dependency-client-1.1.0-SNAPSHOT.jar:/opt/hadoop/share/ozone/lib/stax2-api-3.1.4.jar:/opt/hadoop/share/ozone/lib/commons-digester-1.8.1.jar:/opt/hadoop/share/ozone/lib/commons-collections-3.2.2.jar:/opt/hadoop/share/ozone/lib/commons-text-1.4.jar:/opt/hadoop/share/ozone/lib/jackson-core-2.10.3.jar:/opt/hadoop/share/ozone/lib/jersey-servlet-1.19.jar:/opt/hadoop/share/ozone/lib/jetty-util-9.4.34.v20201102.jar:/opt/hadoop/share/ozone/lib/slf4j-api-1.7.25.jar:/opt/hadoop/share/ozone/lib/kerb-identity-1.0.1.jar:/opt/hadoop/share/ozone/lib/hadoop-hdds-server-framework-1.1.0-SNAPSHOT.jar:/opt/hadoop/share/ozone/lib/hadoop-hdds-common-1.1.0-SNAPSHOT-tests.jar:/opt/hadoop/share/ozone/lib/hadoop-hdds-hadoop-dependency-server-1.1.0-SNAPSHOT.jar:/opt/hadoop/share/ozone/lib/jaeger-client-1.2.0.jar:/opt/hadoop/share/ozone/lib/kerb-common-1.0.1.jar:/opt/hadoop/share/ozone/lib/hadoop-hdds-interface-admin-1.1.0-SNAPSHOT.jar:/opt/hadoop/share/ozone/lib/jersey-server-1.19.jar:/opt/hadoop/share/ozone/lib/kerb-crypto-1.0.1.jar:/opt/hadoop/share/ozone/lib/ratis-client-1.1.0-11689cd-SNAPSHOT.jar:/opt/hadoop/share/ozone/lib/hadoop-annotations-3.2.1.jar:/opt/hadoop/share/ozone/lib/httpcore-4.4.4.jar:/opt/hadoop/share/ozone/web:/opt/hadoop/share/ozone/lib/hadoop-hdds-server-scm-1.1.0-SNAPSHOT.jar
STARTUP_MSG:   build = https://github.com/apache/ozone.git/5f43814f2a24f6916fd42f511a68fd5567c8cfd4 ; compiled by 'runner' on 2020-11-14T15:40Z
STARTUP_MSG:   java = 11.0.6
************************************************************/
2020-11-14 15:52:09 INFO  StorageContainerManagerStarter:90 - registered UNIX signal handlers for [TERM, HUP, INT]
2020-11-14 15:52:10 WARN  ServerUtils:148 - ozone.scm.db.dirs is not configured. We recommend adding this setting. Falling back to ozone.metadata.dirs instead.
2020-11-14 15:52:10 WARN  DBStoreBuilder:143 - ozone.scm.db.dirs is not configured. We recommend adding this setting. Falling back to ozone.metadata.dirs instead.
2020-11-14 15:52:11 INFO  NodeSchemaLoader:126 - Loading file from java.lang.CompoundEnumeration@769a1df5
2020-11-14 15:52:11 INFO  NodeSchemaLoader:172 - Loading network topology layer schema file
2020-11-14 15:52:12 INFO  SCMNodeManager:120 - Entering startup safe mode.
2020-11-14 15:52:13 INFO  ContainerPlacementPolicyFactory:60 - Create container placement policy of type org.apache.hadoop.hdds.scm.container.placement.algorithms.SCMContainerPlacementRandom
2020-11-14 15:52:13 INFO  LeaderChoosePolicyFactory:57 - Create leader choose policy of type org.apache.hadoop.hdds.scm.pipeline.leader.choose.algorithms.DefaultLeaderChoosePolicy
2020-11-14 15:52:13 INFO  SCMPipelineManager:161 - No pipeline exists in current db
2020-11-14 15:52:13 INFO  PipelineChoosePolicyFactory:75 - Create pipeline choose policy of type org.apache.hadoop.hdds.scm.pipeline.choose.algorithms.RandomPipelineChoosePolicy
2020-11-14 15:52:13 INFO  HealthyPipelineSafeModeRule:89 - Total pipeline count is 0, healthy pipeline threshold count is 1
2020-11-14 15:52:13 INFO  OneReplicaPipelineSafeModeRule:79 - Total pipeline count is 0, pipeline's with at least one datanode reported threshold count is 0
2020-11-14 15:52:14 WARN  NativeCodeLoader:60 - Unable to load native-hadoop library for your platform... using builtin-java classes where applicable
2020-11-14 15:52:17 INFO  CallQueueManager:84 - Using callQueue: class java.util.concurrent.LinkedBlockingQueue, queueCapacity: 10000, scheduler: class org.apache.hadoop.ipc.DefaultRpcScheduler, ipcBackoff: false.
2020-11-14 15:52:17 INFO  Server:1219 - Starting Socket Reader #1 for port 9861
2020-11-14 15:52:18 INFO  CallQueueManager:84 - Using callQueue: class java.util.concurrent.LinkedBlockingQueue, queueCapacity: 10000, scheduler: class org.apache.hadoop.ipc.DefaultRpcScheduler, ipcBackoff: false.
2020-11-14 15:52:18 INFO  Server:1219 - Starting Socket Reader #1 for port 9863
2020-11-14 15:52:18 INFO  CallQueueManager:84 - Using callQueue: class java.util.concurrent.LinkedBlockingQueue, queueCapacity: 10000, scheduler: class org.apache.hadoop.ipc.DefaultRpcScheduler, ipcBackoff: false.
2020-11-14 15:52:18 INFO  Server:1219 - Starting Socket Reader #1 for port 9860
2020-11-14 15:52:18 INFO  BaseHttpServer:207 - Starting Web-server for scm at: http://0.0.0.0:9876
2020-11-14 15:52:18 INFO  BaseHttpServer:106 - Hadoop Security Enabled: false Ozone Security Enabled: false Ozone HTTP Security Enabled: false 
2020-11-14 15:52:18 INFO  log:169 - Logging initialized @13797ms to org.eclipse.jetty.util.log.Slf4jLog
2020-11-14 15:52:18 INFO  AuthenticationFilter:240 - Unable to initialize FileSignerSecretProvider, falling back to use random secrets.
2020-11-14 15:52:19 INFO  HttpRequestLog:86 - Http request log for http.requests.scm is not defined
2020-11-14 15:52:19 INFO  HttpServer2:1019 - Added global filter 'safety' (class=org.apache.hadoop.hdds.server.http.HttpServer2$QuotingInputFilter)
2020-11-14 15:52:19 INFO  HttpServer2:995 - Added filter static_user_filter (class=org.apache.hadoop.http.lib.StaticUserWebFilter$StaticUserFilter) to context scm
2020-11-14 15:52:19 INFO  HttpServer2:1003 - Added filter static_user_filter (class=org.apache.hadoop.http.lib.StaticUserWebFilter$StaticUserFilter) to context static
2020-11-14 15:52:19 INFO  HttpServer2:1003 - Added filter static_user_filter (class=org.apache.hadoop.http.lib.StaticUserWebFilter$StaticUserFilter) to context logs
2020-11-14 15:52:19 INFO  StorageContainerManager:789 - StorageContainerLocationProtocol RPC server is listening at /0.0.0.0:9860
2020-11-14 15:52:19 INFO  MetricsConfig:118 - Loaded properties from hadoop-metrics2.properties
2020-11-14 15:52:19 INFO  MetricsSystemImpl:374 - Scheduled Metric snapshot period at 10 second(s).
2020-11-14 15:52:19 INFO  MetricsSystemImpl:191 - StorageContainerManager metrics system started
2020-11-14 15:52:20 INFO  SCMClientProtocolServer:156 - RPC server for Client  is listening at /0.0.0.0:9860
2020-11-14 15:52:20 INFO  Server:1460 - IPC Server Responder: starting
2020-11-14 15:52:20 INFO  Server:1298 - IPC Server listener on 9860: starting
2020-11-14 15:52:20 INFO  StorageContainerManager:801 - ScmBlockLocationProtocol RPC server is listening at /0.0.0.0:9863
2020-11-14 15:52:20 INFO  SCMBlockProtocolServer:149 - RPC server for Block Protocol is listening at /0.0.0.0:9863
2020-11-14 15:52:20 INFO  Server:1460 - IPC Server Responder: starting
2020-11-14 15:52:20 INFO  Server:1298 - IPC Server listener on 9863: starting
2020-11-14 15:52:20 INFO  StorageContainerManager:807 - ScmDatanodeProtocl RPC server is listening at /0.0.0.0:9861
2020-11-14 15:52:20 INFO  SCMDatanodeProtocolServer:172 - RPC server for DataNodes is listening at /0.0.0.0:9861
2020-11-14 15:52:20 INFO  Server:1460 - IPC Server Responder: starting
2020-11-14 15:52:20 INFO  Server:1298 - IPC Server listener on 9861: starting
2020-11-14 15:52:20 INFO  HttpServer2:1237 - Jetty bound to port 9876
2020-11-14 15:52:20 INFO  Server:375 - jetty-9.4.34.v20201102; built: 2020-11-02T14:15:39.302Z; git: e46af88704a893fc12cb0e3bf46e2c7b48a009e7; jvm 11.0.6+10-LTS
2020-11-14 15:52:20 INFO  session:334 - DefaultSessionIdManager workerName=node0
2020-11-14 15:52:20 INFO  session:339 - No SessionScavenger set, using defaults
2020-11-14 15:52:20 INFO  session:132 - node0 Scavenging every 660000ms
2020-11-14 15:52:20 INFO  ContextHandler:916 - Started o.e.j.s.ServletContextHandler@50a3d0f6{logs,/logs,file:///var/log/hadoop/,AVAILABLE}
2020-11-14 15:52:20 INFO  ContextHandler:916 - Started o.e.j.s.ServletContextHandler@35636217{static,/static,jar:file:/opt/hadoop/share/ozone/lib/hadoop-hdds-server-scm-1.1.0-SNAPSHOT.jar!/webapps/static,AVAILABLE}
2020-11-14 15:52:20 WARN  Server:1670 - IPC Server handler 0 on default port 9861, call Call#0 Retry#0 org.apache.hadoop.ozone.protocol.StorageContainerDatanodeProtocol.submitRequest from 10.42.0.13:40110: output error
2020-11-14 15:52:20 WARN  Server:1670 - IPC Server handler 1 on default port 9861, call Call#0 Retry#0 org.apache.hadoop.ozone.protocol.StorageContainerDatanodeProtocol.submitRequest from 10.42.0.9:37720: output error
2020-11-14 15:52:20 INFO  Server:2928 - IPC Server handler 0 on default port 9861 caught an exception
java.nio.channels.AsynchronousCloseException
	at java.base/sun.nio.ch.SocketChannelImpl.write(SocketChannelImpl.java:471)
	at org.apache.hadoop.ipc.Server.channelWrite(Server.java:3550)
	at org.apache.hadoop.ipc.Server.access$1700(Server.java:139)
	at org.apache.hadoop.ipc.Server$Responder.processResponse(Server.java:1620)
	at org.apache.hadoop.ipc.Server$Responder.doRespond(Server.java:1690)
	at org.apache.hadoop.ipc.Server$Connection.sendResponse(Server.java:2785)
	at org.apache.hadoop.ipc.Server$Connection.access$300(Server.java:1762)
	at org.apache.hadoop.ipc.Server$RpcCall.doResponse(Server.java:1081)
	at org.apache.hadoop.ipc.Server$Call.doResponse(Server.java:873)
	at org.apache.hadoop.ipc.Server$Call.sendResponse(Server.java:859)
	at org.apache.hadoop.ipc.Server$RpcCall.run(Server.java:1016)
	at org.apache.hadoop.ipc.Server$RpcCall.run(Server.java:927)
	at java.base/java.security.AccessController.doPrivileged(Native Method)
	at java.base/javax.security.auth.Subject.doAs(Subject.java:423)
	at org.apache.hadoop.security.UserGroupInformation.doAs(UserGroupInformation.java:1730)
	at org.apache.hadoop.ipc.Server$Handler.run(Server.java:2915)
2020-11-14 15:52:20 INFO  Server:2928 - IPC Server handler 1 on default port 9861 caught an exception
java.nio.channels.AsynchronousCloseException
	at java.base/sun.nio.ch.SocketChannelImpl.write(SocketChannelImpl.java:471)
	at org.apache.hadoop.ipc.Server.channelWrite(Server.java:3550)
	at org.apache.hadoop.ipc.Server.access$1700(Server.java:139)
	at org.apache.hadoop.ipc.Server$Responder.processResponse(Server.java:1620)
	at org.apache.hadoop.ipc.Server$Responder.doRespond(Server.java:1690)
	at org.apache.hadoop.ipc.Server$Connection.sendResponse(Server.java:2785)
	at org.apache.hadoop.ipc.Server$Connection.access$300(Server.java:1762)
	at org.apache.hadoop.ipc.Server$RpcCall.doResponse(Server.java:1081)
	at org.apache.hadoop.ipc.Server$Call.doResponse(Server.java:873)
	at org.apache.hadoop.ipc.Server$Call.sendResponse(Server.java:859)
	at org.apache.hadoop.ipc.Server$RpcCall.run(Server.java:1016)
	at org.apache.hadoop.ipc.Server$RpcCall.run(Server.java:927)
	at java.base/java.security.AccessController.doPrivileged(Native Method)
	at java.base/javax.security.auth.Subject.doAs(Subject.java:423)
	at org.apache.hadoop.security.UserGroupInformation.doAs(UserGroupInformation.java:1730)
	at org.apache.hadoop.ipc.Server$Handler.run(Server.java:2915)
2020-11-14 15:52:20 INFO  ContextHandler:916 - Started o.e.j.w.WebAppContext@748d2277{scm,/,file:///tmp/jetty-0_0_0_0-9876-hadoop-hdds-server-scm-1_1_0-SNAPSHOT_jar-_-any-6604864983447514353/webapp/,AVAILABLE}{jar:file:/opt/hadoop/share/ozone/lib/hadoop-hdds-server-scm-1.1.0-SNAPSHOT.jar!/webapps/scm}
2020-11-14 15:52:20 INFO  AbstractConnector:331 - Started ServerConnector@5109e8cf{HTTP/1.1, (http/1.1)}{0.0.0.0:9876}
2020-11-14 15:52:20 INFO  Server:415 - Started @16228ms
2020-11-14 15:52:20 INFO  MetricsSinkAdapter:204 - Sink prometheus started
2020-11-14 15:52:20 INFO  MetricsSystemImpl:301 - Registered sink prometheus
2020-11-14 15:52:20 INFO  BaseHttpServer:327 - HTTP server of scm listening at http://0.0.0.0:9876
2020-11-14 15:52:20 INFO  JvmPauseMonitor:188 - Starting JVM pause monitor
2020-11-14 15:52:23 INFO  NetworkTopologyImpl:111 - Added a new node: /default-rack/e0a8c9bf-e5d3-4fe7-ab56-c6911f16d7d1
2020-11-14 15:52:23 INFO  SCMNodeManager:282 - Registered Data node : e0a8c9bf-e5d3-4fe7-ab56-c6911f16d7d1{ip: 10.42.0.9, host: 10-42-0-9.datanode-public.default.svc.cluster.local, networkLocation: /default-rack, certSerialId: null}
2020-11-14 15:52:23 INFO  SCMSafeModeManager:214 - ContainerSafeModeRule rule is successfully validated
2020-11-14 15:52:23 INFO  SCMSafeModeManager:71 - SCM in safe mode. 1 DataNodes registered, 3 required.
2020-11-14 15:52:23 INFO  NetworkTopologyImpl:111 - Added a new node: /default-rack/37641240-dfb8-4df2-92b2-c48677f15bdc
2020-11-14 15:52:23 INFO  SCMNodeManager:282 - Registered Data node : 37641240-dfb8-4df2-92b2-c48677f15bdc{ip: 10.42.0.13, host: 10-42-0-13.datanode-public.default.svc.cluster.local, networkLocation: /default-rack, certSerialId: null}
2020-11-14 15:52:23 INFO  SCMSafeModeManager:214 - ContainerSafeModeRule rule is successfully validated
2020-11-14 15:52:23 INFO  SCMSafeModeManager:71 - SCM in safe mode. 2 DataNodes registered, 3 required.
2020-11-14 15:52:23 INFO  RatisPipelineProvider:161 - Sending CreatePipelineCommand for pipeline:PipelineID=2bf78b9d-bcd0-47b1-8677-7f47431df268 to datanode:e0a8c9bf-e5d3-4fe7-ab56-c6911f16d7d1
2020-11-14 15:52:23 INFO  PipelineStateManager:54 - Created pipeline Pipeline[ Id: 2bf78b9d-bcd0-47b1-8677-7f47431df268, Nodes: e0a8c9bf-e5d3-4fe7-ab56-c6911f16d7d1{ip: 10.42.0.9, host: 10-42-0-9.datanode-public.default.svc.cluster.local, networkLocation: /default-rack, certSerialId: null}, Type:RATIS, Factor:ONE, State:ALLOCATED, leaderId:, CreationTimestamp2020-11-14T15:52:23.168590Z]
2020-11-14 15:52:23 INFO  RatisPipelineProvider:161 - Sending CreatePipelineCommand for pipeline:PipelineID=e8d5a683-9c61-4c5c-bfb7-ecf274ace589 to datanode:37641240-dfb8-4df2-92b2-c48677f15bdc
2020-11-14 15:52:23 INFO  PipelineStateManager:54 - Created pipeline Pipeline[ Id: e8d5a683-9c61-4c5c-bfb7-ecf274ace589, Nodes: 37641240-dfb8-4df2-92b2-c48677f15bdc{ip: 10.42.0.13, host: 10-42-0-13.datanode-public.default.svc.cluster.local, networkLocation: /default-rack, certSerialId: null}, Type:RATIS, Factor:ONE, State:ALLOCATED, leaderId:, CreationTimestamp2020-11-14T15:52:23.259955Z]
2020-11-14 15:52:23 INFO  NetworkTopologyImpl:111 - Added a new node: /default-rack/415d8189-0e87-43ac-bde2-698d6dfdf50e
2020-11-14 15:52:23 INFO  SCMNodeManager:282 - Registered Data node : 415d8189-0e87-43ac-bde2-698d6dfdf50e{ip: 10.42.0.14, host: 10-42-0-14.datanode-public.default.svc.cluster.local, networkLocation: /default-rack, certSerialId: null}
2020-11-14 15:52:23 INFO  SCMSafeModeManager:71 - SCM in safe mode. 3 DataNodes registered, 3 required.
2020-11-14 15:52:23 INFO  SCMSafeModeManager:214 - ContainerSafeModeRule rule is successfully validated
2020-11-14 15:52:23 INFO  RatisPipelineProvider:161 - Sending CreatePipelineCommand for pipeline:PipelineID=69c3dccd-ad80-47ad-9069-d9a8fe843c5b to datanode:415d8189-0e87-43ac-bde2-698d6dfdf50e
2020-11-14 15:52:23 INFO  PipelineStateManager:54 - Created pipeline Pipeline[ Id: 69c3dccd-ad80-47ad-9069-d9a8fe843c5b, Nodes: 415d8189-0e87-43ac-bde2-698d6dfdf50e{ip: 10.42.0.14, host: 10-42-0-14.datanode-public.default.svc.cluster.local, networkLocation: /default-rack, certSerialId: null}, Type:RATIS, Factor:ONE, State:ALLOCATED, leaderId:, CreationTimestamp2020-11-14T15:52:23.349114Z]
2020-11-14 15:52:23 INFO  SCMSafeModeManager:214 - DataNodeSafeModeRule rule is successfully validated
2020-11-14 15:52:23 INFO  SCMSafeModeManager:242 - All SCM safe mode pre check rules have passed
2020-11-14 15:52:23 INFO  RatisPipelineProvider:161 - Sending CreatePipelineCommand for pipeline:PipelineID=3e18df51-c2cf-4da9-abbf-00d7853bc14e to datanode:e0a8c9bf-e5d3-4fe7-ab56-c6911f16d7d1
2020-11-14 15:52:23 INFO  RatisPipelineProvider:161 - Sending CreatePipelineCommand for pipeline:PipelineID=3e18df51-c2cf-4da9-abbf-00d7853bc14e to datanode:415d8189-0e87-43ac-bde2-698d6dfdf50e
2020-11-14 15:52:23 INFO  RatisPipelineProvider:161 - Sending CreatePipelineCommand for pipeline:PipelineID=3e18df51-c2cf-4da9-abbf-00d7853bc14e to datanode:37641240-dfb8-4df2-92b2-c48677f15bdc
2020-11-14 15:52:23 INFO  PipelineStateManager:54 - Created pipeline Pipeline[ Id: 3e18df51-c2cf-4da9-abbf-00d7853bc14e, Nodes: e0a8c9bf-e5d3-4fe7-ab56-c6911f16d7d1{ip: 10.42.0.9, host: 10-42-0-9.datanode-public.default.svc.cluster.local, networkLocation: /default-rack, certSerialId: null}415d8189-0e87-43ac-bde2-698d6dfdf50e{ip: 10.42.0.14, host: 10-42-0-14.datanode-public.default.svc.cluster.local, networkLocation: /default-rack, certSerialId: null}37641240-dfb8-4df2-92b2-c48677f15bdc{ip: 10.42.0.13, host: 10-42-0-13.datanode-public.default.svc.cluster.local, networkLocation: /default-rack, certSerialId: null}, Type:RATIS, Factor:THREE, State:ALLOCATED, leaderId:, CreationTimestamp2020-11-14T15:52:23.357740Z]
2020-11-14 15:52:26 INFO  PipelineStateManager:132 - Pipeline Pipeline[ Id: 69c3dccd-ad80-47ad-9069-d9a8fe843c5b, Nodes: 415d8189-0e87-43ac-bde2-698d6dfdf50e{ip: 10.42.0.14, host: 10-42-0-14.datanode-public.default.svc.cluster.local, networkLocation: /default-rack, certSerialId: null}, Type:RATIS, Factor:ONE, State:ALLOCATED, leaderId:415d8189-0e87-43ac-bde2-698d6dfdf50e, CreationTimestamp2020-11-14T15:52:23.349114Z] moved to OPEN state
2020-11-14 15:52:26 INFO  SCMSafeModeManager:129 - SCM in safe mode. Healthy pipelines reported count is 0, required healthy pipeline reported count is 1
2020-11-14 15:52:26 INFO  SCMSafeModeManager:214 - AtleastOneDatanodeReportedRule rule is successfully validated
2020-11-14 15:52:26 INFO  PipelineStateManager:132 - Pipeline Pipeline[ Id: 2bf78b9d-bcd0-47b1-8677-7f47431df268, Nodes: e0a8c9bf-e5d3-4fe7-ab56-c6911f16d7d1{ip: 10.42.0.9, host: 10-42-0-9.datanode-public.default.svc.cluster.local, networkLocation: /default-rack, certSerialId: null}, Type:RATIS, Factor:ONE, State:ALLOCATED, leaderId:e0a8c9bf-e5d3-4fe7-ab56-c6911f16d7d1, CreationTimestamp2020-11-14T15:52:23.168590Z] moved to OPEN state
2020-11-14 15:52:26 INFO  SCMSafeModeManager:129 - SCM in safe mode. Healthy pipelines reported count is 0, required healthy pipeline reported count is 1
2020-11-14 15:52:26 INFO  SCMSafeModeManager:214 - AtleastOneDatanodeReportedRule rule is successfully validated
2020-11-14 15:52:26 INFO  PipelineStateManager:132 - Pipeline Pipeline[ Id: e8d5a683-9c61-4c5c-bfb7-ecf274ace589, Nodes: 37641240-dfb8-4df2-92b2-c48677f15bdc{ip: 10.42.0.13, host: 10-42-0-13.datanode-public.default.svc.cluster.local, networkLocation: /default-rack, certSerialId: null}, Type:RATIS, Factor:ONE, State:ALLOCATED, leaderId:37641240-dfb8-4df2-92b2-c48677f15bdc, CreationTimestamp2020-11-14T15:52:23.259955Z] moved to OPEN state
2020-11-14 15:52:26 INFO  SCMSafeModeManager:129 - SCM in safe mode. Healthy pipelines reported count is 0, required healthy pipeline reported count is 1
2020-11-14 15:52:26 INFO  SCMSafeModeManager:214 - AtleastOneDatanodeReportedRule rule is successfully validated
2020-11-14 15:52:31 INFO  PipelineStateManager:132 - Pipeline Pipeline[ Id: 3e18df51-c2cf-4da9-abbf-00d7853bc14e, Nodes: e0a8c9bf-e5d3-4fe7-ab56-c6911f16d7d1{ip: 10.42.0.9, host: 10-42-0-9.datanode-public.default.svc.cluster.local, networkLocation: /default-rack, certSerialId: null}415d8189-0e87-43ac-bde2-698d6dfdf50e{ip: 10.42.0.14, host: 10-42-0-14.datanode-public.default.svc.cluster.local, networkLocation: /default-rack, certSerialId: null}37641240-dfb8-4df2-92b2-c48677f15bdc{ip: 10.42.0.13, host: 10-42-0-13.datanode-public.default.svc.cluster.local, networkLocation: /default-rack, certSerialId: null}, Type:RATIS, Factor:THREE, State:ALLOCATED, leaderId:37641240-dfb8-4df2-92b2-c48677f15bdc, CreationTimestamp2020-11-14T15:52:23.357740Z] moved to OPEN state
2020-11-14 15:52:31 INFO  SCMSafeModeManager:129 - SCM in safe mode. Healthy pipelines reported count is 1, required healthy pipeline reported count is 1
2020-11-14 15:52:31 INFO  SCMSafeModeManager:214 - AtleastOneDatanodeReportedRule rule is successfully validated
2020-11-14 15:52:31 INFO  SCMSafeModeManager:214 - HealthyPipelineSafeModeRule rule is successfully validated
2020-11-14 15:52:31 INFO  SCMSafeModeManager:228 - ScmSafeModeManager, all rules are successfully validated
2020-11-14 15:52:31 INFO  SCMSafeModeManager:257 - SCM exiting safe mode.
